2015-02-10T00:00:04 <Aragox> salut
2015-02-10T00:05:07 *** Aragox est parti
2015-02-10T00:33:24 *** ELiDYROS est parti
2015-02-10T01:17:37 *** MaCharon est parti
2015-02-10T08:02:32 *** adriens33 s'est connecté
2015-02-10T08:46:22 *** adriens33 est parti
2015-02-10T08:54:50 *** Gordfang s'est connecté
2015-02-10T08:59:31 *** Gordfang est parti
2015-02-10T09:09:39 *** heuzef s'est connecté
2015-02-10T10:12:06 *** heuzef est parti
2015-02-10T12:55:27 *** heuzef s'est connecté
2015-02-10T13:15:49 *** heuzef est parti
2015-02-10T13:25:56 *** ELiDYROS s'est connecté
2015-02-10T14:17:14 *** adriens33 s'est connecté
2015-02-10T14:23:51 *** heuzef s'est connecté
2015-02-10T14:25:35 <adriens33> hello all
2015-02-10T15:04:29 <ELiDYROS> Hello adriens33
2015-02-10T15:14:50 <strycore> https://www.youtube.com/watch?v=iIIuR-HjFho
2015-02-10T15:20:08 <heuzef> bouh
2015-02-10T15:24:58 *** adriens33 est parti
2015-02-10T15:29:01 <strycore> Under the sign of the black mark est le meilleur album de Bathory
2015-02-10T16:06:47 *** heuzef est parti
2015-02-10T16:08:12 *** Gordfang s'est connecté
2015-02-10T16:08:15 <Gordfang> yo!
2015-02-10T16:26:29 *** MaCharon s'est connecté
2015-02-10T17:06:31 *** TrappyTickles s'est connecté
2015-02-10T17:06:55 <TrappyTickles> mince adrien est pas là.. qqn a son numero de tel?
2015-02-10T17:07:00 *** Gordfang est parti
2015-02-10T17:07:32 *** adriens33 s'est connecté
2015-02-10T17:07:40 <TrappyTickles> lol adrien, les esprits se rencontrent :p
2015-02-10T17:07:50 <TrappyTickles> jviens juste d'arriver, jte cherchais
2015-02-10T17:07:59 *** Gordfang s'est connecté
2015-02-10T17:08:00 <TrappyTickles> juste pour te rappeler de pas oublier le cable ;p
2015-02-10T17:08:22 <TrappyTickles> adriens33:jcompte sur toi :p
2015-02-10T17:09:10 <adriens33> "bonjour"
2015-02-10T17:09:56 <TrappyTickles> Bonjour monsieur, auriez-vous l'obligeance et la gentillesse de ne pas oublier le cable SATA en L histoire de faire l'échange comem convenu s'il vous plait ?
2015-02-10T17:10:16 <adriens33> te fout pas de ma tronche stp je suis pas d'humeur aujourd'hui.
2015-02-10T17:10:25 <TrappyTickles> ah merd, il s'est passé quoi? :(
2015-02-10T17:11:27 <adriens33> rien, juste que mon abo tbc a 200€ par an il sert a rien parce que LE TRAM IL EST TOUT LE TEMPS SOIT TROP PLEIN SOIT IL CIRCULE PAS A CAUSE D'UNE FEUILLE SUR LES RAILS OU PARCE QUE Y'A TROIS GENS QUI GUEULENT DANS LA RUE
2015-02-10T17:11:41 <adriens33> et du coup 15km dans la journée a pied.
2015-02-10T17:11:47 <adriens33> A 200€  l'abo
2015-02-10T17:11:50 <adriens33> ça troue le cul.
2015-02-10T17:12:10 <TrappyTickles> tain je connais bien ça, quand j'étais à paris c'était pareil... super cher et aucune garantie sur rien
2015-02-10T17:12:26 <TrappyTickles> ils pourraient au moins te proposer un dédomagement
2015-02-10T17:12:34 <TrappyTickles> remarque si tu gueules assez, tu peux l'avoir jpense
2015-02-10T17:14:12 <TrappyTickles> tu vas venir a giroll ou pas du coup? que je sache si j'éteins le pc
2015-02-10T17:14:44 <TrappyTickles> d'un coté ça te changerait les idées, mais en même temps après tout ce chemin tu préférerais ptet te reposer
2015-02-10T17:15:07 <adriens33> ah merde on est déjà mardi ??...
2015-02-10T17:15:10 <adriens33> fuck..
2015-02-10T17:15:11 <TrappyTickles> ouaip
2015-02-10T17:15:21 <adriens33> ah non, j'ai pas envie de ressortir là…
2015-02-10T17:15:22 <adriens33> désollé
2015-02-10T17:15:24 <adriens33> -l
2015-02-10T17:15:25 <TrappyTickles> jte comprends
2015-02-10T17:15:35 <TrappyTickles> on verra ça mardi prochain alors ^^
2015-02-10T17:15:40 <adriens33> ça attendra encore, désolé.
2015-02-10T17:15:41 <adriens33> ^^"
2015-02-10T17:15:51 <adriens33> (faudrait inventer un téléporteur sérieux…)
2015-02-10T17:15:54 <TrappyTickles> ça va c'est pas grave.. mon pc est ouvert mais pas à l'agonie :p
2015-02-10T17:15:57 <adriens33> (un qui marche tant qu'à faire)
2015-02-10T17:15:58 <adriens33> :p
2015-02-10T17:16:01 <TrappyTickles> ui :p
2015-02-10T17:16:16 <TrappyTickles> en plus ça y est il a win10... et il bug bien bine tu rigolerais :p
2015-02-10T17:16:22 <TrappyTickles> bien*
2015-02-10T17:16:22 *** Gordfang est parti
2015-02-10T17:17:08 <TrappyTickles> il bug mais mes jeux steam ont pas trop de merdes.. a part saints row qui plante toute l'interface quand on le quitte
2015-02-10T17:17:17 <adriens33> bah un windows qui bug pas c'est pas possible XD
2015-02-10T17:17:36 <adriens33> ah bah les joies des bêtas.. :D
2015-02-10T17:17:38 <TrappyTickles> même windows 3.1 il a eu ses bugs, je m'en souviens :p
2015-02-10T17:18:08 <TrappyTickles> j'ai meêm pas droit à cortana en français, jpeux même pas la faire chanter comme sur les démos :p
2015-02-10T17:18:09 <adriens33> ouai et ils ont tellement aimé l'ui antédiluvienne de win3.1 qu'ils l'ont collé a partir de win8 les fainéants
2015-02-10T17:18:28 <adriens33> ça sert à que'qu'chose ? =P
2015-02-10T17:18:42 <TrappyTickles> ben comme siri... ça sert 5min et puis tu l'oublies :p
2015-02-10T17:19:28 <TrappyTickles> sur ce jvais me préparer pour giroll. ++ ^^
2015-02-10T17:19:39 *** TrappyTickles est parti
2015-02-10T19:18:43 <Lenile> J'ai trouvé un site vachement cool
2015-02-10T19:19:01 <Lenile> C'est du Jeux De Role (Comme Ecomonde par exemple ) Sauf que c'est sur forum
2015-02-10T19:19:05 <Lenile> S'pas genre le forum RP
2015-02-10T19:19:17 <Lenile> Nan la t'a un MJ comme dans les JDR réel
2015-02-10T19:20:10 <MaCharon> Oo
2015-02-10T19:20:21 <Lenile> N'est-ce pas
2015-02-10T19:20:35 <Lenile> Le site existe quand même depuis 1999
2015-02-10T19:20:42 <Lenile> Et il est toujour d'actualitée
2015-02-10T19:20:44 <MaCharon> ah ouai quand même
2015-02-10T19:21:12 <Lenile> Et il est toujour d'actualitéeT'a même une raçe "Les hommes-chat" ;)
2015-02-10T19:23:52 <Lenile> L'inscription est hyper ien fouttue
2015-02-10T19:23:57 <Lenile> Pareil pour le jeux
2015-02-10T19:24:01 <Lenile> Haurissant
2015-02-10T19:24:14 <MaCharon> faudra je vois alor
2015-02-10T19:24:21 *** Aragox s'est connecté
2015-02-10T19:24:24 <Lenile> Odyssée ça s'apelle
2015-02-10T19:25:10 <Aragox> salut
2015-02-10T19:25:21 <Lenile> Yop
2015-02-10T19:25:27 <MaCharon> salut
2015-02-10T19:25:47 <Aragox> comment allez vous ?
2015-02-10T19:25:58 <Lenile> Bien.
2015-02-10T19:26:07 <MaCharon> tranquille
2015-02-10T19:26:07 <Lenile> Agreable découverte se soir c'est cool ^
2015-02-10T19:26:30 <Aragox> ha ?
2015-02-10T19:29:59 <Aragox> moi je voulai ssavoir qui va venir samedi, a quel heure sa risque de se terminer et si quelqu'un peut me ramener car je finit a 22h30 et j'arriverais donc au calice a 23h40 environ et sa ser a rien qu eje viene juste pour 1 ou 2 quoi ^^
2015-02-10T19:30:44 <MaCharon> je pense venir a priori
2015-02-10T19:34:18 <Aragox> et tu peut ramener une pauvre ame qui fini tard son taf et qui le reprend tot le lendemain ?
2015-02-10T19:34:24 * Aragox fait des yeux kawaii
2015-02-10T19:34:32 <Lenile> Pas moi.
2015-02-10T19:34:38 <Lenile> ça m'enerve de payer l'entrée au calice
2015-02-10T19:35:18 <MaCharon> j'ai personne qui correspond
2015-02-10T19:35:54 <Aragox> mince, ça veut dire donc qu eje vais pas pouvoir venir
2015-02-10T19:47:33 *** Aragox est parti
2015-02-10T19:53:00 <ELiDYROS> Payer l'entrée ?
2015-02-10T19:59:54 <Lenile> Ouais
2015-02-10T20:00:03 <adriens33> ELiDYROS, oui quand tu vas au Calice du Dragon faut payer 3€ min de conso, tu peux pas y aller random et repartir comme ça me semble-t-il
2015-02-10T20:00:05 <Lenile> Normalement au calice tu paye 3 euro 50 d'entrée
2015-02-10T20:00:20 <Lenile> Bah c'est une logique anti pauvre.
2015-02-10T20:00:26 <Lenile> Donc ça m'enerve parce que je suis pauvre
2015-02-10T20:00:42 <adriens33> Lenile, c'est surtout pour éviter qu'il y ait trop de gens qui squattent, c'est petit.
2015-02-10T20:00:54 <Lenile> Ouais mais du coup quand j'y vais je paye pas
2015-02-10T20:00:57 <Lenile> Donc osef
2015-02-10T20:00:59 <Lenile> Et stfu
2015-02-10T20:01:11 <adriens33> (manque de respect XD)
2015-02-10T20:01:20 <Lenile> Dailleur adriens33 j'avais une question à te posé
2015-02-10T20:01:30 <Lenile> Il devient quoi Letar ? Lui qui était co h24 ici
2015-02-10T20:01:53 <ELiDYROS> Si c'est le QG Officiel de BC, pourquoi le collectif ne paierait pas un cotisation pour avoir l'accès libre ?
2015-02-10T20:02:22 <Lenile> +1 ELiDYROS
2015-02-10T20:02:37 <Lenile> Mais bon t'sais, l'argent le pouvoirs toussa toussa
2015-02-10T20:02:43 <Lenile> S'pour ça en partit que je paye pas
2015-02-10T20:02:49 <Lenile> C'est notre QG mais on doit payé
2015-02-10T20:03:06 <Lenile> J'était obligé de caché mon sandwish car j'était trop pauvre pour payé le repas
2015-02-10T20:07:01 <adriens33> Oui, c'est pas faux ELiDYROS… Parce que pour le coup ça te force à consommer
2015-02-10T20:07:05 <adriens33> faut en parler à heuzef.
2015-02-10T20:07:12 <adriens33> Qui ouvre un ticket ? =D
2015-02-10T20:07:21 <Lenile> Merci de comprendre ma logique de PAUVRE
2015-02-10T20:07:46 <ELiDYROS> Je suis jamais aller au Calice, et je suis pas nécessairement brony donc le ticket ce sera pas moi lol
2015-02-10T20:08:03 <adriens33> Bah c'est meme pas une histoire de pauvreté Lenile, c'est une histoire de te forcer à payer qqch qui pour le coup peut s'apparenter à un droit d'acces aux réunions du collectif.
2015-02-10T20:08:32 <adriens33> donc voilà =D
2015-02-10T20:09:19 <Lenile> Ouais parce que pour le coup
2015-02-10T20:09:27 <Lenile> On dirais qu'il à juste fait le partenaria pour le beef
2015-02-10T20:09:45 <ELiDYROS> Perso ça m'emmerderait de venir faire un coucou 10 min et de devoir payer
2015-02-10T20:09:49 <ELiDYROS> 'fin bon je dis ça je dis rien
2015-02-10T20:09:56 <Lenile> Partenaria = plus de monde
2015-02-10T20:10:04 <Lenile> = plus de rentabilitée
2015-02-10T20:10:19 <adriens33> Bah c'est surtout que c'est pas une asso, donc il a pas le droit… XD
2015-02-10T20:10:41 <Lenile> Hein ?
2015-02-10T20:11:51 <adriens33> bah bronycub que je sache c'est qu'un collectif
2015-02-10T20:11:54 <adriens33> c'est pas "officiel"
2015-02-10T20:12:38 <Lenile> Il fait payer tout le monde
2015-02-10T20:12:41 <Lenile> Pas que BronyCUB
2015-02-10T20:12:49 *** flutterbrony s'est connecté
2015-02-10T20:13:00 <Lenile> Yop flutterbrony
2015-02-10T20:13:08 <flutterbrony> Plop
2015-02-10T20:13:14 <adriens33> oui mais pour bc si c'est le qg, faut payer pour participer aux réunions du coup
2015-02-10T20:13:20 <adriens33> donc ça s'apparente à un droit d'entrée
2015-02-10T20:13:32 <adriens33> ou de participation aux réus de bt
2015-02-10T20:13:33 <adriens33> *bc
2015-02-10T20:13:36 <adriens33> plop flutterbrony
2015-02-10T20:13:39 <Lenile> Ouais
2015-02-10T20:14:11 <adriens33> enfin faut faire un ticket et voir ça avec heuzef
2015-02-10T20:15:07 <Lenile> Ouais
2015-02-10T20:24:22 *** flutterbrony est parti
2015-02-10T20:29:17 <ELiDYROS> Des réunions Bitorrent ? :P
2015-02-10T20:30:05 <adriens33> lol ELiDYROS
2015-02-10T20:32:24 <ELiDYROS> C'est quand même chouette de pouvoir jouer avec mon vrai chat dans monster hunter
2015-02-10T21:34:30 <adriens33> sinon quoi de neuf les gens ? =D
2015-02-10T21:34:48 <adriens33> (tentative désespérée de lancer la discussion, m'voyez)
2015-02-10T21:44:03 *** Eclipse s'est connecté
2015-02-10T21:44:20 <Eclipse> Bonjoir les gens!
2015-02-10T21:44:58 <adriens33> hello !
2015-02-10T21:45:14 <adriens33> ELiDYROS / Lenile / MaCharon
2015-02-10T21:45:15 <adriens33> ?
2015-02-10T21:45:27 <MaCharon> bonsoir
2015-02-10T21:45:36 <adriens33> ah ça marche =D
2015-02-10T21:46:05 <MaCharon> bah je regardait pas le chat
2015-02-10T21:46:18 <adriens33> je me doute, c'est pour ça que j'ai hl tout le monde ;)
2015-02-10T21:46:28 <Eclipse> ^^
2015-02-10T21:46:40 <MaCharon> oui ça fait du bruit :3
2015-02-10T21:46:59 <Eclipse> Ah?
2015-02-10T21:47:01 <adriens33> ta femme me le dit souvent.
2015-02-10T21:47:02 <adriens33> c'est le but :D (ta femme
2015-02-10T21:47:08 <adriens33> (oups(
2015-02-10T21:47:12 <adriens33> oui regarde
2015-02-10T21:47:13 <adriens33> Eclipse,
2015-02-10T21:47:15 <MaCharon> fail
2015-02-10T21:47:27 <adriens33> MaCharon: tais toi toi :P
2015-02-10T21:47:38 <MaCharon> :X
2015-02-10T21:47:43 <Eclipse> Ton nom apparait juste en vert à la place de jaune
2015-02-10T21:47:44 <MaCharon> :x
2015-02-10T21:48:01 <adriens33> Ah bah selon comment ton client est configuré parfois ça te fais un son aussi
2015-02-10T21:48:12 <Eclipse> Mon son est off ^^
2015-02-10T21:48:22 <MaCharon> ça te poke
2015-02-10T21:48:23 <adriens33> (kiwiirc, celui qui est en lien sur la page de broycub émet un ding normalement)
2015-02-10T21:48:30 <adriens33> MaCharon: oui c'est ça XD
2015-02-10T21:48:46 <Eclipse> Pas beoin que mes parents sachent que je suis sur mon tel le soir ^^
2015-02-10T21:48:55 <adriens33> ah ouai ok
2015-02-10T21:49:17 <Eclipse> Aok, j'utilise un client Android
2015-02-10T21:49:51 <adriens33> oui, j'avais compris ^^
2015-02-10T21:49:56 <Eclipse2212> Je préfère ^^
2015-02-10T21:49:56 <adriens33> androirc non ? (au pif)
2015-02-10T21:50:12 <adriens33> (Berry te reconnait quand même de toute façon XD)
2015-02-10T21:50:14 <Eclipse2212> Nope, AndChat
2015-02-10T21:50:20 <adriens33> ah, je connais pas.
2015-02-10T21:50:32 <adriens33> sinon donc, quoi de new ?
2015-02-10T21:50:41 <Eclipse2212> J'ai pas aimé AndroIRC
2015-02-10T21:50:51 <Eclipse2212> Bah 3 fois rien...
2015-02-10T21:51:15 <adriens33> moi pareil, j'ai rien foutu depuis aout (fin de mon contrat pro)
2015-02-10T21:51:26 <adriens33> j'ai loupé mon dut a cause de la soutenance
2015-02-10T21:51:36 <adriens33> et j'ai plus beaucoup de sous.
2015-02-10T21:51:44 <adriens33> donc bon… XD
2015-02-10T21:51:57 <Eclipse2212> Ah...
2015-02-10T21:51:59 <adriens33> (y'a pire, mais y'a mieux)
2015-02-10T21:52:07 <Eclipse2212> C'est con...
2015-02-10T21:52:33 <adriens33> Mais je suis pas tout seul, j'ai des gens avec qui discuter (et une personne en particulier, mais bref), sans ça j'aurais pété un cable
2015-02-10T21:52:50 <adriens33> 6 mois et demi sans rien faire ni parler à personne tu deviens fou.
2015-02-10T21:53:14 <ELiDYROS> Moi je l'ai pété mon cable pour ça
2015-02-10T21:53:30 <Eclipse2212> Ah...
2015-02-10T21:53:50 <adriens33> arf...
2015-02-10T21:54:20 <adriens33> Tiens ELiDYROS ton toit, il devient quoi ' 
2015-02-10T21:54:20 <adriens33> ?
2015-02-10T21:55:01 <Eclipse2212> Je suis quasiment jamais seul, mais je fait des dépressions à répétitions
2015-02-10T21:55:02 <ELiDYROS> Rien de spécial à vrai dire
2015-02-10T21:55:09 <Eclipse2212> Ton toit?
2015-02-10T21:55:11 <ELiDYROS> Mon assurance a le nouveau devis mais bon
2015-02-10T21:55:47 <adriens33> Ah bah les assurances si tu leur bouge pas le train ils vont trainer hein. C'est comme les administration XD
2015-02-10T21:55:51 <adriens33> *administrations
2015-02-10T21:56:11 <ELiDYROS> Ah non mais l'assurance ils donnent les sous direct
2015-02-10T21:56:16 <ELiDYROS> C'est pas eux qui bloquent
2015-02-10T21:56:42 <adriens33> Ah?
2015-02-10T21:56:45 * adriens33 se sent con
2015-02-10T21:56:54 <ELiDYROS> Non t'inquiète
2015-02-10T21:57:05 <ELiDYROS> C'est un des proprios qui ne veut pas se sortir les doigts
2015-02-10T21:57:08 <adriens33> Eclipse2212, je fais de la phobie sociale. J'ai littérallement peur de la réaction des gens sur tout ce que je fais quand je suis pas tout seul. Et c'est pas peu chiant.. http://fr.wikipedia.org/wiki/Phobie_sociale
2015-02-10T21:57:11 <adriens33> ELiDYROS, ah.
2015-02-10T21:57:24 <adriens33> Eclipse2212, et faut que j'aille voir un psy... mais j'y arrive pas.
2015-02-10T21:57:57 <ELiDYROS> J'ai vu un psy durant 2 ans moi
2015-02-10T21:58:02 <adriens33> Ah?
2015-02-10T21:58:04 <ELiDYROS> Faut faire gaffe
2015-02-10T21:58:08 <adriens33> Et ça t'a un peu aidé ou pas ?
2015-02-10T21:58:11 <adriens33> comment ça ?
2015-02-10T21:58:13 <ELiDYROS> Oui bah disons que pendant 10 ans j'ai pas eu d'amis
2015-02-10T21:58:26 <ELiDYROS> Il m'a aidé oui et non, un peu trop de médocs à mon gout
2015-02-10T21:58:35 <adriens33> Ouai, classique.
2015-02-10T21:58:38 <ELiDYROS> Mais ça a aidé oui, mais ce qui m'a le plus aidé c'est de passer 1 mois aux US
2015-02-10T21:58:43 <ELiDYROS> Ça m'a ouvert les yeux
2015-02-10T21:59:19 <adriens33> Ah bah ça tout le monde ne peut pas forcément en faire autant…
2015-02-10T21:59:32 <Eclipse2212> C'est sur...
2015-02-10T21:59:33 <adriens33> (sinon je crois qu'il resterait plus grand monde en france XD)
2015-02-10T21:59:36 <ELiDYROS> Ce que je veux dire c'est qu'il faut parfois juste un évenement déclencheur
2015-02-10T21:59:54 <adriens33> Je vois
2015-02-10T21:59:54 <ELiDYROS> Ça peut être plein de choses j'imagine
2015-02-10T22:00:15 <ELiDYROS> Moi c'est de me rendre compte qu'ailleurs les gens n'avaient pas d'à priori sur moi, et ne jugeaient pas ce que j'étais
2015-02-10T22:00:27 <adriens33> oui, ça aide.
2015-02-10T22:00:50 <adriens33> bah disons que présentement y'a du mieux, du pire aussi parce que j'arrive à m'ouvrir un peu, mais forcément remuer la merde ça peu.
2015-02-10T22:00:51 <adriens33> *pue
2015-02-10T22:00:51 <Eclipse2212> C'est sur que c'est utile
2015-02-10T22:01:19 <adriens33> gargl j'ai froid. 2sec
2015-02-10T22:01:41 * adriens33 allume le chauffage
2015-02-10T22:01:47 <adriens33> ahh c'est mieux. =D
2015-02-10T22:02:03 <Eclipse2212> ,^^
2015-02-10T22:02:15 <adriens33> Sinon en parlant de journée de merde
2015-02-10T22:02:28 <Eclipse2212> Nan, moi j'ai chauffage par le sol
2015-02-10T22:02:31 <adriens33> je crois que mon abo tbc a 200€/l'an je vais le drop
2015-02-10T22:02:40 <Eclipse2212> Drop?
2015-02-10T22:02:45 <adriens33> J'ai fait 15km à pied aujourd'hui à cause de ces connards de TBC
2015-02-10T22:02:51 <adriens33> oui je le renouvellerai pas quoi.
2015-02-10T22:02:58 <Eclipse2212> Aok
2015-02-10T22:03:00 <ELiDYROS> Ce sont pas les taxi qui ont bloqué les voix ?
2015-02-10T22:03:02 <ELiDYROS> voies ?
2015-02-10T22:03:04 <ELiDYROS> *
2015-02-10T22:03:21 <adriens33> Soit le tram était bondé, soit il circulait pas parce que "ololol y'a 3 piétons qui gueulent, on stoppe tous les trams pour manif"
2015-02-10T22:03:35 <adriens33> (y'avait personne qui manifestait autour du tram b, passons)
2015-02-10T22:03:51 <ELiDYROS> Moi je ne paies plus depuis 5 ans environ
2015-02-10T22:03:57 <adriens33> congés à l'œil oui.
2015-02-10T22:04:02 <Eclipse2212> Si un taxi te bloque la voix, il faut soit aller voir un doc, soit un mécano
2015-02-10T22:04:13 <adriens33> Eclipse2212: XD
2015-02-10T22:04:15 <adriens33> tékon
2015-02-10T22:04:27 <ELiDYROS> Déjà parce que quand je sors à partir de 20h ça m'emmerde d'attendre 30 min pour avoir un tram
2015-02-10T22:04:29 <Eclipse2212> La tram B, le maudit tram au bord de mon lycée
2015-02-10T22:04:41 <ELiDYROS> Et ça m'emmerde qu'on me ferme les portes devant les yeux
2015-02-10T22:04:47 <Eclipse2212> Mééh! C'est mon expression !
2015-02-10T22:04:57 <adriens33> Et donc soit les trams étaient pleins comme des boites de sardines (sans l'huile… quoique avec la sueur des gens), soit y'en avait pas. Soit il passait et était vide, mais j'étais presque chez moi. ><
2015-02-10T22:05:09 <ELiDYROS> une fois le mec a laissé rentrer une seule personne, elle a eu 2 secondes et demi pour passer
2015-02-10T22:05:19 <adriens33> ELiDYROS, les portes sont automatisées.
2015-02-10T22:05:30 <Eclipse2212> Bud?
2015-02-10T22:05:31 <adriens33> c'est chiant et dangereux, je suis d'accord
2015-02-10T22:05:37 <adriens33> mais c'est "normal"
2015-02-10T22:05:39 <Eclipse2212> *bus
2015-02-10T22:06:10 <ELiDYROS> Le pire reste quand tu as environ 3mm de neige ou une feuille sur les rails, l'ensemble du réseau aquitain sera bloqué
2015-02-10T22:06:13 <adriens33> Eclipse2212, pas pour aller de victoire a béthanie.. le seul bus qui remplace c'est le 20
2015-02-10T22:06:18 <adriens33> et quand le tram est bondé le 20 aussi.
2015-02-10T22:06:29 <adriens33> donc il sert à rien en gros.
2015-02-10T22:06:42 <Eclipse2212> Hmmm, en septembre, je suis resté coincé dans la porte de mon bus car le chauffeur a fermé car il ne m'avait pas "remarqué"
2015-02-10T22:06:52 <adriens33> ELiDYROS, oui mais là pour le coup ils y peuvent rien, c'est l'infra qui est mal faite XD
2015-02-10T22:07:01 <adriens33> Eclipse2212, les bus c'est pas pareil.
2015-02-10T22:07:12 <adriens33> Là c'est le chauffeur qui pilote la porte
2015-02-10T22:07:18 <ELiDYROS> Et note aussi quand un mec vomit dans le tram à 5h et que ça reste à macérer toute la journée dans la chaleur
2015-02-10T22:07:25 <ELiDYROS> Ou quand un clochard pisse sur un siège
2015-02-10T22:07:30 * adriens33 a envie de vomir *
2015-02-10T22:07:30 <Eclipse2212> Awwwww....
2015-02-10T22:07:49 * Eclipse2212 va vomir
2015-02-10T22:07:53 <adriens33> Berry! Passe la gnôle!
2015-02-10T22:07:58 <ELiDYROS> Ou encore quand il fait 40°C dans le tram en été car le chauffeur ne met pas la clim
2015-02-10T22:08:03 <Eclipse2212> XD
2015-02-10T22:08:10 <ELiDYROS> Pas une once d'air et les gens font des malaises
2015-02-10T22:08:17 <ELiDYROS> Et donc le tram s'arrête
2015-02-10T22:08:19 <adriens33> ELiDYROS: et pourtant dans le tram y'a la clim d'installée.
2015-02-10T22:08:22 <Eclipse2212> Ça, par contre, c'est chiant
2015-02-10T22:09:38 <Eclipse2212> Oui^^ encore un saut du wifi instable^^
2015-02-10T22:09:49 <ELiDYROS> Le chauffeur doit se dire que parce que dans sa cabine il fait frais c'est pareil dans les rames
2015-02-10T22:09:50 <Eclipse2212> C'est la fête!
2015-02-10T22:10:11 <Eclipse2212> C'est con..
2015-02-10T22:10:19 <adriens33> Eclipse2212, le wifi c'est chiant, on arrête pas de se prendre les pieds dans les ondes radio, c'est casse figure.
2015-02-10T22:10:27 <adriens33> euh, wait…
2015-02-10T22:10:35 <adriens33> ELiDYROS, possible
2015-02-10T22:10:39 <Eclipse2212> XD
2015-02-10T22:11:04 <Eclipse2212> Mon wifi,c'est du freewifi public d'un voisin
2015-02-10T22:11:09 <adriens33> Arrrgh
2015-02-10T22:11:12 <Eclipse2212> Son DNS déconne
2015-02-10T22:11:15 <adriens33> Vade Retro, Satanas
2015-02-10T22:11:23 <adriens33> non les dns tu peux les changer par contre.
2015-02-10T22:11:37 *** ELiDYROS est parti
2015-02-10T22:11:42 <adriens33> (je sais plus ou c'est dans cette m**de de windozs mais ça se change)
2015-02-10T22:12:05 <Eclipse2212> Ha bah, certains jours le dns me dit "fuck you"
2015-02-10T22:12:07 <adriens33> (tu peux mettre ceux d'opendns par exemple, ils sont bien. 208.67.220.220 et 208.67.222.222@
2015-02-10T22:12:08 <adriens33> *)
2015-02-10T22:12:42 <Eclipse2212> Et sur Android ?
2015-02-10T22:12:47 <adriens33> (sinon y'a toujours ceux de Google en 8.8.4.4 et 8.8.8.8, mais faut aimer être espionné…)
2015-02-10T22:12:49 <adriens33> Ah.
2015-02-10T22:13:03 <adriens33> je pense que c'est faisable aussi mais je me suis pas penché sur la question
2015-02-10T22:13:08 *** ELiDYROS s'est connecté
2015-02-10T22:13:08 * adriens33 se penche sur question
2015-02-10T22:13:11 * ELiDYROS crashed.
2015-02-10T22:13:17 <__question__> hé
2015-02-10T22:13:27 <Eclipse2212> Je pense que de base, je suis sur le dns de Google
2015-02-10T22:13:48 <adriens33> bah si tu t'es co sur un freewifi, le dhcp t'a filé les dns de free, donc non.
2015-02-10T22:14:44 <adriens33> merde c'est con, tu peux pas changer les dns sans mettre d'ip statique.
2015-02-10T22:14:45 <Eclipse2212> Ah...
2015-02-10T22:14:54 <adriens33> (et sur du freewifi ca marchera plus du coup)
2015-02-10T22:15:01 <adriens33> android c'est mal fait.
2015-02-10T22:15:03 <adriens33> lol
2015-02-10T22:15:35 <Eclipse2212> ^^
2015-02-10T22:16:08 <Eclipse2212> Il mérite son surnom d'Androbide
2015-02-10T22:16:11 <adriens33> XD
2015-02-10T22:16:18 <adriens33> et iOs
2015-02-10T22:16:23 <adriens33> c'est I, os
2015-02-10T22:16:31 <ELiDYROS> C'est parce que les constructeurs bidouillent complètement android et c'est loin de ce que c'est de base
2015-02-10T22:16:40 <adriens33> en fait c'est le système qui a tellement d'égo qu'il parle de lui h24.
2015-02-10T22:16:56 <adriens33> ELiDYROS, non là j'étais dans les paramètres wifi
2015-02-10T22:17:08 <adriens33> et c'est pas du samsung que j'ai hein…
2015-02-10T22:17:21 <ELiDYROS> J'avais pas le fil désolé
2015-02-10T22:17:30 <adriens33> no problemo :D
2015-02-10T22:17:50 <Eclipse2212> Il y a pas de fil, je suis en wifi
2015-02-10T22:17:58 <adriens33> *badum tss*
2015-02-10T22:18:07 * Eclipse2212 va chercher une corde et un tabouret
2015-02-10T22:18:07 <adriens33> (il parlait du fil de la discussion)
2015-02-10T22:18:20 <Eclipse2212> J'avais compris
2015-02-10T22:18:33 * adriens33 va chercher une scie pour saboter la corde
2015-02-10T22:18:46 <adriens33> >:]
2015-02-10T22:20:38 *** Lenile67 s'est connecté
2015-02-10T22:20:51 <Lenile67> J'ai une faveur à vous demanders
2015-02-10T22:21:09 <Eclipse2212> ?
2015-02-10T22:21:10 <adriens33> oui?..
2015-02-10T22:21:13 <adriens33> (j'ai peur.. XD)
2015-02-10T22:22:13 <Lenile67> Je vais aller voir ma futur femme le 17 et je vais y aller par covoiturage, le seul soucis c'est qu'il faut payer par carte bleu. Si quelqun peut payer pour moi et je le rembourse juste apres sur la suite genre si vous etes dispo demain ou apres demain mais avant le 17
2015-02-10T22:22:30 <Lenile67> Juste que... Bah j'ai que du liquide je peut pas payer par carte quoi... Etl a voir ça me tient vraimment à coeur
2015-02-10T22:22:39 <ELiDYROS> J'ai depensé 150 balles aujourd'hui donc non pas possible
2015-02-10T22:22:40 <Lenile67> Genre bocou bocou bocou
2015-02-10T22:23:03 <adriens33> désolé.. mais là en ce moment c'est plus trop possible pour moi..
2015-02-10T22:23:47 <Eclipse2212> Je n'ai pas de carte bancaire... Je suis mineur
2015-02-10T22:24:06 <Lenile67> MaCharon ? ;_;
2015-02-10T22:26:22 <ELiDYROS> Ça va être du de payer le marriage en billets...
2015-02-10T22:26:43 <Lenile67> hein ? e.e
2015-02-10T22:27:29 <Eclipse2212> Wut??
2015-02-10T22:29:16 <ELiDYROS> Quoi ?
2015-02-10T22:33:09 *** Lenile67 est parti
2015-02-10T22:33:38 <ELiDYROS> Je pensais pas que ma blague aurait cet effet
2015-02-10T22:35:09 <Eclipse2212> ....
2015-02-10T22:35:18 <ELiDYROS> ..?
2015-02-10T22:35:27 <Eclipse2212> ...
2015-02-10T22:35:55 <Eclipse2212> J'ai rien compris à la blague ^^
2015-02-10T22:36:09 <adriens33> bah lenile a parlé de sa "future femme"
2015-02-10T22:36:23 <adriens33> et qu'il a que du liquide
2015-02-10T22:36:26 <Eclipse2212> Ah...
2015-02-10T22:36:55 <ELiDYROS> Désolé je suis pas forcément drôle à chaque coup.
2015-02-10T22:37:00 <adriens33> tkt ELiDYROS
2015-02-10T22:37:03 <ELiDYROS> ^
2015-02-10T22:37:07 <Eclipse2212> "Future femme" et "Liquide"....
2015-02-10T22:37:08 <ELiDYROS> ^
2015-02-10T22:37:10 <adriens33> c'est pas ta faute si les gens prennent la mouche
2015-02-10T22:37:13 * Eclipse2212 sors
2015-02-10T22:37:19 <ELiDYROS> Ah il s'est vraiment énervé ?
2015-02-10T22:37:26 <adriens33> Eclipse2212, j'y ai pensé en l'écrivant…
2015-02-10T22:37:31 <adriens33> ELiDYROS, je sais pas
2015-02-10T22:37:33 <Eclipse2212> ^^
2015-02-10T22:37:54 <adriens33> je te dis juste que quand tu fais une blaque ça arrive que les gens prennent la mouche, c'est pas forcément à cause de toi)
2015-02-10T22:38:13 <adriens33> (et j'en sais quelque chose, selon mon humeur je suis facilement vexable)
2015-02-10T22:38:13 <ELiDYROS> T'inquiète pas, je fais pas gaffe sur internet, je m'énerve jamais moi
2015-02-10T22:38:19 <adriens33> ok :D
2015-02-10T22:41:39 <Eclipse2212> Ok
2015-02-10T22:42:00 <ELiDYROS> Et puis je sais à quel point les gens sont tendus sur le net xD
2015-02-10T22:42:11 <Eclipse2212> Il fait froid dehors ^^
2015-02-10T22:44:44 <adriens33> Eclipse2212, bah reste dedans. :D
2015-02-10T22:44:59 * Eclipse2212 rentre
2015-02-10T22:45:13 <adriens33> tu rentres, tu sors… mais t'arrête pas dis moi. XD
2015-02-10T22:45:28 <adriens33> (non, ce n'est  pas ce que tu penses. Quoique… Eh merde je sais plus. XD)
2015-02-10T22:45:33 <adriens33> non
2015-02-10T22:45:34 <adriens33> :D
2015-02-10T22:45:41 * ELiDYROS sort dedans.
2015-02-10T22:45:52 <adriens33> ELiDYROS, nannnnn >_<
2015-02-10T22:46:08 <adriens33> Berry arrête de boire
2015-02-10T22:46:56 <Eclipse2212> XD
2015-02-10T22:46:58 <adriens33> Berry, non..
2015-02-10T22:47:35 <ELiDYROS> C'est une sorte de division par zéro Berry-Punch
2015-02-10T22:48:02 <adriens33> Tu peux dire quelque chose qui ne soit pas une évidence Berry ? =D
2015-02-10T22:48:40 <Eclipse2212> Berry qui ne boit pas?
2015-02-10T22:48:52 <Eclipse2212> XDD
2015-02-10T22:48:53 <adriens33> Eclipse2212, non ca c'est un paradoxe.
2015-02-10T22:49:11 <Eclipse2212> ^^
2015-02-10T22:49:48 <adriens33> Berry, tu me file ta bouteille?
2015-02-10T22:50:01 <Eclipse2212> A boire!
2015-02-10T22:50:59 <Eclipse2212> ^^
2015-02-10T22:52:25 *** adriens332 s'est connecté
2015-02-10T22:52:29 *** adriens33 est parti
2015-02-10T22:52:41 <Eclipse2212> XD
2015-02-10T22:52:44 <adriens33> merci la décooooooooo
2015-02-10T22:52:47 <adriens33> 'foirée de box
2015-02-10T22:52:55 <Eclipse2212> Berry qui dort^^
2015-02-10T22:53:06 <adriens33> Bah quand elle boit pas c'est tout ce qu'elle fait]]
2015-02-10T22:53:08 <adriens33> *^^
2015-02-10T22:53:11 <adriens33> elle cuve.
2015-02-10T22:53:11 <ELiDYROS> Au fait adriens33 tu n'as pas de soucis de débit en wifi avec notre routeur ?
2015-02-10T22:53:17 <adriens33> nope
2015-02-10T22:53:23 <adriens33> je suis a 130Mb/s la
2015-02-10T22:53:24 <ELiDYROS> Apparemment j'ai fait remarqué à OVH que ce routeur a un soucis de série
2015-02-10T22:53:32 <adriens33> (en wifi, hein, pas en vdsl)
2015-02-10T22:53:35 <adriens33> (j'aimerai bien)
2015-02-10T22:53:46 <adriens33> ba moi j'ai pas de pb
2015-02-10T22:53:49 <ELiDYROS> Ok, tant mieux alors
2015-02-10T22:53:51 <adriens33> ouai
2015-02-10T22:53:58 <ELiDYROS> Je pense que je vais passer sur un netgear ou du genre
2015-02-10T22:54:06 <adriens33> en wifi j'ai un link plus rapide qu'en ethernet
2015-02-10T22:54:12 <adriens33> je suis passé de 100Mb/s en local a 130
2015-02-10T22:54:35 <adriens33> (bon avec une co a 20Mb/s ça sert pas à grand chose, à part en réseau local pour les transferts entre machines)
2015-02-10T22:54:45 <adriens33> ELiDYROS, why not.
2015-02-10T22:55:25 <Lenile> adriens33 il y à pas un collectif brony à Nantes
2015-02-10T22:55:37 <Lenile> ,
2015-02-10T22:55:39 <Lenile> ?
2015-02-10T22:55:39 <adriens33> Je ne sais pas du tout
2015-02-10T22:56:00 <adriens33> il faudrait demander à Flo, il se peut qu'il soit plus au courant que moi à ce sujet =D
2015-02-10T22:56:02 <Eclipse2212> Bon, je go dodo
2015-02-10T22:56:04 <adriens33> (ou à Gordfang)
2015-02-10T22:56:08 <adriens33> bonne nuit Eclipse2212
2015-02-10T22:56:17 <Eclipse2212> Thx
2015-02-10T22:56:59 <Eclipse2212> (Même si je pense que je vais pas réeussir à dormir avec toute la merde que j'ai remuée)
2015-02-10T22:57:09 <Eclipse2212> XD
2015-02-10T22:58:15 <Eclipse_au_dodo> Je pense que je vais rester co jusqu'a ce que la box décide de me kick
2015-02-10T22:58:35 <adriens33> comment ça ?
2015-02-10T23:03:39 <Eclipse_au_dodo> Bah au bout de 30mn sans utiliser de bande passante, le freewifi me kick et me redemande de me login
2015-02-10T23:07:29 <adriens33> c'est nul ça
2015-02-10T23:07:33 <adriens33>  c'est caca
2015-02-10T23:07:42 <adriens33> les lease dhcp c'est pas fait pour les chiens
2015-02-10T23:08:35 <adriens33> (en gros t'a une ip pour une durée fixe et le prog dhcp la renouvelle tant qu'il en a besoin, en gardant la meme tant qu'il peut renouveler la lease pour son ip
2015-02-10T23:08:43 <adriens33> c'est comme un bail en fait)
2015-02-10T23:09:38 <Eclipse_au_dodo> Ok
2015-02-10T23:10:14 <adriens33> c'est plus propre que de pister ce que tu envoies et recois et te coupe la co quand t'a pas parlé depuis x temps
2015-02-10T23:10:27 <adriens33> parce que là le pc il est pas préviendu
2015-02-10T23:31:21 *** adriens33 est parti
