2015-02-18T00:22:06 *** ELiDYROS_ s'est connecté
2015-02-18T00:23:59 *** ELiDYROS est parti
2015-02-18T00:27:08 *** ELiDYROS_ est parti
2015-02-18T02:54:47 *** MaCharon est parti
2015-02-18T03:33:07 *** Gordfang est parti
2015-02-18T09:50:15 *** Elvon s'est connecté
2015-02-18T09:50:33 <Elvon> Bonsoir!!
2015-02-18T09:51:39 <Elvon> Comment va tu Berry-Punch ? pour ma part j'ai pas fini ma soirée on fini les bière tièdes au p'tit-déj... c'est pas fameux
2015-02-18T09:51:56 <Elvon> je t'ai dit c'est pas fameux mais bon a tes risque est péril.
2015-02-18T09:52:48 * Elvon offre un verre contenant de la bière tiédi a Berry-Punch.
2015-02-18T09:54:18 *** TrappyTickles s'est connecté
2015-02-18T09:54:29 <Elvon> si seulement je pouvais agrémenté ton dico d'un vocabulaire plus complexe ma chère Berry-Punch, on ferai de grande chose ensemble. Comme par exemple Conquérir le monde.
2015-02-18T09:55:06 * Elvon monte le son sur le générique de Cortex et Minus.
2015-02-18T09:58:03 <Elvon> Yeay Bonjour TrappyTickles
2015-02-18T09:58:18 <TrappyTickles> oi
2015-02-18T09:58:50 <Elvon> comment ça va ce matin ? tu te connecte au boulot ?
2015-02-18T09:59:09 <TrappyTickles> tain jme sens aussi réveillé que AJ dans applebucking season
2015-02-18T09:59:16 <TrappyTickles> et oui et non
2015-02-18T09:59:51 <Elvon> daccord tu bosse sur ton pc mais il n'est pas dans une entreprise c'est ça ?
2015-02-18T10:00:04 <TrappyTickles> en gros ui
2015-02-18T10:00:19 <Elvon> mais tu fait quoi toi ?
2015-02-18T10:00:39 <TrappyTickles> je suis chercheur
2015-02-18T10:01:29 <Elvon> A oui c'est vrai tu m'avais dit chercher à lampe (l'anpe)
2015-02-18T10:02:36 <TrappyTickles> ui
2015-02-18T10:05:30 <Elvon> je reviens je change de support de travail X3 (je vais sur mon pc d'écrivain.)
2015-02-18T10:05:34 *** Elvon est parti
2015-02-18T10:12:44 *** Elvon s'est connecté
2015-02-18T10:13:07 <Elvon> Me re-voilà
2015-02-18T10:15:28 <TrappyTickles> re
2015-02-18T10:35:55 * Elvon écrit l'épisode pilote de sa série mp3
2015-02-18T11:26:07 *** TrappyTickles est parti
2015-02-18T11:28:33 *** TrappyTickles s'est connecté
2015-02-18T11:34:53 <Elvon> j'arrete de bosser je re viens sur mon pc de Jeu
2015-02-18T11:34:58 *** Elvon est parti
2015-02-18T11:40:30 *** Elvon s'est connecté
2015-02-18T11:40:44 <Elvon> Et me re-re-voilà
2015-02-18T11:41:16 <TrappyTickles> re
2015-02-18T11:42:00 <TrappyTickles> bon jva laisser tomber mon idée de diaspora sur mon gandi, j'ai pas assez de perms
2015-02-18T11:42:49 <TrappyTickles> tain si j'avais la place pour avoir mon serveur :s
2015-02-18T11:46:57 <Elvon> Qu'est-ce que c'est que ça UN Diaspora de Grandi
2015-02-18T11:46:58 <Elvon> ?
2015-02-18T11:53:00 <TrappyTickles> gandi = fournisseur de serveurs web et nomd de domaine
2015-02-18T11:53:28 <TrappyTickles> diaspora moteur de site web social
2015-02-18T11:53:40 <TrappyTickles> faut voir, Lenile
2015-02-18T11:53:51 <Lenile> TrappyTickles j'ai 1.5 T
2015-02-18T11:53:59 <Lenile> Apres si tu veux vient cher moi cet aprem
2015-02-18T11:54:01 <TrappyTickles> ça s,installerait dessus, diaspora?
2015-02-18T11:54:09 <Lenile> Je sais pas, s'toi le pro
2015-02-18T11:54:12 <Lenile> C'est un NAS7
2015-02-18T11:54:16 <Lenile> NAS*
2015-02-18T11:54:39 <TrappyTickles> c'est un linux?
2015-02-18T11:54:47 <Lenile> Je pense pas ._.
2015-02-18T11:55:28 <TrappyTickles> pas grave tfaçons j'ai choppé un autre engine qui utilise php mysql
2015-02-18T11:56:38 <TrappyTickles> jva le tester, on verra
2015-02-18T11:57:00 <TrappyTickles> j'ai eu une idée de projet hier
2015-02-18T11:57:12 <Lenile> okay
2015-02-18T11:57:50 <TrappyTickles> faire une sorte de facebook pour bronies français
2015-02-18T11:58:33 <TrappyTickles> comme bronysquare mais en fr
2015-02-18T11:58:52 <TrappyTickles> et ça s'appellera bronycube
2015-02-18T11:59:55 <TrappyTickles> wtf putain le engine est pas free
2015-02-18T12:01:28 <TrappyTickles> pas grave j'en ai d'autres
2015-02-18T12:03:39 <Lenile> Dit moi si tu veux mon adresse c:
2015-02-18T12:11:30 *** Elvon est parti
2015-02-18T12:42:45 *** MaCharon s'est connecté
2015-02-18T12:43:15 <TrappyTickles> faut voir... déjà, elgg veut pas entendre parler de gandi, la jvais essayer sur wamp
2015-02-18T12:44:02 <TrappyTickles> et ça me prend la tête, qu'est ce que skype fout avec le port 80?
2015-02-18T12:49:28 <TrappyTickles> fuck elgg
2015-02-18T12:54:57 <strycore> *disap*
2015-02-18T12:55:03 <strycore> ಠ_ಠ
2015-02-18T12:55:15 <strycore> il y a movim qui viens de Bordeaux https://movim.eu/
2015-02-18T13:20:35 <TrappyTickles> j'aime
2015-02-18T13:20:51 <TrappyTickles> jvais le tester sur wamp
2015-02-18T13:29:03 <strycore> "wamp"
2015-02-18T13:29:06 <strycore> ლ(ಠ益ಠლ)
2015-02-18T13:29:15 <strycore> (bonne chance)
2015-02-18T13:29:35 <TrappyTickles> hors de question que je test sur mon serv de prod
2015-02-18T13:29:57 <TrappyTickles> sauf si j'ai vraiment pas le choix
2015-02-18T13:29:59 <strycore> (et par bonne chance, je veux dire, a dans 3 heures, quand t'aura passé 3 heures de frustration et voudra jeter ton pc par la fenetre)
2015-02-18T13:30:05 <strycore> euh
2015-02-18T13:30:15 <strycore> j'ai jamais parlé de serveur de prod
2015-02-18T13:30:47 <Lenile> Nan mais je lui est dit que j'ai un serveur de dispo mais il veux rien comprendre xD
2015-02-18T13:31:09 <strycore> il y a des choses comme Docker, Vagrant, etc pour bosser dans de bonnes conditions
2015-02-18T13:31:29 <strycore> bosser sur un serveur distant pour tester un produit c'est juste non
2015-02-18T13:32:06 <strycore> gardez vos cheveux quoi
2015-02-18T13:32:36 <Lenile> C'est pas une machine
2015-02-18T13:32:54 <strycore> ouais, tu fais pas tourner movim sur un NAS
2015-02-18T13:33:07 <strycore> wordpress a la limite, et encore
2015-02-18T13:33:07 <Lenile> Je sais pas 8D
2015-02-18T13:33:33 <strycore> voila, c'est bien pour avoir un FTP
2015-02-18T13:34:56 <strycore> sinon un kimsufi ou dedibox de base c'est ~10€/mois, je suis sur que vous êtes assez nombreux pour diviser le prix et le rendre négligeable
2015-02-18T13:35:13 <Lenile> Bof
2015-02-18T13:35:17 <strycore> enfin je crois que heusef a déjà un serveur
2015-02-18T13:35:17 <Lenile> Pas utile pour moi
2015-02-18T13:36:12 <strycore> bah parfait
2015-02-18T13:42:08 <TrappyTickles> Lenile, t'as dit que ton serveur était un nas
2015-02-18T13:42:20 <Lenile> Ouais
2015-02-18T13:42:37 <TrappyTickles> il a apache php et mysql?
2015-02-18T13:43:27 <TrappyTickles> t'as testé le php dessus?
2015-02-18T13:43:28 <Lenile> Je sais pas ._.
2015-02-18T13:43:54 <TrappyTickles> tu peux y mettre ou créer des bdd?
2015-02-18T13:44:26 <Lenile> J'ai FTP/HTTP Download
2015-02-18T13:44:43 <TrappyTickles> bon laisse tomber alors
2015-02-18T13:45:07 <Lenile> Comme tu veux
2015-02-18T13:46:09 <TrappyTickles> mon projet servira absolument a rien sans apache php et mysql
2015-02-18T13:46:38 <strycore> en général il y a PHP/MySQL/Apache sur les NAS, mais ce n'est en *aucun cas* utilisable pour de la prod…
2015-02-18T13:46:39 <TrappyTickles> ça ferait juste un paquet de fichiers inutiles
2015-02-18T13:50:11 <TrappyTickles> pour juste du stockage t'en fais pas, il doit me rester genre 150Go sur cloud :D
2015-02-18T14:02:36 <TrappyTickles> tain je rêve
2015-02-18T14:03:10 <TrappyTickles> moviz ne peut pas avoir de données utilisateurs locale
2015-02-18T14:04:41 <TrappyTickles> c'est comme si je crééais un wordpress et que pour ajouter un utilisateur je devais l'enregistrer sur wordpress.org
2015-02-18T14:05:04 <TrappyTickles> what the actual buck
2015-02-18T14:07:06 <strycore> faux
2015-02-18T14:07:55 <strycore> mais pour gérer ses propres comptes il faut en effet installer son propre serveur Jabber
2015-02-18T14:08:15 <strycore> on l'avait fait a Giroll, c'était pas trop dur
2015-02-18T14:08:17 <TrappyTickles> alors on fait comment? y a pas de form pour la créa de compte
2015-02-18T14:08:42 <TrappyTickles> j(ai juste ça:
2015-02-18T14:08:45 <TrappyTickles> Votre serveur ici ?
2015-02-18T14:08:45 <TrappyTickles> Contactez-nous pour ajouter votre serveur à la liste officielle • http://movim.eu/
2015-02-18T14:09:01 <TrappyTickles> jabber????????????????????
2015-02-18T14:09:47 <TrappyTickles> putain mais je rêve
2015-02-18T14:10:33 <TrappyTickles> en + c'est marqué nulle part sur leurs tutos
2015-02-18T14:10:55 <TrappyTickles> bon poubelle, ça m'énerve
2015-02-18T14:11:07 <TrappyTickles> merci quand même
2015-02-18T14:14:28 *** adriens33 s'est connecté
2015-02-18T14:17:14 <strycore> ಠ_ಠ
2015-02-18T14:19:30 *** MaCharon est parti
2015-02-18T16:10:46 *** Gordfang s'est connecté
2015-02-18T16:11:53 <Gordfang> yo
2015-02-18T16:52:46 *** MaCharon s'est connecté
2015-02-18T18:13:33 *** adriens33 est parti
2015-02-18T18:14:27 *** adriens33 s'est connecté
2015-02-18T19:01:09 *** adriens33 est parti
2015-02-18T19:02:06 *** adriens33 s'est connecté
2015-02-18T19:21:22 *** TrappyTickles est parti
2015-02-18T19:24:22 *** adriens33 est parti
2015-02-18T19:24:48 *** adriens33 s'est connecté
2015-02-18T19:27:20 *** ELiDYROS s'est connecté
2015-02-18T19:27:38 <ELiDYROS> Bonsoir.
2015-02-18T19:28:05 <MaCharon> slt
2015-02-18T19:41:41 *** ELiDYROS est parti
2015-02-18T20:28:16 *** ELiDYROS s'est connecté
2015-02-18T20:50:33 <ELiDYROS> adriens33, ?
2015-02-18T20:51:10 <adriens33> yop tout le monde
2015-02-18T20:51:24 <adriens33> désolé ELiDYROS j'avais pas le nez sur irc ^^"
2015-02-18T20:52:06 <ELiDYROS> Non mais ça fait un ptit moment que je t'avais pas vu je me demandais ce que tu devenais
2015-02-18T20:52:50 <adriens33> pas grand chose
2015-02-18T21:00:24 *** adriens33 est parti
2015-02-18T21:01:07 *** adriens33 s'est connecté
2015-02-18T21:06:24 *** adriens33 est parti
2015-02-18T21:13:58 *** adriens33 s'est connecté
2015-02-18T21:23:05 *** adriens33 est parti
2015-02-18T21:23:43 *** adriens33 s'est connecté
2015-02-18T21:28:37 *** adriens33 est parti
2015-02-18T22:31:35 <Lenile> J=Comme l'impression que adrien lag
2015-02-18T22:41:24 <Lenile> strycore ?
2015-02-18T22:42:25 <strycore> yes? this is dog
2015-02-18T22:51:29 <Lenile> Non c'est bon en fait
2015-02-18T22:51:58 <strycore> http://strycore.com/anims/programming.gif
2015-02-18T22:53:38 <Lenile> lel
