2015-03-27T00:02:44 *** ELiDYROS est parti
2015-03-27T00:08:17 *** TrappyTickles est parti
2015-03-27T02:19:37 *** MaCharon est parti
2015-03-27T03:03:57 *** ELiDYROS s'est connecté
2015-03-27T03:05:10 *** ELiDYROS est parti
2015-03-27T04:30:50 *** Sleeva s'est connecté
2015-03-27T04:33:19 *** Sleeva est parti
2015-03-27T07:11:30 *** Fidzu s'est connecté
2015-03-27T09:12:27 *** heuzef s'est connecté
2015-03-27T09:49:12 *** ELiDYROS s'est connecté
2015-03-27T09:50:14 <Fidzu> Yo
2015-03-27T10:01:14 *** TrappyTickles s'est connecté
2015-03-27T12:01:25 *** heuzef est parti
2015-03-27T12:34:51 *** heuzef s'est connecté
2015-03-27T12:50:13 *** Fidzu est parti
2015-03-27T12:53:17 *** MaCharon s'est connecté
2015-03-27T13:03:40 *** Fidzu s'est connecté
2015-03-27T13:08:53 *** Fidzu est parti
2015-03-27T13:52:17 *** ELiDYROS_ s'est connecté
2015-03-27T13:53:01 *** ELiDYROS est parti
2015-03-27T13:54:51 *** Fidzu s'est connecté
2015-03-27T13:55:01 <Fidzu> re
2015-03-27T13:57:14 *** ELiDYROS_ est parti
2015-03-27T14:30:52 *** GoFish s'est connecté
2015-03-27T14:31:02 <GoFish> Hi all!
2015-03-27T14:32:12 <Fidzu> hi
2015-03-27T14:32:17 <Fidzu> jeune padawan
2015-03-27T14:37:04 <heuzef> yo =)
2015-03-27T14:37:24 <heuzef> Salut GoFish =) Comment ça va à Toulouse ?
2015-03-27T14:37:36 *** GoFish_ s'est connecté
2015-03-27T14:37:58 <GoFish_> 3G de merde >.<
2015-03-27T14:39:05 *** GoFish est parti
2015-03-27T14:56:37 <GoFish> Je me suis débrouillé en fait, a+ all
2015-03-27T14:57:15 *** GoFish est parti
2015-03-27T15:05:42 *** MaCharon est parti
2015-03-27T15:20:47 *** heuzef est parti
2015-03-27T15:24:10 *** heuzef1 s'est connecté
2015-03-27T15:26:59 *** Fidzu est parti
2015-03-27T15:43:41 *** heuzef1 est parti
2015-03-27T15:44:17 *** heuzef s'est connecté
2015-03-27T17:34:22 *** Shinsaber s'est connecté
2015-03-27T17:37:04 *** wildfier s'est connecté
2015-03-27T17:37:48 <wildfier> yop
2015-03-27T17:55:10 *** heuzef est parti
2015-03-27T17:55:44 *** heuzef s'est connecté
2015-03-27T19:13:50 *** heuzef est parti
2015-03-27T19:14:42 *** ELiDYROS s'est connecté
2015-03-27T19:31:17 *** ELiDYROS_ s'est connecté
2015-03-27T19:33:31 *** ELiDYROS est parti
2015-03-27T19:38:49 *** Mousstery s'est connecté
2015-03-27T20:08:57 *** Gordfang s'est connecté
2015-03-27T20:09:15 <Gordfang> yo les gens
2015-03-27T20:10:10 <Mousstery> yop
2015-03-27T20:30:34 *** Lenile s'est connecté
2015-03-27T20:31:08 <Lenile> Salut les putasses
2015-03-27T20:31:11 <Lenile> ça fait un bail :c
2015-03-27T20:31:38 <Gordfang> yo Lenile
2015-03-27T20:31:41 <Gordfang> ca va?
2015-03-27T20:31:51 <Lenile> Ouaip' et toi ?
2015-03-27T20:32:00 <Gordfang> trankilou
2015-03-27T20:32:16 <Lenile> Yakikivien à L'animasia ?
2015-03-27T20:34:40 <Lenile> . . .
2015-03-27T20:52:55 *** Shinsaber est parti
2015-03-27T21:16:52 *** ELiDYROS s'est connecté
2015-03-27T21:31:33 *** ELiDYROS_ est parti
2015-03-27T21:34:02 *** Mousstery est parti
2015-03-27T21:48:19 *** Simplet_42 s'est connecté
2015-03-27T21:48:25 <Simplet_42> Salut les gens
2015-03-27T21:50:03 <Gordfang> salut Simplet_42
2015-03-27T21:50:12 <Gordfang> tiens tu est pas inscrit?
2015-03-27T21:50:29 <Gordfang> ah si tu vient de le faire XD
2015-03-27T21:51:48 <Gordfang> pas du tous la bonne personne ^^ je me suis foiré
2015-03-27T21:52:38 <Simplet_42> J'suis toujours pas inscrit sur le site nan désolé
2015-03-27T21:52:38 <Simplet_42> ^^
2015-03-27T21:52:41 <Simplet_42> j'y pense
2015-03-27T21:52:54 <Simplet_42> Faut que j'trouve le courage de bouger mon petit doigt xD
2015-03-27T21:53:23 <Gordfang> roh ca va, tu as que 1000 pixel a bouger ^^
2015-03-27T21:53:51 <Simplet_42> ahhhhh la force est tellement pas avec moi ^^
2015-03-27T21:54:17 <Gordfang> aller courage! Rainbow dash compte sur toi!
2015-03-27T21:54:36 <Simplet_42> Faut que j'trouve un bon pseudo ^^
2015-03-27T22:00:20 *** Fidzu s'est connecté
2015-03-27T22:00:42 <Fidzu> yo
2015-03-27T22:01:37 <Simplet_42> Yop
2015-03-27T22:02:15 <Gordfang> re
2015-03-27T22:03:14 <Gordfang> bon alors cette inscription elle vient XD
2015-03-27T22:03:25 <Simplet_42> On y pense on y pense ^^
2015-03-27T22:03:28 <Fidzu> ^^
2015-03-27T22:06:16 <Simplet_42> Manque toujours un bon pseudo et le courage
2015-03-27T22:11:19 <Gordfang> courage! tu peut le faire!
2015-03-27T22:14:05 <Simplet_42> ouaip mais surement pas ce soir xD
2015-03-27T22:18:18 <Gordfang> roooooooohhhh!
2015-03-27T22:18:44 <Simplet_42> J'suis désolé hein j'ai des trucs à faire xd
2015-03-27T22:18:50 <Gordfang> bon je te laisse jusqu'a 9h du mat demain après ça je vais aller me coucher du coup ton inscription prendra surement plus de temps XD
2015-03-27T22:18:58 <Gordfang> k
2015-03-27T22:19:31 <Simplet_42> Je finis de me faire des lacet et je le fais ^^
2015-03-27T22:21:12 *** MaCharon s'est connecté
2015-03-27T22:22:38 <Gordfang> ah!
2015-03-27T22:26:51 <Simplet_42> Ok je re de suite
2015-03-27T22:26:54 *** Simplet_42 est parti
2015-03-27T22:28:35 *** Simplet_42 s'est connecté
2015-03-27T22:29:07 <Simplet_42> Bien maintenant que j'ai un compte je me demandais comment on se connecte ? (à moins que j'dois attendre ^^')
2015-03-27T22:45:25 <Gordfang> re
2015-03-27T22:45:42 <Gordfang> ouai pour l'instant l'ajout des membres est pas entièrement automatique
2015-03-27T22:45:49 <Gordfang> et y a pas de système de compte non plus XD
2015-03-27T22:46:00 <Gordfang> faut attendre la nouvelle version du site pour ca
2015-03-27T22:51:44 <Simplet_42> Ok ok ^^ bon bah en attendant j'me connecterai sur le chat avec mon nouveau pseudo : Chords Tackler
2015-03-27T22:52:42 <Gordfang> ok du coup bienvenue Chords Tackler ^^
2015-03-27T22:52:51 <Fidzu> bonsoir
2015-03-27T22:52:58 <Fidzu> Chords Tackler
2015-03-27T22:53:30 <Gordfang> Alors petite remarque : putin elle est courte ta bio XD
2015-03-27T22:53:57 <Gordfang> tu est pas le pire mais ouai une bio plus longue serai quand même plus cool ^^
2015-03-27T22:54:22 <Fidzu> il l'a refera dans sugarCUB ^^
2015-03-27T22:55:31 <Gordfang> le problème c'est qu'il nous en faut une bonne maintenant :/ sinon sa fait bug la page membre (ah ce site, faut vraiment le changer >< )
2015-03-27T22:56:05 <Fidzu> chelou
2015-03-27T22:57:05 <Gordfang> oui
2015-03-27T23:07:00 <Simplet_42> Ah désolé
2015-03-27T23:07:08 <Simplet_42> j'ai jamais été trop fort pour parler de moi --'
2015-03-27T23:07:37 <Gordfang> bas si tu veut je peut te donner des conseils ^^
2015-03-27T23:07:53 <Simplet_42> vas y je suis preneur ^^
2015-03-27T23:08:00 <Gordfang> genre : parle un peu de ce que tu aime, de tes hobbits
2015-03-27T23:08:17 <Gordfang> comment tu as rencontrer le collectif ou que tu est devenu brony aussi sa remplie bien
2015-03-27T23:11:59 <Simplet_42> J'ai fais des recherches. ^^"
2015-03-27T23:13:42 <Simplet_42> et je suis devenu brony grâce à la rupture amoureuse d'un pote il y aun peut plus d'un an
2015-03-27T23:14:30 <Simplet_42> sinon je n'ai pas de hobbits j'ai pas assez de place dans mon appartement pour vivre avec un hobbit.
2015-03-27T23:17:04 <Gordfang> :D
2015-03-27T23:18:30 <Simplet_42> (pour le dernier c'était soit ca soit, "ah non j'ai pas de chien, non" mais la référence est plus dure à avoir xD)
2015-03-27T23:19:51 <Gordfang> oui
2015-03-27T23:20:50 <Simplet_42> enfin bon ^^ pour les hobbys j'aime écouter de la musique
2015-03-27T23:46:00 *** Gordfang est parti
2015-03-27T23:56:00 *** Simplet_42 est parti
2015-03-27T23:58:45 *** TrappyTickles est parti
