2015-02-19T02:14:47 *** MaCharon est parti
2015-02-19T02:59:55 *** ELiDYROS est parti
2015-02-19T03:14:20 *** Gordfang est parti
2015-02-19T10:24:21 *** TrappyTickles s'est connecté
2015-02-19T13:28:24 *** MaCharon s'est connecté
2015-02-19T13:52:52 <Lenile> Yop
2015-02-19T13:54:32 <MaCharon> salut
2015-02-19T14:53:26 *** Gordfang s'est connecté
2015-02-19T14:53:33 <Gordfang> yo!
2015-02-19T14:54:11 *** adriens33 s'est connecté
2015-02-19T15:08:55 <Lenile> yop
2015-02-19T15:10:19 <adriens33> yop tout le monde
2015-02-19T15:14:18 <Gordfang> yo
2015-02-19T15:19:44 *** TrappyTickles_ s'est connecté
2015-02-19T15:23:11 *** TrappyTickles est parti
2015-02-19T16:11:18 *** Elvon s'est connecté
2015-02-19T16:18:53 <Elvon> Bien le bonjour
2015-02-19T16:20:26 <Elvon> Berry-Punch met moi un Irish coffee? dans un mug s'il te plait, tu sera un amour.
2015-02-19T16:20:50 <Elvon> Berry-Punch es-tu la ?
2015-02-19T16:20:56 <Elvon> Vodka?
2015-02-19T16:22:21 * Elvon fait le tour du comptoir et ramasse la petite Berry-Punch pour la réinstaller sur son tas-d'bourret de serveuse.
2015-02-19T16:23:12 <Elvon> S'il te plait fait attention la prochaine fois, j'en ai marre de devoir me servir tous seul...
2015-02-19T16:24:52 * Elvon fait son Irish coffee, et un café serré pour la gérante du serveur et y glisse un aspirine.
2015-02-19T16:25:24 <Elvon> Tiens bois ça comme si c'était une petite bière bien tiède.
2015-02-19T16:39:01 <Elvon> adriens33: dis moi comment on fait pour jouer sur le serveur de BC craft ?
2015-02-19T16:39:41 <adriens33> bah tu peux encore aller sur bronycub.org:25565, sinon le mien l'adresse c'est minecraft.art-software.fr:25565, et faut etre en 1.7.2
2015-02-19T16:39:53 <adriens33> et quand tu arrive tu tape /warp bc pour aller sur la map de bronycub
2015-02-19T16:40:41 <Elvon> il faut avoir des logs ou être un minimum en possession de droit pour faire quoi que ce soit ? (non je suis déja passer dessus mais a part me faire trapper dessus par des mobs sans pouvoir leur infliger quoique soit en retour c'est pas cool)
2015-02-19T16:41:20 <adriens33> ah
2015-02-19T16:41:29 <Elvon> pareil je peut pas appuyer sur les bouton hors maison (comme le machin avec minecart)
2015-02-19T16:41:31 <adriens33> bah me faut juste ton username, que je te donne ta classe :D
2015-02-19T16:41:50 <adriens33> tu veux etre quoi ? pégase, licorne ou earth pony ? :D
2015-02-19T16:42:09 <Elvon> ok pour le username si je l'ai fait changer depuis la dernier maj c'est celui la que je te donne ou mon vieux ?
2015-02-19T16:42:22 <Elvon> Elvon si ça marche pas tante Elvonbird
2015-02-19T16:42:29 <Elvon> Licorne
2015-02-19T16:42:31 <adriens33> bah essaie de te co déjà
2015-02-19T16:42:36 <adriens33> que je voie ce qu'il me met
2015-02-19T16:42:59 <Elvon> Parce que je suis une licorne depuis bien avant de connaitre MLP en faite
2015-02-19T16:43:07 <adriens33> ok :P
2015-02-19T16:43:24 <Elvon> ça fait depuis octobre que je connais mlp et mois je suis une licorne depouis environ 3ans et demies
2015-02-19T16:43:31 <Elvon> X3
2015-02-19T16:43:47 <adriens33> tu te co sur lequel du coup ?
2015-02-19T16:43:52 <Elvon> au passage ton mumbble est public ?
2015-02-19T16:44:10 <adriens33> il est pas dans l'annuaire offi non
2015-02-19T16:44:10 <Elvon> ton serveur vue que l'autre va potentielment down
2015-02-19T16:44:24 <Elvon> oui mais pas besoin de mdp
2015-02-19T16:44:25 <adriens33> faut entrer l'adresse dans favori → ajouter nouveau
2015-02-19T16:44:27 <adriens33> ah non
2015-02-19T16:44:34 <adriens33> tu met le username que tu veux
2015-02-19T16:48:28 <Elvon> tkt j'ai l'habitude mais c'était au cas où
2015-02-19T16:48:58 <adriens33> oki ^^
2015-02-19T16:51:27 *** Elvon est parti
2015-02-19T17:02:06 *** Elvon s'est connecté
2015-02-19T17:07:10 *** Elvon est parti
2015-02-19T17:54:18 <adriens33> Berry ?
2015-02-19T17:54:33 <Lenile> Vodka
2015-02-19T17:54:36 <Lenile> :D
2015-02-19T17:54:40 <Lenile> Biere
2015-02-19T17:54:46 <Lenile> T'a fait uen faute adri
2015-02-19T17:54:57 <adriens33> non justement
2015-02-19T17:55:00 <adriens33> tu peux le mettre
2015-02-19T17:55:06 <adriens33> mais t'es pas obligé
2015-02-19T17:55:19 *** Elvon s'est connecté
2015-02-19T17:55:19 <Lenile> Mhhh
2015-02-19T17:55:33 <Lenile> en Alsace oin met tous l'accent
2015-02-19T17:55:37 <adriens33> c'est mieux, vu que certains gens font des fautes
2015-02-19T17:56:06 <adriens33> bière
2015-02-19T17:56:09 <adriens33> vodka
2015-02-19T17:56:11 <adriens33> saké
2015-02-19T17:56:12 <Lenile> o/
2015-02-19T17:56:13 <adriens33> boire
2015-02-19T17:56:17 <adriens33> alcool
2015-02-19T17:56:22 <adriens33> t'as trop bu Berry
2015-02-19T17:56:34 <MaCharon> Elvon t'es dispo demain ?
2015-02-19T17:59:44 <Elvon> Nop
2015-02-19T17:59:59 <Elvon> J'ai du monde a la casa.
2015-02-19T18:00:07 <MaCharon> ok dommage
2015-02-19T18:02:33 <Elvon> tu voulais passer quelque chose dans le genre?
2015-02-19T18:03:55 <MaCharon> non mais demain on reçois un nouveau joueur avec Jack et du coup on va s'occuper toute la journée du JDR
2015-02-19T18:22:45 *** Elvon est parti
2015-02-19T18:40:35 *** adriens33 est parti
2015-02-19T18:41:03 *** adriens33 s'est connecté
2015-02-19T19:08:23 *** Cs21 s'est connecté
2015-02-19T19:08:33 *** Cs21 est parti
2015-02-19T19:59:40 *** ELiDYROS s'est connecté
2015-02-19T19:59:44 <ELiDYROS> Bonsoir.
2015-02-19T20:21:45 *** ELiDYROS est parti
2015-02-19T20:40:03 *** adriens33 est parti
2015-02-19T20:40:56 *** adriens33 s'est connecté
2015-02-19T21:18:21 *** ValCab33 s'est connecté
2015-02-19T21:18:24 <ValCab33> Hello
2015-02-19T22:26:55 <Lenile> adriens33 ?
2015-02-19T22:27:05 <adriens33> yep ?
2015-02-19T22:27:33 <adriens33> c'est quoi l'adresse déjà ? ^^"
2015-02-19T22:27:46 <Lenile> www.twitch.tv/zippoo6700
2015-02-19T22:28:13 <adriens33> bah j'ai une vid ouai
2015-02-19T22:28:37 <Lenile> Ok nickel ^
2015-02-19T22:28:40 <Lenile> Moi 0 xd
2015-02-19T22:33:41 <adriens33> ah ^^"
2015-02-19T22:34:29 <Lenile> Look comme je PVP bien o/
2015-02-19T22:35:11 <Lenile> Bientot 6 ^
2015-02-19T22:38:51 *** Lenile est parti
2015-02-19T22:44:40 *** Lenile s'est connecté
2015-02-19T22:44:52 <Lenile> J'avais un affichage inconnu sur le Pc ._.$
2015-02-19T22:44:58 <Lenile> Me demandais ou était passé Hexchat
2015-02-19T22:45:00 <Lenile> xD
2015-02-19T23:32:51 <Lenile> Internet c'est con
2015-02-19T23:33:20 <Lenile> J'ai fouttu mon chat en webcam
2015-02-19T23:33:26 <Lenile> J'me suis mit en EN
2015-02-19T23:33:29 <Lenile> J'ai coupé mon micro
2015-02-19T23:33:44 <Lenile> Et j'ai mit "A cat play Wakfu"
2015-02-19T23:33:50 <Lenile> J'ai plein de viewver
2015-02-19T23:34:35 <Lenile> Et ne pas oublié la musique D'anime
2015-02-19T23:34:43 <Lenile> ça devrais plaire à MaCharon ça xD
2015-02-19T23:35:23 <MaCharon> on parle de moi ^^ ?
