2015-01-16T00:01:01 *** adriens33 est parti
2015-01-16T00:02:28 *** Gordfang est parti
2015-01-16T00:16:35 *** adriens33 s'est connecté
2015-01-16T00:29:25 *** TrappyTickles est parti
2015-01-16T01:10:31 *** ELiDYROS s'est connecté
2015-01-16T01:50:21 <adriens33> tiens, salut ELiDYROS :) toi non plus tu dors pas ? :P
2015-01-16T02:06:45 <ELiDYROS> Salut
2015-01-16T02:06:59 <ELiDYROS> J'ai un pote qui vient de partir du coup je profite du calme pour lire l'actu un peu
2015-01-16T02:07:05 <ELiDYROS> Et toi ?
2015-01-16T02:08:01 <adriens33> beuh la je me look un film, j'ai fait 1h de bus+tram tout a l'heure du coup comme ça me fait dormir a chaque fois… bah du coup la j'ai plus sommeil ><
2015-01-16T02:08:23 <ELiDYROS> T'étais sorti quelque part ?
2015-01-16T02:08:28 <adriens33> ouep
2015-01-16T02:09:23 <ELiDYROS> Cool
2015-01-16T02:10:14 <adriens33> ouai^^ mais bon rentrer tard c'est moyennement cool, surtout quand il pleut XD (mais bon vive les abris^^)
2015-01-16T02:10:29 <ELiDYROS> Je suis pas trop confiant de me retrouver en ville la nuit
2015-01-16T02:11:29 <adriens33> beh je me suis pas trop balladé non plus, j'était pas dehors.^^ a part pour prendre le bus, mais dans le bus y'a des gens donc ça va
2015-01-16T02:24:13 <ELiDYROS> t'as fait quoi de beau ?
2015-01-16T02:25:05 <adriens33> j'ai été voir le spectacle dans lequel jouait une amie
2015-01-16T02:26:03 <ELiDYROS> CHouette
2015-01-16T02:29:27 <adriens33> ouais, c'était sympa
2015-01-16T02:49:40 <ELiDYROS> Je vais dodo !
2015-01-16T02:49:43 *** ELiDYROS est parti
2015-01-16T09:17:30 *** heuzef s'est connecté
2015-01-16T09:34:20 *** TrappyTickles s'est connecté
2015-01-16T09:43:23 *** adriens33 est parti
2015-01-16T10:58:22 <TrappyTickles> https://www.youtube.com/watch?v=A2_3xuoDvIg épisode suivant doublé lol
2015-01-16T12:14:45 *** Elvon s'est connecté
2015-01-16T12:15:17 <Elvon> Salut les Gens !
2015-01-16T12:34:48 <heuzef> Salut Elvon =)
2015-01-16T12:35:08 <heuzef> !inscription Elvon
2015-01-16T12:35:20 <Elvon> Thx
2015-01-16T12:35:29 <heuzef> On a bien eu ton inscription ;)
2015-01-16T12:35:40 <heuzef> Tant que tu es la, t'as pas de lien à partager ?
2015-01-16T12:36:01 <heuzef> (FB, Twitter, steam, skype, ...)
2015-01-16T12:36:06 <Elvon> je regarde la petite vidéo qui présente le mouvement (il était a moitié cacher dans la 1er page ^^)
2015-01-16T12:36:17 <Elvon> Fb et skype
2015-01-16T12:36:30 <Elvon> https://www.facebook.com/ElvonNithnight
2015-01-16T12:37:24 <Elvon> pour l'url skype on fait comment pour le sortir ?
2015-01-16T12:37:42 <heuzef> hmmm, quand tu es connecté normalement
2015-01-16T12:37:46 <heuzef> devrais apparaitre
2015-01-16T12:38:22 <heuzef> Ok te prend pasla tête ajoute moi : "heuzef.com"
2015-01-16T12:38:29 <heuzef> Je vais le voir comme ça
2015-01-16T12:38:36 <Elvon> ok
2015-01-16T12:38:43 <heuzef> Sinon pour gravatar tu gère ou tu as besoin d'aide ?
2015-01-16T12:40:21 <Elvon> nah j'y ai déja un avatar dessus mais ... faut que je le change.
2015-01-16T12:40:23 <heuzef> Ha putain mais c'est Thomas :D !!
2015-01-16T12:40:33 <Elvon> bah ya 2 thomas enfaite
2015-01-16T12:40:37 <heuzef> Ha ?
2015-01-16T12:40:53 <heuzef> ton skype : spartan-halo
2015-01-16T12:41:05 <Elvon> Je suis pas le coloc a Charon mais un Thomas qui était présent a son annive.
2015-01-16T12:41:11 <Elvon> Yep
2015-01-16T12:41:20 <heuzef> Ha oui t'as fait le reveillon avec nous non ?
2015-01-16T12:41:28 <Elvon> nop
2015-01-16T12:41:53 <heuzef> Hmmm mince je vois plus
2015-01-16T12:42:01 <heuzef> mais bon content de te voir quand même ;)
2015-01-16T12:42:05 <heuzef> Ton gravatar : http://gravatar.com/avatar/1ded90863fcf34a5f8236630a10a56ab
2015-01-16T12:42:27 <heuzef> Si tu galère à le changer fait signe ;)
2015-01-16T12:42:30 <Elvon> j'ai un vieux potes qui ma réquisitionner le de ma fête d'annive (22novembre) pareil
2015-01-16T12:42:48 <Elvon> euh atta ya sushi je croit
2015-01-16T12:43:08 <heuzef> Maintenant il faut qu'on ce bouge pour t'inscrire, soit pas préssé on est lent pour ça car que 2 à gérer ça
2015-01-16T12:43:15 <Elvon> j'ai un avatar sur gravatar une fée avec un dragon
2015-01-16T12:43:20 <heuzef> nop
2015-01-16T12:43:32 <heuzef> Pas sur l'adresse Elvonbird@gmail.com  en tous cas
2015-01-16T12:43:42 <Elvon> bah justement c'es tça qui est bizzare
2015-01-16T12:44:22 <heuzef> ça ?
2015-01-16T12:44:22 <heuzef> http://gravatar.com/avatar/4a36fef0f5be558901afcea604672d2b
2015-01-16T12:44:30 <Elvon> oui
2015-01-16T12:44:39 <Elvon> c'est celui-ci
2015-01-16T12:44:42 <heuzef> Ok j'ai ciblé le sushi tu n'à pas indiqué la bonne adresse mail ;)
2015-01-16T12:45:02 <heuzef> le E est en majuscule
2015-01-16T12:45:29 <heuzef> ça n'existe pas les majuscule dans les mail ;) Du coup ça à foiré notre algo, mais du coup je remonte le bug grace à toi
2015-01-16T12:45:50 <Elvon> A oui je pouviat pas me rappeler je l'ai fait il y a longtemps et j'ai même oublier le mdp mais je l'ai changer hier soir
2015-01-16T12:46:36 <Elvon> J'aime pas écrit elvon ça m'hérisse le crain.
2015-01-16T12:46:53 <heuzef> Bon ça roule, ça fait plaisir d'avoir une inscription complète pour une fois
2015-01-16T12:47:07 <heuzef> Donc on revient vers toi quand finit pour que tu valide
2015-01-16T12:47:14 <heuzef> Désolé mais faut que je file boulot boulot
2015-01-16T12:47:19 <heuzef> a bientôt /)
2015-01-16T12:47:34 <Elvon> Oui peut être trop lourde la présentation mais je l'ai alléger du mieux que j'ai pu
2015-01-16T12:47:37 <Elvon> ++
2015-01-16T12:48:45 <heuzef> (au contraire, c'est cool ;) )
2015-01-16T13:01:58 <TrappyTickles> tiens, salut au nouveau
2015-01-16T13:03:06 <Elvon> Merci trappy
2015-01-16T13:18:13 *** heuzef est parti
2015-01-16T13:18:25 *** adriens33 s'est connecté
2015-01-16T13:18:53 <Elvon> Hi Adrien
2015-01-16T13:20:10 <adriens33> salut :)
2015-01-16T13:21:02 <TrappyTickles> https://www.youtube.com/watch?v=XS4vwudTBVw j'en reviens toujours pas que cette version du générique G1 existe
2015-01-16T13:22:37 <adriens33> TrappyTickles: .....
2015-01-16T13:22:53 <TrappyTickles> band de G1 haters...
2015-01-16T13:22:57 <adriens33> XD
2015-01-16T13:23:05 <adriens33> !muffin TrappyTickles
2015-01-16T13:23:30 <adriens33> Tiens, bouffe pour la peine. :)
2015-01-16T13:24:26 <Elvon> bah franchement je comprend que l'on puissent avoir du mal, si on m'aurais montré la G1 enfants j'aurais était traumatiser. un peu comme la peur des clowns
2015-01-16T13:25:18 <Elvon> *part prendre un cours de Français.*
2015-01-16T13:25:44 <adriens33> XD
2015-01-16T13:26:04 <Elvon> c'est trop cool les muffin moi aussi j'en veux un!
2015-01-16T13:26:10 <adriens33> !muffin Elvon
2015-01-16T13:26:26 <adriens33> !muffin Elvon m
2015-01-16T13:26:30 <Elvon> Grmpch!!! Fankss...
2015-01-16T13:26:32 <adriens33> (dat violence… XD)
2015-01-16T13:26:53 <TrappyTickles> sans G1, on serait pas là pour causer, faut pas l'oublier... on serait fans de d'autres trucs
2015-01-16T13:27:16 <TrappyTickles> pcq pas de g1 => pas de g4
2015-01-16T13:27:34 <adriens33> bah c'est pas une raison pour être obligé d'aimer la v1 Trappy XD
2015-01-16T13:27:47 <TrappyTickles> après, j'irai jamais dire que les g3 bnabies sont des putains d'oeuvre d'art et pas des abominations...
2015-01-16T13:27:52 <Elvon> Oui DiabloX9 par exemple.... *trmbltrmbltrmbl* on va oublié c'est pas si mal la G1
2015-01-16T13:28:00 <adriens33> et puis qui sait… Ptet que Lauren Faust l'aurait fait quand même ? mais ç'aurait pas été G4 ^^
2015-01-16T13:28:47 <adriens33> Elvon: c'est pas bien de troller. XD (mais bon c'est marrant, alors c'est valide quand même. :P)
2015-01-16T13:29:03 <TrappyTickles> bizarrement, je crois que ça aurait eu moins d'impact comme ça... ça en aurait eu autant que bob l'éponge, qui a un excellent impact mais quand même plus bas que la g4 :p
2015-01-16T13:29:26 <Elvon> je répond lentement mais surement à Trappy Tickles
2015-01-16T13:29:49 <TrappyTickles> en parlant de bob l'éponge tiens, juste pour vous emmerder https://www.youtube.com/watch?v=KztZmZDNCVg
2015-01-16T13:30:48 <Elvon> *s'éloigne de son bureaux avec son clavier dans les mains.* Ausecours !!!
2015-01-16T13:31:02 <Elvon> a ces fini ^^"
2015-01-16T13:31:35 <adriens33> Elvon: essaie /me ;)
2015-01-16T13:31:59 <adriens33> /me s'endort sur son clavier
2015-01-16T13:33:53 * Elvon Reprend conscience et repose le Bescherelle qui a fait un magnifique sandwiche bescherelle/cervelle/bureau.
2015-01-16T13:36:37 <Elvon> Trappy&Adrien: Vous avez quel âge ? (pour savoir si vous étes a l'école/collége ou lycée.)
2015-01-16T13:37:00 <Elvon> ou alors des vieux qui Bosse ou chaum. ^^"
2015-01-16T13:38:28 <adriens33> (Elvon:quand tu t'adresse à une personne c'est mieux de mettre le pseudo en entier, car la plupart des clients irc te signalent par un son quand on mentionne
2015-01-16T13:38:28 <adriens33> ton pseudo) sinon moi j'ai 22 ans
2015-01-16T13:39:27 <Elvon> merci pour l'info et merci pour la réponse : D
2015-01-16T13:39:58 <Elvon> J'ai 20ans pour ma part.
2015-01-16T13:40:07 <TrappyTickles> 32
2015-01-16T13:41:01 <adriens33> non, en fait moi je m'appelle Robert, je suis camionneur, j'ai 53 ans et j'adore les petites filles. XD
2015-01-16T13:41:09 <adriens33> (je déconne, hein XD)
2015-01-16T13:41:26 <TrappyTickles> tain je réalise.. quand je suis arrivé à bordeaux, alors, vous aviez 10 et 12 ans alors? jme sens terriblement vieux d'un coup
2015-01-16T13:41:42 <adriens33> (tiens d'ailleurs voilà ma trombine http://www.art-software.fr/apps/bozon/index.php?f=53b1df17caa43)
2015-01-16T13:41:59 <adriens33> TrappyTickles: t'es arrivé à Bordeaux quand ?
2015-01-16T13:42:25 <TrappyTickles> 2005
2015-01-16T13:42:33 <Elvon> ne vous en faite pas. Sir Edrick Von Barriokian et bien pire il a plus de 5 siècles il vit dans un livre planquer dans un coin de ma mémoire.
2015-01-16T13:43:01 <adriens33> Tu sais pas compter Trappy^^ en 2005 j'avais 13 ans moi. (suis né en février 1992)
2015-01-16T13:43:25 <TrappyTickles> oui bon j'suis pas à un an près, l'effet est le même, je me sens vieux
2015-01-16T13:44:12 <adriens33> XD
2015-01-16T13:44:13 <Elvon> C'est bien d'être vieux parfois. nan ?
2015-01-16T13:44:48 <adriens33> bah t'a 32 ans, c'est normal. Et ça ne fera qu'empirer avec le temps :P (j'ai encore jamais vu personne avoir 20 ans apres avoir eu 21 ans XD)
2015-01-16T13:45:06 <adriens33> Elvon: pour l'xp oui, les rhumatismes un peu moins XD
2015-01-16T13:45:09 <Elvon> adriens33 ya pas de photo sur le lien que j'ai ouvert
2015-01-16T13:45:20 <adriens33> t'es sur ?
2015-01-16T13:45:24 <adriens33> bizarre.
2015-01-16T13:45:27 <adriens33> http://www.art-software.fr/apps/bozon/index.php?f=53b1df17caa43
2015-01-16T13:46:25 <adriens33> (essaie là sinon http://www.art-software.fr/apps/bozon/uploads/picture_7.png )
2015-01-16T13:46:37 <Elvon> c'est toujours de garde des xp dans un coin car le moment venue tu fait un re-state complet et Pof tu pètes tout les balrog de sauron.
2015-01-16T13:46:52 <Elvon> s'ailler j'ai une image
2015-01-16T13:46:59 <adriens33> :P
2015-01-16T13:47:06 <adriens33> quel lien? le 1er ou le 2nd ?
2015-01-16T13:47:24 <Elvon> les 2 mais le tout premier non
2015-01-16T13:47:27 <adriens33> ah
2015-01-16T13:47:33 <adriens33> j'ai du faire une typo alors.
2015-01-16T13:47:38 <adriens33> enfin bref.
2015-01-16T13:49:24 <adriens33> (et sinon généralement je met ça en avatar http://www.art-software.fr/apps/bozon/index.php?f=54b908bce3a4b )
2015-01-16T13:49:25 * Elvon Hésite  Entre reprendre l'écriture de sa série mp3 ou faire des plans pour avancer projet de maps
2015-01-16T13:49:50 <adriens33> Tu fais une série mp3 ? :)
2015-01-16T13:50:36 <Elvon> au secours une machine a faire des appareils a Gauffre avec des lazer
2015-01-16T13:50:52 <Elvon> oui mais j'ai peur de pas la finir un jour
2015-01-16T13:51:02 <adriens33> Elvon: c'est un Dalet T.T
2015-01-16T13:51:06 <adriens33> Dalek*
2015-01-16T13:51:30 <adriens33> Pourquoi ça ? Manque d'inspiration ?
2015-01-16T13:51:46 <Elvon> (j'ai pas sortie d'épisode mais j'ai avancer sur l'ambiance et les personnages les lieux aussi)
2015-01-16T13:52:28 <adriens33> ok
2015-01-16T13:52:43 <adriens33> Spaaaace http://www.art-software.fr/apps/bozon/index.php?f=54b9097cb06b9
2015-01-16T13:52:58 <Elvon> Et bien j'ai enfin du matos pour prendre le son mais pas l'assistance logiciel qui va avec ... j'ai pas envie de faire ça avec protools et encore moins avec le logiciel livré avec ma carte
2015-01-16T13:53:16 * TrappyTickles en a fait une dans le passé
2015-01-16T13:53:33 <TrappyTickles> fais ça avec audacity
2015-01-16T13:53:46 <TrappyTickles> je faisais ça avec music maker avant mais audacity s'en sort pas mal
2015-01-16T13:53:57 <Elvon> tu es sur ? parce que tout le monde ma dit de m'en éloigner le plus vite possible.
2015-01-16T13:54:15 <adriens33> ??
2015-01-16T13:54:30 <adriens33> Audacity c'est un des meilleurs logiciels d'édition audio qui soient.
2015-01-16T13:54:34 <TrappyTickles> Audacity est genre le meilleur logiciel de son AU MONDE qui soit gratuit!
2015-01-16T13:54:34 <adriens33> (et libre en plus)
2015-01-16T13:54:49 <TrappyTickles> je m'en sers tous les jours pour tout et n'importe quoi!
2015-01-16T13:54:55 <adriens33> TrappyTickles: +1 :P
2015-01-16T13:55:01 <TrappyTickles> tu peux mêem rempalcer le stereo mix avec, sous windows
2015-01-16T13:55:18 <Elvon> pourquoi pas ^^
2015-01-16T13:55:33 <TrappyTickles> genre, ils ont viré stereomix parce que les méchants pirates ils pirataient spotify avec, mais audacity lui il sait le faire
2015-01-16T13:55:47 * Elvon est remotiver et part a la chasse au dossier du Project Déliruim
2015-01-16T13:56:06 <TrappyTickles> d'ailleurs, mon redoublage de série wtpony, mes enregistrements c'est avec audacity
2015-01-16T13:56:20 <TrappyTickles> mes parodies de chansons, audacity
2015-01-16T13:56:24 <adriens33> (moi je m'en fous, je suis sous linux et Jack c'est trop mieux que la pile audio windows, tu branche le son de n'importe quelle appli dans n'importe quelle
2015-01-16T13:56:25 <adriens33> autre, c'est super bien foutu)
2015-01-16T13:56:33 <TrappyTickles> mes remixes, lmms et parfois audacity
2015-01-16T13:56:46 <TrappyTickles> j'ai jamais rien compris à jack
2015-01-16T13:56:49 <Elvon> je veux passer sou linu mais mon pc me fait la guele quand j'essaie
2015-01-16T13:57:04 <adriens33> bah tu utilise qjackctl, ça aide.^^
2015-01-16T13:57:09 <TrappyTickles> c'est cque je fais
2015-01-16T13:57:20 <TrappyTickles> mais quand faut trifouiller la conf de jack, je suis paumé et çça marche pas
2015-01-16T13:57:22 <Elvon> lmms je ne sais pas comment on peut record
2015-01-16T13:57:31 <adriens33> Et sinon j'avais test un truc qui s'appelle soundforge je crois (le "audacity" made by Adobe)
2015-01-16T13:57:44 <adriens33> eh ben… Je préfère très largement audacity. XD
2015-01-16T13:57:49 <TrappyTickles> oublie lmms, c'est pour la compo musicale. focus sur audacity
2015-01-16T13:58:22 <TrappyTickles> avant j'avais soundforge, mais quand j'ai connu audacity, j'ai vite oublié ma version tipiak de soundforge lol
2015-01-16T13:58:29 <Elvon> justement entre la serie mp3 et autre je fait de la compos musicale.
2015-01-16T13:59:01 <TrappyTickles> lmms est pas mal. il peut importer en midi (pas exporter par contre), t'as pleins d'instruments et de greffons
2015-01-16T13:59:09 <TrappyTickles> jvais te montrer quelques trucs que j'ai fait avce
2015-01-16T13:59:32 <adriens33> lmms tu peux pas vraiment record, ça gère pas le son. ça gère des notes de musique que ça envoie a des instruments via midi (ou plugins internes)
2015-01-16T13:59:49 <TrappyTickles> voikla
2015-01-16T13:59:52 <TrappyTickles> voila*
2015-01-16T14:00:02 <adriens33> TrappyTickles: envoie ! je veux écouter aussi moi :P
2015-01-16T14:00:16 <TrappyTickles> https://soundcloud.com/maxlefou/super-plucky-o-all-stars-theme
2015-01-16T14:00:38 <TrappyTickles> https://soundcloud.com/maxlefou/sail-to-the-moon-famicom-redux
2015-01-16T14:01:01 <TrappyTickles> https://soundcloud.com/maxlefou/sets/kare-wa-kanojo-ost ah tiens, toute l'ost d'une visual novel que j'ai fait
2015-01-16T14:02:05 <TrappyTickles> https://www.youtube.com/watch?v=7OYgum9Y-dM tiens ça c'est a moitié approprié pour ici :p
2015-01-16T14:02:44 <TrappyTickles> oui t'as un greffon builtin pour faire de la zic de gameboy :p
2015-01-16T14:04:13 <TrappyTickles> https://soundcloud.com/maxlefou/wonderbolts-rap-dr-dre-mix et ça par contre c'est fait avec audacity
2015-01-16T14:08:26 <Elvon> thx
2015-01-16T14:10:09 * Elvon essaie reparer la touche ctrl droit de son clavier avec une pince a métaux et un marteaux a clou
2015-01-16T14:11:00 <adriens33> wtf? soundcloud qui me dit que j'ai pas flash…
2015-01-16T14:11:33 <adriens33> alors que j'étais sur une vidéo youtube avec le lecteur flash [pas html5] juste avant et que j'ai jamais eu de souci avec ça…
2015-01-16T14:12:50 <TrappyTickles> flash sur linux... :p
2015-01-16T14:12:57 <TrappyTickles> oh well, still better love story than twilight
2015-01-16T14:12:59 <TrappyTickles> and flash
2015-01-16T14:13:03 <adriens33> non mais j'ai jamais eu de souci hein.
2015-01-16T14:13:19 <adriens33> c'est la premiere fois que je vois un site me dire que j'ai pas flash
2015-01-16T14:13:42 <adriens33> même le site d'adobe me dit bien que j'ai déjà la derniere version de flash pour linux et tout…
2015-01-16T14:13:57 <TrappyTickles> moi ça me disait ça sur secondlife, mais sur windows.. parce qu'il fallait installer un flash player spécifique pour autres navigateurs
2015-01-16T14:14:19 <TrappyTickles> tfaçons soundcloud c'est devenu merdique
2015-01-16T14:14:20 <adriens33> ouai bah je vais pas installer Google Chrome pour avoir pepperflash.
2015-01-16T14:14:26 <adriens33> c'est hors de question.
2015-01-16T14:15:12 <TrappyTickles> soundcloud m'a supprimé un mashup, soi-disant pour copyright... alors que c'était un mashup sur de la j-pop (et les japonais se foutent royal de ça d'habitude)... c'est dire si soundcloud est devenu con
2015-01-16T14:15:33 <adriens33> (D'abord parce que je n'aime pas que Google s'imisce dans ma navigation, ensuite parce que je trouve Chrome fort pauvre et pas pratique à utiliser comparé à
2015-01-16T14:15:34 <adriens33> Firefox)
2015-01-16T14:15:40 <adriens33> ah ouai.
2015-01-16T14:17:03 <TrappyTickles> moi j'ai chrome surtout parce que je me sers vraiment beaucoup de mon compte google... et parce que firefox est une birdhouse pour malwares aussi mais bon
2015-01-16T14:17:13 <TrappyTickles> si je pouvais, j'utiliserais opera lol
2015-01-16T14:17:30 <adriens33> (et puis c'est comme les installeurs sous Windows qui tentent de plus en plus de te forcer la main à installer Google Chrome. Genre tu veux installer un prog
2015-01-16T14:17:30 <adriens33> qui a rien à voir avec Google Chrome, et si tu fais pas gaffe tu te retrouve avec ce machin sur ton ordi sans en avoir rien demandé. alors on peut bien dire
2015-01-16T14:17:31 <adriens33> "chrome c'est le plus utilisé des navigateurs", ouai s'ils utilisent la technique de microsoft c'est pas étonnant.
2015-01-16T14:17:35 <Elvon> et bien c'est louche ça (par contre si on peut me dire comment on pour avoir un .boot (pour booter refind a cause de mon uefi motherboardsys) sur mon pc car une fois mon ddpartitioner pour linux avec studiobuntu installer il ne veux pas booter même en passant par F8 et ensuiter booter la partion stubuntu
2015-01-16T14:17:45 <adriens33> ff un niz à malwares? lol.
2015-01-16T14:17:50 <adriens33> nid*
2015-01-16T14:17:57 <TrappyTickles> d'ailleurs je me demande combien ils sont payés ces développeurs pour mettre l'option installer chrome
2015-01-16T14:18:00 <adriens33> c'est win le nid à malwares, pas ff.
2015-01-16T14:18:26 <TrappyTickles> n'empêche que j'en ai eu dans ma vie qu'un seul sur chrome et une plétoire sur ff dans plusieurs machines différentes
2015-01-16T14:18:29 <adriens33> bah suffisamment pour penser a ça plutot qu'aux utilisateurs mécontents qui iront voir ailleurs à cause de ça.
2015-01-16T14:18:38 <TrappyTickles> sur windows certes, mais ff peut aussi faire un effort
2015-01-16T14:18:45 <adriens33> bah non
2015-01-16T14:18:55 <TrappyTickles> chrome le fait bien, lui, pkoi pas ff?
2015-01-16T14:19:10 <adriens33> si win est merdique c'est pas à Mozilla de patcher windows a la place de microsoft.
2015-01-16T14:19:26 <adriens33> c'est pas parce que google chie sur les gens que tout le monde doit en faire autant.
2015-01-16T14:19:32 <TrappyTickles> on leur demande pas de patcher windows, mais de aptcher ff
2015-01-16T14:19:39 <adriens33> ...
2015-01-16T14:19:52 <TrappyTickles> y a des trous béants dans windows, certes, mais on a pas besoin que ff fasse des ponts pour accéder aux trous
2015-01-16T14:19:54 *** MaCharon s'est connecté
2015-01-16T14:19:59 <adriens33> ...
2015-01-16T14:20:04 <MaCharon> salut
2015-01-16T14:20:04 <Elvon> YEy!!!! MaCharon
2015-01-16T14:20:08 <adriens33> hello MaCharon
2015-01-16T14:20:27 <MaCharon> tu branles quoi ici Elvon ?
2015-01-16T14:20:32 * Elvon retourne bosser sur les plans pour demain aprém
2015-01-16T14:20:36 <TrappyTickles> tfaçons, je vais pas basher a mort ff non plus, je m'en sers avec tor
2015-01-16T14:22:25 <Elvon> Et bien disons que je me suis laisser séduire par le charisme de Heuzef a ton annive et que vue que j'ai bientôt fini de regarder la S4 de mlp... et bien... j'ai penser que ce serais pas mal de venir vous retrouver ici X3
2015-01-16T14:22:59 <Elvon> et puis j'ai toujours ma
2015-01-16T14:23:06 <MaCharon> ouai Heuzef sait etre...persuasif ^^
2015-01-16T14:23:16 <adriens33> bah tu fais ce que tu veux de ta vie trappy^^ mais bon dire que ff est blindé de trous parce que les devs report chaque fois qu'ils en corrigent un. c'est
2015-01-16T14:23:17 <adriens33> comme de te plaindre parce que tu as marché sur du caca et que ça pue alors que t'a tes égouts qui ont refoulés chez toi mais que tu le sais pas parce que t'a
2015-01-16T14:23:17 <adriens33> pas pu rentrer chez toi
2015-01-16T14:23:37 * Elvon cherche un moyen de broyer cette touche entrée sans l'abimé
2015-01-16T14:23:54 *** heuzef s'est connecté
2015-01-16T14:24:22 <MaCharon> salut
2015-01-16T14:24:23 *** heuzef est parti
2015-01-16T14:24:33 <Elvon> YEEEEEEaayyy !! Il est de retour tous ça parce que j'ai dit qu'il avait du Chat-risme
2015-01-16T14:24:41 <adriens33> Elvon: tu fais quoi avec ta touche entrée ?
2015-01-16T14:24:42 <Elvon> a bah il est parti :(
2015-01-16T14:24:59 <Elvon> j'appuie dessus en plein milleu de pha
2015-01-16T14:25:03 <Elvon> phrase
2015-01-16T14:25:07 <Elvon> X/
2015-01-16T14:25:48 <adriens33> ok.. ^^
2015-01-16T14:52:25 <Elvon> presque fini mon job pour demain
2015-01-16T14:52:51 <Elvon> MaCharon: tu fait quoi présentement ?
2015-01-16T14:53:16 <MaCharon> ben la je glande à la maison
2015-01-16T14:55:43 *** heuzef s'est connecté
2015-01-16T15:03:03 <Elvon> RE-re-
2015-01-16T15:03:07 <Elvon> rebonjour
2015-01-16T15:04:50 <Elvon> MaCharon: y a t-il moyen que squouate un peu
2015-01-16T15:04:59 <Elvon> cette aprém ?
2015-01-16T15:06:24 <MaCharon> quand tu veux mais on part vers 17h
2015-01-16T15:17:33 <Elvon> a peluche tard Everyponies!! MaCharon je part a desuite
2015-01-16T15:17:38 *** Elvon est parti
2015-01-16T16:28:35 *** TrappyTickles est parti
2015-01-16T16:28:52 *** TrappyTickles s'est connecté
2015-01-16T16:38:55 *** adriens33 est parti
2015-01-16T16:53:50 *** TrappyTickles est parti
2015-01-16T16:53:52 *** TrappyTickles s'est connecté
2015-01-16T16:58:14 *** ELiDYROS s'est connecté
2015-01-16T17:01:45 *** heuzef est parti
2015-01-16T17:35:10 *** TrappyTickles est parti
2015-01-16T17:35:31 *** TrappyTickles s'est connecté
2015-01-16T17:55:58 *** heuzef s'est connecté
2015-01-16T17:59:03 *** MaCharon est parti
2015-01-16T18:04:15 <ELiDYROS> yo
2015-01-16T19:07:47 *** Lenile s'est connecté
2015-01-16T19:08:46 <Lenile> Salut !
2015-01-16T19:08:55 <Lenile> heuzef justement je voulais ton aide !
2015-01-16T19:19:24 <ELiDYROS> Hello.
2015-01-16T19:32:23 *** adriens33 s'est connecté
2015-01-16T19:32:46 *** Elvon s'est connecté
2015-01-16T19:34:29 <Elvon> Soir à ELiDYROS Lenile et puis re a tout les autres.
2015-01-16T19:34:35 <Lenile> Yop
2015-01-16T19:34:39 <ELiDYROS> Salut
2015-01-16T19:34:54 <Lenile> Personne ne sais si il faut un truc spécifique pour crée un DD externe qui sert de serveur ?
2015-01-16T19:35:33 <adriens33> Lenile: c'est quoi ce que tu racontes ? pour faire un serveur il faut une machine, pas juste un disque dur, qu'il soit interne ou externe...
2015-01-16T19:35:37 <Elvon> en fait souvent on monte un serveur qui sert de stockage et non l'inverse
2015-01-16T19:36:15 <Lenile> ça je sais Adri
2015-01-16T19:36:24 <Lenile> Justement, la machine à besoin d'un DD
2015-01-16T19:36:28 <adriens33> et ?
2015-01-16T19:37:04 <Lenile> Bah c'est quoi comme machine qui faut
2015-01-16T19:37:06 <adriens33> tu branche le DD et tu le monte ou tu veux. quelle différence entre un stokage interne ou externe ? (si ce n'est que l'externe tu peux l'unplug plus
2015-01-16T19:37:06 <adriens33> facilement) ?
2015-01-16T19:37:25 <adriens33> il n'y a pas de réponse à cette question.
2015-01-16T19:37:30 <adriens33> du moins pas générique.
2015-01-16T19:37:48 <adriens33> selon ce que tu veux  faire, un Raspberry Pi peut suffire
2015-01-16T19:37:59 <Elvon> A et bien il te faut une machine que tu puisse brancher a un résaux. a partir de la tu y mettre juste une configue de base
2015-01-16T19:38:01 <adriens33> comme il peut te falloir un Intel Xeon 12 cœurs avec 32 Go de ram.
2015-01-16T19:38:18 <Lenile> Juste un serveur externe de stockage te d'envois de données
2015-01-16T19:38:27 <Lenile> Accessible sur un peut tout les postes
2015-01-16T19:38:36 <Lenile> Genre un poste du lycée par exemple
2015-01-16T19:38:41 <Lenile> Ou si je part en vacances
2015-01-16T19:39:12 <Lenile> Pour le branché à un réseau c'est no problem j'ai la box dans la chambre
2015-01-16T19:39:19 <Lenile> Fibre maggle
2015-01-16T19:39:40 <Lenile> En gros un serveur avec le quel je peut faire mumuse à faire un peut de tout dessus
2015-01-16T19:39:54 <Elvon> pour du stockage local ou a courte distance (un mini-tour avec le stricte néssaire en terme place (aprés pour les model et tout c'est toi qui voit) avec un dd le mieux avec 1 ssd ou 2)
2015-01-16T19:41:17 <Elvon> Lenile: tu a skype ?
2015-01-16T19:41:26 <Lenile> Ouais go skype
2015-01-16T19:41:32 <Lenile> Dark-Daboy
2015-01-16T19:47:07 <TrappyTickles> voila, tous les wtpony sont désormais doublés en FR... dans 5 jours ils seront tous sur youtube
2015-01-16T20:03:55 *** heuzef est parti
2015-01-16T20:09:24 <ELiDYROS> J'ai presque récupéré mes 50Mb/s o/
2015-01-16T20:33:15 <Elvon> Vive les connexion en souffle d'asmathique
2015-01-16T20:33:27 <Lenile> 50Mo/s ?...
2015-01-16T20:33:30 <Lenile> Serieu ? e.ê
2015-01-16T20:33:33 <Lenile> Comment tu fait ? :D
2015-01-16T20:34:13 <Elvon> j'ai inverser M et k parce que 50Kb/s c'est chaud
2015-01-16T20:38:38 <adriens33> Lenile: 50Mb/s.....
2015-01-16T20:38:42 <adriens33> pas Mo
2015-01-16T20:38:43 <adriens33> Mb
2015-01-16T20:39:28 *** DarkNight5047 s'est connecté
2015-01-16T20:40:05 <Lenile> Ha Oops :D
2015-01-16T20:40:18 <Lenile> ça fait beaucoup de bites
2015-01-16T20:43:27 *** flutterbrony s'est connecté
2015-01-16T20:43:36 <flutterbrony> bonsoir
2015-01-16T20:45:40 <DarkNight5047> salut
2015-01-16T20:45:46 <Elvon> Soir
2015-01-16T20:46:40 <ELiDYROS> Du coup niveau débit ça va mais j'ai pas récupéré un bon ping
2015-01-16T20:49:55 <Lenile> C'est la fiesta sur le Plug DJ
2015-01-16T20:52:30 <ELiDYROS> Parcontre en wifi je dépasse pas 12MBs c'est bizarre
2015-01-16T20:53:30 <flutterbrony> Ta wifi qui te bride
2015-01-16T20:53:44 <flutterbrony> Je vais manger @+
2015-01-16T20:54:45 <ELiDYROS> Elle me bridait pas avant donc bon...
2015-01-16T20:55:10 *** ELiDYROS est parti
2015-01-16T20:56:53 *** ELiDYROS s'est connecté
2015-01-16T21:01:24 <ELiDYROS> Deplus mon modem est censé pouvoir sortir jusqu'à 130Mb/s en WiFi
2015-01-16T21:04:05 *** ELiDYROS est parti
2015-01-16T21:05:27 *** ELiDYROS s'est connecté
2015-01-16T21:06:09 <flutterbrony> re
2015-01-16T21:06:23 <flutterbrony> et Merci Berry-Punch :
2015-01-16T21:07:36 <DarkNight5047> berry punch a bu ?
2015-01-16T21:07:39 <DarkNight5047> mdr
2015-01-16T21:07:56 <ELiDYROS> Je vais tenter des fouiller dans mes fichiers système tiens
2015-01-16T21:08:01 *** ELiDYROS est parti
2015-01-16T21:10:57 *** DarkNight5047 est parti
2015-01-16T21:18:51 <Lenile> De l'alcool
2015-01-16T21:26:19 <Elvon> Mon cher rien n'importe plus qu'un stock convenable
2015-01-16T21:26:42 * flutterbrony donne du sacké a Berry-Punch
2015-01-16T21:26:49 <Lenile> WINGADUM LEVIOSAAAAA
2015-01-16T21:27:20 <Elvon> Un bon Cuviste ce doit d'avoir de quoi cuvé pendant au moins 2 mois constament
2015-01-16T21:28:09 * Elvon file a la cave pour remonter un belle bouteil du clan Ambelle
2015-01-16T21:35:52 <flutterbrony> Bon, j'y vais bonne nuit x)
2015-01-16T21:36:09 *** flutterbrony est parti
2015-01-16T21:36:25 *** ELiDYROS s'est connecté
2015-01-16T21:40:53 <Elvon> Bonsoir
2015-01-16T21:40:57 <Elvon> j'y go
2015-01-16T21:41:01 *** Elvon est parti
2015-01-16T22:12:31 *** Lenile est parti
2015-01-16T22:17:39 *** ELiDYROS est parti
2015-01-16T22:24:58 *** ELiDYROS s'est connecté
