2015-03-29T00:04:39 <Octyy> bonjour ? ^^
2015-03-29T00:04:46 <Fidzu> Mousstery: demain quelle heure au cinema ?
2015-03-29T00:04:49 <Fidzu> bonsoir
2015-03-29T00:04:59 <Octyy> Je suis nouveau ^-^
2015-03-29T00:05:07 <Mousstery> Bienvenue le nouveau !
2015-03-29T00:05:08 <Fidzu> http://fidzu.deviantart.com/art/Powerfull-Trixie-4-angles-of-view-523181974?q=gallery%3Afidzu&qo=0
2015-03-29T00:05:12 <Mousstery> PARTY CANON !
2015-03-29T00:05:13 <Fidzu> bienvenu a toi
2015-03-29T00:05:20 <Fidzu> Welcome Welcome Welcome !!!!
2015-03-29T00:05:31 <Mousstery> Que quelqu'un m'emmene un canon de fête >o<
2015-03-29T00:05:34 <Octyy> Si il y avait des gens a l'animazia a Bordeau aujourd'hui , ils doivent me connaitre x)
2015-03-29T00:05:59 <Fidzu> est ce que tu as recu des calin d'un chinois et d'un mec avec une tete de cheval ?
2015-03-29T00:06:06 <Octyy> Oui ! :D
2015-03-29T00:06:12 <Fidzu> le chinois c'est moi ^^
2015-03-29T00:06:16 <Octyy> Je suis celui qui était en cosplay de Vinyl ! ^^
2015-03-29T00:06:20 <Fidzu> ah !
2015-03-29T00:06:40 <Fidzu> bienvenue ducoup
2015-03-29T00:06:45 <Octyy> Merci :p
2015-03-29T00:06:56 <Fidzu> on commence direct aveec le harcelement des event
2015-03-29T00:07:13 <Fidzu> demain on va au cinema avec des gens ( et avec le créateur de bronycub ) tu veux venir ?
2015-03-29T00:08:34 <Fidzu> non ?
2015-03-29T00:11:50 <Octyy> Reuh
2015-03-29T00:11:55 <Octyy> Désolé j'étais pas la ^^'
2015-03-29T00:11:58 <Octyy> A bordeaux ?
2015-03-29T00:12:35 <Fidzu> ouai
2015-03-29T00:12:37 <Fidzu> au megarama
2015-03-29T00:12:46 <Fidzu> c'est bien ca Mousstery ?
2015-03-29T00:13:01 <Mousstery> comme dirait big mac : "Yeep"
2015-03-29T00:13:01 <Octyy> Je suis a deux heure de bordeaux... ^^'
2015-03-29T00:13:07 <Fidzu> eeyup
2015-03-29T00:13:08 <Octyy> une heure et demi *
2015-03-29T00:13:22 <Fidzu> ben moi pour y a ller je vais bien metre 1H30 aussi ^^
2015-03-29T00:13:22 <Mousstery> Ah tu est vers ou Octyy?
2015-03-29T00:13:36 <Octyy> Octy *
2015-03-29T00:13:47 <Octyy> Mais c'était deja pris alors j'ai pris avec 2 Y ^^'
2015-03-29T00:13:50 <Octyy> Mais j'habite vers Dax ^^'
2015-03-29T00:14:07 <Mousstery> Je vois pas ou c'est..
2015-03-29T00:14:47 <Octyy> Dans les Landes
2015-03-29T00:14:57 <Octyy> Limite entre le 40 et le 64... ^^'
2015-03-29T00:15:00 <Fidzu> ah
2015-03-29T00:15:17 <Mousstery> ah
2015-03-29T00:15:19 <Mousstery> c'est
2015-03-29T00:15:22 <Mousstery> loin xà
2015-03-29T00:15:25 <Octyy> Yep...
2015-03-29T00:15:37 <Octyy> Donc l'animazia je vais pas le faire tous les 3 jours... ^^'
2015-03-29T00:15:52 <Octyy> Mais la prochaine fois que vous pourrez me voir a une convention c'est a la Japan Expo :3
2015-03-29T00:16:38 <Fidzu> sinon c'est q uelle heure demain ? j'ai oublié
2015-03-29T00:17:11 <Mousstery> 11h?
2015-03-29T00:17:31 <Fidzu> ok devant le megarama ?
2015-03-29T00:17:53 <Mousstery> yep
2015-03-29T00:18:00 <Octyy> Bon moi je vais aller dormir... ^^'
2015-03-29T00:18:03 <Octyy> Bonne nuit ! :3
2015-03-29T00:18:05 <Fidzu> bn
2015-03-29T00:18:17 <Octyy> ( Je vais essayer de revenir demain ^^ )
2015-03-29T00:18:25 *** Octyy est parti
2015-03-29T00:18:40 <Fidzu> ah c'est cool edpuis barierre de toulouse le 10 il y emmene direct
2015-03-29T00:18:50 <Fidzu> je metrais 1H
2015-03-29T00:18:55 <Fidzu> et 4minutes
2015-03-29T00:47:05 *** adriens33 est parti
2015-03-29T00:57:03 *** Fidzu est parti
2015-03-29T01:00:45 *** TrappyTickles est parti
2015-03-29T03:03:42 *** Mousstery est parti
2015-03-29T03:34:32 *** ELiDYROS est parti
2015-03-29T03:52:40 *** MaCharon est parti
2015-03-29T04:55:48 *** Gordfang est parti
2015-03-29T09:54:28 *** wildfier est parti
2015-03-29T10:03:46 *** Fidzu s'est connecté
2015-03-29T10:09:30 *** wildfier s'est connecté
2015-03-29T10:27:33 *** Mousstery s'est connecté
2015-03-29T10:28:11 <Mousstery> Mousstery l'homme qui est devant le cinema mais qui vous parle quand meme ^^
2015-03-29T10:29:20 *** Mousstery est parti
2015-03-29T10:52:35 *** TrappyTickles s'est connecté
2015-03-29T11:22:23 *** Octyy s'est connecté
2015-03-29T11:22:29 <Octyy> Bonjour :)
2015-03-29T12:01:55 *** Octyy est parti
2015-03-29T13:30:47 *** MaCharon s'est connecté
2015-03-29T14:19:00 *** AlphaDash s'est connecté
2015-03-29T14:45:10 *** AlphaDash est parti
2015-03-29T14:47:49 *** ELiDYROS s'est connecté
2015-03-29T14:56:59 <wildfier> yop ELiDYROS
2015-03-29T14:57:11 <ELiDYROS> Hello
2015-03-29T14:57:28 <wildfier> je finis de manger et j'arrive ^^
2015-03-29T14:57:51 <ELiDYROS> je déjeune aussi du coup, ça donne vers quelle heure ?
2015-03-29T14:59:44 <wildfier> j'en suis au dessert donc dans pas longtemps
2015-03-29T15:02:44 <wildfier> avant la demi ça te vas ?
2015-03-29T15:14:49 *** Gordfang s'est connecté
2015-03-29T15:15:18 <Gordfang> yo
2015-03-29T15:15:37 *** Gordfang est parti
2015-03-29T15:16:51 *** Gordfang s'est connecté
2015-03-29T15:17:12 <ELiDYROS> comme ça t'arrange
2015-03-29T15:17:22 <Gordfang> re
2015-03-29T15:19:58 <wildfier> ok, j'arrive alors :)
2015-03-29T15:20:11 <wildfier> bye l'IRC
2015-03-29T15:20:16 *** wildfier est parti
2015-03-29T15:20:16 <Gordfang> bye
2015-03-29T15:20:28 <Gordfang> ELiDYROS il vient test bloodborn?
2015-03-29T15:20:51 <ELiDYROS> ouais
2015-03-29T15:21:07 <Gordfang> k
2015-03-29T15:21:41 <Gordfang> tu le trouve comment?
2015-03-29T15:21:55 <ELiDYROS> difficile de donner mon avis tellement je suis mauvais
2015-03-29T15:22:02 <Gordfang> XD
2015-03-29T15:22:03 <ELiDYROS> mais en tout cas la DA est vraiment bien
2015-03-29T15:22:11 <Gordfang> da?
2015-03-29T15:22:11 <ELiDYROS> et le level design vraiment bon
2015-03-29T15:22:28 <Gordfang> pour le level c'est du from software donc ouai on pouvais s'y attendre
2015-03-29T15:22:48 <ELiDYROS> direction artistique
2015-03-29T15:23:00 <Gordfang> ok
2015-03-29T15:23:07 <Gordfang> très van helsing il me semble?
2015-03-29T15:23:32 <ELiDYROS> très gothique / Londres Victorien disons
2015-03-29T15:23:59 <Gordfang> k
2015-03-29T15:24:05 <ELiDYROS> tu l'as pas essayé ?
2015-03-29T15:24:43 <Gordfang> non pas encore ^^
2015-03-29T15:24:50 <Gordfang> mais c'est du from je sait que je vais aimer
2015-03-29T15:25:04 <ELiDYROS> faut venir alors
2015-03-29T15:25:25 <ELiDYROS> enfin, j'ai pas nécessairement penser à proposer car souvent t'es pas trop chaud pour les sessions
2015-03-29T15:25:41 <Gordfang> :D ouai je vais peut être passer d'ici 30 minute
2015-03-29T15:25:50 <Gordfang> ce sera bon?
2015-03-29T15:25:54 <ELiDYROS> oui
2015-03-29T15:26:11 <Gordfang> k
2015-03-29T15:26:20 <ELiDYROS> après c'est bien beau de faire des Souls mais du coup ils font plus vraiment d'autres jeux
2015-03-29T15:26:57 <Gordfang> il fessais quoi a côté?
2015-03-29T15:27:16 <ELiDYROS> Armored Core surtout, et quelques jeux moins connus
2015-03-29T15:27:36 <ELiDYROS> ils ont fait 3D Dot Game Heroes je crois
2015-03-29T15:27:55 <Gordfang> ok, ils sont pas vraiment célébre pour ces jeux c'est surement pour ça
2015-03-29T15:28:11 <ELiDYROS> en occident non
2015-03-29T15:28:22 <ELiDYROS> au Japon, les AC sont relativement connus
2015-03-29T15:28:31 <ELiDYROS> même si c'est devenu très casu ces dernières années
2015-03-29T15:29:04 <Gordfang> jamais tester
2015-03-29T15:29:09 <Gordfang> c'est un truc de mecha non?
2015-03-29T15:32:22 <ELiDYROS> oui
2015-03-29T15:33:12 <Gordfang> k
2015-03-29T15:33:47 <ELiDYROS> je quitte irc, à tout'
2015-03-29T15:35:58 <Gordfang> a tte
2015-03-29T15:38:15 *** ELiDYROS est parti
2015-03-29T15:41:27 <Gordfang> bon bas moi aussi j'y go a tte!
2015-03-29T15:41:29 *** Gordfang est parti
2015-03-29T15:59:42 *** tenorik s'est connecté
2015-03-29T16:09:02 <Fidzu> Bonsoir tenorik
2015-03-29T16:20:25 *** Elvon s'est connecté
2015-03-29T16:20:58 <Elvon> Bien le Bonjour  tous.
2015-03-29T16:21:07 <Elvon> à tous*
2015-03-29T16:22:02 <Elvon> Je passe en coup de vent (je suis encore fatiguer d'hier)
2015-03-29T16:23:23 <tenorik> yo
2015-03-29T16:23:30 <Elvon> ?
2015-03-29T16:24:06 <Elvon> à ok, bienvenue à toi tu es nouveau?
2015-03-29T16:25:03 <tenorik> non je côtoie juste quelques membres de bronycub
2015-03-29T16:25:21 <Elvon> Oki doki
2015-03-29T16:25:35 <tenorik> ^^
2015-03-29T16:26:09 <Elvon> bon bah moi je vais vous laissez, je vais faire sieste du dimanche. j'ai des cernes plein le visage. :3
2015-03-29T16:26:19 <Elvon> à peluche
2015-03-29T16:26:21 *** Elvon est parti
2015-03-29T17:04:53 *** Fidzu est parti
2015-03-29T17:04:57 *** adriens33 s'est connecté
2015-03-29T17:05:25 <adriens33> bon-soir! :]
2015-03-29T17:05:49 <adriens33> fichtre, y'a tellement moins d'monde qu'hier
2015-03-29T17:05:55 <adriens33> y'a eu des morts ? XD
2015-03-29T17:06:06 * adriens33 cache la hache *
2015-03-29T17:08:28 <adriens33> tenorik> tiens, un inconnu ? =D
2015-03-29T17:09:39 <adriens33> bon bah... bon bah c'pas grave. :D
2015-03-29T17:10:04 * adriens33 s'endors sur l'clavier comme un poney qu'aurait pas dormi depuis une semaine
2015-03-29T17:10:15 <adriens33> s'endort *
2015-03-29T17:11:10 <tenorik> oups désolée
2015-03-29T17:13:01 <adriens33> non c'pas grave. :)
2015-03-29T17:13:12 <adriens33> nouveau / nouvelle ?
2015-03-29T17:13:44 <tenorik> je connais quelques membres de bronycub et là je sais pas je suis passée sur le tchat sans raison
2015-03-29T17:14:22 <adriens33> okay, c'valide. :D
2015-03-29T17:16:56 <adriens33> et t'habites sur bordeaux ?
2015-03-29T17:17:14 <adriens33> (ou la cub, c'pareil mais en plus moins p'tit)
2015-03-29T17:17:34 <tenorik> yes aux alentours
2015-03-29T17:18:26 *** tenorik est parti
2015-03-29T17:23:57 <adriens33> damn l'est rapide.
2015-03-29T17:23:59 <adriens33> :]
2015-03-29T17:28:26 *** MaCharon est parti
2015-03-29T17:29:57 *** MaCharon s'est connecté
2015-03-29T17:57:24 *** adriens33 est parti
2015-03-29T18:45:12 *** Fidzu s'est connecté
2015-03-29T19:20:10 *** ELiDYROS s'est connecté
2015-03-29T19:24:30 *** adriens33 s'est connecté
2015-03-29T19:24:45 <adriens33> bonsoir à ceux que je n'ai pas vu tout à l'heure.
2015-03-29T19:25:59 <ELiDYROS> salut adriens33
2015-03-29T19:26:09 <Fidzu> Bonsoir
2015-03-29T19:26:40 <adriens33> que faites-vous d'intéressant, en ce dimanche soir *tousse* pourr*tousse*i ?
2015-03-29T19:27:28 <ELiDYROS> pourri ?
2015-03-29T19:27:59 <adriens33> bon certes, il ne pleut pas vraiment, mais on ne peut pas dire qu'il fasse beau.
2015-03-29T19:29:59 <ELiDYROS> j'avoue ces derniers temps
2015-03-29T19:30:37 <adriens33> et aussi pour l'animasia hier, je suis un peu dégouté.
2015-03-29T19:30:45 <ELiDYROS> pas pu y aller ?
2015-03-29T19:30:49 <adriens33> déjà la nuit précédente, j'ai fait une nuit blanche
2015-03-29T19:30:57 <adriens33> j'ai pris une bonne dose de café le matin
2015-03-29T19:31:05 <adriens33> ça a fait effet.. jusqu'à midi.
2015-03-29T19:31:18 <adriens33> là je suis tombé comme une masse devant mon ordinateur
2015-03-29T19:31:25 <adriens33> et je me suis réveillé à 19h
2015-03-29T19:31:39 <adriens33> (et habitant à talence, pour aller au haillant avant 20h c'était cuit)
2015-03-29T19:31:55 <adriens33> (tl;dr: non j'ai pas pu y aller)
2015-03-29T19:34:15 <ELiDYROS> désolé de l'apprendre
2015-03-29T19:35:15 <adriens33> j'aurais au moins pu aller à celui d'octobre, c'est déjà ça. mais bon là en plus, c'était gratuit..
2015-03-29T19:37:57 *** Fidzu est parti
2015-03-29T19:39:06 <adriens33> la 3G / 4G c'est toujours pas ça, à ce que je peux voir…
2015-03-29T19:42:27 *** Fidzu s'est connecté
2015-03-29T19:45:14 <adriens33> comment vas-tu Fidzu ?
2015-03-29T19:45:33 <Fidzu> je vais cool
2015-03-29T19:45:35 <Fidzu> et toi ?
2015-03-29T19:48:09 <Fidzu> #vent
2015-03-29T19:48:33 <adriens33> non pas vent
2015-03-29T19:48:43 <adriens33> j'ai plusieurs fenetres et bureaux
2015-03-29T19:48:46 <adriens33> (je suis sous Linux)
2015-03-29T19:48:54 <Fidzu> -.-
2015-03-29T19:48:59 <adriens33> donc je ne réponds pas toujours de suite car je ne vois pas forcément la fenetre irc.
2015-03-29T19:49:21 <adriens33> pour répondre à ta question, ça pourrait aller bien mieux, mais je fais avec.
2015-03-29T19:49:38 <Fidzu> ah ?
2015-03-29T19:49:53 <adriens33> !history
2015-03-29T19:49:57 <adriens33> zut.
2015-03-29T19:49:59 <adriens33> trop tard.
2015-03-29T19:50:04 <adriens33> 19:30:48   +adriens33 │ déjà la nuit précédente, j'ai fait une nuit blanche                                                                                                                                                                                       │
2015-03-29T19:50:07 <adriens33> 19:30:57   +adriens33 │ j'ai pris une bonne dose de café le matin                                                                                                                                                                                                 │
2015-03-29T19:50:11 <adriens33> 19:31:04   +adriens33 │ ça a fait effet.. jusqu'à midi.                                                                                                                                                                                                           │
2015-03-29T19:50:14 <adriens33> 19:31:18   +adriens33 │ là je suis tombé comme une masse devant mon ordinateur                                                                                                                                                                                    │
2015-03-29T19:50:16 <adriens33> 19:31:24   +adriens33 │ et je me suis réveillé à 19h                                                                                                                                                                                                              │
2015-03-29T19:50:18 <adriens33> 19:31:38   +adriens33 │ (et habitant à talence, pour aller au haillant avant 20h c'était cuit)                                                                                                                                                                    │
2015-03-29T19:50:34 <Fidzu> ah
2015-03-29T19:51:05 <Fidzu> tu voulais aller a l'animasia
2015-03-29T19:51:06 <Fidzu> ?
2015-03-29T19:51:19 <adriens33> ça me semble évident si je dis que je n'ai pas pu y aller
2015-03-29T19:51:39 <adriens33> et puis j'ai eu d'autres petits trucs aujourd'hui qui s'ajoutent à d'autres trucs
2015-03-29T19:51:42 <adriens33> donc voila
2015-03-29T19:51:47 <adriens33> (oui c'est vague, je sais ^^)
2015-03-29T19:51:49 <Fidzu> =/
2015-03-29T19:52:14 <adriens33> au moins j'ai des trucs à regarder pour me changer les idées, c'est déjà ça
2015-03-29T19:54:19 <adriens33> sinon, quoi de neuf Q
2015-03-29T19:54:22 <adriens33> ?
2015-03-29T20:38:26 <Fidzu> je me rend compte que ma trixie avec un gros pentagramme rouge sous ses pied ça fait bizarre -.-
2015-03-29T20:39:14 <Fidzu> ben je sors de la pom avec moustery et seb
2015-03-29T20:45:15 <adriens33> ok
2015-03-29T20:45:18 <adriens33> c'était bien ?
2015-03-29T20:46:51 <Fidzu> ouai
2015-03-29T20:47:04 <Fidzu> c'est dommage
2015-03-29T20:47:06 <Fidzu> on etait que 3
2015-03-29T20:47:15 <Fidzu> mais sinon ca va
2015-03-29T20:56:17 *** Lenile s'est connecté
2015-03-29T20:56:25 <Lenile> Yop les filles
2015-03-29T20:57:11 <Fidzu> yop bonhomme
2015-03-29T20:57:45 <adriens33> bonsoir Lenile
2015-03-29T20:58:54 <Lenile> Fidzu ton pseudo me dit rien :c
2015-03-29T20:59:23 <Fidzu> pourtant je t'ai deja vu
2015-03-29T20:59:28 <Fidzu> je suis la depuis le debut de l'année
2015-03-29T20:59:42 <Fidzu> ou un peu plus
2015-03-29T20:59:46 <Lenile> Me souvient plus :c
2015-03-29T20:59:58 <Lenile> adriens33 par hasard t'aurais pas le numéro de Remy ?
2015-03-29T21:00:10 <Fidzu> chord tickle ?
2015-03-29T21:02:19 <Lenile> Lezarius
2015-03-29T21:02:21 <adriens33> non Lenile, je ne suis pas un annuaire, désolé. et de plus ça fait longtemps qu'il n'a pas daigné pointer le bout de son nez, alors..
2015-03-29T21:02:41 <Lenile> Je demandais juste pas la peine d'etre désagréable ._.
2015-03-29T21:04:57 <adriens33> je ne suis pas désagréable lenile. Je te réponds poliment, c'est tout
2015-03-29T21:05:11 <adriens33> excuse moi de ne pas péter le feu ni mettre de smileys tout content partout.
2015-03-29T21:07:03 <Lenile> Mouai
2015-03-29T21:07:07 <Fidzu> c'est quoi le pseudo de valentin ?
2015-03-29T21:07:16 <Lenile> C'est ça le soucis.
2015-03-29T21:07:24 <Lenile> Valentin comment ? :)
2015-03-29T21:07:37 <Fidzu> je sais pas, celui chez qui vous avez fait le live s4
2015-03-29T21:08:31 <Lenile> Le Live S4 ? e.ê
2015-03-29T21:08:36 <Lenile> J'était la ? e.ê
2015-03-29T21:08:49 <Fidzu> je sais pas ^^
2015-03-29T21:08:57 <adriens33> de toute manière, que tu me croies ou non ne change rien au fait que je ne l'aie pas son téléphone. et aussi qu'il ne vient plus depuis un moment. (je ne parle meme pas des mail)
2015-03-29T21:09:02 <adriens33> fin mai
2015-03-29T21:09:13 <adriens33> le meetup pour le dernier épisode de la saison 4
2015-03-29T21:09:33 <Fidzu> c'est pour voir avec lui si on peux faire le live s5 chez lui ou pas, parce que je sais que pas mal de gens ne viendrons pas si on le fais au calice a cause du prix ..
2015-03-29T21:09:38 <Lenile> J'sais pas si j'était la mais on à que deux Valentin
2015-03-29T21:09:40 <adriens33> c'est Yolteotl il me semble
2015-03-29T21:09:45 <adriens33> (Valentin Offner)
2015-03-29T21:09:48 <Lenile> ValCab33 et Yolteotl
2015-03-29T21:10:03 <Fidzu> j'ai jamais vu Yolteotl
2015-03-29T21:10:05 <Fidzu> sur le chat
2015-03-29T21:10:12 <Lenile> Perso le Calice j'y met plus les piedS.
2015-03-29T21:10:15 <Lenile> pieds*)
2015-03-29T21:10:18 <Fidzu> ah
2015-03-29T21:10:20 <adriens33> Oui, il y a pas mal de monde qui n'est jamais venu ici.
2015-03-29T21:10:21 <Fidzu> pk ?
2015-03-29T21:10:23 <adriens33> Pourquoi Lenile ?
2015-03-29T21:10:40 <Lenile> Bah le Calice c'est comme les Havres Sacs sur Wakfu
2015-03-29T21:10:45 <Lenile> C'est bien d'y etre de temps en temps
2015-03-29T21:10:56 <Lenile> Mais quand les gens décident de RP dans les HS tout el temps
2015-03-29T21:11:01 <Lenile> Ca devient vite fait lourd
2015-03-29T21:11:04 <adriens33> (à part qu'il faille payer 3€ / l'entrée, ce qui est raisonnable quand as un petit peu d'argent, et de toute façon il faut bien qu'ils aient des revenus pour payer leur loyer)
2015-03-29T21:11:18 <adriens33> "de RP dans les HS" → que veux-tu dire ?
2015-03-29T21:11:22 <Lenile> Nan s'pas question du Prix.
2015-03-29T21:11:32 <adriens33> j'ai dit
2015-03-29T21:11:35 <adriens33> *à part* ça
2015-03-29T21:11:38 <Lenile> Sur Wakfu on à des Havres Sacs, de petites maisons enfermées dans nos sac.
2015-03-29T21:11:45 <Fidzu> mais la on va juste y faire un live pour la saison 5, pas de rp, jdr ou quoi que ce soit
2015-03-29T21:11:48 <Fidzu> juste du poney
2015-03-29T21:11:48 <Lenile> La plus part du temps on fait du Role Play dedant
2015-03-29T21:12:05 <Lenile> Bah faire du RP dedant tout le temps ça devient lourd
2015-03-29T21:12:07 <adriens33> C'est quoi Wakfu ?
2015-03-29T21:12:09 <Lenile> Bah la s'pareil.
2015-03-29T21:12:15 <adriens33> c'est quoi un Havre sac ?
2015-03-29T21:12:16 <Lenile> Le bébé de Dofus.
2015-03-29T21:12:21 <adriens33> (rp je connais, merci)
2015-03-29T21:12:27 <Lenile> Et je vient de l'expliqué le Havre Sac.
2015-03-29T21:12:34 <Lenile> " on à des Havres Sacs, de petites maisons enfermées dans nos sac. "
2015-03-29T21:12:34 <Fidzu> donc tu viendras pas au calice meme pour le lancement de la saison 5 ?
2015-03-29T21:12:44 <Lenile> Exactement Fidzu
2015-03-29T21:12:50 <adriens33> désolé, mais je ne vois pas ce que tu signifies par une maison dans un sac.
2015-03-29T21:12:53 <Fidzu> =(
2015-03-29T21:13:00 <Fidzu> COMME DORA
2015-03-29T21:13:03 <Lenile> Quand je bouge pour aller à un interieur c'est pour aller quelque part d'autre qu'a Bordeaux Centre n.n
2015-03-29T21:13:12 <adriens33> Donc tu ne veux pas venir parce qu'il y a des gens qui rp dedans '
2015-03-29T21:13:15 <adriens33> ?
2015-03-29T21:13:16 <Lenile> http://www.google.fr/imgres?imgurl=http://image.noelshack.com/fichiers/2012/47/1353593742-mon-havre-sac.png&imgrefurl=http://forum.wakfu.com/fr/69-autres/287664-suggestion-amelioration-decos-havre-sac&h=1080&w=1920&tbnid=aSStzsO-9WrzPM:&zoom=1&tbnh=90&tbnw=160&usg=__GjsqP0vSMtBPVGUVmd-YjZI0w_s=&docid=MwW8qSyIsi4QCM&sa=X&ei=xE4YVbDRN--R7Aa7tYDQAw&ve
2015-03-29T21:13:17 <Lenile> d=0CCQQ9QEwAA
2015-03-29T21:13:19 <Lenile> Havre Sac
2015-03-29T21:13:21 <adriens33> trouve toi une autre excuse, c'est un peu gros ça
2015-03-29T21:13:28 <Lenile> Non --'
2015-03-29T21:13:30 <adriens33> ton lien est immonde
2015-03-29T21:13:37 <adriens33> je peux même pas cliquer dessus.
2015-03-29T21:13:42 <Fidzu> voila pourquoi je voudrais parler avec valentin
2015-03-29T21:13:42 <Lenile> Pour faire un peut plus "simple"
2015-03-29T21:14:00 <Fidzu> surtout que c'est bientot
2015-03-29T21:14:03 <Lenile> Sur un jeux on RP dans des maisons et RP tout le temps à l'interieur des maisons c'est lourd.
2015-03-29T21:14:14 <Lenile> Bah la s'pareil, Traité tout le temps en interieur c'est chiant.
2015-03-29T21:14:21 <adriens33> (d'ordinaire je les ai en horreur, mais là c'est bien trop long → http://goo.gl/
2015-03-29T21:14:22 <Fidzu> donc si il faut changer le rdv, faudrais que je lui parle et vite -.-
2015-03-29T21:14:23 <adriens33> )
2015-03-29T21:14:37 <adriens33> "on rp dans des maisons" ?
2015-03-29T21:14:44 <Lenile> Surtout quand tes à Bordeaux centre et que l'on est 10 enfermé dans 4m² )
2015-03-29T21:14:50 <adriens33> comment peux tu emporter un maison dans un sac ?
2015-03-29T21:14:54 <Lenile> Laisse tombé Adrien
2015-03-29T21:14:55 <Lenile> En gros
2015-03-29T21:14:59 <Lenile> EN TRES GROS
2015-03-29T21:15:05 <adriens33> non mais, ne me prends pas pour un débile non plus.
2015-03-29T21:15:05 <Lenile> L'interieur c'est chiand
2015-03-29T21:15:08 <adriens33> je ne supporte pas.
2015-03-29T21:15:09 <Lenile> chiant*
2015-03-29T21:15:16 <adriens33> c'est ton explication qui est foireuse.
2015-03-29T21:15:24 <Lenile> Nan s'toi qui comprend pas
2015-03-29T21:15:28 <Lenile> J'peut pas faire plus simple ._.
2015-03-29T21:15:29 <adriens33> une maison ça ne rentre pas dans un sac.
2015-03-29T21:15:35 <Lenile> ...
2015-03-29T21:15:38 <adriens33> donc explique ce que tu entends par maison.
2015-03-29T21:15:40 <adriens33> et par sac.
2015-03-29T21:15:41 <Lenile> C'est un jeux Heroic Phantasy
2015-03-29T21:15:44 <Lenile> Ca te va
2015-03-29T21:15:45 <Lenile> ?
2015-03-29T21:15:54 <adriens33> moi si je pouvais entrer mon appart dans un sac j'en serais content.
2015-03-29T21:16:01 <adriens33> ne me prend pas pour un con.
2015-03-29T21:16:06 <Lenile> ...T'a regarder la pics que je t'es envoyer ?
2015-03-29T21:16:08 <Lenile> e.e
2015-03-29T21:16:12 <adriens33> JE PEUX PAS
2015-03-29T21:16:16 <Fidzu> dis toi que c'est comme une pocket dimension
2015-03-29T21:16:18 <adriens33> JE PEUX PAS CLIQUER SUR TON LIEN
2015-03-29T21:16:25 <adriens33> Fidzu> oui non mais en vrai ?
2015-03-29T21:16:31 <Fidzu> http://goo.gl/xdA7hs
2015-03-29T21:16:32 <Fidzu> tien
2015-03-29T21:16:40 <adriens33> personne ne maitrise la technologie de distorsion de l'espace ici que je sache.
2015-03-29T21:16:45 <adriens33> MERCI FIDZU.
2015-03-29T21:16:53 <Fidzu> yw
2015-03-29T21:16:57 <Lenile> e.e
2015-03-29T21:17:01 <Lenile> Merci Fidzu x)
2015-03-29T21:17:10 <Fidzu> yw
2015-03-29T21:17:12 <adriens33> Lenile t'aurais pu faire ça quand je te l'ai demandé.
2015-03-29T21:17:19 <Lenile> J'avais pas vu o/
2015-03-29T21:17:28 <adriens33> donc ne me traite pas d'idiot.
2015-03-29T21:17:36 <adriens33> c'est une des choses que je supporte le moins.
2015-03-29T21:17:42 <Lenile> Mais tu ne m'a pas demander de le faire O:-)
2015-03-29T21:17:59 <adriens33> 21:15:37   +adriens33 │ donc explique ce que tu entends par maison.                                                                                                                                                                                               │
2015-03-29T21:18:01 <Lenile> Pas directement du moins O:-)
2015-03-29T21:18:02 <adriens33> 21:15:39   +adriens33 │ et par sac.                                                                                                                                                                                                                               │
2015-03-29T21:18:07 <adriens33> 21:13:30   +adriens33 │ ton lien est immonde                                                                                                                                                                                                                      │
2015-03-29T21:18:08 <Lenile> Nan pas ça
2015-03-29T21:18:11 <adriens33> 21:13:37   +adriens33 │ je peux même pas cliquer dessus.                                                                                                                                                                                                          │ strycore
2015-03-29T21:18:15 <adriens33> 21:14:20   +adriens33 │ (d'ordinaire je les ai en horreur, mais là c'est bien trop long → http://goo.gl/                                                                                                                                                          │
2015-03-29T21:18:18 <Lenile> Voila
2015-03-29T21:18:26 <Lenile> Tu m'a pas dit d'utiliser ton lien O:-)
2015-03-29T21:18:30 <adriens33> si
2015-03-29T21:18:38 <Fidzu> bon allez stop la chamaille !
2015-03-29T21:18:43 <Lenile> J'suis un peu con j'te rapelle que faut me faire des Questions à moi je ne devine pas. :D
2015-03-29T21:18:57 <adriens33> "ton lien est immonde, je peux pas cliquer dessus, là c'est  trop long → goo.gl"
2015-03-29T21:19:02 <adriens33> C'EST DUR A COMPRENDRE ?
2015-03-29T21:19:21 <Lenile> Oui è.é
2015-03-29T21:19:27 <adriens33> Te moque pas de moi.
2015-03-29T21:19:39 <Lenile> Nan nan j'me moque pas.
2015-03-29T21:19:46 <adriens33> je t'ai clairement dit que je ne pouvais pas cliquer sur ton lien car il était trop long, et j'ai envoyé un lien court.
2015-03-29T21:19:50 <Lenile> J'suis réellement con o/
2015-03-29T21:20:05 <adriens33> ça t'aurai bouché le trou du cul de cliquer dessus voir de quoi il s'agissait ?
2015-03-29T21:20:18 <Lenile> Non mais j'ai quand même pas cliqué o/
2015-03-29T21:20:33 <Lenile> Tu parle à un mec qui lis ces SMS pour y répondre 2 jours apres quand même
2015-03-29T21:20:40 <adriens33> oui donc tu es feignant en plus de prendre les gens pour des cons.
2015-03-29T21:20:50 <Lenile> Exactement !
2015-03-29T21:21:02 <Lenile> Enfin, pas tout à fait pour la seconde partit n.n
2015-03-29T21:21:02 <Fidzu> zavez pas fiini srx -.- ?
2015-03-29T21:21:12 <Lenile> Fidzu On s'aimes bien n.n
2015-03-29T21:21:32 *** ELiDYROS est parti
2015-03-29T21:22:12 <adriens33> Non Lenile.
2015-03-29T21:22:20 <adriens33> je n'aime pas les gens qui me prennent pour un con.
2015-03-29T21:22:22 <adriens33> surtout pas ce soir.
2015-03-29T21:22:33 *** ELiDYROS s'est connecté
2015-03-29T21:22:50 <Lenile> J'te prend pas pour un con ._.
2015-03-29T21:22:59 <Lenile> J'avais juste la flemme de cliqué sur ton lien ._.
2015-03-29T21:23:02 <adriens33> Désolé pour l'inconvénient aux autres. Lenile sache que je viens de t'ajouter dans ma ignorelist pour couper court.
2015-03-29T21:23:34 <Lenile> Pas de soucis, j'trouve ça idiot surtout que j'cherchait pas à me prendre le choux avec toi n.n
2015-03-29T21:23:48 <Lenile> Et stop joué avec ta box ELiDYROS o/
2015-03-29T21:24:24 <Lenile> Bon sinon Fidzu, rappelle moi qui tu est '-' Mais il me sembles que l'on ne c'est jamais vu '-'
2015-03-29T21:24:31 <ELiDYROS> j'y touche pas j'ai des soucis de désynchro
2015-03-29T21:25:35 <Lenile> ELiDYROS Pour que ça crash comme ça s'cahud.
2015-03-29T21:25:36 <Fidzu> ben je suis la depuis pas longtemps, j'ai organisé old meet up
2015-03-29T21:25:38 <Lenile> chaud*
2015-03-29T21:26:01 <Lenile> Fidzu Ouaip' on c'est jamais vu n.nJ'avais pas pu venir parce que j'regarde pas souvent mes mails xD
2015-03-29T21:26:06 <Fidzu> j'ai aidé a metre en pace l'event du 4
2015-03-29T21:26:10 <Fidzu> meme si on a pas encore fait ^^
2015-03-29T21:26:23 <adriens33> ELiDYROS> personne n'est venu t'aider ? si tu as des désynchro c'est que tu as des soucis de ligne.
2015-03-29T21:26:24 <Lenile> S'passe quoi le 4 ? e.ê
2015-03-29T21:26:30 <Fidzu> ben le live s5
2015-03-29T21:26:33 <adriens33> donc un technicien devrait venir t'aider
2015-03-29T21:26:37 <ELiDYROS> orange est venu vérifier les lignes déjà
2015-03-29T21:26:42 <adriens33> et ?
2015-03-29T21:26:45 <Lenile> Haaa ouiii !
2015-03-29T21:26:49 <ELiDYROS> ils ont changé une pièce
2015-03-29T21:26:51 <Lenile> J'y avais répondu en plus ._.
2015-03-29T21:26:52 <adriens33> et ?
2015-03-29T21:26:59 <Lenile> Faut vraiment que je me répare le Cerveaux ._.
2015-03-29T21:27:07 <ELiDYROS> mais à priori y a aussi un soucis de routeur
2015-03-29T21:27:14 <adriens33> ils ont changé quoi ? une pièce de ta box ? ou de la ligne ?
2015-03-29T21:27:20 <ELiDYROS> de ma ligne
2015-03-29T21:27:20 <adriens33> parce que j'ai exactement le meme routeur que toi.
2015-03-29T21:27:25 <adriens33> et moi mon souci était la ligne.
2015-03-29T21:27:29 <adriens33> qui était pétée.
2015-03-29T21:27:42 <ELiDYROS> enfin si ça se trouve c'est le routeur j'y pense
2015-03-29T21:27:55 <ELiDYROS> j'ai pas vu de désynchro récemment mais le wifi qui saute
2015-03-29T21:28:01 <adriens33> Orange, toujours pret à ne rien faire quand c'est possible
2015-03-29T21:28:04 <adriens33> ah.
2015-03-29T21:28:22 <adriens33> quelqu'un qui te pompe ta co ou s'amuse à te faire un ARP spoofing  peut etre
2015-03-29T22:10:13 <adriens33> c'est bien silencieux tout d'un coup, c'est moi qui fait cet effet ?
2015-03-29T22:25:24 <Fidzu> marco ?
2015-03-29T22:35:44 <adriens33> quoi « marco » ?
2015-03-29T22:35:47 <adriens33> o_o
2015-03-29T22:38:49 <Fidzu> polo
2015-03-29T22:39:22 *** MorningCourse s'est connecté
2015-03-29T22:39:41 <MorningCourse> I'm back
2015-03-29T22:41:57 <MorningCourse> fidzu t'aurais un e mail ? (fichiers a t'envoyer)
2015-03-29T22:43:33 <Fidzu> Julienhoang33@gmail.com
2015-03-29T22:44:19 <MorningCourse> merci suveille ta boite mail  je t'envoies ca tout de suite
2015-03-29T22:51:22 <Fidzu> j'ai rien recu
2015-03-29T22:52:20 <MorningCourse> je viens tout jute de l'envoyer re regarde
2015-03-29T22:53:32 <Fidzu> je ne peux plus modifier les pattes ..
2015-03-29T22:54:13 <Fidzu> tu aurais du m'evoyer ca bien avant =/
2015-03-29T22:54:38 *** adriens33 est parti
2015-03-29T22:54:48 <MorningCourse> pas grave pour les pattes tkt
2015-03-29T22:55:25 <MorningCourse> c'est surtout pour les ailes et crinière+queue
2015-03-29T22:55:39 <Fidzu> ah ok
2015-03-29T22:58:55 *** ELiDYROS est parti
2015-03-29T23:18:05 <MorningCourse> fidzu par contre je te donnerais ma nouvelle adresse vu que j'ai déménagé
2015-03-29T23:57:46 *** MorningCourse est parti
