2015-02-09T00:00:26 *** Gordfang est parti
2015-02-09T00:00:26 <Aragox> bonne nuit !
2015-02-09T00:00:30 <Aragox> pour les autres
2015-02-09T00:00:53 <Aragox> je suis deja aller au calice du dragon une ou deux fois c'est sans dout el abas qu eje risque d'organiser un tit truc :)
2015-02-09T00:01:55 <Aragox> avec mes propres jeux de societe :p
2015-02-09T00:12:24 <adriens33> TrappyTickles, j'ai fait un chemin jusqu'à ta maison, et y'a une branche du train aussi^^ (faut juste tourner un aiguillage) comme ça t'es plus à l'autre bout de la map
2015-02-09T00:17:57 *** Aragox est parti
2015-02-09T00:27:52 *** TrappyTickles est parti
2015-02-09T01:21:23 *** MaCharon est parti
2015-02-09T01:34:20 <Lenile> adriens33 ça sent le Minecraft ça
2015-02-09T02:15:49 *** Aragox s'est connecté
2015-02-09T02:18:34 *** Aragox est parti
2015-02-09T04:03:48 *** adriens33 est parti
2015-02-09T08:30:06 *** adriens33 s'est connecté
2015-02-09T08:49:52 *** Gordfang s'est connecté
2015-02-09T09:00:24 *** Gordfang est parti
2015-02-09T09:08:57 *** heuzef s'est connecté
2015-02-09T11:37:01 *** TrappyTickles s'est connecté
2015-02-09T12:12:00 *** TrappyTickles est parti
2015-02-09T12:41:19 *** heuzef est parti
2015-02-09T12:54:22 *** TrappyTickles s'est connecté
2015-02-09T13:18:28 *** TrappyTickles est parti
2015-02-09T13:59:44 *** TrappyTickles s'est connecté
2015-02-09T16:28:18 *** heuzef s'est connecté
2015-02-09T17:26:08 *** TrappyTickles est parti
2015-02-09T17:27:14 *** TrappyTickles s'est connecté
2015-02-09T17:33:12 *** TrappyTickles est parti
2015-02-09T17:37:30 *** TrappyTickles s'est connecté
2015-02-09T17:38:38 <TrappyTickles> tiens, win10 semble avoir la gestion de bureaux multiples... Il était temps, ça existe déjà sur linux depuis.. je sais pas moi, 20 ans? :D
2015-02-09T17:42:04 <strycore> 26 ans :D Switchable desktops were introduced to a much larger audience by Tom LaStrange in swm (the Solbourne Window Manager, for the X Window System) in 1989.
2015-02-09T17:43:18 <TrappyTickles> lol
2015-02-09T17:45:35 <TrappyTickles> sinon il est sympathique, je l'ai depuis cet aprem et j'ai trouvé que deux bugs majeurs
2015-02-09T17:46:20 <TrappyTickles> quand tu changes de fond d'écran de verrouilllages, y a la liste d'extensions bugguée à mort, et le dernier saints row paralyse le bureau quand on quitte le jeu :p
2015-02-09T17:55:41 <heuzef> strycorounet
2015-02-09T17:55:57 <heuzef> On à encore un anniv Samedi prochain haha ! Donc cette fois tu va pouvoir venir
2015-02-09T17:56:30 *** adriens33 est parti
2015-02-09T17:56:38 <heuzef> !muffin strycore
2015-02-09T17:56:49 <strycore> !!!!
2015-02-09T17:56:55 <strycore> nope nope nope
2015-02-09T17:58:11 <strycore> samedi prochain je serai dejà a LA
2015-02-09T18:08:26 <heuzef> Grrr
2015-02-09T18:09:03 <heuzef> Si tu crois que te barrer à l'autre bout du globe va te protéger indéfiniment tu te met le sabot dans l'oeil !
2015-02-09T18:10:08 <heuzef> http://th08.deviantart.net/fs70/PRE/f/2012/023/3/b/twilight_eye_poke_by_nuriomarayana-d4n894c.png
2015-02-09T18:21:42 *** adriens33 s'est connecté
2015-02-09T18:31:45 *** TrappyTickles est parti
2015-02-09T18:45:51 <adriens33> tiens hello heuzef
2015-02-09T19:04:51 *** ELiDYROS s'est connecté
2015-02-09T19:10:12 <ELiDYROS> Bonsoir
2015-02-09T19:10:47 <adriens33> plop
2015-02-09T19:16:45 <strycore> heuzef, je suis totalement protégé
2015-02-09T19:23:53 *** heuzef est parti
2015-02-09T19:25:45 <ELiDYROS> Quelqu'un sait ce que devient Ivan ? On devant se voir il y a de çà un siècle ou deux mais je n'ai pas de nouvelle
2015-02-09T19:27:36 <adriens33> nope
2015-02-09T19:28:39 <ELiDYROS> meh
2015-02-09T19:36:25 <ELiDYROS> Tant pis pour lui.
2015-02-09T19:57:48 <ELiDYROS> Y a des gens qui suivent la sortie de la New 3DS et compagnie chez BC ?
2015-02-09T20:26:00 *** ELiDYROS est parti
2015-02-09T21:21:42 *** Aragox s'est connecté
2015-02-09T21:28:47 <Aragox> salut ?
2015-02-09T21:44:16 *** Aragox est parti
2015-02-09T22:02:04 *** ELiDYROS s'est connecté
2015-02-09T22:23:13 *** adriens33_1 s'est connecté
2015-02-09T22:23:14 *** Guest79269 est parti
2015-02-09T22:56:23 *** MaCharon s'est connecté
2015-02-09T23:08:18 *** adriens33 est parti
2015-02-09T23:59:50 *** Aragox s'est connecté
