2015-01-21T00:43:53 *** TrappyTickles est parti
2015-01-21T01:05:40 *** MaCharon est parti
2015-01-21T06:39:27 *** adriens33 est parti
2015-01-21T09:22:21 *** Gordfang s'est connecté
2015-01-21T10:45:07 *** TrappyTickles s'est connecté
2015-01-21T11:11:55 *** Gordfang est parti
2015-01-21T11:30:53 *** Gordfang s'est connecté
2015-01-21T11:53:32 *** adriens33 s'est connecté
2015-01-21T11:56:12 <Gordfang> yo
2015-01-21T12:29:02 *** heuzef s'est connecté
2015-01-21T12:33:04 *** Gordfang est parti
2015-01-21T13:16:24 *** heuzef est parti
2015-01-21T13:44:15 *** Gordfang s'est connecté
2015-01-21T15:56:12 *** Gordfang est parti
2015-01-21T16:02:10 *** Gordfang s'est connecté
2015-01-21T16:02:47 *** Gordfang est parti
2015-01-21T18:46:14 *** MaCharon s'est connecté
2015-01-21T20:56:58 *** ELiDYROS s'est connecté
2015-01-21T21:33:52 <ELiDYROS> Bonsoir
2015-01-21T23:07:45 *** MaCharon est parti
