2015-01-22T00:35:00 <ELiDYROS> Tout le monde dort ?
2015-01-22T01:00:27 *** TrappyTickles est parti
2015-01-22T03:06:03 *** adriens33 est parti
2015-01-22T03:06:56 *** adriens33 s'est connecté
2015-01-22T04:14:07 *** adriens33 est parti
2015-01-22T08:00:42 *** ELiDYROS est parti
2015-01-22T08:04:28 *** Elvon s'est connecté
2015-01-22T08:04:52 <Elvon> Bonjour Beery
2015-01-22T08:05:01 <Elvon> Beery*
2015-01-22T08:05:28 <Elvon> berry* (dsl je fait des double taps sur le e au lieu du r)
2015-01-22T08:13:19 *** Elvon est parti
2015-01-22T09:45:20 *** ELiDYROS s'est connecté
2015-01-22T09:49:40 *** ELiDYROS est parti
2015-01-22T10:38:58 *** adriens33 s'est connecté
2015-01-22T11:32:28 *** adriens33 est parti
2015-01-22T11:34:15 *** ELiDYROS s'est connecté
2015-01-22T11:35:27 *** TrappyTickles s'est connecté
2015-01-22T11:38:47 *** ELiDYROS est parti
2015-01-22T12:53:35 *** Elvon s'est connecté
2015-01-22T12:55:37 <Elvon> TrappyTickles: Salutation
2015-01-22T12:58:06 *** Gordfang s'est connecté
2015-01-22T12:58:09 <Gordfang> yo
2015-01-22T12:58:15 <Gordfang> eh elvon ca va?
2015-01-22T12:58:43 <Elvon> Biens le bonjour oui ça va je mange
2015-01-22T12:59:10 <Gordfang> :p
2015-01-22T12:59:42 <Elvon> Il 20° chez moi mais je suis gelé ... on peut m'expliquer ?
2015-01-22T13:00:26 <Gordfang> tu est en slip dans une baignoire d'eau froide?
2015-01-22T13:01:13 <Elvon> non habiller devant mon pcdiateur (pc qui chauffe entre 23/28°)
2015-01-22T13:02:02 <Elvon> je viens mettre une veste (j'était en t-shirt manche courte)
2015-01-22T13:04:04 <Gordfang> met toi une doudoune
2015-01-22T13:04:52 <Elvon> j'ai pas d'anorack juste des vestes plus ou moins chaude mais elles sont d'été....
2015-01-22T13:07:54 <Gordfang> plusieur couche de pull alors :D
2015-01-22T13:09:25 <Elvon> AAaaaaaaaah!!..... je viens de comprend que je parler a Baptiste le Modo ? / Admin ? (je sais pas vraiment) qui a fait mon inscription. Oo bon je reprend mes salutation. Bien le bonjour Gordfang comment ça va ?
2015-01-22T13:09:42 <Gordfang> ^^
2015-01-22T13:10:11 <Elvon> et je viens d'allumer un feu sur mon canapé pour me réchauffer ça va mieux mais, putain ça pue le cramer mnt
2015-01-22T13:10:12 <Gordfang> yep c'est bien moi et je suis l'équivalent d'un sous-directeur si on été une association
2015-01-22T13:10:27 <Gordfang> sinon j'ai techniquement pas de grade different de toi :p
2015-01-22T13:10:54 <Gordfang> met du shampoin dans le feu parai que ca fait des flammes bleu
2015-01-22T13:12:24 <Elvon> YAAAEEEHHH j'ai un décors de l'antre d'HADES dans Hercules (dessins animé)
2015-01-22T13:12:35 <Gordfang> wat?
2015-01-22T13:13:41 * Elvon retire le film imaginaire de sur son canapé et respire tranquilement. (ils ne faut essayer de foutre le chez vous les enfants sinon cella aurais pu arrivé)
2015-01-22T13:14:13 <Gordfang> ok je vient de tilter :D
2015-01-22T13:14:26 <Elvon> faut que je prenne le temps de mettre tout les mots dans mes phrases...
2015-01-22T13:14:34 <Gordfang> ^^
2015-01-22T13:16:01 <Elvon> si les employés du salon de saboture sont présent une licorne a des neux dans les muscles. Helps me!
2015-01-22T13:16:31 <Elvon> bref vous faites vous autres ?
2015-01-22T13:17:08 <Gordfang> je regarde mes sites internet quotidiens
2015-01-22T13:23:24 *** ELiDYROS s'est connecté
2015-01-22T13:28:01 *** ELiDYROS est parti
2015-01-22T13:37:04 <Elvon> au faites c'est qui Berry-Punch ?
2015-01-22T13:37:15 <Elvon> il connecter hache 24.
2015-01-22T13:37:58 <Gordfang> c'est le bot du chan
2015-01-22T13:38:11 <Elvon> daccord
2015-01-22T13:38:18 <Gordfang> il check si tu est un membre de bronyCUB ou non et enregistre ce que l'on dit
2015-01-22T13:38:24 <Gordfang> mais elle abuse un peu sur la vodka
2015-01-22T13:38:28 <Gordfang> voila
2015-01-22T13:39:19 <Elvon> Daccord donc si je lui demande gentilement un Wisky
2015-01-22T13:39:26 <Gordfang> wiskey*
2015-01-22T13:39:37 <Gordfang> whiskey**
2015-01-22T13:39:53 <Elvon> je me disais bien que j'avais pas le bon orthgraphe.
2015-01-22T13:40:17 <Elvon> oui donc si il est gentil il me sert un whiskey
2015-01-22T13:40:31 <Gordfang> elle* ^^ berry est une fille
2015-01-22T13:40:41 <Gordfang> elle marche pas pour toute les boissons me semble
2015-01-22T13:41:12 <Elvon> Domage bon ma cher file une bière au pire?
2015-01-22T13:41:48 <Gordfang> c'est pas une barman :D elle fait que boire not berry
2015-01-22T13:42:50 <Elvon> Daccord, par contre quand elle fait l'absente c'est qu'elle a fini l' absinthe.
2015-01-22T13:42:58 <Gordfang> ....
2015-01-22T13:43:13 <Elvon> mince elle marche pas avec absinthe
2015-01-22T13:45:38 <Elvon> en cherchant si j'ai bien écrit absinthe, je suis tomber sur le Jagermeister et franchement je comprend mieux l'odeur de cette boisson (elle sent l'huile de massage chez les kinés)
2015-01-22T13:46:14 <Gordfang> wtf
2015-01-22T13:47:18 <Elvon> dans google il y a une mini description a droite et en dessous il y a la Jagermeister
2015-01-22T13:47:34 <Gordfang> http://imgur.com/gallery/qGB9gOv
2015-01-22T14:01:08 <Elvon> mais je viens de voir qu'on le meme age en faite X3
2015-01-22T14:01:38 <Elvon> a non je plus vieux d'environ 1mois
2015-01-22T14:17:42 <Gordfang> ^^
2015-01-22T14:24:41 <Elvon> je re viens plus tard. Byiou
2015-01-22T14:24:44 *** Elvon est parti
2015-01-22T14:37:28 <TrappyTickles> c'était un nouveau?
2015-01-22T14:58:01 <Gordfang> yep
2015-01-22T15:04:54 <TrappyTickles> ah.. bon jle saluerai au prochain coup... ils débarquent toujours quand je suis afk :p
2015-01-22T15:09:34 <Gordfang> ^^
2015-01-22T15:12:14 *** ELiDYROS s'est connecté
2015-01-22T15:12:32 <Gordfang> yo
2015-01-22T15:16:33 *** ELiDYROS est parti
2015-01-22T17:01:09 *** ELiDYROS s'est connecté
2015-01-22T17:05:23 *** ELiDYROS est parti
2015-01-22T17:34:04 *** Gordfang est parti
2015-01-22T17:48:56 *** Elvon s'est connecté
2015-01-22T17:49:08 <Elvon> Plop
2015-01-22T17:49:29 <Elvon> le mots magique c'est Bière !!
2015-01-22T17:50:04 <Elvon> Merci Berry-Punch
2015-01-22T17:52:23 <TrappyTickles> oi le nouveau
2015-01-22T17:52:42 <Elvon> Bien le bonsoir l'ancien X3
2015-01-22T17:53:12 <TrappyTickles> ancien c'est vite dit, je suis arrivé en aout dernier :p
2015-01-22T17:53:32 <Elvon> tu travaille dans quoi toi pour laisser le chan trés longtemps ouvert ?
2015-01-22T17:54:36 <TrappyTickles> je suis chercheur... et souvent occupé, mais pas que par mes recherches, cela dit
2015-01-22T17:56:41 <Elvon> tu es chercheur en quoi ?
2015-01-22T18:00:39 <TrappyTickles> en emplois
2015-01-22T18:04:26 <TrappyTickles> je suis + actif sur steam que sur le chat cela dit :p
2015-01-22T18:12:31 <Elvon> steam ? tu joue a quoi ?
2015-01-22T18:12:58 <Elvon> chercheur a L'anpe je connais les inconnus ils ont fait cette blkague dans un scketch X3
2015-01-22T18:50:02 *** ELiDYROS s'est connecté
2015-01-22T18:54:27 *** ELiDYROS est parti
2015-01-22T19:11:07 <TrappyTickles> je joue a ce que j'ai.. en ce moment, c'est saints row 3 et 4 et skyrim... Un peu gmod aussi
2015-01-22T19:32:12 <Elvon> je t'ai envoyer une demande d'ajout a la liste d'amis steam
2015-01-22T19:32:54 <Elvon> (Tyr Netyrith) c'est mon nom rp de Dragon
2015-01-22T19:42:06 *** adriens33 s'est connecté
2015-01-22T20:12:10 *** Gordfang s'est connecté
2015-01-22T20:12:13 <Gordfang> re
2015-01-22T21:01:39 *** Elvon est parti
2015-01-22T21:02:40 *** Gordfang est parti
2015-01-22T21:21:19 *** Gordfang s'est connecté
2015-01-22T22:16:11 *** MaCharon s'est connecté
2015-01-22T22:16:17 <MaCharon> bonsoir
2015-01-22T22:34:39 <TrappyTickles> oi les poneys
2015-01-22T22:42:36 *** ELiDYROS s'est connecté
2015-01-22T22:44:41 <ELiDYROS> Bonsoir.
2015-01-22T23:08:17 *** ELiDYROS_ s'est connecté
2015-01-22T23:11:13 *** ELiDYROS est parti
2015-01-22T23:11:40 *** ELiDYROS_ est parti
2015-01-22T23:18:07 *** ELiDYROS s'est connecté
2015-01-22T23:22:46 *** MaCharon est parti
2015-01-22T23:32:28 *** ELiDYROS est parti
2015-01-22T23:53:43 *** ELiDYROS s'est connecté
2015-01-22T23:53:46 <ELiDYROS> Grrr
