2015-01-27T00:28:52 <adriens33> je vais dodo, bonne nuit
2015-01-27T00:32:02 *** TrappyTickles est parti
2015-01-27T00:33:35 *** adriens33 est parti
2015-01-27T00:53:45 *** ELiDYROS est parti
2015-01-27T01:18:13 *** MaCharon est parti
2015-01-27T07:51:23 *** adriens33 s'est connecté
2015-01-27T09:09:50 *** Gordfang s'est connecté
2015-01-27T09:09:54 <Gordfang> yo
2015-01-27T09:13:59 *** heuzef s'est connecté
2015-01-27T09:18:43 *** heuzef est parti
2015-01-27T09:19:21 *** heuzef s'est connecté
2015-01-27T09:31:14 <adriens33> hello Gordfang :)
2015-01-27T09:31:24 <adriens33> (et salut heuzef ^^)
2015-01-27T09:31:32 <adriens33> Comment va ?
2015-01-27T09:31:47 <Gordfang> bien et toi?
2015-01-27T09:32:03 <heuzef> Plop plop
2015-01-27T09:32:05 <adriens33> ça va toujours :)
2015-01-27T09:32:23 <heuzef> Pour info je passe à Giroll ce soir =)
2015-01-27T09:32:29 <adriens33> cool moi aussi
2015-01-27T09:32:39 <adriens33> et y'aura Trappy normalement :)
2015-01-27T09:32:44 <heuzef> yep
2015-01-27T09:33:46 <Gordfang> je pourrai pas moi
2015-01-27T09:33:53 <Gordfang> (même si je viens jamais :p)
2015-01-27T09:34:02 <adriens33> Ah, c'est con. ^^"
2015-01-27T09:34:51 <adriens33> T'ain c'est abusé, je pensais que le chan de bronycub n'était pas très actif, mais après avoir vu celui de giroll j'ai plus envie de me plaindre XD
2015-01-27T09:35:08 <adriens33> au moins ici des qu'il y a un peu de gens on peut discuter
2015-01-27T09:35:24 <adriens33> sur giroll y'a genre une 15aine de personnes qui parlent jamais XD
2015-01-27T09:38:56 <Gordfang> tous des fluttershy!
2015-01-27T09:39:07 <adriens33> mais trop XD
2015-01-27T09:39:21 <Gordfang> bon je re
2015-01-27T09:39:25 <adriens33> +@
2015-01-27T09:39:25 *** Gordfang est parti
2015-01-27T09:44:27 <heuzef> ^^
2015-01-27T11:20:58 *** TrappyTickles s'est connecté
2015-01-27T12:02:11 <adriens33> salut Trappy :)
2015-01-27T12:02:36 *** heuzef est parti
2015-01-27T12:29:10 <TrappyTickles> oi
2015-01-27T12:29:16 <TrappyTickles> purée vdm serieux
2015-01-27T12:29:39 <TrappyTickles> jade est à l'hosto, elle a eu super mal aux cotes toute la nuit.. parait que c'est un calcul
2015-01-27T12:32:30 <adriens33> ouille
2015-01-27T12:36:32 *** heuzef s'est connecté
2015-01-27T12:38:48 <TrappyTickles> heureusement, ça empiète normalement pas sur ma venue ce soir. jvais juste avoir l'air un poil plus déprimé
2015-01-27T12:58:45 <adriens33> ok^^
2015-01-27T13:23:06 <TrappyTickles> tsk pourquoi j'ai toujours du mal à upload sur bbbff :/
2015-01-27T13:23:37 <adriens33> bah free et les connexions de bonne qualité, ça fait 2 XD
2015-01-27T13:26:45 <TrappyTickles> ça faisait pas ça avant
2015-01-27T13:26:54 <TrappyTickles> je crois que free n'aime plus le ftp sans tls
2015-01-27T13:36:06 <adriens33> bah ils ont pas à ne pas aimer.
2015-01-27T13:36:32 <adriens33> c'est pas au barman a décider que tu aime telle bière au lieu de telle autre.
2015-01-27T13:36:48 <adriens33> le FAI c'est un tuyau, rien de plus.
2015-01-27T13:36:58 <adriens33> il a pas a préférer du contenu ou a le voler.
2015-01-27T13:37:04 <adriens33> quoi qu'en dise la loi.
2015-01-27T13:37:30 <adriens33> /loi/gouvernement désireux de surveiller tout le monde tout le temps/
2015-01-27T13:46:47 *** heuzef1 s'est connecté
2015-01-27T13:47:06 <TrappyTickles> ou alors ils veulent trop bien faire comem d'hab et du coup ils se plantent
2015-01-27T13:47:30 <TrappyTickles> le tls sur le ftp c'est bien, ça sécurise au lieu de passer en clair.. mais ça handicappe les serveurs qui n'ont pas ça
2015-01-27T13:47:31 <adriens33> bah même. c'est comme pour l'acces a google.
2015-01-27T13:47:39 <adriens33> leur géguerre on s'en fout.
2015-01-27T13:47:44 *** heuzef est parti
2015-01-27T13:47:53 <adriens33> ils ont pas a prioriser / bloquer du contenu.
2015-01-27T13:48:00 <adriens33> c'est un tuyau, pas un filtre.
2015-01-27T13:48:31 <TrappyTickles> des fois je passerais bien à ovh au lieu de free... mais faudrait que je prenne mon propre matos et on pourra dire adieu a la tv
2015-01-27T13:48:39 <adriens33> quand bien même je suis d'accord avec toi, le ftp sans tls c'est pas sécure du tout, free a pas a t'empecher d'en faire si t'en a envie.
2015-01-27T13:48:48 <TrappyTickles> exactement
2015-01-27T13:48:50 <adriens33> c'est comme l'os.
2015-01-27T13:49:02 <adriens33> si je supporte pas windows c'est justement à cause de ça X
2015-01-27T13:49:04 <adriens33> *XD
2015-01-27T13:49:17 <TrappyTickles> pas sécure? lol
2015-01-27T13:49:27 <adriens33> le logiciel a pas a dire a l'user ce qu'il a le droit de faire et pas.
2015-01-27T13:49:39 <TrappyTickles> oui aussi :p
2015-01-27T13:49:41 <adriens33> surtout quand le matériel appartient au susdit user.
2015-01-27T13:50:07 <adriens33> (je parlais de décider a la place de l'utilisateur, pas de la sécurité XD)
2015-01-27T13:50:16 <TrappyTickles> ça me rappelle cette histoire avec le stereomix sur windows, chai aps si t'as vu
2015-01-27T13:50:23 <adriens33> non
2015-01-27T13:50:42 <TrappyTickles> en fait, tu connais cte fonction, ça fout tous les sons de l'ordi en entrée micro
2015-01-27T13:50:43 <adriens33> j'ai install win hier pour deux trois jeux mais on se déteste mutuellement alors bon… XD
2015-01-27T13:50:48 <adriens33> d'ac
2015-01-27T13:50:49 <TrappyTickles> pour enregistrer les sons de ton pc quoi
2015-01-27T13:50:59 <TrappyTickles> et sur les récents windows, le stereomix a disparu
2015-01-27T13:51:03 <adriens33> (moi j'ai mieux, JackD c'est génial)
2015-01-27T13:51:12 <TrappyTickles> en fait c'est windows qui désactive le stereomix et le rend inaccessible exprès
2015-01-27T13:51:20 <adriens33> et comme win est un os proprio et que tu peux pas changer les composants t'es baisé.
2015-01-27T13:51:22 <TrappyTickles> pour contrer les méchants pirates qui enregistrent spotify avec
2015-01-27T13:51:32 <TrappyTickles> et uniquemetn pour ça
2015-01-27T13:51:55 <TrappyTickles> ce qui peut handicaper ceux qui font des tutoriaux vidéos et tout quoi
2015-01-27T13:51:58 <TrappyTickles> vraimetn dégueulasse
2015-01-27T13:52:02 <adriens33> t'es obligé de te courber et laisser M$T t'enfoncer leur grosse b*te dégueulasse pleine de virus dans l'anus.
2015-01-27T13:52:15 <TrappyTickles> (heureusement, t'as une manip pour avoir un pseudo stereomix avec audacity)
2015-01-27T13:52:17 <adriens33> (ou pas, vive le libre.)
2015-01-27T13:52:38 <TrappyTickles> une fois de plus, le libre nous as sauvés :p
2015-01-27T13:52:40 <adriens33> microsoft en a rien à battre de ses users et ce qu'ils veulent tu sais.
2015-01-27T13:52:53 <adriens33> tout ce qui leur importe c'est qu'on achète leur merrde
2015-01-27T13:52:53 <TrappyTickles> once again, free software saves the day! :p
2015-01-27T13:52:59 <adriens33> de gré ou de force
2015-01-27T13:53:08 <adriens33> ave Richard Stallman o//
2015-01-27T13:53:24 <TrappyTickles> ben justement, ce bridage de stereomix est arrivé quand microsoft a commencé à sortir son store a lui
2015-01-27T13:53:32 <adriens33> ah.
2015-01-27T13:53:35 <TrappyTickles> comme par hasard
2015-01-27T13:53:38 <adriens33> ouai.
2015-01-27T14:38:46 <TrappyTickles> heuzef1, j'ai fini mon album de parodies spécial poney. je l'ai mis sur bbbff. Jpeux aussi passer un lien vers un paquetage en 7z
2015-01-27T14:42:01 <adriens33> dis moi, heuzef1, tu as register ce pseudo aussi ou pas?
2015-01-27T14:42:17 <heuzef> :P
2015-01-27T14:42:20 <adriens33> tu devrais le faire. (ou te déco proprement pour pas avoir à l'utiliser). sinon n'importe qui peut se co avec ce compte et faire ce que tu as le droit de faire
2015-01-27T14:42:20 <adriens33> avec les commandes de berry (genre !voice !devoice !op etc), ce qui est dangereux
2015-01-27T14:42:38 <heuzef> Ok je registre
2015-01-27T14:42:45 <adriens33> cool merci :D
2015-01-27T14:42:55 <adriens33> (ça m'évite de modifier la conf de Berry XD)
2015-01-27T14:43:04 <heuzef> TrappyTickles au fait j'ai maté tous tes WTpony
2015-01-27T14:43:12 <heuzef> Mais alors t'es vraiment trop con xD
2015-01-27T14:46:41 <TrappyTickles> c'est pas moi, c'est skiddlez, j'ai fait que traduire de ma voix :p
2015-01-27T14:47:14 <adriens33> Trappy la tradu est pratiquement aussi importante que l'écriture du texte original.
2015-01-27T14:48:25 <adriens33> ton job est quand même de retranscrire l'essence du texte original ainsi que le contexte (ex les blagues), en utilisant le contexte fourni par la langue et qui
2015-01-27T14:48:26 <adriens33> doit s'approcher le plus possible du sens original, ce qui n'est tout de même pas rien XD
2015-01-27T14:48:48 <adriens33> c'est pas pour rien que everypony c'est intraduisible XD
2015-01-27T14:50:03 <adriens33> (autrement que par salut les poneys, mais on perd le jeu de mots…)
2015-01-27T14:50:19 <adriens33> /everypony/hello everypony/
2015-01-27T14:50:31 <TrappyTickles> j'ai vu ça, dans le doublage fr de pony.mov
2015-01-27T14:50:39 <adriens33> ^^
2015-01-27T14:50:46 <adriens33> wait.
2015-01-27T14:50:56 <adriens33> y'a un doublage  fr de Pony.mov???
2015-01-27T14:51:08 <TrappyTickles> d'ailleurs, quand j'ai fait les subs, je me suis basé direct sur la vo, aps la vf, donc on voit spike qui dit "tu sais tu peux dire everybody" au lieu de everypony, ça serait pareil" :p
2015-01-27T14:51:13 <TrappyTickles> ben oui
2015-01-27T14:51:16 <TrappyTickles> par cleopsys
2015-01-27T14:51:24 <adriens33> je savais pas. XD
2015-01-27T14:58:10 <TrappyTickles> d'ailleurs j'ai muxé un mkv de pony.mov en hd avec vo vf vosta et vostf, et c'est dans le bbbff
2015-01-27T14:58:21 <adriens33> nice =D
2015-01-27T14:58:34 <adriens33> (c'est quoi l'adresse du ftp de bbbff ? ^^)
2015-01-27T15:02:27 *** Gordfang s'est connecté
2015-01-27T15:02:28 <Gordfang> re
2015-01-27T15:02:33 <adriens33> re Gordfang :)
2015-01-27T15:06:22 <TrappyTickles> bbbff.bronycub.org?
2015-01-27T15:06:28 <TrappyTickles> oi
2015-01-27T15:06:37 <adriens33> ah. évidemment. ^^"
2015-01-27T15:07:31 <adriens33> c'est en accès restreint ?
2015-01-27T15:07:43 <Gordfang> ouai le site aura un système de compte a l'avenir
2015-01-27T15:07:56 <Gordfang> et les deux serons synchro
2015-01-27T15:08:06 <TrappyTickles> sinon j'ai un mien mega et mediafire pour pony.mov stu veux :p
2015-01-27T15:08:15 <TrappyTickles> lien*
2015-01-27T15:08:24 <Gordfang> c'est pour éviter d'avoir des photo un peu "spéciale" accessible à tous
2015-01-27T15:08:26 <adriens33> nah je voulais juste voir ce qu'il y a présentement sur le ftp c'est tout^^
2015-01-27T15:08:34 <adriens33> Gordfang: ok^^ç
2015-01-27T15:08:36 <adriens33> -ç
2015-01-27T15:09:11 <Gordfang> et pour d'autre truc genre pouvoir modifier sa présentation de membre sans passer par ceux qui peuvent
2015-01-27T15:09:34 <adriens33> bah pour le moment pour la v2 il suffit de le faire sur le github^^
2015-01-27T15:09:46 <adriens33> (et attendre que ça soit déployé)
2015-01-27T15:16:40 <adriens33> ah bah c'est les memes id que pour le serveur :P
2015-01-27T15:16:54 <adriens33> *ssh
2015-01-27T15:21:58 <adriens33> tiens, le serveur ftp a un bug d'implé. j'ai fait un ls d'un dossier inexistant et il ne m'a pas notifié qu'il ne l'avait pas trouvé, il a juste renvoyé un
2015-01-27T15:21:59 <adriens33> listing vide.
2015-01-27T15:29:35 <adriens33> question: le serveur debian derrière il est à qui ? :D
2015-01-27T15:29:40 <adriens33> (juste pour savoir^^)
2015-01-27T15:29:52 <heuzef> adriens33: => Shinsaber
2015-01-27T15:29:57 <adriens33> d'accord^^
2015-01-27T15:30:48 <adriens33> en effet^^
2015-01-27T15:31:04 <adriens33> (il a combien de serveurs lol?)
2015-01-27T15:31:34 <adriens33> lol j'adore ma conv avec le serveur ftp.
2015-01-27T15:32:19 <adriens33> ftp> QUIT
2015-01-27T15:32:19 <adriens33> ?Invalid command
2015-01-27T15:32:19 <adriens33> ftp> EXIT
2015-01-27T15:32:20 <adriens33> ?Invalid command
2015-01-27T15:32:20 <adriens33> ftp> quit bordel
2015-01-27T15:32:20 <adriens33> <et là il quitte>
2015-01-27T15:35:38 <adriens33> les commandes sont case sensitive, mais les arguments que tu met apres la commande même si elle n'en demande pas il s'en tape.
2015-01-27T15:35:40 <adriens33> m'ok.
2015-01-27T15:36:44 <Gordfang> ^^
2015-01-27T15:37:38 <adriens33> (j'avais pas fait gaffe que le serv de bbbff était dans une vm ^^ ça explique pourquoi il en a plusieurs XD)
2015-01-27T15:38:07 <adriens33> (y'a du vmware partout sur les noms des périphériques en faisant un lspci en terminal)
2015-01-27T15:42:32 <adriens33> sinon pour les gens sur la page d'accueil qui voient l'aperçu du chat:
2015-01-27T15:42:33 <adriens33> pony
2015-01-27T15:42:36 <adriens33> mlp
2015-01-27T15:42:42 <adriens33> Rainbow Dash
2015-01-27T15:42:45 <adriens33> Derpyyy
2015-01-27T15:42:53 <adriens33> clop >:)
2015-01-27T15:42:57 <adriens33> eh eh
2015-01-27T15:43:18 <TrappyTickles> chuval miniature en technicolor
2015-01-27T15:43:23 <adriens33> yayyy
2015-01-27T15:44:45 <adriens33> lol http://www.art-software.fr/apps/bozon/uploads/scr1.png
2015-01-27T15:48:36 <adriens33> tu notera que dans mon screenshot
2015-01-27T15:48:49 <adriens33> j'ai un onglet ouvert dans firefox sur ce même screenshot.
2015-01-27T15:49:07 <adriens33> j'ai pris un screenshot d'une fenetre contenant ce même screenshot.
2015-01-27T15:49:18 <adriens33> (l'onglet «scr1.png»)
2015-01-27T15:49:45 <adriens33> je voyage dans le temps o//
2015-01-27T15:50:17 <adriens33> TrappyTickles: ^
2015-01-27T15:50:26 <TrappyTickles> mh?
2015-01-27T15:50:52 <adriens33> rien, je te hl juste pour que tu voie le screenshot et que tu lise ce que je viens d'écrire :D
2015-01-27T15:51:00 <TrappyTickles> j'ai vu :p
2015-01-27T15:51:13 <adriens33> t'a vu je suis trop fort :D
2015-01-27T15:52:06 <TrappyTickles> c'est bin joué :p
2015-01-27T15:52:15 <adriens33> héhé
2015-01-27T15:52:31 <adriens33> en fait c'est parce que j'ai du le refaire
2015-01-27T15:52:48 <adriens33> et je l'ai réupload sous le meme nom pour pas casser le lien.
2015-01-27T15:52:50 <adriens33> ^^
2015-01-27T15:53:01 <adriens33> mais c'est moins marrant comme ça
2015-01-27T15:53:26 <TrappyTickles> pas mal la tronche du firefox d'ailleurs :p
2015-01-27T15:54:09 <adriens33> merci^^
2015-01-27T15:55:18 <adriens33> pour avoir les onglets en arbo c'est un plugin qui s'appelle tree style tab
2015-01-27T15:55:22 <adriens33> c'est ultra pratique
2015-01-27T15:55:38 <adriens33> tu peux enfin ouvrir 40 onglets en gardant un titre d'onglet lisible :D
2015-01-27T15:55:48 <adriens33> (et t'as plus de place verticalement)
2015-01-27T15:56:15 <adriens33> (et la barre à gauche c'est All In One Sidebar (AIOS)
2015-01-27T15:56:16 <adriens33> )
2015-01-27T15:57:58 <TrappyTickles> jpars vite fait mais avant j'ai une nouvelle blague de poney
2015-01-27T15:58:03 <adriens33> faut pas que j'oublie mon câble S-ATA moi tout à l'heure. ^^ (il est sur mon bureau de toute façon :P)
2015-01-27T15:58:05 <TrappyTickles> quel est le style musical préféré de derpy?
2015-01-27T15:58:05 <adriens33> vas-y ?
2015-01-27T15:58:09 <adriens33> oulà
2015-01-27T15:58:17 <TrappyTickles> le raggamuffin
2015-01-27T15:58:26 <TrappyTickles> bon jre
2015-01-27T15:58:28 <adriens33> XD
2015-01-27T15:58:32 <adriens33> @
2015-01-27T15:58:34 <adriens33> *@+
2015-01-27T16:30:55 *** adriens33 est parti
2015-01-27T16:43:24 *** adriens33 s'est connecté
2015-01-27T16:54:18 *** adriens33 est parti
2015-01-27T16:54:53 *** adriens33 s'est connecté
2015-01-27T17:00:38 *** adriens33 est parti
2015-01-27T17:13:26 *** adriens33 s'est connecté
2015-01-27T17:18:01 *** Gordfang est parti
2015-01-27T17:25:26 *** adriens33 est parti
2015-01-27T17:43:46 <TrappyTickles> re
2015-01-27T17:43:58 <TrappyTickles> on se retrouve a un endroit précis pour giroll?
2015-01-27T17:59:03 <TrappyTickles> bon ben entk j'y vais, on se retrouve là bas j'suppose
2015-01-27T17:59:09 <heuzef> TrappyTickles
2015-01-27T17:59:14 <heuzef> je vais pas tarder à y aller
2015-01-27T17:59:20 <heuzef> mais tu sais où s'est exactement ?
2015-01-27T18:00:29 <heuzef> C'est super chiant à trouver la 1er fois
2015-01-27T18:03:34 <heuzef> TrappyTickles bon ba appel moi ;)
2015-01-27T18:03:49 *** heuzef est parti
2015-01-27T18:11:17 *** adriens33 s'est connecté
2015-01-27T18:12:19 <adriens33> TrappyTickles jai oublié le cable sata chez moi T.T désolé
2015-01-27T18:12:56 <adriens33> et je peux pas rentrer jarriverai trop tard
2015-01-27T18:23:37 *** adriens33 est parti
2015-01-27T19:29:15 *** AaA s'est connecté
2015-01-27T19:29:17 *** AaA est parti
2015-01-27T19:31:16 *** AaA s'est connecté
2015-01-27T19:57:24 *** ELiDYROS s'est connecté
2015-01-27T20:16:47 *** AaA est parti
2015-01-27T21:50:27 *** ELiDYROS est parti
2015-01-27T21:58:00 *** ELiDYROS s'est connecté
2015-01-27T22:01:31 *** ELiDYROS est parti
2015-01-27T22:11:47 *** adriens33 s'est connecté
2015-01-27T23:11:29 <TrappyTickles> c'était cool la soirée ce soir ^^ j'essaierai de te rappeler pour le cable, jusqu'a mardi prochain :p
2015-01-27T23:11:43 <TrappyTickles> tain je viens de découvrir 2 trucs en passant
2015-01-27T23:11:59 <TrappyTickles> 1. je capte NHK World gratuitement
2015-01-27T23:12:13 <TrappyTickles> 2. les djihadistes s'en prenennt aussi aux japonais -_-
