2015-03-30T00:22:45 *** TrappyTickles est parti
2015-03-30T00:30:11 *** Fidzu est parti
2015-03-30T02:02:36 *** Lenile est parti
2015-03-30T04:43:03 *** MaCharon est parti
2015-03-30T07:09:45 *** Fidzu s'est connecté
2015-03-30T07:32:03 *** Fidzu est parti
2015-03-30T07:45:06 *** Fidzu s'est connecté
2015-03-30T08:55:48 *** Gordfang s'est connecté
2015-03-30T08:57:07 <Gordfang> yo Fidzu, strycore
2015-03-30T09:23:51 *** heuzef s'est connecté
2015-03-30T09:25:59 *** chaplean s'est connecté
2015-03-30T09:26:07 *** chaplean est parti
2015-03-30T09:39:56 *** chaplean s'est connecté
2015-03-30T09:40:13 *** chaplean est parti
2015-03-30T09:41:37 *** chaplean s'est connecté
2015-03-30T09:41:37 *** chaplean est parti
2015-03-30T09:42:57 *** wildfier s'est connecté
2015-03-30T09:44:20 <wildfier> yop
2015-03-30T09:45:15 <Gordfang> yo wildfier
2015-03-30T09:49:56 <Gordfang> j'arrive pas a trouver un beau combat contre le père truc-bidule de bloodborn :'(
2015-03-30T09:51:00 <wildfier> ^^
2015-03-30T09:53:57 <Gordfang> dans toute les vidéo il utilise soit les pierre tombales, soit une attaque racker pour le tuer
2015-03-30T09:54:10 <wildfier> lol je suis en train d'écouter epic rock radio
2015-03-30T09:54:21 <wildfier> et y a un groupe qui s'appelle bloodbound
2015-03-30T09:54:28 <Gordfang> presque ^^
2015-03-30T09:54:31 <wildfier> comment j'ai lu bloodborne …
2015-03-30T09:55:03 <wildfier> (ça va pas si je commence à le voir partout ce jeu ^^, j'aurais pas du y toucher ^^)
2015-03-30T09:55:12 <Gordfang> :p
2015-03-30T10:00:12 <Fidzu> Yo en Retards
2015-03-30T10:07:52 <wildfier> salut Fidzu
2015-03-30T10:08:29 <Fidzu> Vous allez bien ce matin?
2015-03-30T10:10:08 <Gordfang> ouai et toi?
2015-03-30T10:11:47 <Fidzu> Bzh ouai ca va
2015-03-30T10:12:07 <Fidzu> Heuzef ? Ce midi je pourrais te parler 2 sec ?
2015-03-30T10:14:29 <heuzef> Hmmm
2015-03-30T10:14:40 <heuzef> Peut le faire oui
2015-03-30T10:15:13 <heuzef> Autrement en début de soirée
2015-03-30T10:17:47 <Fidzu> OK quand tu veux
2015-03-30T10:20:43 <wildfier> salut heuzef
2015-03-30T10:20:59 <heuzef> yop =)
2015-03-30T10:53:05 *** Gordfang est parti
2015-03-30T11:20:12 <heuzef> wildfier ?
2015-03-30T11:21:27 <heuzef> Fidzu je t'appelle en fin d'aprem, pourrais pas avnt ;)
2015-03-30T11:21:40 <heuzef> C'est bon pour toi ?
2015-03-30T11:22:10 <Fidzu> Ben ce soir je suis sur l'irc si tu veux
2015-03-30T11:22:31 <heuzef> Ok pour IRC ce soir alors
2015-03-30T11:25:48 *** Elvon s'est connecté
2015-03-30T11:25:59 <Fidzu> Ce sera juste pour te poser une question et faire une annonce en fonction de la réponse
2015-03-30T11:26:23 <Elvon> Bien le bonjour à tous!
2015-03-30T11:27:08 <Fidzu> Salut Elvon !
2015-03-30T11:29:45 <Elvon> Comment va tu Fidzu
2015-03-30T11:30:43 *** TrappyTickles s'est connecté
2015-03-30T11:39:48 <Elvon> ?
2015-03-30T11:49:22 <Fidzu> Re dsl
2015-03-30T11:49:28 <Fidzu> Ouai ca va et toi ?
2015-03-30T11:50:14 <Elvon> ça va un je suis toujours HS mais bon ^^'
2015-03-30T11:51:02 <Fidzu> Le lundi matin c'est trop la fatigue ...
2015-03-30T11:51:17 <Fidzu> Heureusement c'est l'heure du miam
2015-03-30T11:51:17 <Elvon> au faite j'ai un soucis de météo pour mon prochain Event, mais bon je le met en place d'ici cet semaine
2015-03-30T11:51:49 <Fidzu> Le prochain évent ?
2015-03-30T11:51:54 <Elvon> ouais sauf que je ddoit faire mon miam là et que j'ai pas d'idée dui coup je vais pas manger --"
2015-03-30T11:52:21 <Elvon> Berry-Punch> C'est pas sympas ça Berry-chan.
2015-03-30T11:52:46 <Fidzu> XD
2015-03-30T11:59:37 *** heuzef est parti
2015-03-30T12:10:36 <Fidzu> Elvon ?
2015-03-30T12:13:09 <Elvon> Oui c'est moi ?
2015-03-30T12:14:15 <Fidzu> J'ai pensé, vu  que l'argent pose beaucoup de problèmes pour les meetup au calices
2015-03-30T12:14:39 <Fidzu> De payer l'entrer et la conso des gens le 4
2015-03-30T12:14:44 *** Gordfang s'est connecté
2015-03-30T12:14:49 <Gordfang> re
2015-03-30T12:14:53 <Fidzu> Re
2015-03-30T12:15:14 <Elvon> bin pareil mais ça me fait chier car (j'ai pas une Thune non plus c'est déjà bien que je puisse payer les miennes ^^)
2015-03-30T12:15:18 <Elvon> RE
2015-03-30T12:16:14 <Fidzu> Tkt moi ça me dérange pas du tout de payet poyr tout le monde, au contraire si ca peux ammener des gens, tant mieux
2015-03-30T12:16:59 <Elvon> Ouais pas faux (faudra voir plus tard en réu pour un systéme de gestion pour simplifier les sortie payante)
2015-03-30T12:17:30 <Elvon> mais si on est au moins 7 on paie un totale de 25 a partager donc faut aussi voir avec ça
2015-03-30T12:17:41 <Fidzu> Oui sauf que la c'est ce week end donc faut mettre Les gens au courant que ce sera gratuit
2015-03-30T12:17:45 <Elvon> pour 4 j'espère qu'on sera au moins 10
2015-03-30T12:18:54 <Fidzu> Ben pas mal de gens ne viennent pas parce que c'est cher
2015-03-30T12:19:14 <Fidzu> Ducoup ils n'aurons plus d'excuses :D
2015-03-30T12:20:45 <Elvon> Oo ouais mais justement si le calice c'est "cher" sa veux dire que pour eux TOUT est cher parce que tu peut parier tous ce que tu veux mais c'est le lieux le moins cher de toute la cub. le seul moyen de ne pas avoir de véritable frai serais de faire nos sortie chez quelqu'un mais personne ne peut ouvrir leur porte a autant de mondes.
2015-03-30T12:22:03 <Elvon> du coup on se retrouve bloquer on a trouver un Fu**** QG et personne ne veux voir le vers a moitier plein. Je suis motiver pour arranger les chose mais bordel on est pas juste 4 dans le collectif. faut que tout le monde ce sorte le doigt de son anus.
2015-03-30T12:23:59 <Elvon> Je peut essayer de faire 80% de la démarche si personne n'effectue les 20% restant cela ne sert a rien. donc je réflédchis pour L'event lier au PS que je doit monter et plus je pense que personne ne veux venir au calice plus je vais forcer les gens a sortir sous la flotte (parce que je ne sais pas où les amené si il fait pas beaux)
2015-03-30T12:24:13 <Fidzu> Ce soir je mail les gens. J'espère qu'ils viendrons
2015-03-30T12:24:21 <Elvon> (vue que le calice est cher tout le reste l'es encore plus)
2015-03-30T12:24:26 <Elvon> Pareil
2015-03-30T12:24:44 <Fidzu> Sinon c'est juste qu'ils on la flemme de participer au évent
2015-03-30T12:24:55 <Fidzu> Faudrais aussi le faire que fb non?
2015-03-30T12:25:20 <Gordfang> vous faite pas chier
2015-03-30T12:25:22 <Fidzu> Le faire sur *
2015-03-30T12:25:23 <Elvon> perso je vais essayer de me motivé pour monter un convois S5 (mais y a aussi que les gens préfére regarder la serie seul sur leur canape)
2015-03-30T12:25:51 <Gordfang> proposer le calice, si il trouve ça "cher" demender leur si il connaisse un autre lieu, si oui renseignez vous dessus sinon bas fuck
2015-03-30T12:26:35 <Elvon> oui je sais bien mais quand on leur dit ça il ce tourne vers leur canape pour la soirée de 4
2015-03-30T12:26:40 <Elvon> du 4*
2015-03-30T12:27:02 <Gordfang> tu veut faire quoi? tu va pas les forcer à venir
2015-03-30T12:27:14 <Elvon> non je sais bien
2015-03-30T12:27:24 <Gordfang> je suis sur que si tu proposer un truc du genre "c'est gratuit" il viendrons quand même pas
2015-03-30T12:27:36 <Gordfang> (au passage je viens pas, ce week end je suis pas sur bdx)
2015-03-30T12:27:39 <Fidzu> Mais c'est le principe de bc
2015-03-30T12:27:52 <Elvon> ma laisse je vais faire un tour pour relacher ma tension (elle na rien a faire ici ma tension) ^^é
2015-03-30T12:27:56 *** Elvon est parti
2015-03-30T12:28:09 <Fidzu> Reunirles bronies pour faire des truc ensembles
2015-03-30T12:28:23 <Gordfang> ouai mais y aura toujours des "j'ai la flemme!"
2015-03-30T12:28:28 <Fidzu> Mais si on est tout le temps 4 ou 5 c'est pas cool
2015-03-30T12:28:33 <Gordfang> on pourra jamais reunir les 60 membres
2015-03-30T12:28:41 <Fidzu> Oui c'est sur
2015-03-30T12:29:08 <Fidzu> Mais pour un truc aussi important que le 4 .. Ils pourraient faire un effort
2015-03-30T12:29:22 <Gordfang> oui... mais non
2015-03-30T12:31:10 <Fidzu> Bref .. Le 4 ce sera gratuit . Ils viennent tant mieux sinon tant pis pour eux
2015-03-30T12:32:29 *** Elvon s'est connecté
2015-03-30T12:33:10 *** Fidzu est parti
2015-03-30T12:33:48 *** Fidzu s'est connecté
2015-03-30T12:34:01 <Fidzu> Tient, ca faisait longtemps
2015-03-30T12:35:04 <Elvon> re
2015-03-30T12:35:24 <Elvon> c'était juste le temps de soufler un coup
2015-03-30T12:36:01 <Gordfang> je re
2015-03-30T12:36:14 *** Fidzu est parti
2015-03-30T12:36:48 *** Fidzu s'est connecté
2015-03-30T12:37:02 <Fidzu> Quelque chose t'a mis en rogne ?
2015-03-30T12:39:48 <Elvon> Nop je suis un mec plein de tension et puis bah parfois j'ai du mal a les maitrisé ^^"
2015-03-30T12:41:32 <Elvon> vue que j'ai plein de galére qui ce ré-accumule bah je suis tout tendu. et je suis un peu dessus pour le 4 que les premiers message sois " au calice? ah bah je pourrait pas venir j'ai plein de chose a faire et puis je les regarderai tranquile chez moi."
2015-03-30T12:41:57 <Elvon> en tout cas je l'ai renssentie comme ça
2015-03-30T12:42:55 <Fidzu> :/
2015-03-30T12:43:57 <Elvon> c'est pour ça je vais tanter de pas trop ouvrir ma bouche (en tout pas trop écrire) car je suis influencer par mon foutu karma de merde
2015-03-30T12:44:03 *** wildfier est parti
2015-03-30T12:44:23 <Elvon> m'enfin sinon a part ça quoi neuf les gens ?N
2015-03-30T12:44:24 <Elvon> m'enfin sinon a part ça quoi neuf les gens ?
2015-03-30T12:45:22 <Fidzu> La pause ..
2015-03-30T12:45:40 <Fidzu> Donc dodo au chaud dans la voiture ^^
2015-03-30T13:16:29 *** Shinsaber s'est connecté
2015-03-30T13:16:34 <Shinsaber> salut !
2015-03-30T13:28:58 <Fidzu> Lu
2015-03-30T13:30:04 <Fidzu> Ca va Shinsaber ?
2015-03-30T13:34:45 *** wildfier s'est connecté
2015-03-30T13:40:47 <Shinsaber> yep Fidzu sa va bien ^^
2015-03-30T13:40:50 <Shinsaber> et toi ??
2015-03-30T13:41:11 <Fidzu> Ça farte tranquille.
2015-03-30T13:45:38 <wildfier> yop Shinsaber
2015-03-30T13:54:02 <Elvon> Yop Shinsaber  et wildfier
2015-03-30T13:56:01 <Elvon> bon bah je vais pas tarder a bouger donc je vous a plus je me prépare
2015-03-30T13:56:03 *** Elvon est parti
2015-03-30T15:21:48 *** Fidzu est parti
2015-03-30T15:36:20 *** Fidzu s'est connecté
2015-03-30T15:42:52 <Gordfang> !history
2015-03-30T15:45:23 *** MaCharon s'est connecté
2015-03-30T16:00:51 *** Fidzu est parti
2015-03-30T16:01:09 *** Fidzu s'est connecté
2015-03-30T16:17:58 *** Fidzu est parti
2015-03-30T16:37:21 *** Shinsaber est parti
2015-03-30T16:37:50 *** Shinsaber s'est connecté
2015-03-30T16:50:39 *** Aragox s'est connecté
2015-03-30T17:14:17 *** Aragox est parti
2015-03-30T17:30:13 *** Fidzu s'est connecté
2015-03-30T17:30:17 *** Fidzu est parti
2015-03-30T17:56:16 *** Fidzu s'est connecté
2015-03-30T17:56:48 *** Shinsaber est parti
2015-03-30T18:05:17 *** Gordfang est parti
2015-03-30T18:05:42 *** Gordfang s'est connecté
2015-03-30T18:11:50 *** wildfier est parti
2015-03-30T19:12:57 *** MorningCourse s'est connecté
2015-03-30T19:13:32 <MorningCourse> fidzu j'ai posté ta "paye " ce matin
2015-03-30T19:14:04 <MorningCourse> tu devrais le recevoir pendant la semaine
2015-03-30T19:15:03 *** Gordfang est parti
2015-03-30T19:15:31 *** heuzef s'est connecté
2015-03-30T19:16:44 <Fidzu> ok merci
2015-03-30T19:16:51 <Fidzu> moi je m'y suis mis
2015-03-30T19:16:56 <Fidzu> j'ai commencé les ailes
2015-03-30T19:25:58 *** adriens33 s'est connecté
2015-03-30T19:48:37 *** heuzef est parti
2015-03-30T19:53:03 <MorningCourse> photo possible ce soir
2015-03-30T19:53:12 <MorningCourse> ?
2015-03-30T20:21:06 *** heuzef s'est connecté
2015-03-30T20:22:12 *** heuzef est parti
2015-03-30T20:49:35 <Fidzu> j'arrive pas à t'envoyer l'image
2015-03-30T20:53:09 <Fidzu> au fait pour ceux qui n'etait pas la a midi ou qui ne lisent pas les mail,
2015-03-30T20:53:12 <Fidzu> pour le 4
2015-03-30T20:53:22 <Fidzu> vous ne payerais rien
2015-03-30T21:29:08 <adriens33> ah bravo.
2015-03-30T21:29:17 <adriens33> « <Elvon> Oo ouais mais justement si le calice c'est "cher" sa veux dire que pour eux TOUT est cher parce que tu peut parier tous ce que tu veux mais c'est le lieux le moins cher de toute la cub. le seul moyen de ne pas avoir de véritable frai serais de faire nos sortie chez quelqu'un mais personne ne peut ouvrir leur porte a autant de mondes.
2015-03-30T21:29:18 <adriens33> 12:22:03 <Elvon> du coup on se retrouve bloquer on a trouver un Fu**** QG et personne ne veux voir le vers a moitier plein. Je suis motiver pour arranger les chose mais bordel on est pas juste 4 dans le collectif. faut que tout le monde ce sorte le doigt de son anus.
2015-03-30T21:29:19 <adriens33> »
2015-03-30T21:29:27 <adriens33> question aggressivité et égocentrisme ça se pose là.
2015-03-30T21:30:07 <adriens33> c'est pas en réaqissant de cette manière que ça donne envie aux gens de participe.r
2015-03-30T21:30:24 <adriens33> et oui, pour certaines personnes, 3€ pour une entrée ça peut être trop cher.
2015-03-30T21:31:43 <adriens33> « 12:29:08 <Fidzu> Mais pour un truc aussi important que le 4 .. Ils pourraient faire un effort »
2015-03-30T21:32:35 <adriens33> quelle compréhensivité.. bravo.
2015-03-30T21:32:53 <adriens33> donc tout ce que vous voyez c'est "ah ils participent pas".
2015-03-30T21:32:57 *** Yvan33 s'est connecté
2015-03-30T21:32:58 <adriens33> et ça vous est pas venu UNE SECONDE
2015-03-30T21:33:01 <Yvan33> Salut mes cher
2015-03-30T21:33:04 <adriens33> de vous demander POURQUOI.
2015-03-30T21:33:08 <adriens33> soir Yvan33
2015-03-30T21:33:10 <adriens33> je dépile la log
2015-03-30T21:33:19 <adriens33> (=je répond à ce qui s'est dit dans la journée)@
2015-03-30T21:33:35 <adriens33> vu que je viens d'arriver
2015-03-30T21:33:39 <Yvan33> ouais j'avais compris
2015-03-30T21:33:44 <adriens33> et que c'est pas folichon.
2015-03-30T21:33:45 <adriens33> donc.
2015-03-30T21:34:13 <adriens33> au lieu de gueuler que les gens participent pas et de leur dire "mééé, bougez vous le trou du cul tas de faignants" en trépignant sur place comme des gosses de 4 ans
2015-03-30T21:34:18 <Fidzu> on sait pourquoi ils ne participent pas
2015-03-30T21:34:28 <adriens33> demandez vous pourquoi ils peuvent / veulent pas
2015-03-30T21:34:38 <adriens33> essayez d'être PLUS COMPRÉHENSIFS
2015-03-30T21:34:50 <adriens33> et surtout moins aggressifs.
2015-03-30T21:34:51 <adriens33> et surtout:
2015-03-30T21:34:55 <Yvan33> Ah oui ca
2015-03-30T21:34:58 <adriens33> ils ne vous doivent rien.
2015-03-30T21:35:00 <adriens33> les gens sont ici par choix.
2015-03-30T21:35:16 <adriens33> donc ils n'ont AUCUNE obligation envers qui que ce soit.
2015-03-30T21:35:47 <adriens33> donc criser parce que personne participe, c'est le meilleur moyen de passer pour des gens immatures et désagréables.
2015-03-30T21:35:54 <adriens33> [/end_rant]
2015-03-30T21:36:07 <Yvan33> Je trouve ça sympa qu'il y ait un meet up pour cette occasion, et même si j'ai pas de problèmes financier et que je vous aime bien, je préfère quand même regarder l'épisode chez moi pénard.
2015-03-30T21:36:43 <adriens33> c'est ton droit ^^
2015-03-30T21:37:00 <adriens33> perso j'aime bien le collectif, j'y participe tant que je peux (à l'irc déjà, c'est pas toujours facile XD)
2015-03-30T21:37:15 <Yvan33> Ca se voit pas forcémet en plus
2015-03-30T21:37:16 <adriens33> mais bon parfois pareil j'ai envie de rester chez moi
2015-03-30T21:37:39 <adriens33> parce déjà sortir, voir du monde, bah c'est pas toujours facile pour tout le monde aussi
2015-03-30T21:37:47 <Yvan33> Moi c'est plus le fait que les commentaires des autres vont me faire décrocher de l'épisode
2015-03-30T21:37:54 <adriens33> aussi
2015-03-30T21:38:15 <Yvan33> Et oui, certains ont pas forcément une aisance sociale solide
2015-03-30T21:38:36 <Fidzu> si vous ne voulez pas venir pour raison x ou y
2015-03-30T21:38:44 <Fidzu> ne venez pas, on vous force pas
2015-03-30T21:39:02 <adriens33> Fidzu> là n'est pas la question.
2015-03-30T21:40:01 <Fidzu> cest vrai que tout a l'hzeure on s'ai un peu emporté
2015-03-30T21:40:06 <adriens33> c'est surtout de vouloir culpabiliser les gens qui n'ont pas forcément les moyens (que ce soit moral, psychologigue, financier, temporel ou quoi que ce soit d'autre) de participer activement qui me pose un gros problème.
2015-03-30T21:40:25 <adriens33> et tu n'es ni le premier ni le dernier à manifester ce genre de chose..
2015-03-30T21:40:37 <Yvan33> La manipulation de masse est pas forcément consciente
2015-03-30T21:41:34 <Yvan33> Mais exprimer sa pensée sans se modéré peut blesser sans le vouloir
2015-03-30T21:41:45 <Yvan33> Faut faire gaffe quand on est hnnête
2015-03-30T21:41:51 <Yvan33> *honnête
2015-03-30T21:43:02 <Fidzu> on ne voulais blesser personne
2015-03-30T21:43:14 <Fidzu> c'est vrai que parler comme ca sur un chat publique c'est pas top ..
2015-03-30T21:43:16 <adriens33> y'a je sais plus qui qui sortait ça l'autre jour
2015-03-30T21:43:33 <adriens33> en complétant qu'il faudrait virer du collectif tous ceux qui ne participent pas activement
2015-03-30T21:44:13 <adriens33> sachant que les gens sont ici par choix et que sans chercher à comprendre les motivations ou le pourquoi de comment de chacun, inutile de dire que perso je trouve ça un peu nazi
2015-03-30T21:45:22 <Yvan33> C'est triste de voir que le message de tolérance ne passe pas pour tout le monde.
2015-03-30T21:45:37 <Fidzu> je crois que tu parle de moi meme si je n'ai jamais mentionner de les virer ^^
2015-03-30T21:45:56 <Yvan33> Je ne sais pas je n'y étais pas
2015-03-30T21:46:10 <adriens33> non non Fidzu
2015-03-30T21:46:27 <Fidzu> je parlais juste des gens qui s'inscrivent et deux jour plus tard qui font ' Bronycub ? c'est quoi ?'
2015-03-30T21:47:23 <adriens33> oui mais y'a un fossé entre ça et «virer tous ceux qui ne participent pas activement"
2015-03-30T21:47:51 <Fidzu> encore une fois .. je n'ai jamais dis une tel chose
2015-03-30T21:48:01 <adriens33> (de mémoire, c'était à peu de choses près ça)
2015-03-30T21:48:07 <Fidzu> meme moi je ne ferais jamais ca
2015-03-30T21:48:13 <adriens33> je t'ai dit
2015-03-30T21:48:16 <adriens33> que je ne parlais pas deTOI
2015-03-30T21:48:25 <adriens33> rôgntudjû
2015-03-30T21:48:34 <adriens33> t'es pas le seul dans la galaxie !
2015-03-30T21:48:47 <Yvan33> Tu l'a mal écrit
2015-03-30T21:48:59 <Yvan33> Le juron de l'employeur de gaston
2015-03-30T21:49:03 <adriens33> « 21:40:23     +adriens33 │ et tu n'es ni le premier ni le dernier à manifester ce genre de chose.. »
2015-03-30T21:49:33 <adriens33> et désolé mais ça c'est pourtant clair
2015-03-30T21:49:39 <adriens33> 21:43:14     +adriens33 │ y'a je sais plus qui qui sortait ça l'autre jour
2015-03-30T21:49:41 <adriens33> 21:43:31     +adriens33 │ en complétant qu'il faudrait virer du collectif tous ceux qui ne participent pas activement
2015-03-30T21:50:11 <Yvan33> Tu te cite toi même? Hum je devrai faire ça
2015-03-30T21:50:31 <adriens33> bah j'ai pas le choix ^^"
2015-03-30T21:50:40 <Fidzu> je deteste les gens qui se sitent
2015-03-30T21:50:46 <Fidzu> Fidzu 2015
2015-03-30T21:50:54 <adriens33> vous êtes marrant...
2015-03-30T21:50:58 <adriens33> vous et vos mémoires de poisson rouge.
2015-03-30T21:51:10 <adriens33> je dit un truc et 30s après "ah mais t'a pas précisé ça"
2015-03-30T21:51:18 <adriens33> désolé c'est pas moi qui le dit, c'est le log.
2015-03-30T21:51:32 <Yvan33> J'ai rien dit me lance pas dans le panier
2015-03-30T21:51:40 <Yvan33> *dodge*
2015-03-30T21:51:46 <adriens33> et Fidzu "je déteste les gens qui se Citent" bah désolé mais bon ça évite de répéter
2015-03-30T21:51:58 <adriens33> et ça fait un peu hipster ton truc Xd
2015-03-30T21:52:01 <Yvan33> Je crois que c'était de l'humour
2015-03-30T21:52:02 <adriens33> * XD
2015-03-30T21:52:09 <adriens33> t'es sur ?
2015-03-30T21:52:10 <Fidzu> ^^
2015-03-30T21:52:27 <adriens33> mon détecteur de drôlitude est en panne ce soir, j'suis pas très en forme.
2015-03-30T21:52:30 <Yvan33> Attends je dois réflechir
2015-03-30T21:52:37 <adriens33> (j'ai passé un we à chier)@
2015-03-30T21:52:39 <adriens33> -@
2015-03-30T21:53:04 <adriens33> bon bah je vais aller faire un tour quelques mois en attendant Yvan33 XD
2015-03-30T21:53:25 <Yvan33> Ivan has encountered a fatal error
2015-03-30T21:53:30 *** Yvan33 est parti
2015-03-30T21:53:48 <adriens33> hmm
2015-03-30T21:53:52 *** Yvan33 s'est connecté
2015-03-30T21:54:03 <adriens33> m'okay
2015-03-30T21:54:25 <Yvan33> Je suis à 85% sure que c'était de l'ironie
2015-03-30T21:54:35 <Yvan33> #Fay
2015-03-30T21:54:38 <adriens33> si tu le dis ^^
2015-03-30T21:54:45 <adriens33> de toute manière je fais ce que je veux / peux
2015-03-30T21:55:07 <adriens33> et citer des bouts de dialogue ça se fait souvent sur un chat
2015-03-30T21:55:09 <Yvan33> Je fais ce que je peux pour faire ce que je peux
2015-03-30T21:55:20 <adriens33> c'est mieux que de dire "regarde a telle heure"
2015-03-30T21:55:41 <adriens33> parce que là on peut te rétorquer "je vois pas la ligne dont tu parle, je trouve pas"
2015-03-30T21:55:46 <adriens33> là tu leur remet sous le nez
2015-03-30T21:55:55 <Yvan33> Ouais mais regarde
2015-03-30T21:56:04 <Yvan33> Tu a mangé quoi ce midi?
2015-03-30T21:56:24 <adriens33> bah de toute façon quand tu parle beaucoup et que tu réfléchis en même temps
2015-03-30T21:56:37 <Yvan33> Je suis sur que quoi que ce fut, tu l'as fait sur ton chat
2015-03-30T21:56:38 <adriens33> tu en viens forcément à citer des bouts de conversations pour éviter de te répéter
2015-03-30T21:56:45 <adriens33> non, j'étais pas co
2015-03-30T21:56:47 <Yvan33> 21:55:07 <adriens33> ça se fait souvent sur un chat
2015-03-30T21:56:48 <adriens33> (fin pas vraiment)
2015-03-30T21:57:06 <Yvan33> Voila, je m'en vais maintenant
2015-03-30T21:57:10 <adriens33> ?
2015-03-30T21:57:14 <adriens33> pas compris.
2015-03-30T21:57:29 <Yvan33> Perd pas ton temps
2015-03-30T21:57:37 <Fidzu> sans vouloir relancer le debat sans fin, je tiens juste à dire que je comprend que certaines personnes n'on pas les moyens de payer le calice, d'ou mon idée de prendre en charge tout les frais.
2015-03-30T21:57:39 <adriens33> tu me sors une ligne random, moi j'ai pris un truc en contectxe.
2015-03-30T21:58:13 <adriens33> Fidzu> première fois que j'entends parler de ça
2015-03-30T21:59:09 <Yvan33> Bref, je go dormir
2015-03-30T21:59:10 <Fidzu> pourtant c'est l'origine de ma conv avec elvon
2015-03-30T21:59:17 <Yvan33> Allez bonne soirée
2015-03-30T21:59:25 <Fidzu> bye
2015-03-30T21:59:37 *** Yvan33 est parti
2015-03-30T22:00:33 <adriens33> je veux dire ajd ^^
2015-03-30T22:01:29 <Fidzu> ajd ?
2015-03-30T22:01:55 <adriens33> aujourd'hui
2015-03-30T22:02:01 <Fidzu> ah
2015-03-30T22:02:06 <adriens33> c'est la crise économique, j'économise mes doigts XDD
2015-03-30T22:02:10 <Fidzu> ^^
2015-03-30T22:02:23 <adriens33> (achievement unlocked: excuse de merde)
2015-03-30T22:36:01 *** ChordsTackler s'est connecté
2015-03-30T22:36:09 <ChordsTackler> Hey les gens
2015-03-30T22:37:43 <Fidzu> hi
2015-03-30T22:38:26 <ChordsTackler> J'ai reçu le mail pour samedi pro, j'pense payer ma place moi même comme prévu
2015-03-30T22:38:46 <ChordsTackler> Mais je m'incline tout de même face à cet acte de générosité.
2015-03-30T22:39:51 *** SamiHuunter s'est connecté
2015-03-30T22:40:54 <MorningCourse> fidzu envoie sur gmail et comment je pourrais mater les 1ers ep de la saison 5 samedi svp
2015-03-30T22:41:03 <SamiHuunter> Hanyo les gens x)
2015-03-30T22:41:48 <ChordsTackler> Salut SamiHuunter
2015-03-30T22:42:02 <MorningCourse> ps peut pasz venir samedi
2015-03-30T22:42:14 <MorningCourse> pas dsl
2015-03-30T22:43:05 <MorningCourse> ?
2015-03-30T22:44:01 <MorningCourse> nobody cares so I'm return back to game
2015-03-30T22:44:13 <Fidzu> dsl je suis en game aussi ^^
2015-03-30T22:44:22 <Fidzu> tu voudras venir le voir au calice ?
2015-03-30T22:44:40 <Fidzu> je paye l'entré
2015-03-30T22:44:43 <Fidzu> et le repas
2015-03-30T22:44:56 <adriens33> moi pour le coup je vais essayer de venir
2015-03-30T22:45:20 <ChordsTackler> Ok C'est bien 15€ pour repas + accès étage ?
2015-03-30T22:45:46 <Fidzu> ben non
2015-03-30T22:45:47 <Fidzu> 0
2015-03-30T22:45:49 <Fidzu> lol
2015-03-30T22:45:52 <adriens33> normalement oui si mes souvenirs sont bons, 12€ le repas + 3€ pour l'entrée
2015-03-30T22:46:03 <Fidzu> ca dfepend
2015-03-30T22:46:39 <adriens33> chanserv le dissident
2015-03-30T22:46:53 <adriens33> au fait ChordsTackler t'es inscrit ? :)
2015-03-30T22:47:04 <ChordsTackler> Ok J'paye mon entré et mon repas et si ca arrange quelqu'un j'pourrai surement débourser 15€ pour lui parce que c'pas à Fidzu à tout payer
2015-03-30T22:47:51 <Fidzu> non non j'insiste
2015-03-30T22:47:53 <Fidzu> je vous invite
2015-03-30T22:48:02 <ChordsTackler> Adriens33 : C'est en voie, il faut que je retravaille ma description d'après la personne qui enregistre tout ca (faut dire que j'sais pas du tout faire des descriptions donc c'normal qu'il m'ait demandé d'en faire une plus longue)
2015-03-30T22:48:10 <adriens33> ok ^^
2015-03-30T22:48:42 <ChordsTackler> Fidzu : Invite autant de personne que tu le souhaites mais moi je paye ma place et mon repas ainsi qu'à une autre personne ^^ et tu ne pourras pas me faire changer d'avis là dessus
2015-03-30T22:48:49 <adriens33> Fidzu> c'est vraiment sympa de ta part, en espérant qu'il y ai assez de monde qui puisse viendre
2015-03-30T22:48:55 <adriens33> (et j'insiste sur le puissent ^^)
2015-03-30T22:48:58 <SamiHuunter> Tu vas payer une blind, vaux mieux que tout le monde qui peut payer ramène un peu plus pour voir ceux qui ont pas assez ou pas du tout x)
2015-03-30T22:49:12 <adriens33> mais bon par contre on pourra pas être 60
2015-03-30T22:49:25 <adriens33> parce que 60 personnes dans moins de 10m carré
2015-03-30T22:49:30 <ChordsTackler> Ouaip xD
2015-03-30T22:49:36 <adriens33> on va être un peu serrés les uns dans les autres sinon
2015-03-30T22:49:50 <MorningCourse> non je peux pas venir déménagement tout ca tout ca
2015-03-30T22:49:57 <ChordsTackler> Le mieux c'est que chacun apporte son max pour sa place et ceux qui peuvent et veullent alléger la note de Fidzu n'hésite pas
2015-03-30T22:50:07 <ChordsTackler> Donc moi je paye ma place et celle d'un autre
2015-03-30T22:50:17 <ChordsTackler> MorningCourse : Dommage :/
2015-03-30T22:51:47 <Fidzu> t'inquiet pas
2015-03-30T22:51:57 <Fidzu> je pense qu'on sera environs 10
2015-03-30T22:52:18 <MorningCourse> ben oui surtout que je peux pas etre la super souvent étant donné que c'est le week end chez ma soeur qui est a la fac de bordeaux et c'est juste ces weekends que je peux venir
2015-03-30T22:52:21 <ChordsTackler> Imagine si on se reposait tous sur toi : 10x15=150 xD
2015-03-30T22:52:25 <Fidzu> c'est que je n'ai pas eu de reponse depuis un ptit bout de temps
2015-03-30T22:52:50 <ChordsTackler> You have my certify Pinkie party promess !
2015-03-30T22:53:40 <Fidzu> et alors ?
2015-03-30T22:53:44 <Fidzu> si j'invite, je compte pas ^^
2015-03-30T22:54:05 <SamiHuunter> Vous avez des horaires ?
2015-03-30T22:54:11 <MorningCourse> mais les week end ou je suis chez elle je viendrai promis
2015-03-30T22:54:12 <SamiHuunter> que je sache un peu x)
2015-03-30T22:54:43 <ChordsTackler> MorningCourse on compte sur toi ^^
2015-03-30T22:55:12 <Fidzu> mmh
2015-03-30T22:55:23 <Fidzu> att je recheck le mail ^^
2015-03-30T22:56:10 <adriens33> SamiHuunter> le calice ça ouvre a 15h je crois ? et a partir de 20h c'est plus de mineurs non accompagnés car c'est la limite minimum pour avoir accès à de l'alcool
2015-03-30T22:56:20 <adriens33> oui oui on sait
2015-03-30T22:56:31 <Fidzu> normalement ca se fii vers 20H
2015-03-30T22:56:47 <ChordsTackler> 20h au final ?
2015-03-30T22:56:50 <Fidzu> on se donne rdv au calice vers 17H
2015-03-30T22:56:54 <SamiHuunter> Bah je suis majeur donc y'a pas de problème, mais je pense pas pouvoir rester jusqu'a plus de 22 heures x)
2015-03-30T22:57:02 <ChordsTackler> Ah ^^ ok pour 17h
2015-03-30T22:57:04 <MorningCourse> chui dans le caca j'ai pas d'accompagnateur
2015-03-30T22:57:05 <Fidzu> on regarderas les 2 derniers episode de la s4 ainsi que RR en full version
2015-03-30T22:57:16 <Fidzu> on mangera puis on regarderas lers deux episode de la s5
2015-03-30T22:57:29 <ChordsTackler> MorningCourse On est accompagnateur vu qu'on est majeur
2015-03-30T22:57:36 <MorningCourse> cool
2015-03-30T22:57:50 <ChordsTackler> Y en aura deux de sorties Samedi ?
2015-03-30T22:58:21 <Fidzu> deux sorties ?
2015-03-30T22:58:43 <ChordsTackler> D'épisodes ^^
2015-03-30T22:58:59 <Fidzu> oui
2015-03-30T22:59:06 <ChordsTackler> Ah bon ^^
2015-03-30T22:59:08 <MorningCourse> OP
2015-03-30T22:59:09 <Fidzu> the fun have been doubled
2015-03-30T22:59:21 <ChordsTackler> J'pensais qu'ils allait faire un par semaine ^^'
2015-03-30T22:59:39 <Fidzu> nan la les deux sortirons en meme temps
2015-03-30T22:59:41 <MorningCourse> luna ?c'est toi?
2015-03-30T23:00:08 <ChordsTackler> Plutôt cool ca ^^
2015-03-30T23:01:56 <MorningCourse> bon je off ciao*§
2015-03-30T23:02:00 <adriens33> ++
2015-03-30T23:02:02 *** MorningCourse est parti
2015-03-30T23:02:09 <Fidzu> bye
2015-03-30T23:02:18 <ChordsTackler> Tchao
2015-03-30T23:05:13 <ChordsTackler> On sera combien samedi pour le moment ?
2015-03-30T23:05:54 <Fidzu> ben on sait pas
2015-03-30T23:06:09 <ChordsTackler> :3 hum okie dokie lokie
2015-03-30T23:06:31 <Fidzu> ce sera la surprise
2015-03-30T23:06:45 <ChordsTackler> Huzzah we are 200 Oo
2015-03-30T23:07:35 <Fidzu> je pense qu'on sera une dizaine
2015-03-30T23:07:46 <Fidzu> et je viens de verifier les deux episodes sortirons bien le meme jours
2015-03-30T23:08:45 <ChordsTackler> Bah dix ca va c'est le max
2015-03-30T23:08:51 <ChordsTackler> x) y en aura par terre ^^
2015-03-30T23:09:14 <Fidzu> ui ^^
2015-03-30T23:10:27 <ChordsTackler> Vous allez amener une peluche ou je suis spécial ? ^^
2015-03-30T23:11:21 <Fidzu> oui bien sur
2015-03-30T23:11:23 <Fidzu> mince
2015-03-30T23:11:28 <ChordsTackler> ?
2015-03-30T23:11:29 <Fidzu> j'aurais du le preciser dans le mail ^^
2015-03-30T23:12:37 <ChordsTackler> Ah ^^" bah maintenant j'hésite laquelle prendre
2015-03-30T23:13:14 <Fidzu> toutes
2015-03-30T23:13:30 <ChordsTackler> 6 ?
2015-03-30T23:13:49 <Fidzu> TOUTES
2015-03-30T23:14:06 <ChordsTackler> Bah ca fait beaucoup et c'est pas simple à transporter xd
2015-03-30T23:14:14 <Fidzu> XD
2015-03-30T23:14:49 <ChordsTackler> j'ai presque envie de prendre ma pinkie la moins jolie juste par ce que c'est ma première
2015-03-30T23:15:37 <Fidzu> ben moi ma twily
2015-03-30T23:15:43 <Fidzu> parce que c'est ma première ^^
2015-03-30T23:16:57 <ChordsTackler> Hum franchement j'hésite xD
2015-03-30T23:17:20 <ChordsTackler> Mais ma première pinkie est la plus grosse donc j'aime bien lui faire des calins xD
2015-03-30T23:19:51 <Fidzu> ben emmene la =)
2015-03-30T23:21:19 <ChordsTackler> J'verais ^^
2015-03-30T23:25:34 <ChordsTackler> Je préfère largement cette version de Shine Like Rainbows à celle du film : https://www.youtube.com/watch?v=vaT1Nr0bD3k
2015-03-30T23:33:49 <Fidzu> elvon, ludvan, toi, moi
2015-03-30T23:33:52 <Fidzu> heuzef
2015-03-30T23:33:55 <Fidzu> et après ?
2015-03-30T23:34:41 <Fidzu> qui vient ?
2015-03-30T23:36:44 <Fidzu> surement jonathan
2015-03-30T23:40:42 *** MorningCourse s'est connecté
2015-03-30T23:43:25 <ChordsTackler> Ca fait déjà 5 ou 6 ^^
2015-03-30T23:43:28 <ChordsTackler> c'pas mal
2015-03-30T23:44:10 <MorningCourse> pourquoi j'ai pas mon ptit +
2015-03-30T23:46:53 <Fidzu> morning tu viendras ou pas ducoup ?
2015-03-30T23:47:35 <MorningCourse> nope dsl  ... =(
2015-03-30T23:48:10 <Fidzu> oki
2015-03-30T23:48:50 <MorningCourse> et alors pour la photo?
2015-03-30T23:48:53 <Fidzu> SamiHuunter: c'est toi SBhunter ?
2015-03-30T23:49:02 <Fidzu> je te l'envoi par gmail , mon portable veux pas ...
2015-03-30T23:49:35 <MorningCourse> eeyup!
2015-03-30T23:50:56 <MorningCourse> au fait question brohoof ca se prononce "brauhouf" ou "brouhouf"
2015-03-30T23:51:08 <Fidzu> brau
2015-03-30T23:51:11 <Fidzu> brother
2015-03-30T23:51:18 <Fidzu> tu dis pas Brouzer
2015-03-30T23:51:20 <MorningCourse> okidooki
2015-03-30T23:51:22 <Fidzu> ^^
2015-03-30T23:51:35 <MorningCourse> oui c'est vrai...
2015-03-30T23:51:43 <Fidzu> envoyé
2015-03-30T23:51:50 <MorningCourse> okay
2015-03-30T23:51:59 <Fidzu> pour les ailes, je serais obligé de coller les deux parties de l'aile
2015-03-30T23:52:14 <Fidzu> c'est trop fin pour que je les laisses pendouiller correctement
2015-03-30T23:54:13 <MorningCourse> meme en les calant le temps que ca seche?et sinon pas grave...
2015-03-30T23:55:12 <Fidzu> ca seche pas comme ca ^^ il faut les faire cuire
2015-03-30T23:55:33 <Fidzu> et si je les cuis séparément, je ne sais pas comment je vais faire la courbure de l'aile
2015-03-30T23:55:51 <MorningCourse> j'avais oublié ce détail...
2015-03-30T23:57:55 <MorningCourse> la queue tu n'auras pas de problème pour la faire comme sur les photos?
