2015-02-03T00:41:27 *** TrappyTickles est parti
2015-02-03T05:30:13 *** Lenile est parti
2015-02-03T08:32:25 *** heuzef s'est connecté
2015-02-03T08:48:31 *** adriens331 s'est connecté
2015-02-03T08:50:43 *** adriens33 est parti
2015-02-03T08:54:47 *** Gordfang s'est connecté
2015-02-03T08:54:56 <Gordfang> yo all!
2015-02-03T08:57:45 *** heuzef1 s'est connecté
2015-02-03T08:58:52 *** heuzef est parti
2015-02-03T09:00:50 *** heuzef1 est parti
2015-02-03T09:01:09 *** heuzef s'est connecté
2015-02-03T09:04:10 *** adriens331 est parti
2015-02-03T09:13:38 *** heuzef est parti
2015-02-03T09:22:36 *** heuzef s'est connecté
2015-02-03T10:17:46 *** adriens33 s'est connecté
2015-02-03T10:53:41 *** heuzef1 s'est connecté
2015-02-03T10:55:17 *** heuzef est parti
2015-02-03T11:08:02 *** TrappyTickles s'est connecté
2015-02-03T11:28:19 *** Gordfang est parti
2015-02-03T11:51:55 *** ELiDYROS s'est connecté
2015-02-03T11:57:25 *** heuzef s'est connecté
2015-02-03T11:59:13 *** heuzef1 est parti
2015-02-03T12:52:20 *** ELiDYROS est parti
2015-02-03T13:03:00 *** heuzef est parti
2015-02-03T13:03:16 *** heuzef s'est connecté
2015-02-03T13:07:19 *** heuzef est parti
2015-02-03T13:07:31 *** heuzef s'est connecté
2015-02-03T15:46:33 <TrappyTickles> qqn est là pour un test rapide?
2015-02-03T16:18:08 <adriens33> hello
2015-02-03T16:18:15 <adriens33> Pour quoi faire Trappy ?
2015-02-03T16:18:23 *** heuzef est parti
2015-02-03T16:19:10 <adriens33> TrappyTickles: ^
2015-02-03T16:19:23 <TrappyTickles> trop tard :p
2015-02-03T16:19:29 <adriens33> arf
2015-02-03T16:19:40 <TrappyTickles> c'était pour voir si on pouvait faire des liens directs avec mediafire, et la réponse est oui ^^
2015-02-03T16:19:42 <adriens33> bah fallait pas demander alors :D
2015-02-03T16:19:43 <adriens33> ah
2015-02-03T16:20:16 <adriens33> irc les gens y répondent pas toujours de suite, parce que gérénalement tu met la fenêtre dans un coin et tu fais autre chose :P
2015-02-03T16:20:34 <adriens33> (sinon tu peux highlight des gens, ça aide à avoir une rep ^^)
2015-02-03T16:20:34 <TrappyTickles> je sais, mais à tout hasard... :p
2015-02-03T16:20:44 <TrappyTickles> et t'étais plusieurs avant lol
2015-02-03T16:20:50 <adriens33> wut?
2015-02-03T16:21:09 <TrappyTickles> ben y avait pas que toi sur le chan alors ça pouvait etre toi ou heuzef, etc
2015-02-03T16:21:14 <adriens33> ok
2015-02-03T16:21:22 <TrappyTickles> ah au fait tant que j'y pense
2015-02-03T16:21:27 <TrappyTickles> oublie pas le cable cette fois ^^
2015-02-03T16:21:36 <adriens33> non parce « t'étais plusieurs » ça fait un peu schyzo XD
2015-02-03T16:21:41 <TrappyTickles> lol
2015-02-03T16:21:57 <adriens33> euhh.... je sais pas si je pourrai venir ce soir ^^" désolé :/
2015-02-03T16:24:42 <TrappyTickles> mince :/ la semaine prochaine alors
2015-02-03T16:25:59 <adriens33> j'espère
2015-02-03T16:28:49 <TrappyTickles> tiens marrant, le ftp avec mon site (qui utilise sftp) aucun problème d'upload lol
2015-02-03T16:29:06 <adriens33> pas même route
2015-02-03T16:29:13 <adriens33> donc pas mêmes nœuds réseau
2015-02-03T16:29:17 <adriens33> cqfd
2015-02-03T16:31:15 <TrappyTickles> donc bbbff prends les mêmes noeuds réseaux que tous les autres ftp que jprends alors?
2015-02-03T16:32:18 <adriens33> bah je sais pas, ou alors si c'est la différence ftp / sftp qui pose problème c'est soit que tu as un problème de configuration sur ta machine, soit ton FAI qui filtre en fonction du protocole (neutralité du réseau, tout ça… bref)
2015-02-03T16:32:44 <adriens33> (et venant de free ça ne m'étonnerait pas du tout)
2015-02-03T16:35:28 <TrappyTickles> possible
2015-02-03T16:39:13 *** adriens33 est parti
2015-02-03T17:04:15 *** heuzef s'est connecté
2015-02-03T17:10:58 *** heuzef1 s'est connecté
2015-02-03T17:12:43 *** heuzef est parti
2015-02-03T17:48:58 *** MaCharon s'est connecté
2015-02-03T17:56:42 *** heuzef1 est parti
2015-02-03T17:57:07 *** heuzef s'est connecté
2015-02-03T18:25:00 *** TrappyMobile s'est connecté
2015-02-03T18:25:09 <TrappyMobile> ah t'es là heuzef
2015-02-03T18:25:28 <TrappyMobile> c'est quoi le wifi de giroll déjà?
2015-02-03T18:25:44 <TrappyMobile> jlai perdu quand j'ai réinstall mon pingouin
2015-02-03T18:27:19 <heuzef> girollpasasso
2015-02-03T18:27:30 <heuzef> Normalement non je passe pas ce soir =)
2015-02-03T18:27:46 <TrappyMobile> ok :p
2015-02-03T18:29:52 *** TrappyMobile est parti
2015-02-03T19:06:37 *** Lenile s'est connecté
2015-02-03T19:06:44 <Lenile> Yop
2015-02-03T19:09:49 *** Lenile est parti
2015-02-03T19:11:33 *** adriens33 s'est connecté
2015-02-03T20:20:44 *** heuzef est parti
2015-02-03T20:44:52 *** ELiDYROS s'est connecté
2015-02-03T20:53:37 *** Lenile s'est connecté
2015-02-03T20:53:42 <Lenile> Saloute !
2015-02-03T20:54:06 <Lenile> J'ai une question pour les vieux (Façon de parlé)
2015-02-03T20:54:20 <Lenile> Mais avant ca je répare ma barre espace
2015-02-03T20:54:50 <Lenile> Voila
2015-02-03T20:55:10 <Lenile> Vous pensez que c'est possible de faire commercial indépendant et en même temps faire ces études ?
2015-02-03T21:21:15 *** ELiDYROS est parti
2015-02-03T21:32:14 *** MaCharon est parti
2015-02-03T21:40:18 *** ELiDYROS s'est connecté
2015-02-03T21:42:25 <adriens33> Hello ELiDYROS / Lenile
2015-02-03T21:42:35 <Lenile> Salut adriens33
2015-02-03T21:42:50 <ELiDYROS> Re
2015-02-03T21:43:25 <adriens33> @Lenile c'est une bonne question, étant donné que pour faire commercial vaut mieux avoir une bonne xp derrière je pense pas qu'ils te prennent si t'a pas le diplôme encore. mais bon après vaut mieux aller vérifier^^
2015-02-03T21:43:35 <adriens33> ah indé
2015-02-03T21:43:44 <Lenile> J'ai un CAP Vente
2015-02-03T21:43:48 <Lenile> Et  je suis en BAC commerce
2015-02-03T21:43:52 <Lenile> o/
2015-02-03T21:44:16 <adriens33> bah regarde vers quelle entreprise tu peux te tourner, on sait jamais. ^^
2015-02-03T21:44:45 <Lenile> Mouais
2015-02-03T21:44:53 <Lenile> J'en parlerais avec ma mère o/
2015-02-03T21:45:03 <Lenile> J'trouve 0 travaux de W-E c'est chiant u.u
2015-02-03T21:45:14 <Lenile> Ma mère me sort "Il y a pas de boulot en se moment"
2015-02-03T21:45:20 <Lenile> Je regarde poel emplois
2015-02-03T21:45:31 <Lenile> T'a genre sur 100 boulots totals en Interim
2015-02-03T21:45:37 <Lenile> JE peut en postulé pour 40 / 50
2015-02-03T21:45:46 <Lenile> OUAIS OUAIS IL Y A PAS DE BOULOT
2015-02-03T21:45:52 <adriens33> mais à part ça y'a pas de boulot.
2015-02-03T21:45:53 <adriens33> XD
2015-02-03T21:46:17 <adriens33> Question: ta mère bosserait pas pour pôle emploi pour être aussi défaitiste ? XD
2015-02-03T21:48:02 <Lenile> Je sais pas xD
2015-02-03T21:48:10 <Lenile> Nan mais je veux juste arreter les cours
2015-02-03T21:48:17 <Lenile> Aller cherché ma Sam
2015-02-03T21:48:24 <Lenile> Et aménager avec elle u.u
2015-02-03T21:48:48 <adriens33> je vois^^
2015-02-03T21:52:25 <Lenile> J'vous la présenterez quand elle viendra à Bordeaux
2015-02-03T21:52:33 <Lenile> C'est une amie tres tres tres tres tres proche
2015-02-03T21:52:37 <Lenile> Et c'est une Pegasister
2015-02-03T21:53:03 <Lenile> La femme parfaite
2015-02-03T21:54:41 <adriens33> ^^
2015-02-03T21:54:54 <Lenile> Vite fait Adri
2015-02-03T21:55:01 <Lenile> Il est à quel heure l'anniversaire de Tsume ?
2015-02-03T21:55:19 <adriens33> je sais pas du tout T.T c'est pas dans le mail / sur l'event ?
2015-02-03T21:56:20 <Lenile> Je vais voir
2015-02-03T21:56:33 <Lenile> PArce que du coup je bosse peut etre Samedi jusqua 17h
2015-02-03T21:56:49 <Lenile> 7hPM
2015-02-03T21:56:58 <Lenile> Tu pense que l'heures ets juste ?
2015-02-03T21:57:18 <adriens33> c'est pas moi qui ait fait l'event Lenile, j'en sais rien T.T
2015-02-03T21:57:28 <Lenile> u.U
2015-02-03T21:57:38 <ELiDYROS> C'est écrit sur l'Agenda
2015-02-03T21:58:11 <Lenile> 7:00pm - 10:00pm
2015-02-03T21:58:15 <Lenile> ça parrais tard en fait x)
2015-02-03T21:58:40 <ELiDYROS> Bah c'est une soirée d'anniv, pas un goûter lol
2015-02-03T22:00:01 <Lenile> xD
2015-02-03T22:00:15 <Lenile> Toi le fantôme tu te tait hein è.é
2015-02-03T22:00:24 <ELiDYROS> Pardon ?
2015-02-03T22:00:26 <Lenile> C'est quoi ôte(sse) de saisie
2015-02-03T22:00:32 <Lenile> ( C'est de l'humour)
2015-02-03T22:00:39 <ELiDYROS> Bah si je viens pas y a des raisons hein
2015-02-03T22:02:21 <Lenile> J'en savais rien que tu venais pas ._.
2015-02-03T22:02:28 <Lenile> Comment tu veux que je le sache ._.
2015-02-03T22:02:38 <adriens33> Lenile: *hôte, bah comme hôte de caisse mais pour la saisie ? (au pif secrétaire je dirais)
2015-02-03T22:02:41 <ELiDYROS> Non je pensais que tu disais "fantome" car je viens pas aux events
2015-02-03T22:05:02 <Lenile> Ha non non non
2015-02-03T22:05:09 <Lenile> J'ai dit c'était de l'humour ._.
2015-02-03T22:05:25 <Lenile> S'juste que j'ai du te  voir au total 2 fois même sur le chat x)
2015-02-03T22:05:30 <Lenile> Mais c'est pas méchant
2015-02-03T22:05:35 <Lenile> Chacuns ces raisons !
2015-02-03T22:05:47 <adriens33> ELiDYROS vient souvent sur le chan
2015-02-03T22:05:54 <adriens33> mais souvent quand y'a personne
2015-02-03T22:06:02 <adriens33> et il repart direct^^$
2015-02-03T22:06:05 <adriens33> *^^"
2015-02-03T22:06:26 <ELiDYROS> Beh disons que si j'ai rien d'intéressant à raconter et que je vois qu'il n'y a personne je ne reste pas
2015-02-03T22:06:32 <ELiDYROS> Mais en général je viens tous les jours
2015-02-03T22:06:38 <Lenile> Je suis jamais la aussi '^'
2015-02-03T22:07:06 <adriens33> bah c'est con parce que du coup tu loupe quand y'a du monde alors qu'en restant co meme s'il se passe rien, bah tu perds rien au pire ^^ ça te fait juste une fenêtre d'ouverte en plus
2015-02-03T22:07:46 <Lenile> Je sais
2015-02-03T22:07:48 <adriens33> (ce que je fais moi, c'est pour ça que je suis tout le temps là ou presque, mais que y'a des moments où je ne réponds que quand on me highlight XD)
2015-02-03T22:08:10 <ELiDYROS> Bah en général je laisse pas le pc allumé si je fais rien dessus
2015-02-03T22:08:13 <adriens33> ah
2015-02-03T22:08:15 <Lenile> Perso maintenant que j'ai instaler mon nouvel écran je le laisse sur le coté
2015-02-03T22:08:19 <Lenile> Mais la je reformate tout le PC
2015-02-03T22:08:30 <adriens33> Lenile vive les dual screens =3
2015-02-03T22:08:32 <adriens33> encore ?
2015-02-03T22:08:40 <Lenile> Nan s'pas un Dual screen
2015-02-03T22:08:48 <Lenile> C'est un 3 Creen o/
2015-02-03T22:08:52 <adriens33> triple screen ?
2015-02-03T22:08:56 <Lenile> xD
2015-02-03T22:08:56 <adriens33> enfoiré va >_<
2015-02-03T22:09:02 <Lenile> Je triche un peut
2015-02-03T22:09:06 <Lenile> 3 ecrqns pour 2 Pc x-
2015-02-03T22:09:08 <Lenile> x-
2015-02-03T22:09:09 <adriens33> ah
2015-02-03T22:09:27 <Lenile> Le qwerty se lance tout seul e.E
2015-02-03T22:09:28 <adriens33> dans ce cas j'peux faire la même avec mon pc portable à côté du desktop ><
2015-02-03T22:09:41 <ELiDYROS> Pourquoi tant d'écran ?
2015-02-03T22:09:42 <adriens33> bah rattrappe-le
2015-02-03T22:09:47 <Lenile> Me faut un plus gros  bureau pour 3 écrants
2015-02-03T22:09:52 <Lenile> Mais theoriquement je pourrais
2015-02-03T22:09:53 <adriens33> ELiDYROS: essaie le dual screen et tu comprendras.
2015-02-03T22:09:58 <Lenile> Eli
2015-02-03T22:10:00 <ELiDYROS> J'ai déjà essayé
2015-02-03T22:10:09 <Lenile> 1 Pc portable pour les DL
2015-02-03T22:10:11 <ELiDYROS> C'est quasiment nécessaire pour faire de la 3D
2015-02-03T22:10:16 <Lenile> 2 eme écrant pour l'IRC
2015-02-03T22:10:16 <adriens33> bah quand tu fais plein de choses à la fois, c'est extrèmement utile.
2015-02-03T22:10:21 <Lenile> Et le 3 eme pour le Gaming
2015-02-03T22:10:47 <ELiDYROS> Moi c'est surtout pour les logiciels comme 3DS Max qui ont des interfaces trop grosses
2015-02-03T22:10:57 <adriens33> pour ma part, irc + firefox + mes rss + lecteur vidéos + terminal le plus souvent, donc 2 écrans c'est limite pas assez XD
2015-02-03T22:11:13 <ELiDYROS> Après je dl pas, je joue essentiellement sur console, quand je joue sur pc je me déco des chats
2015-02-03T22:11:17 <adriens33> (sachant que irc je suis sur 3-4 chan + le chat fb + skype)
2015-02-03T22:11:20 <Lenile> J'ai un petit dell à vendre si tu veux adriens33 xD
2015-02-03T22:11:32 <Lenile> Un screen hein x)
2015-02-03T22:11:43 <adriens33> nah mais je vais attendre pour me reprendre un écran
2015-02-03T22:11:55 <ELiDYROS> Combien de lag ton écran ?
2015-02-03T22:11:56 <adriens33> que je garde le peu de sous qu'il me reste XD
2015-02-03T22:12:06 <Lenile> Moi je veux le porte écran de Mathias '3'
2015-02-03T22:12:10 <adriens33> XD
2015-02-03T22:12:12 <Lenile> Il est Epic '3'
2015-02-03T22:12:17 <adriens33> j'avoue
2015-02-03T22:13:01 <Lenile> Tes obligé d'avoué e.e
2015-02-03T22:13:07 <Lenile> Il est énorme x)
2015-02-03T22:13:14 <Lenile> Seul truc dommage c'est qu'il est pas une tours
2015-02-03T22:13:24 <ELiDYROS> ouch
2015-02-03T22:13:25 <Lenile> Parce que le PC portable c'est vraiment le Systeme D quoi
2015-02-03T22:13:28 <adriens33> trop
2015-02-03T22:13:41 <Lenile> Perso 300 Euro ma tours d'occas
2015-02-03T22:13:44 <Lenile> Elle est pas trop trop mal
2015-02-03T22:13:49 <adriens33> c'est pas demain que les pcs desktop vont disparaître XD
2015-02-03T22:13:54 <Lenile> J'fait tourné s'que je veux quoi x)
2015-02-03T22:14:02 <Lenile> Ouais les tours disparaitrons jamais
2015-02-03T22:14:05 <Lenile> J'veux dire
2015-02-03T22:14:08 <adriens33> moi techniquement 200€ + mon ancien setup.
2015-02-03T22:14:11 <ELiDYROS> 300€ c'est le prix que j'ai payé pour mon AlienWare lol
2015-02-03T22:14:23 <Lenile> Alienware on beau avoir les meilleurs boitiers PC portable au monde
2015-02-03T22:14:28 <Lenile> Comparé à une Tours
2015-02-03T22:14:34 <ELiDYROS> C'est une tour
2015-02-03T22:14:36 <Lenile> Comme ma Zalman
2015-02-03T22:14:41 <Lenile> Ouais voila
2015-02-03T22:14:44 <Lenile> C'est une tours quoi
2015-02-03T22:15:03 <ELiDYROS> Après je m'en fous, mes logiciels de modélisation tournent sans problème même en production
2015-02-03T22:15:04 <Lenile> J'dit ça car l'idée de Alienware en se moment c'est de supprimé les tours pour crée que du 100% portable
2015-02-03T22:15:08 <adriens33> et j'ai écopé d'un i7 980x 6  cœurs HT (donc 12 logiques) @3.33GHz (là à 4.0GHz en OC), CM Asus Rampage II GENE, 12Go de ram en tricanal et une Asus GTX-660 OC.
2015-02-03T22:15:24 <adriens33> rien que le cpu il vaut 1000$... XD
2015-02-03T22:15:34 <adriens33> (en 2010 par contre)
2015-02-03T22:17:33 <Lenile> 300 euro j'ai eu : Intel core i5 4 Coeurs 3.40GHz (Non OC) / Nvidia GeForce GTX 560
2015-02-03T22:17:47 <Lenile> Pour la CM je crois que c'est ACPI x64-based PC
2015-02-03T22:17:51 <adriens33> pas mal déjà
2015-02-03T22:17:53 <Lenile> Mais je crosi pas que c'est ça x)
2015-02-03T22:18:04 <Lenile> + le boitié Zalman X11Plus
2015-02-03T22:18:22 <Lenile> Le mec ma dit que la carte Wifi était une bombe aussi
2015-02-03T22:18:23 <adriens33> me manque plus qu'un watercooling pour le cpu et là ce sera bonheur *w* mais bon ça attendra un peu
2015-02-03T22:18:27 <adriens33> ah?
2015-02-03T22:18:33 <ELiDYROS> Moi j'aimerais une nouvelle machine pour pouvoir programmer sous le dernier Unreal Engine
2015-02-03T22:18:41 <Lenile> Qualcomm Atheros AR9285
2015-02-03T22:18:49 <adriens33> ah bah c'est du atheros
2015-02-03T22:18:52 <Lenile> Askip elle est bien
2015-02-03T22:18:55 <adriens33> trop bien atheros
2015-02-03T22:19:02 <Lenile> Mais je fonctione qu'en 100% Ethernet donc bon...
2015-02-03T22:19:11 <Lenile> Tu te souvient de mon bureau ?
2015-02-03T22:19:19 <adriens33> le pilote linux est niquel (c'est comme intel, c'est eux qui le font eux meme)
2015-02-03T22:19:22 <Lenile> Au bout à droite j'ai instalé la box Fibre xD
2015-02-03T22:19:29 <ELiDYROS> Bon bah je vous laisse dans votre discussion lol ¬_¬
2015-02-03T22:19:32 <adriens33> et ouai les atheros en général c'est du bon.
2015-02-03T22:19:33 <Lenile> Eli
2015-02-03T22:19:37 <adriens33> désolé ELiDYROS :(
2015-02-03T22:19:43 <Lenile> Il est comment le dernier Unreal engine ?
2015-02-03T22:19:54 <Lenile> Perso j'aime bien SFM o/
2015-02-03T22:20:14 <Lenile> C'est genre...
2015-02-03T22:20:19 <Lenile> Pour les noob comme moi o/
2015-02-03T22:21:26 <Lenile> Pourquoi mon QWERTY s'acctive tout seul ? ._.
2015-02-03T22:21:33 <adriens33> Alt-Maj ?
2015-02-03T22:21:43 <Lenile> Ouais ouaos
2015-02-03T22:21:44 <ELiDYROS> Bah y a une démo tech qui est sortie y a quelques jours, c'est du photo réalisme
2015-02-03T22:21:44 <adriens33> (c'est débile ce raccourci d'ailleurs..)
2015-02-03T22:21:46 <Lenile> Je sais ça
2015-02-03T22:21:56 <Lenile> Du photo réalisme ?
2015-02-03T22:22:03 <ELiDYROS> Mais ça tourne pas sur une machine qu'on peut faire pour soi
2015-02-03T22:22:11 <Lenile> Cà
2015-02-03T22:22:16 <Lenile> CàD ELiDYROS ?
2015-02-03T22:22:21 <ELiDYROS> A priori tu peux la faire tourner que sur une config de studio de jeux
2015-02-03T22:22:27 <Lenile> adriens33 Mais il s'active sans le Alt+Maj
2015-02-03T22:22:44 <adriens33> bah du photoréalisme en temps réel j'imagine ouai.. XD
2015-02-03T22:22:50 <adriens33> Lenile: ah.
2015-02-03T22:23:01 <Lenile> adriens33 pareil j'arrive pas a rejoindre le droupe résidenciel avec le vieu Pc de ma mère u.u
2015-02-03T22:23:02 <adriens33> Windows qui a décidé d'être dissident XD
2015-02-03T22:23:13 <Lenile> Flemme de sortir une clé usb
2015-02-03T22:23:35 <adriens33> *râle* j't'y foutrai tout ça sous linux avec un bon vieux serveur ftp moi.. XD
2015-02-03T22:23:45 <ELiDYROS> Après j'osef un peu du réalisme, mais je pense qu'on peut faire des choses amusantes avec le dernier UDK
2015-02-03T22:23:51 <adriens33> (meme l'explorer windows supporte le ftp XD
2015-02-03T22:23:53 <adriens33> )
2015-02-03T22:24:30 <Lenile> Le pire adriens33 c'est que j'ai tout pour le faire
2015-02-03T22:24:37 <adriens33> ah ? XD
2015-02-03T22:24:37 <Lenile> Serveur Nas de dispo aussi o/
2015-02-03T22:24:42 <adriens33> ok :D
2015-02-03T22:24:45 <Lenile> Pour le FTP
2015-02-03T22:24:51 <Lenile> Apres le soucis c'est "Linux"
2015-02-03T22:24:51 <adriens33> héhé
2015-02-03T22:24:58 <Lenile> J'suis un gamer j'te rappel.
2015-02-03T22:24:59 <Lenile> xD
2015-02-03T22:25:04 <adriens33> *rappelle
2015-02-03T22:25:26 <Lenile> u.U
2015-02-03T22:25:31 <ELiDYROS> gameur ça veut pas dire forcément windows
2015-02-03T22:25:32 <adriens33> :P
2015-02-03T22:26:18 <adriens33> (c'est ce que Microsoft aimerait que tout le monde aie en tête, pourquoi croyez vous qu'ils laissent les gens pirater leurs produits ?  ça leur fait de la pub gratos !@
2015-02-03T22:26:19 <adriens33> )
2015-02-03T22:26:52 <ELiDYROS> Au delà de ça, y a des consoles dans quasi tous les foyers
2015-02-03T22:27:20 <ELiDYROS> Et la "console" de Steam est sous linux
2015-02-03T22:27:31 <Lenile> "Windows ne peut pas joindre de groupe résidenciel sur cet ordinateur"
2015-02-03T22:27:37 <Lenile> ELiDYROS "Gamer PC"
2015-02-03T22:27:56 <Lenile> La console de steam fait pas tourné touts les jeux justement...
2015-02-03T22:28:03 <ELiDYROS> Pour l'instant
2015-02-03T22:28:06 <Lenile> Et va faire tenir Arma 3 sur une manette :c
2015-02-03T22:28:17 <adriens33> Lenile: trad. "windows vous propose d'aller vous faire foutre avec un manche à balai"
2015-02-03T22:28:28 <ELiDYROS> Bien sur FPS/RTS sur PC on est d'accord, mais le reste bof
2015-02-03T22:28:29 <Lenile> J'vais sortir une clé usb u.u
2015-02-03T22:28:49 <ELiDYROS> La majorité des jeux qui me plaisent ne sortent pas sur PC
2015-02-03T22:28:49 <Lenile> Dailleur Adri
2015-02-03T22:28:58 <adriens33> hmm?
2015-02-03T22:29:05 <Lenile> Mon délire du moment c'est de transformé mon PC en PC Linux 100% invisible
2015-02-03T22:29:13 <adriens33> c'est-à-dire ?
2015-02-03T22:29:15 <adriens33> o.o
2015-02-03T22:29:24 <Lenile> Un PC portable Deep-Wab
2015-02-03T22:29:26 <Lenile> Web*
2015-02-03T22:29:36 <adriens33> Qu'appelles-tu deep web ?
2015-02-03T22:29:44 <adriens33> (cette expression ne veut rien dire)
2015-02-03T22:30:04 <Lenile> Dark Net ?
2015-02-03T22:30:11 <adriens33> ...
2015-02-03T22:30:31 <Lenile> u.u
2015-02-03T22:30:32 <adriens33> c'est des appellations de journaleux à sensations ça.
2015-02-03T22:30:37 <Lenile> J'ai vu un tuto et ça ma interesser *
2015-02-03T22:30:39 <Lenile> o/
2015-02-03T22:30:43 <Lenile> Ouais j'sais
2015-02-03T22:30:44 <Lenile> Mais bon
2015-02-03T22:31:05 <Lenile> Tu veux que je dise  ÜberWeb ?
2015-02-03T22:31:18 <adriens33> tu fais quoi? un nœud tor ? un réseau tcp/ip indépendant d'internet ? du usenet ?
2015-02-03T22:31:29 <adriens33> (quoique le usenet ça passe par internet maintenant)
2015-02-03T22:32:55 <Lenile> J'vais te dire ça
2015-02-03T22:50:42 <Lenile> BON
2015-02-03T22:50:51 <Lenile> J'ai peut etre trouvé du taf pour se Week end o/
2015-02-03T22:50:55 <Lenile> Wohooo o/
2015-02-03T22:50:59 <Lenile> Et le W-E prochain o/
2015-02-03T22:51:01 <Lenile> Wooohooo o/
2015-02-03T22:51:15 <Lenile> J'doit faire mes 600 Heures de chomages avant de finir ma vie d'étudiant o/
2015-02-03T22:51:18 <Lenile> Woooohooooo o/
2015-02-03T23:20:53 *** adriens33 est parti
