2015-04-02T00:00:21 <ChordsTackler> ouaip
2015-04-02T00:00:32 <ChordsTackler> Moi j'accroche pas pour celle de Rarity qui est pas gégé
2015-04-02T00:00:45 <ChordsTackler> celle de Sunset ca va le tombage de veste rattrape le tout xD
2015-04-02T00:00:51 <ChordsTackler> et la troisième est sympa ^^
2015-04-02T00:01:15 <ChordsTackler> enfait la chanson de Rarity me noircit l'opinion et j'suis pas encore habitué ^^'
2015-04-02T00:01:55 <Fidzu> mince, je viens juste d'y penser
2015-04-02T00:02:30 <Fidzu> mais aveec camille on a pas chanté sunshine sunshine ladybugs awake
2015-04-02T00:03:42 <ChordsTackler> camille ? ^^
2015-04-02T00:04:05 <Fidzu> cadence à l'animasia
2015-04-02T00:09:09 <ChordsTackler> ah xD oui c'est vrai
2015-04-02T00:09:27 <ChordsTackler> Sunshine sunshine Ladybugs awake clap your hooves and do a little shake
2015-04-02T00:10:04 <ChordsTackler> J'le chantonne souvent quand j'm'ennuie en cours xD ca me donne l'air niai en puissance 9000
2015-04-02T00:10:23 <Fidzu> moi je chantonne welcome
2015-04-02T00:11:17 *** MaCharon est parti
2015-04-02T00:12:16 <ChordsTackler> ou cranky doodle joy ^^ j'la trouve belle
2015-04-02T00:13:10 <Fidzu> sinon celestia's balade
2015-04-02T00:13:48 <Fidzu> ouai enfait, des que je repense a une musique, je me met a la chanter
2015-04-02T00:13:50 <Fidzu> XD
2015-04-02T00:14:15 <ChordsTackler> Ouai ^^ elle est belle mais j'chantonne les chansons courtes quand je m'ennuis (oui moi aussi je la chante dans ma tête quand j'pense à une chanson quelquelle soit)
2015-04-02T00:14:21 <ChordsTackler> Winter Warp Up aussi rentre bien
2015-04-02T00:14:47 <Fidzu> awesome as i wanna be
2015-04-02T00:15:33 <ChordsTackler> OHHHH elle je l'adore
2015-04-02T00:15:48 <ChordsTackler> elle est super sympa à jouer en acoustique à la guitare ^^
2015-04-02T00:16:24 <Fidzu> I'm awesome
2015-04-02T00:16:26 <Fidzu> take caution
2015-04-02T00:16:32 <Fidzu> watchout for me i',m
2015-04-02T00:16:37 <Fidzu> awesome as i wanna be
2015-04-02T00:16:41 <Fidzu> *solo
2015-04-02T00:16:48 <ChordsTackler> Ahhh ^^
2015-04-02T00:17:10 <Fidzu> defois je regarde mes potes, et je leurs chante ca, il comprennent pas
2015-04-02T00:17:14 <Fidzu> et c'est ca qui est beau
2015-04-02T00:17:15 <ChordsTackler> si ca t'intéresse les tabs sont trouvable sur internet ^^ (rare pour une chanson de EG RR ^^')
2015-04-02T00:17:37 <Fidzu> oh .. pas besoin de tab
2015-04-02T00:17:37 <ChordsTackler> Moi aussi, ils se disent juste que j'pars en live
2015-04-02T00:17:48 <Fidzu> je fais à l'oreille
2015-04-02T00:18:08 <Fidzu> et de toute facon je fais plus de guitare
2015-04-02T00:18:14 <ChordsTackler> à l'oreille ? moi j'peux pas, c'pas parfait donc je le fais pas xD
2015-04-02T00:24:16 <Fidzu> ChordsTackler: pour le 4, on se rejoindra ?
2015-04-02T00:24:18 <Fidzu> avant ?
2015-04-02T00:24:35 <ChordsTackler> S'tu veux ^^
2015-04-02T00:24:48 <ChordsTackler> Donne juste un lieu et horaire et je te dis ^^
2015-04-02T00:25:11 <Fidzu> victoire ou quinconce
2015-04-02T00:25:13 <ChordsTackler> ou si tu veux tu passes manger des pattes à la maison à midi :3
2015-04-02T00:25:17 <Fidzu> histoire de pas y aller tout seul
2015-04-02T00:25:33 <ChordsTackler> Comme tu veux les deux me vont (oui moi aussi ca m'arrangeais de pas y allez seul)
2015-04-02T00:25:34 <Fidzu> mdr faudrais que je me leve tot alors ^^
2015-04-02T00:25:48 <Fidzu> je sais pas si je viendrais a midi
2015-04-02T00:26:09 <Fidzu> etant donné que vendredi soir je vais me coucher tard
2015-04-02T00:27:08 <ChordsTackler> Hum
2015-04-02T00:27:30 <ChordsTackler> Bon bah disons je sais pas l'heure que tu veux dans l'aprem à la victoire
2015-04-02T00:27:45 <Fidzu> non je pensais juste se voir vers 15,16 H
2015-04-02T00:27:50 <Fidzu> oui voila
2015-04-02T00:28:02 <Fidzu> au pire on fera un tour des magasin
2015-04-02T00:28:05 <Fidzu> genre album
2015-04-02T00:28:14 <Fidzu> faut que j'y retourne j'ai vu un truc de figurines poney
2015-04-02T00:28:18 <Fidzu> (pas bubble haid)
2015-04-02T00:33:24 <ChordsTackler> Ok tu me valides ca par sms quand tu auras un horaire précis mais 15h c'bien
2015-04-02T00:37:39 <Fidzu> toute facon je pense qu'on vera l'heure samedi
2015-04-02T00:37:51 <Fidzu> pour moi 15H c'est bon
2015-04-02T00:38:02 <ChordsTackler> Ok donc 15h à la victoire ^^
2015-04-02T00:38:06 <Fidzu> comme ca on pourras aller au calice plus tot et tout mettre en place
2015-04-02T00:38:19 <ChordsTackler> On aura le temps de faire la St Catherine avant d'allez à porte de Bourgogne comme ca^^
2015-04-02T00:38:25 <Fidzu> moi ca me permettra de voir avec les gerants pour l'argent
2015-04-02T00:38:31 <Fidzu> ouai
2015-04-02T00:38:35 <Fidzu> bon sur ce
2015-04-02T00:38:37 <Fidzu> j'y go
2015-04-02T00:38:44 <Fidzu> chui trop enrubé et fatigué
2015-04-02T00:38:55 <Fidzu> bye all
2015-04-02T00:39:01 <ChordsTackler> ^^ Bosse bien mais va te reposer si ca va pas
2015-04-02T00:39:09 *** Fidzu est parti
2015-04-02T00:56:16 *** TrappyTickles est parti
2015-04-02T01:00:39 *** ChordsTackler est parti
2015-04-02T01:56:49 *** Gordfang est parti
2015-04-02T03:03:28 *** ELiDYROS s'est connecté
2015-04-02T03:03:30 *** ELiDYROS est parti
2015-04-02T08:42:25 *** ChordsTackler s'est connecté
2015-04-02T08:42:34 *** ChordsTackler est parti
2015-04-02T09:05:14 *** heuzef s'est connecté
2015-04-02T09:11:24 <strycore> heuzef, ça va être mon nouveau style quand j'arriverai a LA http://i.imgur.com/PJDYl0W.jpg
2015-04-02T09:11:57 <heuzef> ptdr
2015-04-02T09:11:59 <heuzef> l'horreur
2015-04-02T09:12:09 <heuzef> moulant en plus
2015-04-02T09:12:45 <heuzef> Tu doit forcément être abonné à une sorte de groupe nazi-hater anti-brony pour trouver des photos pareil
2015-04-02T09:13:20 <strycore> haha non
2015-04-02T09:13:30 <strycore> http://linuxgamecast.com/shatpocalypse/viewtopic.php?f=9&t=6367
2015-04-02T09:19:11 <heuzef> C'est affreux X)
2015-04-02T09:46:55 *** Fidzu s'est connecté
2015-04-02T12:07:26 *** heuzef est parti
2015-04-02T12:16:30 *** heuzef s'est connecté
2015-04-02T12:25:31 *** Fidzu est parti
2015-04-02T12:25:59 *** Fidzu s'est connecté
2015-04-02T12:28:42 *** heuzef est parti
2015-04-02T12:31:20 *** TrappyTickles s'est connecté
2015-04-02T13:39:33 *** Fidzu est parti
2015-04-02T14:19:52 *** adriens33 s'est connecté
2015-04-02T15:58:33 *** Fidzu s'est connecté
2015-04-02T16:01:46 *** Fidzu est parti
2015-04-02T16:02:04 *** Fidzu s'est connecté
2015-04-02T16:16:47 *** Gordfang s'est connecté
2015-04-02T16:16:48 <Gordfang> yo
2015-04-02T16:38:48 *** Fidzu est parti
2015-04-02T16:56:11 *** heuzef s'est connecté
2015-04-02T17:39:42 *** Fidzu s'est connecté
2015-04-02T17:42:13 *** Fidzu est parti
2015-04-02T17:42:23 *** Fidzu s'est connecté
2015-04-02T18:03:04 *** Fidzu1 s'est connecté
2015-04-02T18:03:13 <Fidzu1> re all
2015-04-02T18:04:00 *** Gordfang est parti
2015-04-02T18:06:00 *** ELiDYROS s'est connecté
2015-04-02T18:17:25 *** Fidzu est parti
2015-04-02T18:20:45 *** MaCharon s'est connecté
2015-04-02T18:33:21 <adriens33> bonsoir tout le monde =D
2015-04-02T18:42:24 <Fidzu1> bonsoir adriens33
2015-04-02T18:42:46 <Fidzu1> il y a une commange pour changer de nick ?
2015-04-02T18:42:55 <Fidzu1> commande
2015-04-02T18:44:46 <adriens33> /nick.
2015-04-02T18:44:48 <adriens33> :]
2015-04-02T18:45:13 <adriens33> (bon après ça dépend du client qu't'utilise, la plupart du temps suffit d'cliquer sur ton pseudo en bas)
2015-04-02T18:45:25 *** heuzef est parti
2015-04-02T18:46:03 <Fidzu> mici
2015-04-02T19:46:49 *** ChordsTackler s'est connecté
2015-04-02T19:49:00 <ChordsTackler> Hello les gens
2015-04-02T19:49:54 <Fidzu> hi
2015-04-02T19:50:33 <ChordsTackler> Toujours bon pour après demain 15h à la victoire Fidzu ?
2015-04-02T19:50:44 <Fidzu> toujours
2015-04-02T19:51:01 <ChordsTackler> Pour moi aussi ;)
2015-04-02T19:51:12 <ChordsTackler> Sinon j'ai réécouter les nouvelles chanson de EG RR
2015-04-02T19:51:39 <ChordsTackler> bah j'ai toujours un peu de mal avec celle de Rarity mais les autre ca va (j'pense que ca m'a dérangé au début xD)
2015-04-02T19:54:19 <Fidzu> j'aime la musique et l'animation mais je n'aime pas l'ensemble parce que ca montre en partie le "future" des mane 6, ce qui me derange un peu car on en revient au fait qu'il y aura une fin, et ca me deprime trop de penser à ca
2015-04-02T19:54:45 <Fidzu> elle ne vont pas rester des etudiantes toute leurs vie =/
2015-04-02T19:56:58 <Fidzu> mais je me demande si ces musiques introduisent Friendship Games
2015-04-02T20:05:42 <ChordsTackler> On vera
2015-04-02T20:05:44 <ChordsTackler> ^^
2015-04-02T20:07:13 <ChordsTackler> C'possible après tout
2015-04-02T20:09:03 <ChordsTackler> Mais si tu remarques bien elles un chemin différent enfin on peut l'envisager vu que Rarity est SEULE ! Sunset est SEULE et NOSTALGIQUE ! et que la troisième chanson s'appelle Friendship through the ages (ou dans la langue d'Omar Sy : l'amitié au cour du temps)
2015-04-02T20:14:36 <Fidzu> peut etre qu'ils vont en faie dd'autres
2015-04-02T20:15:23 <ChordsTackler> d'autre quoi ?
2015-04-02T20:15:37 <ChordsTackler> d'autre chansons ?
2015-04-02T20:15:37 <Fidzu> musiques
2015-04-02T20:15:51 <ChordsTackler> Oh bien sur ^^
2015-04-02T20:32:36 *** ELiDYROS est parti
2015-04-02T23:07:54 *** adriens33 est parti
2015-04-02T23:12:44 *** Gordfang s'est connecté
2015-04-02T23:12:47 <Gordfang> yo!
2015-04-02T23:17:44 <Fidzu> http://www.equestriadaily.com/2015/04/mike-vogel-writing-for-season-6.html
2015-04-02T23:18:24 <Fidzu> too much hype ... can't hold it !
2015-04-02T23:37:00 *** ChordsTackler est parti
