2015-03-31T00:03:22 <SamiHuunter> Euh oui c'est moi, en effet x)
2015-03-31T00:04:55 <Fidzu> ah ok
2015-03-31T00:05:02 <Fidzu> 17H samedi
2015-03-31T00:06:45 *** TrappyTickles est parti
2015-03-31T00:09:45 <SamiHuunter> oki, j'essaierai d'y être o/
2015-03-31T00:21:14 <ChordsTackler> Bon allez j'vais vous laisser ^^ bonne nuit les gens
2015-03-31T00:21:25 *** ChordsTackler est parti
2015-03-31T00:21:31 <Fidzu> pareil
2015-03-31T00:21:37 <Fidzu> bisous tout le monde
2015-03-31T00:21:40 *** Fidzu est parti
2015-03-31T00:56:20 *** SamiHuunter est parti
2015-03-31T01:00:01 <adriens33> !voice MorningCourse
2015-03-31T01:01:09 <adriens33> MorningCourse> c'est chanserv qui défait les flags quand tu t'authentifie, parfois. c'est pour éviter de se retrouver avec des flags auquel tu n'aurais pas droit (pour éviter que des petits malins puissent gagner l'accès admin avec le +o par exemple)
2015-03-31T01:04:01 <MorningCourse> owkay..
2015-03-31T01:05:15 *** MorningCourse est parti
2015-03-31T01:15:14 *** adriens33 est parti
2015-03-31T03:25:11 *** MaCharon est parti
2015-03-31T06:10:38 *** yusei s'est connecté
2015-03-31T06:12:13 *** yusei2410 s'est connecté
2015-03-31T06:12:43 *** yusei est parti
2015-03-31T06:13:04 *** yusei2410 est parti
2015-03-31T06:17:03 *** yusei2410 s'est connecté
2015-03-31T06:17:53 *** yusei2410 est parti
2015-03-31T06:18:46 *** yusei2410 s'est connecté
2015-03-31T06:18:50 *** yusei2410 est parti
2015-03-31T08:07:50 *** Fidzu s'est connecté
2015-03-31T08:57:55 *** Gordfang s'est connecté
2015-03-31T08:58:25 <Gordfang> yo Fidzu , strycore
2015-03-31T09:02:46 <Fidzu> Yo Gordfang
2015-03-31T09:02:49 <Fidzu> Ca va ?
2015-03-31T09:05:18 <Gordfang> ouai et toi?
2015-03-31T09:07:09 <Fidzu> Ça va bien
2015-03-31T09:21:15 *** wildfier s'est connecté
2015-03-31T09:23:02 *** heuzef s'est connecté
2015-03-31T09:26:16 <wildfier> salut
2015-03-31T09:27:26 <Fidzu> Salut wildfier et heuzef
2015-03-31T09:28:24 *** Shinsaber s'est connecté
2015-03-31T09:28:35 <Shinsaber> salut /)
2015-03-31T09:28:36 <wildfier> salut Shinsaber
2015-03-31T09:28:58 <Shinsaber> giroll ce soir ?? ^^
2015-03-31T09:29:02 <wildfier> yep
2015-03-31T09:29:18 <Shinsaber> sous la pluie XD
2015-03-31T09:29:23 <wildfier> ^^
2015-03-31T09:29:36 <Gordfang> re
2015-03-31T10:30:25 *** ChordsTackler s'est connecté
2015-03-31T10:31:26 *** Gordfang est parti
2015-03-31T10:31:59 *** ChordsTackler est parti
2015-03-31T10:32:23 *** ChordsTackler s'est connecté
2015-03-31T10:32:32 <ChordsTackler> Hey les gens
2015-03-31T10:32:43 <heuzef> Hello =)
2015-03-31T10:32:51 <ChordsTackler> Comment va ?
2015-03-31T10:33:09 <heuzef> !inscription ChordsTackler
2015-03-31T10:33:13 <wildfier> salut
2015-03-31T10:33:45 *** Gordfang s'est connecté
2015-03-31T10:33:53 <heuzef> Yop Gordfang =)
2015-03-31T10:34:02 <wildfier> salut Gordfang
2015-03-31T10:34:12 <heuzef> C'est l'occasion rêver de traiter le ticket 115 ;)
2015-03-31T10:34:19 <wildfier> (je t'avais pas dis bonjours tt à l'heure ? ^^)
2015-03-31T10:34:24 <ChordsTackler> Salut Gordfang
2015-03-31T10:35:07 <heuzef> ChordsTackler on attend encore quelques réponse de ta part pour finaliser ton inscription ;)
2015-03-31T10:35:26 <ChordsTackler> Oui je sais, il faut que j'envois ca par mail ?
2015-03-31T10:35:33 <Fidzu> Salut ChordsTackler
2015-03-31T10:35:34 <heuzef> yep juste en réponse
2015-03-31T10:35:43 <ChordsTackler> Ok ok ^^
2015-03-31T10:36:09 <ChordsTackler> J'dois faire environs combien caractères ?
2015-03-31T10:36:37 <heuzef> Le nombre que ton coeur décidera ^^
2015-03-31T10:37:05 <heuzef> J'avoue qu'à force ça doit paraitre très administratif toutes ces démarche d'inscription :/
2015-03-31T10:37:46 <ChordsTackler> Nan pas trop ^^" j'ai vu pire niveau administratif (là ca va ca ne me fait pas peur) ^^'
2015-03-31T10:38:00 <ChordsTackler> Bon là j'fais une description vite fais (j'ai toujours été nul à ca)
2015-03-31T10:39:59 <heuzef> Pas faux comme remarque
2015-03-31T10:40:29 <heuzef> wildfier faudrais voir à faire des questions fermé pour la bio en faite
2015-03-31T10:40:41 <heuzef> Ferait peut-être moins chier les nouveaux
2015-03-31T10:40:42 <wildfier> c'est ton domaine ça ^^
2015-03-31T10:40:45 <heuzef> ;)
2015-03-31T10:41:03 <wildfier> moi je code, toi tu me dis quoi coder ^^
2015-03-31T10:41:46 <wildfier> t'as pu t'en sortir avec ton problème sur les mails ?
2015-03-31T10:42:17 <heuzef> Nop j'ai juste absolument pas 1 minute pour m'y pencher
2015-03-31T10:42:33 <heuzef> Et de ce que j'ai vu je risque d'en avoir besoin de beaucoup des minutes
2015-03-31T10:42:38 <wildfier> ^^
2015-03-31T10:43:17 <heuzef> On va faire avec en attendant
2015-03-31T10:44:44 <Gordfang> re les gens
2015-03-31T10:45:56 <ChordsTackler> Bon voila j'vais vous l'envoyé par mail elle fait environs sept lignes sur une feuille A4 ^^
2015-03-31T10:46:28 <Gordfang> au fait heuzef tu as reçus une réponse de l'efs?
2015-03-31T10:50:14 <heuzef> Je vois pas de quoi tu parle :/
2015-03-31T10:53:15 <Gordfang> ah? du me foirée de personne alors
2015-03-31T10:53:39 <heuzef> ;)
2015-03-31T10:57:20 *** TrappyTickles s'est connecté
2015-03-31T10:57:50 <ChordsTackler> Voila j'ai envoyé le mail normalement
2015-03-31T11:00:15 <heuzef> Bien reçu ;)
2015-03-31T11:00:29 <heuzef> Pas de lien à partager donc ?
2015-03-31T11:00:38 <ChordsTackler> Ok cool ^^ j'espère qu'elle est assez longue
2015-03-31T11:01:56 <heuzef> Oui, et si tu kiff les jeux de société tu va découvrir des trucs de fou
2015-03-31T11:02:13 <heuzef> D'un autre niveaux que le monopoly, faut que tu rencontre Aragox
2015-03-31T11:04:55 <ChordsTackler> Le monopoly était un exemple ^^ pour faire comprendre les jeux de société classique et qui durent pas des semaines et des semaines ^^" (par exemple les jeux de rôles me contraignent trop car demande un emploi du temps stricte)
2015-03-31T11:07:43 <heuzef> Tu serais surpris de ce qu'on accomplis également concernant les JDR
2015-03-31T11:08:57 <ChordsTackler> Ah ^^ J'pourrai toujours essayer pour voir
2015-03-31T11:18:24 <heuzef> Fidzu: bon globalement ça emballe les gens
2015-03-31T11:18:43 <heuzef> Mais voila que certain commence à dire qu'il sont trop nul en anglais maintenant
2015-03-31T11:18:57 <heuzef> Ouarf Ouarf :'D
2015-03-31T11:19:02 <heuzef> Toujours plus d'excuse
2015-03-31T11:23:05 <Fidzu> heuzef ben oiai je suis content il y en a pas mal qui ont réagis
2015-03-31T11:23:40 <heuzef> Tu m'étonne ^^
2015-03-31T11:23:58 <heuzef> Va falloir commencer à comptablisé ceux qui vienne
2015-03-31T11:24:07 <heuzef> Histoire de donner un chiffre à Gabriel
2015-03-31T11:30:42 <Gordfang> heuzef j'ai push la fiche de ChordsTackler
2015-03-31T11:31:53 <ChordsTackler> push ?
2015-03-31T11:32:12 <Fidzu> Hai commencz a conprer
2015-03-31T11:32:18 <Fidzu> Compter
2015-03-31T11:33:11 <heuzef> ça signifie qu'il faut que je me bouge les fesses
2015-03-31T11:33:33 <Gordfang> On utilise github pour le site et "pusher" c'est envoyer un fichier local sur le serveur
2015-03-31T11:33:35 <heuzef> J'ai 3 inscriptions en attente
2015-03-31T11:34:03 <heuzef> Fidzu par contre faudrait vraiment appeler le calice au plus vite pour réserver samedi
2015-03-31T11:34:28 <heuzef> En précisant que c'est TRES symbolique pour nous ce Sam 04/04
2015-03-31T11:35:12 <heuzef> Si y'a souci tu me dit je l'apelerais directement
2015-03-31T11:36:36 <ChordsTackler> Vous allez faire comment pour comptabilisé les participants ? Vous allez envoyer un mail ?
2015-03-31T11:42:23 <heuzef> C'est toujours la même galère, en faite on compte les gens qui répondent par mail
2015-03-31T11:42:28 <heuzef> C'est pas au point
2015-03-31T11:42:51 <heuzef> Heuresement ça va changer avec SugarCUB
2015-03-31T11:42:55 <wildfier> :)
2015-03-31T11:43:15 <wildfier> j'attends tes specs ^^
2015-03-31T11:43:46 <heuzef> Faut que je me bouge le gras pour ça aussi la vache
2015-03-31T11:44:09 <heuzef> Je file ++ /)
2015-03-31T11:44:26 <wildfier> ok bye /)
2015-03-31T11:48:27 *** heuzef est parti
2015-03-31T11:50:38 *** Gordfang est parti
2015-03-31T11:52:40 *** Gordfang s'est connecté
2015-03-31T11:53:38 <Gordfang> re
2015-03-31T11:56:37 <ChordsTackler> Ok
2015-03-31T11:56:53 <ChordsTackler> Bon faudra dire que j'participe moi (vu que j'répond pas au mail :3 )
2015-03-31T11:58:57 *** ELiDYROS s'est connecté
2015-03-31T11:59:23 <ELiDYROS> Salut
2015-03-31T11:59:34 <wildfier> yop
2015-03-31T12:00:37 <ChordsTackler> Hey
2015-03-31T12:16:48 *** heuzef s'est connecté
2015-03-31T12:17:32 *** wildfier est parti
2015-03-31T12:20:31 <Gordfang> je re
2015-03-31T12:20:40 <heuzef> Re =)
2015-03-31T12:20:48 <ChordsTackler> Re
2015-03-31T12:22:02 *** afk-gorfang est parti
2015-03-31T12:23:22 *** afk-gorfang s'est connecté
2015-03-31T12:23:29 <Fidzu> Adrien33, ChordsTackler, heuzef, elvon, ludvan, sbhuunter, moi
2015-03-31T12:23:50 <Fidzu> Apres je sais pas qui vient
2015-03-31T12:23:54 <ChordsTackler> ?
2015-03-31T12:23:55 <heuzef> Ok
2015-03-31T12:24:05 <heuzef> Tu peux partir sur une "dizaine"
2015-03-31T12:24:38 <Fidzu> Pour le calice, je pense qu'ils sont au courant
2015-03-31T12:24:55 <heuzef> Par du principe que non ;)
2015-03-31T12:24:59 <Fidzu> Ils ont repondu au mail de meet up du 5
2015-03-31T12:25:14 <Fidzu> Mais je vais demander a elvon de s'en charger
2015-03-31T12:25:26 <Fidzu> Vu qu'ils les connais mieux
2015-03-31T12:33:01 <Fidzu> ELiDYROS Shinsaber TrappyTickles vous viendrez ?
2015-03-31T12:33:48 *** heuzef est parti
2015-03-31T12:34:43 <Shinsaber> pour ma part, j'ai de la famille sur bordeaux ce week-end, donc je pence pas pouvoir venir a temps !
2015-03-31T12:35:21 *** Fidzu est parti
2015-03-31T12:35:40 *** Fidzu s'est connecté
2015-03-31T12:36:30 <Fidzu> Ok :)
2015-03-31T12:54:36 <ChordsTackler> Bon allez j'dois vous laisser les gens
2015-03-31T12:54:38 <ChordsTackler> Tchao ^^
2015-03-31T12:54:56 *** ChordsTackler est parti
2015-03-31T12:57:52 *** wildfier s'est connecté
2015-03-31T13:00:12 <Fidzu> wildfier je sais plus si tu viens ou pas samedi
2015-03-31T13:02:32 *** Fidzu est parti
2015-03-31T13:02:58 <wildfier> le mec …
2015-03-31T13:03:07 *** Fidzu s'est connecté
2015-03-31T13:03:09 <wildfier> je lui prépare une réponse et il déco ^^
2015-03-31T13:03:24 <wildfier> donc j'allais dire
2015-03-31T13:03:39 <wildfier> je sais pas moi même, probablement pas, j'ai déjà un truc ce samedi
2015-03-31T13:04:05 <Fidzu> Oki
2015-03-31T13:05:22 *** Fidzu est parti
2015-03-31T13:06:06 *** Fidzu s'est connecté
2015-03-31T13:06:28 <Fidzu> Ça commence a m'énerver
2015-03-31T13:10:16 <wildfier> connexion pas stable ^^
2015-03-31T13:10:34 <wildfier> t'es sur pc ou mobile ?
2015-03-31T13:11:55 <Fidzu> Mobile
2015-03-31T13:12:29 <Fidzu> C'est l'appli qui se ferme toute seul
2015-03-31T13:31:32 *** Fidzu est parti
2015-03-31T13:31:51 *** Fidzu s'est connecté
2015-03-31T13:39:01 *** Fidzu est parti
2015-03-31T13:49:18 <Shinsaber> re
2015-03-31T14:03:07 *** Fidzu s'est connecté
2015-03-31T15:08:21 *** afk-gorfang est parti
2015-03-31T15:16:07 *** heuzef s'est connecté
2015-03-31T15:31:33 *** Fidzu est parti
2015-03-31T16:01:49 *** MaCharon s'est connecté
2015-03-31T17:08:15 *** Gordfang s'est connecté
2015-03-31T17:08:41 <Gordfang> re les gens
2015-03-31T17:08:44 <Gordfang> et wildfier
2015-03-31T17:08:49 <Gordfang> tu as vu le speedrun de bloodborn?
2015-03-31T17:17:12 <wildfier> nope, je veux pas me spoil le jeu
2015-03-31T17:17:24 <Gordfang> 44 minute avec des glitch ^^
2015-03-31T17:17:31 <wildfier> serieux …
2015-03-31T17:17:37 <Gordfang> (je l'est pas regarder non plus mais j'ai check le temps)
2015-03-31T17:17:47 <Gordfang> ouai il arrive a sauter sur un rebord et evite les 3/4 du jeux
2015-03-31T17:18:12 <wildfier> c'est au début ?
2015-03-31T17:18:25 <wildfier> je peux ptet juste regarder le début
2015-03-31T17:18:41 <Gordfang> oui jusqu'a genre 9 minute on l'a fait
2015-03-31T17:18:57 <wildfier> (c'est tellement nawak … le jeu a même pas une semaine …)
2015-03-31T17:19:45 <wildfier> oginam, bien sur
2015-03-31T17:19:58 *** heuzef est parti
2015-03-31T17:21:42 <Gordfang> XD
2015-03-31T17:21:44 <Gordfang> c'est qui?
2015-03-31T17:22:00 <wildfier> un runner que je suivais sur DkS É
2015-03-31T17:22:04 <wildfier> 2*
2015-03-31T17:22:26 <Shinsaber> hey Gordfang, tu a parler de l'efs tous a leur, c'est établissement français du sang ou c'est autre chose ?? ^^
2015-03-31T17:22:43 <Gordfang> ouai c'est ca
2015-03-31T17:22:45 <Gordfang> k
2015-03-31T17:22:50 <Gordfang> wildfier: k*
2015-03-31T17:23:20 <Shinsaber> vous voulez organiser un truc avec eu ??
2015-03-31T17:24:01 <Shinsaber> étant donneur de sang compulsif sa m’intéresse ^^
2015-03-31T17:24:46 <Gordfang> si c'était pas heuzef alors c'est pas sur bordeaux ^^
2015-03-31T17:25:22 <Shinsaber> dans ce cas je vais devoir organiser un truc avec bronyCUB ^^
2015-03-31T17:25:26 <Gordfang> j'ai check avec mon couz il as une asso qui s'occupe des vieux dans les maisons de retraite et du coup il voulais voir pour organiser une collecte la bas
2015-03-31T17:25:27 <Shinsaber> sur bordeaux ^^
2015-03-31T17:26:00 <wildfier> le temps perdu en chargements …
2015-03-31T17:26:33 <Gordfang> et du coup il voulais organiser ca dans la maison de retraite pour faire de l'annimation chez les vieux
2015-03-31T17:26:35 <Shinsaber> travaille plutôt que de regarder des speed run wildfier !! XD
2015-03-31T17:26:45 <Shinsaber> pas con ^^
2015-03-31T17:26:49 <Gordfang> :D voyons, l'un n'empeche pas l'autre
2015-03-31T17:29:14 <wildfier> c'est tellement ridicule comme saut ^^
2015-03-31T17:29:27 <Gordfang> et pourtant
2015-03-31T17:29:34 <wildfier> aller, j'en regarde pas plus ^^
2015-03-31T17:29:53 <Gordfang> ca va, en dehors des boss il montre pas non plus des masses
2015-03-31T17:29:58 <Gordfang> beaucoup de course au milieu des mob
2015-03-31T17:30:01 <wildfier> par contre c'est marrant le second perso pour l'item duplication glitch
2015-03-31T17:30:11 <wildfier> oui comme d'hab
2015-03-31T17:30:38 <Gordfang> j'ai appris qu'il tentais le speedrun ce matin
2015-03-31T17:30:49 <Gordfang> et j'ai vu la qu'il avais fini en allans sur jeuxvidéo.com
2015-03-31T17:31:12 <Gordfang> puis je me suis rapeller pourquoi j'ai jamais voulu me souvenir de mon mdp de compte sur ce cite :)
2015-03-31T17:31:14 <wildfier> ça fait déjà quelques jours que le jeu est runné à mon avis
2015-03-31T17:31:22 <wildfier> XD
2015-03-31T17:31:36 <Gordfang> ui il s'y est pas mis du jour au lendemin ^^
2015-03-31T17:31:43 <wildfier> sub 1h en moins d'une semaine …
2015-03-31T17:31:55 <wildfier> c'est abusé
2015-03-31T17:31:56 <Gordfang> en glitcher
2015-03-31T17:32:07 <wildfier> je me sentirais vexé en tant que dev
2015-03-31T17:32:13 <Gordfang> apparament sans glitch il en est a plus d'une 1h et le all boss est à 2h22 je croit
2015-03-31T17:32:18 <wildfier> que le jeu ai pas tenu plus longtemps
2015-03-31T17:32:32 <wildfier> déjà ? damn …
2015-03-31T17:33:07 <Gordfang> je ne pense pas au contrainte il doivent être content, il peuvent déja voir les bug a fixer
2015-03-31T17:34:09 <wildfier> pour le moment, sur le wikia de BB, il y a 13 boss recensés
2015-03-31T17:34:37 <Gordfang> regarde pas bordel XD
2015-03-31T17:35:08 <wildfier> j'ai pas envie d'avoir des infos sur le bosses
2015-03-31T17:35:14 <Gordfang> ^^
2015-03-31T17:35:23 <wildfier> mais plutôt de me faire une idée de la durée de vie du jeu
2015-03-31T17:35:23 <Gordfang> ouai mais tu peut te faire niquer facilement
2015-03-31T17:35:33 <Gordfang> comme quand j'ai chercher le nouveaux boss de dk2
2015-03-31T17:35:49 <wildfier> oui, si t'es spécifique aussi …
2015-03-31T17:36:22 <Gordfang> ^^
2015-03-31T17:36:46 <wildfier> (je suis en train d'écouter un album en version démo de Dream Theater, ça fait bizarre, ils ont fait pas mal de changement sur la version album définitive ^^)
2015-03-31T17:43:18 <wildfier> comme par exemple le refrain qui a complettement changé
2015-03-31T17:44:36 <Gordfang> ?
2015-03-31T17:45:02 <wildfier> tu vois ce que c'est une démo en musique ?
2015-03-31T17:45:36 <Gordfang> pas trop
2015-03-31T17:46:58 <wildfier> une version préliminaire de la chanson finale en gros
2015-03-31T17:48:01 <wildfier> genre le truc que t'enregistre avec peu de moyen et que tu fais écouter aux maisons de disques pour qu'elle t'édite ou juste histoire d'avoir un premier rendu
2015-03-31T17:48:21 <wildfier> et la c'est la version démo de tout un album
2015-03-31T17:48:52 <wildfier> et la version finale de l'album en question est assez différente
2015-03-31T17:49:12 <wildfier> y a même des chansons qui ont été retirées
2015-03-31T17:49:41 <wildfier> (donc que j'ai jamais entendu ^^ j'ai encore du Dream Theater à découvrir !)
2015-03-31T18:08:17 <Shinsaber> wildfier: je vais être  a la bour pour giroll !
2015-03-31T18:09:12 <wildfier> ok
2015-03-31T18:09:24 *** Fidzu s'est connecté
2015-03-31T18:09:54 <Shinsaber> bon je déco @+ /)
2015-03-31T18:09:58 *** Shinsaber est parti
2015-03-31T18:14:39 *** heuzef s'est connecté
2015-03-31T18:27:13 *** wildfier est parti
2015-03-31T18:33:24 *** Gordfang est parti
2015-03-31T18:37:07 *** Gordfang s'est connecté
2015-03-31T18:37:29 *** Gordfang est parti
2015-03-31T19:44:30 *** heuzef est parti
2015-03-31T19:47:05 *** ELiDYROS est parti
2015-03-31T20:49:55 *** ChordsTackler s'est connecté
2015-03-31T20:51:13 <ChordsTackler> Hey les gens
2015-03-31T20:56:31 <Fidzu> re
2015-03-31T20:56:48 <ChordsTackler> Alors pas trop dure l'organisation ?
2015-03-31T20:57:49 <Fidzu> du 4
2015-03-31T20:57:51 <Fidzu> ?
2015-03-31T20:57:53 <Fidzu> nan ca va
2015-03-31T20:59:43 <ChordsTackler> ^^ Tu vas avoir combien de personnes sur ton compte ?
2015-03-31T21:03:09 <Fidzu> heu
2015-03-31T21:03:30 <Fidzu> 9 si il n'y a pas d'annulation
2015-03-31T21:05:00 <ChordsTackler> La vache, enfin bon j't'en prend 1+moi ^^
2015-03-31T21:25:03 <Fidzu> http://www.equestriadaily.com/2015/03/season-6-of-mlp-confirmed-in-new.html
2015-03-31T21:25:05 <Fidzu> saison 6 ?
2015-03-31T21:26:05 <Fidzu> perso je pense que c'est vrai etant donné qu'il y aura un film en 2017 .. ils ne vont pas rien faire entre 2015 et 2017 ( meme si il y aura EG friendship game )
2015-03-31T21:26:29 <ChordsTackler> Eg friendship game ? ^^'
2015-03-31T21:26:41 <Fidzu> le 3eme film
2015-03-31T21:26:44 <Fidzu> equestria girl
2015-03-31T21:26:49 <ChordsTackler> Le troisième film il est annoncé comme n'étant pas un EG d'ailleur ca me déprime
2015-03-31T21:26:58 <Fidzu> non
2015-03-31T21:27:00 <Fidzu> le 4eme
2015-03-31T21:27:02 <Fidzu> en 2017
2015-03-31T21:27:06 <Fidzu> sera avec des poneys
2015-03-31T21:27:11 <ChordsTackler> Ah j'croyais le 3ème
2015-03-31T21:27:12 <Fidzu> et 0 reference au humains
2015-03-31T21:27:17 <ChordsTackler> Ca me rassure un peu ^^
2015-03-31T21:27:23 <Fidzu> le 3eme sera frienship game
2015-03-31T21:27:33 <Fidzu> j'espère que le 4eme ne marqueras pas la fin =(
2015-03-31T21:28:00 <ChordsTackler> J'aime bien le principe d'EG (en fait grâce au deuxième film, par ce que le premier me fait peur)
2015-03-31T21:28:12 <ChordsTackler> Il est fort probable que ca soit la fin après ^^
2015-03-31T21:28:22 <Fidzu> NOOOON
2015-03-31T21:28:53 <Fidzu> de toute facon
2015-03-31T21:28:57 <Fidzu> si jamais ca se fini
2015-03-31T21:29:05 <Fidzu> la commu prendra le relai
2015-03-31T21:29:22 <Fidzu> mais j'aime pas parler de fin
2015-03-31T21:29:24 <Fidzu> ca me deprime ='(
2015-03-31T21:31:12 <ChordsTackler> Bah la série seulement finira ^^'
2015-03-31T21:31:35 <Fidzu> pas la communaut&
2015-03-31T21:31:36 <ChordsTackler> Regarde LOTR ou HP y a toujours la communauté dèrière ^^
2015-03-31T21:31:47 <Fidzu> brony
2015-03-31T21:31:54 <Fidzu> forever !! ( tete de pinkie)
2015-03-31T21:32:06 <ChordsTackler> ^^'
2015-03-31T21:32:19 <ChordsTackler> Et puis on a qu'à faire comme avec Star Wars
2015-03-31T21:32:24 <ChordsTackler> Un post et un pré série
2015-03-31T21:32:25 <ChordsTackler> xD
2015-03-31T21:32:32 <ChordsTackler> L'enfance de Twilight ! BOOm
2015-03-31T21:32:41 <Fidzu> mdr
2015-03-31T21:32:49 <Fidzu> de toute facon, meme si la serie se fini
2015-03-31T21:32:53 <Fidzu> elle nous aura marqué
2015-03-31T21:32:57 <Fidzu> pour toujours
2015-03-31T21:33:28 <ChordsTackler> Forever !
2015-03-31T21:33:49 <Fidzu> XD
2015-03-31T21:34:00 <ChordsTackler> hum juicy ^^
2015-03-31T21:34:23 <Fidzu> ah oui mdr
2015-03-31T21:34:33 <Fidzu> comment elle croque la pomme LENNNNTEMENT$
2015-03-31T21:34:42 <ChordsTackler> https://www.youtube.com/watch?v=MSIjrk8FHhA
2015-03-31T21:35:21 <Fidzu> mdr j'ai envi de remixer ce passage XD
2015-03-31T21:36:17 <ChordsTackler> Je pense que ca a du être déjà fait ^^
2015-03-31T21:36:43 <Fidzu> pa grave
2015-03-31T21:40:25 <ChordsTackler> ^^
2015-03-31T21:46:18 <ChordsTackler> je crois que je me suis perdu sur youtube : https://www.youtube.com/watch?v=lhb33u-XZLY
2015-03-31T21:46:41 <Fidzu> ohla tu regarde ce mec ?
2015-03-31T21:46:51 <Fidzu> je le connais et il fauit des trucs chelou
2015-03-31T21:46:53 <Fidzu> att j'ai pir
2015-03-31T21:46:57 <Fidzu> pire tiens
2015-03-31T21:47:22 <Fidzu> https://www.youtube.com/watch?v=MmSUpUWHVZ4
2015-03-31T21:47:53 <Fidzu> https://www.youtube.com/watch?v=kx68YJIuLv0
2015-03-31T21:47:59 <ChordsTackler> Des barres xD
2015-03-31T21:48:31 <Fidzu> https://www.youtube.com/watch?v=1VvKlwfVKyI elle j'aime bien meme si elle est très bizarre
2015-03-31T21:49:25 <ChordsTackler> Ah oui j'connais la dernière x)
2015-03-31T21:55:45 <ChordsTackler> Je redécouvre la chaine de ce gars
2015-03-31T21:55:52 <ChordsTackler> Du plaisir en barres vraiment xD
2015-03-31T21:56:38 <Fidzu> ^^
2015-03-31T21:57:12 <ChordsTackler> j'ai pas tant riz depuis les récoltes de l'année d'avant
2015-03-31T21:57:39 <Fidzu> http://1.bp.blogspot.com/-cuIZicSuzRo/UtBtN3UvnkI/AAAAAAAAAPc/FZ_raVPqqSI/s1600/j'ai+bcp+riz.JPG
2015-03-31T21:57:57 <ChordsTackler> ^^
2015-03-31T21:58:32 <ChordsTackler> http://imblog.aufeminin.com/blog/D20061031/139663_147407173_fwdpast01_H184622_L.jpg
2015-03-31T22:01:54 <ChordsTackler> Jerry (t'avais compris ?) xD
2015-03-31T22:03:18 <Fidzu> ah j'avais pas vu mdr
2015-03-31T22:03:51 <ChordsTackler> xD
2015-03-31T22:03:55 <ChordsTackler> Ca me fait toujours rire
2015-03-31T22:03:56 <Fidzu> http://www.google.fr/imgres?imgurl=http%3A%2F%2Fm.memegen.com%2Fbrlgv0.jpg&imgrefurl=http%3A%2F%2Fwww.memegen.fr%2Fmeme%2Fbrlgv0&h=298&w=650&tbnid=ghjjwM0LgfksKM%3A&zoom=1&docid=FkBs1kVsPlsAoM&ei=pv0aVenuGMb1apLAgPgC&tbm=isch&iact=rc&uact=3&dur=272&page=1&start=0&ndsp=39&ved=0CCAQrQMwAA
2015-03-31T22:04:26 <ChordsTackler> https://pbs.twimg.com/media/BjvI-dJCQAAR_5B.jpg
2015-03-31T22:05:27 <Fidzu> http://forevershowtroll.f.o.pic.centerblog.net/7ae7c505.jpg
2015-03-31T22:06:17 <ChordsTackler> j'la connaissais pas celle là
2015-03-31T22:06:46 <ChordsTackler> http://lesfdpdunet.com/photo/post/640/6304123261776.jpg Tu l'as connais elle ?
2015-03-31T22:07:16 <Fidzu> ui mdr
2015-03-31T22:07:41 <ChordsTackler> Je rie à chaque fois x)
2015-03-31T22:07:42 <Fidzu> https://fbcdn-sphotos-h-a.akamaihd.net/hphotos-ak-xfp1/v/t1.0-9/11037565_1078310825529448_4954130525561309991_n.jpg?oh=9ac21c44c282d5448f75a8f8775336b1&oe=55A21D1B&__gda__=1436897867_ba7985e135b38d99633138dc8cf87f8b
2015-03-31T22:08:10 <Fidzu> https://scontent-cdg.xx.fbcdn.net/hphotos-xap1/v/t1.0-9/11080943_10206436517095413_4888345796474345202_n.jpg?oh=1ec019e064f034b432f5beb2341031e7&oe=55A913AD
2015-03-31T22:08:15 <ChordsTackler> Connu la premiere ^^
2015-03-31T22:08:33 <ChordsTackler> la seconde est tellement bonne ^^'
2015-03-31T22:09:20 <Fidzu> https://scontent-cdg.xx.fbcdn.net/hphotos-xpf1/v/t1.0-9/s720x720/11052881_10202572543714652_4128720558759468512_n.jpg?oh=acf342baae4a1bc17181af862e83d4de&oe=55A8A04A
2015-03-31T22:10:01 <ChordsTackler> http://i.ytimg.com/vi/Ip_fupCy9r0/maxresdefault.jpg Leviosaaaaa
2015-03-31T22:10:38 <Fidzu> https://fbcdn-sphotos-e-a.akamaihd.net/hphotos-ak-xpf1/v/t1.0-9/10404140_445385978962184_2190156406133772565_n.jpg?oh=98ee8c411a4cdd5baaeb97e461b83619&oe=55BAE3C1&__gda__=1438533291_778c973ebf2ae12207edf100306052df
2015-03-31T22:10:57 <ChordsTackler> marante ^^
2015-03-31T22:12:28 <Fidzu> https://fbcdn-sphotos-f-a.akamaihd.net/hphotos-ak-xap1/v/t1.0-9/s720x720/11081121_10206436535775880_3141182840844393360_n.jpg?oh=e2970c044345e26c761250a9aa746639&oe=55AF5863&__gda__=1433558488_429c618a2e3f9a0829134f9076fac398
2015-03-31T22:12:31 <ChordsTackler> http://asset-c.soup.io/asset/3163/9832_c64a.gif
2015-03-31T22:12:41 <ChordsTackler> Ah oui Bondour xD
2015-03-31T22:12:59 <ChordsTackler> Ca me fait penser à chez nous on pleur quand on meurt et on riz cantonais
2015-03-31T22:13:33 <Fidzu> XD
2015-03-31T22:13:55 <Fidzu> https://fbcdn-sphotos-f-a.akamaihd.net/hphotos-ak-xap1/v/t1.0-9/17924_1596147623956953_2266204483411942459_n.jpg?oh=573eb2746c4aef2243b34a25d71acc45&oe=55AD39BE&__gda__=1437150019_df52ad50a6297c80e1ca9214ea246df2
2015-03-31T22:14:19 <ChordsTackler> True Story ;)
2015-03-31T22:14:38 <ChordsTackler> https://fbcdn-sphotos-e-a.akamaihd.net/hphotos-ak-xfa1/v/t1.0-9/247111_956897244321959_6284343237976610677_n.jpg?oh=38dee58dce81233fd0820d56b257a59d&oe=55B42D88&__gda__=1438291005_67fc9373ab7c91fc966b66c95905471b
2015-03-31T22:14:52 <Fidzu> ah ui celle la ..
2015-03-31T22:15:12 <Fidzu> https://fbcdn-sphotos-d-a.akamaihd.net/hphotos-ak-xfp1/v/t1.0-9/10984269_1809950389230083_2762944152870209215_n.jpg?oh=33fba8f783da650ee20ce20bdb1543d8&oe=559F0C4E&__gda__=1433431326_1e8a36991d5a89c3c46b41b31e8c1d7c
2015-03-31T22:15:16 <Fidzu> après j'en ai plus =(
2015-03-31T22:15:54 <ChordsTackler> xD
2015-03-31T22:17:06 <ChordsTackler> https://fbcdn-sphotos-c-a.akamaihd.net/hphotos-ak-xpf1/v/t1.0-9/1898146_744013959047389_1392656874947926029_n.jpg?oh=0aa6477b3e5d9eb82371101ad38f15b7&oe=5576A40D&__gda__=1433957580_f347ba61417dbffb1f050766494fc9aa
2015-03-31T22:17:48 <Fidzu> xD
2015-03-31T22:17:57 <ChordsTackler> https://derpicdn.net/img/2015/1/29/817030/tall.png
2015-03-31T22:18:03 <ChordsTackler> Attend j'te jure j'ai mieux xD
2015-03-31T22:18:23 <Fidzu> envoi
2015-03-31T22:18:43 <ChordsTackler> https://derpicdn.net/img/view/2015/2/14/828452__safe_twilight+sparkle_rainbow+dash_meme_princess+twilight_toy_wat_toy+fair+2015_pillow+pet.png
2015-03-31T22:19:34 <ChordsTackler> https://fbcdn-sphotos-b-a.akamaihd.net/hphotos-ak-xpf1/v/t1.0-9/10388637_378695925643475_7642761113078887060_n.jpg?oh=8b704685bbbb7b2da3a971d31853169f&oe=5589576C&__gda__=1433574918_7ba08dd4b3a2671f38294043dd21d8b2
2015-03-31T22:19:45 <Fidzu> omd les peluches ...
2015-03-31T22:19:52 <Fidzu> connais
2015-03-31T22:20:29 <ChordsTackler> https://fbcdn-sphotos-f-a.akamaihd.net/hphotos-ak-xpf1/v/t1.0-9/10351400_338159023030499_945659996127272039_n.jpg?oh=ae396a9174e591299fe829d5944c1163&oe=5576023B&__gda__=1435305210_d2372d0e5d9a6b007010c1f978bb6c3e
2015-03-31T22:20:50 <Fidzu> cro meugnon
2015-03-31T22:21:23 <ChordsTackler> j'en ai certaines qui sont deg sinon xD
2015-03-31T22:21:28 <ChordsTackler> mais on va passer ca x)
2015-03-31T22:21:32 <Fidzu> ^^
2015-03-31T22:21:45 <ChordsTackler> https://derpicdn.net/img/2015/3/3/841384/large.jpeg
2015-03-31T22:22:05 <Fidzu> ui je le connais ce gars
2015-03-31T22:22:15 <ChordsTackler> http://img0.joyreactor.com/pics/post/funny-pictures-ponytime-auto-my-little-pony-364221.jpeg
2015-03-31T22:22:37 <ChordsTackler> http://i.imgur.com/sX5yt.png
2015-03-31T22:23:19 <Fidzu> http://0bluse.deviantart.com/gallery/
2015-03-31T22:23:53 <ChordsTackler> ^^
2015-03-31T22:24:07 <ChordsTackler> http://31.media.tumblr.com/940b7deec12fa745acf397489cd5328a/tumblr_myvj3odBdK1t4fj2vo3_1280.png
2015-03-31T22:24:36 <Fidzu> omg
2015-03-31T22:25:29 <ChordsTackler> http://noelswf.info/2842.html
2015-03-31T22:26:10 <Fidzu> kill it
2015-03-31T22:26:12 <ChordsTackler> j'ai le même avec le générique de Friends xD
2015-03-31T22:26:48 <ChordsTackler> http://ircza.vokr.com/MLP/0_0_what_is_she_doing_by_abyssthedragon-d463j05.jpg
2015-03-31T22:27:04 <Fidzu> omfg !
2015-03-31T22:27:08 <Fidzu> no !
2015-03-31T22:27:09 <ChordsTackler> Tu veux le même avec F.R.I.E.N.D.S. ? xD
2015-03-31T22:27:38 <Fidzu> je regaarde pas friends
2015-03-31T22:27:52 <ChordsTackler> Moi non plus xD
2015-03-31T22:28:07 <ChordsTackler> Mais j'ai riz j'te jure le truc est trop con
2015-03-31T22:28:16 <Fidzu> vazy
2015-03-31T22:28:37 <ChordsTackler> http://noelswf.info/3806.html
2015-03-31T22:29:08 <ChordsTackler> Humour noir ? ^^"
2015-03-31T22:30:07 <Fidzu> nan mais srx XD
2015-03-31T22:30:30 <ChordsTackler> ^^
2015-03-31T22:30:36 <ChordsTackler> https://fbcdn-sphotos-b-a.akamaihd.net/hphotos-ak-xpa1/v/t1.0-9/11036499_1554725088137193_4054452407407031855_n.jpg?oh=550de2bc119764ce4f1d5dce5c6bdece&oe=55816E17&__gda__=1431218813_bebe29944ade989a16498947c1c9c769
2015-03-31T22:30:48 <ChordsTackler> Et après la prochaine j'arrête ^^
2015-03-31T22:30:57 <ChordsTackler> http://lesfdpdunet.com/photo/post/490/4629589790720.jpg
2015-03-31T22:31:11 <ChordsTackler> Ah lala c'est d'un vulgaire :3
2015-03-31T22:31:16 <Fidzu> ^^
2015-03-31T22:31:46 <ChordsTackler> j'ai la flemme d'allez en chercher d'autre dans mes historiques xD
2015-03-31T22:31:59 <Fidzu> http://0bluse.deviantart.com/art/MLP-Flutter-shy-stare-469648656
2015-03-31T22:32:43 <ChordsTackler> xD
2015-03-31T22:32:52 <ChordsTackler> Ah la vache je le connaissais pas lui ^^
