2015-04-09T00:09:43 *** TrappyTickles s'est connecté
2015-04-09T00:26:56 *** MaCharon est parti
2015-04-09T00:48:11 *** ChordsTackler est parti
2015-04-09T01:27:03 *** Tsumenokage est parti
2015-04-09T06:46:53 *** Fidzu s'est connecté
2015-04-09T07:02:45 *** Fidzu est parti
2015-04-09T07:14:17 *** Fidzu s'est connecté
2015-04-09T07:18:48 *** yusei24130 s'est connecté
2015-04-09T07:19:06 <yusei24130> Bonjour tout le monde :)
2015-04-09T07:40:15 *** yusei24130 est parti
2015-04-09T09:05:02 *** heuzef s'est connecté
2015-04-09T11:22:22 *** Fidzu est parti
2015-04-09T11:52:17 *** heuzef est parti
2015-04-09T12:18:06 *** Fidzu s'est connecté
2015-04-09T12:25:31 *** Gordfang s'est connecté
2015-04-09T12:31:19 <Gordfang> yo
2015-04-09T13:06:17 <Fidzu> Yo
2015-04-09T13:19:20 *** heuzef s'est connecté
2015-04-09T13:33:00 <Fidzu> Yo heuzef
2015-04-09T13:33:06 <heuzef> Yop =)
2015-04-09T13:35:06 <Gordfang> yo
2015-04-09T13:54:57 <heuzef> Gordfang ?
2015-04-09T13:56:04 <heuzef> Gordfang j'ai pas compris ta dernière tâche sur le ticket 114 : " l'adresse mail est invalide "
2015-04-09T14:04:03 <Gordfang> re
2015-04-09T14:04:13 <Gordfang> google la refuse
2015-04-09T14:04:26 <heuzef> la refuse ?
2015-04-09T14:04:33 <Gordfang> du coup je peut l'ajouter au groupe, il me dit adresse invalide
2015-04-09T14:04:45 <heuzef> Ha sur la ML
2015-04-09T14:05:05 <heuzef> son pseudo c'est KentaKun
2015-04-09T14:05:11 <Gordfang> ?
2015-04-09T14:05:14 <heuzef> Donc en partant de cette logique
2015-04-09T14:05:23 <heuzef> Je pense qu'il manque un "a"
2015-04-09T14:05:27 <heuzef> Dans son mail
2015-04-09T14:05:31 <heuzef> Mais bonbref
2015-04-09T14:05:35 <heuzef> On s'en tape
2015-04-09T14:05:35 <Gordfang> on peut essayer
2015-04-09T14:05:46 <heuzef> Il faut qu'il refasse complétement son inscription
2015-04-09T14:05:51 <heuzef> y'a rien de valide
2015-04-09T14:05:53 <Gordfang> ui
2015-04-09T14:06:02 <heuzef> Non t'embête pas
2015-04-09T14:06:17 <heuzef> Appel le et demande lui direct "recomence"
2015-04-09T14:06:22 <heuzef> Proprement cette fois
2015-04-09T14:06:41 <heuzef> J'aurais du lui dire Samedi
2015-04-09T14:06:43 <heuzef> J'ai zapé
2015-04-09T14:06:59 <Gordfang> si tu la deja vu c'est peut être mieux que tu lui dise non?
2015-04-09T14:07:11 <heuzef> Il viens assez souvent au calice
2015-04-09T14:07:17 <Gordfang> k
2015-04-09T14:07:33 <heuzef> Bof appel le
2015-04-09T14:07:47 <heuzef> Elvon semble pas décidé à nous aider sur ce coup la
2015-04-09T14:10:29 <Gordfang> ok je vais lui envoyer un sms
2015-04-09T14:11:15 <Gordfang> y a pas de numéro de tel parfait XD
2015-04-09T14:13:58 <heuzef> Si si ;) Look bien toutes les tâche j'ai chopé tel + skype
2015-04-09T14:14:42 <Gordfang> k
2015-04-09T14:19:23 *** heuzef1 s'est connecté
2015-04-09T14:22:50 *** heuzef est parti
2015-04-09T14:47:59 *** Mousstery s'est connecté
2015-04-09T15:42:15 *** Tsumenokage s'est connecté
2015-04-09T15:42:21 *** Tsumenokage_ s'est connecté
2015-04-09T15:42:24 *** Tsumenokage_ est parti
2015-04-09T15:42:40 <Tsumenokage> Salut :)
2015-04-09T15:43:55 <Fidzu> Salut
2015-04-09T15:44:19 <Tsumenokage> ça va ?
2015-04-09T15:45:45 *** ValCab33 s'est connecté
2015-04-09T15:45:51 <ValCab33> Boop
2015-04-09T15:46:07 <Tsumenokage> salut ValCab33
2015-04-09T15:46:48 <Fidzu> Boop
2015-04-09T16:07:38 *** Fidzu est parti
2015-04-09T16:10:50 *** ValCab33 est parti
2015-04-09T16:22:00 *** Fidzu s'est connecté
2015-04-09T16:35:20 *** lunayumii s'est connecté
2015-04-09T16:35:25 <lunayumii> Salut !
2015-04-09T16:35:27 <Tsumenokage> Yooo lunayumii !!
2015-04-09T16:35:34 <lunayumii> j'allais te dire "re" xD
2015-04-09T16:35:37 <Tsumenokage> ^^
2015-04-09T16:35:49 <lunayumii> J'ai dû retourner à SImply tout à l'heure, j'avais plus de feuilles xD
2015-04-09T16:36:06 <lunayumii> Mais j'ai bossé plus vite que prévu, j'ai quasi fini une des deux matières, ça me soulage xD
2015-04-09T16:36:23 <Tsumenokage> tant mieux si tu es en avance :)
2015-04-09T16:37:06 <lunayumii> il me reste quand même le plus gros après, j'en ai pour la soirée XD
2015-04-09T16:37:35 <Gordfang> salut lunayumii
2015-04-09T16:37:38 <Tsumenokage> bon courage alors :)
2015-04-09T16:37:39 <lunayumii> Mais ça a eu un effet tornade sur mon bureau. Il est super rangé x)
2015-04-09T16:37:41 <lunayumii> Salut :D
2015-04-09T16:39:13 <Fidzu> Tout lunayumii
2015-04-09T16:39:21 <Fidzu> Yo*
2015-04-09T16:39:28 <lunayumii> Salut ! ^^
2015-04-09T16:44:00 <TrappyTickles> c'est a quel simply? pcq y en a un près de chez nous aussi ^^
2015-04-09T16:44:29 <lunayumii> Roustaing ^^
2015-04-09T17:00:42 <TrappyTickles> ah oki :p
2015-04-09T17:01:14 <lunayumii> C'est pas dans ton coin ? ^^
2015-04-09T17:01:16 <TrappyTickles> nous c'est celui de begles :p
2015-04-09T17:01:27 <lunayumii> d'acc ^^
2015-04-09T17:06:37 *** yusei24130 s'est connecté
2015-04-09T17:06:41 <yusei24130> Salut tout le monde
2015-04-09T17:06:46 <Tsumenokage> Salut yusei24130
2015-04-09T17:06:57 <Tsumenokage> (enfin re plutot ^^)
2015-04-09T17:06:59 <Fidzu> Lu
2015-04-09T17:07:00 <lunayumii> re ^^
2015-04-09T17:07:04 <lunayumii> je reviens par contre
2015-04-09T17:16:08 <lunayumii> reup !
2015-04-09T17:16:26 <Tsumenokage> re
2015-04-09T17:16:34 <yusei24130> re
2015-04-09T17:16:46 <lunayumii> coffee time :3
2015-04-09T17:16:54 <yusei24130> ^^
2015-04-09T17:18:51 <yusei24130> lunayumii je t'ai envoyé les nom pour le cosplay sur facebook.
2015-04-09T17:20:05 <lunayumii> ça marche ^^
2015-04-09T17:20:34 <lunayumii> je vais regarder ça là, vu que je fais une ptite pause
2015-04-09T17:20:42 <Mousstery> Bonzour les gens :)
2015-04-09T17:20:51 <lunayumii> Ooooh toi !
2015-04-09T17:20:54 <lunayumii> J'ai ton avatar ! :D
2015-04-09T17:21:19 <lunayumii> J'ai testé de le mettre sur un fond de bonne qualité, et j'ai vu où était le problème ^^ y'a des bordures dégueu en pixels plus clairs
2015-04-09T17:21:26 <yusei24130> bonjour
2015-04-09T17:21:45 <lunayumii> Sinon, va bien ?
2015-04-09T17:21:56 <Tsumenokage> salut Mousstery
2015-04-09T17:22:01 <Mousstery> merkiii luna :D
2015-04-09T17:22:14 <Mousstery> oui ça va ^^
2015-04-09T17:22:24 <lunayumii> Je te l'envoie comment ? ^^
2015-04-09T17:22:53 <Mousstery> heu par mail :
2015-04-09T17:23:07 <Mousstery> jarod6201@hotmail.fr
2015-04-09T17:23:20 <lunayumii> (et Yusei, Fire Streak la perruque ressemblerait trop à celle de Tyrris pour Spitfire, donc vaudrait mieux Lightning Streak. Te faudra la même perruque jaune et je te la coifferai ^^)
2015-04-09T17:23:22 <lunayumii> Oki !
2015-04-09T17:24:20 <lunayumii> Je garantis pas la taille de l'image, mais si besoin j'ai en plus grand donc je pourrai refaire ça
2015-04-09T17:24:39 <lunayumii> Envoyé ^^
2015-04-09T17:24:42 <yusei24130> C'est celui que je préféré :)
2015-04-09T17:25:47 <lunayumii> Nickel ^^ faudrait que vous voyez avec Tsumenokage aussi pour faire la commande dès que possible
2015-04-09T17:26:02 <lunayumii> quitte à ce que vous débarquiez tous chez nous xD
2015-04-09T17:26:18 <yusei24130> oki
2015-04-09T17:26:29 <yusei24130> http://www.redbubble.com/people/psitta/works/12368744-princess-twilight-sparkle?grid_pos=36&p=sticker
2015-04-09T17:26:34 <yusei24130> juste beaux
2015-04-09T17:26:37 <lunayumii> Et donc pour tes ailes, feutrine bleu clair comme pour Rrainbow
2015-04-09T17:26:40 <lunayumii> *Rainbow
2015-04-09T17:26:51 <lunayumii> omg carrément
2015-04-09T17:27:01 <yusei24130> ^^
2015-04-09T17:28:40 <lunayumii> Et au pire, ta perruque je pourrai faire des pointes jaune plus foncé ^^ on verra ça à Cultura
2015-04-09T17:29:01 <yusei24130> oui
2015-04-09T17:29:30 <Tsumenokage> vaut mieux faire la commande en même temps oui ^^
2015-04-09T17:30:07 <lunayumii> Avec le suivi de colis de la mienne, j'ai vu qu'elle est arrivée ce matin au centre de tri du transporteur en France ^^
2015-04-09T17:30:07 *** Mousstery est parti
2015-04-09T17:30:39 <Tsumenokage> nice :)
2015-04-09T17:30:44 <yusei24130> tu l'aura pour le pique nique :)
2015-04-09T17:30:55 <lunayumii> Normalement ouaip ! :D
2015-04-09T17:31:11 <lunayumii> Plus qu'à acheter des bas pour faire le filet qui retient les cheveux et cale la perruque xD
2015-04-09T17:31:55 <yusei24130> yep
2015-04-09T17:33:01 <lunayumii> au BGF on risque d'avoir chaud sous les combi par contre, j'pense que je porterai pas grand chose en-dessous, genre short et t-shirt sans manches
2015-04-09T17:33:50 <yusei24130> surtout si il continue à faire aussi bon.
2015-04-09T17:33:57 <lunayumii> Yup ><
2015-04-09T17:34:08 <lunayumii> limite un maillot de bain ça suffirait quoi
2015-04-09T17:34:18 <yusei24130> ^^
2015-04-09T17:34:25 <Tsumenokage> faudra voir pour commander les combi en même temps que nos perruques non ?
2015-04-09T17:34:28 <Tsumenokage> ^^
2015-04-09T17:34:31 <lunayumii> Je pense oui
2015-04-09T17:34:42 <lunayumii> et que chacun fasse aussitôt son virement à celui qui aura payé
2015-04-09T17:34:49 <Tsumenokage> yep
2015-04-09T17:34:57 <yusei24130> ok
2015-04-09T17:35:08 <lunayumii> D'ailleurs Yusei, ça t'irait le samedi pour le BGF ?
2015-04-09T17:35:31 <lunayumii> Même si il risque d'y avoir plus de monde, c'est le jour le plus pratique on pense
2015-04-09T17:36:04 <yusei24130> oui, c'est sur qu'il y aura foule
2015-04-09T17:36:16 <yusei24130> mais ça me va
2015-04-09T17:36:21 <lunayumii> Bah dis-toi qu'au moins plein de monde verra les Wonderbolts ;D
2015-04-09T17:36:27 <Tsumenokage> ^^
2015-04-09T17:36:30 <Tsumenokage> bien dit
2015-04-09T17:36:36 <yusei24130> ^^
2015-04-09T17:37:19 <heuzef> Yo
2015-04-09T17:37:22 <Tsumenokage> yo
2015-04-09T17:37:22 <lunayumii> Salut :D
2015-04-09T17:37:24 <yusei24130> salut
2015-04-09T17:37:34 <heuzef> Prenez des photos lors de BFG ;)
2015-04-09T17:37:44 <Tsumenokage> pas de souci :)
2015-04-09T17:37:53 <yusei24130> yep
2015-04-09T17:37:57 <lunayumii> Elvi m'en a demandé aussi, t'inquiète pas xD
2015-04-09T17:38:10 <lunayumii> J'aurai mon appareil photo ce coup-ci ^^
2015-04-09T17:39:57 <heuzef> Y'a que je sent que le BGF n'est en faite une simple copie de l'Animasia
2015-04-09T17:40:32 <heuzef> Juste un moyen pour Mandora d'augmenter leur productivité et leur image
2015-04-09T17:41:07 <lunayumii> On verra bien ce que ça donne ^^
2015-04-09T17:41:15 <lunayumii> Pour ma part c'est surtout un prétexte pour faire un cosplay ;)
2015-04-09T17:41:46 <yusei24130> mais c'est cool qu'il y est plus souvent des événement pareil à Bordeaux :)
2015-04-09T17:43:01 <yusei24130> Bon, à toute
2015-04-09T17:43:06 <Tsumenokage> a toute
2015-04-09T17:43:10 *** yusei24130 est parti
2015-04-09T17:46:11 <Fidzu> C'est cool de croiser macharon dans la rue :-)
2015-04-09T17:46:22 <lunayumii> Haha :D
2015-04-09T17:46:28 <Tsumenokage> XD
2015-04-09T17:46:42 <lunayumii> Moi du coup j'ai fait un pique-nique avec Tsume, Tyrris, Chords et Yusei à midi :3
2015-04-09T17:46:47 <lunayumii> c'était super
2015-04-09T17:47:03 <Fidzu> Ah oui c'est vrai bgf
2015-04-09T17:47:22 <Fidzu> Faudras faire le mail
2015-04-09T17:47:22 <lunayumii> Tu vas y aller toi Fidzu ?
2015-04-09T17:48:00 <Fidzu> Ouais normalement avec chords tickler déguisé en pinkie pie et moi je sais pas encore
2015-04-09T17:48:10 <lunayumii> Ouip Chords m'avait dit :3
2015-04-09T17:48:20 <lunayumii> Mais c'est cool, on te verra comme ça :D
2015-04-09T17:48:26 <Tsumenokage> chords en pinkie ça va être épique XD
2015-04-09T17:48:32 <lunayumii> Carrément xD
2015-04-09T17:48:39 <lunayumii> Je VEUX une photo avec lui xD
2015-04-09T17:48:44 <Fidzu> On s'est jamais vu irl?
2015-04-09T17:48:54 <Fidzu> A non vous étiez pas la c'est beau :/
2015-04-09T17:48:57 <Tsumenokage> je pense pas
2015-04-09T17:49:02 <Fidzu> Vrai *
2015-04-09T17:49:18 <Fidzu> Mon correcteur auto qui fait du kk
2015-04-09T17:49:22 <lunayumii> Ça sera l'occasion, du coup ^^
2015-04-09T17:49:25 <Fidzu> Oui
2015-04-09T17:50:53 <Fidzu> Je sais pas comment ca va se passer mais a l'animasia avec chords, on a fais pleins de câlins a tout le monde (je dirais environs 200 câlins)
2015-04-09T17:51:03 <Fidzu> On va sûrement recommencer mdr
2015-04-09T17:51:06 <lunayumii> Tsume et moi on a en fait pas mal aussi xD
2015-04-09T17:51:17 <lunayumii> Et je ramènerai ma pancarte Free Hugs au BGF ^^
2015-04-09T17:51:54 <Fidzu> A midi on  savais pas quoi faire du coup on faisait des câlins a chaque personne qu'on voyais
2015-04-09T17:51:55 <Fidzu> Et on en voyais beaucoup
2015-04-09T17:51:57 <lunayumii> Ya une fille qui faisait un cosplay de mon perso préféré, je lui ai tapé sur l'épaule pour lui dire gg pour son boulot, et elle m'a sauté dans les bras à la place xD
2015-04-09T17:51:58 <Fidzu> Et sans pancarte :D
2015-04-09T17:52:08 <Fidzu> XD
2015-04-09T17:52:08 <lunayumii> sympaaa xD
2015-04-09T17:52:40 <lunayumii> Mais Tsumenokage c'est bien MaCharon qu'on avait vu aussi à Animasia nan ?
2015-04-09T17:53:01 <Fidzu> Nous des qu'on est parti de la victoire, dans le tram on a rencontré une cadence tres sympas
2015-04-09T17:53:18 <lunayumii> Je crois bien qu'on l'a vue aussi
2015-04-09T17:53:55 <lunayumii> Même qu'à un moment dans l'amphi elle était pas loin devant moi, elle a enlevé sa veste pour mettre son manteau, et j'ai découvert que sa robe était disons... ouverte sur les côtés ? xDD
2015-04-09T17:53:55 <Fidzu> J'ai quelques photos que mon fb mais a la bgf je vais essayer d'emmener un appareil
2015-04-09T17:53:59 <Tsumenokage> oui c'était macharon
2015-04-09T17:54:11 <lunayumii> MaCharon avait été mon premier câlin de la journée j'crois :D
2015-04-09T17:54:26 <Fidzu> Macharon était en tigrou
2015-04-09T17:54:34 <lunayumii> Vouiiii
2015-04-09T17:55:51 <Fidzu> Moi jetait près déguisé et chords était une applejack avec une tete de cheval
2015-04-09T17:55:58 <Fidzu> Pas déguisé*
2015-04-09T17:56:17 <lunayumii> J'avais vu Chords ^^
2015-04-09T17:56:28 <lunayumii> disons que la tête de cheval était assez visible xD
2015-04-09T17:56:45 <Fidzu> pas moi?  Un chinois avec une petite peluche twilight ?
2015-04-09T17:57:00 <lunayumii> Ah mais je t'ai vu sur une photo sur son fb je crois !
2015-04-09T17:57:02 <lunayumii> Oui je t'avais vu ^^
2015-04-09T17:57:19 <Fidzu> On s'est pas fait de câlin ?
2015-04-09T17:57:27 <Fidzu> #sad
2015-04-09T17:57:36 <lunayumii> Je crois que ptètre que si xDD
2015-04-09T17:57:49 <lunayumii> Mais t'en fais pas, on rattrapera ça au BGF ! :p
2015-04-09T17:57:57 <Fidzu> Ouiii !
2015-04-09T17:58:38 <Fidzu> J'aurais de venir déguisé, apparemment a la victoirev il yvav un lagasin pour ca?
2015-04-09T17:58:47 <Fidzu> J'essayerais*
2015-04-09T17:58:51 <lunayumii> C'est possible, j'y ai jamais été voir
2015-04-09T17:58:57 <lunayumii> Vers où à la Victoire ?
2015-04-09T17:59:04 <Fidzu> Ohlala vite que j'aille sur mon clavier
2015-04-09T17:59:10 <Fidzu> Je sais pas justement
2015-04-09T17:59:18 <lunayumii> (si jamais t'y vas à un moment où je suis dispo, je serais intéressée pour venir aussi)
2015-04-09T17:59:23 *** MaCharon s'est connecté
2015-04-09T17:59:31 <Fidzu> OK
2015-04-09T17:59:33 <Fidzu> Ré
2015-04-09T17:59:37 <lunayumii> Salut :D
2015-04-09T17:59:54 <Tsumenokage> Salut MaCharon
2015-04-09T18:00:05 <MaCharon> chalut ^^
2015-04-09T18:02:43 <lunayumii> Sur le net je vois pas de magasin de déguisement près de la Victoire
2015-04-09T18:02:52 <lunayumii> j'en ai juste vu un près de la place Gambetta, ce genre là
2015-04-09T18:03:21 <Tsumenokage> y'en a un à muséé d'aquitaine
2015-04-09T18:03:30 <MaCharon> Carnaval il me semble
2015-04-09T18:03:31 <lunayumii> Faudra que tu me montres ça xD
2015-04-09T18:03:59 <lunayumii> Au Carnaval, près de l'arrêt Musée d'Aquitaine
2015-04-09T18:04:12 <MaCharon> pk tu cherches ce genre de magasin ?
2015-04-09T18:04:26 <lunayumii> C'est Fidzu qui cherchait ^^
2015-04-09T18:04:38 <MaCharon> ah ok
2015-04-09T18:04:51 <lunayumii> Pour ma part j'ai déjà un cosplay commencé ^^
2015-04-09T18:04:53 <Fidzu> C'est un pote que me la dis .. demain je lui demande et si je suis paq collé j'irais voir XD
2015-04-09T18:05:02 <lunayumii> Ok xD
2015-04-09T18:05:04 <MaCharon> cosplay de qui ?
2015-04-09T18:05:14 <lunayumii> Rainbow Dash en tant que Wonderbolt :D
2015-04-09T18:05:24 <MaCharon> oh yeah !
2015-04-09T18:05:30 <lunayumii> on se fait un groupe Wonderbolts avec Tsumenokage Tyrris et Yusei
2015-04-09T18:05:47 <lunayumii> ça sera prêt au BGF :p
2015-04-09T18:05:52 <MaCharon> cool
2015-04-09T18:06:13 <Fidzu> Moi j'aimerais bien etre en sombra pour la ps
2015-04-09T18:07:28 <lunayumii> Ca m'intéressait bien la PS mais je sais ni si je serai dispo, ni si j'aurai un moyen de venir
2015-04-09T18:08:44 <Tsumenokage> Pour la PS je sais pas encore aussi
2015-04-09T18:08:50 <Tsumenokage> tout dépend de si j'ai un boulot cet été
2015-04-09T18:09:03 <Fidzu> Pour ceux qui aurons des problèmes de transport, on organisera du convoiturage entre nous
2015-04-09T18:09:03 <lunayumii> Ah ben je viens de vérifier, j'ai un anniv ces deux jours-là
2015-04-09T18:09:08 <lunayumii> je viens juste de m'en rappeler ><
2015-04-09T18:09:21 <lunayumii> et encore même ça je sais pas si j'irai, c'est vers chez moi en Dordogne
2015-04-09T18:11:39 <MaCharon> PS = quoi déjà ?
2015-04-09T18:11:59 <lunayumii> Pony South, nan ?
2015-04-09T18:12:17 <Tsumenokage> ouaip me semble que c'est ça
2015-04-09T18:12:23 <MaCharon> ah oui suis je bete
2015-04-09T18:12:37 <Tsumenokage> et si jamais je iens j'aurais une voiture normalement (mais faut que je vienne déjà ^^)
2015-04-09T18:14:15 <lunayumii> Si j'étais libre et sûre de pouvoir, j'aurais bien dit que je viendrai, mais y'a des circonstances assez particulières (et pas joyeuses, donc je vous les épargne) à l'anniv auquel je suis invitée. Du coup si je dois bouger, ça sera là-bas
2015-04-09T18:15:42 <Fidzu> Moi en tant cas j'y serais , et même sûrement en exposant
2015-04-09T18:15:52 <lunayumii> C'est classe ça ^^
2015-04-09T18:15:53 <Fidzu> Tout*
2015-04-09T18:15:53 <Tsumenokage> en exposant ?
2015-04-09T18:16:01 <Tsumenokage> classe ouais
2015-04-09T18:16:38 <Fidzu> Ouai je fais des sculptures mlp
2015-04-09T18:17:01 <Tsumenokage> ouaaah vraiment classe en effet
2015-04-09T18:17:22 <lunayumii> Je veux bien que tu nous en rapporte des photos si ça dérange pas, alors :3
2015-04-09T18:17:26 <lunayumii> Je suis curieuse de voir tes oeuvres
2015-04-09T18:17:39 <Tsumenokage> idem
2015-04-09T18:17:46 <Fidzu> Récemment j'ai fais chocolatine (la mascotte de ponysouth)
2015-04-09T18:17:57 <Fidzu> Si tu veux j'ai un DA ^^
2015-04-09T18:18:21 <lunayumii> Je veux bien ! ^^
2015-04-09T18:18:26 <lunayumii> J'en ai un aussi, tu le verras du coup
2015-04-09T18:18:35 <lunayumii> mais y'a quasi rien dessus, la flemme de scanner mes dessins
2015-04-09T18:19:18 <Fidzu> http://fidzu.deviantart.com
2015-04-09T18:19:39 <Fidzu> Contact moi ou donne moi ton da que je les regardes :)
2015-04-09T18:19:56 <lunayumii> http://luna-mini-milka.deviantart.com/
2015-04-09T18:19:59 <lunayumii> Le nom parle de lui-même ;)
2015-04-09T18:20:08 <Fidzu> XD
2015-04-09T18:20:35 <Fidzu> Je suis chez moi dans 10 min je les regarderais
2015-04-09T18:21:10 <lunayumii> D'acc ^^
2015-04-09T18:21:22 <lunayumii> J'pense que j'ai rien de récent dessus
2015-04-09T18:22:35 <Fidzu> Moi je peux sculpter que quand je suis chez ma mere fais chier -.-
2015-04-09T18:22:45 <lunayumii> C'est super ce que tu fais ^^
2015-04-09T18:23:14 <lunayumii> Ah je viens de me rendre compte qu'en fait j'ai vraiment mis que dalle en dessin sur mon DA xD
2015-04-09T18:23:18 <lunayumii> encore moins que je pensais
2015-04-09T18:23:31 <heuzef> lunayumii dommage que tu n'est pas indiqué ton DA à ton inscription pour le partagé avec les autres :)
2015-04-09T18:23:44 <Fidzu> Merci
2015-04-09T18:23:49 <heuzef> Putain les fautes que je fait ça pique :(
2015-04-09T18:23:55 <lunayumii> Ah, j'y avais pas pensé ^^
2015-04-09T18:24:11 <Tsumenokage> c'est vrai que tes sculptures sont magnifiques Fidzu ^^
2015-04-09T18:24:14 <lunayumii> J'y vais tellement peu depuis que je peux quasi plus dessiner, du coup je pense jamais à le montrer
2015-04-09T18:24:33 <lunayumii> Je vais y mettre un ou deux WIP de dessin supplémentaires
2015-04-09T18:24:43 <heuzef> lunayumii si tu change d'avis te suffit d'ouvrir un ticket avec le lien de ton DA ;)
2015-04-09T18:24:51 <lunayumii> Okay ^^
2015-04-09T18:24:54 <Fidzu> Merci ! Faut encore que je m'améliore en peinture
2015-04-09T18:26:31 <Fidzu> Je re sur pc
2015-04-09T18:26:33 *** Fidzu est parti
2015-04-09T18:31:41 *** heuzef est parti
2015-04-09T18:34:34 *** Fidzu s'est connecté
2015-04-09T18:35:28 <Fidzu> re
2015-04-09T18:35:53 <Fidzu> j'adore ce que tu fais !
2015-04-09T18:36:40 <lunayumii> Ah ? ^^"
2015-04-09T18:36:56 <lunayumii> La plupart c'est que des dessins d'une amie que j'ai colo
2015-04-09T18:37:46 <lunayumii> je suis en train de mettre un WIP d'un dessin digital là par contre, je te dis quand c'est dessus
2015-04-09T18:38:53 <Fidzu> ok !
2015-04-09T18:42:12 *** heuzef s'est connecté
2015-04-09T18:42:19 *** heuzef est parti
2015-04-09T18:42:37 <lunayumii> http://luna-mini-milka.deviantart.com/art/Dragon-Age-OC-Liwen-WIP-525798013
2015-04-09T18:45:16 *** Berry-Punch s'est connecté
2015-04-09T18:45:17 <lunayumii> l'autre que je voulais mettre je sais plus sur quel disque dur il est, je verrai plus tard x)
2015-04-09T18:45:22 <Fidzu> lu berry
2015-04-09T18:45:45 <Fidzu> tu fais dans le realiste ?
2015-04-09T18:46:02 <lunayumii> J'essaie ^^
2015-04-09T18:46:21 <Fidzu> j'ai hate de le voir fini =)
2015-04-09T18:46:35 <lunayumii> Dans les autres trucs de ma galerie sinon, y'a quatre dessins à moi
2015-04-09T18:46:43 <lunayumii> Dont la fiche de RP d'un perso
2015-04-09T18:48:00 *** Gordfang est parti
2015-04-09T18:48:56 <lunayumii> En tout cas c'est sympa, ça me motive de savoir que quelqu'un veut voir ce dessin fini ;)
2015-04-09T18:49:09 <lunayumii> Dès que ma main ira mieux, j'essaierai de m'y remettre
2015-04-09T18:49:30 <lunayumii> La couture je peux, mais le dessin je tiens pas longtemps du tout
2015-04-09T18:50:21 <Fidzu> ah tu couds ?
2015-04-09T18:50:26 <lunayumii> Yup ^^
2015-04-09T18:50:39 <lunayumii> mon cosplay de Shingeki no Kyojin est entièrement fait main
2015-04-09T18:50:41 <Fidzu> tu fais des peluches ?
2015-04-09T18:50:47 <lunayumii> Jamais essayé, mais je pourrais
2015-04-09T18:50:59 <Fidzu> faudrais que tu essay :)
2015-04-09T18:51:01 <Fidzu> moi j'aimerais bien
2015-04-09T18:51:07 <Fidzu> mais flemme d'acheter le materiel ^^
2015-04-09T18:51:18 <lunayumii> Faudrait que je trouve la bonne matière, et un modèle qui me plaise ^^
2015-04-09T18:51:28 <lunayumii> mis à part le tissu, j'ai le matos
2015-04-09T18:51:45 <lunayumii> sauf la machine à coudre, la mienne a été livrée avec défauts --"
2015-04-09T18:52:04 *** adriens33 s'est connecté
2015-04-09T18:52:53 <Fidzu> ah .. pas cool
2015-04-09T18:53:51 <lunayumii> Salut adriens33 ^^
2015-04-09T18:53:56 <adriens33> chalut
2015-04-09T18:54:03 <Fidzu> lu
2015-04-09T18:54:16 <Tsumenokage> salut adriens33
2015-04-09T18:56:11 *** python_ircbot s'est connecté
2015-04-09T18:57:35 <Fidzu> bonjour python_ircbot
2015-04-09T18:57:54 <adriens33> il rep tj pas
2015-04-09T18:58:05 <adriens33> mais j'ai avancé sur la gestion des evts
2015-04-09T18:58:09 <adriens33> il log tout ce qu'on dit :]
2015-04-09T18:58:31 <adriens33> (python_ircbot is watching you)
2015-04-09T18:59:03 <Fidzu> en fait c'est starlight
2015-04-09T18:59:11 <adriens33> lol
2015-04-09T19:00:25 <adriens33> hmm par contre je vais le bouger, parce que la je l'ai lancé depuis l'endroit ou je le dev (et du coup pour le continuer c'est pas pratique)
2015-04-09T19:00:31 *** python_ircbot est parti
2015-04-09T19:22:03 *** python_ircbot s'est connecté
2015-04-09T19:22:25 *** python_ircbot est parti
2015-04-09T19:25:03 *** python_ircbot s'est connecté
2015-04-09T19:41:13 <adriens33> qui vous faites les gens ?
2015-04-09T19:41:20 <adriens33> quoi *
2015-04-09T19:41:26 <Fidzu> je lis ton message
2015-04-09T19:41:27 <Fidzu> et toi ?
2015-04-09T19:41:34 <adriens33> lol a part ça ?
2015-04-09T19:41:43 <adriens33> (moi j'essaie de continuer le bot)
2015-04-09T19:41:43 <Tsumenokage>  je suis sur lol
2015-04-09T19:41:48 <adriens33> oki
2015-04-09T19:42:11 <Fidzu> j'y vais tout a l'heure
2015-04-09T19:42:17 <Fidzu> après mangé ^^
2015-04-09T19:42:19 <Fidzu> tu est quoi ?
2015-04-09T19:42:25 <Fidzu> es*
2015-04-09T19:42:43 <Tsumenokage> bonap
2015-04-09T19:42:50 <Fidzu> attend pas desuite ^^
2015-04-09T19:43:02 <Fidzu> t'es classé quoi ?
2015-04-09T19:43:03 <Tsumenokage> aah ok ^^
2015-04-09T19:43:12 <lunayumii> Moi je bosse xD
2015-04-09T19:49:07 <Fidzu> allé a toute
2015-04-09T19:49:12 <Tsumenokage> a toute
2015-04-09T19:49:14 <Tsumenokage> bonap
2015-04-09T19:49:18 <lunayumii> n'appy
2015-04-09T19:55:01 <adriens33> bon nap Fifimiam
2015-04-09T19:55:09 <adriens33> lunayumii> sur quoi tu bosse ?
2015-04-09T19:55:20 <lunayumii> Civi Nord américaine
2015-04-09T19:55:30 <lunayumii> J'ai 5h de devoirs au total demain
2015-04-09T19:55:34 <adriens33> ok ><
2015-04-09T19:55:35 <lunayumii> trad, civi britannique et ça
2015-04-09T19:55:58 <lunayumii> j'ai l'impression de revoir tous mes vieux cours des politiques américaines x_x
2015-04-09T19:56:17 <lunayumii> en plus le bouquin de cours fait pas par ordre chronologique, donc ça cafouille xD
2015-04-09T20:00:23 *** ChordsTackler s'est connecté
2015-04-09T20:00:30 <lunayumii> hehe re :3
2015-04-09T20:01:02 <ChordsTackler> Re ^^
2015-04-09T20:01:09 <ChordsTackler> et Salut les gens ;D
2015-04-09T20:01:11 <Tsumenokage> re ChordsTackler
2015-04-09T20:01:18 <Tsumenokage> ça va depuis ce midi ? ^^
2015-04-09T20:01:30 <ChordsTackler> Fatigué ^^
2015-04-09T20:01:35 <ChordsTackler> mais ca va ^^
2015-04-09T20:02:06 <lunayumii> T'as reçu ton colis ? xD
2015-04-09T20:04:11 *** ELiDYROS s'est connecté
2015-04-09T20:04:29 <ChordsTackler> Bah c'ma voisine qui l'a récupéré pour moi
2015-04-09T20:04:58 <ChordsTackler> car le transporteur à sonné chez elle pour savoir si il pouvait lui donner la tache de me le donner ^^
2015-04-09T20:05:09 <lunayumii> Au moins tu l'as ^^
2015-04-09T20:06:39 <ChordsTackler> Ouai carrément ^^
2015-04-09T20:06:55 <ChordsTackler> En plus y avait des chocolats dans le colis xp
2015-04-09T20:07:05 <lunayumii> Le mien est arrivé au centre de tri du transporteur en France ce matin :3
2015-04-09T20:07:07 <lunayumii> Ohhh yeah !
2015-04-09T20:07:27 <Tsumenokage>  mmmh chocolat ^^
2015-04-09T20:07:37 <Fidzu> re
2015-04-09T20:07:40 <Tsumenokage> re
2015-04-09T20:08:10 <lunayumii> Lundi ma mère m'a ramené les chocolats de Pâques de ma grand-mère :3
2015-04-09T20:08:22 <lunayumii> J'y ai pas encore touché, je garde ça pour les grosses soirées de révisions !
2015-04-09T20:08:42 <Fidzu> moi a paque j'ai pas mangé de chocolat :(
2015-04-09T20:08:49 <ChordsTackler> Hey Fidzu ^^
2015-04-09T20:08:54 <lunayumii> Ooooh
2015-04-09T20:08:56 <Fidzu> hey ChordsTackler
2015-04-09T20:09:07 <lunayumii> Si tu veux ta dose de choco, je t'en ramène au pique-nique :D
2015-04-09T20:09:10 <Fidzu> tu as deja entendu parlé d'un magasin de deguisement a la victoire ?
2015-04-09T20:09:18 <ChordsTackler> Lunayumii : Ce soir pour moi c'est une soirée révision ^^
2015-04-09T20:09:23 <Fidzu> parce qu'apparement il y en a un
2015-04-09T20:09:28 <ChordsTackler> Fidzu tu m'en avais parler ^^
2015-04-09T20:09:34 <lunayumii> Idem, je bosse depuis que je suis rentrée xD
2015-04-09T20:09:35 <ChordsTackler> faut qu'on repère ca ^^
2015-04-09T20:09:35 <Fidzu> ah
2015-04-09T20:09:37 <Fidzu> peut etre
2015-04-09T20:09:45 <Fidzu> je suis un poisson rouge dans l'ame
2015-04-09T20:09:49 <lunayumii> ('fin plus précisément j'ai dû retourner au Simply chercher des feuilles, d'abord)
2015-04-09T20:10:51 <Fidzu> bon je go lol
2015-04-09T20:10:56 <Fidzu> donc considerez moi comme afk ^^
2015-04-09T20:11:00 <lunayumii> ok ^^
2015-04-09T20:11:11 <ChordsTackler> Ok ^^
2015-04-09T20:11:18 <ChordsTackler> Des feuilles ?
2015-04-09T20:11:23 <ChordsTackler> Pour réviser ^^ ?
2015-04-09T20:11:23 <Tsumenokage>  de papier ^^
2015-04-09T20:11:36 <lunayumii> J'ai remarqué que mon bloc notes est vide, en fait xD
2015-04-09T20:11:49 <lunayumii> j'avais plus rien pour prendre des notes et pas avoir à relire tout le bouquin après
2015-04-09T20:11:51 <Tsumenokage> compliqu" de réviser avec un bloc note vide :p
2015-04-09T20:12:30 <lunayumii> du coup j'ai pris un 4 couleurs (flemme powa), du correcteur (exams powa), des fiches bristol (révisions powa), des onglets (révisions powa bis)
2015-04-09T20:12:42 <ChordsTackler> ^^
2015-04-09T20:12:43 <Tsumenokage> bon je go miam aussi
2015-04-09T20:12:48 <Tsumenokage> ++ les gens
2015-04-09T20:12:48 <lunayumii> n'app ^^
2015-04-09T20:12:51 <ChordsTackler> Moi j'révise aevc un ordy
2015-04-09T20:12:56 <Tsumenokage> et merci berry et lunayumii ^^
2015-04-09T20:12:58 <ChordsTackler> Bon' appetit
2015-04-09T20:13:02 <Tsumenokage> thx
2015-04-09T20:13:15 <Fidzu> nap
2015-04-09T20:37:05 *** ELiDYROS est parti
2015-04-09T20:53:44 *** Lenile_Sharm s'est connecté
2015-04-09T20:54:01 <Lenile_Sharm> J'arrive pas à me connecté sous le Pseudo Lenile ._.
2015-04-09T20:54:11 <Lenile_Sharm> Amis du soir, bonsoir
2015-04-09T20:54:17 <lunayumii> Salut ^^
2015-04-09T20:54:36 <Lenile_Sharm> Bienvenu lunayumii ?
2015-04-09T20:54:42 <lunayumii> Merci :3
2015-04-09T20:56:01 <Lenile_Sharm> S'quoi cet IRC Bot sous Python ? e.ê
2015-04-09T20:57:12 <lunayumii> Le bot que adriens33 développe ^^
2015-04-09T20:57:25 <lunayumii> Si j'ai bien compris xD
2015-04-09T20:57:52 <Tsumenokage> re les gens
2015-04-09T20:58:01 <Tsumenokage> et salut Lenile_Sharm
2015-04-09T20:58:02 <lunayumii> re ^^
2015-04-09T20:58:25 <Tsumenokage> ouais python_ircbot c'est la V3 de Berry que dev adriens
2015-04-09T20:58:29 <Lenile_Sharm> Salut Tsume
2015-04-09T20:58:31 <Lenile_Sharm> Comment va ?
2015-04-09T20:58:37 <Lenile_Sharm> Ha j'vois
2015-04-09T20:58:38 <Tsumenokage> bien et toi ?
2015-04-09T20:58:43 <Lenile_Sharm> Bien bien
2015-04-09T20:58:46 <Lenile_Sharm> J'vie ma vie
2015-04-09T20:58:52 <Tsumenokage> quoi de neuf ?
2015-04-09T20:59:02 <Lenile_Sharm> Pas grand chose
2015-04-09T20:59:10 <Lenile_Sharm> J'vie solo depuis 2 semaines
2015-04-09T20:59:15 <Lenile_Sharm> Ma mère est partit
2015-04-09T20:59:20 <Lenile_Sharm> Elle reviens se Samedi
2015-04-09T20:59:35 <Tsumenokage> ah, tranquille alors ^^
2015-04-09T21:00:23 <adriens33> lunayumii> tout juste ^w^ c'est bien :]
2015-04-09T21:00:31 <adriens33> re Tsumenokage
2015-04-09T21:00:37 <adriens33> salut Lenile
2015-04-09T21:00:42 <Lenile_Sharm> Salut.
2015-04-09T21:00:54 <Lenile_Sharm> T'sais pas pourquoi j'peut pas me Connecté& avec mon ID de base ?
2015-04-09T21:02:03 <adriens33> non
2015-04-09T21:02:11 <adriens33> 2 secondes
2015-04-09T21:02:36 <Lenile_Sharm> Prend ton temps
2015-04-09T21:02:38 <Lenile_Sharm> J'fais le ménage
2015-04-09T21:02:45 <Lenile_Sharm> Je trouvais plus mon briquet
2015-04-09T21:02:48 <ChordsTackler> Re les gens ^^
2015-04-09T21:02:50 <Lenile_Sharm> Donc j'ai rangé toute la chambre
2015-04-09T21:02:52 <Tsumenokage> re ChordsTackler
2015-04-09T21:02:58 <Lenile_Sharm> Salut ChordsTackler
2015-04-09T21:04:02 <Lenile_Sharm> C'est un nouveau aussi ? o/
2015-04-09T21:04:02 <arthur33> ba y'a personne dans la banlist déjà
2015-04-09T21:04:08 <arthur33> yep
2015-04-09T21:04:17 <Lenile_Sharm> Bienvenu o/
2015-04-09T21:04:27 <Lenile_Sharm> On reçois trop de personne dans les periodes D'apres-Animasia o/
2015-04-09T21:04:48 <adriens33> oh, et y'a #bronycub-g33k pour parler info maintenant, pour éviter ce genre de flood sur le canal principal (dont je suis également responsable XD)
2015-04-09T21:05:02 <Lenile_Sharm> C'est à cause de mon Charisme, n'est-ce pas Tsumenokage ?
2015-04-09T21:05:11 <Lenile_Sharm> Okay'
2015-04-09T21:05:12 <lunayumii> C'est Tsumenokage qui m'a enrôlée :3
2015-04-09T21:05:14 <Lenile_Sharm> Toute façon Adri
2015-04-09T21:05:23 <Lenile_Sharm> à part toi personne ne peu gerer cet Irc
2015-04-09T21:05:25 <ChordsTackler> Lenile_Sharm : Merci ^^
2015-04-09T21:05:33 <Lenile_Sharm> Hawh
2015-04-09T21:05:51 <Lenile_Sharm> C'est moi qui est enroler Tsumenokage donc c'est comme si c'était moi qui t'avais enroler o/
2015-04-09T21:06:06 <lunayumii> Pas faux xD
2015-04-09T21:06:19 <lunayumii> Dont techniquement, t'as aussi enrôlé Tyrris et Yusei, qui se sont inscrits avant moi ^^
2015-04-09T21:06:39 <Lenile_Sharm> Exactement o/
2015-04-09T21:06:45 <Tsumenokage> ^^ eh t'attires pas tout le mérite non plus Lenile_Sharm :p
2015-04-09T21:06:57 <lunayumii> Attends, que je situe, c'est toi le parrain de Tsume ici ?
2015-04-09T21:07:01 <Lenile_Sharm> Tsumenokage un peu de respect pour ton parrain o/
2015-04-09T21:07:07 <lunayumii> ma réponse xD
2015-04-09T21:07:07 <Tsumenokage> yep c'est lui
2015-04-09T21:07:14 <lunayumii> Donc c'est bien toi qu'on a vu à Animasia :D
2015-04-09T21:07:15 <Tsumenokage> !muffin Lenile_Sharm
2015-04-09T21:07:19 <Lenile_Sharm> Malheureusement pour lui c'est moi o/
2015-04-09T21:07:22 <Tsumenokage> le voile ton respect :3
2015-04-09T21:07:23 <Lenile_Sharm> Faible
2015-04-09T21:07:26 <Tsumenokage> voila*
2015-04-09T21:07:31 <Lenile_Sharm> !muffins a Tsumenokage
2015-04-09T21:07:36 <Lenile_Sharm> !muffin a Tsumenokage
2015-04-09T21:07:41 <Lenile_Sharm> c:
2015-04-09T21:08:19 <Tsumenokage> en même tant tu triches toi en mettant le 'a' :p
2015-04-09T21:08:28 <Lenile_Sharm> C'est un fail touche C:
2015-04-09T21:08:40 <Tsumenokage> mouais ^^
2015-04-09T21:08:43 <Lenile_Sharm> J'vais te le prouvé C:
2015-04-09T21:08:47 <Lenile_Sharm> !muffin Tsumenokage
2015-04-09T21:08:51 <lunayumii> Au cas où tu te souviendrais, Tsume nous a présenté à toi à Animasia d'ailleurs :p j'étais la "peut-être future membre" xD
2015-04-09T21:08:56 <Lenile_Sharm> C'est toujours plus puissant que toi C:
2015-04-09T21:09:14 <Tsumenokage> !muffin Lenile_Sharm
2015-04-09T21:09:15 <Lenile_Sharm> "La" e.e
2015-04-09T21:09:18 <Lenile_Sharm> Je me-
2015-04-09T21:09:19 <Tsumenokage> :p
2015-04-09T21:09:21 <Lenile_Sharm> Enfoiré :C
2015-04-09T21:09:31 <Lenile_Sharm> Je me souvient de toutes les filles que j'ai croisé o/
2015-04-09T21:09:39 <Lenile_Sharm> Mais je me souvient pas de toi :C
2015-04-09T21:09:47 <Tsumenokage> mauvais :p
2015-04-09T21:09:48 <Lenile_Sharm> J'ai une mauvaise mémoire o/
2015-04-09T21:09:55 <lunayumii> Plus ou moins rousse, cosplay de Shingeki no kyojin o/
2015-04-09T21:09:56 <Lenile_Sharm> !muffin Tsumenokage
2015-04-09T21:09:58 <lunayumii> Mais c'pas grave
2015-04-09T21:09:59 <Lenile_Sharm> PD
2015-04-09T21:10:08 <lunayumii> au BGF je serai en Rainbow Dash, c'est plus reconnaissable ;D
2015-04-09T21:10:09 <Lenile_Sharm> Ha voila pourquoi o/
2015-04-09T21:10:14 <Lenile_Sharm> T'rop de SNK o/
2015-04-09T21:10:30 <Tsumenokage> moi en Soarin avec lunayumii pour le BGF ^^
2015-04-09T21:10:32 <Lenile_Sharm> Oukay ! Bah on se retrouvera surement avant la BGF o/
2015-04-09T21:10:35 <lunayumii> Le mien était pratiquement le seul fait main d'ailleurs, ça m'a étonné o_ô
2015-04-09T21:10:42 <Lenile_Sharm> Je serais travestit en Lenile moi o/
2015-04-09T21:10:44 <Lenile_Sharm> *fuis*
2015-04-09T21:10:52 <Tsumenokage> !muffin Lenile_Sharm
2015-04-09T21:10:58 <Lenile_Sharm> Faible ~
2015-04-09T21:11:00 <Lenile_Sharm> MWAHAHAAHAHA
2015-04-09T21:11:10 <ChordsTackler> https://www.youtube.com/watch?v=3PxCFRgXl6M tsumenokage et Lenile_Sharm
2015-04-09T21:11:21 <Tsumenokage> XD
2015-04-09T21:11:23 <Lenile_Sharm> xD
2015-04-09T21:11:27 <Tsumenokage> tu en veux aussi
2015-04-09T21:11:31 <Lenile_Sharm> !muffin ChordsTackler
2015-04-09T21:11:31 <Tsumenokage> !muffin ChordsTackler
2015-04-09T21:11:37 <Lenile_Sharm> WOOOHOOOOOO o/
2015-04-09T21:11:47 <lunayumii> Vas-y Chords ! Attrape-les et mange-les ! :D
2015-04-09T21:11:50 <Lenile_Sharm> Tape m'en 5 o/
2015-04-09T21:12:00 <Tsumenokage> o
2015-04-09T21:12:17 <Lenile_Sharm> o/*o
2015-04-09T21:12:17 <ChordsTackler> Plein de petit smiley nazi => o/
2015-04-09T21:12:34 <ChordsTackler> :3
2015-04-09T21:12:37 <Tsumenokage> Point Godwin atteint pour aujourd'hui merci ChordsTackler
2015-04-09T21:12:38 <Lenile_Sharm> :c
2015-04-09T21:12:47 <ChordsTackler> !muffin Tsumenokage
2015-04-09T21:12:58 <Lenile_Sharm> !muffin Tsumenokage
2015-04-09T21:12:59 * Tsumenokage attrape le muffin en plein vole et le mange
2015-04-09T21:13:05 <Lenile_Sharm> Vous êtes des faibles
2015-04-09T21:13:16 <Lenile_Sharm> Technique du double muffins de l'ombre !
2015-04-09T21:13:19 <lunayumii> Quelqu'un a dit "manger" ? :3
2015-04-09T21:13:33 <Lenile_Sharm> Me reste une moitiée de pizza pour me nourrir dailleur
2015-04-09T21:13:33 <lunayumii> Double muffins ? Un pour chaqua joue ? :D
2015-04-09T21:13:35 <lunayumii> *chaque
2015-04-09T21:13:49 <Lenile_Sharm> J'sent elle va restée sur le coté du meuble et je la réchauferais demain o/
2015-04-09T21:13:51 <Tsumenokage> aprçs Berry qui réagit à l'alcool, lunayumii qui réagit au mot 'manger' ^^
2015-04-09T21:13:58 <Tsumenokage> on sait Berry, on sait
2015-04-09T21:14:12 <Lenile_Sharm> manger o/
2015-04-09T21:14:13 <lunayumii> Je réagis quasi toujours à "manger" :3
2015-04-09T21:14:17 <Tsumenokage> XD
2015-04-09T21:14:21 <lunayumii> Là ! Je l'avais senti arriver !
2015-04-09T21:14:26 <Lenile_Sharm> Vient me manger ♥ *fuis*
2015-04-09T21:14:38 <lunayumii> J'ai déjà du riz sur le feu :3
2015-04-09T21:14:47 <Lenile_Sharm> Le manque de fille dans BronyCUB m'attein o/
2015-04-09T21:15:03 <lunayumii> (J'suis la copine de Tyrris, j'ai déjà un garde-manger :D )
2015-04-09T21:19:03 <Lenile_Sharm> Pas grave o/
2015-04-09T21:19:06 <Lenile_Sharm> J'ai un Harem o/
2015-04-09T21:19:30 <ChordsTackler> un harem ? vraiment ? ^^
2015-04-09T21:19:31 <Tsumenokage> et tu partages pas avec ton filleul ? :3
2015-04-09T21:19:44 <ChordsTackler> Moi j'ai une ferme c'est pareil nan ?
2015-04-09T21:20:22 <Tsumenokage> au faite ChordsTackler c'est quoi le site dont tu m'a parlé a midi avec les tablatures mlp ?
2015-04-09T21:20:37 <Tsumenokage> (j'ai oublié le nom ^^')
2015-04-09T21:20:39 <ChordsTackler> http://www.everyponysings.com/
2015-04-09T21:20:41 <ChordsTackler> ^^
2015-04-09T21:20:42 <Tsumenokage> thx
2015-04-09T21:21:02 <ChordsTackler> t'inquiète ^^
2015-04-09T21:21:30 <lunayumii> J'prends pas part aux harems mais j'fais Free Hugs permanent :D
2015-04-09T21:21:35 <lunayumii> (2h de retard, je sais)
2015-04-09T21:21:51 <Lenile_Sharm> J'commence de plus en plus à devenir comme Lenile :c
2015-04-09T21:22:04 *** python_ircbot est parti
2015-04-09T21:22:05 <Fidzu> re
2015-04-09T21:22:10 <Tsumenokage> re Fidzu
2015-04-09T21:22:19 <ChordsTackler> re ^^
2015-04-09T21:22:24 <Tsumenokage> tient le bot a crash ^^
2015-04-09T21:22:57 <lunayumii> re ^^
2015-04-09T21:25:01 <Lenile_Sharm> Salut Fidzu
2015-04-09T21:25:10 <Fidzu> lu
2015-04-09T21:33:37 *** python_ircbot s'est connecté
2015-04-09T21:33:43 *** python_ircbot est parti
2015-04-09T21:34:50 <adriens33> t.t
2015-04-09T21:36:42 <adriens33> Tsumenokage> parce que j'ai oublié une modif dans un module
2015-04-09T21:36:46 *** python_ircbot s'est connecté
2015-04-09T21:36:57 <adriens33> test ?
2015-04-09T21:37:12 * adriens33 croise doublement les doigts *
2015-04-09T21:38:06 <adriens33> @stop
2015-04-09T21:38:25 <adriens33> fuck ><
2015-04-09T21:38:30 *** python_ircbot est parti
2015-04-09T21:42:10 *** python_ircbot s'est connecté
2015-04-09T21:42:14 <adriens33> @stop
2015-04-09T21:42:38 *** python_ircbot est parti
2015-04-09T21:42:45 <Lenile_Sharm> @start
2015-04-09T21:42:52 <Lenile_Sharm> 8D
2015-04-09T21:44:04 <adriens33> nop
2015-04-09T21:44:08 *** python_ircbot s'est connecté
2015-04-09T21:44:16 <adriens33> @fuck
2015-04-09T21:44:37 <adriens33> bordel il lance meme pas la fonction associée a l'event...
2015-04-09T21:44:39 <adriens33> ><
2015-04-09T21:44:51 *** python_ircbot est parti
2015-04-09T21:44:55 <Lenile_Sharm> Test test
2015-04-09T21:45:11 <Lenile_Sharm> Ma connection qui bug c'est magique$
2015-04-09T21:45:18 <adriens33> loule
2015-04-09T21:46:18 *** Lenile_Sharm est parti
2015-04-09T21:47:11 *** python_ircbot s'est connecté
2015-04-09T21:47:12 <adriens33> $hello
2015-04-09T21:47:16 <adriens33> @hello
2015-04-09T21:47:35 *** python_ircbot est parti
2015-04-09T21:49:24 *** python_ircbot s'est connecté
2015-04-09T21:49:26 <adriens33> @hello
2015-04-09T21:49:38 *** python_ircbot est parti
2015-04-09T21:51:15 *** python_ircbot s'est connecté
2015-04-09T21:51:16 <adriens33> @hello
2015-04-09T21:51:30 *** python_ircbot est parti
2015-04-09T21:52:27 <Fidzu> #spam
2015-04-09T21:53:43 <adriens33> putain j'suis vraiment trop con..
2015-04-09T21:53:56 <adriens33> au lieu de vérifier que  la commande débutait bien par le caractère @
2015-04-09T21:54:04 <adriens33> il vérifiait que toute la commande était @
2015-04-09T21:55:13 <adriens33> dsl pour le spam, je vais faire mes tests sur l'autre chan
2015-04-09T21:58:59 <Fidzu> bon j'go matter interstellar
2015-04-09T21:59:06 <Fidzu> a+ les gens
2015-04-09T21:59:09 <adriens33> ++
2015-04-09T21:59:14 *** Fidzu est parti
2015-04-09T22:11:02 <ChordsTackler> Bon j'vais dormir moi Salut ;D
2015-04-09T22:11:09 *** ChordsTackler est parti
2015-04-09T22:23:26 <lunayumii> ça donne mal au cou de rester penchée sur mes cours x_x
2015-04-09T22:25:13 <adriens33> bah colle les au mur
2015-04-09T22:25:16 <adriens33> :]
2015-04-09T22:25:18 <Tsumenokage> ^^
2015-04-09T22:25:25 <Tsumenokage> pas bète
2015-04-09T22:25:32 <lunayumii> J'écris des fiches en même temps x)
2015-04-09T22:25:43 <lunayumii> (et j'ai déjà 2 fiches calées contre mon 2ème écran, en fait XD)
2015-04-09T22:28:46 <lunayumii> Avec un peu de place pour la vidéo d'une chanson MLP fanmade que j'écoute un boucle, pile entre les 2 feuilles :3
2015-04-09T22:29:01 <Tsumenokage> ^^
2015-04-09T22:31:24 *** yusei24130 s'est connecté
2015-04-09T22:31:31 <yusei24130> re
2015-04-09T22:31:42 <lunayumii> re ^^
2015-04-09T22:31:44 <Tsumenokage> re
2015-04-09T22:33:33 <adriens33> re
2015-04-09T22:33:42 <adriens33> okay lunayumii XD
2015-04-09T22:50:30 <lunayumii> Bon, je déco, je vais finir mes dernières pages puis dodo
2015-04-09T22:50:33 <lunayumii> Nenuit tout le monde ^^
2015-04-09T22:50:44 *** lunayumii est parti
2015-04-09T22:50:45 <Tsumenokage> Nenuit
2015-04-09T22:50:50 <yusei24130> bonne nuit
2015-04-09T22:59:14 *** python_ircbot s'est connecté
2015-04-09T23:03:40 *** python_ircbot est parti
2015-04-09T23:05:26 *** python_ircbot s'est connecté
2015-04-09T23:05:46 <yusei24130> bye
2015-04-09T23:05:52 <Tsumenokage> bye
2015-04-09T23:05:54 *** python_ircbot est parti
2015-04-09T23:05:56 *** yusei24130 est parti
2015-04-09T23:06:58 *** python_ircbot s'est connecté
2015-04-09T23:06:58 *** python_ircbot est parti
2015-04-09T23:07:26 *** python_ircbot s'est connecté
2015-04-09T23:07:26 *** python_ircbot est parti
2015-04-09T23:08:06 *** python_ircbot s'est connecté
2015-04-09T23:08:13 *** python_ircbot est parti
2015-04-09T23:08:39 *** python_ircbot s'est connecté
2015-04-09T23:09:04 *** python_ircbot est parti
2015-04-09T23:13:58 *** python_ircbot s'est connecté
2015-04-09T23:17:17 *** python_ircbot est parti
2015-04-09T23:21:41 *** python_ircbot s'est connecté
2015-04-09T23:21:45 *** python_ircbot est parti
2015-04-09T23:22:43 *** python_ircbot s'est connecté
2015-04-09T23:22:54 *** python_ircbot est parti
2015-04-09T23:23:45 *** python_ircbot s'est connecté
2015-04-09T23:24:02 *** python_ircbot est parti
