2015-01-20T00:52:36 *** ELiDYROS s'est connecté
2015-01-20T01:09:47 *** ELiDYROS_ s'est connecté
2015-01-20T01:11:27 *** ELiDYROS est parti
2015-01-20T01:22:31 *** ELiDYROS s'est connecté
2015-01-20T01:25:17 *** ELiDYROS_ est parti
2015-01-20T01:25:55 *** ELiDYROS_ s'est connecté
2015-01-20T01:27:43 *** ELiDYROS est parti
2015-01-20T01:33:03 *** ELiDYROS s'est connecté
2015-01-20T01:35:53 *** ELiDYROS_ est parti
2015-01-20T01:37:46 *** ELiDYROS_ s'est connecté
2015-01-20T01:40:11 *** ELiDYROS est parti
2015-01-20T01:43:35 *** ELiDYROS_ est parti
2015-01-20T01:48:46 *** ELiDYROS s'est connecté
2015-01-20T01:55:16 *** ELiDYROS_ s'est connecté
2015-01-20T01:58:19 *** ELiDYROS est parti
2015-01-20T01:58:39 *** ELiDYROS s'est connecté
2015-01-20T01:59:09 *** ELiDYROS est parti
2015-01-20T02:01:07 *** ELiDYROS_ est parti
2015-01-20T06:22:18 *** ELiDYROS s'est connecté
2015-01-20T08:58:13 *** Gordfang s'est connecté
2015-01-20T08:58:28 <Gordfang> yo eli
2015-01-20T09:09:53 <ELiDYROS> Salut Gordfang
2015-01-20T09:10:43 <Gordfang> ca va?
2015-01-20T09:11:36 <ELiDYROS> Oui et toi ?
2015-01-20T09:14:15 <Gordfang> trankilou
2015-01-20T11:33:57 *** ELiDYROS est parti
2015-01-20T11:42:41 *** Gordfang est parti
2015-01-20T12:16:53 *** ELiDYROS s'est connecté
2015-01-20T12:22:46 *** adriens33 s'est connecté
2015-01-20T12:39:28 *** ELiDYROS_ s'est connecté
2015-01-20T12:42:07 *** ELiDYROS est parti
2015-01-20T12:46:01 *** ELiDYROS_ est parti
2015-01-20T13:01:44 *** ELiDYROS s'est connecté
2015-01-20T13:31:12 <ELiDYROS> J'ai reperdu internet o/
2015-01-20T13:31:34 <adriens33> salut^^
2015-01-20T13:31:45 <adriens33> quelle chance dis donc
2015-01-20T13:32:05 <ELiDYROS> Hier soir j'avais trouvé un profile qui fonctionnait avec un bon ping
2015-01-20T13:32:12 <ELiDYROS> et y a 30 min il marchait plus
2015-01-20T13:32:14 <ELiDYROS> voilà
2015-01-20T13:32:33 <adriens33> parce que le bruit sur la ligne change au cours de la journée
2015-01-20T13:33:06 <adriens33> moi ça désynchro tous les soirs pour une vitesse légèrement plus faible que la journée (après le matin ça revient)
2015-01-20T13:33:25 <adriens33> (bon faut dire aussi que j'ai 35m d'antenne radio sur ma ligne, ça aide pas)
2015-01-20T13:33:50 <adriens33> putain à tous les coups c'est le lampadaire a coté du poteau téléphonique qui me bruite o.o
2015-01-20T13:40:24 <ELiDYROS> Pourtant j'ai pris le profile avec la réduction du bruit
2015-01-20T13:41:23 <adriens33> bah c'est que t'as pas encore assez de marge signal bruit alors^^
2015-01-20T13:43:51 <ELiDYROS> Enfin bon du coup je fais mumuse avec de l'émulation de PC 98
2015-01-20T13:44:49 <adriens33> ^^
2015-01-20T13:46:10 <ELiDYROS> le détail marrant c'est que l'émulateur simule le bruit de la disquette
2015-01-20T13:47:37 *** TrappyTickles s'est connecté
2015-01-20T13:50:59 <adriens33> sympa XD
2015-01-20T13:51:03 <adriens33> Hello TrappyTickles
2015-01-20T14:09:01 *** ELiDYROS_ s'est connecté
2015-01-20T14:09:05 *** adriens331 s'est connecté
2015-01-20T14:09:21 *** ELiDYROS_ est parti
2015-01-20T14:09:24 *** Guest4658 est parti
2015-01-20T14:11:54 *** ELiDYROS est parti
2015-01-20T14:38:43 *** ELiDYROS s'est connecté
2015-01-20T14:40:21 *** ELiDYROS_ s'est connecté
2015-01-20T14:41:13 *** ELiDYROS_ est parti
2015-01-20T14:43:29 *** ELiDYROS est parti
2015-01-20T15:18:39 *** adriens33 est parti
2015-01-20T15:25:03 *** ELiDYROS s'est connecté
2015-01-20T16:00:17 *** ELiDYROS_ s'est connecté
2015-01-20T16:03:09 *** ELiDYROS est parti
2015-01-20T16:10:00 *** adriens33 s'est connecté
2015-01-20T16:40:05 *** ELiDYROS_ est parti
2015-01-20T16:46:36 *** adriens33 est parti
2015-01-20T17:52:16 *** ELiDYROS s'est connecté
2015-01-20T18:49:00 *** MaCharon s'est connecté
2015-01-20T19:12:09 *** adriens33 s'est connecté
2015-01-20T21:02:34 *** ELiDYROS est parti
2015-01-20T21:56:52 *** ELiDYROS s'est connecté
2015-01-20T21:57:47 <ELiDYROS> re
2015-01-20T22:26:25 <adriens33> re
2015-01-20T23:37:59 *** ELiDYROS est parti
