2015-01-31T00:16:13 *** MaCharon est parti
2015-01-31T00:20:11 *** Lenile est parti
2015-01-31T00:29:26 *** Gordfang est parti
2015-01-31T00:46:41 <Elvon> alors  tu a trouvé ? ELiDYROS
2015-01-31T00:51:15 <ELiDYROS> A priori on peut pas faire d'équipe en ligne
2015-01-31T00:53:02 <ELiDYROS> Bon tant pis du coup
2015-01-31T00:54:17 <Elvon> a daccord
2015-01-31T00:54:30 <Elvon> je vais arréter pour ce soir merci ^^
2015-01-31T00:54:38 <ELiDYROS> Ok comme tu veux ;)
2015-01-31T00:55:03 <Elvon> a plus tard tout le monde je vais pas tarder a dormir :3 a plus tard ELiDYROS
2015-01-31T00:55:37 <Elvon> Oyasuminasai Everyponies
2015-01-31T00:55:40 *** Elvon est parti
2015-01-31T01:13:42 *** adriens33 est parti
2015-01-31T02:00:16 *** ELiDYROS est parti
2015-01-31T06:16:57 *** adriens33 s'est connecté
2015-01-31T06:39:05 *** adriens33 est parti
2015-01-31T09:15:26 *** adriens33 s'est connecté
2015-01-31T11:05:43 *** heuzef s'est connecté
2015-01-31T11:06:07 *** heuzef est parti
2015-01-31T11:47:51 *** ELiDYROS s'est connecté
2015-01-31T11:58:18 *** TrappyTickles s'est connecté
2015-01-31T13:22:37 *** Elvon s'est connecté
2015-01-31T13:26:12 <Elvon> Bonjour les Gens ! (dans le détail : bonjour à Gens-adriens33, Gens-ELiDYROS, Gens-TrappyTickles, sans oubliée Geannes-Berry-Punch)
2015-01-31T13:26:23 <adriens33> Salut tout le monde :)
2015-01-31T13:26:44 <adriens33> (c'est bien Elvon t'as compris le truc pour faire venir les gens XD)
2015-01-31T13:26:55 <Elvon> ^^
2015-01-31T13:27:15 <adriens33> mais Berry-Punch  comprend pas si tu met quelque chose d'autre dans son nom
2015-01-31T13:27:18 <adriens33> Berry?
2015-01-31T13:27:23 <adriens33> Berry-Punch?
2015-01-31T13:27:25 <adriens33> ah.
2015-01-31T13:27:32 <adriens33> oublie ce que j'ai dit^^
2015-01-31T13:27:47 <Elvon> Qui a t-il de beaux et poilus en ce samedi 31 Janvier ?
2015-01-31T13:28:12 <Elvon> Berry-Punch j'ai perdu ma bière tu l'aurais pas bus quand même ?
2015-01-31T13:28:17 <adriens33> XD
2015-01-31T13:28:31 <adriens33> Elvon: tu tends la perche pour une blague douteuse, là non ? XD
2015-01-31T13:28:44 <Elvon> non c'est pas vrais ?
2015-01-31T13:28:48 <Elvon> ^^
2015-01-31T13:28:48 <adriens33> :P
2015-01-31T13:44:04 *** heuzef s'est connecté
2015-01-31T13:44:05 <heuzef> Yop =)
2015-01-31T13:44:16 <heuzef> J'avais pas vu que tu été co Elvon
2015-01-31T13:44:26 <heuzef> RdV pour 15h au calice donc
2015-01-31T13:44:39 <Elvon> j'ai repondu par sms
2015-01-31T13:44:48 <heuzef> :P
2015-01-31T13:45:04 <Elvon> j'habite pas loind gambeta j'en ai pour maximum 35min pour arriver a calice
2015-01-31T13:45:34 <heuzef> dac
2015-01-31T13:46:01 <Elvon> par contre ça tombe bien que ce soit l'après-midi et non le soir parce que j'ai juste les thune pour l'entrée du qg
2015-01-31T13:46:39 <heuzef> T'en fait pas si t'es à l'€ prêt tu te fera dépanner hein
2015-01-31T13:48:04 <Elvon> vouais mais c'est chiant d'être pauvre et de pas toruver de boulot ... --" bref on ce voit tout a l'heure du coup ?
2015-01-31T13:48:07 <Elvon> ;p
2015-01-31T13:48:29 <heuzef> yep
2015-01-31T13:51:53 *** heuzef est parti
2015-01-31T14:02:03 <Elvon> chousss les gens bonne Game a vous et pour ce qui bosse ... je sais pas quoi leur dire ^^
2015-01-31T14:02:05 *** Elvon est parti
2015-01-31T14:32:50 *** Gordfang s'est connecté
2015-01-31T14:32:52 <Gordfang> yo
2015-01-31T14:44:29 <ELiDYROS> Salut
2015-01-31T14:50:26 *** adriens33 est parti
2015-01-31T14:52:51 *** ELiDYROS est parti
2015-01-31T14:54:30 *** ELiDYROS s'est connecté
2015-01-31T15:28:14 *** adriens33 s'est connecté
2015-01-31T15:29:15 <adriens33> hello Gordfang et ELiDYROS :3
2015-01-31T15:29:20 <adriens33> (et TrappyTickles
2015-01-31T15:29:21 <adriens33> )
2015-01-31T15:29:22 <Gordfang> yo adrien
2015-01-31T15:29:37 <ELiDYROS> hello
2015-01-31T15:29:42 <adriens33> vive le hfc
2015-01-31T15:29:58 <adriens33> pour 5€ y'a de quoi faire 2 repas presque XD
2015-01-31T15:55:07 *** Gordfang est parti
2015-01-31T16:15:07 <ELiDYROS> Déjà quand je vois la cochonnerie que met KFC j'ose pas imaginer un autre à 5€
2015-01-31T16:44:36 *** Gordfang s'est connecté
2015-01-31T16:48:38 *** Gordfang est parti
2015-01-31T17:26:19 *** DarkNight5047 s'est connecté
2015-01-31T17:26:41 <DarkNight5047> sup
2015-01-31T17:29:13 <adriens33> hello DarkNight5047
2015-01-31T17:29:41 <DarkNight5047> incroyable ça doit etre la première fois qu'on me répond en moins de 10min xD
2015-01-31T17:31:29 <adriens33> bah les gens font autre chose, comme ça discute pas beaucoup, donc du coup forcément…
2015-01-31T17:31:48 <adriens33> et si tu veux parler à quelqu'un en particulier tu mentionne son pseudo en entier
2015-01-31T17:32:01 <adriens33> la plupart des clients irc (dont kiwiirc) vont le signaler
2015-01-31T17:32:12 <DarkNight5047> je voie
2015-01-31T17:32:21 <adriens33> (ça s'appelle le highlight)
2015-01-31T17:32:34 <DarkNight5047> de toute façon moi aussi je fais autre chose en meme temps xD
2015-01-31T17:32:38 <adriens33> ^^
2015-01-31T17:32:42 <adriens33> comme tout le monde en fait :p
2015-01-31T17:32:48 <DarkNight5047> c'est ça
2015-01-31T17:38:48 <adriens33> je re
2015-01-31T17:38:56 *** adriens33 est parti
2015-01-31T18:12:26 *** DarkNight5047 est parti
2015-01-31T18:22:37 *** adriens33 s'est connecté
2015-01-31T18:54:23 <ELiDYROS> @son_pseudo
2015-01-31T18:54:29 <ELiDYROS> ça ne fonctionne pas adriens33
2015-01-31T18:54:41 <adriens33> ...
2015-01-31T18:54:46 <adriens33> bah si
2015-01-31T18:54:54 <ELiDYROS> *blague*
2015-01-31T18:54:56 <adriens33> faut pas écrire « son pseudo »
2015-01-31T18:54:56 <adriens33> ah.
2015-01-31T18:55:06 <adriens33> XD
2015-01-31T18:55:17 <ELiDYROS> comme quand le mot "dis" sort dans une phrase
2015-01-31T18:57:30 <ELiDYROS> Quoiqu'il en soit je suis un gros caca en motion gaming
2015-01-31T18:57:42 <ELiDYROS> Metroid Prime à la wiimote je suis nul
2015-01-31T19:04:08 <adriens33> ah^^"
2015-01-31T19:21:27 <TrappyTickles> moi j'y arrive mieux à la wiimote qu'avec une manette
2015-01-31T19:21:55 <TrappyTickles> et non je l'ai pas pris sur wii U, j'ai déjà la trilogie au format wii. et a moins que ce soit un remake en hd... :p
2015-01-31T19:55:15 *** adriens33 est parti
2015-01-31T20:00:50 *** adriens33 s'est connecté
2015-01-31T20:41:08 <ELiDYROS> Je trouve la wiimote pas assez réactif comparé à une manette
2015-01-31T20:43:14 <ELiDYROS> ça doit dépendre des gens, comme stick ou manette pour les jeux de fight
2015-01-31T21:24:54 <TrappyTickles> t'arrives à viser précisément sans galérer avec un stick?
2015-01-31T21:25:23 <TrappyTickles> pas moi entk.. il me faut clavier/souris ou wiimote/nunchuk minimum pour ça
2015-01-31T21:35:34 <ELiDYROS> Non stick arcade pour les jeux de fight sinon oui fps je joue sur PC
2015-01-31T21:35:40 <ELiDYROS> Mais Prime c'est pas vraiment un fps
2015-01-31T21:35:46 <ELiDYROS> Bon je dois déco
2015-01-31T21:35:48 <ELiDYROS> à tout
2015-01-31T21:35:54 *** ELiDYROS est parti
