2015-03-24T00:32:55 *** Fidzu est parti
2015-03-24T03:16:24 *** MaCharon est parti
2015-03-24T08:18:48 *** wildfier s'est connecté
2015-03-24T08:19:35 *** wildfier est parti
2015-03-24T08:20:37 *** wildfier s'est connecté
2015-03-24T08:52:56 *** Gordfang s'est connecté
2015-03-24T08:54:47 <wildfier> salut
2015-03-24T08:56:29 <Gordfang> salut
2015-03-24T08:56:36 <Gordfang> tu vient plus souvent matthias c 'est fou ^^
2015-03-24T08:56:57 <wildfier> wildfier s'il te plait, c'est publique ici ^^
2015-03-24T08:57:05 <wildfier> et oui
2015-03-24T08:57:11 <Gordfang> d'acc wildfier ^^
2015-03-24T08:57:29 <wildfier> j'ai pris l'habitude de mettre un irc au moins en arrière plan
2015-03-24T08:57:41 <Gordfang> en attendant n'importe qui un peu dégourdie peut trouver ton nom sur BC XD
2015-03-24T08:57:48 <wildfier> je rate des parfois des trucs mais je suis là ^^
2015-03-24T08:58:04 <Gordfang> k
2015-03-24T08:58:08 <wildfier> oui et la prochaine version sera là pou régler ce ob
2015-03-24T08:58:11 <wildfier> pb*
2015-03-24T08:58:14 <wildfier> pour*
2015-03-24T08:58:21 <wildfier> (je tappe trop vite …)
2015-03-24T08:58:34 <wildfier> bon,
2015-03-24T08:58:42 <wildfier> re dans quelques minutes
2015-03-24T08:58:51 <wildfier> (faut aller au taf ^^(
2015-03-24T08:58:52 <wildfier> )*
2015-03-24T08:59:11 <Gordfang> k a tte
2015-03-24T09:03:48 *** wildfier est parti
2015-03-24T09:07:39 *** heuzef s'est connecté
2015-03-24T09:09:48 <Gordfang> tiens heuzef ca va?
2015-03-24T09:10:05 <heuzef> Reçu mes SMS ?
2015-03-24T09:10:21 <Gordfang> yep
2015-03-24T09:10:27 <Gordfang> comment ca évolue?
2015-03-24T09:10:34 <heuzef> mal
2015-03-24T09:10:44 <Gordfang> (mon sms est pas partie ><)
2015-03-24T09:10:49 <Gordfang> aie
2015-03-24T09:10:55 <Gordfang> tu veut en parler?
2015-03-24T09:11:32 <heuzef> Je préfère revenir vers vous
2015-03-24T09:12:03 <Gordfang> k, dis moi si tu veut du soutien
2015-03-24T09:16:11 *** wildfier s'est connecté
2015-03-24T09:17:12 *** wildfier est parti
2015-03-24T09:18:07 *** wildfier s'est connecté
2015-03-24T09:18:26 <wildfier> re
2015-03-24T09:25:59 <Gordfang> re
2015-03-24T09:48:45 *** Shinsaber s'est connecté
2015-03-24T09:48:50 <Gordfang> yo Shinsaber
2015-03-24T09:48:53 <Shinsaber> salut !
2015-03-24T09:53:16 *** Fidzu s'est connecté
2015-03-24T09:53:36 <Fidzu> Plop
2015-03-24T09:54:14 <Shinsaber> lu Fidzu
2015-03-24T09:55:36 <Fidzu> C'est  tellement bien de commencer Les cours a 12h !!
2015-03-24T09:55:40 *** TrappyTickles s'est connecté
2015-03-24T09:57:25 <wildfier> salut Shinsaber, Fidzu
2015-03-24T10:12:18 <Fidzu> Normalement tout le monde a reçu le mail pour l'évent du 4. Si vous avez des questions, je suis la
2015-03-24T10:14:07 <wildfier> Perso je sais pas encore ce que je ferai pour le 4. Je verrai probablement en fonction de ce que fait Shinsaber.
2015-03-24T10:15:44 <Shinsaber> moi le 4 j'ai ma sœur qui passe à Bordeaux, et comme je sais pas à quel heur est l'épisode je suis pas sur de venir ^^
2015-03-24T10:18:14 <Fidzu> Apres 19h30 l'épisode
2015-03-24T10:19:38 <Shinsaber> Je dois voir avec ma sœur comment on va s’organiser, mais je sais pas si je vais pouvoir ^^
2015-03-24T10:20:24 <Fidzu> :(
2015-03-24T10:20:51 <Shinsaber> il y aura pas qu'un seul épisode ^^
2015-03-24T10:22:16 <Fidzu> Le 1er ep sera en 2 partie ?
2015-03-24T10:22:25 <wildfier> comme d'hab je pense oui
2015-03-24T10:22:53 <wildfier> et s'ils font comme pour la saison 4, les 2 premiers seront diffusé l'un après l'autre
2015-03-24T10:22:58 <wildfier> le même jour
2015-03-24T10:24:19 <wildfier> Shinsaber: je viens de t'envoyer un pm, tu l'as reçu ou mon client irc fait n'importe quoi ?
2015-03-24T10:24:41 <Fidzu> The fun will be doubled
2015-03-24T10:24:45 <wildfier> ^^
2015-03-24T10:26:42 *** heuzef est parti
2015-03-24T10:27:24 *** heuzef s'est connecté
2015-03-24T10:28:43 <Gordfang> re
2015-03-24T11:16:49 *** heuzef est parti
2015-03-24T12:28:07 <wildfier> re après manger les gens :)
2015-03-24T12:30:49 <Fidzu> Re
2015-03-24T12:32:57 *** wildfier est parti
2015-03-24T12:34:22 <Shinsaber> bon moi aussi je vais manger, mais je reste co ^^
2015-03-24T13:02:53 *** adriens33 s'est connecté
2015-03-24T13:04:33 <adriens33> salut tout le monde
2015-03-24T13:05:53 <Fidzu> Lu
2015-03-24T13:06:44 <Fidzu> adriens33 faudras que tu m'envoie la photo si tu l'a toujours ^^
2015-03-24T13:07:20 <adriens33> de ?
2015-03-24T13:07:37 <Fidzu> Twili et moi
2015-03-24T13:11:02 <adriens33> oh
2015-03-24T13:11:35 <Fidzu> Tu l'a plus ?
2015-03-24T13:12:10 <adriens33> si nah mais je me souvenais plus que j'avais fais des photos ><
2015-03-24T13:12:38 <Fidzu> XD
2015-03-24T13:13:36 <Fidzu> Ta mon num ?
2015-03-24T13:14:14 <adriens33> nah pas besoin, je vais upload les images sur mon serveur, je te donne le lien après tu as juste as les dl comme ça
2015-03-24T13:14:29 <Fidzu> OK OK
2015-03-24T13:24:40 <adriens33> http://www.art-software.fr/apps/bozon/uploads/2015-03-21.zip
2015-03-24T13:26:48 *** wildfier s'est connecté
2015-03-24T13:27:37 <Shinsaber> re
2015-03-24T13:27:37 <wildfier> re
2015-03-24T13:27:44 <wildfier> quel sens du timing
2015-03-24T13:28:11 <Shinsaber> pour 13h30 ^^
2015-03-24T13:28:15 <Fidzu> Ré
2015-03-24T13:28:28 <wildfier> j'ai l'habitude de revenir vers 2h ^^
2015-03-24T13:28:54 <Fidzu> adriens33 Merci
2015-03-24T13:30:33 <adriens33> de rien Fidzu
2015-03-24T13:50:07 *** Gordfang est parti
2015-03-24T14:20:37 *** heuzef s'est connecté
2015-03-24T14:24:58 *** heuzef est parti
2015-03-24T14:46:23 *** Fidzu1 s'est connecté
2015-03-24T14:47:47 *** Fidzu est parti
2015-03-24T15:31:14 *** adriens33 est parti
2015-03-24T15:42:57 *** MaCharon s'est connecté
2015-03-24T17:10:30 *** TrappyTickles est parti
2015-03-24T17:12:51 *** TrappyTickles s'est connecté
2015-03-24T17:23:03 *** Fidzu est parti
2015-03-24T17:29:36 *** Fidzu s'est connecté
2015-03-24T17:40:01 *** Shinsaber est parti
2015-03-24T18:04:20 *** wildfier est parti
2015-03-24T18:31:03 *** Fidzu est parti
2015-03-24T18:31:23 *** flutterbrony s'est connecté
2015-03-24T18:31:33 *** Fidzu s'est connecté
2015-03-24T18:33:31 *** flutterbrony est parti
2015-03-24T18:37:40 *** Fidzu est parti
2015-03-24T18:42:46 *** Fidzu s'est connecté
2015-03-24T18:48:31 *** MaCharon est parti
2015-03-24T19:01:20 *** ELiDYROS s'est connecté
2015-03-24T19:06:28 *** ELiDYROS est parti
2015-03-24T19:07:01 *** TrappyTickles est parti
2015-03-24T19:09:43 *** TrappyTickles s'est connecté
2015-03-24T19:24:34 *** wildfier s'est connecté
2015-03-24T19:25:10 *** wildfier est parti
2015-03-24T19:25:28 *** wildfier s'est connecté
2015-03-24T19:29:02 <wildfier> re
2015-03-24T21:54:49 *** Elvon s'est connecté
2015-03-24T21:55:01 <wildfier> yop Elvon
2015-03-24T21:55:22 <Elvon> Bonsoir tout les gens
2015-03-24T21:55:48 <Fidzu> pourquoi ? https://s-media-cache-ak0.pinimg.com/736x/22/54/5f/22545ff04b354d826e53e0e022a9b59f.jpg
2015-03-24T21:56:52 <wildfier> oui je l'ai vu tt à l'heure
2015-03-24T21:58:22 <Elvon> parce qu'en musique qui reste dan la tête ce générique est Horible (par contre faut arriver à l'avoir dans la tête)
2015-03-24T21:58:36 <Fidzu> moi j'ai le aaaa de sb dans la tete ...
2015-03-24T21:59:05 <Fidzu> bon pour le moment, j'en compte que 4 pour le 4
2015-03-24T21:59:58 <Elvon> Moi je dit que May the Fourth be with you!
2015-03-24T22:00:32 <Fidzu> merci senpai
2015-03-24T22:00:43 <wildfier> ^^
2015-03-24T22:01:09 <Elvon> Sempai! mais de rien
2015-03-24T22:03:41 <Elvon> si je suis ton sempai celà veux dire que tu es mon kôhai.
2015-03-24T22:04:27 <wildfier> ça commence à prendre une tournure particulière là ^^
2015-03-24T22:05:05 <Elvon> Nop
2015-03-24T22:05:34 <wildfier> j'ai pas précisé laquelle ^^
2015-03-24T22:09:02 <Elvon> Mouais
2015-03-24T22:09:25 <Elvon> perso pour le moment je suis sur Swtor
2015-03-24T22:10:21 <wildfier> et moi je vais vous laisser pour aller lire, à plus
2015-03-24T22:10:25 *** wildfier est parti
2015-03-24T22:13:27 <Elvon> bonne nuit moi aussi j'y go ++
2015-03-24T22:13:30 *** Elvon est parti
2015-03-24T23:44:39 *** Fidzu est parti
2015-03-24T23:58:42 <TrappyTickles> j'ai l'impression que mon rpg de mlp attire les neuneus
2015-03-24T23:59:56 <TrappyTickles> c'est si compliqué que ça de cliquer sur le gros bouton vert "download" sur mediafire?
