2015-03-20T00:02:32 *** TrappyTickles est parti
2015-03-20T01:55:51 *** Gordfang est parti
2015-03-20T05:00:51 *** MaCharon est parti
2015-03-20T08:06:53 *** adriens33 s'est connecté
2015-03-20T08:13:14 *** Fidzu s'est connecté
2015-03-20T08:13:39 <Fidzu> Plop
2015-03-20T08:18:07 <adriens33> salut Fidzu ^^
2015-03-20T08:19:27 <Fidzu> Comment va ce matin ?
2015-03-20T08:20:19 <adriens33> super ^^
2015-03-20T08:20:35 <adriens33> par contre l'éclipse qu'est dans une heure et le ciel est totalement couvert…
2015-03-20T08:20:42 <adriens33> y'a des bordelais qui vont rager XDD
2015-03-20T08:21:06 <Fidzu> Protection anti-nightmaremoon
2015-03-20T08:25:40 <adriens33> XDD ouai s'trop ça
2015-03-20T09:03:09 *** heuzef s'est connecté
2015-03-20T09:21:22 <adriens33> salut heuzef ^^
2015-03-20T09:23:44 <heuzef> yo
2015-03-20T09:31:37 *** TrappyTickles s'est connecté
2015-03-20T09:32:15 <Fidzu> Salut heuzef et TrappyTickles
2015-03-20T09:32:58 <heuzef> yop =)
2015-03-20T09:40:38 <TrappyTickles> oi
2015-03-20T09:43:13 <Fidzu> Nightmaremoon Arrive !
2015-03-20T09:50:21 <TrappyTickles> ¿
2015-03-20T09:51:11 <adriens33> TrappyTickles> bah l'éclipse… XD
2015-03-20T09:53:10 <TrappyTickles> oh
2015-03-20T09:53:28 <TrappyTickles> qu'est-ce qu'on s'en fout, y a du brouillard
2015-03-20T10:16:32 <adriens33> c'est ce que je disais tout à l'heure XD
2015-03-20T10:16:36 <adriens33> 08:20:35     +adriens33 │ par contre l'éclipse qu'est dans une heure et le ciel est totalement couvert…                                                                                                                                                           │+Fidzu
2015-03-20T11:44:26 *** heuzef est parti
2015-03-20T12:46:35 *** heuzef s'est connecté
2015-03-20T12:48:53 *** heuzef est parti
2015-03-20T12:50:53 *** Fidzu est parti
2015-03-20T12:56:05 *** Fidzu s'est connecté
2015-03-20T13:04:42 *** Fidzu est parti
2015-03-20T13:16:21 *** Fidzu s'est connecté
2015-03-20T13:43:36 *** Gordfang s'est connecté
2015-03-20T13:43:39 <Gordfang> yo!
2015-03-20T13:56:20 <adriens33> yo
2015-03-20T13:58:35 <Fidzu> Oy
2015-03-20T13:59:14 *** MaCharon s'est connecté
2015-03-20T13:59:16 <adriens33> Y MaCharon
2015-03-20T13:59:21 <adriens33> *Yo
2015-03-20T13:59:26 <MaCharon> bonjour
2015-03-20T13:59:34 <Fidzu> Oy
2015-03-20T13:59:35 <adriens33> (çom clavier, c'dissident XD)
2015-03-20T13:59:39 <adriens33> *mon
2015-03-20T14:01:24 <Fidzu> Omg
2015-03-20T14:01:46 <Fidzu> Jetait a cultura a la caisse
2015-03-20T14:02:06 <Fidzu> Et il y avait plein de figurines mlp !
2015-03-20T14:02:27 <Fidzu> C'était dur mais j'ai résisté
2015-03-20T14:02:46 <MaCharon> lol gg
2015-03-20T14:04:04 <adriens33> « c'était dur mais j'ai résisté » → ta femme te l'dit souvent
2015-03-20T14:05:26 <Fidzu> XD
2015-03-20T14:07:57 <adriens33> t'avais qu'à pas me tendre la perche. :^
2015-03-20T14:07:59 <adriens33> * :]
2015-03-20T14:08:14 <adriens33> (damn, mes doigts font d'la merde)
2015-03-20T14:09:33 <Fidzu> Ta femme te le dis souvent ..
2015-03-20T14:09:44 <adriens33> enfoyray tu m'a eus.
2015-03-20T14:09:47 <adriens33> eu*
2015-03-20T14:09:57 <Fidzu> Ahah
2015-03-20T14:10:03 *** heuzef s'est connecté
2015-03-20T14:10:48 <Fidzu> Plop heuzef
2015-03-20T14:11:32 <adriens33> Fidzu t'arrête de chier sur l'canal ? crado. XD
2015-03-20T14:12:56 <Fidzu> Watt j'ai rien fais !
2015-03-20T14:13:06 <adriens33> « Plop »
2015-03-20T14:13:14 <adriens33> c'est crade comme bruit.
2015-03-20T14:13:27 <adriens33> après, j'dis ça j'dis rien, hein. :D
2015-03-20T14:14:31 <heuzef> prout
2015-03-20T14:14:38 <heuzef> (ça vole haut)
2015-03-20T14:14:50 <adriens33> comme ta b**e ?
2015-03-20T14:14:57 <Fidzu> Pas la faute si c'est la facon de dire bonjour .. C'est exotique je Suis d'accord .
2015-03-20T14:15:08 <Fidzu> Ma*
2015-03-20T14:15:32 <adriens33> c'est sur que faire un bruit de merde pour dire bonjour, c'est exotique c'est sûr XD
2015-03-20T14:16:36 <Fidzu> Tu préfère plouf ?
2015-03-20T14:17:10 <adriens33> hmmm… non.
2015-03-20T14:17:31 <adriens33> « bonjour », « salut », « yo » c'très bien ça
2015-03-20T14:17:43 <adriens33> prout ça pue :]
2015-03-20T14:17:49 <adriens33> *badum tss*
2015-03-20T14:18:37 <Fidzu> Bonjour Salut et yo c'est so 2014 ...
2015-03-20T14:18:41 *** heuzef est parti
2015-03-20T14:18:48 <adriens33> s'pèce de hipster
2015-03-20T14:18:50 <Fidzu> Moi je dans l'turfu
2015-03-20T14:19:04 *** heuzef s'est connecté
2015-03-20T14:19:04 <adriens33> tu va bruler sur le bûcher de la dissidence, manant !!
2015-03-20T14:19:21 <adriens33> *se racle la gorge* j'me suis un poil emporté, sorry. XD
2015-03-20T14:19:33 <Fidzu> XD
2015-03-20T14:19:43 <Fidzu> heuzef tu clignote ?
2015-03-20T14:19:51 *** heuzef est parti
2015-03-20T14:20:06 <adriens33> non, il se déplace de chez lui a son taf à la vitesse des paquets tpc. XD
2015-03-20T14:20:07 <adriens33> *tcp
2015-03-20T14:20:32 <adriens33> (il joue a jacquouille avec l'interrupteur de son vpn)
2015-03-20T14:20:36 <adriens33> "allumé"
2015-03-20T14:20:38 <adriens33> "éteint"
2015-03-20T14:20:40 <adriens33> "allumé"
2015-03-20T14:20:43 <adriens33> "éteint"
2015-03-20T14:22:06 <Fidzu> J'y go plus de batterie et mauvaise co bizz
2015-03-20T14:22:18 *** Fidzu est parti
2015-03-20T14:24:47 *** Gordfang est parti
2015-03-20T14:52:14 *** TrappyTickles est parti
2015-03-20T14:55:35 *** heuzef s'est connecté
2015-03-20T15:00:23 *** TrappyTickles s'est connecté
2015-03-20T15:00:57 <adriens33> bye
2015-03-20T15:00:58 *** adriens33 est parti
2015-03-20T15:01:34 <TrappyTickles> je HAIS windows 7
2015-03-20T15:11:37 <heuzef> Allons allons
2015-03-20T15:11:50 <heuzef> La haine c'est pas bon pour la santée
2015-03-20T15:12:43 <TrappyTickles> ça va faire 1 mois que je peux plus boot win7 avec un dd externe branché en même temps
2015-03-20T15:25:53 *** Fidzu s'est connecté
2015-03-20T15:46:39 *** heuzef est parti
2015-03-20T15:47:08 *** heuzef s'est connecté
2015-03-20T17:37:54 *** heuzef est parti
2015-03-20T18:25:37 *** ELiDYROS s'est connecté
2015-03-20T18:39:46 *** ELiDYROS est parti
2015-03-20T18:57:33 *** Simplet42 s'est connecté
2015-03-20T18:57:37 <Simplet42> Hey
2015-03-20T19:00:34 <Simplet42> J'voulais savoir pour le rdv à la victoire demain c'est à quel heure qu'on se rejoint ?
2015-03-20T19:19:25 <Fidzu> Simplet42: vers 12h00
2015-03-20T19:19:55 <Simplet42> Ah donc c'était pas un horaire par défaut ^^
2015-03-20T19:19:59 <Simplet42> okie dokie lokie
2015-03-20T19:20:08 <Simplet42> T'y seras vers quel heure ?
2015-03-20T19:20:17 <Fidzu> Simplet42: vers 12h00 XD
2015-03-20T19:20:41 <Fidzu> toout depend de l'heure à laquelle passe mon bus
2015-03-20T19:20:43 <Simplet42> pas plus précis ? (je m'en contenterai ^^)
2015-03-20T19:20:46 <Simplet42> Ah
2015-03-20T19:20:47 <Fidzu> mais je compte arriver un peu avant
2015-03-20T19:20:48 <Simplet42> ^^
2015-03-20T19:21:06 <Fidzu> tu sais ou est le point de rdvv ?
2015-03-20T19:21:14 <Simplet42> Ah ok cool (en fait j'aime pas attendre seul (l'impression que les gens te regarde..))
2015-03-20T19:21:33 <Simplet42> Sous l'arche de la victoire près de l'entrée de st catherine je crois
2015-03-20T19:21:39 <Fidzu> yep
2015-03-20T19:43:00 <Simplet42> Ok :)
2015-03-20T20:42:08 *** adriens33 s'est connecté
2015-03-20T20:42:46 <adriens33> coucou tout le mondee ^^
2015-03-20T20:47:03 <adriens33> Quoi vous faites, les gens ? :)
2015-03-20T20:48:39 <Fidzu> cc
2015-03-20T20:49:06 <Fidzu> je peins ^^
2015-03-20T20:49:36 <adriens33> tu peinds quoi ?
2015-03-20T20:50:27 <Fidzu> mes sculptures
2015-03-20T20:51:36 <Fidzu> et toi ?
2015-03-20T20:52:06 <adriens33> moi
2015-03-20T20:52:11 <adriens33> je look une vidéo
2015-03-20T20:52:24 <adriens33> tout en parlant a des inconnus sur un chat irc qu'on appelle #bronycub
2015-03-20T20:52:26 <adriens33> (XD)
2015-03-20T20:52:33 <adriens33> et je lis des trucs sur le net
2015-03-20T20:52:42 <adriens33> et je suis sur un autre chat aussi
2015-03-20T20:52:56 <adriens33> (c'est l'avantage d'avoir deux cerveaux heu... deux écrans)
2015-03-20T20:56:03 <Fidzu> je viens de me faire une omelette
2015-03-20T20:56:06 <Fidzu> omg je bave
2015-03-20T20:56:24 <adriens33> *w*
2015-03-20T20:56:30 <Fidzu> 4 oeuf, lardon, emental coupé en carré !
2015-03-20T20:56:32 <adriens33> ça fait des plombes que j'en ai pas miam
2015-03-20T20:56:49 <adriens33> gahhh… faimmmm…
2015-03-20T20:56:52 <Fidzu> ^^
2015-03-20T20:57:21 <adriens33> et les autres gens ils sont mourrus ?
2015-03-20T20:57:24 <Fidzu> je suis oligé de manger sur mes jambes telement j'ai pas de place sur monbureau ..
2015-03-20T20:57:35 <adriens33> Fidzu je suis sur t'a tué tout le monde
2015-03-20T20:57:45 <adriens33> c'est pour ça que y'a du sang  partout sur irc
2015-03-20T20:58:04 <Fidzu> mais voyont , pourquoi tu m'accuse >:D
2015-03-20T20:58:15 <adriens33> parce que j'ai des PREUVES
2015-03-20T20:58:25 * adriens33 pointe une grosse flaque de sang par terre /
2015-03-20T20:58:30 <Fidzu> ok j’avoue
2015-03-20T20:58:34 <Fidzu> c'est pas des lardons
2015-03-20T20:58:49 <adriens33> XDDD
2015-03-20T20:58:50 <Fidzu> c'est des morceaux de maCharon, TrappyTickles Simplet42 et strycore !!!
2015-03-20T20:58:51 <adriens33> j'en étais sur
2015-03-20T20:59:01 <adriens33> (comment hl tout le monde gratuitement X3)
2015-03-20T20:59:05 <Fidzu> ^^
2015-03-20T21:00:12 <adriens33> fais gouter ton omelette un peu ?
2015-03-20T21:00:33 <Fidzu> tiens
2015-03-20T21:00:50 <adriens33> miam ch'est bon les bouts de poneys en fait *w*
2015-03-20T21:01:04 <Fidzu> je prefère ceux dans les lasagnes
2015-03-20T21:01:09 <adriens33> X3
2015-03-20T21:07:13 <adriens33> avoue la peinture sur tes statues, c'est pas de la vraie. c'est du sang.
2015-03-20T21:18:58 <Fidzu> c'est dur de faire du bleu avec du sang ..
2015-03-20T21:19:07 <adriens33> :þ
2015-03-20T21:19:15 <adriens33> le rouge c'est très joli
2015-03-20T21:19:21 <Fidzu> oui
2015-03-20T21:19:57 <adriens33> eh eh
2015-03-20T21:20:27 <adriens33> (si y'a des inconnus qui passent ici, ils vont se dire que y'a que des fous chez les brony XDD)
2015-03-20T21:20:42 <adriens33> #psyyyychopaaaaate
2015-03-20T21:21:02 <Fidzu> c'est ca un brony ?
2015-03-20T21:21:08 <Fidzu> j'appelle la police !
2015-03-20T21:21:11 <adriens33> NAH
2015-03-20T21:21:17 <adriens33> on va te miamer avant >.<
2015-03-20T21:21:43 <Fidzu> tu va servide de peinture pour mes statuettes et de lardon pour mes melettes !
2015-03-20T21:21:46 <adriens33> mais j'ai une question
2015-03-20T21:21:55 <adriens33> c'est pour quoi faire la peau lisse ?
2015-03-20T21:22:04 <adriens33> pour la peinture de tes statues ?
2015-03-20T21:22:16 <adriens33> et c'est de la peau de qui ?
2015-03-20T21:22:35 <Fidzu> tu sors ...
2015-03-20T21:23:08 <adriens33> NAH
2015-03-20T21:23:20 <Fidzu> ok tu reste
2015-03-20T21:23:25 <adriens33> yayyy ^w^
2015-03-20T21:23:48 <adriens33> sinon tu m'as pas répondu
2015-03-20T21:23:51 <adriens33> XD
2015-03-20T21:25:26 <Fidzu> mmh
2015-03-20T21:26:04 <Fidzu> on va dire la peau de MaCharon
2015-03-20T21:26:29 <adriens33> [M#??XD
2015-03-20T21:26:31 <adriens33> * XD
2015-03-20T21:26:38 <adriens33> (pardon, fail du client chat)
2015-03-20T21:26:42 <Fidzu> mdr
2015-03-20T21:27:02 <adriens33> c'est des caractères de controle choppés par hasard parce qu'il a pas reconnu le clic souris
2015-03-20T21:27:05 <adriens33> ça arrive parfois
2015-03-20T21:27:12 <adriens33> et ça fait des trucs chelou XD
2015-03-20T21:27:27 <Fidzu> c'est zarb
2015-03-20T21:28:38 <adriens33> en général les caractères de controle en terminal unix c'est du genre x1B[chiffres une lettre
2015-03-20T21:28:43 <adriens33> (sans espaces)
2015-03-20T21:29:07 <adriens33> (x1B correspond à l'octet de valeur 0x1B)
2015-03-20T21:30:01 <adriens33> la le esc on le voit pas (c'est un carac de controle, ilest miamé par le client  ^^)
2015-03-20T21:30:15 <adriens33> et les # etc c'est à cause de la souris
2015-03-20T21:30:18 <adriens33> ^^
2015-03-20T21:30:25 <adriens33> #minuteInfoInutile
2015-03-20T21:30:30 <Fidzu> j'ai tout compris !
2015-03-20T21:30:56 <adriens33> "Ah merci Jamy !!"
2015-03-20T22:04:17 <TrappyTickles> j'ai trouvé un truc fun... qui connait rabb.it?
2015-03-20T22:07:20 <adriens33> pas noiç
2015-03-20T22:07:23 <adriens33> * moi
2015-03-20T22:07:26 <adriens33> ch'est quoi ? 
2015-03-20T22:08:33 <TrappyTickles> c'est un service comme skype, mais uniquement en web comme hangouts, mais en plus, t'as à dispo un petit mac os pour streamer youtube, partager des pages web etc
2015-03-20T22:08:54 <adriens33> ca fait son et vid ?
2015-03-20T22:09:02 <TrappyTickles> je sens que ça va me servir pour watcher la s5 avec ma canadienne ^^
2015-03-20T22:09:05 <adriens33> parce que dans ce cas c'est *encore* du webrtc
2015-03-20T22:09:07 <TrappyTickles> ouaip
2015-03-20T22:09:10 <adriens33> et le webrtc c'est nul
2015-03-20T22:09:13 <adriens33> ça bug
2015-03-20T22:09:19 <adriens33> ca bouffe une bande passante de taré
2015-03-20T22:09:20 <TrappyTickles> rtquoi?
2015-03-20T22:09:32 <adriens33> comme le vroom.it de bc
2015-03-20T22:09:50 <adriens33> la techno pour récup le micro et la cam depuis le navigateur en html
2015-03-20T22:10:04 <adriens33> (= sans utiliser Adaube Flash)
2015-03-20T22:10:07 <TrappyTickles> ah.. ben je suis pas sur de la techno utilisé, mais pour l'instant j'ai pas vu de lag
2015-03-20T22:10:15 <adriens33> bah ça peut etre que ça
2015-03-20T22:10:26 <adriens33> la seule alternative étant flash
2015-03-20T22:10:41 <adriens33> pour de la visio un prog en natif c'est bien plus propre
2015-03-20T22:10:48 <adriens33> et moins dangereux
2015-03-20T22:10:59 <adriens33> parce que la ça s'apparente a un prog en cloud
2015-03-20T22:11:08 <adriens33> = tu peux pas le maj quand tu veux
2015-03-20T22:11:13 <adriens33> tu le ctrl pas
2015-03-20T22:11:19 <adriens33> et pis c'est lourdingue
2015-03-20T22:11:30 <adriens33> et pis tout fouttre dans le nav c'est pas top top
2015-03-20T22:12:07 <TrappyTickles> y aura ptet un client un jour. c'est tout récent
2015-03-20T22:12:12 <TrappyTickles> ça a même pas un an
2015-03-20T22:12:38 <adriens33> mouai
2015-03-20T22:12:46 <adriens33> on verra ^^
2015-03-20T22:12:54 <TrappyTickles> après, jvais pas m'en servir pour le private lol
2015-03-20T22:13:19 <TrappyTickles> mais pour mater mlp avec les autres a distance, ça peut le faire
2015-03-20T22:13:37 <adriens33> chais pas pk
2015-03-20T22:13:52 <adriens33> j'ai lu « mais pour mater les autres a distance, ça peut le faire »
2015-03-20T22:14:06 <adriens33> XD
2015-03-20T22:14:20 <TrappyTickles> lol
2015-03-20T22:46:17 *** Negouille s'est connecté
2015-03-20T22:52:05 <adriens33> salut Negouille
2015-03-20T22:53:03 *** Negouille est parti
2015-03-20T22:53:24 <adriens33> encore un ninja :(
2015-03-20T23:10:24 <Simplet42> Re les gens
2015-03-20T23:13:47 <adriens33> Re Simplet42 ^^
2015-03-20T23:13:57 <adriens33> au fait, pourquoi ton pseudo ? :)
2015-03-20T23:15:22 <Simplet42> Manque d'idée
2015-03-20T23:15:29 <Simplet42> et qu'à la base j'suis du 42
2015-03-20T23:15:30 <Fidzu> xd
2015-03-20T23:15:34 <adriens33> 42!!
2015-03-20T23:15:37 <Simplet42> ^^'
2015-03-20T23:15:45 <adriens33> la rep universelle
2015-03-20T23:15:55 <Simplet42> Celle de la vie
2015-03-20T23:16:01 <adriens33> life + universe + everything = 42
2015-03-20T23:16:20 <Simplet42> et de là où je suis née (42 = la Loire (département d'où je viens).).
2015-03-20T23:17:00 <adriens33> moi c'est un peu pareil,^^
2015-03-20T23:17:05 <adriens33> mais pourquoi simplet ?
2015-03-20T23:19:00 <Simplet42> J'ai jamais trop su
2015-03-20T23:19:11 <Simplet42> j'arrivais pas à trouver quelque chose de simple
2015-03-20T23:23:59 <adriens33> c'tout ? chui déçu.
2015-03-20T23:24:02 <adriens33> XD
2015-03-20T23:24:20 <Simplet42> Rien de bien folichon
2015-03-20T23:28:04 <Fidzu> toi je me demande pourquoi tu as pris Adriens33 =O
2015-03-20T23:28:21 <adriens33> bah parce que je m'appelle adrien s. et que je vis en gironde.
2015-03-20T23:28:23 <adriens33> cqfd.
2015-03-20T23:28:32 <Fidzu> wow
2015-03-20T23:28:35 <adriens33> t'a vu ?
2015-03-20T23:28:40 <Fidzu> amazing
2015-03-20T23:28:43 <adriens33> c'est dingue hein ?
2015-03-20T23:28:53 <Simplet42> (y) trop
2015-03-20T23:29:22 <strycore> a une époque mon pseudo c'était strider42k
2015-03-20T23:29:54 <adriens33> tiens c'est  encore vivant, ça bouge.
2015-03-20T23:29:57 <adriens33> XD
2015-03-20T23:30:04 <strycore> (et c'était aussi pour la Loire :p)
2015-03-20T23:30:38 <Simplet42> ah
2015-03-20T23:33:09 <strycore> je suis actuellement au 42170 :p
2015-03-20T23:38:50 *** TrappyTickles est parti
2015-03-20T23:39:50 <Simplet42> Bon allez moi j'vais vous laisser à une prochaine
2015-03-20T23:40:07 <adriens33> ok, ciao :)
2015-03-20T23:40:31 *** Simplet42 est parti
2015-03-20T23:41:22 *** TrappyTickles s'est connecté
