2015-02-27T00:23:55 *** TrappyTickles est parti
2015-02-27T02:31:59 *** Gordfang est parti
2015-02-27T02:41:05 *** MaCharon est parti
2015-02-27T08:57:22 *** heuzef s'est connecté
2015-02-27T09:31:06 *** TrappyTickles s'est connecté
2015-02-27T11:11:09 <strycore> Apple Pom Smoothie
2015-02-27T12:03:34 *** heuzef est parti
2015-02-27T13:49:57 *** Yvan33 s'est connecté
2015-02-27T14:03:44 *** Gordfang s'est connecté
2015-02-27T14:21:51 *** MaCharon s'est connecté
2015-02-27T14:32:50 *** Yvan33 est parti
2015-02-27T14:53:37 *** heuzef s'est connecté
2015-02-27T17:19:39 *** heuzef est parti
2015-02-27T17:34:56 *** Gordfang est parti
2015-02-27T17:51:04 *** heuzef s'est connecté
2015-02-27T17:52:15 <heuzef> Yop =)
2015-02-27T17:52:20 <heuzef> TrappyTickles ?
2015-02-27T18:07:30 <TrappyTickles> ui?
2015-02-27T18:09:14 <TrappyTickles> ui heuzef ?
2015-02-27T18:11:05 *** Mousstery s'est connecté
2015-02-27T18:11:59 <Mousstery> Bonjour :)
2015-02-27T18:16:03 <TrappyTickles> oi
2015-02-27T18:16:28 <Mousstery> ça va?
2015-02-27T18:18:31 <TrappyTickles> fatigué
2015-02-27T18:22:42 <Mousstery> hanw  :c
2015-02-27T18:28:04 <heuzef> TrappyTickles =) ?
2015-02-27T18:28:07 <heuzef> Tu vient demain ?
2015-02-27T18:28:16 <heuzef> On pourais faire le point sur BBBFF ?
2015-02-27T18:28:27 <Mousstery> BBBFF ? owo
2015-02-27T18:28:35 <TrappyTickles> venir où ça?
2015-02-27T18:28:35 <Mousstery> (si je peux savoir)
2015-02-27T18:29:09 <heuzef> Tant de question qui ne devrais pas être demandé =)
2015-02-27T18:29:26 <heuzef> TrappyTickles : renseigne-toi :D
2015-02-27T18:29:33 <heuzef> Mousstery:  renseigne-toi :D
2015-02-27T18:29:46 <heuzef> TrappyTickles je te conseille de demander à Mousstery ici présent
2015-02-27T18:29:57 <heuzef> Mousstery je te conseille de demander à TrappyTickles ici présent
2015-02-27T18:29:58 <TrappyTickles> je lis rarement les mailing list. je passe pas ma vie le nez dans mes mails
2015-02-27T18:31:56 <Mousstery> C'est quoi les BBBFF TrappyTrickles ? :c
2015-02-27T18:32:08 <Mousstery> * TrappyTickles
2015-02-27T18:32:44 <TrappyTickles> et bbbff c'est un projet pour partager les vidéos mlp, laisse moi le temps d'écrire
2015-02-27T18:33:04 <Mousstery> Oki,pardon .-.
2015-02-27T18:35:02 <Mousstery> Sinon demain il y a mon anniv TrappyTickles ^^
2015-02-27T18:35:32 <TrappyTickles> y a le mien aussi, le 2 mars mais tout le monde s'en tape :D
2015-02-27T18:36:05 <Mousstery> Ben je savais pas moi :c
2015-02-27T18:37:36 <TrappyTickles> en + demain ma femme bosse, donc pas de bagnole donc moi peux pas bouger
2015-02-27T18:38:33 <Mousstery> Oh dommage :c
2015-02-27T18:38:36 <TrappyTickles> tiens j'ai une idée pour le fun
2015-02-27T18:39:06 <Mousstery> ?
2015-02-27T18:39:23 <TrappyTickles> tu verras, sur la mailing list
2015-02-27T18:39:31 <Mousstery> oki
2015-02-27T18:39:33 <heuzef> TrappyTickles tu organise un truc pour ton anniv ? =)
2015-02-27T18:40:38 <TrappyTickles> t'as qu'à lire la mailing list... dans 15min
2015-02-27T18:41:08 <Mousstery> Oh au passage,je sais pas si Gabriel te l'a dfit
2015-02-27T18:41:10 <Mousstery> *dit
2015-02-27T18:41:33 <Mousstery> mais il nous laisse l'étage à 15h00 heuzef ^^
2015-02-27T18:41:52 <heuzef> Cool =)
2015-02-27T18:43:20 <Mousstery> D'ailleurs,
2015-02-27T18:43:44 <Mousstery> si vous pouvez apporter un pitit truc :c
2015-02-27T18:56:36 <Mousstery> Par contre heuzef je savais pas ça :c
2015-02-27T18:57:26 <Mousstery> que a partir de 21h
2015-02-27T18:57:28 <Mousstery> plus de mineur
2015-02-27T19:26:30 <heuzef> Ne peuvent plus rentrer oui
2015-02-27T19:26:43 <heuzef> Ils ont pas le choix hélas, c'est la lois
2015-02-27T19:26:48 <Mousstery> Oki.. :c
2015-02-27T19:27:03 <heuzef> Qu'est-ce que tu entend par apporter un pitit truc ?
2015-02-27T19:27:29 <Mousstery> Je sais pas mais un truc à manger mais c'est pas obligé ^^
2015-02-27T19:27:48 <heuzef> T'as pas bien lu tes mails toi ^^
2015-02-27T19:27:58 <Mousstery> Nan je vais recheck xD
2015-02-27T19:28:03 <heuzef> Ouais
2015-02-27T19:28:32 <heuzef> Surtout mon message du 24 Feb 2015 09:47:35
2015-02-27T19:34:42 <Mousstery> Euh heuzef ? owo
2015-02-27T19:37:14 <Mousstery> J'ai des questions :s
2015-02-27T20:32:41 <TrappyTickles> http://www.lemonde.fr/pixels/article/2015/02/27/mort-de-leonard-nimoy-alias-spock_4584934_4408996.html mince :(
2015-02-27T20:33:10 <Mousstery> Je l'ai appris too sur TF1 :c
2015-02-27T20:33:43 <TrappyTickles> moi sur derpibooru, étrangement
2015-02-27T20:41:30 <TrappyTickles> https://www.youtube.com/watch?v=e7x0WmUvj8w ça me parait approprié
2015-02-27T21:19:35 *** MaCharon est parti
2015-02-27T21:43:31 *** heuzef est parti
2015-02-27T21:47:21 *** ELiDYROS s'est connecté
2015-02-27T21:56:26 <Mousstery> Hey ^^
2015-02-27T22:10:08 <ELiDYROS> Hey.
2015-02-27T22:11:21 <Mousstery> Ca va?
2015-02-27T22:13:10 <ELiDYROS> Oui, et toi ?
2015-02-27T22:13:32 <Mousstery> Oui j'ai hâte d'être demain!
2015-02-27T22:26:11 <ELiDYROS> Cool
2015-02-27T22:57:08 *** Mousstery est parti
2015-02-27T23:00:49 *** ELiDYROS est parti
2015-02-27T23:16:16 *** Negouille s'est connecté
2015-02-27T23:16:57 <Negouille> Bonjour :3
2015-02-27T23:51:20 *** Negouille est parti
2015-02-27T23:59:17 *** TrappyTickles est parti
