2015-02-20T00:08:35 <Lenile> Ouaip'
2015-02-20T00:08:38 <Lenile> xD
2015-02-20T00:18:09 *** adriens33 est parti
2015-02-20T00:18:49 *** adriens33 s'est connecté
2015-02-20T00:35:19 *** TrappyTickles_ est parti
2015-02-20T01:22:32 *** ValCab33 est parti
2015-02-20T02:45:25 *** adriens33 est parti
2015-02-20T02:50:23 *** MaCharon est parti
2015-02-20T03:23:42 <Lenile> strycore et moi ons est les seuls co H24
2015-02-20T03:23:49 <Lenile> Genre on éttein pas no machines en fait xD
2015-02-20T04:08:15 *** Gordfang est parti
2015-02-20T08:43:37 *** strycore est parti
2015-02-20T08:51:57 *** strycore s'est connecté
2015-02-20T10:03:00 *** TrappyTickles s'est connecté
2015-02-20T10:39:28 <TrappyTickles> LoE est ouvert et ça marche super!
2015-02-20T10:44:07 <strycore> Lenile, http://wiki.znc.in/ZNC
2015-02-20T10:44:38 <strycore> et avec un truc en plus qui fait que je reçois les highlights en notifications sur mon tel
2015-02-20T12:13:06 *** adriens33 s'est connecté
2015-02-20T12:13:51 <adriens33> yop
2015-02-20T12:29:31 *** Elvon s'est connecté
2015-02-20T12:29:46 *** Elvon est parti
2015-02-20T13:12:21 *** MaCharon s'est connecté
2015-02-20T14:01:57 *** Gordfang s'est connecté
2015-02-20T14:02:01 <Gordfang> yo!
2015-02-20T14:20:35 <adriens33> yop
2015-02-20T14:21:03 <Lenile> Hoï
2015-02-20T14:37:10 <TrappyTickles> oi
2015-02-20T14:52:09 <Lenile> adriens33 ?
2015-02-20T14:52:20 <adriens33> ouipp Q
2015-02-20T14:52:21 <adriens33> *?
2015-02-20T14:52:27 <Lenile> J'essaye d'instaler s'te putain de Tar.gz de Adobe Flash mais ça veux pas.
2015-02-20T14:52:31 <Lenile> Comment qu'on fait u.u
2015-02-20T14:57:10 <adriens33> tu install un prog avec une archive ?
2015-02-20T14:57:18 <adriens33> t'a pas un paquet dans les dépots ?
2015-02-20T14:57:24 <Lenile> Nope
2015-02-20T14:57:32 <adriens33> bah t'es sur quoi ?
2015-02-20T14:57:49 <Lenile> Et j'ai déja instaler un prog via un Tar.gz donc
2015-02-20T14:57:57 <adriens33> ouai mais c'est hypra sale T.T
2015-02-20T14:58:01 <strycore> ಠ_ಠ
2015-02-20T14:58:26 <Lenile> Ubuntu 14.1 Gnu
2015-02-20T14:58:40 <Lenile> Tu dira ça à adobe qui te le proposent
2015-02-20T14:58:51 <strycore> ( ͡° ͜ʖ ͡°)
2015-02-20T14:59:00 <strycore>  Ubuntu 14.1 Gnu !!!!
2015-02-20T14:59:07 <adriens33> -Gnu
2015-02-20T14:59:16 <adriens33> +Canonical
2015-02-20T14:59:37 <Lenile> T'a marqué GNOME GNU
2015-02-20T14:59:45 <strycore> c'est quoi la 14.1 ? c'est la version alpha de 14.04?
2015-02-20T14:59:46 <Lenile> Arrete d'inventé des mots e.e
2015-02-20T14:59:58 <adriens33> Lenile: tu te bouge le cul et tu look le wiki, les fofo, etc. y'a certainement un PPA ou un dépot à ajouter pour avoir adobe flash.
2015-02-20T15:00:12 <strycore> non c'est dans les dépots normaux
2015-02-20T15:00:13 <adriens33> et à mon avis flash est même certainement dans les dépots offi.
2015-02-20T15:00:16 <adriens33> en plus.
2015-02-20T15:00:22 *** Lenile est parti
2015-02-20T15:00:24 <adriens33> apt-cache search is your friend.
2015-02-20T15:00:37 <strycore> le mieux ça reste Chrome pour avoir Flash
2015-02-20T15:00:57 <adriens33> ou pas flash du tout. chrome, get out of here
2015-02-20T15:01:06 <adriens33> chrome is not free
2015-02-20T15:01:53 <strycore> bah Flash est necessaire pour certains trucs
2015-02-20T15:02:16 <strycore> j'utilise un soft qui utilise le Flash builtin de Chrome sur Firefox
2015-02-20T15:02:30 <strycore> donc j'ai Flash 16 sur FF
2015-02-20T15:02:33 <adriens33> me too
2015-02-20T15:02:38 <adriens33> fresh player plugin <3
2015-02-20T15:03:31 <strycore> yep :)
2015-02-20T16:26:04 *** ELiDYROS s'est connecté
2015-02-20T16:26:39 <ELiDYROS> Salut.
2015-02-20T16:31:49 *** ELiDYROS est parti
2015-02-20T16:39:38 <adriens33> yop EL
2015-02-20T16:39:42 <adriens33> a
2015-02-20T16:39:54 <adriens33> c'est pour ça que tab marchait pas
2015-02-20T16:42:28 <strycore> salut heuz
2015-02-20T16:42:33 <strycore> ah merde ouais
2015-02-20T19:40:53 *** MaCharon est parti
2015-02-20T19:46:46 *** ELiDYROS s'est connecté
2015-02-20T20:00:42 *** Gordfang est parti
2015-02-20T20:50:16 *** TrappyTickles est parti
2015-02-20T21:26:53 *** ELiDYROS est parti
2015-02-20T21:50:58 *** MaCharon s'est connecté
2015-02-20T22:02:04 *** Gordfang s'est connecté
2015-02-20T22:42:01 *** Elvon s'est connecté
2015-02-20T22:42:26 <Elvon> Bonsoir
2015-02-20T22:47:13 <Elvon> MaCharon tu es pas partie ?
2015-02-20T22:47:32 <MaCharon> nope pk ?
2015-02-20T22:47:41 <MaCharon> je regarde un anime
2015-02-20T22:47:53 <adriens33> *parti
2015-02-20T22:48:01 <adriens33> (ou alors on m'a pas prévenu XD)
2015-02-20T22:48:10 <MaCharon> va savoir ^^
2015-02-20T22:48:13 <adriens33> lol
2015-02-20T22:48:15 <Elvon> j'ai crut que vous sortiez tard avec Thomas. du coup ça mais fait bizzare X3
2015-02-20T22:48:36 <MaCharon> Ben lui il est de sorti mais moi nn
2015-02-20T22:48:42 <Elvon> la fiche de Jon est complete je doit juste répartir mes pfs
2015-02-20T22:49:24 <Elvon> Oo j'ai crut qu vous aviez tout les deux des rdv mais pas au meme endroit dsl X
2015-02-20T22:49:26 <Elvon> x2
2015-02-20T22:49:41 <adriens33> bonne nuit all
2015-02-20T22:49:42 <MaCharon> c'est plus compliqué que ça
2015-02-20T22:49:47 <MaCharon> bonne nuit
2015-02-20T22:49:48 *** adriens33 est parti
2015-02-20T22:50:45 <Elvon> du coup tu fait quoi ?
2015-02-20T22:51:39 <MaCharon> la ? rien de special
2015-02-20T22:52:17 <Elvon> oki doki loki
2015-02-20T22:55:18 <Elvon> Gordfang: bonsoir a toi j'ai une question a te poser sur ta maison (ou base) sur le serveur MC de BC qui est loger chez adriens33.
2015-02-20T22:56:22 <Elvon> J'aimerais l'utiliser comme plateforme de connexion RP pour relier certaines endroit trop éloigner du serveur.
2015-02-20T22:56:35 <Elvon> Mr Gordfang ?
2015-02-20T22:57:57 <Elvon> !say
2015-02-20T23:04:17 <Elvon> Gordfang es-tu là ?
2015-02-20T23:04:26 <Gordfang> oui
2015-02-20T23:04:36 <Elvon> peut tu lire ma demande stp
2015-02-20T23:04:58 <Gordfang> elle est encore en vie cette tour?
2015-02-20T23:05:25 <Elvon> Voui sur le serve de secour a adriens
2015-02-20T23:05:48 <Elvon> d'ailleurs l'ip c'est minecraft.art-software.fr:25565
2015-02-20T23:05:59 <Elvon> penser au :25565
2015-02-20T23:06:02 <Gordfang> oui te géne surtout pas pour la modif ^^
2015-02-20T23:06:43 <Elvon> je veux juste faire l'amour a la partie hors de l'eau avec des portail pour en faire un genre de spawn
2015-02-20T23:06:50 <Elvon> X3
2015-02-20T23:07:13 <Gordfang> euh wat?
2015-02-20T23:07:22 <Gordfang> pour la partie portail va z'y te gène pas
2015-02-20T23:07:31 <Gordfang> tant que tu dis que c'est moi qui est fait la base ^^
2015-02-20T23:07:55 <Elvon> en faite adriens33 ma parler de son désitre d'un serveur rp Brony est j'aime l'idée du coup je vais tanter de faire vivre un village sur l'ile où je commence a m'installer X3
2015-02-20T23:08:14 <Gordfang> ^^ bon courage a toi
2015-02-20T23:08:21 <Gordfang> il faudra ajouter le mod poney alors
2015-02-20T23:08:46 <Elvon> pas besoin de mod pour y parvenir x3
2015-02-20T23:08:57 <Gordfang> ^^
2015-02-20T23:10:58 <Elvon> juste pour les joueur une adaptation plus poser (Pégasus /fly, /weather, /thunder (avec une petite limite pour les thunder) = no probleme, Licorne /invisible ou autre commande du style magic, pour les poney terrestre life X1.5 et Resistance a la famine modéré)
2015-02-20T23:11:13 <Elvon> après faut mettre ça en place
2015-02-20T23:11:15 <Elvon> X3
2015-02-20T23:11:24 <Gordfang> yep et la bonne chance XD
2015-02-20T23:11:50 <Elvon> Tkt X3 a 2 ou trois c'est pas si dur faut juste le vouloir
2015-02-20T23:13:23 <Elvon> j'ai fait joujoue avec des plug'ins plus relou et on a géré alors c'est un plug de base avec des gestion de perm qui me fait peur X3 ( enfin si un peu mais adriens sais le faire marcher mieux que moi donc on peut tanter)
2015-02-20T23:26:17 *** Elvon est parti
2015-02-20T23:32:27 *** ValCab33 s'est connecté
2015-02-20T23:32:35 <ValCab33> Bonsoir
2015-02-20T23:35:08 <Gordfang> lut
