2015-01-17T00:31:27 *** ELiDYROS est parti
2015-01-17T00:36:13 *** TrappyTickles est parti
2015-01-17T02:02:42 *** adriens33 est parti
2015-01-17T08:37:45 *** adriens33 s'est connecté
2015-01-17T09:50:49 *** TrappyTickles s'est connecté
2015-01-17T14:36:04 *** Gordfang s'est connecté
2015-01-17T14:36:20 <Gordfang> yo!
2015-01-17T14:36:52 <adriens33> [to:[TrappyTickles, Gordfang] say:"Hello !"]
2015-01-17T14:41:15 <Gordfang> ?
2015-01-17T14:44:59 <adriens33> bon, d'accord, je la refai
2015-01-17T14:45:02 <adriens33> refais*
2015-01-17T14:45:09 <Gordfang> lol?
2015-01-17T14:45:09 <adriens33> Bonjour TrappyTickles
2015-01-17T14:45:10 <adriens33> Bonjour TrappyTickles
2015-01-17T14:45:14 <Gordfang> ah ok
2015-01-17T14:45:17 <adriens33> * Gordfang
2015-01-17T14:45:35 <adriens33> (oui parce que si le c'était
2015-01-17T14:45:40 <adriens33> (fail...)
2015-01-17T14:46:05 <adriens33> *(oui parce que si je dis 2 fois bonjour à la même personne ça a pas de sens)
2015-01-17T14:46:54 <Gordfang> ^^
2015-01-17T16:09:40 <TrappyTickles> OI
2015-01-17T16:09:49 <Gordfang> yo
2015-01-17T16:27:21 <TrappyTickles> eh ben.. ça doit faire 4 jours que j'ai pas revu mon client ftp se comporter normalement :p
2015-01-17T16:27:38 <TrappyTickles> c'est mystérieusement revenu sans que je fasse rien :p
2015-01-17T18:31:45 *** Gordfang est parti
2015-01-17T20:54:15 *** adriens33 est parti
