2015-03-07T00:00:03 <Elvon> on aura de la place en haut(y a un salon plutôt cool) pour être a l'aise.
2015-03-07T00:00:26 <Elvon> Voui j'ai monter ce soir avec Ma-Charon X3
2015-03-07T00:00:36 <ludvann> du moment qu'on fais pas que du tapage de monstre ça me va :)
2015-03-07T00:00:52 <Elvon> c'est génial
2015-03-07T00:00:58 <ludvann> de quoi ?
2015-03-07T00:01:32 <Elvon> sera une mission entre l'action, le puzzle et la traque.
2015-03-07T00:01:41 <ludvann> cool :D
2015-03-07T00:02:14 <Mousstery> j'aurais adoré etre la :c
2015-03-07T00:02:17 <Mousstery> mais peux pas :c
2015-03-07T00:03:29 <Elvon> vous aurez le choix parmis des Archétype liéer a la missions proposé. du semi_pré-tiré en gros, tu choisira entre diffrent memebre d'esquades Covenant ou Humain
2015-03-07T00:03:51 <Mousstery> RAH j'ai envie du coup
2015-03-07T00:04:06 <Elvon> tk pas Mousstery j'ai dans l'optique de faire ça pas si rarement
2015-03-07T00:04:17 <Mousstery> ah oki
2015-03-07T00:04:27 <Elvon> pas toute les semaine mais au moins une a deux fois par mois
2015-03-07T00:04:27 <Mousstery> car ce we je prépare les poms :c
2015-03-07T00:04:36 <Mousstery> et je vais essayer de ramener du people
2015-03-07T00:05:49 <Elvon> du coup pour les pom je peut pas venir au ciné mais je veux vous rejoindre sur le repas. (faudra que tu me tienne au jus stp)
2015-03-07T00:05:59 <Mousstery> oki :)
2015-03-07T00:08:28 <Elvon> pour les persos si vous voulez les conversés vous pourrez je vous intégrerai suivant les parties ou vous serez présent (vous venz aujourd'hui et vous pourez reprendre "votre" persos pour la prochaine.
2015-03-07T00:08:44 <Elvon> *demain (pas aujourd'hui)
2015-03-07T00:12:27 <Elvon> je re (changement de pc pour la visio)
2015-03-07T00:12:30 *** Elvon est parti
2015-03-07T00:14:50 *** Elvon s'est connecté
2015-03-07T00:14:54 *** TrappyTickles est parti
2015-03-07T00:16:18 <adriens33> XD
2015-03-07T00:16:32 *** arthur33 s'est connecté
2015-03-07T00:16:40 *** Fidzu s'est connecté
2015-03-07T00:16:40 <arthur33> !voice Elvon
2015-03-07T00:16:44 *** arthur33 est parti
2015-03-07T00:16:46 <Fidzu> Re
2015-03-07T00:17:02 <Elvon> que c'est y passer ?
2015-03-07T00:17:16 <Elvon> Re
2015-03-07T00:17:25 <adriens33> rien, chanserv t'a enlevé le +v, je me suis log avec mon autre compte pour demander à berry de te le remettre
2015-03-07T00:17:31 <Elvon> pour la visio il ya personne là ?
2015-03-07T00:17:40 <Elvon> j'attend dessus en tout cas
2015-03-07T00:17:52 <Fidzu> ça parle de quoi ici ?
2015-03-07T00:17:59 <Fidzu> jveux bien te rejoindre mais j'ai pas de cam :D
2015-03-07T00:18:16 <ludvann> j'arrive
2015-03-07T00:18:38 <Elvon> a bah de jdr pour demain après-midi de 15h a 20h
2015-03-07T00:19:22 <Fidzu> ah oui le mail?
2015-03-07T00:19:34 <Fidzu> de xial
2015-03-07T00:22:32 <Elvon> voui
2015-03-07T00:22:56 <Elvon> je vous prépare un petit one-shot dont je suis pas peu fier en fait
2015-03-07T00:23:01 <Fidzu> ducoup demain vous allez faire quoi ?
2015-03-07T00:36:38 <ludvann> ...
2015-03-07T00:37:11 <Mousstery> Préparer les POM xd
2015-03-07T00:37:37 <Elvon> Vouais c'est Bon les pommes
2015-03-07T00:38:00 <Mousstery> omg pire que adriens33
2015-03-07T00:38:09 <ludvann> :p
2015-03-07T00:40:48 <Fidzu> le logo faudrais que ce soit applejack
2015-03-07T00:40:49 <Fidzu> lool
2015-03-07T00:41:01 <Mousstery> XDD
2015-03-07T01:43:23 *** ELiDYROS_ est parti
2015-03-07T02:05:44 *** Mousstery est parti
2015-03-07T02:42:42 *** Elvon est parti
2015-03-07T02:53:34 *** ludvann est parti
2015-03-07T02:58:34 <Fidzu> bon nuit !
2015-03-07T02:58:39 *** Fidzu est parti
2015-03-07T03:34:27 *** adriens33 est parti
2015-03-07T03:54:30 *** MaCharon est parti
2015-03-07T09:32:11 *** TrappyTickles s'est connecté
2015-03-07T10:34:10 *** adriens33 s'est connecté
2015-03-07T10:39:10 *** ludvann s'est connecté
2015-03-07T10:45:51 <ludvann> yop
2015-03-07T10:52:44 <adriens33> oi
2015-03-07T11:23:35 <TrappyTickles> hé c'est ma réplique :p
2015-03-07T11:25:23 <adriens33> m'en fous :D
2015-03-07T11:25:35 <adriens33> t'avais qu'à la dire. :
2015-03-07T11:25:37 <adriens33> *:P
2015-03-07T11:26:17 *** adriens33 est parti
2015-03-07T11:33:17 *** TrappyTickles est parti
2015-03-07T12:42:04 *** Mousstery s'est connecté
2015-03-07T12:42:08 <Mousstery> Hey
2015-03-07T12:44:23 *** Mousstery est parti
2015-03-07T12:47:52 *** adriens33 s'est connecté
2015-03-07T12:50:05 <adriens33> re
2015-03-07T13:04:00 *** TrappyTickles s'est connecté
2015-03-07T13:04:26 <TrappyTickles> re
2015-03-07T13:08:05 <TrappyTickles> c'est décidé, quand j'aurai mon nouveau dd, je mettrai arch en dual boot sur mon desktop ^^
2015-03-07T13:17:48 <adriens33> :D
2015-03-07T13:18:15 *** ludvann est parti
2015-03-07T13:24:11 *** MaCharon s'est connecté
2015-03-07T13:25:13 <adriens33> yo MaCharon
2015-03-07T13:25:30 <MaCharon> salut
2015-03-07T13:25:58 <MaCharon> *baille* je suis pas tres frais ce matin moi
2015-03-07T14:29:19 *** Fidzu s'est connecté
2015-03-07T14:31:29 <adriens33> yo Fidzu
2015-03-07T14:32:13 <Fidzu> Yo !
2015-03-07T14:35:30 <TrappyTickles> oi
2015-03-07T14:37:06 *** ludvann s'est connecté
2015-03-07T14:48:07 *** MaCharon est parti
2015-03-07T15:55:56 *** adriens33 est parti
2015-03-07T16:45:20 *** adriens33 s'est connecté
2015-03-07T16:59:37 *** ludvann est parti
2015-03-07T17:26:27 *** Fidzu est parti
2015-03-07T17:46:52 *** Fidzu s'est connecté
2015-03-07T17:48:14 *** adriens33 est parti
2015-03-07T17:54:12 *** adriens33 s'est connecté
2015-03-07T19:32:49 *** Shinsaber s'est connecté
2015-03-07T19:49:31 <adriens33> salut Shinsaber =3
2015-03-07T19:49:59 <Shinsaber> Salut les poneys
2015-03-07T19:50:13 <adriens33> espèce de licorne
2015-03-07T19:51:54 <Shinsaber> Elle est pas si grande !
2015-03-07T19:53:18 <adriens33> lol, le mec qui s'autotroll sans aide.
2015-03-07T19:53:22 <adriens33> bravo :D
2015-03-07T19:57:48 *** Mousstery s'est connecté
2015-03-07T19:58:04 <Mousstery> Hello tout le monde :)
2015-03-07T19:58:53 <Shinsaber> Hello !
2015-03-07T19:59:27 <Mousstery> Ca va?
2015-03-07T20:00:15 <adriens33> hello Mousstery
2015-03-07T20:00:21 <adriens33> ça va, et toi ?
2015-03-07T20:00:28 <Mousstery> yop adriens
2015-03-07T20:00:32 <Mousstery> Ca va.
2015-03-07T20:00:43 <Mousstery> Vous faites quoi?
2015-03-07T20:02:46 <Shinsaber> Des bêtises !
2015-03-07T20:03:10 <Shinsaber> En regardant un animée !
2015-03-07T20:03:16 <Mousstery> xD
2015-03-07T20:16:35 <Mousstery> Maiisssssss !
2015-03-07T20:16:47 <Mousstery> Faudrait que t'arrête de boire Berry !
2015-03-07T20:17:44 <Mousstery> Juste un peu ?
2015-03-07T20:18:27 <Mousstery> Je te confisque ton vin !
2015-03-07T20:19:08 <Mousstery> *le met dans un meuble fermé à double tour*
2015-03-07T20:19:25 <Mousstery> Mais.. :lui donne une biére:
2015-03-07T20:19:45 <Mousstery> Juste un verre !
2015-03-07T20:20:07 <Mousstery> Mais pas plus !
2015-03-07T20:20:14 <Mousstery> Aprés tu est raisonnable.
2015-03-07T20:20:55 <Mousstery> Gentil :3
2015-03-07T20:21:17 <Mousstery> Mais tu peux prendre des sucreries si tu veux.
2015-03-07T20:22:55 <Shinsaber> Une grosse sucette 🍭 !
2015-03-07T20:22:58 <Mousstery> Tu veux que je te prive de la biére aussi ? éwé
2015-03-07T20:23:25 <Mousstery> Shinsa ><
2015-03-07T20:23:52 <Mousstery> ROOOOH !
2015-03-07T20:23:57 <Mousstery> :lui donne son vin:
2015-03-07T20:24:24 <adriens33> berry tu m'inquiète un peu, on dirait une dépressive.
2015-03-07T20:24:33 <Mousstery> J'avoue
2015-03-07T20:24:38 <Mousstery> tu devrais te ressaisir
2015-03-07T20:24:47 <Mousstery> on va t'inscrire a un centre de désintox
2015-03-07T20:25:12 <Shinsaber> Ressaisir de bière ?
2015-03-07T20:25:23 <Mousstery> :sbaff:
2015-03-07T20:25:31 <Mousstery> Si vous l'aidez pas aussi..
2015-03-07T20:26:49 <Shinsaber> #DesBisou
2015-03-07T20:27:02 <adriens33> va mourrir, shin' les hashtags ça pue.
2015-03-07T20:27:41 <Shinsaber> #ViveLesHashtags
2015-03-07T20:27:51 *** ELiDYROS s'est connecté
2015-03-07T20:28:11 <ELiDYROS> Bonsoir.
2015-03-07T20:28:14 <adriens33> Yo ELiDYROS
2015-03-07T20:28:32 <Mousstery> Alut EliDYROS
2015-03-07T20:28:41 <Shinsaber> Bonjouir
2015-03-07T20:28:48 <adriens33> …
2015-03-07T20:28:52 * adriens33 facehoof *
2015-03-07T20:32:17 <ELiDYROS> Quoi de beau ?
2015-03-07T20:32:37 <Shinsaber> Du moche
2015-03-07T20:33:03 <adriens33> Shinsaber on a dit qu'on appelait pas berry comme ça
2015-03-07T20:33:44 <Shinsaber> Berry on t'aime !
2015-03-07T20:34:29 <Mousstery> Ouaissss
2015-03-07T20:39:24 <adriens33> ^^
2015-03-07T20:42:21 <Shinsaber> On m'a dit de marquer "ce qui te passe par la tête "
2015-03-07T20:43:02 * adriens33 faceground *
2015-03-07T20:43:21 <Shinsaber> Fesse ?
2015-03-07T20:43:27 <adriens33> ._.
2015-03-07T20:45:34 <Shinsaber> Mable
2015-03-07T20:45:56 <Shinsaber> Qui connaît Mable ?
2015-03-07T20:49:29 <Shinsaber> http://vignette1.wikia.nocookie.net/gravityfalls/images/4/4e/Gravity_Falls_Opening_Mabel.PNG/revision/latest?cb=20120629194148
2015-03-07T20:49:49 <Mousstery> Gravity Falls <3
2015-03-07T20:50:55 <Shinsaber> Yay
2015-03-07T20:50:59 <Shinsaber> http://vignette2.wikia.nocookie.net/gravityfalls/images/b/b5/S1e5_mabel_hallucination.png/revision/latest?cb=20120719190959
2015-03-07T20:55:47 <Fidzu> Bonsoir le monde
2015-03-07T20:56:29 <Mousstery> Bonzoiiir
2015-03-07T20:56:54 <adriens33> Bonsoir Fidzu le solitaire
2015-03-07T20:57:31 <Fidzu> j'ai organisé un meetup samedi 21
2015-03-07T20:57:35 <Fidzu> juste pour vous dire ...
2015-03-07T20:57:44 <adriens33> okii ^^
2015-03-07T20:57:52 <adriens33> (je rigolais, hein ;) )
2015-03-07T20:58:23 <Fidzu> ben ta pas tort non plus XD
2015-03-07T20:59:06 <Mousstery> Fidzu j'ai vu
2015-03-07T20:59:10 <Mousstery> par contre
2015-03-07T20:59:20 <Mousstery> pourquoi ce titre ? xD
2015-03-07T20:59:56 <Fidzu> en gros, c'est un meet up pour voir toutes les nouvelles tetes
2015-03-07T21:00:07 <Fidzu> et pour les nouveaux de rencontrer les vieux
2015-03-07T21:00:47 <Fidzu> vu qu’apparemment ca fais longtemps que personne n'avait fais de meetup
2015-03-07T21:01:35 <Mousstery> Je serais dans la catégorie new o/
2015-03-07T21:01:49 <Fidzu> ben moi aussi ^^
2015-03-07T21:01:59 <Fidzu> je ne suis la que depuis 1 semaine
2015-03-07T21:02:10 <Mousstery> 2 moi.
2015-03-07T21:02:12 <Fidzu> et je me sentais un peu seul
2015-03-07T21:02:24 <Fidzu> ducoup le coup du Fidzu le solitaire n'est pas faux ^^
2015-03-07T21:02:29 <Mousstery> x)
2015-03-07T21:02:32 <adriens33> héhé
2015-03-07T21:03:14 <Fidzu> vous viendrez ?
2015-03-07T21:03:18 <Mousstery> adriens tu date?
2015-03-07T21:03:46 <adriens33> Mousstery> c'est-à-dire ?
2015-03-07T21:04:38 <Mousstery> ben je veux dire tu t'est inscris il y a longtemps?
2015-03-07T21:04:49 <adriens33> mai 2014 à peu près
2015-03-07T21:05:07 <Mousstery> x)
2015-03-07T21:05:13 <Fidzu> par contre j'ai les boules, j'avais ecris une superbe description pour cet event mais elle n'est pas affichée =(
2015-03-07T21:05:15 <Shinsaber> Dernière épisode saison 4 ^^
2015-03-07T21:05:29 <adriens33> ouai Shinsaber =D
2015-03-07T21:06:04 <Mousstery> d'ailleurs adriens33 , EliDYROS , TrappyTickles et Shinsaber vous étiez la à l'anniv Samedi?
2015-03-07T21:06:29 <ELiDYROS> Non.
2015-03-07T21:06:43 <Shinsaber> Nop je crois pas !
2015-03-07T21:06:55 <adriens33> ELiDYROS> https://www.youtube.com/watch?v=caXgpo5Ezo4
2015-03-07T21:06:55 <TrappyTickles> nope
2015-03-07T21:06:58 <adriens33> (nope)
2015-03-07T21:07:06 <Mousstery> :'(
2015-03-07T21:07:09 <Mousstery> tristesse
2015-03-07T21:07:18 <ELiDYROS> lol adriens33
2015-03-07T21:07:23 <Fidzu> mdr ce Non
2015-03-07T21:09:15 <Fidzu> je viens juste de finir de regarder bronies the extremely unexpected fans of my little pony
2015-03-07T21:09:36 <Fidzu> et franchement .. wow
2015-03-07T21:10:27 <Mousstery> c'quoi?
2015-03-07T21:10:44 <Fidzu> tu connais A Brony tail ?
2015-03-07T21:10:54 <Mousstery> non :c
2015-03-07T21:11:04 <Fidzu> bon alors laisse moi t'expliquer
2015-03-07T21:11:36 <Fidzu> il existe des documentaires (bronies 1, bronies 2 et a brony tail) qui sont, bien evidement, des doc sur les Bronies
2015-03-07T21:11:48 <adriens33> *a brony tale non ?
2015-03-07T21:11:54 <ELiDYROS> xD
2015-03-07T21:11:56 <Fidzu> ouai fail
2015-03-07T21:11:58 <adriens33> (tale = histoire, tail=queue)
2015-03-07T21:12:43 <Fidzu> dailleur dans a brony tale, le doc est surtout focus sur Ashleigh Ball, la doubleuse de RD et applejack
2015-03-07T21:13:31 <Fidzu> si jamais tu as envies de voir ce que fais la communauté et ce qui se passe a bronycon, regarde bronies 1 ( et 2 mais faut payer ^^ )
2015-03-07T21:13:55 <Mousstery> Rah mais j'ai pas de fric moi D:
2015-03-07T21:14:14 <Fidzu> et si jamais tu veux savoir ce qu'a apporté MLP a certaines personne, comment ca a changé l'envi et sentir et avoir la larme a l'oeil, regarde a brony tale
2015-03-07T21:14:31 <Fidzu> changé leurs vie*
2015-03-07T21:15:13 <Fidzu> tu peux les dl sur yaypony
2015-03-07T21:15:29 <Fidzu> du moins ABT oui mais les autres je sais pas
2015-03-07T21:16:46 <ELiDYROS> j'étais chez un des mecs qui passe dans le film unexpected, cet été
2015-03-07T21:17:05 <Fidzu> le 2 ?
2015-03-07T21:17:33 <ELiDYROS> Quel 2 ?
2015-03-07T21:17:47 <Fidzu> ben il y en a 2
2015-03-07T21:18:28 <Fidzu> dans le 1, je sais qu'un moment il y a un francais.
2015-03-07T21:19:04 <ELiDYROS> j'en vois qu'un "The Extremely" machin
2015-03-07T21:19:09 <Mousstery> Vois rien pour regarder A Brony Tale :c
2015-03-07T21:19:19 <ELiDYROS> enfin bref, non chez un des mecs qui habite près de Seattle
2015-03-07T21:20:02 <Fidzu> Mousstery: par contre j'ai trouvé que des sous titres anglais pour ABT donc j'espère que tu comprend un peu l'anglais
2015-03-07T21:20:14 <Mousstery> Oui :c
2015-03-07T21:20:50 <Fidzu> a ben mince il est pas sur yay pony
2015-03-07T21:20:56 <Fidzu> je sais plus sur quoi je l'ai dl alors
2015-03-07T21:20:58 <Fidzu> att je cherche
2015-03-07T21:21:40 <Fidzu> http://www.equestriadaily.com/2015/03/bronies-2-now-available-on-dvd-plus.html ca c'est l'annonce de bronies 2
2015-03-07T21:22:37 <ELiDYROS> J'étais donc chez celui du premier, avec le créateur de MyLittleKaraoke, et celui derrière Yayponies
2015-03-07T21:23:36 <Fidzu> Mousstery: je sais plus ou je l'ai choppé, faudrais chercher sur le net ou alors je t'envoi le torrent avec les sous titres anglais ?
2015-03-07T21:23:53 <Mousstery> M'oui. :c
2015-03-07T21:25:44 <Fidzu> Mousstery: je m'en occupe
2015-03-07T21:28:50 *** adriens33 est parti
2015-03-07T21:31:04 <Fidzu> http://www.mediafire.com/download/9pis9kimpk9r223/ABT.rar
2015-03-07T21:31:08 <Fidzu> normalement c'est bon
2015-03-07T21:34:27 *** ELiDYROS est parti
2015-03-07T21:40:09 <Mousstery> Ouais !
2015-03-07T21:40:12 <Mousstery> Dans 1h
2015-03-07T21:40:24 <Fidzu> 1H de dl ?
2015-03-07T21:42:50 <Mousstery> yep
2015-03-07T21:43:04 <Mousstery> #pcportableacotedesabox
2015-03-07T21:45:08 <Fidzu> XD
2015-03-07T21:47:19 *** Shinsaber est parti
2015-03-07T21:50:23 <Fidzu> tu veux aussi Bronies 1 en vostfr ?
2015-03-07T21:50:39 <Mousstery> donne ^^
2015-03-07T21:51:48 <Fidzu> https://www.t411.io/torrents/download/?id=4782753
2015-03-07T21:55:04 <Mousstery> T'a pas un autre site ? :c
2015-03-07T22:01:59 <Fidzu> tu arrive pas a le dl ?
2015-03-07T22:02:09 <Fidzu> tu veux que je te l'envoi sous mediafire aussi ?
2015-03-07T22:02:26 <Mousstery> oui ^^
2015-03-07T22:05:18 <Fidzu> http://www.mediafire.com/download/6acs82t9swa9gcv/Bronies+-+The+Extremely+Unexpected+Adult+Fans+of+My+Little+Pony+%281%29.torrent
2015-03-07T22:05:19 <Fidzu> kdo
2015-03-07T22:08:42 <Mousstery> merci
2015-03-07T22:56:12 *** Fidzu est parti
2015-03-07T23:00:10 *** Fidzu s'est connecté
2015-03-07T23:07:06 *** Fidzu est parti
2015-03-07T23:10:07 *** adriens33 s'est connecté
2015-03-07T23:14:42 *** Fidzu s'est connecté
2015-03-07T23:23:46 *** Fidzu est parti
2015-03-07T23:24:50 *** Fidzu s'est connecté
