2015-02-06T00:48:32 *** TrappyTickles est parti
2015-02-06T02:24:55 *** Gordfang est parti
2015-02-06T04:44:16 *** adriens33 est parti
2015-02-06T08:02:19 *** adriens33 s'est connecté
2015-02-06T08:50:33 *** Petit_Cotton est parti
2015-02-06T08:51:09 <adriens33> hello
2015-02-06T09:34:06 *** heuzef s'est connecté
2015-02-06T10:03:49 *** TrappyTickles s'est connecté
2015-02-06T10:08:54 <heuzef> yop
2015-02-06T10:09:15 <TrappyTickles> oi
2015-02-06T10:11:39 *** heuzef est parti
2015-02-06T10:19:24 *** adriens33 est parti
2015-02-06T10:32:18 *** heuzef s'est connecté
2015-02-06T10:50:41 *** heuzef est parti
2015-02-06T11:33:09 *** heuzef s'est connecté
2015-02-06T13:06:32 <TrappyTickles> haha Free, bien joué, ils m'ont fait peur pour le coup
2015-02-06T13:07:17 <TrappyTickles> Free aurait craqué et bloqué TPB finalement depuis ce matin... Mais y a d'autres miroirs dispo qui marchent toujours et les magnet marchent toujours :p
2015-02-06T13:10:38 *** MaCharon s'est connecté
2015-02-06T13:10:50 <MaCharon> salut
2015-02-06T13:42:29 <Lenile> Yop
2015-02-06T14:03:53 <Lenile> Comment va ?
2015-02-06T14:04:48 <MaCharon> dsl je vient de finir de miam
2015-02-06T14:04:58 <MaCharon> va bien sinn
2015-02-06T14:06:55 <Lenile> Ouaip'
2015-02-06T14:07:02 <Lenile> J'sais pas quoi faire sur mon nunux
2015-02-06T14:07:09 <Lenile> xD
2015-02-06T14:07:22 <MaCharon> pov' petit
2015-02-06T14:07:51 <strycore> ಠ_ಠ
2015-02-06T14:08:00 <MaCharon> ahah
2015-02-06T14:08:18 <strycore> le Tom Yum a Pitaya est super bon
2015-02-06T14:08:42 <MaCharon> si tu le dit ^^
2015-02-06T14:18:48 *** adriens33 s'est connecté
2015-02-06T14:19:39 <strycore> heuzef
2015-02-06T14:20:18 <Lenile> En tout cas HexChat c'est pas ma l !
2015-02-06T14:21:03 <strycore> •ᴥ•
2015-02-06T14:21:22 <strycore> ¯_(ツ)_/¯
2015-02-06T14:21:38 <MaCharon> <(^_^)>
2015-02-06T14:21:53 <strycore> ( ͡° ͜ʖ ͡°)
2015-02-06T14:22:24 <Lenile> J'me suis peter la main
2015-02-06T14:22:36 <MaCharon> Oo
2015-02-06T14:23:04 <Lenile> Rage time sur lolo
2015-02-06T14:23:07 <Lenile> lol
2015-02-06T14:23:11 <Lenile> Je saigne de la mian du coup
2015-02-06T14:23:34 <MaCharon> ah ben bravo
2015-02-06T14:25:00 <Lenile> J'ai mal ;_;
2015-02-06T14:25:32 <adriens33> helloo
2015-02-06T14:25:39 <adriens33> quoi qu'il y a Lenile?
2015-02-06T14:25:44 <MaCharon> coucou
2015-02-06T14:25:56 <MaCharon> rien c'est un boulet
2015-02-06T14:28:56 <Lenile> Je joue avec des putains de français et je perd --'
2015-02-06T14:29:19 <MaCharon> ah ben tu joues avec des français aussi
2015-02-06T14:29:41 <Lenile> J'y peut rien
2015-02-06T14:29:43 <adriens33> Lenile: a quoi tu joue?
2015-02-06T14:29:47 <Lenile> Sont tout pourris les Frs
2015-02-06T14:29:48 <MaCharon> LoL
2015-02-06T14:29:57 <MaCharon> surtout con
2015-02-06T14:30:14 <MaCharon> tu play supp ?
2015-02-06T14:30:52 <adriens33> ey lenile je joue pas a lol mais je te ferai remarquer que t'es français aussi... XD
2015-02-06T14:32:01 <Lenile> Ouais mais moi je suis un Français intelligent
2015-02-06T14:32:12 <Lenile> Eux c'est de la petite merde qui joue à lol comme ils jouent à Candy Crush
2015-02-06T14:32:20 <adriens33> genre les français c'est tous des cons sauf toi ? --"
2015-02-06T14:32:27 <Lenile> La majoritée
2015-02-06T14:32:32 <MaCharon> une grand partie
2015-02-06T14:32:36 <adriens33> tu vien d'insulter tous les gens de BC pauvre andouille XD
2015-02-06T14:32:57 <adriens33> (et on écrit Majorité sans e à la fin)
2015-02-06T14:33:04 <adriens33> *viens
2015-02-06T14:33:05 <strycore> https://www.youtube.com/watch?v=CbwIbHe5IGM
2015-02-06T14:33:42 <adriens33> ..
2015-02-06T14:33:58 <Lenile> Nan Macharon je play mid
2015-02-06T14:34:12 <Lenile> adriens33 j'ai dit tout les françaisqui jouent à lol
2015-02-06T14:34:20 <adriens33> non t'avais pas précisé.
2015-02-06T14:34:20 <Lenile> J'ai aps dit toutes les personnes qui habitent ne france
2015-02-06T14:34:27 <MaCharon> tu voudras faire une game avec moi ?
2015-02-06T14:35:09 <Lenile> J'ai surrender la mienne
2015-02-06T14:35:09 <Lenile> Go
2015-02-06T14:35:21 <Lenile> Ajoute Lenile
2015-02-06T14:35:58 <MaCharon> voili
2015-02-06T14:36:11 *** heuzef est parti
2015-02-06T14:36:55 <strycore> fuck
2015-02-06T14:38:53 <Lenile> J'trouve plus ces putain de pansement e.e
2015-02-06T14:39:15 <Lenile> J'avais un Kit de soin complet et je retrouve rien u.u
2015-02-06T14:39:25 <strycore> saigne sur ton clavier ça te fera des Cherry MX Red
2015-02-06T14:40:49 <Lenile> J'avais un Kit de soin complet et je retrouve rien u.uTrouvé !7
2015-02-06T14:40:55 *** adriens33 est parti
2015-02-06T14:41:41 <Lenile> trouvé !
2015-02-06T15:16:28 *** heuzef s'est connecté
2015-02-06T15:17:01 <strycore> fais pas semblant heuzef
2015-02-06T15:18:34 <Lenile> On aura quand même gagné MaCharon
2015-02-06T15:18:35 <Lenile> xD
2015-02-06T15:18:53 <MaCharon> je croyais que tu jouait bien zyra ?
2015-02-06T15:18:57 <MaCharon> ^^
2015-02-06T15:19:08 <Lenile> Ouais mais je suis tombé que contre des Anti-zyra level 30
2015-02-06T15:19:19 <Lenile> Ziggs et Veigar se sont juste les pires
2015-02-06T15:19:32 <MaCharon> par contre t'as pas l'habitude de te battre contre veigar
2015-02-06T15:19:38 <MaCharon> ça se voit
2015-02-06T15:19:40 <Lenile> Ouais
2015-02-06T15:19:55 <Lenile> Et Ziggs est horrible avec ces bombes distant
2015-02-06T15:20:01 <MaCharon> quand il te cage faut pas aller en arriere
2015-02-06T15:20:01 <Lenile> Heureusement je suis pas aller au mid
2015-02-06T15:20:10 <Lenile> Faut faire comment ? xd
2015-02-06T15:20:18 <MaCharon> rester au millieu
2015-02-06T15:20:19 <Lenile> Si je restait au centre il me défoncait
2015-02-06T15:20:32 <MaCharon> oui mais tu peux le taper en attendant
2015-02-06T15:20:35 <Lenile> Mouais
2015-02-06T15:20:42 <MaCharon> si si
2015-02-06T15:20:44 <Lenile> J'ai beaucoup de dégats maius 0 vie avec Zyra
2015-02-06T15:21:06 <MaCharon> ben il te cage et pendant ec temps la tu le pete
2015-02-06T15:21:32 <Lenile> Même en 1 v 1 sans cage il me défoncait
2015-02-06T15:21:37 <Lenile> Et en plus ils étaits
2015-02-06T15:21:45 <Lenile> Donc si ils me cage j'était mort de toute façon
2015-02-06T15:22:01 <MaCharon> mouai...
2015-02-06T15:22:48 <Lenile> J'vais me faire une  game de Cs:Go histoire de bien rager
2015-02-06T15:22:59 <MaCharon> ok
2015-02-06T15:23:06 <MaCharon> bonne game
2015-02-06T16:07:42 *** heuzef est parti
2015-02-06T16:07:58 *** heuzef s'est connecté
2015-02-06T16:12:09 *** adriens33 s'est connecté
2015-02-06T16:22:22 *** adriens331 s'est connecté
2015-02-06T16:24:37 *** adriens33 est parti
2015-02-06T16:29:43 *** adriens331 est parti
2015-02-06T16:39:00 *** Petit_Cotton s'est connecté
2015-02-06T16:55:28 *** Petit_Cotton est parti
2015-02-06T18:41:46 *** Petit_Cotton s'est connecté
2015-02-06T19:04:48 *** adriens33 s'est connecté
2015-02-06T19:15:54 *** heuzef est parti
2015-02-06T19:46:37 *** MaCharon est parti
2015-02-06T19:47:50 *** MaCharon s'est connecté
2015-02-06T20:32:24 <Petit_Cotton> Wouhou. Wouh.
2015-02-06T20:32:33 <Lenile> Weeeeheee hee
2015-02-06T20:37:42 <Lenile> Sont tellement beau les fails de la semaine :')
2015-02-06T20:38:10 <Petit_Cotton> Quels fails ?
2015-02-06T20:47:55 <Lenile> Hein ?
2015-02-06T20:50:09 <Petit_Cotton> Quels fails de la semaine ?
2015-02-06T20:50:14 <Petit_Cotton> De quoi parles-tu ?
2015-02-06T21:00:51 <Lenile> Failarmy sur Youtube
2015-02-06T21:16:24 <Lenile> Pourquoi je tombe sur tout les kikoo sur Lol u.u
2015-02-06T21:22:49 <Petit_Cotton> La réponse est dans la question.
2015-02-06T21:26:31 *** Petit_Cotton est parti
