2015-02-14T00:18:22 *** TrappyTickles est parti
2015-02-14T10:03:06 *** TrappyTickles s'est connecté
2015-02-14T10:52:29 <Lenile> Pourquoi tu rage TrappyTickles  ? x)
2015-02-14T10:53:38 <TrappyTickles> <TrappyTickles> purée faut cmb de temps pour apprendre le bépo ?!
2015-02-14T10:54:23 <TrappyTickles> j,ai l,impression que j,y arriverai jamais
2015-02-14T10:54:31 <Lenile> S'quoi le Bepo ?
2015-02-14T10:54:37 <TrappyTickles> PUTAIN MAIS MERDE LA
2015-02-14T10:55:06 <TrappyTickles> demande a google, ca ira + vite
2015-02-14T10:55:21 <Lenile> u.u
2015-02-14T10:55:26 <TrappyTickles> je tape trop lentement
2015-02-14T10:55:49 <Lenile> Haaa ça
2015-02-14T10:55:55 <Lenile> C'est se que Mathias à acheter
2015-02-14T10:56:14 <TrappyTickles> regarde ça je confonds les , et les '
2015-02-14T10:56:20 <TrappyTickles> ui
2015-02-14T10:56:33 <Lenile> Bah t'enerve pas pour ça mon grand
2015-02-14T10:56:39 <Lenile> C'est un clavier faut juste prendre l'habitude
2015-02-14T10:56:50 <Lenile> Ne cherche pas à apprendre cherche juste à écrire et ça rentrera tout seul
2015-02-14T10:56:54 <Lenile> Faut pas forcé les choses$
2015-02-14T10:57:25 <TrappyTickles> je sais.. c' est pour ça que je vais faire ça http://gallica.bnf.fr/ark:/12148/bpt6k739040/f12.image
2015-02-14T10:57:34 <Lenile> Quand je passe de mon claveier Cyborg V7 au clavié plat de pc portable DELL tu vois bien que je fait des fautes aussi
2015-02-14T10:57:41 <Lenile> C'est pas que l'ordre des touches qui change
2015-02-14T10:57:48 <TrappyTickles> retranscrir ça en epub
2015-02-14T10:58:10 <Lenile> J'vois
2015-02-14T10:58:14 <Lenile> Bref, t'enerve pas oiur si peu
2015-02-14T10:58:29 <Lenile> C'est qu'un question d'habitude
2015-02-14T10:58:48 <Lenile> Même Math la dernière fois que j'y suis aller n'arrivais pas encore trop bien à utilisé son clavier
2015-02-14T10:58:51 <TrappyTickles> mais ça m'énèrve de taper si lentement
2015-02-14T10:59:14 <Lenile> Si tu savais que ça t'enerve de perdre du niveau falais pas l'acheter
2015-02-14T10:59:21 <Lenile> Hier j'ai refait de la course à pied en sport
2015-02-14T10:59:30 <Lenile> J'était ancien champion d'Alsace de course à pied
2015-02-14T10:59:41 <Lenile> Puis la j'me suis fait baisé par des gamins de 15 / 16 ans
2015-02-14T10:59:45 <Lenile> Bah j'ai pas abandonné
2015-02-14T10:59:53 <Lenile> ça m'enervais
2015-02-14T10:59:56 <Lenile> Mais j'ai pas abandonné
2015-02-14T11:00:04 <Lenile> Tout n'est qu'une question d'entrainement
2015-02-14T11:00:23 <TrappyTickles> avant je faisais une phrase en moins de 20secs, là ça me prend + d'1min
2015-02-14T11:00:33 <Lenile> C'est normal
2015-02-14T11:00:39 <Lenile> Toutes les touches change,t
2015-02-14T11:02:00 <TrappyTickles> mais bon, ça ira mieux quand j'aurai intensivement réécrit la clorise
2015-02-14T11:02:44 <Lenile> Ouai
2015-02-14T11:02:49 <Lenile> Entraine toi tu veraa
2015-02-14T11:04:05 <TrappyTickles> pas gagné, ils écrivent comme des glands av 17e siècle
2015-02-14T11:04:17 <Lenile> xD
2015-02-14T11:05:02 <TrappyTickles> ils utilisent même le B allemand pour les «ss»
2015-02-14T11:06:43 <Lenile> Les SS et les allemands... :c
2015-02-14T11:07:10 <TrappyTickles> lol
2015-02-14T11:08:16 <TrappyTickles> new trailer! https://www.youtube.com/watch?v=HCob40t8dtE
2015-02-14T11:08:51 <TrappyTickles> lol j'adore le «say whaaaaat?» d'AJ
2015-02-14T12:20:58 *** MaCharon s'est connecté
2015-02-14T14:25:12 *** MaCharon est parti
2015-02-14T15:46:45 *** holly s'est connecté
2015-02-14T16:08:40 *** ELiDYROS s'est connecté
2015-02-14T16:13:14 *** Guest98962 est parti
2015-02-14T17:11:26 *** Aragox s'est connecté
2015-02-14T17:18:36 *** Aragox est parti
2015-02-14T19:59:43 *** ELiDYROS est parti
2015-02-14T23:07:58 <Lenile> TrappyTickles ?
2015-02-14T23:36:30 *** ELiDYROS s'est connecté
