2015-03-05T04:10:55 *** MaCharon est parti
2015-03-05T04:15:14 *** strycore est parti
2015-03-05T04:15:47 *** strycore s'est connecté
2015-03-05T07:18:30 *** Fidzu s'est connecté
2015-03-05T09:10:38 *** heuzef s'est connecté
2015-03-05T11:09:52 *** TrappyTickles s'est connecté
2015-03-05T11:22:44 *** Yffrit s'est connecté
2015-03-05T11:22:52 <Yffrit> Hey salut !
2015-03-05T11:38:36 <heuzef> plop =)
2015-03-05T11:40:54 <Yffrit> T'es pas au boulot toi ? x)
2015-03-05T11:44:45 <heuzef> Si pourquoi ? :/
2015-03-05T11:46:29 <Yffrit> Je vois que tu as le temps de te co
2015-03-05T11:46:58 <heuzef> Tu confond justement
2015-03-05T11:47:00 <Fidzu> Plop
2015-03-05T11:47:04 <heuzef> Je suis toujours co par defaut
2015-03-05T11:47:13 <heuzef> Sauf quand je suis en déplacement
2015-03-05T11:49:37 <Fidzu> Bon appétit a tous btw
2015-03-05T11:53:55 <heuzef> Je vais manger aussi
2015-03-05T11:53:59 <heuzef> nap ^^
2015-03-05T11:54:08 <Yffrit> Bon appétit
2015-03-05T11:56:27 <Yffrit> Au fait Heuzef, tu participes le 14 ?
2015-03-05T11:57:47 <heuzef> Uniquement si tu me garantie que ton jeux est fonctionnel sous Fedora 21
2015-03-05T11:59:04 <Yffrit> Nop, pas de linux pas de Mac mais si tu veux, tu peux venir à la maison observer puis on a des pc en rab :)
2015-03-05T11:59:57 <heuzef> Tu pourra au moins compter sur moi pour tester le dev de ton jeux sur les plateforme RedHat ;)
2015-03-05T12:00:49 <Fidzu> Ah c'est toi qui cherche des testeur ?
2015-03-05T12:00:56 <Yffrit> Je demande quand même au programmer mais je pense pas que linux sera supporté pendant le test
2015-03-05T12:01:27 <Yffrit> Yep, c'est moi
2015-03-05T12:02:19 <Fidzu> J'ai hate de tester la bête :D
2015-03-05T12:02:58 *** heuzef est parti
2015-03-05T12:03:26 <Yffrit> Ouais enfin... c'est pas encore une bête, juste un nouveau né :)
2015-03-05T12:03:47 <Fidzu> ^^
2015-03-05T12:04:25 <Yffrit> Toi, si j'ai compris, tu fais des figurines ?
2015-03-05T12:04:59 <Fidzu> Oui en supersculpey
2015-03-05T12:05:40 <Yffrit> Intéressant. Tu fais sur commande ?
2015-03-05T12:05:51 <Yffrit> et en gros ?
2015-03-05T12:09:24 <Fidzu> Pour le moment je fais juste pour moi mais ce serais cool de faire sur commande
2015-03-05T12:10:24 <Fidzu> Pas pour l'argent mais juste pour faire plaisir a des gens
2015-03-05T12:12:04 <Yffrit> Disons que je vais faire un Indiegogo d'ici quelques semaines et je pense proposer des goodies dans les récompenses. Pourquoi ne pas en faire profiter l'entourage ? :D
2015-03-05T12:13:08 *** Fidzu est parti
2015-03-05T12:13:42 *** Fidzu s'est connecté
2015-03-05T12:14:03 <Fidzu> Mon phone m'énerve vraiment a me deco ..
2015-03-05T12:14:22 <Fidzu> Ducoup j'ai pas vu ton message
2015-03-05T12:14:36 <Yffrit> Disons que je vais faire un Indiegogo d'ici quelques semaines et je pense proposer des goodies dans les récompenses. Pourquoi ne pas en faire profiter l'entourage ? :D
2015-03-05T12:14:44 <Yffrit> merci copier/coller xD
2015-03-05T12:15:11 <Fidzu> Mes figurines en récompense ?
2015-03-05T12:16:23 <Fidzu> Pourquoi pas !
2015-03-05T12:16:28 <Yffrit> On te fournirait des modèles 3D et toi tu les supersculpeyras.
2015-03-05T12:17:24 <Fidzu> Avec plaisir !
2015-03-05T12:19:43 <Yffrit> C'est pas encore fait et ça dépendra des retours du 14 mais ça serait cool que ça marche :D
2015-03-05T12:26:26 <Fidzu> Et puis même si ça marche pas ca marche pas,  ça fera des sculpture pour l'équipe ^^
2015-03-05T12:28:51 <Yffrit> xD
2015-03-05T12:28:56 <Yffrit> Tout à fait
2015-03-05T12:38:53 <Yffrit> Je vais manger, bon appé
2015-03-05T12:45:08 <Fidzu> Nap
2015-03-05T12:55:18 *** heuzef s'est connecté
2015-03-05T13:21:56 *** MaCharon s'est connecté
2015-03-05T13:37:55 <Fidzu> Dis donc, il y a du monde .
2015-03-05T13:59:15 <Yffrit> Re !
2015-03-05T14:03:48 <Yffrit> Kev !
2015-03-05T14:04:00 <MaCharon> MOUI ,
2015-03-05T14:04:05 <MaCharon> ?
2015-03-05T14:04:12 <MaCharon> dsl pour les maj
2015-03-05T14:13:49 <Yffrit> Pour le JDR de dimanche, je pense plus à 14h que 13h
2015-03-05T14:14:19 <MaCharon> ok je fait passer le message
2015-03-05T14:14:52 <Yffrit> Thx
2015-03-05T14:29:49 <heuzef> MaCharon alors ça avance les POM avec Mousstery ?
2015-03-05T14:30:13 <MaCharon> what is that ?
2015-03-05T14:30:31 <heuzef> Oula
2015-03-05T14:30:52 <heuzef> Pourtant tu en à discuter avec lui je suis témoin
2015-03-05T14:31:16 <MaCharon> peut etre je me souviens plus
2015-03-05T14:31:46 <heuzef> http://ponysonmovies.fr/bordeaux-21emes-pom-dimanche-29-mars-2015
2015-03-05T14:32:44 <MaCharon> ah ouai effectivement ça me dit quelque choe
2015-03-05T14:34:53 <Fidzu> Oh c'est cool pom !
2015-03-05T14:34:54 *** heuzef est parti
2015-03-05T14:35:13 *** heuzef s'est connecté
2015-03-05T14:39:08 <Fidzu> Faut s'inscrire pour pom ?
2015-03-05T14:39:45 <MaCharon> je suppose
2015-03-05T14:40:16 <Fidzu> Projet almanac *bave
2015-03-05T15:45:48 *** Berry-Punch s'est connecté
2015-03-05T15:46:16 *** adriens33 s'est connecté
2015-03-05T15:46:33 <adriens33> yop all
2015-03-05T15:46:54 <MaCharon> slt
2015-03-05T15:47:57 <adriens33> heuzef> j'ai rebase l'historique de commit de berry, pour éviter d'avoir 35 mille commits "ajout log 2015-02-01" etc, pour les merger à la suite (genre si y'a 10 commits de log, pour n'en avoir qu'un) mais du coup si tu as cloné le dépot il vaut mieux le re clone parce que ça a changé les id des commits (je sais, c'est pas hyper propre, mais bon… XDo)o
2015-03-05T15:49:51 <heuzef> No souci
2015-03-05T15:50:37 <adriens33> du coup pour les prochain ajouts de log, comme c'est quotidien et ajouté automatiquement en crontab, je risque de refaire des rebase de temps en temps, histoire de nettoyer l'historique un peu
2015-03-05T15:51:28 <adriens33> mais pour les prochain j'aurai pas tout l'historique de commit à nettoyer au moins XD
2015-03-05T16:25:55 *** Yffrit est parti
2015-03-05T16:53:47 *** Fidzu est parti
2015-03-05T17:00:46 *** Fidzu s'est connecté
2015-03-05T17:27:33 *** heuzef est parti
2015-03-05T18:01:06 *** ELiDYROS s'est connecté
2015-03-05T18:02:34 <ELiDYROS> Hiya
2015-03-05T18:03:23 <Fidzu> Hi
2015-03-05T18:04:07 <adriens33> Hello ELiDYROS
2015-03-05T18:16:05 <ELiDYROS> Comment ça va ?
2015-03-05T18:28:24 *** ELiDYROS est parti
2015-03-05T18:32:23 *** Fidzu est parti
2015-03-05T18:33:24 *** ELiDYROS s'est connecté
2015-03-05T18:38:33 *** Fidzu s'est connecté
2015-03-05T18:47:42 *** Elvon s'est connecté
2015-03-05T18:49:16 <ELiDYROS> Désolé
2015-03-05T18:51:17 <Fidzu> désolé ?
2015-03-05T18:53:10 <Elvon> Bien le bonjour!!
2015-03-05T18:53:27 <Fidzu> bijour
2015-03-05T18:54:27 <Elvon> Hey! Berry-Punch tu me sert mon Irish coffee S'il te plait ?
2015-03-05T18:54:43 <Elvon> Berry ,
2015-03-05T18:54:50 <Elvon> Berry ?  *
2015-03-05T18:55:04 * Elvon fait le tour du comptoir
2015-03-05T18:56:12 <adriens33> Berry ?
2015-03-05T18:56:14 <adriens33> :D
2015-03-05T18:56:35 * Elvon ramasse la pauvre petite Berry-Punch qui ronfle comme une vielle Broyeuse oublier en marche dans une forêt. (quand t'es loin tu l'entend pas mais si tu rapproche)*
2015-03-05T18:56:38 <adriens33> ELiDYROS> ça va, et toi ?
2015-03-05T18:56:54 <adriens33> Elvon> si tu continue ça va finir en rp… XD
2015-03-05T18:57:25 <Elvon> HEy! Berry faut pas dormir sur le carlage?! en plus  ça fait 2 mois que je te le dit maintenant...
2015-03-05T18:58:31 <Elvon> adriens33> Je me fait un kiff Rp avec cet charmante Pinte de tenancière.
2015-03-05T18:58:39 <adriens33> ^^
2015-03-05T18:58:52 <Elvon> comme tu fait pour la faire réagir ?
2015-03-05T18:59:10 <Elvon> moi j'ai beaux la secouer dans tout les sens elle ronfle encore
2015-03-05T19:01:17 <Fidzu> Tu pense qu'ils vont parler de toi dans le 100 eme episode Berry ?
2015-03-05T19:06:02 <Elvon> !muffin TrappyTickles
2015-03-05T19:07:23 <Fidzu> à cette vitesse la, quesqui explose, TrappyTickles ou le muffin ?
2015-03-05T19:08:13 <Fidzu> Berry calme toi tu fais du mal à TrappyTickles !
2015-03-05T19:10:48 <Elvon> Mais il est resistant voyons
2015-03-05T19:11:18 *** ELiDYROS est parti
2015-03-05T19:13:00 <Elvon> Ah... et bien merci depuis le temps que je l'attendais X3
2015-03-05T19:13:27 <adriens33> lol
2015-03-05T19:13:39 <Elvon> Il ta fallu pas moins de 2 mois et une semaine pour me l'envoyer ce café.
2015-03-05T19:14:08 <TrappyTickles> ¿qué paso?
2015-03-05T19:15:03 <Fidzu> rien .. tu t'ais juste pris un muffin qui allé presque à la vitesse du son
2015-03-05T19:15:13 <Elvon> HEy Trappy X3
2015-03-05T19:15:18 <adriens33> Elvon> t'es pas obligé de rajouter des *hic*, elle le fait toute seule
2015-03-05T19:15:19 <Elvon> Alors mardi ?
2015-03-05T19:15:23 <adriens33> !say bla bla bla
2015-03-05T19:16:12 <Elvon> (je sais je ne suis pas venu mais j'ai oublier jusqu'à lundi, que j'avais sport le mardi de 17h a 21h.
2015-03-05T19:16:23 <Elvon> TrappyTickles:
2015-03-05T19:19:21 <Fidzu> il y aura des gens au QG demain ou après demain ?
2015-03-05T19:19:38 <Fidzu> Je compte y aller pour dire bonjour etant donné que je suis nouveau
2015-03-05T19:19:55 <Elvon> Berry-Punch> tu fait bien parce que je sais pas si il est d'aujourd'hui ce v***t
2015-03-05T19:20:53 <Elvon> Fidzu> je sais pas mais je passerais pas ni demain ni ce weekend. j'ai du monde a la casa pour une fois.
2015-03-05T19:21:46 <Elvon> Fidzu> par contre si tu as le courage de venir au Qg le weekend prochain. je pense que je serais présent.
2015-03-05T19:22:28 <Fidzu> ben je verais en fonction. ce serais cool d'organiser un micro meet up
2015-03-05T19:23:17 <Fidzu> avec les nouveaux de bronycub et les vieux si possible
2015-03-05T19:27:14 <Elvon> Euh bah tu peut utiliser un formulaire pour ça mais bon tu sais quand on est présent il y a du vieux et du neuf dans tout les cas X3. perso je suis nouveaux mais j'en connaissais déjà quelques uns. ^^ je me sens un peu comme un vieux mais bon ^^
2015-03-05T19:28:55 <Fidzu> moi je connais personne, je suis jamais allé au Calice et j'ai jamais rencontré de brony IRL :O
2015-03-05T19:28:58 <Elvon> perso je vais peut être proposé une table de H:H&H pour samedi après-midi prochain. pour le moment ce sera une campagne one-shot avec une esquades de 5 personnes max.
2015-03-05T19:29:16 <Fidzu> H&H?
2015-03-05T19:29:34 <Elvon> Fidzu> tu a quel âges ?
2015-03-05T19:29:46 <Fidzu> 17
2015-03-05T19:29:47 <Elvon> Héro & Hérétique
2015-03-05T19:30:02 <Fidzu> et toi ?
2015-03-05T19:30:34 <Elvon> ok bon du coup je disai que cela te fera office d'un dépucelage de l'inconnus.
2015-03-05T19:30:58 <Fidzu> XD
2015-03-05T19:31:39 <Elvon> 20 ans mais bon ça varie sur le moment. parfois je fait gamin mais bon quand on me connait pas et que je reste sérieux je fait plus mature.
2015-03-05T19:32:26 <Fidzu> tkt, j'ai 17, je peux paraitre 30 tout comme 10
2015-03-05T19:32:38 <Elvon> si tu va recontrer les gens pour la 1ère fois au calice faudra que tu me raconte X3.
2015-03-05T19:32:53 <adriens33> Fidzu> c'est la magie de d'Internet XD
2015-03-05T19:33:38 <Fidzu> vous aussi vous avez rencontrés d'autres brony pour la première fois au Calice ?
2015-03-05T19:33:50 * Elvon fait apparaître un nuage en forme de dragon Rose et le fait foncer droit sur adriens33.*
2015-03-05T19:34:09 <adriens33> Fidzu> nop, moi c'était avant qu'on aie un QG ^^
2015-03-05T19:34:29 <Fidzu> c'etait comment ?
2015-03-05T19:34:30 <Elvon> ouais c'était instructif X3. mais c'était aussi leur première fois au calice aussi.
2015-03-05T19:34:31 <adriens33> (ça fait pas longtemps qu'on en a un, je suis arrivé fin mai je crois)
2015-03-05T19:35:10 <Fidzu> Question, le Calice n'appartient pas qu'a bronycub ?
2015-03-05T19:35:22 <Elvon> Le QG est récent, ils l'ont trouver et on la testé le jour de l'annive a MaCharon
2015-03-05T19:35:26 <adriens33> Fidzu> c'était a un meetup, c'est là que je me suis inscrit d'ailleurs
2015-03-05T19:35:34 <adriens33> Et non, le QG n'appartient pas à BC
2015-03-05T19:35:39 <Elvon> Nop c'est une asso qui gére le média café.
2015-03-05T19:35:43 <adriens33> c'est une asso indépendante avec qui on a un partenariat
2015-03-05T19:36:04 <adriens33> (bronycub n'est pas une assotiation techniquement parlant, c'est un collectif)
2015-03-05T19:36:11 <Fidzu> ok . mais vous vous y retrouvez souvent ? ou alors autre part peut etre ?
2015-03-05T19:36:15 <adriens33> *association
2015-03-05T19:36:36 <adriens33> y'a eu 3-4 rdv au Calice depuis noel je crois
2015-03-05T19:36:43 <Elvon> Et si tu prévoit d'aller au Qg pense aller sur le facebook si tu le peut. https://www.facebook.com/aucalicedudragon?ref=ts&fref=ts
2015-03-05T19:37:01 <Fidzu> Elvon: pourquoi ?
2015-03-05T19:37:19 <adriens33> Pour réserver 2-3 jours avant min
2015-03-05T19:37:20 <adriens33> :D
2015-03-05T19:37:38 <Fidzu> comment ca ? il faut reserver ?
2015-03-05T19:37:49 <adriens33> bah pour aller au calice
2015-03-05T19:37:49 <Elvon> Parce qu'il y est expliquer beaucoup de chose dont je n'ai que peu de patience a expliqué
2015-03-05T19:37:56 <Elvon> et bien oui et non
2015-03-05T19:38:18 <adriens33> enfin t'es pas obligé de réserver avant de venir mais c'est plus poli quoi
2015-03-05T19:38:32 <adriens33> comme ça ils peuvent avoir une idée de cmb de personnes il faut prévoir
2015-03-05T19:38:41 <Elvon> regarde sur leur page si tu peut pas je veux bien expliquer mais par Vocal (skype, mumble, TS)
2015-03-05T19:39:55 <Elvon> si tu viens tous seul ou avec un ou deux pas besoin mais pour certaine occase il vaut mieux sinon tu risque te retrouver sans possibilite de monter a l'étage (un salon cosi et gaming)
2015-03-05T19:40:29 <adriens33> *cosy
2015-03-05T19:40:30 <Fidzu> de toute facon je serais toujours tout seul XD
2015-03-05T19:40:31 <adriens33> *occases
2015-03-05T19:40:39 <adriens33> Fidzu> forever alone ? XD
2015-03-05T19:40:54 <Fidzu> Forever alone Brony oui
2015-03-05T19:41:56 <Elvon> oui mais après si tu veux voir du monde pense a fair une invite sympas pour l'agenda dans le formulaire du site prévue a cet effet
2015-03-05T19:42:24 <Fidzu> je vois pas ou c'est marqué sur le FB
2015-03-05T19:42:36 <Elvon> je t'envoie ça
2015-03-05T19:43:35 <Fidzu> et c'est genre un open café, nimporte qui rentre et va ou il veut ou pas ?
2015-03-05T19:43:37 *** Elvon est parti
2015-03-05T19:45:25 *** Elvon s'est connecté
2015-03-05T19:46:43 <Fidzu> flood kick ?
2015-03-05T19:46:45 <Elvon> Re et désolé Berry-Punch d'avoir pris tout le papier de tes toilette pour écrire en msg le résume de l'AG du calice a Fidzu
2015-03-05T19:47:00 <Fidzu> j'ai trouvé
2015-03-05T19:47:17 <Elvon> oui tu peut lire ce que je t'ai envoyer ou pas?
2015-03-05T19:47:17 <adriens33> ouai évite de paste un message trop long en !say ou do Elvon stp
2015-03-05T19:47:33 <adriens33> si tu me fais kick berry pour flood, je suis obligé de la relancer…
2015-03-05T19:47:34 <Fidzu> j'ai trouvé la publication
2015-03-05T19:47:58 <adriens33> (ça sort pas juste du chan, ça déconnecte du serveur)
2015-03-05T19:48:00 <Elvon> tkt pas c'est pas prévue de faire trop parler ma petite protéger.
2015-03-05T19:48:05 <adriens33> *protégée
2015-03-05T19:48:12 <Elvon> sorr*y
2015-03-05T19:48:15 <adriens33> ^^
2015-03-05T19:48:17 <Elvon> *sorry
2015-03-05T19:48:23 <adriens33> désolé, réflexe XD
2015-03-05T19:48:44 <Fidzu> ah ok en fait c'est genre une boite payante
2015-03-05T19:48:55 <Fidzu> ou on peut reserver l'espace et tout ?
2015-03-05T19:49:25 <Fidzu> (je vais manger je reviens)
2015-03-05T19:49:40 <Fidzu> merci ma grosse
2015-03-05T19:49:41 * Elvon sort sont clavier du rembourrage du tabouret pour essayer d'écrire mieux ?
2015-03-05T19:49:55 <Elvon> Bon Ap
2015-03-05T19:51:19 <adriens33> Va savoir, c'est peut-être vaste chez lui ? XD
2015-03-05T19:52:12 <Elvon> Mais non Berry c'est juste un clavier et il sort du tabouret pas de mes fesses.
2015-03-05T19:53:33 <adriens33> Elvon> tu t'es découvert un dédoublement de personnalité ? =D
2015-03-05T19:53:53 <Elvon> Ma fois oui tiens sort moi un Whisky avec 2 glaçons s'il te plait.
2015-03-05T19:54:45 <Elvon> adriens33> non je l'ai toujours eu. et je peut tenir longtemps comme ça en mettant mon talent a la 3ème personne.
2015-03-05T19:55:11 <adriens33> lawl
2015-03-05T20:01:34 <Fidzu> re
2015-03-05T20:01:51 <adriens33> Re Fidzu
2015-03-05T20:02:43 <Fidzu> vous allez participer a POM ?
2015-03-05T20:06:50 <Fidzu> Berry-Punch: Un coca s'il te plait
2015-03-05T20:07:00 <Elvon> au fait Merci Berry, j'ai pas eu le temps de boire, répondre au bavards, et de te dire merci. X3
2015-03-05T20:08:36 <Elvon> Berry s'il te plait le petit a dit un COCA pas un Whisky-coca.
2015-03-05T20:08:58 <Fidzu> Mais il y a de l’alcool dans ce verre ?!
2015-03-05T20:08:58 * Elvon boit le verre de Fidzu.*
2015-03-05T20:09:22 <Fidzu> Je hais l'alcool ..
2015-03-05T20:09:23 <Elvon> re sert en un autre s'il te plait. mais COCA cet fois...
2015-03-05T20:10:32 <Fidzu> Merci bien
2015-03-05T21:03:53 <Elvon> Je te prend ton mercredi aprés-midi. Tu à vue je te réserve à l'avance quand même chuis sympas. X}
2015-03-05T21:04:03 <Elvon> Youps
2015-03-05T21:04:52 <Elvon> *msg pour adriens33
2015-03-05T21:26:57 *** ludvann s'est connecté
2015-03-05T21:27:05 <ludvann> hey hey hey !
2015-03-05T21:27:09 <adriens33> yo ludvann
2015-03-05T21:27:13 <adriens33> y'avait longtemps
2015-03-05T21:27:18 <ludvann> ça va ? :-)
2015-03-05T21:27:23 <ludvann> ^^
2015-03-05T21:27:52 <adriens33> ouaipp
2015-03-05T21:28:33 <ludvann> je devrais être là bien plus souvent, j'ai re-install androirc :-)
2015-03-05T21:29:08 <Elvon> Bonsoir ludvann
2015-03-05T21:29:16 <adriens33> ok^^
2015-03-05T21:29:34 <ludvann> bonjour, nouveau ? ^^
2015-03-05T21:30:17 <adriens33> ouaip, mais bon tu serais venu avant tu le saurais XD
2015-03-05T21:30:30 <Elvon> Je suis, Elvon un gentleman un peu vache.
2015-03-05T21:30:38 <ludvann> copy paste en private ? :3
2015-03-05T21:30:49 <ludvann> :o
2015-03-05T21:30:51 <ludvann> :-D
2015-03-05T21:31:14 <Elvon> Berry rend moi ça!!?
2015-03-05T21:31:17 <Fidzu> plop
2015-03-05T21:31:19 <ludvann> !muffin Elvon
2015-03-05T21:31:26 <ludvann> yay
2015-03-05T21:31:41 <ludvann> toujours autant de chances o/
2015-03-05T21:31:46 <adriens33> *chance
2015-03-05T21:31:59 <ludvann> :-)
2015-03-05T21:32:23 <ludvann> *headshot*
2015-03-05T21:32:33 <adriens33> quelle tête ? XD
2015-03-05T21:32:42 <Elvon> mais non elle était là.... BERry-chan elle passer où la pinte ??
2015-03-05T21:32:45 <adriens33> à cette vitesse-là il ne doit plus en rester grand-chose.
2015-03-05T21:32:54 <ludvann> mon secret ;_;
2015-03-05T21:33:36 <ludvann> je look l'historique et je re
2015-03-05T21:33:40 <adriens33> ok
2015-03-05T21:34:03 <adriens33> berry t'es méchante XD
2015-03-05T21:34:11 * Elvon boit ça bière en silence. *le monde est moche parfois, comme ma tête après la réception du muffin.*
2015-03-05T21:34:21 <adriens33> Elvon> lol XD
2015-03-05T21:34:23 <Elvon> *sa
2015-03-05T21:34:40 <adriens33> Berry tu viens de boire :P
2015-03-05T21:34:56 <Fidzu> Berry tu as toujours toif ...
2015-03-05T21:34:59 <Fidzu> soif*
2015-03-05T21:35:16 <adriens33> berry est une assoiffée
2015-03-05T21:35:40 <Elvon> Oui en plus celle là c'est la mienne tiens d’ailleurs, ajoute la à mon ardoise de la semaine.
2015-03-05T21:36:32 <Elvon> merci bien. tu aurais pas de la glace pour mon front?
2015-03-05T21:36:58 <Fidzu> à ce niveau la il te faut un nouveau front .
2015-03-05T21:37:27 <ludvann> re
2015-03-05T21:37:41 <Elvon> mais je suis une licorne moi, donc non j'ai toujours un front.
2015-03-05T21:37:50 <ludvann> je sais toujours pas qui tu es x)
2015-03-05T21:38:00 <Elvon> Merci
2015-03-05T21:38:06 <Elvon> re
2015-03-05T21:38:07 <Fidzu> tu porte ton muffin comme les princesses avec leurs donnut :D
2015-03-05T21:38:19 <ludvann> a par une licorne (mitou)
2015-03-05T21:38:26 <Elvon> je suis un nouveaux de début d'année.
2015-03-05T21:38:54 <adriens33> ludvann> bah tu prend tes deux mains, et tu go sur bronycub.org/membres.php
2015-03-05T21:38:57 <ludvann> quel age ? ^^
2015-03-05T21:39:14 <ludvann> j'ai une main en moins…
2015-03-05T21:39:24 <Elvon> j'ai fait ma conversion et mon adoubement au moi de janvier. j'ai 20 ans je suis vacciné si tu veux savoir X3
2015-03-05T21:39:39 <Elvon> c'est pas faux
2015-03-05T21:39:46 <Elvon> merci adriens33
2015-03-05T21:40:15 <Fidzu> janvier 2015 ?
2015-03-05T21:40:20 <Elvon> voui
2015-03-05T21:40:34 <Fidzu> ah ouai t'es tout frais XD
2015-03-05T21:41:23 <Elvon> j'ai rencontrer le toupeaux de Brony lors de la fête d'annive à MaCharon, en octobre je croit?
2015-03-05T21:41:36 <Fidzu> et c'est ca qui ta poussé a regarder ?
2015-03-05T21:44:10 <ludvann> l'était à l'anniv de macha ^^
2015-03-05T21:44:49 <Fidzu> Bon anniv en retard si tu regarde le chat
2015-03-05T21:44:52 <Elvon> j'ai regarder un ep par dessus l'épaule de Kev, après une séance de jdr, et vue qu'il avait le casque sur la tête pour géner ce qui regarder la TV j'ai vue avant septembre 2015 la Vostfr de 2ep. et puis après j'ai commencer la série en décembre pour voir. et en janvier j'avais vue tout les officiels (saison+films inter-saison)
2015-03-05T21:45:06 <Elvon> macha ?
2015-03-05T21:45:16 <Elvon> il ya un macha dans le groupe?
2015-03-05T21:45:24 <Elvon> (c'est son prénom?)
2015-03-05T21:45:27 <ludvann> gné ?
2015-03-05T21:45:41 <Fidzu> MaCharon
2015-03-05T21:46:17 <Elvon> oups sorry (le 1er pseudo de mon Meilleur ami c'est Macha07)
2015-03-05T21:46:28 <Fidzu> ah
2015-03-05T21:46:31 <Fidzu> tricky
2015-03-05T21:46:34 <Elvon> c'était pour son profil sur le 1er halo
2015-03-05T21:46:57 <ludvann> ah nah
2015-03-05T21:47:05 <ludvann> macharon
2015-03-05T21:47:10 <ludvann> ^^'
2015-03-05T21:47:11 <Elvon> a bah voui
2015-03-05T21:47:14 <Elvon> ^^
2015-03-05T21:47:21 <ludvann> tu y était ?
2015-03-05T21:47:21 <Fidzu> bon ben bon anniv a macha07 et aussi a toi MaCharon quelquesoit la date de ton birthday
2015-03-05T21:47:52 <ludvann> yep
2015-03-05T21:48:06 <ludvann> bépowvdljz
2015-03-05T21:48:40 <Elvon> Berry !? fait gaffe je suis pas loin je te rappelle. tu ma explosé les tympas. --"
2015-03-05T21:48:50 <ludvann> x)
2015-03-05T21:49:48 <ludvann> faut que je rencontre tout les nouveaux membres :-D
2015-03-05T21:50:07 <ludvann> *pinkie mode activated*
2015-03-05T21:50:47 <Elvon> et du coup je suis un pote a Berry qui prend plus soin de son bar que la patronne ... nan mais franchement, tu pourrait faire un effort le soir ? et oui en plus quand j'arrive la journée tu es ivre morte, et puis en plus tu sert pas les clients a temps.
2015-03-05T21:51:07 <ludvann> une pinte stp
2015-03-05T21:51:22 <ludvann> :-)
2015-03-05T21:51:23 <Fidzu> si tu nous rencontre tu va nous chanter 'Welcome' ?
2015-03-05T21:51:38 * Elvon lance un sort de Tp à ludvann.*
2015-03-05T21:51:41 <ludvann> hum… j'hésite ^^
2015-03-05T21:52:57 <ludvann> zetes dispo le we prochain ? (dans 8-9j)
2015-03-05T21:53:27 <Fidzu> y a un event de test de jeu
2015-03-05T21:53:35 <Fidzu> en prealpha
2015-03-05T21:53:37 <Elvon> prend vite ta chopine sinon elle va te la boire cul-sec.
2015-03-05T21:53:39 <ludvann> -_-'
2015-03-05T21:53:55 * ludvann prends la pinte
2015-03-05T21:54:19 <Elvon> mais du coup en semaine genre un jeudi soir ou un mercredi aprèm- début de soir.
2015-03-05T21:54:22 <ludvann> peux pas voir la mail list…
2015-03-05T21:54:38 <ludvann> ouais mais nah
2015-03-05T21:54:47 <Fidzu> l'event est le 14
2015-03-05T21:54:50 <Fidzu> samedi
2015-03-05T21:55:05 <ludvann> pas possible pour les plus jeune et limite pour moi
2015-03-05T21:55:14 <Elvon> yep
2015-03-05T21:55:17 <Elvon> sorry
2015-03-05T21:55:18 <ludvann> en semaine*
2015-03-05T21:56:01 <Fidzu> sinon, on pourras peut etre se voir a la pom
2015-03-05T21:56:03 <ludvann> dans 15j ?
2015-03-05T21:56:08 <Elvon> moi j'ai du monde a la case samedi après-midi, du coup j'arriverai tard si il y a un truc au calice.
2015-03-05T21:56:11 <ludvann> pom ?
2015-03-05T21:56:38 <Fidzu> pony's on movie
2015-03-05T21:56:40 <Elvon> Pony on movies
2015-03-05T21:56:40 <Fidzu> a BX
2015-03-05T21:56:44 <Elvon> youps
2015-03-05T21:56:56 <Fidzu> http://ponysonmovies.fr/bordeaux-21emes-pom-dimanche-29-mars-2015/
2015-03-05T21:57:10 <ludvann> il me manque pas mal d'infos xD
2015-03-05T21:57:11 <Fidzu> mais sinon dnas 15 jours je dis pas non quand meme ^^
2015-03-05T21:57:29 <ludvann> je te note ^^
2015-03-05T21:57:45 <Fidzu> tu me note ?*
2015-03-05T21:58:32 <ludvann> pour les personnes qui peuvent venir ^^
2015-03-05T21:59:09 <Fidzu> ah ok
2015-03-05T21:59:23 <Fidzu> tu voudrais organiser ca pour quan ?
2015-03-05T21:59:50 <Fidzu> quand*
2015-03-05T21:59:51 <ludvann> 15j le we grosso m*rdo ^^
2015-03-05T22:00:09 <Fidzu> ouai ok de toute facon on en reparlera pour plus de precisions
2015-03-05T22:00:37 <Fidzu> Mais faudrais faire tourner l'info pour qu'on voit plus de monde
2015-03-05T22:01:36 <Elvon> envoie un mail au Grp aussi
2015-03-05T22:02:21 <ludvann> je saus m'occupé d'event ;-)
2015-03-05T22:03:20 <Elvon> c'est au cas où X3
2015-03-05T22:03:24 <Fidzu> tu t"en ai chargé ?
2015-03-05T22:03:44 <Elvon> https://www.facebook.com/pages/Runners/615482281917246?fref=ts
2015-03-05T22:03:47 <ludvann> je ferais un event pour ceux qui peuvent pas avoir beaucoup de € ^^
2015-03-05T22:04:00 <Elvon> au cas où vue que tu as pas la mailinglist
2015-03-05T22:04:02 <ludvann> not yet
2015-03-05T22:04:28 <Fidzu> ok.tu enveras le mail?
2015-03-05T22:05:11 <Elvon> (je t'ai envoyé le lien concernant le fameux test de samedi 15, au quel je ne peut pas dire non...)  :(
2015-03-05T22:05:24 <Fidzu> c'est pas le 14 ?
2015-03-05T22:05:55 <ludvann> hum
2015-03-05T22:06:00 <Fidzu> (le mail précisait le 14)
2015-03-05T22:06:13 <ludvann> j'ai regardé le lien,
2015-03-05T22:06:20 <Elvon> youps
2015-03-05T22:06:20 <ludvann> je viendrai ^^
2015-03-05T22:06:23 <Elvon> 14
2015-03-05T22:06:51 <Fidzu> ben il donnera un lien pour le TS et le dl du jeu donc on fera le test chez nous
2015-03-05T22:06:59 <ludvann> je peux avoir les infos du genre lieux/date/heure ? ^^'
2015-03-05T22:07:37 <ludvann> (oui, je fais mon clampun xD)
2015-03-05T22:07:46 <ludvann> clampin*
2015-03-05T22:08:03 <Fidzu> c'est un peu flou au niveau heure, style etc mais tient
2015-03-05T22:08:05 <Fidzu> Runners est un jeu de survie sportive qui se déroule sous forme de course en équipe à la première personne avec une histoire évoluant dans un univers sombre et dramatique sur une Terre ravagé par le crime. Avec Runners, nous nous efforçons de créer une expérience de jeu unique liant trois genres tous plus différents les uns des autres :la survie, l
2015-03-05T22:08:05 <Fidzu> e RPG et le sport. D'abord multijoueurs, il intégrera plus tard, un mode campagne qui vous fera voyager à travers le monde.
2015-03-05T22:08:49 <ludvann> oky
2015-03-05T22:08:50 <ludvann> :-)
2015-03-05T22:08:57 <Fidzu> j'esspère quon sera pas trop sur le ts sinon pour le briefing ca va etre hard pour les noreilles
2015-03-05T22:09:27 <ludvann> je pense pouvoir look mon ordi demain soir avec chance :-)
2015-03-05T22:10:36 <Elvon> nop il y aura que le chef qui causera les autre mutes pour le brief
2015-03-05T22:10:51 <Fidzu> ah dac
2015-03-05T22:11:07 <ludvann> c'est sur l'ordi l'event ou irl ? .-.
2015-03-05T22:11:32 <Fidzu> pc
2015-03-05T22:11:55 <ludvann> aaaah…
2015-03-05T22:11:58 <Fidzu> je me demande vraiment à quoi ça va ressembler =)
2015-03-05T22:12:19 <Fidzu> tu pourras pas ?
2015-03-05T22:12:39 <ludvann> je peux me ramener chez quelqu'un ? ^^'
2015-03-05T22:12:45 <Elvon> bah faut voir
2015-03-05T22:13:11 <ludvann> mauvaise co et c'est pas marrant tout seul
2015-03-05T22:14:27 <Elvon> tu peut passer a l'appart mais faut juste prévoir niveaux ravitaillement
2015-03-05T22:14:36 <Elvon> X3
2015-03-05T22:15:02 <Fidzu> Berry apportera la boisson :)
2015-03-05T22:15:11 <ludvann> je suis gentil, (mignon), calme (lol), et je ramène à manger :-)
2015-03-05T22:15:24 <Fidzu> après, on est pas tout seul
2015-03-05T22:15:37 <Fidzu> on a le ts et je pense qu'on pourras se mettre sur des chan a part
2015-03-05T22:15:50 <Elvon> j'habite sur les bolevard (arret de bus 9 "pasteur" dans la direction brandenburg. ou alors "jeu de paume" direction la gare.
2015-03-05T22:15:59 <Elvon> *boulvard
2015-03-05T22:16:19 <Elvon> (le jeu est semi-coop)
2015-03-05T22:16:28 <ludvann> le 10/35/36/tram proche de chez toi ?
2015-03-05T22:16:31 <Elvon> (donc oui sur le ts il y aure des chose possible
2015-03-05T22:17:00 <Fidzu> semi-coop ?
2015-03-05T22:17:00 <Elvon> le tram b arret gambéta
2015-03-05T22:17:07 <Fidzu> en voila une drole de chose
2015-03-05T22:18:02 <Elvon> oui (mais c'est pas sur pour le test, après oui. en gros il y a des "équipe" de quelques personne (1 à 3/4)
2015-03-05T22:18:16 <ludvann> ça passeras, mais j'ai pas d'orientation x) faudra me récup ^^
2015-03-05T22:18:32 <Fidzu> de toute facon c'est du pre apha donc si c'est solo parce que le multi deconne cest tout a fait comprehensible
2015-03-05T22:19:21 <Fidzu> Hors sujet: Des gens qui vont a la ponysouth ?
2015-03-05T22:19:36 <ludvann> késaco xD
2015-03-05T22:19:40 <Elvon> je te récupérerai (nop on sera en multi normalement, mais pour les régles je sais pas si on a le droit au semi-coop)
2015-03-05T22:19:51 <Fidzu> t'es serieux ludvann ?
2015-03-05T22:20:05 <Elvon> je m'occupe d'organiser le séjours pour Bronycub
2015-03-05T22:20:08 <Elvon> peut etre
2015-03-05T22:20:10 <ludvann> euh…
2015-03-05T22:20:16 <Fidzu> la seul convention brony au sud de la france ?
2015-03-05T22:20:20 <Fidzu> Chocolatine ?
2015-03-05T22:20:24 <Elvon> nop le peut être c'est pour le fait d'y aller
2015-03-05T22:20:30 <Fidzu> Toulouse ?
2015-03-05T22:20:36 <Elvon> oui
2015-03-05T22:20:42 <ludvann> je suis un peu dans une grotte… ^^'
2015-03-05T22:20:52 <Elvon> tu habite où ?
2015-03-05T22:20:56 <Fidzu> vas checker le calendrier
2015-03-05T22:20:57 <ludvann> pain au chocolat
2015-03-05T22:21:06 <ludvann> gradignan
2015-03-05T22:21:18 <Fidzu> www.ponysouth.fr
2015-03-05T22:21:38 <Fidzu> c'est une convention qui se dérouleras le 18 et 19 juillet a Toulouse
2015-03-05T22:22:02 <Elvon> c'est pas si perdu
2015-03-05T22:22:41 <ludvann> oui mais je me renseigne peu
2015-03-05T22:23:30 <ludvann> durant cette soirée j'ai un peu trop d'infos à digérer -_-'
2015-03-05T22:23:35 <Elvon> (mes vieux habite léognan, là c'est bien perdu. pas loin de la cub mais sans transport en commun pratique et le mieux c'est que l'arret de transgionde le plus proche  et a 4km)
2015-03-05T22:23:44 <Elvon> j'écrit mal mais je fatigue.
2015-03-05T22:23:55 <Elvon> ps:je vais faire la popote j'ai fin
2015-03-05T22:24:09 <Fidzu> moi j'habite a villenave d'ornon
2015-03-05T22:24:21 <Fidzu> en fait on habite pas si loin
2015-03-05T22:24:33 <adriens33> Elvon> *faim
2015-03-05T22:24:38 <ludvann> dit comme ça, oui
2015-03-05T22:25:05 <Elvon> (Tkt pas ludvann il ya beaucoup d'infos pour les ponysouth pour l'instant je m'occupe de vous transmettre un joli "affichage" avec plein d'info Yeay!!
2015-03-05T22:25:12 <Elvon> Oui
2015-03-05T22:25:20 <Fidzu> ouai et puis c'est en juillet
2015-03-05T22:25:23 <Fidzu> tu as le temps
2015-03-05T22:25:31 * Elvon se prépare a recevoir le muffin
2015-03-05T22:25:44 <ludvann> yep o/
2015-03-05T22:25:51 <Fidzu> sauf si tu veux etre exposant
2015-03-05T22:25:57 <Fidzu> ou avoir des places
2015-03-05T22:26:10 <Fidzu> parce que je sais pas combien il y en a mais a mon avis ca va vite partir
2015-03-05T22:26:16 <Elvon> je fait ça pour fin avril j'espére
2015-03-05T22:26:30 <Fidzu> tu veux y aller ?
2015-03-05T22:26:31 <Elvon> il on fait sauter la lime
2015-03-05T22:26:54 <Elvon> limite de place c'est Matthieux qui nous afait passer l'info
2015-03-05T22:27:15 <ludvann> je sais pas, surement oui mais rip mon porte-feuille…
2015-03-05T22:27:22 <Fidzu> XD
2015-03-05T22:27:32 <Elvon> l'organisateur des ponydays nous fait savoir que eux et les ponysouth avait fait sauter la limite de vente des ticket
2015-03-05T22:27:50 <ludvann> donc illimité ?
2015-03-05T22:27:50 <Fidzu> perso j'aimerais bien y aller (pourquoi pas meme en tant qu'exposant) mais il y a un hic
2015-03-05T22:27:55 <Elvon> je pense oui
2015-03-05T22:28:02 <ludvann> woo
2015-03-05T22:28:05 <ludvann> wow*
2015-03-05T22:28:23 <Fidzu> j'ai que 17 ans -.-
2015-03-05T22:28:34 <ludvann> ah :-I
2015-03-05T22:28:42 <Elvon> et bien renseigne tout au près des orgas.
2015-03-05T22:28:44 <ludvann> j'en ai 16 :3
2015-03-05T22:28:51 <Elvon> il y a une page sur le site
2015-03-05T22:29:23 <Fidzu> il faut etre accompagné par un majeur (pas forcement un parent) qui possede une atestation certifiant sa responsabilité envers toi
2015-03-05T22:29:23 <Elvon> comment tu le fait ce simeley ?
2015-03-05T22:29:28 <Fidzu> :3
2015-03-05T22:29:30 <Fidzu> .:
2015-03-05T22:29:34 <Fidzu> .:3
2015-03-05T22:29:37 <Elvon> :3
2015-03-05T22:29:42 <Fidzu> tadaaaa
2015-03-05T22:29:43 <Elvon> YEay!!! thx
2015-03-05T22:30:46 <Fidzu> en gros si jamais tu vois un mec que tu connais pas et qui y vas et qui accepte de te prendre sous sa responsabilité, tu as le droit de rentrer
2015-03-05T22:30:52 <Fidzu> sinon non :/
2015-03-05T22:30:57 <Elvon> parce que je suis un être pluris connerie. je suis une licorne, un loup, un dragon, un vambeer, un nékobaka(ou ninchat), un Fou e un diciple.
2015-03-05T22:31:47 <ludvann> :-)
2015-03-05T22:32:18 <ludvann> je vais y réfléchir à tout ça
2015-03-05T22:33:30 <ludvann> quand je serais sur pc, on parlera de tout sur le visio ? :-)
2015-03-05T22:33:47 <Fidzu> pendant un meet up genre a la POM ou autre, faudrais voir qui y vas et qui pourrais se designer accompagnateur
2015-03-05T22:33:53 <Fidzu> il y a un visio sur ce chat ?
2015-03-05T22:34:33 <ludvann> nop
2015-03-05T22:34:41 <ludvann> mais un truc tiers
2015-03-05T22:36:04 <Fidzu> ouai skype
2015-03-05T22:36:29 <Fidzu> (faut que je m'achète une cam ducoup ^^)
2015-03-05T22:37:13 <ludvann> skype: the_ludvan
2015-03-05T22:37:55 <ludvann> j'arrive pas à battre mon record D:
2015-03-05T22:38:05 <Fidzu> de ?
2015-03-05T22:38:36 <ludvann> rubik cube
2015-03-05T22:38:48 <Fidzu> j'en ai jamais fini un seul :D
2015-03-05T22:39:10 <ludvann> mon record: 59.37
2015-03-05T22:40:04 <Fidzu> mon record:∞
2015-03-05T22:40:42 <ludvann> x)
2015-03-05T22:42:17 <ludvann> 1:10…
2015-03-05T22:43:02 <Fidzu> dommage
2015-03-05T22:43:16 <ludvann> ouais
2015-03-05T22:43:29 <ludvann> je t'apprendrai :-)
2015-03-05T22:44:28 <Fidzu> je sais que c'est une suite de combinaison
2015-03-05T22:44:34 <Fidzu> mais je la connais pas par coeur
2015-03-05T22:44:44 <Fidzu> et je suis jamais allé jusqu'au bout
2015-03-05T22:45:30 <ludvann> tu connais déjà ça :-)
2015-03-05T22:45:57 <ludvann> tu sais faire la face blanche ?
2015-03-05T22:46:08 <Fidzu> je sais faire aucune face XD
2015-03-05T22:46:23 <ludvann> ah…
2015-03-05T22:48:08 <ludvann> pas grave :-)
2015-03-05T22:50:39 <ludvann> je vais dodoter
2015-03-05T22:50:56 <ludvann> may the luna be with you :-)
2015-03-05T22:51:01 <ludvann> @+
2015-03-05T22:51:11 *** ludvann est parti
2015-03-05T22:57:24 <Elvon> ++
2015-03-05T22:59:09 <Elvon> du coup moi m'en vais manger et dormir. Bye everyponies
2015-03-05T23:00:30 <Fidzu> bye
2015-03-05T23:00:37 * Elvon range ce qui traîne sur le bar verrouille le cadenas et part avec la clef. "dé-saoul bien ma petit Berry, on ce revoit demain?" (lallalala c'est pas moi)
2015-03-05T23:00:44 *** Elvon est parti
2015-03-05T23:00:56 <Fidzu> bon ducoup moi aussi j'y go
2015-03-05T23:01:14 <Fidzu> a+ Berry
2015-03-05T23:01:26 *** Fidzu est parti
2015-03-05T23:02:01 *** adriens33 est parti
