2015-01-30T00:28:50 *** TrappyTickles est parti
2015-01-30T00:31:46 *** ELiDYROS s'est connecté
2015-01-30T00:51:56 *** MaCharon est parti
2015-01-30T01:19:03 *** adriens33 est parti
2015-01-30T07:04:55 *** ELiDYROS est parti
2015-01-30T07:53:59 *** adriens33 s'est connecté
2015-01-30T09:19:29 *** heuzef s'est connecté
2015-01-30T10:27:03 *** adriens33 est parti
2015-01-30T11:05:32 *** heuzef est parti
2015-01-30T11:24:45 *** TrappyTickles s'est connecté
2015-01-30T11:24:53 *** TrappyTickles est parti
2015-01-30T12:09:41 *** heuzef s'est connecté
2015-01-30T13:32:23 *** adriens33 s'est connecté
2015-01-30T13:53:26 *** heuzef1 s'est connecté
2015-01-30T13:54:21 *** heuzef est parti
2015-01-30T14:41:53 *** adriens33 est parti
2015-01-30T14:46:49 *** strycore s'est connecté
2015-01-30T14:46:51 <strycore> er
2015-01-30T14:46:52 <strycore> erf
2015-01-30T14:46:57 <strycore> deprexim
2015-01-30T14:47:21 <strycore> https://www.youtube.com/watch?v=iIIuR-HjFho
2015-01-30T14:57:25 <heuzef1> genre
2015-01-30T14:57:45 <heuzef> !muffin strycore
2015-01-30T14:58:29 <strycore> tout ne peut pas être résolu par des muffins heuzef
2015-01-30T14:59:46 <heuzef> Si mec, TOUT
2015-01-30T14:59:52 <heuzef> Revient dans le monde réel mec
2015-01-30T15:00:14 <heuzef> Tout n'est pas que violence, gore et barbarie
2015-01-30T15:00:24 <heuzef> Sale metaleux :D
2015-01-30T15:00:31 <heuzef> Tu rouille quand il pleut
2015-01-30T15:14:41 <strycore> ಠ_ಠ
2015-01-30T15:14:46 <strycore> (╯°Д°）╯︵ /(.□ . )
2015-01-30T15:24:36 <strycore> le metal c'est la vie http://24.media.tumblr.com/f7ad339a932f3e427ab3b8374daa593d/tumblr_mgybd1JtUg1rd0rbzo1_500.gif
2015-01-30T15:36:26 <heuzef> http://goo.gl/qtXlEv
2015-01-30T15:38:19 <strycore> :(
2015-01-30T15:38:36 <strycore> c'est super nul quoi
2015-01-30T15:39:12 <strycore> je te montre un gif awesome avec un ours et des gamins qui headbangent
2015-01-30T15:39:24 <heuzef> J'avoue
2015-01-30T15:39:30 <strycore> et tu me montre un dessin mal fait sans personnalité :(
2015-01-30T15:39:55 <heuzef> En même temps tu me demande de rivaliser avec un gif awesome avec un ours et des gamins qui headbangent
2015-01-30T15:40:03 <strycore> de toute façon MLP c'etait mieux dans les années 80
2015-01-30T15:40:03 <heuzef> Pas facile
2015-01-30T15:40:08 <heuzef> :O
2015-01-30T15:40:34 <strycore> c'était mieux déssiné
2015-01-30T15:40:38 <heuzef> (°Д°) !!!
2015-01-30T15:41:02 <heuzef> (0Д0) !!
2015-01-30T15:41:21 <strycore> explose pas quand même
2015-01-30T15:41:38 * heuzef explose
2015-01-30T15:41:47 <heuzef> +_+
2015-01-30T15:42:07 <strycore> non mais c'est pas grave hein
2015-01-30T15:42:16 <strycore> il y a pas des DVD de l'ancienne version>?
2015-01-30T15:42:23 <heuzef> :'(
2015-01-30T15:42:26 <heuzef> si
2015-01-30T15:42:38 <strycore> bah voila, t'as qu'a prendre ça
2015-01-30T15:42:42 <heuzef> Et c'est vraiment craignos
2015-01-30T15:42:57 <heuzef> Niveau dora l'exploratrice
2015-01-30T15:43:45 <strycore> bah c'est pas mal ça non?
2015-01-30T15:44:37 <heuzef> https://www.youtube.com/watch?v=WMvPxAOwqFc
2015-01-30T15:47:25 <strycore> :/
2015-01-30T16:59:04 *** heuzef1 s'est connecté
2015-01-30T17:00:25 *** heuzef est parti
2015-01-30T17:18:53 *** adriens33 s'est connecté
2015-01-30T17:41:50 *** ELiDYROS s'est connecté
2015-01-30T17:43:05 <ELiDYROS> Salut.
2015-01-30T17:46:30 <heuzef1> plop, =)
2015-01-30T17:47:58 <adriens33> salutations
2015-01-30T17:53:31 <ELiDYROS> Greetings Earth citizens
2015-01-30T17:55:05 <strycore> tout a l'heure heuzef a avoué préférer la version années 80 de MLP
2015-01-30T17:55:23 <strycore> sur ce, je rentre chez moi, je vais jouer a Dead Island
2015-01-30T17:55:25 <heuzef> >:o
2015-01-30T17:55:32 <heuzef> Va chier ! >.<
2015-01-30T17:55:39 <heuzef> !muffin strycore
2015-01-30T18:14:37 <adriens33> !muffin heuzef ç
2015-01-30T18:14:42 <adriens33> zut
2015-01-30T18:14:52 <heuzef> :p
2015-01-30T18:14:53 <adriens33> !muffin heuzef m
2015-01-30T18:14:57 <adriens33> mouai.
2015-01-30T18:15:15 <adriens33> Berry tu n'es pas très coopérative ce soir.
2015-01-30T18:15:27 <heuzef> Elle te boude
2015-01-30T18:15:32 <heuzef> ^^
2015-01-30T18:15:48 <adriens33> (hmm, faudra que j'améliore ce trigger, pas super au poil).
2015-01-30T18:32:15 *** MaCharon s'est connecté
2015-01-30T18:32:55 <adriens33> salut MaCharon
2015-01-30T18:33:03 <MaCharon> salut ^^
2015-01-30T18:50:56 *** heuzef1 s'est connecté
2015-01-30T18:51:46 *** heuzef est parti
2015-01-30T18:51:57 *** heuzef s'est connecté
2015-01-30T18:55:37 *** heuzef1 est parti
2015-01-30T19:39:24 <ELiDYROS> Dis adriens33 on peut pas mettre de nick en japonais sur irc ?
2015-01-30T19:40:00 <adriens33> j'ai peur que ircdseven n'aime pas les pseudos en utf8 malheureusement ^^"
2015-01-30T19:40:11 <ELiDYROS> Ah bon
2015-01-30T19:40:19 <adriens33> fin je sais pas, essaie toujours
2015-01-30T19:40:25 <ELiDYROS> J'ai essayé
2015-01-30T19:40:30 <adriens33> et il t'a dit quoi?
2015-01-30T19:40:37 <ELiDYROS> Erroneous Nickname
2015-01-30T19:40:46 <adriens33> ouai donc il aime pas ^^"
2015-01-30T19:40:56 <ELiDYROS> dommage
2015-01-30T19:41:01 <adriens33> (ircdseven c'est le prog qui est utilisé par Freenode pour les serveurs)
2015-01-30T19:41:11 <adriens33> c'est très vieux IRC ^^
2015-01-30T19:42:18 <adriens33> mais bon pour le coup avoir des nicknames en utf8 ça pourrait être sympa, surtout que les caractères de base sont compatibles avec l'ascii standard donc ça
2015-01-30T19:42:18 <adriens33> devrait pas etre trop dur a dev.
2015-01-30T19:42:37 <adriens33> faudrait envoyer un mail aux admins tiens :P
2015-01-30T19:42:43 <adriens33> (ou sur #freenode-staff)
2015-01-30T20:10:10 <ELiDYROS> J'étais persuadé qu'on pouvait passer tout ça en unicode
2015-01-30T20:53:33 *** Gordfang s'est connecté
2015-01-30T20:53:54 <Gordfang> yo!
2015-01-30T21:07:24 *** Elvon s'est connecté
2015-01-30T21:07:37 *** Elvon est parti
2015-01-30T21:10:27 *** heuzef est parti
2015-01-30T21:26:46 *** Elvon s'est connecté
2015-01-30T21:26:51 <Elvon> Konbawa
2015-01-30T21:27:16 <Elvon> Mina daijobu des ka
2015-01-30T21:27:56 <MaCharon> re
2015-01-30T21:27:58 <ELiDYROS> 大丈夫だ。君は？
2015-01-30T21:28:04 * Elvon enlace les gens présent dans le chan
2015-01-30T21:28:50 <Elvon> j'ai pas appris cet alphabet là j'apprend a le parler avec le romaji mais je sais c'est mal
2015-01-30T21:29:15 <ELiDYROS> "alphabet" lol
2015-01-30T21:29:25 <Elvon> faut quej trouve une méthode pour apprendre a lire le kanji et l'hiragana
2015-01-30T21:29:50 <Elvon> (ouais pas j'ai écrit glyphe alors j'ai préfere mettre alphabet)
2015-01-30T21:29:51 <ELiDYROS> pour les kata et hira un peu d'entrainement et en un weekend c'est fait
2015-01-30T21:29:58 <ELiDYROS> les kanji faut en faire un peu chaque jour
2015-01-30T21:30:46 <Elvon> oui mais faut avoir de quoi les apprendre (j'ai un dico et un methode mais pas pour lirs pour le parler seulement ma méthode
2015-01-30T21:30:56 <ELiDYROS> AH ok
2015-01-30T21:31:14 <Elvon> ma methode c'est "Le Japonais pour les Nuls"
2015-01-30T21:31:39 <ELiDYROS> Perso j'ai préféré éviter les méthodes en autodidacte, j'ai fait LCE Japonais à la fac
2015-01-30T21:32:59 *** Lenile s'est connecté
2015-01-30T21:33:10 <Lenile> Saloute !
2015-01-30T21:33:15 <Lenile> J'ai une question tres rapide ?
2015-01-30T21:33:17 <Lenile> !*
2015-01-30T21:33:26 <Lenile> Qui vit seul cher lui et qui paye le loyer toussa toussa
2015-01-30T21:33:58 <ELiDYROS> Étrange question
2015-01-30T21:34:01 <MaCharon> pk ?
2015-01-30T21:35:48 <ELiDYROS> Je ne vis pas seul, j'ai un chat, donc je suis hors sujet.
2015-01-30T21:35:52 * ELiDYROS winks
2015-01-30T21:36:21 <Lenile> xD
2015-01-30T21:36:46 <Lenile> Nan plus serieusement j'veux juste savoir dans combien de m² vous vivez et combien vous payez
2015-01-30T21:37:08 <MaCharon> perso en coloc pour le moment mais ça va changer dans l'année
2015-01-30T21:40:36 <ELiDYROS> Eh Gordfang je vais lancer Smash Bros. si jamais t'es chaud.
2015-01-30T21:41:51 <Gordfang> re
2015-01-30T21:42:01 <Gordfang> désolé pas ma wii u a disposition la :(
2015-01-30T21:42:09 <ELiDYROS> Ok, tant pis
2015-01-30T21:42:27 <Lenile> Gord tu vie seul toi nan ?
2015-01-30T21:43:28 <Gordfang> yep
2015-01-30T21:47:08 <ELiDYROS> Sinon je paie 504 pour 42m2
2015-01-30T21:47:16 <ELiDYROS> Mais pourquoi, tu cherches à t'installer ?
2015-01-30T21:47:20 <Elvon> ELiDYROS: quel ssb. ?
2015-01-30T21:47:31 <Gordfang> elvon le dernier sur wii u
2015-01-30T21:47:53 <Elvon> moi je peut pas te dire je vis seuls mais c'est pas moi qui paie et j'ai pas acces a ces infos
2015-01-30T21:48:04 <Elvon> Atta ajoute moi sur ta wii u
2015-01-30T21:48:33 <Elvon> je m'en va te smashé la villagoise moi chuis ouf ta vue X3
2015-01-30T21:48:52 <Gordfang> ^^
2015-01-30T21:49:04 <Lenile> Tu vie dans combien et tu paye combien ?
2015-01-30T21:49:36 <ELiDYROS> Et c'est quoi ton ID Elvon ?
2015-01-30T21:50:01 <MaCharon> prepare toi a derouiller Elvon
2015-01-30T21:50:02 <Gordfang> tu m'en pose des question XD
2015-01-30T21:50:10 <Elvon> Elvon_Ninthnight
2015-01-30T21:50:21 <Gordfang> 50 m² pour 600-700 environs
2015-01-30T21:50:42 <Elvon> et ton id a toi ELiDYROS
2015-01-30T21:50:57 <ELiDYROS> C'est ELiDYROS, c'est le même partout
2015-01-30T21:51:03 <Elvon> a daccord
2015-01-30T21:51:45 <ELiDYROS> Je vais voir si mon routeur fait pas chier ce soir
2015-01-30T21:51:47 <adriens33> bonsoir Elvon / Gordfang / Lenile :3
2015-01-30T21:52:35 <Elvon> Bonoir a toi adriens33
2015-01-30T21:52:36 <adriens33> Lenile: pourquoi tant de questions ? Tu as été enrôlé par la Caf pour chercher des fraudeurs ? XD
2015-01-30T21:52:46 <adriens33> /bonoir/bonsoir/
2015-01-30T21:52:54 <adriens33> (désolé XD)
2015-01-30T21:53:11 <Gordfang> lut
2015-01-30T21:53:21 <Elvon> ELiDYROS: nyeu ta pu m'ajouter ?
2015-01-30T21:56:00 <Elvon> ELiDYROS: tu es en local là, je démarre une salle d'attente rejoins moi quand ta fini
2015-01-30T21:56:23 <ELiDYROS> Je suis en local car je viens à peine de mettre le jeu dans la console hein
2015-01-30T22:00:20 <ELiDYROS> ce lag degueulasse lol
2015-01-30T22:00:42 <Gordfang> c'est pour ca que je joue pas trop en ligne :(
2015-01-30T22:01:00 <Gordfang> le delai même d'une 0.5 seconde c'est gros
2015-01-30T22:01:16 <ELiDYROS> normalement j'ai 16ms de ping dans le coin
2015-01-30T22:01:25 <ELiDYROS> Je lag pas même avec des belges
2015-01-30T22:02:25 <Gordfang> quasiment toute les partie que j'ai fait tu avais du lag
2015-01-30T22:04:17 <ELiDYROS> Pas de bol
2015-01-30T22:04:49 <Elvon> ça laguer moins la non?
2015-01-30T22:05:07 <ELiDYROS> un poil moins ouais
2015-01-30T22:14:44 <ELiDYROS> tain ça fait des lustres que j'ai pas joué avec des objets
2015-01-30T22:24:46 <Elvon> mais il te manque que dal Zut!!
2015-01-30T22:24:59 <ELiDYROS> Hein ?
2015-01-30T22:26:11 <Elvon> 198% pour te choper et te faire volé
2015-01-30T22:26:24 <ELiDYROS> Ouais sauf que tu t'es pris 3-0 tout de même ;)
2015-01-30T22:28:58 <Elvon> pourquoi tu avais 5vie d'ailleur ?
2015-01-30T22:29:01 <Gordfang> et après on se demande pourquoi je veut même pas tenter XD
2015-01-30T22:29:06 <ELiDYROS> Non j'avais 3 vie
2015-01-30T22:29:16 <ELiDYROS> 3 vies, 5 minutes, pas d'objet
2015-01-30T22:29:24 <ELiDYROS> Je prends ces règles là en général
2015-01-30T22:29:58 <ELiDYROS> Bah Gordfang si tu tentes pas tu peux pas savoir, ni progresser ^^
2015-01-30T22:30:01 <Elvon> daccord
2015-01-30T22:30:29 <Elvon> Gordfang viens avec nous c'est cool
2015-01-30T22:30:46 <ELiDYROS> Il n'a pas sa console
2015-01-30T22:30:49 <Gordfang> :p je peut pas j'ai vraiment pas ma wii u a disposition l
2015-01-30T22:30:51 <Elvon> a dacc
2015-01-30T22:30:55 <Gordfang> je suis dans les landes et elle est a bordeaux
2015-01-30T22:39:16 <Elvon> EEAhhh!!! enfin j'ai une victoire X3
2015-01-30T22:50:25 <Elvon> nooooooo!!!
2015-01-30T22:50:35 <Elvon> le lag de fou!!!
2015-01-30T22:50:41 <Gordfang> ^^
2015-01-30T22:51:02 <ELiDYROS> meg
2015-01-30T22:51:07 <ELiDYROS> meh
2015-01-30T22:51:07 <Elvon> 224% pour moi et j'ai pas pu esquiver avec un gros frezze
2015-01-30T22:51:23 <Gordfang> quel perso?
2015-01-30T22:51:35 <Elvon> le capt Falcon
2015-01-30T22:51:42 <Elvon> contre samus sans armure
2015-01-30T22:51:45 <Gordfang> k
2015-01-30T22:51:55 <ELiDYROS> Je joue principalement 3 ou 4 persos
2015-01-30T22:52:10 <ELiDYROS> Samus Zero c'est la seconde fois que je teste
2015-01-30T22:52:31 <Gordfang> j'en joue aussi 3-4
2015-01-30T22:52:35 <Elvon> je joue plein de perso mais je pas jouer palu et les maj du meme type
2015-01-30T22:52:36 <Gordfang> celon qui j'affronte
2015-01-30T22:52:49 <Gordfang> je pas jouer? et les maj? wat
2015-01-30T22:52:53 <Elvon> entre 7 et 10 perso pour moi
2015-01-30T22:53:19 <ELiDYROS> Nan mais je parle de main, sinon je joue tout le cast si on va par là xD
2015-01-30T22:53:21 <Elvon> oui les Mage pardon
2015-01-30T22:54:01 <Gordfang> roh! les mages c'est très bien XD
2015-01-30T22:54:12 <Elvon> ba j'ai pas de main sauf pour les premiere partie entre link/Shulk et kyrbi/rondoudou
2015-01-30T22:54:24 <ELiDYROS> Mais bon comme je disais je joue jamais avec objet
2015-01-30T22:54:26 <Gordfang> faut que je m'entraine avec shulk
2015-01-30T22:54:30 <Elvon> oui mais c'est chaud a manipuler
2015-01-30T22:54:47 <Elvon> c'est le plus simple des nouveaux perso épéeiste
2015-01-30T22:54:50 <Gordfang> c'est plus drole je trouve avec les objets :D plus random
2015-01-30T22:55:02 <ELiDYROS> Pas mon délire lol
2015-01-30T22:55:07 <Gordfang> ouai mais je le gere pas du tout ^^
2015-01-30T22:55:14 <Elvon> avec un booste pour chauqe option du jeu intergré a son b
2015-01-30T22:55:37 <ELiDYROS> C'est comme de l'autocombo dans un jeu de fight 2D, c'est débile ça casse certaines notions
2015-01-30T22:56:20 <Gordfang> ouai mais smash est different par rapport au autre jeux de combat
2015-01-30T22:57:05 <ELiDYROS> Bien sûr mais des objets ça rajoute un coté aléatoire du coup ton skill il sert plus à rien
2015-01-30T22:57:30 <Elvon> non pas un auto combo mais un boost comme les oreille de lapin pour le jump ou la rapiditer un boost sur les attaque smash et autres
2015-01-30T22:57:31 <Gordfang> c'est pour cela que c'est plus drôle ^^ moins de technique plus d'impro
2015-01-30T22:57:37 <Elvon> mais c'est un par un
2015-01-30T22:57:49 <ELiDYROS> Je parle d'autocombo comme dans Persona Arena ou UnderNight in Birth
2015-01-30T22:57:55 <Gordfang> pour jouer avec tous le monde c'est mieux ^^
2015-01-30T22:59:07 <ELiDYROS> Evidemment. Tout dépend de l'expérience que chacun recherche .
2015-01-30T22:59:18 <ELiDYROS> Elvon, tu arrêtes de jouer finalement ?
2015-01-30T22:59:59 <Elvon> nop j'arrive je cherche les infos sur le site nintendo pour la date de mon code pour jouer mewtow
2015-01-30T23:00:14 <ELiDYROS> Mois de mars
2015-01-30T23:00:31 <Elvon> merci :)
2015-01-30T23:00:35 *** heuzef s'est connecté
2015-01-30T23:00:53 <Gordfang> tu lui as fait peur XD
2015-01-30T23:01:01 * Elvon attrape un linge, le sert entre ses dents et HURLE DE RAGE!!!!
2015-01-30T23:01:19 <Elvon> Bonsoir heuzef
2015-01-30T23:01:30 <heuzef> Hello =)
2015-01-30T23:01:47 <heuzef> Ha ouais mais en faite y'a du monde le soir tard :o
2015-01-30T23:01:57 <heuzef> Je doit me faire trop vieux
2015-01-30T23:02:15 <ELiDYROS> L'age c'est une question d'état d'esprit heuzef
2015-01-30T23:02:21 <heuzef> ;)
2015-01-30T23:02:42 <ELiDYROS> Donne moi 5 min Elvon je check un truc
2015-01-30T23:02:43 <Elvon> X3
2015-01-30T23:03:02 <Elvon> daccord fait donc
2015-01-30T23:09:05 <Elvon> gg sudden death
2015-01-30T23:09:34 <heuzef> Bon aller il ce fait tard dis donc oulala ouuuuuh :3
2015-01-30T23:09:59 <Elvon> Bonne nuit papy heuzef tu viens demain alors ?
2015-01-30T23:10:02 <heuzef> @peluche tous le monde
2015-01-30T23:10:05 <heuzef> Vi ^^
2015-01-30T23:10:17 <Elvon> a demain vers quel heure ?
2015-01-30T23:10:30 <ELiDYROS> Gaffe Elvon plus tu mets de %age avec Lucario plus je suis puissant, c'est le perso qui gagne de plus de force comme ça
2015-01-30T23:10:56 <heuzef> Je sais pas trop .. vers 14:26:35
2015-01-30T23:10:59 <heuzef> Environ
2015-01-30T23:11:17 <Elvon> a daccord X3 ELiDYROS (tu m'entent avec le chat du gamepad ?
2015-01-30T23:11:32 <heuzef> Miaou ? :3
2015-01-30T23:11:37 <ELiDYROS> Je sais pas j'ai pas mis le mien attends
2015-01-30T23:11:51 <Elvon> ou ça au qg ? pareil je pense que je vais arriver vers 14h (si elle arrive a avoir son créneau)
2015-01-30T23:12:09 <heuzef> Bon aller bande de sale Gay-Meurt
2015-01-30T23:12:17 <heuzef> ++++
2015-01-30T23:12:26 <Gordfang> ++
2015-01-30T23:24:23 *** heuzef est parti
