2015-03-08T00:15:55 *** TrappyTickles est parti
2015-03-08T00:32:59 *** ValCab33 s'est connecté
2015-03-08T00:33:19 <ValCab33> Hello
2015-03-08T00:33:22 <Mousstery> Hello
2015-03-08T00:49:02 <Fidzu> hello en retard
2015-03-08T00:49:22 <Mousstery> x)
2015-03-08T00:57:26 *** Mousstery est parti
2015-03-08T01:12:44 *** ValCab33 est parti
2015-03-08T01:13:06 *** ValCab33 s'est connecté
2015-03-08T02:15:26 *** ValCab33 est parti
2015-03-08T03:50:42 *** Fidzu est parti
2015-03-08T08:09:42 *** adriens33 est parti
2015-03-08T08:22:33 *** adriens33 s'est connecté
2015-03-08T13:11:00 *** Fidzu s'est connecté
2015-03-08T14:02:10 *** Mousstery s'est connecté
2015-03-08T14:02:21 <Mousstery> Hey !
2015-03-08T14:02:54 <Mousstery> Fidzu tu peux me repasser Bronies vostfr ? Please :c
2015-03-08T14:03:36 <Fidzu> Mousstery: http://www.mediafire.com/download/6acs82t9swa9gcv/Bronies+-+The+Extremely+Unexpected+Adult+Fans+of+My+Little+Pony+%281%29.torrent
2015-03-08T14:03:47 <Mousstery> MERCI
2015-03-08T14:03:50 <Mousstery> <3
2015-03-08T14:03:56 <Mousstery> mais sinon coucou :)
2015-03-08T14:04:26 <Fidzu> oui coucou ^^
2015-03-08T14:05:25 <Fidzu> si je te dis Nega et Sofakine tu sais qui c'est ?
2015-03-08T14:05:41 <Mousstery> Oui ^^
2015-03-08T14:05:46 <Mousstery> Pourquoi?
2015-03-08T14:06:21 <Fidzu> sur le mail du prochain meet up il a dis qu'il te demanderais si tu voulais venir
2015-03-08T14:19:44 <Mousstery> ah?
2015-03-08T14:19:47 <Mousstery> je vais check
2015-03-08T14:24:36 <Mousstery> ah
2015-03-08T14:24:42 <Mousstery> ouais je viendrais :)
2015-03-08T14:25:29 <Mousstery> Bronies 1 marche pas :o
2015-03-08T14:25:31 <Fidzu> COOL
2015-03-08T14:25:35 <Mousstery> il se télecharge pas
2015-03-08T14:25:42 <Fidzu> si jamais tu peux faire passer le mot
2015-03-08T14:25:52 <Fidzu> oui il a mis du temps avant de se lancer
2015-03-08T14:29:41 <Mousstery> on mange ensemble pour le meet up?
2015-03-08T14:31:29 <Fidzu> ouai
2015-03-08T14:31:40 <Fidzu> mais sinon tu peux nous rejoindre après
2015-03-08T14:31:43 <Fidzu> comme tu veux
2015-03-08T14:32:09 <Mousstery> cool !
2015-03-08T14:32:17 <Fidzu> on a pas encore choisi le resto
2015-03-08T14:32:18 <Mousstery> je vais prendre de l'argent :)
2015-03-08T14:32:46 <Fidzu> ok, on choisira le resto sur place
2015-03-08T14:33:04 <Mousstery> je prends combien à peu prés?
2015-03-08T14:34:08 <Fidzu> 10,15€
2015-03-08T14:34:26 <Fidzu> sa depend de ce que tu prendras ^^
2015-03-08T14:34:28 <Mousstery> okay
2015-03-08T14:35:02 <Fidzu> c'est dans 2 semaines mais ce serais bien d'avoir un maximum de personnes
2015-03-08T14:36:31 <Mousstery> Dans 2 semaine ? ah j'ai mal lu xD
2015-03-08T14:36:53 <Fidzu> tu croyais quand ?
2015-03-08T14:37:23 <Mousstery> la semaine prochaine xD
2015-03-08T14:37:27 <Mousstery> mais je peux quand même tkt o/
2015-03-08T14:37:56 <Fidzu> on avais pensé la semane prochaine mais il y a un test de jeu video prevu ce samedi
2015-03-08T14:38:04 <Fidzu> ducoup on avais que le 21 de dispo
2015-03-08T14:38:16 <Mousstery> ah bon?
2015-03-08T14:38:49 <Fidzu> ouai
2015-03-08T14:38:51 <Fidzu> runners
2015-03-08T14:39:10 <Mousstery> ou?
2015-03-08T14:39:16 <Fidzu> chez soi
2015-03-08T14:39:25 <Fidzu> il donnera le lien du dl et le ts et on le testera
2015-03-08T14:39:50 <Mousstery> nice
2015-03-08T14:40:11 <Fidzu> thomas becker
2015-03-08T14:40:23 <Fidzu> c'est celui qui a organisé l'event
2015-03-08T14:40:28 <Fidzu> et un des dev je crois
2015-03-08T14:40:45 <Mousstery> c'un brony? o/
2015-03-08T14:41:02 <Fidzu> oui
2015-03-08T14:41:14 <Fidzu> normalement tu as un mail
2015-03-08T14:41:14 <Mousstery> cool
2015-03-08T14:41:28 <Mousstery> c'est lequel?
2015-03-08T14:41:34 <Fidzu> devenez tester
2015-03-08T14:41:38 <Fidzu> testeur*
2015-03-08T14:41:47 <Fidzu> le 4 mars
2015-03-08T14:43:15 <Mousstery> ok
2015-03-08T14:46:42 <Mousstery> Je viendrais :)
2015-03-08T14:46:57 <Mousstery> j'essaye d'être present a tout x)
2015-03-08T14:48:04 <Fidzu> de meme
2015-03-08T14:48:54 <Fidzu> comme la pom
2015-03-08T14:50:11 <Mousstery> tu viendra ? :o
2015-03-08T14:50:24 <Fidzu> j'essayerais
2015-03-08T14:50:51 <Fidzu> je suis a 30-45 minutes de la victoire
2015-03-08T14:51:03 <Fidzu> mais après je sais pas comment m'y rendre
2015-03-08T14:51:08 <Mousstery> xD
2015-03-08T14:51:09 <Fidzu> si il y a un bus direct ou alors a pied
2015-03-08T14:51:20 <Fidzu> j'ai vu sur map, a pied je met 23 minutes
2015-03-08T14:52:05 <Mousstery> prends le tram au pire
2015-03-08T14:53:31 <Fidzu> je demanderais a des potes comment m'y rendre
2015-03-08T14:53:35 <Fidzu> je prend jamais le tram
2015-03-08T14:53:39 <Fidzu> j'ai peur de me perdre XD
2015-03-08T14:53:42 <Mousstery> xD
2015-03-08T14:53:57 <Mousstery> tu te colle à la fenetre et tu regarde quand tu descends
2015-03-08T14:55:43 <Mousstery> c'est bien il y a de plus en plus de truc
2015-03-08T14:57:56 <Mousstery> la comu active :D
2015-03-08T15:02:47 <Fidzu> ca c'est cool
2015-03-08T15:53:17 <Mousstery> Fidzu ?
2015-03-08T15:53:26 <Fidzu> Mousstery: ?
2015-03-08T15:53:30 <Mousstery> Comment on met les sous titres ?
2015-03-08T15:53:40 <Fidzu> Mousstery: tu as VLC ?
2015-03-08T15:53:54 <Mousstery> oui?
2015-03-08T15:54:20 <Fidzu> sous titre en hauyt a gauche
2015-03-08T15:54:31 <Fidzu> et tu selectionne le fichier .srt
2015-03-08T15:54:39 <Fidzu> tu veux regarde ABt ou bronies ?
2015-03-08T15:55:23 <Mousstery> bronies
2015-03-08T15:55:54 <Fidzu> ouai fais gaf il y a plein de sous titre dans des langues differentes donc choisis bien le francais
2015-03-08T15:56:24 <Fidzu> t'y arrive ?
2015-03-08T16:03:38 <Mousstery> oui
2015-03-08T16:12:31 <Fidzu> bon film alors
2015-03-08T16:13:22 <Mousstery> hanw :(
2015-03-08T16:13:32 <Mousstery> il y a un qui a le syndrome d'asperger :(
2015-03-08T16:15:30 <Fidzu> oui
2015-03-08T16:15:43 <Fidzu> tu a  vu abt ?
2015-03-08T16:15:46 <Fidzu> ou après ?
2015-03-08T16:18:04 <Mousstery> hier soir
2015-03-08T16:18:32 <Mousstery> j'ai pas eu la foi de regarder en entier,je comprends l'anglais mais il y avait des phrases qui m'on fait bug.
2015-03-08T16:21:03 <Fidzu> ah dommage
2015-03-08T16:26:37 <Mousstery> OMG
2015-03-08T16:26:45 <Mousstery> IL Y A UN QUI S'EST FAIT VISE DESSUS
2015-03-08T16:26:51 <Mousstery> CAR C'EST UN BRONY?!
2015-03-08T16:27:27 <Fidzu> oui
2015-03-08T16:28:23 <Mousstery> mais
2015-03-08T16:28:30 <Mousstery> mon dieu -_-
2015-03-08T16:28:53 <Fidzu> be ouai =/
2015-03-08T16:31:27 <Mousstery> c'est triste
2015-03-08T17:01:04 <Fidzu> tu l'as fini ?
2015-03-08T17:01:53 <Mousstery> nan
2015-03-08T17:02:03 <Mousstery> j'en suis à la partie brony créateur la
2015-03-08T17:07:00 <Fidzu> ah
2015-03-08T17:24:30 <Mousstery> oh
2015-03-08T17:24:35 <Mousstery> j'ai versé une larme
2015-03-08T17:34:07 <Fidzu> ^^
2015-03-08T17:36:28 <Mousstery> Rah j'ai bien chialé :'(
2015-03-08T17:37:24 <Fidzu> XD
2015-03-08T17:37:33 <Fidzu> c'est telement emouvant =')
2015-03-08T17:42:30 <Mousstery> je suis sur le visio pour ceux qui veulent
2015-03-08T18:27:41 *** Mousstery est parti
2015-03-08T19:09:22 *** Simplet_42 s'est connecté
2015-03-08T19:09:29 <Simplet_42> Salut
2015-03-08T19:19:16 <Fidzu> Salut
2015-03-08T19:21:43 <Simplet_42> J'aimerai avoir des renseignements sur la rencontre que vous allez faire à la victoire
2015-03-08T19:22:08 <Simplet_42> où exactement à la victoire
2015-03-08T19:22:16 <Simplet_42> en fait.
2015-03-08T19:32:26 <Fidzu> mmmh
2015-03-08T19:32:44 <Fidzu> on a pas dit exctement ou mais on se retrouvera
2015-03-08T19:33:07 <Fidzu> je pense que je demanderais le tel de toutes les personne participantes pour qu'on puissent prendre contact au cas ou il y a un soucis
2015-03-08T19:35:15 <Fidzu> a mon avis on se donnera rdv sous l'arc
2015-03-08T19:48:19 <Simplet_42> okie dokie lokie
2015-03-08T19:48:30 <Simplet_42> J'pense essayer de venir
2015-03-08T19:48:43 <Simplet_42> Ca me permettera de rencontrer des bronies dans l'coin
2015-03-08T19:48:48 <Fidzu> ce serais cool
2015-03-08T19:49:04 <Fidzu> j'ai vu que tu n'est as inscrit sur le site
2015-03-08T20:01:15 *** MaCharon s'est connecté
2015-03-08T20:09:50 <Fidzu> lu
2015-03-08T20:10:41 <Simplet_42> Non je ne me suis pas inscrit ^^'
2015-03-08T20:11:11 <Simplet_42> J'ai préféré pour le moment ne pas m'inscrire vu la quantité de données personnelles demandé
2015-03-08T20:11:36 <Fidzu> ah, tu peux juste mettre salut, je suis un brony bordelais et puis c'est tout ^^
2015-03-08T20:11:55 *** ELiDYROS s'est connecté
2015-03-08T20:11:59 <ELiDYROS> Hello.
2015-03-08T20:12:38 <Simplet_42> Ah ? Personnellement il me demandait mon adresse donc j'pas bien voulu ^^'
2015-03-08T20:12:58 <Fidzu> oh, ouai mais elle ne s'afficheras pas sur ton profil
2015-03-08T20:13:05 <Fidzu> après t'es pas obligé de t'inscrire
2015-03-08T20:14:16 <Fidzu> ELiDYROS: HEllo
2015-03-08T20:15:05 <adriens33> Hello ELiDYROS / Simplet_42
2015-03-08T20:16:24 <adriens33> Simplet_42> si Heuzef te demande ton adresse / tel etc, c'est principalement pour être sûr de pouvoir garder contact avec tout le monde. L'adresse est également utilisée pour la map, pour pouvoir savoir où sont les autres poneys ;) mais tu peux très bien lui passer ton adresse et lui spécifier de la conserver privéeè, de pas la mettre sur la map quoi. Normalement ça devrait être bon.
2015-03-08T20:17:16 <adriens33> (oui, Heuzef se prend pour la NSA on peut dire lol)
2015-03-08T20:17:35 <Fidzu> ^^
2015-03-08T20:18:53 <adriens33> Y'a un guide des nouveaux en préparation, parce qu'il est vrai que la quantité de données peut à première vue faire peur. Mais c'est pas tout publié, si tu va sur bronycub.org/membres.php,  tu n'as que l'anni, le nom, le pseudo et la bio (ainsi que les liens style fb / etc)
2015-03-08T20:19:03 <adriens33> *anniv
2015-03-08T20:22:37 <adriens33> et il y a également une nouvelle version du site en préparation, pour ajouter un dépot de fichiers (les épisodes entre autres, visibles seulement par les membres), et faire entre autres en sorte de pouvoir filtrer ce qui est visible en public de ce qui l'est quand tu te loggues en tant que membre.
2015-03-08T20:22:51 <adriens33> (son petit nom, c'est SugarCub)
2015-03-08T20:24:48 <adriens33> (et le dépot c'est de mémoire BBBFF pour Bronycub Big Browser File Factory)
2015-03-08T20:25:29 <Fidzu> MDR le jeu de mot
2015-03-08T20:25:36 <Fidzu> bien joué *clap clap
2015-03-08T20:26:07 <adriens33> oui, on est inspiré chez BronyCUB :)
2015-03-08T20:26:14 <adriens33> et on a la meilleure mascotte du monde.
2015-03-08T20:26:27 <adriens33> Berry Punch l'alcoolique, pour la ville du vin ça le fait non ?
2015-03-08T20:26:34 <adriens33> non lol
2015-03-08T20:27:32 <Fidzu> adriens33: tu viens samedi 21 ?
2015-03-08T20:27:47 <adriens33> Je ne sais pas encore, on verra. Mais j'aimerais bien, oui :)
2015-03-08T20:27:53 <adriens33> !muffin Simplet_42
2015-03-08T20:28:03 <Fidzu> !muffin adriens33
2015-03-08T20:28:07 <Fidzu> =(
2015-03-08T20:28:11 *** ELiDYROS est parti
2015-03-08T20:28:14 <adriens33> lol, le pétard mouillé
2015-03-08T20:28:21 <Fidzu> parce que si tu viens, on se rejoin sous l'arc
2015-03-08T20:28:33 <adriens33> à la place de la Victoire, c'est ça, non ?
2015-03-08T20:28:43 <Fidzu> ui
2015-03-08T20:28:46 <adriens33> ok ^^
2015-03-08T20:35:41 *** Simplet_42 est parti
2015-03-08T20:38:26 <adriens33> Berry… :D
2015-03-08T20:39:27 *** Simplet_42 s'est connecté
2015-03-08T20:40:16 <Simplet_42> Oh je vois on peut donc mettre les infos privées merci du renseignement ^^
2015-03-08T20:43:08 <adriens33> Il suffit de le préciser à Heuzef, généralement c'est lui qui finalise l'inscription par mail (contact@heuzef.com)
2015-03-08T20:43:11 <adriens33> ^^
2015-03-08T20:43:28 <Simplet_42> Ah
2015-03-08T20:43:45 <Simplet_42> au pire je verrai ça plus tard
2015-03-08T20:44:24 <adriens33> bah en fait le formulaire sur le site lui envoie un mail
2015-03-08T20:44:30 <adriens33> l'inscription se fait manuellement
2015-03-08T20:45:05 <adriens33> ça fait partie des évolutions de la nouvelle version du site, pour pouvoir automatiser ça ^^ (quand y'en a 1 2 à la fois ça va, 10 ça commence à être galère)
2015-03-08T20:46:04 <Simplet_42> Eh bien il en a du courage
2015-03-08T20:47:00 <adriens33> Bah c'est pour ça que Gorfang le décharge un peu niveau inscriptions
2015-03-08T20:47:08 <adriens33> *Gordfang
2015-03-08T20:47:26 <adriens33> (le pire, c'est pendant les meetups ><)
2015-03-08T20:49:27 <Simplet_42> càd ?
2015-03-08T20:49:41 <adriens33> ben généralement c'est là qu'il y a le plus d'inscriptions
2015-03-08T20:50:06 <adriens33> par ex pour celui du dernier ep de la saison 4 en mai dernier (quand je me suis inscrit en fait)
2015-03-08T20:50:19 <adriens33> on était genre une quinzaine à s'être inscrits ce jour là
2015-03-08T20:50:22 <adriens33> je crois
2015-03-08T20:50:29 <Simplet_42> Ah ouai pas mal...
2015-03-08T20:50:43 <Simplet_42> Et les gens sont sympa
2015-03-08T20:50:44 <Simplet_42> ?
2015-03-08T20:50:44 <adriens33> bah on est genre 60 je crois
2015-03-08T20:50:48 <adriens33> oui oui ^^
2015-03-08T20:51:00 <Simplet_42> ^^' c'est rassurant ça
2015-03-08T20:51:35 <adriens33> y'a de tout, des plus jeunes (qu'on surnomme les CMC :P) aux plus vieux qui ont dans la trentaine
2015-03-08T20:51:40 <adriens33> (y'en a quelques uns)
2015-03-08T20:53:33 <Simplet_42> ^^ ah c'cool ca. Franchement j'ai hésité à me renseigner pour les bronies de Bordeaux car les bronies de ma ville natale (d'après un pote bronies qui en a rencontrer quelques uns) c'est des mecs qui n'acceptent pas les nouveaux, etc... du  "Love and tolerate (what is like me)" pour faire court  ^^
2015-03-08T20:53:50 <adriens33> XD
2015-03-08T20:53:56 *** ludvann s'est connecté
2015-03-08T20:54:13 <ludvann> hellow
2015-03-08T20:54:19 <adriens33> Heuzef (qui est à l'origine de bronycub) est un vrai poney dans l'âme :D
2015-03-08T20:54:24 <adriens33> salut ludvann ^^
2015-03-08T20:54:32 <ludvann> yep ^^
2015-03-08T20:54:35 <Simplet_42> ^^ Salut
2015-03-08T20:54:43 <Fidzu> lu
2015-03-08T20:54:56 <ludvann> il en manque pas une pour mettre dans site un konami code poney ^^
2015-03-08T20:55:03 <adriens33> ouaip XDD
2015-03-08T20:56:23 <Fidzu> ludvann:pour samedi 21 c'est bon, le mail est envoyé a tout le monde
2015-03-08T20:56:50 <Fidzu> ludvann: ah mais je te l'ai deja dis c'est vrai ^^
2015-03-08T20:56:52 <ludvann> j'ai vu ça :)
2015-03-08T20:57:00 <Fidzu> oublié
2015-03-08T20:57:24 <ludvann> pas grave ^^
2015-03-08T20:57:26 <adriens33> Fidzu c'est moche alzheimer quand meem
2015-03-08T20:57:28 <adriens33> *même
2015-03-08T20:57:32 <ludvann> x')
2015-03-08T20:57:36 <Fidzu> ^^
2015-03-08T20:57:40 <ludvann> à ton age en plus
2015-03-08T20:58:07 <ludvann> #rtSiTEsTriste
2015-03-08T20:58:22 <ludvann> on va faire une collecte pour fidzu !
2015-03-08T20:58:38 * ludvann fait un mail sur la mailing list
2015-03-08T20:58:49 * ludvann va sur change.org
2015-03-08T20:58:53 <Fidzu> #collectepourlamemoiredeFidzu
2015-03-08T20:59:24 <ludvann> #CollectePourl'ArmoiredeFidzu
2015-03-08T20:59:37 <ludvann> ;)
2015-03-08T20:59:57 <ludvann> mon changement se voit même pas xDDD
2015-03-08T21:00:36 <Simplet_42> Bien joué le changement ^^
2015-03-08T21:00:45 <Fidzu> XD
2015-03-08T21:00:46 <ludvann> thx :D
2015-03-08T21:01:08 <ludvann> Simplet_42 tu es nouveau ? .-.
2015-03-08T21:01:49 <Fidzu> et dailleur, Simplet_42 , tu as quel age ?
2015-03-08T21:01:50 *** adriens33 est parti
2015-03-08T21:02:19 <ludvann> la co adriens33 à encore lachée xD
2015-03-08T21:02:25 <Simplet_42> Oui nouveau sur le site (bien que ca fait 6mois que je le connais *erf...*), 18ans
2015-03-08T21:02:31 <ludvann> x)
2015-03-08T21:02:46 <Fidzu> 17 pour ma part
2015-03-08T21:02:46 <ludvann> en plus d'être simplet, tu es fainiant x)
2015-03-08T21:02:50 * ludvann go out
2015-03-08T21:02:52 <Fidzu> ^^
2015-03-08T21:03:27 <Simplet_42> je ne sais pas si c'est de la fainéantise ^^, mais je le suis quand même
2015-03-08T21:03:53 <Fidzu> moi aussi je connaisais le site genre 1 mois avant de m'y inscrire mais je penssais que c'est un truc fermé, genre un petit delire entre pote
2015-03-08T21:04:05 <ludvann> un nouveau menbre du club des fainiants o/
2015-03-08T21:04:10 <Fidzu> sauf qu'en faite c'est très ouvert et super accueillant
2015-03-08T21:04:15 <ludvann> :D
2015-03-08T21:04:47 <ludvann> Fidzu> je m'éclate avec sai :D
2015-03-08T21:04:49 <Fidzu> olala quand je lis les phrases que j'écris .. heureusement que ma prof de Francais n'est pas la
2015-03-08T21:05:15 <Simplet_42> Fidzu => Les bronies de lyon sont comme ça à ce qu'il parrait (pas tous mais certains)
2015-03-08T21:05:22 <Fidzu> ludvann: j'ai essayé de dessiner un pony, j'en suis encore qu'au lineart mais j'avance.. petit a petit
2015-03-08T21:05:33 <Fidzu> Simplet_42:chacun sa mentalité
2015-03-08T21:05:45 <ludvann> bronycat ?
2015-03-08T21:05:54 <Fidzu> ludvann: faudras que tu me montre ce que tu fais
2015-03-08T21:06:14 <Simplet_42> Ouaip comme m'a décrit un pote sur place c'est du "love and tolerate (what is like me)"
2015-03-08T21:06:32 <ludvann> bronycub ? Simplet_42
2015-03-08T21:08:08 <Simplet_42> Ludvann => Nope pour un groupe de Bronies du lyon
2015-03-08T21:08:40 <ludvann> ah :/
2015-03-08T21:08:49 <ludvann> j'upload l'image sur imgur
2015-03-08T21:09:03 <ludvann> Fidzu et les autres http://imgur.com/gDw9Bpj
2015-03-08T21:09:16 <Fidzu> mdr
2015-03-08T21:09:18 <Fidzu> swag
2015-03-08T21:09:38 *** adriens33 s'est connecté
2015-03-08T21:09:40 <Simplet_42> on connait pas trop les bronies du bordeaux vu qu'on vient pas de Bordeaux mais que j'ai du m'installer dans les environs pour les cours
2015-03-08T21:09:52 <ludvann> ah ^^
2015-03-08T21:10:01 <ludvann> tu viendras pour le 21 ? :)
2015-03-08T21:10:02 <Fidzu> http://gyazo.com/f4c8e48bfd8c5f27313bb111341f8387 pour moi ^^
2015-03-08T21:10:09 <Simplet_42> Je pense oui
2015-03-08T21:10:15 <Fidzu> tu as tes cours ou ?
2015-03-08T21:10:36 <ludvann> Fidzu, mais, mais
2015-03-08T21:10:44 <ludvann> c'est bambi !
2015-03-08T21:10:45 <adriens33> désolé, mon internet avait coupé ><
2015-03-08T21:10:52 <ludvann> YES !!!!!!!!!
2015-03-08T21:11:00 <Fidzu> ca se vois pas ? c'est twilight
2015-03-08T21:11:04 <ludvann> c'est ce que j'avais dit o/ o/ o/ o/
2015-03-08T21:11:06 <adriens33> (vivement demain d'ailleurs, j'ai ENFIN un technicien qui se bouge l'anus ><)
2015-03-08T21:11:27 <Fidzu> Simplet_42: tu fais tes cours ou ?
2015-03-08T21:11:31 <adriens33> Fidzu> pas trop mal :)
2015-03-08T21:11:33 <ludvann> Fidzu je le vois pas trop :/ cou un peu trop long
2015-03-08T21:11:52 <Fidzu> ludvann: je dois encore le modifier
2015-03-08T21:12:00 <ludvann> ^^
2015-03-08T21:12:01 <Simplet_42> Fidzu => Sympa ^^
2015-03-08T21:12:11 <Fidzu> merci
2015-03-08T21:12:13 <Simplet_42> Fidzu => Bordeaux IV
2015-03-08T21:12:25 <adriens33> Fidzu> j'ai trouvé ça y'a quelques temps sur DA http://inkwell-pony.deviantart.com/art/My-Little-Pony-Study-199639760
2015-03-08T21:12:29 <Simplet_42> (du moins je crois, je me suis jamais renseigné sur le nom de ma fac xD
2015-03-08T21:12:30 <adriens33> ça peut t'être utile ptet ?
2015-03-08T21:12:35 <Fidzu> CFA Gustave Eiffel pour moi
2015-03-08T21:12:55 <Fidzu> adriens33: ah ouai merci
2015-03-08T21:13:08 <ludvann> Lycée Alfred Kastler 90% de mecs ;_;
2015-03-08T21:13:33 <adriens33> lol
2015-03-08T21:13:59 <Fidzu> ^^
2015-03-08T21:14:00 <Simplet_42> Vous êtes tous de Bordeaux même ?
2015-03-08T21:14:09 <ludvann> Fidzu> je fais de l'abstrait | tu fais le lineart avec quel outil ?
2015-03-08T21:14:17 <ludvann> c'est à dire ?
2015-03-08T21:14:25 <ludvann> où on habite ?
2015-03-08T21:14:32 <Fidzu> moi villenave d'ornon
2015-03-08T21:14:37 <ludvann> gradignan
2015-03-08T21:15:06 <Fidzu> ludvann: l line art, je le fais avec le calque avec la petite plume et avec soit l'outil courbe soit a la main
2015-03-08T21:15:14 <adriens33> Simplet_42> je suis né a bdx, j'ai fait un peu le tour de la moitié de la gironde, et sinon la j'habite a talence.
2015-03-08T21:17:03 <Simplet_42> Okie dokie lokie
2015-03-08T21:17:09 <Simplet_42> Moi perso Pessac
2015-03-08T21:17:15 <adriens33> oki^^ t'es pas loin
2015-03-08T21:17:51 <ludvann> pessac centre ?
2015-03-08T21:18:15 <ludvann> et si tu es à bdx 4, on pourrat se voir facilement ^^
2015-03-08T21:18:28 <adriens33> bah je suis a coté du tram b, juste entre la fac et le lycée kastler. donc avec le tram b ça fait pas loin XD
2015-03-08T21:19:19 <adriens33> (ah zut c'est lud qu'a répondu ^^" j'ai buggué)
2015-03-08T21:20:09 <ludvann> xD
2015-03-08T21:20:30 <Simplet_42> Ouaip au centre
2015-03-08T21:20:47 <Simplet_42> De toute façon j'prend le tram vu que j'suis à la fac IV
2015-03-08T21:21:09 <adriens33> ah ba oui XD beh c'est montesquieu non ?
2015-03-08T21:21:17 <ludvann> je peux prendre le 36 sans correspondance pour (squatter) te faire coucou ^^
2015-03-08T21:22:55 <Simplet_42> ouaip
2015-03-08T21:23:20 <ludvann> adriens33> il y a 1 semaine, j'ai eut mon premier bsod sur mon pc portable !
2015-03-08T21:23:26 <ludvann> ça se fête :D
2015-03-08T21:23:28 <adriens33> yay
2015-03-08T21:23:42 <ludvann> Berry-Punch
2015-03-08T21:23:46 <adriens33> vade retro microsoftis windowus virulens
2015-03-08T21:23:46 <ludvann> champagne !
2015-03-08T21:23:51 <adriens33> =D
2015-03-08T21:23:54 <Simplet_42> J'sais plus entre montaigne et montesquieu
2015-03-08T21:24:07 <ludvann> mdans les algéco x)
2015-03-08T21:24:18 <adriens33> Simplet_42> bah je sais que l'arret de tram b devant c'est les deux XD
2015-03-08T21:29:49 <Simplet_42> ouaip
2015-03-08T21:39:35 <ludvann> mon rubik cube m'énerve D:
2015-03-08T21:40:00 <ludvann> quand j'ai un super bon mélange, il explose dans mes mains...
2015-03-08T21:40:15 <Fidzu> ^^
2015-03-08T21:40:31 <ludvann> c'est trrès frustrant
2015-03-08T21:42:12 <ludvann> bien sûr il explose après la période chiante
2015-03-08T21:42:19 *** adriens33 est parti
2015-03-08T21:42:20 <ludvann> (je fais du speedcubing)
2015-03-08T21:42:56 <ludvann> Fidzu> tu remplaces ta souris par ta tablette ?
2015-03-08T21:43:18 <Fidzu> que  quand je dessine
2015-03-08T21:43:33 <ludvann> ah ^^
2015-03-08T21:43:47 *** adriens33 s'est connecté
2015-03-08T21:43:47 <ludvann> des fois je déconnecte ma souris xD
2015-03-08T21:43:53 <adriens33> putain j'en ai marreu
2015-03-08T21:44:01 <adriens33> ma box qui est désynchro depuis une heure
2015-03-08T21:44:09 <adriens33> je me co sur un wifi public
2015-03-08T21:44:25 <adriens33> mon pc qui décide de me rebrancher sur mon wifi qui marche pas quand même ><
2015-03-08T21:44:29 <adriens33> connard
2015-03-08T21:44:33 <Fidzu> mdr
2015-03-08T21:44:37 <Fidzu> ta pas d echance
2015-03-08T21:44:45 <adriens33> c'est pas drole <>
2015-03-08T21:44:47 <adriens33> *><
2015-03-08T21:44:58 <Fidzu> pardon =/
2015-03-08T21:44:59 <ludvann> lawl
2015-03-08T21:45:05 <adriens33> je suis passé d'une bonne co (pour ce que j'ai comme fil de cuivre)
2015-03-08T21:45:10 <adriens33> a une co plus que merdique
2015-03-08T21:45:14 <adriens33> qui marche quand elle veut
2015-03-08T21:45:17 <adriens33> et je sais pas pk
2015-03-08T21:45:40 <adriens33> et j'ai presque du harceler mon fai pour les forcer a faire venir un mec pour vérifier ma ligne ><
2015-03-08T21:45:48 <ludvann> te plains pas, eclipse2212 lui a réussi avoir un deuxième téléphone en secret et peut se co uniquement sur wifi public
2015-03-08T21:46:09 <adriens33> eh oh j'me plain si je veux
2015-03-08T21:46:19 <ludvann> :)
2015-03-08T21:46:30 <adriens33> je paie pas 30€/mois pour me co sur un wifi public parce que ma co est cassée quand meme
2015-03-08T21:46:37 <adriens33> *wifi public gratuit
2015-03-08T21:47:30 <ludvann> aoué
2015-03-08T21:48:04 <adriens33> surtout que je suis pas hyper riche quoi..
2015-03-08T21:50:01 <Simplet_42> Bon j'vais devoir vous laisser moi les gens bonne soirée.
2015-03-08T21:50:05 *** Simplet_42 est parti
2015-03-08T21:50:13 <adriens33> a pluche
2015-03-08T21:50:27 <Fidzu> il est partit sans que je puisse lui dire au revoir ..
2015-03-08T21:50:42 <Fidzu> *pleur
2015-03-08T21:50:44 <adriens33> y'a le log au pire, donc s'il le lit avant minuit il le verra quand meme
2015-03-08T21:50:58 <Fidzu> aurevoir si tu me vois !!!
2015-03-08T21:52:02 <Fidzu> adriens33: tu utilise une tablet ?
2015-03-08T21:52:11 <adriens33> heuhhhh... non pourquoi ?
2015-03-08T21:52:59 <adriens33> (j'aime pas ça les tablettes ><)
2015-03-08T21:53:12 <Fidzu> ah non j'ai confondu avec un autre adrien -_-
2015-03-08T22:08:54 <ludvann> x)
2015-03-08T22:56:39 <ludvann> @+
2015-03-08T22:56:59 *** ludvann est parti
