2015-03-23T00:46:33 *** Fidzu est parti
2015-03-23T01:55:44 *** ELiDYROS s'est connecté
2015-03-23T06:40:46 *** ELiDYROS est parti
2015-03-23T07:10:01 *** Fidzu s'est connecté
2015-03-23T08:48:55 *** heuzef s'est connecté
2015-03-23T08:55:41 *** Gordfang s'est connecté
2015-03-23T08:57:39 <Gordfang> yo!
2015-03-23T08:57:43 <Fidzu> Bonjour vvous deux
2015-03-23T08:58:26 <Fidzu> Zalez Bien ?
2015-03-23T08:58:39 <heuzef> yo
2015-03-23T08:59:04 <heuzef> De gros pépins me sont tombé dessus ce WK
2015-03-23T08:59:20 <Fidzu> Ah ?
2015-03-23T08:59:28 <heuzef> Je risque donc d'être complétement absent prochainement
2015-03-23T08:59:49 <heuzef> Le temps de sortir de l'eau
2015-03-23T09:00:49 <heuzef> C'est plutôt grave mais je ne suis pas concerné directement, du coup j'ignore combien de temps cette crise va durer
2015-03-23T09:01:46 <Fidzu> C'est un problème de quel genre ?
2015-03-23T09:01:49 <heuzef> Gordfang tu gère les pti poney hésite pas à mettre ton nez ou il faut ;)
2015-03-23T09:01:52 <Gordfang> c'est ta boite qui as un problème?
2015-03-23T09:02:10 <Gordfang> et merde XD et je me demander quand ça aller me tomber dessus
2015-03-23T09:02:19 <heuzef> Nop, moi, famille, santé, ...
2015-03-23T09:02:32 <heuzef> très compliqué et senssible
2015-03-23T09:02:33 <Fidzu> Ah mince
2015-03-23T09:03:03 <Fidzu> Tu sera inactif longtemps ?
2015-03-23T09:04:26 <heuzef> Je suis jamais bien loin pour mes amis ;)
2015-03-23T09:05:56 *** heuzef est parti
2015-03-23T09:08:51 <Fidzu> Ducoup Gordfang si heuzef n'est pas la, faudras voir avec toi pour les events qui vont venir ?
2015-03-23T09:08:57 *** wildfier s'est connecté
2015-03-23T09:09:18 <wildfier> salut
2015-03-23T09:09:27 <Fidzu> Salut
2015-03-23T09:10:07 <Gordfang> techniquement vous pouver en organiser autant que vous vouler, je ferai que check
2015-03-23T09:10:50 <Fidzu> C'est surtout que je voulais voir avec heuzef pour le 4
2015-03-23T09:11:11 <Gordfang> y a quoi le 4?
2015-03-23T09:11:47 <Fidzu> La saison 5
2015-03-23T09:12:35 <Fidzu> Et je voulais voir avec lui ou faire l'évent.  Au calice, chez Valentin ou chez quelqu'un d'autre
2015-03-23T09:13:14 <Fidzu> Elvon et moi on pense que c'est mieux Au calice
2015-03-23T09:16:05 <Gordfang> ah, ouai mais du coup faut voir avec eux si on peut organiser quelque chose, a mon avis cela les dérangera pas (sauf si il y avais déja un truc de prevu)
2015-03-23T09:20:41 <Fidzu> Ben je compte envoyer un mail a tout le monde en disant que par défaut on le fait au calice mais si quelqu'un se porte volontaire pour nous accueillir chez lui, on le fera chez lui
2015-03-23T09:21:59 <Gordfang> prévient quand même l'un des gérants du calice pour leur dire si c'est possible?
2015-03-23T09:22:52 <Fidzu> Elvon s'en charge
2015-03-23T09:23:13 <Gordfang> k
2015-03-23T09:23:34 <Fidzu> Et en haut il y a facilement de la place pour 10 (je doute qu'on sera plus)
2015-03-23T09:24:16 <Gordfang> tu verifiera mais bon c'est le debut de la saison 5 aussi :D
2015-03-23T09:24:56 <Fidzu> Il n'y en aura pas deux ^^
2015-03-23T09:34:38 *** Shinsaber s'est connecté
2015-03-23T09:34:44 <Shinsaber> salut
2015-03-23T09:38:08 <Fidzu> Shinsaber Salut
2015-03-23T09:47:01 <wildfier> salut Shinsaber
2015-03-23T10:46:19 *** Gordfang est parti
2015-03-23T11:26:40 *** TrappyTickles s'est connecté
2015-03-23T11:39:12 *** TrappyTickles est parti
2015-03-23T11:40:53 *** TrappyTickles s'est connecté
2015-03-23T11:46:16 *** TrappyTickles est parti
2015-03-23T11:48:54 *** TrappyTickles s'est connecté
2015-03-23T11:53:34 <Fidzu> T'arrête de clignoter ?
2015-03-23T11:53:41 <wildfier> XD
2015-03-23T11:54:03 <wildfier> le spam de la connexion en mousse
2015-03-23T11:55:13 <TrappyTickles> non, simplement ma connerie d'imprimante qui sait pas faire d'impression photo sur linux
2015-03-23T11:56:46 <wildfier> et c'est quoi le rapport avec l'IRC ? c'est que t'es obligé de reboot sous windaube ?
2015-03-23T11:57:16 <TrappyTickles> mon irc démarre tout seul au démarrage
2015-03-23T11:57:23 <TrappyTickles> sur les 2 OS
2015-03-23T11:57:26 <wildfier> ^^
2015-03-23T12:08:50 *** wildfier est parti
2015-03-23T13:34:26 *** MaCharon s'est connecté
2015-03-23T13:40:28 *** Elvon s'est connecté
2015-03-23T13:41:06 <Elvon> Hello Guys when are you today ?
2015-03-23T13:41:31 *** Gordfang s'est connecté
2015-03-23T13:41:38 <MaCharon> je me "repose" chez moi ^^
2015-03-23T13:41:54 <MaCharon> ça creve deux jours d'AP
2015-03-23T13:42:06 <Gordfang> wut?
2015-03-23T13:44:36 <Elvon> tu m'étonne j'ai croiser Caillou Hier vers 13h
2015-03-23T13:44:55 <MaCharon> c'est ce qu'il m'a dit
2015-03-23T13:45:07 <Elvon> j'attendé Rick pour voir si il pouvait reprendre Mario party 10 que je lui est acheter mercredi dernier
2015-03-23T13:45:22 <Elvon> Yop Gordfang
2015-03-23T13:45:26 <MaCharon> tu le revend deja ?
2015-03-23T13:45:33 <Gordfang> yo elvon
2015-03-23T13:45:48 <Elvon> il est Oo ...... *BOuarargggh!!!*
2015-03-23T13:45:51 * Elvon vomit
2015-03-23T13:45:58 <Elvon> Horrible
2015-03-23T13:46:13 <Gordfang> ? roh ca va ca reste un Mario party quoi
2015-03-23T13:47:00 <MaCharon> bah moi les Mario party ça m'a jamais vendu du reve de toute façon
2015-03-23T13:47:06 <Elvon> c'est un subtile mélange entre ce faire unicornisé le derrière et avoir le cerveaux qui coule le long des tampes
2015-03-23T13:47:11 <Elvon> NBop
2015-03-23T13:47:19 <Gordfang> ??? merci mais encore
2015-03-23T13:47:19 <Elvon> c'est pas un mario partu
2015-03-23T13:47:37 <Gordfang> comment ca?
2015-03-23T13:48:13 <Elvon> c'est un "Nintendo fait du vieux asbeen en voulant sortir du neuf... 80% less colle)
2015-03-23T13:48:25 <Elvon> 90% less cooler*
2015-03-23T13:49:48 <Gordfang> mouai... j'ai un peu de mal a suivre la
2015-03-23T13:50:32 <Elvon> 1er ils ont virér le Choix des direction. on est tous sur un "wagon" et on ce déplace tous ensemble. 2eme les mini-jeux ne sont plus l'élément Fun (n'aillant plus le principe de tours mais d'un putian Jeux mario bros. il faut tomber sur la case minijeux)
2015-03-23T13:50:50 <Gordfang> mec, il on fait pareil que dans le 9
2015-03-23T13:50:56 <Gordfang> c'est pas nouveaux du 10 ça
2015-03-23T13:51:02 <Elvon> 3eme les partie sont pas modifiable, en gos elle font toute ~30min
2015-03-23T13:51:09 <Gordfang> mais c'est vrai que le système mini-jeux c'est assez dommage
2015-03-23T13:51:33 <Elvon> et en plus de ça ils ont fait un rabai au niveaux des infos utile.
2015-03-23T13:53:11 <Gordfang> ouai ca par contre c'est nul, ils on mal foutu leur truc
2015-03-23T13:53:28 <Elvon> tu n'as plus d'affichage facile des minijeu tu a juste entrainement et jouer pour les touche tu doit lire une "PUB" avec les indication en tout petit qui défile lentement. en gros 30sec fois le nombre de besoin de compréhenstion
2015-03-23T13:54:07 *** wildfier s'est connecté
2015-03-23T13:54:33 *** ELiDYROS s'est connecté
2015-03-23T13:54:49 <ELiDYROS> Salut.
2015-03-23T13:55:16 <Gordfang> salut elidyros
2015-03-23T13:55:27 <Gordfang> par rapport a hier, ouai j'ai craquer j'ai acheter MH4U ^^
2015-03-23T13:55:29 <Elvon> Mario party 9/10, ou comment jouer a monoply sans les case chance/ les gare/ et les pénaliter entre joueur.... oui je pense que 90% less cooler c'est un bon aperçut de cet arnache
2015-03-23T13:55:36 <Elvon> Salut Elvon
2015-03-23T13:55:47 <Gordfang> euh
2015-03-23T13:55:48 <Elvon> youp j'ai louper mon tab
2015-03-23T13:55:53 <Elvon> Salut ELiDYROS
2015-03-23T13:56:22 <ELiDYROS> De quoi tu parles Gordfang ?
2015-03-23T13:56:36 <Gordfang> monster hunter 4 ultimate
2015-03-23T13:56:38 <Elvon> Bref Mp10 = aussi cool que win Vista
2015-03-23T13:56:41 <Gordfang> je l'est
2015-03-23T13:56:59 <Elvon> Il est cool Monster Hunter
2015-03-23T13:57:18 <Elvon> wildfier> Bien le bonjour
2015-03-23T13:57:40 <ELiDYROS> c'est wildfier qui t'avait demandé je crois
2015-03-23T13:59:04 <Gordfang> non non 'était toi ELiDYROS
2015-03-23T13:59:07 <Elvon> wildfier> au faite faut que tu me dise quand est-ce que tu a un moment de libre pour que l'on ce voit et qu'on fasse faire la connaissance de nos instruments X3 (ouais je sais mes meilleur amies c'est mes Guitares et ma basse)
2015-03-23T13:59:15 <ELiDYROS> non
2015-03-23T13:59:25 <ELiDYROS> j'ai juste dit que j'avais une team tout ça
2015-03-23T13:59:37 <Gordfang> hmmm, me sembler que c'était toi qui m'avais poser la question bon pas grave j'ai du me foirer
2015-03-23T13:59:44 <ELiDYROS> pas de soucis
2015-03-23T13:59:56 <wildfier> Elvon: ^^ yep, faudra se caller ça
2015-03-23T14:00:19 <ELiDYROS> si jamais tu cherches des gens pour jouer, on est une dizaine dans le coin si jamais
2015-03-23T14:00:47 <Gordfang> tkt pas j'ai des potes dans ma classe qui l'on aussi :D (et il joue même en cours ces con!)
2015-03-23T14:01:07 <Elvon> moi je suis chaud patate mais ce Weekend samedi je suis a l'Animasia Haillan avec mon pote Kenta/Yona (il y va pour la première fois)
2015-03-23T14:01:35 <ELiDYROS> comme tu le sens
2015-03-23T14:01:53 <ELiDYROS> mais ça coute rien de rejoindre une team pour avoir des contacts on sait jamais
2015-03-23T14:02:21 <Gordfang> je suis plus un solitaire malheuresement :(
2015-03-23T14:02:32 <ELiDYROS> c'est pas un un jeu solo monster hunter
2015-03-23T14:02:38 <Gordfang> jouer avec des amis ca va mais dans des "groupes", "team" est autre je suis pas fan
2015-03-23T14:02:45 <Gordfang> ouai je sait tkt pas ^^
2015-03-23T14:03:58 <ELiDYROS> "pas fan" dans quel sens ? genre te retrouver avec 3 ou 4 personnes dans la même pièce ?
2015-03-23T14:04:25 <Gordfang> non, comment dire ca
2015-03-23T14:05:53 <Gordfang> je saurai pas comment t'expliquer la
2015-03-23T14:06:13 <ELiDYROS> t'embete pas
2015-03-23T14:06:27 <Gordfang> quand je joue avec mes amis, c'est des mec que je connais et qui me connaisse
2015-03-23T14:06:43 <ELiDYROS> mais en gros chaque weekend y a des sessions chez moi ou chez un pote
2015-03-23T14:06:57 <ELiDYROS> oui je vois mais tu peux pas te faire des amis si tu viens pas une fois non plus ;)
2015-03-23T14:07:16 <Gordfang> oui ^^ je sait mais j'ai vraiment un caractère de merde XD
2015-03-23T14:07:29 <ELiDYROS> je juge pas hein
2015-03-23T14:07:39 <Gordfang> chez toi, c'est au même endroit que la dernière fois qu'on as fait la LAN mario kart?
2015-03-23T14:07:45 <ELiDYROS> oui
2015-03-23T14:08:27 <Elvon> ? une lan Mario Kart ?
2015-03-23T14:08:30 <Gordfang> houla ca doit être bonder si vous etes une dizaine XD
2015-03-23T14:08:46 <wildfier> Elvon: je suis chez ELiDYROS ce we pour bloodborne ^^
2015-03-23T14:08:53 <ELiDYROS> non en tout on est une dizaine mais beaucoup ne joue qu'en ligne à cause du boulot
2015-03-23T14:08:53 <Elvon> ELiDYROS> perso si il ya une autre lan Mario kart prévenez moi
2015-03-23T14:09:04 <Gordfang> (je l'est vu ou le 10 :| )
2015-03-23T14:09:05 <Elvon> bloodborn .?
2015-03-23T14:09:11 <ELiDYROS> donc en général on est 4 chez moi
2015-03-23T14:09:30 <Gordfang> XD il peut pas! il pas de PS4
2015-03-23T14:09:48 <ELiDYROS> qui moi ?
2015-03-23T14:09:54 <Gordfang> par contre si j'arrive a taxer la PS4 de mon couz, je te le ferai test wildfier
2015-03-23T14:09:57 <Gordfang> non wildfier
2015-03-23T14:10:15 <wildfier> c'est pour ça que je dis que je serai chez ELiDYROS
2015-03-23T14:10:20 <Elvon> bloodborn, qu'est-ce que c'est ?
2015-03-23T14:10:26 <Gordfang> ah pas faux tiens
2015-03-23T14:10:33 <Gordfang> j'avais mal lu ^^
2015-03-23T14:10:36 <wildfier> le prochain from software
2015-03-23T14:10:41 <ELiDYROS> Et y aura pas de nouvelle session Mario Kart
2015-03-23T14:10:43 <Gordfang> prochain jeux des Créateurs de Dark souls
2015-03-23T14:10:55 <Elvon> Okat
2015-03-23T14:11:00 <wildfier> la suite spirituelle des dark souls et demon soul
2015-03-23T14:11:03 <ELiDYROS> enfin pas tant que le jeu aura un équilibrage descent lol
2015-03-23T14:11:04 <Gordfang> du coup je squaterai peut être ELiDYROS si vous faite une session de bloodborn ^^
2015-03-23T14:11:09 <wildfier> ^^
2015-03-23T14:11:13 <ELiDYROS> mais je fais parfois du Smash 4
2015-03-23T14:11:20 <Elvon> ELiDYROS> c'est injuste ... :'(
2015-03-23T14:11:21 <ELiDYROS> avec un pote on s'entraine souvent
2015-03-23T14:11:23 <wildfier> tous les fan de DS chez ELiDYROS
2015-03-23T14:11:25 <wildfier> !
2015-03-23T14:11:35 <Elvon> What ?
2015-03-23T14:11:36 <Gordfang> faudrai que je m'entraine a smash moi aussi tiens
2015-03-23T14:11:50 <Gordfang> DS = dark souls
2015-03-23T14:12:12 <Elvon> moi je suis pas super bon mais je me défend bien sur SSB. et mario kart ausssi.
2015-03-23T14:12:38 <wildfier> Gordfang: dans ce cas, DS aussi = Demon's soul ^^
2015-03-23T14:12:42 <ELiDYROS> je connais pas trop mon niveau sur smash mais disons que je tiens bien contre des gens qui joue depuis le 2
2015-03-23T14:12:50 <Elvon> ouais mais bon DS= DualScreen (dont la nintendo dualsrceen)
2015-03-23T14:12:54 <ELiDYROS> jouent
2015-03-23T14:12:59 <Gordfang> je dirai mon niveau est environs le même que toi Elvon, je suis loin d'être le meilleur mais je me demerde
2015-03-23T14:13:01 <wildfier> XD
2015-03-23T14:13:29 <wildfier> bon back to work
2015-03-23T14:13:30 <Gordfang> faudra se faire des partie pour voir les niveaux
2015-03-23T14:13:52 <ELiDYROS> les gens ont le plus de mal contre ma Samus Zero en 1v1
2015-03-23T14:14:10 <Elvon> au pire j'ai 6 place (manettes possible) pour ssb.4
2015-03-23T14:14:50 <Elvon> wildfier> a peluche.
2015-03-23T14:15:09 <Gordfang> ouai samus sans armure est pas mal en 1v1
2015-03-23T14:15:15 <Elvon> Zero ? tu veux dire Samus a pooil ?
2015-03-23T14:15:25 <ELiDYROS> ouais
2015-03-23T14:15:30 <Gordfang> je préfaire la version en armure mais la déja en 1v1 c'est plus chaud
2015-03-23T14:15:42 <ELiDYROS> disons que "Zero Suit" ça sonne mieux que "Sans Armure"
2015-03-23T14:15:52 <Gordfang> +1
2015-03-23T14:16:31 <ELiDYROS> mais en général je tourne en 6 ou 7 persos
2015-03-23T14:16:37 <ELiDYROS> entrE*
2015-03-23T14:17:40 <Gordfang> 3/4 celons si on considère lucina différent de marth
2015-03-23T14:18:14 <wildfier> Elvon: (je reste sur l'IRC, je passe juste moins de temps à suivre la conversation et donc je vais peut être ratter des trucs c'est tout bb)
2015-03-23T14:18:17 <wildfier> ^^*
2015-03-23T14:19:00 <ELiDYROS> t'en es où dans dans MH Gordfang  ?
2015-03-23T14:19:36 <Gordfang> sur le solo (campagne) j'en suis a Hart, faut que je capture un Gendyros
2015-03-23T14:19:49 <Gordfang> j'ai pas pu jouer en multi ce we et je l'est acheter jeudi me semble
2015-03-23T14:20:25 <ELiDYROS> ok
2015-03-23T14:25:28 <ELiDYROS> la progression solo est clairement plus tranquile que le 3, le multi ça va mais dès qye tu passes rang G c'est violent
2015-03-23T14:26:05 <Gordfang> je croit que j'ai jamais atteind les G, je me suis toujour arreter au alentour de rend 5-6-7
2015-03-23T14:26:25 <ELiDYROS> G1 c'est 8* normalement
2015-03-23T14:26:37 <Gordfang> yep
2015-03-23T14:26:48 <Gordfang> mais a chaque fois, soit j'ai arreter avant soit j'ai perdu mes save
2015-03-23T14:26:55 <ELiDYROS> en général c'est dès ce moment que le jeu devient réellement fun
2015-03-23T14:28:15 <Gordfang> surement, déja le combat contre le gros truc de sable j'avais bien rigoler ^^
2015-03-23T14:28:38 <ELiDYROS> beh là arrivé rang G un Kecha t'enleve moitié de bar en une attaque
2015-03-23T14:29:12 <Gordfang> ah, ca devient plus dur c'est différent XD
2015-03-23T14:29:20 <ELiDYROS> plus dur donc plus fun lol
2015-03-23T14:29:47 <Gordfang> ouai
2015-03-23T14:30:19 <ELiDYROS> mais arrivé G2 tu comprends que t'es obligé de jouer à 4
2015-03-23T14:30:29 <ELiDYROS> c'est plus comme avant ou à 2 voir seul c'était possible
2015-03-23T14:31:02 <ELiDYROS> et c'est encore plus utile que chacun ait un role préciz
2015-03-23T14:31:05 <ELiDYROS> précis*
2015-03-23T14:31:21 <Gordfang> euh, en théorie même des le debut seul c'était galère, les mob avais beaucoup trop de pv
2015-03-23T14:31:44 <ELiDYROS> c'est probable
2015-03-23T14:33:06 <ELiDYROS> mais y a tellement de nouvelles features qui justifient tout ça
2015-03-23T14:34:44 <Gordfang> oui bon forcement
2015-03-23T14:35:12 <Gordfang> va faloir que je me craft un cor de chasse pour le multi d’ailleurs tiens
2015-03-23T14:35:49 <ELiDYROS> disons que d'une part ça nécessitent plus d'entrainement, et de l'autre beaucoup plus de talents pour mettre les bons talents, gérer la frenzy, l'extreme forging, etc
2015-03-23T14:39:51 <Gordfang> j'ai comprit la moitier de ce que tu as dit :3
2015-03-23T14:40:21 <ELiDYROS> normal
2015-03-23T14:41:08 <ELiDYROS> après c'est pas très utile de faire gaffe à tous les détails dès le début
2015-03-23T14:41:40 <ELiDYROS> et après moi perso je m'en fiche, mais certains mecs en ligne sont très regardant
2015-03-23T14:42:26 <Gordfang> en attendant la moitier des talisments j'y comprend rien XD
2015-03-23T14:42:42 <ELiDYROS> je m'en fiche au sens où je vais pas faire chier quelqu'un qu'a pas un bon stuff ou autre, tant qu'il sait se rendre utile
2015-03-23T14:43:23 <Gordfang> oui ca reste logique mais pareil certain veulent pas de "boulet" et du coup le stuff sert d'aperçus
2015-03-23T14:47:50 <ELiDYROS> nan mais disons que t'as des mecs qui se pointent en ligne sans jamais avoir augmenté leur stuff, et demandent aux autres de battre les boss pour jeux
2015-03-23T14:47:54 <ELiDYROS> eux*
2015-03-23T14:49:45 <Fidzu> Elvon > j'hésite a exposer à la PS . Tu crois que ce sera possible ?
2015-03-23T15:08:54 <Gordfang> ELiDYROS: c'est du rush, ou power leveling. En théorie tu fait ca avec tes potes
2015-03-23T15:11:16 <ELiDYROS> ça aurait un intérêt dans un rpg peut être
2015-03-23T15:11:17 *** Fidzu est parti
2015-03-23T15:11:17 <ELiDYROS> mais là
2015-03-23T15:12:36 *** Fidzu s'est connecté
2015-03-23T15:17:00 *** Fidzu1 s'est connecté
2015-03-23T15:19:34 *** Fidzu est parti
2015-03-23T15:19:56 <TrappyTickles> et c'est moi qui clignote? :p
2015-03-23T15:22:36 <wildfier> mais en plus de clignoter, il change de nom au passage, c'est une évolution ! ^^
2015-03-23T15:23:05 <Fidzu1> Moi ?
2015-03-23T15:51:55 <wildfier> oui
2015-03-23T16:22:33 *** ELiDYROS est parti
2015-03-23T16:35:10 *** ELiDYROS s'est connecté
2015-03-23T16:46:14 *** ELiDYROS est parti
2015-03-23T16:47:03 <wildfier> http://www.lastfm.fr/music/Periphery
2015-03-23T16:47:24 <wildfier> je viens d'entendre parler de math metal (apparement c'est un genre qui existe)
2015-03-23T16:47:43 <wildfier> donc je partage /)
2015-03-23T16:48:39 <wildfier> le chant me fait vraiment pa
2015-03-23T16:48:44 <wildfier> penser*
2015-03-23T16:48:55 <wildfier> à prince watheverer
2015-03-23T16:49:22 <wildfier> Prince Whateverer*
2015-03-23T16:50:12 <wildfier> c'est sympa mais c'est quand même assez chargé … faut être en forme je pense quand tu écoutes ça
2015-03-23T17:04:24 <Shinsaber> je test sa ^^
2015-03-23T17:06:12 <Shinsaber> bon sa veu pas sur last fm ^^
2015-03-23T17:06:32 <wildfier> ouais faut passer par les vid yt
2015-03-23T17:07:41 <Shinsaber> mais sa charge pas ^^
2015-03-23T17:08:12 <Shinsaber> du coup deezer :-)
2015-03-23T17:08:15 <wildfier> ^^
2015-03-23T17:09:40 <Shinsaber> punaise  sur le wiki de gitlab tu peu pas utiliser d'image direct dedans ....
2015-03-23T17:09:59 <wildfier> ouais, c'est chiant ça
2015-03-23T17:10:09 <wildfier> tu peux pas non plus dans github il me semble
2015-03-23T17:10:18 <wildfier> ils font pas host d'image après tout
2015-03-23T17:10:31 <wildfier> mais sur ta propre instance ça pourrait être sympa
2015-03-23T17:11:07 <Shinsaber> mais pour gitlab, quant tu l’installe sur ton serv du devrais pouvoir ....
2015-03-23T17:11:13 <Shinsaber> dual fail XD
2015-03-23T17:11:16 <wildfier> ^^
2015-03-23T17:11:25 *** Gordfang est parti
2015-03-23T17:11:47 <wildfier> XD, t'as fais fuir Gordfang
2015-03-23T17:12:35 <Shinsaber> il aime pas git O-O
2015-03-23T17:16:23 <Shinsaber> je trouve aussi dommage que tu puisse changer la coloration syntaxique mais pas le générateur markdown ^^
2015-03-23T17:17:08 <wildfier> tu sais ce qu'il te reste à faire ? feature request ^^
2015-03-23T17:17:37 <Shinsaber> la mon chef veu que je cherche un wiki a part
2015-03-23T17:17:43 *** Gordfang s'est connecté
2015-03-23T17:25:10 *** ELiDYROS s'est connecté
2015-03-23T17:25:19 <ELiDYROS> eh Gordfang
2015-03-23T17:25:27 <ELiDYROS> tu vas te prendre Splatoon sur Wii u ?
2015-03-23T17:25:37 *** Jonquille s'est connecté
2015-03-23T17:31:06 <Jonquille> salut :) y a t-il de la vie dans le coin ?
2015-03-23T17:31:08 <wildfier> tiens Shinsaber, fais toi plaisir :) http://blitzr.com/artist/periphery_3
2015-03-23T17:31:16 <wildfier> salut Jonquille
2015-03-23T17:31:23 <Jonquille> salut :)
2015-03-23T17:31:56 <Jonquille> ah j'avais pas capté mais faut écrire pour rentrer vraiment dans le chat en fait ^^
2015-03-23T17:32:52 <Shinsaber> salut Jonquille ^^
2015-03-23T17:32:53 <Jonquille> désolée, un peu blonde, je débarque :s
2015-03-23T17:34:24 <Shinsaber> c'est plus calme en journée (travaille oblige ^^)
2015-03-23T17:34:53 <Jonquille> normal ^^
2015-03-23T17:36:01 <Jonquille> et c'est donc pour ça que vous êtes ici, bande de malfrats :p
2015-03-23T17:37:52 <Elvon> ME re BAnde de Coupain !!! X3
2015-03-23T17:38:04 <wildfier> chut, faut pas le dire ça ^^
2015-03-23T17:38:05 <Elvon> Bien le rebonjour
2015-03-23T17:38:06 <wildfier> re Elvon
2015-03-23T17:38:13 <Jonquille> salut :)
2015-03-23T17:40:09 <Elvon> Merci Berry, pour moi ce sera un thé s'il te plait. :3
2015-03-23T17:42:47 <Fidzu1> Re
2015-03-23T17:43:48 <Jonquille> mdr
2015-03-23T17:43:54 <Elvon> oui mais je ne pense pas que Chocolatine serve le thé. Bon bah une Bierre alors.
2015-03-23T17:46:53 <Elvon> Euh... Berry-chan c'est une blague j'ai dit une Bière pas un litron de bière... Bon bah tiens.
2015-03-23T17:47:45 <wildfier> Qui fait parler berry (spotted aux fautes ^^) …
2015-03-23T17:48:12 * Elvon rembourse son ardoise. --" (je me suis fait avoir quelque part c'est pas possible)
2015-03-23T17:49:31 <wildfier> ^^
2015-03-23T17:52:32 <Elvon> m'enfin vous faites quoi sinon appart attendre(Glandé, jouer dans son coin, codé dans son coin, etc...) ?
2015-03-23T17:52:40 <Elvon> a part*+
2015-03-23T17:53:22 <Jonquille> c'est pas la meilleure activité du monde, glander ?
2015-03-23T17:53:42 <Jonquille> m'aurait-on menti ???
2015-03-23T17:54:00 <Jonquille> ouais désolée, je me tape l'incrust, j'aime bien ^^
2015-03-23T17:55:30 <Elvon> bin moi aussi je glande mais j'ai pas glander tous seul dans mon coin... du coup il y a-t'il des gens qui faire un truc
2015-03-23T17:55:33 <Elvon> .?
2015-03-23T17:56:07 <Jonquille> tu proposes quoi ?
2015-03-23T17:56:12 <Fidzu1> Elvon ce soir on pourra Skype 2 sec ?
2015-03-23T17:56:39 <Elvon> Voui
2015-03-23T17:59:01 <Elvon> euh bah... Gmod (muder/propehunt), L4D2, Borderlands (1/2/presq), Payday2, TF2, GW2, SWTOR, TSW, TITANFAL, bf3.
2015-03-23T18:04:10 <wildfier> toujours plus de fps ^^
2015-03-23T18:04:40 *** ELiDYROS est parti
2015-03-23T18:06:59 <Fidzu> Bienvenu sur pc
2015-03-23T18:07:06 <Shinsaber> sa donne envie ^^
2015-03-23T18:07:20 *** ELiDYROS s'est connecté
2015-03-23T18:11:21 <wildfier> tu connais insurgency ?
2015-03-23T18:14:03 <Shinsaber> bon moi je déco a plus ^^
2015-03-23T18:14:14 *** Shinsaber est parti
2015-03-23T18:15:16 <wildfier> idem, je rentre chez moi
2015-03-23T18:15:18 <wildfier> à tte
2015-03-23T18:17:42 <Elvon> wildfier> le mod Half life 2
2015-03-23T18:17:46 <Elvon> wildfier> le mod Half life 2?*
2015-03-23T18:18:16 *** ELiDYROS est parti
2015-03-23T18:20:08 *** wildfier est parti
2015-03-23T18:28:53 *** Fidzu est parti
2015-03-23T18:39:05 *** Fidzu s'est connecté
2015-03-23T18:39:09 *** wildfier s'est connecté
2015-03-23T18:39:39 <wildfier> re les gens
2015-03-23T18:40:05 <Fidzu> re
2015-03-23T18:40:43 <Elvon> re
2015-03-23T18:53:29 <wildfier> du coup je suis partis juste après en avoir parlé, quelqu'un joue à Insurgency ?
2015-03-23T19:16:43 *** Gordfang est parti
2015-03-23T21:22:49 *** wildfier est parti
2015-03-23T21:47:39 *** morningCourse s'est connecté
2015-03-23T21:48:04 *** morningCourse est parti
2015-03-23T21:48:40 *** MorningCourse s'est connecté
2015-03-23T21:49:07 <MorningCourse> fidzu! euuuh coucou!
2015-03-23T21:51:51 *** Jonquille est parti
2015-03-23T21:54:00 *** MorningCourse est parti
2015-03-23T22:21:25 *** Elvon est parti
2015-03-23T23:13:53 *** TrappyTickles est parti
