2015-03-28T00:14:10 *** wildfier est parti
2015-03-28T00:22:57 *** Gordfang s'est connecté
2015-03-28T00:25:53 *** MorningCourse s'est connecté
2015-03-28T00:29:31 <MorningCourse> ouaaaaah la fin de la season 4 !!!!!!! mode ULTRA BADASSITUDE ACTIVATED!!!! genre super sayen kamhéhaméhaaaa de l'amitié si un mec me traite de tapette parce que je suis fan de mlp je lui montre cet episode et je le tape ,mais aprèsXD
2015-03-28T00:35:14 <Fidzu> ^^
2015-03-28T00:35:24 *** Fidzu est parti
2015-03-28T00:50:51 *** MaCharon est parti
2015-03-28T01:07:48 *** Gordfang est parti
2015-03-28T01:08:30 *** MorningCourse est parti
2015-03-28T03:38:20 *** ELiDYROS est parti
2015-03-28T09:51:57 *** Fidzu s'est connecté
2015-03-28T10:04:06 *** TrappyTickles s'est connecté
2015-03-28T10:35:17 *** wildfier s'est connecté
2015-03-28T10:48:08 *** ELiDYROS s'est connecté
2015-03-28T11:38:39 *** Yvan33 s'est connecté
2015-03-28T11:41:32 <wildfier> yop
2015-03-28T11:45:39 <Yvan33> SALUT
2015-03-28T11:45:41 <Yvan33> Oups
2015-03-28T11:45:58 <Yvan33> Bref, qui va a l'animasia et qui au 24h de bd?
2015-03-28T11:51:24 <wildfier> pas moi en tout cas
2015-03-28T11:52:46 <Yvan33> tu fais rien?
2015-03-28T11:54:29 *** Yvan33 est parti
2015-03-28T12:12:53 *** Fidzu est parti
2015-03-28T12:18:32 *** Fidzu s'est connecté
2015-03-28T12:25:59 *** adriens33 s'est connecté
2015-03-28T12:26:12 <adriens33> chalut
2015-03-28T12:28:12 *** Fidzu est parti
2015-03-28T12:28:29 *** Fidzu s'est connecté
2015-03-28T12:47:33 *** Fidzu est parti
2015-03-28T12:47:43 <wildfier> salut adriens33
2015-03-28T12:48:38 <adriens33> comment ça va les gens ?
2015-03-28T12:51:12 <wildfier> super et toi ?
2015-03-28T12:52:52 <adriens33> ça va ^^  mais bon fais chier le temps quoi.. XD
2015-03-28T13:02:39 *** Yvan33 s'est connecté
2015-03-28T13:04:14 *** Yvan33 est parti
2015-03-28T14:46:25 *** Yvan33 s'est connecté
2015-03-28T14:46:46 <Yvan33> Bon moi e vous souhaite bon aprem, je pars à l'animasia
2015-03-28T14:46:48 <Yvan33> ++
2015-03-28T14:46:52 *** Yvan33 est parti
2015-03-28T14:47:53 *** Fidzu s'est connecté
2015-03-28T15:30:42 *** ELiDYROS est parti
2015-03-28T15:53:41 *** Fidzu est parti
2015-03-28T17:42:38 *** Mousstery s'est connecté
2015-03-28T17:42:44 <Mousstery> haannn..yay
2015-03-28T17:42:56 <Mousstery> yayllo.
2015-03-28T17:43:14 <Mousstery> hop un jeu de mot à rajouter a la liste..
2015-03-28T17:43:31 <Mousstery> sinon bonjour x)
2015-03-28T18:20:01 *** TrappyTickles est parti
2015-03-28T18:31:44 *** TrappyTickles s'est connecté
2015-03-28T18:48:36 *** Fidzu s'est connecté
2015-03-28T19:22:45 *** ELiDYROS s'est connecté
2015-03-28T19:50:27 *** Chords s'est connecté
2015-03-28T19:50:41 <Chords> Yop
2015-03-28T19:50:47 *** Chords est parti
2015-03-28T19:51:06 *** Chords-Tackler s'est connecté
2015-03-28T19:51:11 <Chords-Tackler> Re (probleme de pseudo ^^)
2015-03-28T19:51:51 <Fidzu> re
2015-03-28T19:52:43 <Chords-Tackler> j'suis crevé ^^
2015-03-28T19:53:08 <Fidzu> pareil
2015-03-28T19:53:13 <Fidzu> trop de calins
2015-03-28T19:53:43 *** Gordfang s'est connecté
2015-03-28T19:53:54 <Gordfang> yo les gens!
2015-03-28T19:53:58 <Fidzu> yo
2015-03-28T19:54:35 <Chords-Tackler> Hey
2015-03-28T19:57:16 <Gordfang> Chords-Tackler tu as reçus le mail qui dit que tu est inscrit a la ML?
2015-03-28T19:58:03 <Chords-Tackler> la ML c'est le fait de recevoir des notifications par mail ?
2015-03-28T19:58:27 <Gordfang> des mails des membres ouai
2015-03-28T19:59:31 <Chords-Tackler> Oui ^^ j'en ai déjà reçu où les gens parlent
2015-03-28T20:00:59 <Gordfang> k ^^
2015-03-28T20:01:07 <Chords-Tackler> Et sinon niveaux conection et tout ca c'normal que j'pas de mot de passe ou de truc dans le genre ? ca marche comment ?
2015-03-28T20:01:28 <Gordfang> tu veut dire sur le chat?
2015-03-28T20:01:35 <Gordfang> faut que tu sécurise toi même ton mdp
2015-03-28T20:01:40 <Chords-Tackler> Ah
2015-03-28T20:01:47 <Gordfang> j'ai genre /nick serv je sait plus quoi
2015-03-28T20:01:56 <Chords-Tackler> En tapant la commande indiqué sur le coté ?
2015-03-28T20:01:57 <Gordfang> c'est expliquer avant de te connecter
2015-03-28T20:02:00 <Gordfang> yep
2015-03-28T20:02:03 <Chords-Tackler> oui je vois
2015-03-28T20:02:04 <Chords-Tackler> ^^
2015-03-28T20:02:36 <Chords-Tackler> et pour le site en lui même ?
2015-03-28T20:03:01 <Gordfang> pas encore
2015-03-28T20:03:20 <Gordfang> dans la prochaine version y aura mais à l'heure actuelle dis toi que le site c'est une voiture en carton
2015-03-28T20:03:34 <Gordfang> elle permet de rouler mais faut pas deconer quoi
2015-03-28T20:15:53 <Chords-Tackler> Ok ^^
2015-03-28T20:16:05 <Chords-Tackler> Il est pas mal le site pour le moment ^^
2015-03-28T20:26:01 <Mousstery> z'ai mal au ventreuh :c
2015-03-28T20:26:45 <Mousstery> ah bonjour Chords ^^
2015-03-28T20:27:19 <Chords-Tackler> J'imagine que ca va pas des masse vu ton mal de ventre donc j'vais pas dire le "ça va ?" ^^
2015-03-28T20:28:21 <Mousstery> nan j'ai juste ingurgité un hamburger maison..
2015-03-28T20:28:33 <Chords-Tackler> Ah ^^
2015-03-28T20:28:37 <Mousstery> Et quand c'est maison c'est à se tuer :c
2015-03-28T20:28:46 <Chords-Tackler> T'as mal fait la sauce ?
2015-03-28T20:29:00 <Mousstery> Nan..
2015-03-28T20:29:10 <Mousstery> J'en ai trop mis..
2015-03-28T20:29:14 <Chords-Tackler> Ah ^^
2015-03-28T20:30:02 <Mousstery> en tout cas bienvenue !
2015-03-28T20:30:14 <Mousstery> ou comme dit Pinkie..
2015-03-28T20:30:20 <Chords-Tackler> Merci ^^
2015-03-28T20:30:29 <Mousstery> Welcome to Ponyville o/
2015-03-28T20:31:23 <Fidzu> https://www.youtube.com/watch?v=5DNzM66ICAw welcome remix !
2015-03-28T20:31:36 <Chords-Tackler> la base ^^
2015-03-28T20:32:03 <Mousstery> Oh merci Fidzu !
2015-03-28T20:32:19 <Mousstery> Mais j'ai toujours dans la tête le remix de Sunshine Sunshine..
2015-03-28T20:32:44 <Fidzu> ^^
2015-03-28T20:33:18 <Mousstery> Sunshine Sunshine..Ladybugs awake..Euh aprés c'est quoi?
2015-03-28T20:33:40 <Mousstery> Clap your hooves,and do a little shake o/
2015-03-28T20:35:15 <Mousstery> Fidzu?
2015-03-28T20:35:41 <Mousstery> *avec un espace c'est mieux : Fidzu ?
2015-03-28T20:35:47 <Fidzu> oui ?
2015-03-28T20:35:56 <Mousstery> voila x)
2015-03-28T20:36:10 <Mousstery> tu tiens toujours pour demain?
2015-03-28T20:36:30 <Fidzu> ben justement
2015-03-28T20:36:33 <Fidzu> je sais pas trop
2015-03-28T20:36:36 <Fidzu> =/
2015-03-28T20:36:41 <Mousstery> ..t'est pas serieux ? D:
2015-03-28T20:36:50 <Fidzu> ben on sera cb la bas ?
2015-03-28T20:37:15 <Mousstery> ..je sais pas..
2015-03-28T20:37:42 <Mousstery> heuzef,je crois..
2015-03-28T20:37:47 <Mousstery> toi..
2015-03-28T20:38:00 <Mousstery> SebHooves !
2015-03-28T20:38:30 <Fidzu> c'est surtout que je suis creuvé ^^
2015-03-28T20:38:52 <Fidzu> c'est quelle heure le matin deja ?
2015-03-28T20:39:00 <Mousstery> heu la c'est parti pour l'appel géneral ! : J'invoque adriens33 , Gordfang , Lenile , TrappyTickles , wildfier , Chords-Tackler oooo/
2015-03-28T20:39:07 <Gordfang> ?
2015-03-28T20:39:11 <Chords-Tackler> ?
2015-03-28T20:39:18 <Mousstery> Heu 11h ^^
2015-03-28T20:39:22 <Lenile> ?
2015-03-28T20:39:27 <Mousstery> Vous voulez venir pour les POM demain?
2015-03-28T20:39:36 <Lenile> Nope sry
2015-03-28T20:39:46 <Chords-Tackler> Non plus ^^ désolé
2015-03-28T20:40:33 <Mousstery> 4 plus 1 pote..5..heu..aprés je sais pas :c
2015-03-28T20:41:37 <Gordfang> pareil je suis mort du coup je pense pas sortir demain ou que ce soit
2015-03-28T20:43:02 <Mousstery> Fuuu..
2015-03-28T20:43:10 <Mousstery> On va pas être beaucoup..
2015-03-28T20:43:59 <Fidzu> on va etre cb ?
2015-03-28T20:44:29 <Mousstery> ben 5 normalement..
2015-03-28T20:44:44 <Mousstery> Mais peut être que il y en a qui font se rajouter..
2015-03-28T20:45:19 <Fidzu> ben 5 c'est pas mal
2015-03-28T20:45:26 <Fidzu> en plus il y en auras que je n'ai jamais vu
2015-03-28T20:45:33 <Fidzu> depuis le temps que j'ai envi de voir heuzef$
2015-03-28T20:47:28 <Chords-Tackler> *je change un peu de sujet mais...* on sera combien samedi prochain ?
2015-03-28T20:47:43 <Mousstery> je viens normalement.
2015-03-28T20:48:04 <Chords-Tackler> Moi aussi
2015-03-28T21:00:57 *** Yvan33 s'est connecté
2015-03-28T21:01:29 <Yvan33> Yo!
2015-03-28T21:01:37 <Chords-Tackler> hey
2015-03-28T21:01:52 <Mousstery> bonjour ^^
2015-03-28T21:02:16 <Yvan33> Tiens je ne connais pas vos pseudo, heureux de vous rencontrer!
2015-03-28T21:03:31 <Yvan33> Bon bah en fait je vais manger, mais je reviens pour engager la conversation si vous êtes encore là
2015-03-28T21:03:51 <Mousstery> je reste la jusqu'a 1h00 du mat ^^
2015-03-28T21:03:55 <Chords-Tackler> Bon app'
2015-03-28T21:04:26 <Mousstery> Heu d'ailleurs..
2015-03-28T21:04:43 <Mousstery> je dois mettre un réveil à 8h00 du mat..
2015-03-28T21:05:08 <Mousstery> je pars a 8h30,vais chercher un pote et on part a Bordeaux ^^
2015-03-28T21:07:39 *** Octy s'est connecté
2015-03-28T21:09:27 *** Octy est parti
2015-03-28T21:17:44 *** wildfier est parti
2015-03-28T21:24:45 *** Yvan33 est parti
2015-03-28T21:25:15 *** MaCharon s'est connecté
2015-03-28T21:32:56 *** wildfier s'est connecté
2015-03-28T21:46:13 *** Yvan33 s'est connecté
2015-03-28T21:46:13 <Yvan33> Re
2015-03-28T21:46:21 <Mousstery> re ^^
2015-03-28T21:46:27 <Mousstery> bien mangé?
2015-03-28T21:46:30 <Chords-Tackler> re
2015-03-28T21:46:35 <Yvan33> popcorn et pizza
2015-03-28T21:46:37 <MaCharon> salut/re
2015-03-28T21:46:46 <Mousstery> han du popcorn D:
2015-03-28T21:46:48 <Yvan33> Tiens re
2015-03-28T21:47:00 <Yvan33> Mais le sucré a raté, yavait que du salé
2015-03-28T21:47:13 <Mousstery> ahahaha xD
2015-03-28T21:47:16 <Mousstery> c'est con x)
2015-03-28T21:47:52 <Yvan33> Ouais. Alors ça fait longtemps vous êtes sur bronyCub?
2015-03-28T21:48:09 <Chords-Tackler> un mois à peine
2015-03-28T21:48:10 <Mousstery> 3/4/5 semaine x^)
2015-03-28T21:48:31 <Chords-Tackler> pareil environs 2 semaine ouaip
2015-03-28T21:50:17 <Yvan33> Je me disais que c'était récent. Vous étiez à l'animasia?
2015-03-28T21:50:29 <Chords-Tackler> oui
2015-03-28T21:50:31 *** MorningCourse s'est connecté
2015-03-28T21:50:35 <Mousstery> le Haillan?
2015-03-28T21:50:42 <MorningCourse> hey!
2015-03-28T21:50:57 <Yvan33> Ouaip
2015-03-28T21:51:00 <Chords-Tackler> hey
2015-03-28T21:51:16 <Yvan33> Encore un que je ne connais pas. Bonsoir!
2015-03-28T21:51:40 <Mousstery> a vrai dire moi non plus x) Bonsoir !
2015-03-28T21:51:45 <Mousstery> On est beaucouppp ce soir :D
2015-03-28T21:52:52 <Yvan33> Bah le hiatus prend fin et il y avait pas mal d'évènements aujourd'hui
2015-03-28T21:52:56 <MorningCourse> je viens d'apprendre que les sirènes vont etre dans la season 5 vous en pensez quoi? perso je pense que ca peut etre bien mais a voir...
2015-03-28T21:53:30 <Mousstery> les sirénes ? mais les mêmes que dans rainbow rocks?
2015-03-28T21:53:53 <MorningCourse> Eeyup!
2015-03-28T21:53:59 <Chords-Tackler> T'as vu l'info où ?
2015-03-28T21:54:24 *** ELiDYROS est parti
2015-03-28T21:54:32 <MorningCourse> radio brony +autres sources internet
2015-03-28T21:54:32 *** Lenile est parti
2015-03-28T21:54:44 <Yvan33> Alors sans être méchant j'aimerai pas de spoil
2015-03-28T21:54:45 <Chords-Tackler> ok ok ^^
2015-03-28T21:55:03 <Chords-Tackler> Franchement j'y crois pas trop (et oui anti-spoil power)
2015-03-28T21:55:58 <Yvan33> J'ai vu le méchant déjà, je veux pas aller plus loin. En tout cas ça se sent que tout le monde attends la S5
2015-03-28T21:56:04 <MorningCourse> mais ce n'est que des rumeurs il parait qu'elles sont danle trailer ca  ne reste que des rumeurs
2015-03-28T21:56:06 <Mousstery> Yay !
2015-03-28T21:56:17 <Mousstery> je tente de venir Samedi prochain:
2015-03-28T21:56:37 <Chords-Tackler> j'ai vu que le méchant et on m'a spoiler un truc du trailler xD donc je me tais
2015-03-28T21:57:03 <Chords-Tackler> Yvan33 : ca s'trouve c'est juste la méchante qu'ils ont montrer car elle ressemble légèrement à Aria
2015-03-28T21:57:12 <Yvan33> Moi je sais pas si je veux regarder l'épiode pénard chez moi ou si je viens
2015-03-28T21:57:58 <Yvan33> Moi je trouve elle ressemble à la "méchante" qui vole le travail de Rarity dans la s4
2015-03-28T21:58:47 <Chords-Tackler> au pire on vera
2015-03-28T21:58:53 <MorningCourse> le méchant va être le némésis de rarity et son élément
2015-03-28T21:59:57 <Yvan33> Je vois. Sinon j'ai vu plein de Brony que je connaissais pas à l'animasia
2015-03-28T22:00:16 <Chords-Tackler> On a dû se croiser alors
2015-03-28T22:01:22 <Mousstery> dit Yvan33 et MorningCourse vous venez demain ? :rarityyeuxdouxquimarchesouvent!
2015-03-28T22:02:05 <Yvan33> Mais il n'y a rien demain, si?
2015-03-28T22:02:39 <Mousstery> Les POM..que j'organise..et que si ça continue je vais me retrouver seul..
2015-03-28T22:02:53 <MorningCourse> http://imageshack.com/f/7/pcu.png  et non je ne peux pas dsl..
2015-03-28T22:03:15 <MorningCourse> promis pas de spoil juste une piste
2015-03-28T22:03:31 <MorningCourse> de reflexion
2015-03-28T22:03:56 <Chords-Tackler> J'pense pas ^^'
2015-03-28T22:04:07 <Fidzu> c'est vrai qu'on est beaucoup ce soir
2015-03-28T22:04:19 <Chords-Tackler> Discord n'est pas l'opposé de l'élément du rire :3 pas pour mon en tout cas
2015-03-28T22:04:24 <Fidzu> qui dans le chat vient samedi 4 ?
2015-03-28T22:04:32 <Chords-Tackler> Moi
2015-03-28T22:04:49 <Fidzu> ça fais 1
2015-03-28T22:04:56 <Fidzu> ok .....
2015-03-28T22:04:57 <Chords-Tackler> Yay
2015-03-28T22:04:58 <Fidzu> XD
2015-03-28T22:05:08 <Yvan33> Hugh, tu as mal choisi ton truc, perso j'ai bloqué aujourd'hui du coup demain je travail, et tout ceux qui font les 23h de BD risquent de faire pareil
2015-03-28T22:05:15 <MorningCourse> peut pas désolé
2015-03-28T22:05:18 <Mousstery> Yay..
2015-03-28T22:05:25 <Yvan33> Et moi j'étais l'assassin à l'animasia
2015-03-28T22:05:40 <Mousstery> vais aller me pendre,bonne nuit t.t
2015-03-28T22:05:45 <Fidzu> bn
2015-03-28T22:06:05 <Chords-Tackler> Yvan33 Moi un Applejack plutôt spéciale xD
2015-03-28T22:06:13 <Chords-Tackler> une Applejack*
2015-03-28T22:06:52 <adriens33> quiqui c'est qui a passé la nuit a pas dormir et qui s'est endormi tout l'aprem apres et a loupé l'animasia au haillan ? c'est moiii.. ><
2015-03-28T22:07:10 * adriens33 cherche une pelle pour s'enterrer *
2015-03-28T22:07:23 <Chords-Tackler> Bravo Adrien ^^
2015-03-28T22:07:45 <Mousstery> quiqui c'est qui a pas dormi et qui a stressé toute l'aprem a cause de demain ? c'est moiii.. ><
2015-03-28T22:08:20 <Chords-Tackler> Pourquoi tu stresses ?
2015-03-28T22:08:25 <adriens33> Chords-Tackler> merci, j'suis deg.. déja ce matin il faisait moche, j'avais mal a la jambe, j'était pas sur de pouvoir y aller...
2015-03-28T22:08:31 <adriens33> et apres le café a cessé de faire effet.
2015-03-28T22:09:04 <adriens33> parce que il a orga un truc et il stresse qu'il y ait personne non ?
2015-03-28T22:09:05 <Chords-Tackler> C'est le grand loto de la vie *sors tellement loin*
2015-03-28T22:09:15 <Yvan33> Chords-Tackler Ah je vois qui tu es, vaguement puisque je t'ai pas parlé longtemps
2015-03-28T22:09:20 <adriens33> ta gueule sérieux… chui pas d'humeur la..
2015-03-28T22:09:37 <Mousstery> ben si peu de gens viennent demain > anullation des POM à Bordeaux car c'est pas moi qui m'occupe des dates et tout..
2015-03-28T22:09:55 <adriens33> ca se passe ou Mousstery  ?
2015-03-28T22:10:08 <Chords-Tackler> Mousstery => ah ca serait dommage pour toi :/
2015-03-28T22:10:13 <adriens33> (oui j'ai la flemme de farfouiller dans 1000+ mails)
2015-03-28T22:10:20 <Mousstery> Megaplex,regarde c'est sur l'agenda au pire
2015-03-28T22:10:21 <Yvan33> Pareil
2015-03-28T22:10:35 <Mousstery> Chords-Tackler oui..
2015-03-28T22:10:36 <adriens33> ah non mais faut aller au cinoche ?..
2015-03-28T22:10:45 <adriens33> donc faut payer une place de ciné ?..
2015-03-28T22:10:46 <adriens33> shit.
2015-03-28T22:10:48 <adriens33> ><
2015-03-28T22:10:54 <Mousstery> .. ><
2015-03-28T22:11:01 <adriens33> désolé..
2015-03-28T22:11:04 <adriens33> :/
2015-03-28T22:11:13 <adriens33> pff..
2015-03-28T22:11:58 <Fidzu> l'argent ..
2015-03-28T22:12:19 <Fidzu> le truc qui pourit lrs meetups
2015-03-28T22:12:31 <Mousstery> +1111
2015-03-28T22:12:38 <adriens33> chui pas radin pourtant.. mais bon j'ai pas de taf depuis un moment, faut que je me réinscrive pour la fac l'an prochain..
2015-03-28T22:13:13 <adriens33> j'vais me faire foutre dehors par le proprio, faut que j'aille à l'assistante sociale.. j'ai plein de truc a faire.. mais bon j'y arrive pas.. *se sent totalement nul*
2015-03-28T22:13:47 <Yvan33> Moi de toute façon j'irai a aucun meet up jusqu'à juillet, j'ai mes concours dans 1 mois c'est pas le moment de glandouiller. Du coup je pense rester chez moi la semaine prochaine
2015-03-28T22:14:04 <Yvan33> *se sent totalement dans la merde*
2015-03-28T22:14:15 <adriens33> :/
2015-03-28T22:14:27 <Mousstery> *se sent dans la merde* Soirée de la joie,bonsoir..
2015-03-28T22:14:34 <adriens33> désolé.. ><
2015-03-28T22:14:43 <Yvan33> Enfin, heureusement la S5 arrive
2015-03-28T22:14:50 <adriens33> yay  o//..
2015-03-28T22:15:08 <Mousstery> ui :3
2015-03-28T22:15:21 <Yvan33> You can't buy happiness. But you can buy ponies, so it's basically the same
2015-03-28T22:15:37 <Mousstery> best phrase ever
2015-03-28T22:15:41 <adriens33> not if U buy depressed ponies
2015-03-28T22:15:53 <Fidzu> ponies are love
2015-03-28T22:15:57 <Fidzu> ponies are life
2015-03-28T22:16:07 <Yvan33> shrek is love
2015-03-28T22:16:12 <Yvan33> shrek is life
2015-03-28T22:16:23 <Mousstery> NAAAN
2015-03-28T22:16:34 <Yvan33> Je vous déconseille vraiment d'alle voir cette vidéo
2015-03-28T22:16:42 <adriens33> quelle vid ?
2015-03-28T22:16:49 <Mousstery> PAS CETTE VIDEO
2015-03-28T22:17:02 <Yvan33> Ca dépends, tu aimes bien shrek?
2015-03-28T22:17:02 <adriens33> (tain y'a du monde ce soir..)
2015-03-28T22:17:13 <adriens33> ça dépend, il est habillé ou pas ?
2015-03-28T22:17:20 <Mousstery> Heu..
2015-03-28T22:17:27 <Mousstery> on va dire à moitié?
2015-03-28T22:17:42 <adriens33> ouai alors laisse tomber
2015-03-28T22:17:43 <Yvan33> Non mais si tu aimes bien brisé ton enfance vas y
2015-03-28T22:17:49 <Yvan33> Sinon oublie
2015-03-28T22:17:54 <adriens33> enquoi ?
2015-03-28T22:17:55 <adriens33> ah ça.
2015-03-28T22:18:02 <Yvan33> Et regarde cette vidéo de poney a la place
2015-03-28T22:18:03 <MorningCourse> envoie le lien par mp plz
2015-03-28T22:18:09 <Yvan33> https://www.youtube.com/watch?v=tcLMCaT8V50
2015-03-28T22:19:45 <MorningCourse> SS maud XD
2015-03-28T22:19:55 <Fidzu> bon je miam
2015-03-28T22:19:57 <Yvan33> J'adore cette vidéo
2015-03-28T22:20:00 <Yvan33> bon ap
2015-03-28T22:20:11 <adriens33> berry tu déconne
2015-03-28T22:20:15 <adriens33> "je miam"
2015-03-28T22:20:19 <adriens33> "je vais miam"
2015-03-28T22:20:22 <adriens33> ok..
2015-03-28T22:20:30 <adriens33> *flemme intensifies*
2015-03-28T22:20:51 <adriens33> bon nap Fidzu
2015-03-28T22:21:13 <Yvan33> Je vois, berry ne répond qu'à ceux qui utilisent un verbe
2015-03-28T22:21:59 <Mousstery> Je vais boire
2015-03-28T22:22:09 <adriens33> non, juste que la regexp que j'ai collée est foireuse c'est tout..
2015-03-28T22:22:35 <adriens33> et comme j'ai commencé la v3 du bot, mais que pour le moment j'ai un peu la flemme.. bah rien.
2015-03-28T22:22:47 <Yvan33> Bah prends ton temps
2015-03-28T22:22:55 <Yvan33> Qui t'aide pour la v3?
2015-03-28T22:23:03 <adriens33> heu...
2015-03-28T22:23:06 <adriens33> c'est un bot :D
2015-03-28T22:23:12 <adriens33> berryv2 (ce bot)
2015-03-28T22:23:18 <adriens33> je l'ai codé en ~ 2j
2015-03-28T22:23:36 <adriens33> (apres y'a les demandes d'ajout, les corrections etc)
2015-03-28T22:23:51 <adriens33> j'ai pas tellement besoin d'aide pour coder un bot irc
2015-03-28T22:23:56 <adriens33> juste de motivation
2015-03-28T22:24:12 <adriens33> (merci qd meme)
2015-03-28T22:24:15 <MorningCourse> quel bot?
2015-03-28T22:24:20 <adriens33> Berry-Punch
2015-03-28T22:24:23 <adriens33> oui toi
2015-03-28T22:24:41 <adriens33> https://github.com/bronycub/berry-punch
2015-03-28T22:24:44 <MorningCourse> ah
2015-03-28T22:25:00 <adriens33> et la aussi http://git.art-software.fr/?p=ircbot.git;a=shortlog;h=refs/heads/berry-v2
2015-03-28T22:25:05 <Fidzu> RE
2015-03-28T22:25:31 <Yvan33> Il est rapide à bouffer lui
2015-03-28T22:25:53 <Fidzu> un croque monsieur, 3 oeuf au plat, un triangle crudité
2015-03-28T22:25:59 <Fidzu> j'ai tout gobé telement j'ai faim XD
2015-03-28T22:26:03 <Fidzu> j'ai pas mangé a midi
2015-03-28T22:26:07 <Yvan33> Je vois.
2015-03-28T22:26:16 <Fidzu> trop occupé a faire des calins
2015-03-28T22:26:32 <Yvan33> Adriens33: c'est fou on voit Heuzef une fois et tout le reste c'est toi
2015-03-28T22:26:39 <adriens33> sur ?
2015-03-28T22:26:47 <Yvan33> Le 2è liens
2015-03-28T22:26:51 <adriens33> bah...
2015-03-28T22:26:59 <adriens33> c'est un peu *mon* bot en fait
2015-03-28T22:27:08 <Yvan33> T'es un peu une machine quoi
2015-03-28T22:27:21 <Yvan33> Nan franchement balèze
2015-03-28T22:27:22 <adriens33> quand j'ai la motiv et l'idée un peu
2015-03-28T22:27:33 <adriens33> mais la depuis qqes mois y'a plus grand chose
2015-03-28T22:27:35 <Yvan33> Et c'est rare?
2015-03-28T22:27:49 <adriens33> oui, à mon plus grand regret..
2015-03-28T22:28:30 <Yvan33> Un jour les flemmard prendrons le monde. Mais pas demain, trop la fleeeeeme
2015-03-28T22:28:44 <adriens33> le truc j'ai du faire 30 commits les deux premiers jours, c'est tout en shellscript unix et ça marche pas si mal que ça (apres le protocole irc est pas complexe non plus)
2015-03-28T22:28:48 <Mousstery> :badumtzzzzzzzzzzzzzzzzzzzzzzzzz:
2015-03-28T22:28:58 <adriens33> Yvan33> ha ha
2015-03-28T22:29:18 * adriens33 cherche le bouton « humour on », mais en vain *
2015-03-28T22:29:18 <Fidzu> Chords-Tackler: j'ai enfin fini mon pentagramme ....
2015-03-28T22:29:29 <adriens33> pourquoi tu fais un pentagramme ?
2015-03-28T22:29:40 <adriens33> tu veux appeler un démon ou un truc dans le genre ?
2015-03-28T22:29:48 <Chords-Tackler> Félicitation on attend des photos ^^ !
2015-03-28T22:30:01 <Mousstery> yay
2015-03-28T22:30:13 <Mousstery> le démon de l'emmerde
2015-03-28T22:30:20 <adriens33> nan pas luii.. ><
2015-03-28T22:30:33 <Fidzu> nan c'est pour trixie
2015-03-28T22:30:39 <adriens33> gneh ?
2015-03-28T22:30:40 <Fidzu> une sculpture
2015-03-28T22:30:42 <Fidzu> att
2015-03-28T22:30:51 <Fidzu> http://kp-shadowsquirrel.deviantart.com/art/Trixie-Pose-1-257557272 ca
2015-03-28T22:30:58 <Mousstery> TRRRIIIIXIE
2015-03-28T22:31:00 <Mousstery> pardon
2015-03-28T22:31:00 <Yvan33> J'ai vu une image ou tu as une petite fille qui a tracé un pentagramme avec le mane 6 sans twilight aux extrémités
2015-03-28T22:31:17 <Mousstery> OWO"
2015-03-28T22:31:17 <adriens33> Fidzu> sympa
2015-03-28T22:31:30 <adriens33> (sauf le flashplugin, berk berk)
2015-03-28T22:31:55 <Chords-Tackler> Vraiment classe ^^
2015-03-28T22:32:12 <Fidzu> pour le halo de lumière sur ses saots et corne, j'ai fais un truc trop ingénieux =D
2015-03-28T22:32:33 <Mousstery> un copain m'a dessiné mon oc poney
2015-03-28T22:32:33 <Fidzu> mais chut .. c'est un secret
2015-03-28T22:32:34 <Mousstery> yay
2015-03-28T22:34:06 <Mousstery> si ça interesse quelqu'un je peux montrer '-'
2015-03-28T22:34:09 <Yvan33> Apprendre à faire des figurines 3D = route vers la richesse
2015-03-28T22:34:31 <Yvan33> De poneys bien sur
2015-03-28T22:34:43 <Yvan33> Et vasy je veux bien vois
2015-03-28T22:34:46 <Fidzu> oh ... c'est vrai que c'est cool mais
2015-03-28T22:34:46 <Yvan33> voir*
2015-03-28T22:35:10 <Fidzu> d'après une amie, une simple sculpture se vend 60$ et une princess environ 140$
2015-03-28T22:35:23 <Fidzu> mais moi en fair les commissions, c'est pas mon truc
2015-03-28T22:35:35 <Fidzu> j'ai essayé avec MorningCourse mais je n'en referais plus après lui =/
2015-03-28T22:36:11 <Mousstery> http://image.noelshack.com/fichiers/2015/13/1427578550-ponywithbackground.png Etallon de base.
2015-03-28T22:36:36 <Yvan33> Blank flank
2015-03-28T22:36:37 <MorningCourse> ca fait de ma commission une piece super duper unique
2015-03-28T22:36:45 <Mousstery> Normal
2015-03-28T22:36:52 <Mousstery> j'ai la flemme de dessiner ma cutie mark
2015-03-28T22:36:53 <Mousstery> x)
2015-03-28T22:37:12 <adriens33> Mousstery> nice
2015-03-28T22:37:31 <adriens33> par contre y'a une erreur
2015-03-28T22:37:37 <adriens33> les sabots sont fendus en deux
2015-03-28T22:37:45 <adriens33> or les équidés n'ont qu'un seul doigt.
2015-03-28T22:37:55 <Yvan33> Mais tu fais quoi du coup Fidzu?
2015-03-28T22:38:00 <Mousstery> upsi
2015-03-28T22:38:04 <Fidzu> comment ca je fais quoi ?
2015-03-28T22:38:23 <Fidzu> la je bois mon café
2015-03-28T22:38:38 <Fidzu> mais je ne pense pas que çe soit la question
2015-03-28T22:38:40 <adriens33> a l'heure qu'il est ? ^^" t'a pas peur de pas dormir de la nuit apres ?
2015-03-28T22:38:50 <Fidzu> nan tkt
2015-03-28T22:39:13 <adriens33> (c'est extremement déconseillé d'en boire apres 18h, sauf si tu aimes les nuits blanches)
2015-03-28T22:39:22 <Fidzu> pff
2015-03-28T22:39:26 <Fidzu> le café ça me fais rien
2015-03-28T22:39:32 <adriens33> c'est pas bon signe ça
2015-03-28T22:39:45 <adriens33> ça veut dire que t'en a trop bu et que ton cerveau s'est habitué
2015-03-28T22:39:47 <Fidzu> dumoins je fais pas vraiment attention
2015-03-28T22:39:53 <adriens33> donc > 6 tasses par jour
2015-03-28T22:39:57 <Fidzu> non
2015-03-28T22:40:00 <Fidzu> t'es ouf
2015-03-28T22:40:05 <adriens33> (moi j'en prend deux je tremble comme un vibromasseur… XD)
2015-03-28T22:40:10 <Yvan33> Pour un homme de 50 kg
2015-03-28T22:40:19 <Yvan33> La dose létale 50 est de 56 café
2015-03-28T22:40:27 <Mousstery> http://image.noelshack.com/fichiers/2015/13/1427578779-image710.jpg dessin qu'un pote m'a fait de mon oc (et on peux voir la cutie mark :D)
2015-03-28T22:40:34 <Fidzu> je fais ~70, j'en prend un par jour
2015-03-28T22:40:36 <Fidzu> et encore ...
2015-03-28T22:40:53 <Fidzu> moi j'ai testé de me faire mon oc
2015-03-28T22:40:55 <adriens33> et comment ça se fait que t'aies une accoutumance alors ? o.o
2015-03-28T22:40:58 <Fidzu> mais en fait j'aime pas trop
2015-03-28T22:41:07 <Yvan33> Dans l'ordre
2015-03-28T22:41:09 <Fidzu> adriens33: comment ca ?
2015-03-28T22:41:16 <Yvan33> Mousse : Je préfère le premier
2015-03-28T22:41:17 <adriens33> en dessous de 300g de cafféine/jour (~3 tasses) y'a pas d'accoutummance pratiquement
2015-03-28T22:41:35 <adriens33> (sauf si t'en bois pdt 30 ans d'affilée, et encore)
2015-03-28T22:41:36 <Mousstery> Je sais celui qu'elle m'a dessiné Yvan
2015-03-28T22:41:45 <adriens33> bah si ça te fait rien c'est qu'il y a un souchi
2015-03-28T22:41:46 <Mousstery> c'est un style spécial
2015-03-28T22:41:51 <Yvan33> Fidzu: je parlais niveau artistique, ce que  que tu fais artistiquement
2015-03-28T22:42:12 <Fidzu> de toute facon, fatigué ou pas, je vais aller au lit vers 2H et ecouter la zic jusqu'au matin
2015-03-28T22:42:20 <Mousstery> mais il y en a un autre qu'un pote m'a faite sauf qu'il s'est fail ^^
2015-03-28T22:42:24 <adriens33> Le 1er est fait avec quoi ? un outil de dessin vectoriel ? (genre adobe illustrator/ adobe flash/ inkscape etc) non ?
2015-03-28T22:42:33 <Yvan33> Café: Si tu en prend trop ton rytme cardiaque augment et si on est émotif le coeur peut s'arrêter.
2015-03-28T22:42:36 <adriens33> (pour etre aussi 'propre')
2015-03-28T22:42:42 <adriens33> Yvan33> yep
2015-03-28T22:42:51 <Fidzu> Yvan33:ah .. ben je sculpte, je fais de la musique ( si on peux appeler ça de l'art) et j'essay de me mettre au dessin digital
2015-03-28T22:42:56 <Yvan33> Par contre un décaféiné je sais pas
2015-03-28T22:43:00 <Mousstery> yvan il s'est fait car il m'a fait une pouliche le deuxieme
2015-03-28T22:43:14 <adriens33> prendre un déca c'est autant de cafféine qu'un thé a peu pres
2015-03-28T22:43:27 <Yvan33> J'aime pas le thé
2015-03-28T22:43:30 <adriens33> (oui la "théine" c'est la meme molécule que la cafféine pourn ceux qui savaient pas)
2015-03-28T22:43:32 <Fidzu> moi non plus
2015-03-28T22:43:34 <Mousstery> adriens33 avec un petit logiciel je te passerais le lien quand je l'aurai retrouvé ^^
2015-03-28T22:43:42 <Yvan33> Et j'ai pas compris mousstery
2015-03-28T22:43:44 <adriens33> nah mais j'ai les outils qu'il faut
2015-03-28T22:43:51 <adriens33> c'était juste pour savoir
2015-03-28T22:44:02 <Yvan33> Moi j'ai pas encore d'OC, pas le temps de vraiment m'y mettre
2015-03-28T22:44:19 <Fidzu> #tropdesujetdanslechat
2015-03-28T22:44:23 <Yvan33> Et je suis pas assez artistique pour
2015-03-28T22:44:23 <Mousstery> a vrai dire j'ai plein d'idée d'oc x)
2015-03-28T22:44:54 <Mousstery> le rp = mon passe temps
2015-03-28T22:45:12 <Fidzu> j'ai fais une musique .. je sais pas comment l'appeler -.-
2015-03-28T22:45:27 <adriens33> cad ?
2015-03-28T22:45:57 <Mousstery> sauf que rp = mon passe temps = je trouve personne pour en faire
2015-03-28T22:46:02 <Yvan33> J'aime bien le jdr aussi
2015-03-28T22:46:08 <Yvan33> Mais la j'ai pas trop le temps
2015-03-28T22:46:20 <Fidzu> moi j'ai essayé mais en fait c'est pas trop mo truc
2015-03-28T22:46:27 <Fidzu> je prefère quand il y a un visuel ^^
2015-03-28T22:47:04 <adriens33> Mousstery> si t'aime le rp sur forum et les créatures en tout genre tu peux essayer d'aller voir la http://chrysalis-academie.forumactif.org (c'est le fofo d'une amie)
2015-03-28T22:47:10 <Yvan33> Avec des potes ça marche toujours
2015-03-28T22:47:17 <Mousstery> Merci ^^
2015-03-28T22:47:18 <adriens33> #pub
2015-03-28T22:47:23 <Yvan33> Ah c'est celui de rei
2015-03-28T22:47:26 <adriens33> yep ^^
2015-03-28T22:47:33 <adriens33> (tant qu'a faire.. :P)
2015-03-28T22:47:38 <Yvan33> Je lui ai dis que je passerai mais finalement j'ai pas pus
2015-03-28T22:47:48 <Yvan33> Pourtant ça a l'air cool
2015-03-28T22:47:56 <Yvan33> J'ai pensé à me faire une fanfic
2015-03-28T22:48:02 <Yvan33> En anglais
2015-03-28T22:48:05 <Mousstery> Ah je peux pas adriens33 :c
2015-03-28T22:48:09 <adriens33> pk ?
2015-03-28T22:48:20 <adriens33> c'est quoi qui te bloque  ?
2015-03-28T22:48:23 <Yvan33> Mais ça va prendre du temps donc je garde ça pour plus tard
2015-03-28T22:48:28 <Yvan33> La prépa
2015-03-28T22:48:32 <Yvan33> Encore et toujours
2015-03-28T22:48:33 <Mousstery> il y a trop de monde et j'ose pas trop w;w
2015-03-28T22:48:44 <adriens33> non tkt ^^ ils sont pas méchant ^^
2015-03-28T22:48:56 <Mousstery> j'aime faire du rp mais je sais que j'en fais pas du super par rapport aux autres :c
2015-03-28T22:49:15 <Yvan33> ya que 25 inscrits
2015-03-28T22:49:16 <adriens33> bah si ça peut te rassurer tu seras pas le seul noob si tu t'inscris dessus :P
2015-03-28T22:49:25 *** ELiDYROS s'est connecté
2015-03-28T22:49:29 <adriens33> bonsoir eli'
2015-03-28T22:49:44 <Mousstery> Yvan,je suis trés,trés,trés timide ><"
2015-03-28T22:49:46 <Fidzu> yo
2015-03-28T22:49:47 <Yvan33> Un joueur de console retro sauvage apparait
2015-03-28T22:49:55 <adriens33> Mousstery> bah l'avantage du rp forum
2015-03-28T22:50:00 <adriens33> c'est que tu peux prendre ton temps
2015-03-28T22:50:01 <ELiDYROS> Bonsoir, y a du monde ce soir
2015-03-28T22:50:07 <adriens33> (dans la limite du raisonnable of course :P(
2015-03-28T22:50:09 <adriens33> *)
2015-03-28T22:50:19 <adriens33> moi j'ai pas mal de soucis aussi mais je m'y met doucementc
2015-03-28T22:50:20 <Fidzu> MARCO
2015-03-28T22:50:22 <Yvan33> T'es pas obligé de faire du rp en colaboration avec d'autre joueur directe
2015-03-28T22:50:23 <adriens33> doucement *
2015-03-28T22:54:30 <Mousstery> Je vais essayer.. lc
2015-03-28T22:54:33 <Mousstery> *:c
2015-03-28T22:54:45 <adriens33> tkt pas ^^
2015-03-28T22:55:29 <Yvan33> Bon, pas que je vous aime pas, mais je suis vanné, donc je vais me pieuter. Bonne soirée et brohoofs à vous!
2015-03-28T22:55:42 <Mousstery> brohoof à toi ^^
2015-03-28T22:55:46 <adriens33> /)
2015-03-28T22:55:55 <Yvan33> (
2015-03-28T22:56:26 <Fidzu> bonsoir
2015-03-28T22:56:26 *** Yvan33 est parti
2015-03-28T23:03:03 *** Chords-Tackler est parti
2015-03-28T23:47:58 *** Octyy s'est connecté
2015-03-28T23:51:11 *** MorningCourse est parti
