2015-01-26T00:22:10 *** Gordfang est parti
2015-01-26T03:31:45 *** adriens33 est parti
2015-01-26T03:43:05 *** adriens33 s'est connecté
2015-01-26T04:18:23 *** adriens33 est parti
2015-01-26T08:31:50 *** adriens33 s'est connecté
2015-01-26T09:03:59 *** heuzef s'est connecté
2015-01-26T09:05:35 *** Gordfang s'est connecté
2015-01-26T09:06:13 <Gordfang> salut
2015-01-26T09:14:15 <heuzef> plop =)
2015-01-26T09:14:22 <heuzef> La forme ? =)
2015-01-26T09:14:38 <heuzef> Olympique
2015-01-26T09:16:56 *** heuzef1 s'est connecté
2015-01-26T09:19:11 *** heuzef est parti
2015-01-26T09:22:42 <Gordfang> oui et toi?
2015-01-26T09:24:57 <Gordfang> eh heuzef : http://hontounii.deviantart.com/art/A-masterpiss-509456214
2015-01-26T09:34:43 <heuzef1> ça va
2015-01-26T10:20:41 <adriens33> salut les poneys /)
2015-01-26T10:31:07 <Gordfang> salut mec
2015-01-26T11:15:55 *** adriens33 est parti
2015-01-26T11:30:31 *** TrappyTickles s'est connecté
2015-01-26T11:37:14 <TrappyTickles> intéressant l'article sur bronycub ^^
2015-01-26T11:38:15 <heuzef1> ;)
2015-01-26T12:03:58 *** adriens33 s'est connecté
2015-01-26T12:04:46 <adriens33> plop
2015-01-26T12:12:49 *** adriens33 est parti
2015-01-26T12:13:10 *** adriens33 s'est connecté
2015-01-26T12:27:21 *** heuzef est parti
2015-01-26T12:32:55 *** Gordfang est parti
2015-01-26T12:55:13 *** Gordfang s'est connecté
2015-01-26T15:09:27 *** heuzef s'est connecté
2015-01-26T15:22:34 *** heuzef est parti
2015-01-26T15:29:45 *** heuzef s'est connecté
2015-01-26T17:11:08 *** Gordfang est parti
2015-01-26T17:14:41 *** ELiDYROS s'est connecté
2015-01-26T17:47:00 <adriens33> putain mais windows est une sale pantoufle.
2015-01-26T17:47:17 <adriens33> une install neuve sur un cpu i7 980x 12 cœurs @ 4.0GHz
2015-01-26T17:47:22 <adriens33> avec 12Gio de ram
2015-01-26T17:47:40 <adriens33> et il trouve le moyen de ramer quand j'exec un pauvre prog d'install…
2015-01-26T17:47:55 <adriens33> le scheduler est si mal fait que ça ou quoi ? o_œ
2015-01-26T17:47:58 <adriens33> *o_o
2015-01-26T17:48:51 <adriens33> j'ai 1 cœur qui tourne et les autres qui se touchent. d'où c'est pas fluide putain.
2015-01-26T18:26:42 *** MaCharon s'est connecté
2015-01-26T19:06:14 *** adriens33 est parti
2015-01-26T19:07:13 *** heuzef est parti
2015-01-26T19:09:02 *** adriens33 s'est connecté
2015-01-26T19:23:02 *** ELiDYROS est parti
2015-01-26T21:19:05 <TrappyTickles> c'est windows combien?
2015-01-26T21:19:14 <adriens33> win7 64bits
2015-01-26T21:19:29 <adriens33> installé par mes soins, pas de crapware etc
2015-01-26T21:19:33 <adriens33> il marche bin
2015-01-26T21:19:35 <adriens33> *bien
2015-01-26T21:19:45 <adriens33> juste que comparé à linux sur la même bécane…
2015-01-26T21:19:57 <TrappyTickles> c'est même pas comparable
2015-01-26T21:20:04 <TrappyTickles> c'est comme comparer une bagnole à un bateau :p
2015-01-26T21:20:12 <adriens33> j'ai l'impression de changer de machine tellement windows se vautre.
2015-01-26T21:20:27 <adriens33> en même temps douze cœurs à 4.0GHz il est perdu le pauvre XD
2015-01-26T21:20:43 <TrappyTickles> le grand public c'est pas prêt pour autant de puissance :p
2015-01-26T21:20:47 <TrappyTickles> n'est*
2015-01-26T21:21:00 <adriens33> (vu le prix de mon cpu aussi… je suis content qu'on me l'aie donné XD)
2015-01-26T21:21:11 <adriens33> il date de 2010 mais il est meme pas obsolète encore XD
2015-01-26T21:21:17 <adriens33> intel core i7 980 x
2015-01-26T21:21:22 <adriens33> 1000$ le machin
2015-01-26T21:21:36 <adriens33> (c'est un intel xeon en vrai)
2015-01-26T21:21:52 <TrappyTickles> vivement que j'ai des sous que je change mon process aussi
2015-01-26T21:21:56 <adriens33> ^^
2015-01-26T21:22:02 <TrappyTickles> j'ai aps trop de choix mais ce sera mieux que mon actuel
2015-01-26T21:22:16 <adriens33> leta' a un 4960 x sur sa bécane actuelle
2015-01-26T21:22:34 <adriens33> donc c'est que niveau puissance il doit dépoter sec
2015-01-26T21:22:41 <adriens33> mais bon faut y mettre le prix XD
2015-01-26T21:22:49 <TrappyTickles> ça me surprend pas :p
2015-01-26T21:22:56 <adriens33> en fait il m'a filé son ancien setup XD
2015-01-26T21:23:05 <TrappyTickles> oh c'est cool ça :)
2015-01-26T21:23:23 <adriens33> mais il a des setup tellement de taré que quand il upgrade, l'ancien est meme pas obsolète 5 ans après…
2015-01-26T21:23:34 <adriens33> bah je lui ai filé mon ancien setup en échange
2015-01-26T21:24:21 <TrappyTickles> chez moi j'ai plus que le process a upgrade et je suis moyennement paré pour ce que j'ai besoin :p
2015-01-26T21:24:29 <TrappyTickles> la ram c'est bon, gpu aussi
2015-01-26T21:24:45 <TrappyTickles> même le dd de stockage est neuf
2015-01-26T21:24:52 <TrappyTickles> ah tiens au fait,
2015-01-26T21:25:02 <adriens33> oui?
2015-01-26T21:25:10 <TrappyTickles> t'aurais pas par hasard un cable sata qui traine avec une des prises qui se plie en L?
2015-01-26T21:25:25 <TrappyTickles> j'ai que des cables droits et du coup mon pc est ouvert depuis novembre dernier XD
2015-01-26T21:25:40 <adriens33> je te dit ça
2015-01-26T21:26:01 <adriens33> ouaip
2015-01-26T21:26:08 <TrappyTickles> cool, ça te dit un échange? :p
2015-01-26T21:28:10 <adriens33> okay :)
2015-01-26T21:28:34 <adriens33> il te faut un long?
2015-01-26T21:28:58 <TrappyTickles> pas spécialement. faut juste qu'il soit plié sur un des cotés
2015-01-26T21:29:08 <adriens33> d'acc^^
2015-01-26T21:29:42 <TrappyTickles> t'es toujours chez letaru jprésume? ^^
2015-01-26T21:29:53 <adriens33> hein?
2015-01-26T21:30:00 <adriens33> bah non j'suis chez moi o_œ
2015-01-26T21:30:07 <TrappyTickles> je sais plus ou tu vis lol
2015-01-26T21:30:23 <adriens33> bah chez moi XD 54 rue Jules Guesde à Talence
2015-01-26T21:30:23 <TrappyTickles> ben remarque tfaçons, y a un truc demain apparemment, d'après heuzef
2015-01-26T21:30:30 <adriens33> mais bon au pire viens à Giroll demain :D
2015-01-26T21:30:33 <adriens33> oui voilà
2015-01-26T21:30:35 <TrappyTickles> oui voila ^^
2015-01-26T21:30:42 <TrappyTickles> c'est ou giroll déjà?
2015-01-26T21:31:04 <adriens33> tu te pointes devant la fnac rue Ste Cath à 18h20-30 et tu attends les gens ^^
2015-01-26T21:31:08 <TrappyTickles> et quand aussi, pcq j'ai aps reçu de mail a propos  de ça, bizarrement
2015-01-26T21:31:16 <TrappyTickles> ok je note
2015-01-26T21:31:25 <adriens33> http://www.giroll.org/pages/plan
2015-01-26T21:31:32 <adriens33> tous les mardis a 18h30
2015-01-26T21:31:41 <adriens33> mais c'est pas un event bronycub
2015-01-26T21:31:56 <adriens33> c'est plutot les poney qui enhavissent Giroll en fait XD
2015-01-26T21:32:01 <TrappyTickles> ah oui jvois, c'est un event logiciel libre
2015-01-26T21:32:08 <adriens33> oui voilà :)
2015-01-26T21:32:16 <TrappyTickles> bah, ça me va aussi, j'aime le libre :p
2015-01-26T21:32:19 <adriens33> cool :)
2015-01-26T21:33:07 <TrappyTickles> ok ça marche, j'y serai avec le cable pour l'échange ^^
2015-01-26T21:33:13 <TrappyTickles> tu me sauves la vie, t'imagines pas ^^
2015-01-26T21:33:38 <adriens33> héhé
2015-01-26T21:33:53 <TrappyTickles> tiens jvais ptet venir avec mon laptop sur ubuntu, tant qu'on y est ^^
2015-01-26T21:33:59 <adriens33> bonne idée^^
2015-01-26T21:34:26 <TrappyTickles> je l'ai réinstall récemment. j'en avais marre d'avoir du 64bits dessus, ça m'handicapait plus qu'autre chose :p
2015-01-26T21:34:31 <adriens33> ah?
2015-01-26T21:34:35 <adriens33> t'as combien de RAM?
2015-01-26T21:34:49 <TrappyTickles> jcrois qu'il en a 3 ou 4Go
2015-01-26T21:34:51 <adriens33> ah
2015-01-26T21:34:53 <TrappyTickles> c'est un petit laptop
2015-01-26T21:35:00 <adriens33> ouai donc ce n'est pas forcément utile.
2015-01-26T21:35:06 <TrappyTickles> exact
2015-01-26T21:35:19 <TrappyTickles> et en plus, pour secondlife, ça foirait tout pcq sl veut que du 32bits
2015-01-26T21:35:25 <adriens33> ah
2015-01-26T21:35:32 <TrappyTickles> et les ubuntu récents ont du mal avec le multiarch
2015-01-26T21:35:38 <TrappyTickles> bizarrement
2015-01-26T21:35:40 <adriens33> bah utilise pas ubuntu lol
2015-01-26T21:35:53 <adriens33> normalement une distro bien faite suffit d'install les lib32
2015-01-26T21:36:14 <adriens33> (je suis sous arch et j'utilise skype / steam etc et j'ai pas de souci en 32bits^^)
2015-01-26T21:36:19 <TrappyTickles> c'était le cas pour ubuntu avant, mais depuis la 13.04 c'est plus possible
2015-01-26T21:36:24 <adriens33> ah?
2015-01-26T21:36:25 <TrappyTickles> ce qui craint énormément d'ailleurs
2015-01-26T21:36:35 <adriens33> ils ont foutu quoi chez cannonical encore ? >_<
2015-01-26T21:36:40 <TrappyTickles> oui, faut apparemment faire une autre manip et cette manip suffit pas pour sl
2015-01-26T21:36:44 <adriens33> ...
2015-01-26T21:36:51 <adriens33> /me facedesk *
2015-01-26T21:36:53 <TrappyTickles> je sais pas, mais c'est bof, oui
2015-01-26T21:37:18 <TrappyTickles> enfin bon, vu la bête, 32bits c'est suffisant
2015-01-26T21:37:23 <adriens33> ouai voilà ^^
2015-01-26T21:40:28 <TrappyTickles> j'ai presque fini mon album de parodies MLP ^^ plus que 2 chansons et jpeux boucler
2015-01-26T21:40:34 <adriens33> nice :)
2015-01-26T21:40:34 <TrappyTickles> j'ai même fait un booklet pour le cd lol
2015-01-26T21:40:38 <adriens33> ^^
2015-01-26T21:44:16 *** ELiDYROS s'est connecté
2015-01-26T21:44:53 <adriens33> Salut ELiDYROS :)
2015-01-26T21:46:48 <ELiDYROS> salut adriens33
2015-01-26T22:02:39 *** ELiDYROS est parti
2015-01-26T22:11:31 <TrappyTickles> arf il vient toujours quand je suis afk
2015-01-26T22:16:22 <adriens33> ^^
2015-01-26T22:16:53 <adriens33> Il vient et repart sans bruit, observant son entourage, tel un fauve. :D
2015-01-26T22:53:25 *** ELiDYROS s'est connecté
2015-01-26T22:59:16 <ELiDYROS> Comment va ?
2015-01-26T23:00:22 <adriens33> ça va tranquille^^ juste un peu mal à la tête. et toi?
2015-01-26T23:01:01 <ELiDYROS> Je suis de mauvaise humeur mais j'ai chopé des trucs un peu rares en retrogaming ce weekend donc ça contre balance
2015-01-26T23:01:47 <adriens33> ah
2015-01-26T23:01:57 <adriens33> qu'est-ce qu'il t'arrive ?
2015-01-26T23:02:18 <ELiDYROS> Rien de nouveau, me prendre des vents de certains depuis 6-8 mois - 1 an ^
2015-01-26T23:02:22 <ELiDYROS> ^^*
2015-01-26T23:02:29 <adriens33> ah..
