2015-01-19T00:22:43 <ELiDYROS> t'inquiète pas ça va se faire
2015-01-19T00:29:15 *** TrappyTickles est parti
2015-01-19T00:36:53 <ELiDYROS> adriens33, si jamais tu t'ennuies dans la semaine on peut se voir, puis comme ça tu m'aides à bidouiller ma vieille console
2015-01-19T00:37:23 <adriens33> ouai, pourquoi pas^^ pis comme ça je pourrai te preter mon multimetre aussi :P
2015-01-19T00:37:29 <ELiDYROS> ui
2015-01-19T00:37:49 <ELiDYROS> J'irais bien choper un truc à manger chez Nobi Nobi d'ailleurs
2015-01-19T00:37:56 <ELiDYROS> si c'est bien le nom je me rappelle plus
2015-01-19T00:40:07 <adriens33> ah pourquoi pas^^
2015-01-19T01:39:45 *** ELiDYROS est parti
2015-01-19T02:49:46 *** adriens33 est parti
2015-01-19T08:50:46 *** Gordfang s'est connecté
2015-01-19T11:42:26 *** adriens33 s'est connecté
2015-01-19T11:54:30 <Gordfang> yo qdrien/
2015-01-19T11:54:34 <Gordfang> adrien!*
2015-01-19T12:01:04 *** Gordfang est parti
2015-01-19T12:02:17 *** Gordfang s'est connecté
2015-01-19T12:37:05 <adriens33> hello Gordfang
2015-01-19T12:38:15 <Gordfang> je vais manger
2015-01-19T12:39:49 *** Gordfang est parti
2015-01-19T13:05:26 *** TrappyTickles s'est connecté
2015-01-19T13:05:58 *** TrappyTickles est parti
2015-01-19T13:36:24 *** Gordfang s'est connecté
2015-01-19T13:37:04 <Gordfang> re
2015-01-19T13:39:41 <adriens33> re
2015-01-19T14:31:37 *** ELiDYROS s'est connecté
2015-01-19T14:48:28 *** ELiDYROS est parti
2015-01-19T15:01:21 *** Gordfang est parti
2015-01-19T15:06:45 *** ELiDYROS s'est connecté
2015-01-19T15:13:53 *** ELiDYROS est parti
2015-01-19T15:14:29 *** ELiDYROS s'est connecté
2015-01-19T15:41:43 *** ELiDYROS_ s'est connecté
2015-01-19T15:43:47 *** ELiDYROS est parti
2015-01-19T15:44:03 <ELiDYROS_> Salut adriens33
2015-01-19T15:44:14 <adriens33> hello
2015-01-19T15:44:20 <ELiDYROS_> ça va ?
2015-01-19T15:56:15 <adriens33> oui
2015-01-19T15:56:16 <adriens33> et toi ?
2015-01-19T16:01:14 <ELiDYROS_> attends je re
2015-01-19T16:01:17 *** ELiDYROS_ est parti
2015-01-19T16:26:58 *** MaCharon s'est connecté
2015-01-19T16:31:03 *** ELiDYROS s'est connecté
2015-01-19T16:31:04 <ELiDYROS> re
2015-01-19T16:31:15 <ELiDYROS> ça va mais j'arrive pas à connecter mes trucs à internet comme je veux
2015-01-19T16:32:47 <adriens33> comment ça ?
2015-01-19T16:33:53 <ELiDYROS> Si je mets une ip fixe, soit il veut pas des dns, soit il est bloqué au niveau des ports
2015-01-19T16:34:08 <ELiDYROS> Ma 3DS et ma Wii U arrivent pas à se connecter aux serveurs de jeux
2015-01-19T16:34:13 <ELiDYROS> Ma vita tv veut pas des dns
2015-01-19T16:34:43 <ELiDYROS> Et je sais pas si ça change de mettre une IP fixe dans le périphérique ou bien dans le modem
2015-01-19T16:34:53 <ELiDYROS> si ça change quelque chose*
2015-01-19T16:35:38 *** Gordfang s'est connecté
2015-01-19T16:39:36 <ELiDYROS> genre la 3DS en fixe ou automatique, je peux pas me connecter aux serveurs, alors que ça fonctionnait avant
2015-01-19T16:39:45 <ELiDYROS> avant c'est genre samedi dernier...
2015-01-19T16:41:38 *** Gordfang est parti
2015-01-19T16:49:22 *** ELiDYROS est parti
2015-01-19T17:11:13 *** Elvon s'est connecté
2015-01-19T17:12:45 <Elvon> Hello Everybrony
2015-01-19T17:13:34 *** adriens33 est parti
2015-01-19T17:18:59 *** Elvon est parti
2015-01-19T17:23:12 *** Gordfang s'est connecté
2015-01-19T18:18:30 <Gordfang> re
2015-01-19T18:19:30 *** MaCharon est parti
2015-01-19T18:20:24 <Gordfang> tous le monde me fuit...
2015-01-19T18:36:57 *** ELiDYROS s'est connecté
2015-01-19T19:14:21 *** Gordfang est parti
2015-01-19T19:16:11 *** adriens33 s'est connecté
2015-01-19T19:16:20 <adriens33> re ELiDYROS
2015-01-19T19:16:57 <adriens33> pour ton souci de co de tes périphs a internet, je regarderai si tu veux^^
2015-01-19T19:17:29 <ELiDYROS> j'essaie de faire du caca en telnet
2015-01-19T19:17:33 <ELiDYROS> mais merci^^
2015-01-19T19:18:36 <adriens33> XD
2015-01-19T19:18:46 <adriens33> telnet c'est caca, je suis  d'accord.
2015-01-19T19:18:53 <ELiDYROS> j'ai trouvé deux commandes qui pourraient m'aider
2015-01-19T19:18:58 <adriens33> ah? quoi? on me dit que je comprends de travers ? XD
2015-01-19T19:19:00 <ELiDYROS> car depuis le GUI du modem j'arrive à rien
2015-01-19T19:19:11 <adriens33> ouai fais gaffe quand meme XD
2015-01-19T19:19:39 <ELiDYROS> je fais un backup de la config au pire
2015-01-19T19:19:46 <ELiDYROS> et je ferai un factory reset si je casse un truc
2015-01-19T19:19:51 <adriens33> mais bon dans le pire des cas si tu pete la conf faut appuyer sur le bouton dans le trou derriere jusqua ce que la del bleue "update" clignote
2015-01-19T19:19:54 <adriens33> ouai voila
2015-01-19T19:19:57 <ELiDYROS> et ovh va m'envoyer un nouveeau modem...
2015-01-19T19:20:01 <adriens33> ah?
2015-01-19T19:20:16 <ELiDYROS> ouais ils comprennent pas pourquoi mon wifi se limite à 2MB/s
2015-01-19T19:20:24 <adriens33> oh, au pire je peux ammener le mien pour tester XD vu que j'ai aucun souci chez moi XD
2015-01-19T19:21:10 <ELiDYROS> j'ai refait chacune de mes configs en plus
2015-01-19T19:21:13 <ELiDYROS> une par une
2015-01-19T19:21:22 <adriens33> tu as du bien t'embêter.
2015-01-19T19:23:27 <ELiDYROS> OVH a 3 dns c'est ça ?
2015-01-19T19:27:07 <adriens33> euh… je ne sais pas^^ je n'utilise pas les dns d'OHV
2015-01-19T19:27:11 <adriens33> OVH*
2015-01-19T19:27:17 <ELiDYROS> ah bobn
2015-01-19T19:27:23 <adriens33> (j'utilise opendns^^)
2015-01-19T19:27:30 <ELiDYROS> je connais pas
2015-01-19T19:27:33 <ELiDYROS> ça répond vite ?
2015-01-19T19:28:02 <adriens33> https://www.opendns.com/home-internet-security/opendns-ip-addresses/
2015-01-19T19:28:25 <adriens33> ça va^^ mais l'intéret est surtout que ce sont pas des dns appartenant à un FAI
2015-01-19T19:28:34 <adriens33> (ni étant en france d'ailleurs :P)
2015-01-19T19:29:55 <ELiDYROS> Faut faire un compte ou non ?
2015-01-19T19:30:01 <adriens33> non non XD
2015-01-19T19:30:04 <adriens33> du tout
2015-01-19T19:30:14 <ELiDYROS> je teste
2015-01-19T19:30:14 <adriens33> c'est des dns a acces open
2015-01-19T19:30:25 <adriens33> 208.67.220.220 / 208.67.222.222
2015-01-19T19:30:38 <adriens33> (les ips sont pas super compliquées à retenir en plus ^^)
2015-01-19T19:41:08 <ELiDYROS> sur le net ils disent que c'est pas possible de jouer en ligne avec ce modem
2015-01-19T19:41:15 <ELiDYROS> du moins tu peux mettre qu'une seul ip en dmz
2015-01-19T19:41:28 <ELiDYROS> donc faut que je choisisse parmi les 3 consoles...
2015-01-19T19:41:37 <ELiDYROS> sachant que ça marchait avant
2015-01-19T19:42:57 <adriens33> euh.. pourquoi tu veux faire du dmz ? tu vas dans tool box -> game and applications sharing
2015-01-19T19:43:07 <adriens33> et la tu fais tes redirections de ports proprement
2015-01-19T19:43:25 <ELiDYROS> ça ne marche pas
2015-01-19T19:43:29 <adriens33> et si t'a pas la regle de redirection qu'il te faut tu peux en créer
2015-01-19T19:43:34 <adriens33> bah chez moi ça fonctionne.
2015-01-19T19:43:43 <ELiDYROS> Et personne ne sait quels ports Nintendo utilise
2015-01-19T19:43:47 <adriens33> ah.
2015-01-19T19:44:02 <adriens33> ça c'est un peu plus emmerdant.
2015-01-19T19:44:33 <ELiDYROS> Je peux pas faire une règle pour tout ouvrir au pire ? lol
2015-01-19T19:44:39 <adriens33> oui^^
2015-01-19T19:44:57 <adriens33> tu crée une regle pour rediriger du port 1 au 65535 en tcp et udp
2015-01-19T19:45:08 <adriens33> mais bon là la redir tu peux la faire que sur 1 machine
2015-01-19T19:45:15 <adriens33> et c'est pas une limitation du modem la
2015-01-19T19:45:25 <adriens33> c'est une limitation de la techno XD (NAT)
2015-01-19T19:47:20 <ELiDYROS> Logiquement si je me connecte pas avec les 3 en même temps c'est bon ?
2015-01-19T19:47:27 <adriens33> oaui^^
2015-01-19T19:47:30 <adriens33> *ouai
2015-01-19T19:51:05 <ELiDYROS> je dois mettre un truc dans la case "translate to" ?
2015-01-19T19:51:55 <adriens33> non, pas nécessairement
2015-01-19T19:52:09 <adriens33> si tu met rien ça garde la meme range de ports
2015-01-19T19:53:17 <ELiDYROS> Bon ils disent que c'est en conflit avec une autre règle
2015-01-19T19:53:49 <adriens33> arf
2015-01-19T19:54:06 <adriens33> essaie de changer la range de port
2015-01-19T20:02:35 <ELiDYROS> j'ai mis des ports précis que j'ai trouvé dans un forum, c'est pareil
2015-01-19T20:04:35 <ELiDYROS> tu as toi aussi un truc dmz dans le firewall de ton modem ?
2015-01-19T20:09:18 <ELiDYROS> D'ailleurs je comprends pas pourquoi je peux faire la dmz depuis le manager ovh
2015-01-19T20:11:16 *** MaCharon s'est connecté
2015-01-19T20:11:31 *** MaCharon est parti
2015-01-19T21:02:07 *** ELiDYROS est parti
2015-01-19T21:12:29 *** ELiDYROS s'est connecté
2015-01-19T21:25:30 <adriens33> pour le dmz c'est pas ça.. le dmz ça sert pour isoler une machine particulière, et quand tu tape sur l'interface externe du modem ça va sur cette machine en
2015-01-19T21:25:30 <adriens33> particulier directement par défaut mais elle a pas acces a ton réseau local par contre, d'où le nom de zone démilitarisée :)
2015-01-19T21:26:23 <adriens33> et pour faire du dmz depuis l'interface je sais pas où tu as trouvé mais moi j'ai pas^^
2015-01-19T21:51:05 *** ELiDYROS est parti
2015-01-19T22:01:38 *** ELiDYROS s'est connecté
2015-01-19T22:20:00 *** ELiDYROS est parti
2015-01-19T22:30:37 *** ELiDYROS s'est connecté
2015-01-19T22:30:47 <ELiDYROS> Quelle frustration
2015-01-19T22:31:00 <adriens33> Pourquoi donc ?
2015-01-19T22:31:22 <ELiDYROS> Nan mais depuis la Wii, Nintendo n'a pas touché son protocole NAT super stricte
2015-01-19T22:31:37 <ELiDYROS> Ce sont exactement les même soucis sur chaque console
2015-01-19T22:32:10 <adriens33> d'accord
2015-01-19T22:32:18 <ELiDYROS> J'avais réussi à résoudre le soucis avec mon ancien modem
2015-01-19T22:32:26 <ELiDYROS> mais je me rappelle pas de la méthode
2015-01-19T22:34:42 <ELiDYROS> quoi que
2015-01-19T22:35:17 <ELiDYROS> J'ai retrouvé un vieux lien dans mes bookmarks, pas le même jeu en l'occurrence mais le même soucis
2015-01-19T22:35:22 <ELiDYROS> https://community.callofduty.com/thread/100575552
2015-01-19T22:37:01 <ELiDYROS> Cela a-t'il un sens pour toi ?
2015-01-19T22:39:27 <adriens33> bah.. essaie tu verra si ça marche^^" au pire tu factory reset la box si ça la fait merder.
2015-01-19T22:39:46 <ELiDYROS> oué
2015-01-19T22:40:12 <ELiDYROS> y a un trou pour le reset c'est ça ?
2015-01-19T22:40:48 <ELiDYROS> (j'ai plus le log sous les yeux, j'ai changé X fois d'ordi entre temps)
2015-01-19T22:40:52 <adriens33> oui
2015-01-19T22:41:26 <ELiDYROS> oki
2015-01-19T22:41:34 <ELiDYROS> à tout' si jamais je perds la connexion.
2015-01-19T22:41:40 <adriens33> ok:p
2015-01-19T22:47:13 <ELiDYROS> hum
2015-01-19T22:47:41 <ELiDYROS> premier test sur la DS ça fonctionne
2015-01-19T22:47:57 <ELiDYROS> un peu longuet ceci dit
2015-01-19T22:48:08 <ELiDYROS> second test ça fonctionne
2015-01-19T23:25:53 *** ELiDYROS est parti
2015-01-19T23:33:50 *** adriens33 est parti
