2015-01-23T00:14:40 <Gordfang> re
2015-01-23T00:15:47 *** Gordfang est parti
2015-01-23T00:21:04 <ELiDYROS> re
2015-01-23T00:21:08 <ELiDYROS> oups
2015-01-23T00:42:55 *** TrappyTickles est parti
2015-01-23T01:01:28 *** ELiDYROS est parti
2015-01-23T10:22:56 *** adriens33 est parti
2015-01-23T10:29:32 *** TrappyTickles s'est connecté
2015-01-23T11:54:03 *** Gordfang s'est connecté
2015-01-23T11:54:10 <Gordfang> yo$
2015-01-23T14:42:43 *** adriens33 s'est connecté
2015-01-23T14:43:19 <Gordfang> yo
2015-01-23T14:46:22 <adriens33> salut :)
2015-01-23T14:56:53 *** ELiDYROS s'est connecté
2015-01-23T15:17:07 <ELiDYROS> yo!
2015-01-23T16:37:04 *** ELiDYROS est parti
2015-01-23T18:10:37 *** Gordfang est parti
2015-01-23T20:28:37 <TrappyTickles> adriens33, t'as pas skype toi j'imagine?
2015-01-23T20:28:48 <adriens33> salut
2015-01-23T20:28:51 <adriens33> si pourquoi ?
2015-01-23T20:29:00 <adriens33> (c'est sur mon profil, sur le site… :D)
2015-01-23T20:29:09 <adriens33> adriens.33
2015-01-23T20:47:15 <TrappyTickles> t'as pas eu un dénomé suisix ou un truc comme ça qui t'as ajouté?
2015-01-23T20:47:25 <TrappyTickles> ou suissix, je sais plus
2015-01-23T20:51:36 <adriens33> nop
2015-01-23T21:25:33 *** ELiDYROS s'est connecté
2015-01-23T21:30:24 *** ELiDYROS est parti
2015-01-23T21:35:20 *** ELiDYROS s'est connecté
2015-01-23T23:38:22 *** adriens33 est parti
2015-01-23T23:44:06 *** Gordfang s'est connecté
2015-01-23T23:50:29 *** TrappyTickles est parti
