2015-01-29T01:48:27 *** TrappyTickles est parti
2015-01-29T05:01:01 *** adriens33 est parti
2015-01-29T09:14:36 *** heuzef s'est connecté
2015-01-29T10:10:34 *** adriens33 s'est connecté
2015-01-29T10:15:35 *** polfor s'est connecté
2015-01-29T10:15:36 *** polfor est parti
2015-01-29T10:16:23 *** Polfor s'est connecté
2015-01-29T10:16:43 <Polfor> Bien le bonjour !
2015-01-29T10:16:52 *** Polfor est parti
2015-01-29T10:17:58 <heuzef> plop =)
2015-01-29T10:32:38 *** Polfor s'est connecté
2015-01-29T10:35:36 *** Polfor est parti
2015-01-29T11:09:18 <adriens33> hello heuzef
2015-01-29T11:10:43 *** TrappyTickles s'est connecté
2015-01-29T11:10:52 <adriens33> salut Trappy :)
2015-01-29T11:11:07 <TrappyTickles> oi
2015-01-29T11:27:26 <heuzef> plop
2015-01-29T11:34:24 *** heuzef est parti
2015-01-29T12:12:36 *** heuzef s'est connecté
2015-01-29T14:21:07 *** strycore s'est connecté
2015-01-29T14:21:51 <strycore> https://www.youtube.com/watch?x-yt-ts=1422503916&feature=player_detailpage&v=TCQ-RO00mhk&x-yt-cl=85027636
2015-01-29T14:22:15 <strycore> je suis encore a l'ancienne avec mon black metal
2015-01-29T14:22:29 <strycore> mais au final on a le meme but
2015-01-29T14:23:42 <heuzef> xD
2015-01-29T14:24:35 <strycore> https://www.youtube.com/watch?v=puwllq0fBLs
2015-01-29T16:38:15 *** heuzef est parti
2015-01-29T16:38:54 <strycore> pfffff
2015-01-29T16:38:57 *** strycore est parti
2015-01-29T16:55:50 *** heuzef s'est connecté
2015-01-29T17:32:59 *** Ikledoreboline s'est connecté
2015-01-29T17:33:02 <Ikledoreboline> Bonsoir tout le monde ^^
2015-01-29T17:33:25 <adriens33> salut Ikledoreboline
2015-01-29T17:33:47 <Ikledoreboline> Comment ça va par ici ?
2015-01-29T17:34:47 <adriens33> ça va et toi?
2015-01-29T17:35:36 <Ikledoreboline> Plus ou moins bien
2015-01-29T17:35:54 <adriens33> qu'est-ce qu'il t'arrive?
2015-01-29T17:36:53 <Ikledoreboline> Bahça fait 3 semaines que j'ai la cheville cassé donc plâtre, aujourd'hui j'ai du le changer et bah, voilà, plus inquiet pour les futurs radios
2015-01-29T17:37:16 <adriens33> arf
2015-01-29T17:37:36 <Ikledoreboline> ^^
2015-01-29T17:39:08 <Ikledoreboline> À se que j'ai vu j'ai raté l'arrivée de pleins de nouveaux membres ? :0 (je crois ?) j'ai des absences de longue durée hum..
2015-01-29T17:39:19 <adriens33> ouai, un peu :P
2015-01-29T17:39:25 <adriens33> mais bon c'est pas grave ;)
2015-01-29T17:41:17 <Ikledoreboline> Je suppose ^^ m'enfin .-. j'essaie toujours de mettre à l'actualité mlp avec d'ailleurs ma dernière trouvaille du rap de pinkie pie style Eminem lol (je serai jamais autant brony que certains x3 oh et je vais me faire un t-shirt bronycub quand je pourrai aller en ville ^-^)
2015-01-29T17:41:31 <adriens33> yay ^w^
2015-01-29T17:43:33 <Ikledoreboline> D'ailleurs en y pensant je suis pas le seul brony de ma cub avec un truc cassé loool x) (j'irai jeté un coup d'œil à l'agenda si y'a des choses prévues ???)
2015-01-29T17:46:32 *** Ikledoreboline est parti
2015-01-29T17:47:26 *** Ikledoreboline s'est connecté
2015-01-29T17:49:28 *** Ikledoreboline est parti
2015-01-29T17:58:01 *** heuzef est parti
2015-01-29T17:59:04 *** heuzef s'est connecté
2015-01-29T18:23:35 *** MaCharon s'est connecté
2015-01-29T19:06:53 *** ELiDYROS s'est connecté
2015-01-29T19:06:59 <ELiDYROS> bonsoir
2015-01-29T19:07:16 <adriens33> salut ELiDYROS
2015-01-29T19:09:16 <ELiDYROS> va ?
2015-01-29T19:11:23 <adriens33> bien^^ et toi ?
2015-01-29T19:13:36 <ELiDYROS> Oui oui
2015-01-29T19:13:44 <ELiDYROS> J'ai reçu des nouveaux trucs encore
2015-01-29T19:14:47 *** adriens331 s'est connecté
2015-01-29T19:15:06 *** adriens33 est parti
2015-01-29T19:21:34 *** adriens331 s'est connecté
2015-01-29T19:24:23 *** adriens33 est parti
2015-01-29T19:24:58 *** heuzef est parti
2015-01-29T19:31:14 *** flutterbrony s'est connecté
2015-01-29T19:34:31 <flutterbrony> bonsoir
2015-01-29T19:34:44 <adriens33> sonboir
2015-01-29T19:42:44 <flutterbrony> Mardi prochain c'est mon anniversaire :D
2015-01-29T19:43:17 <adriens33> cool :D
2015-01-29T20:15:12 <ELiDYROS> Mars prochain c'est mon anniversaire :D
2015-01-29T20:16:26 <adriens33> moi c'est le 22 février
2015-01-29T20:16:32 <adriens33> donc entre flutterbrony et toi =3
2015-01-29T20:29:02 *** ELiDYROS est parti
2015-01-29T20:30:28 <flutterbrony> x)
2015-01-29T21:32:53 *** TrappyTickles est parti
2015-01-29T21:54:34 *** flutterbrony est parti
2015-01-29T22:33:45 *** TrappyTickles s'est connecté
