2015-01-28T00:40:14 *** TrappyTickles est parti
2015-01-28T00:48:19 <adriens33> ok trappy ;) cool
2015-01-28T00:48:30 <adriens33> huh? carrément... pauvres japs..
2015-01-28T01:48:38 *** adriens33 est parti
2015-01-28T08:42:15 *** adriens33 s'est connecté
2015-01-28T08:50:40 *** Gordfang s'est connecté
2015-01-28T08:53:45 <adriens33> hello Gordfang :)
2015-01-28T08:53:52 <Gordfang> yo
2015-01-28T09:11:31 *** Gordfang est parti
2015-01-28T09:14:27 *** heuzef s'est connecté
2015-01-28T09:24:43 *** Gordfang s'est connecté
2015-01-28T09:25:43 *** Gordfang est parti
2015-01-28T10:20:00 *** adriens33 est parti
2015-01-28T10:22:25 *** heuzef est parti
2015-01-28T10:22:50 *** heuzef s'est connecté
2015-01-28T11:01:03 *** TrappyTickles s'est connecté
2015-01-28T11:30:20 *** heuzef est parti
2015-01-28T12:18:08 *** heuzef s'est connecté
2015-01-28T13:49:01 *** heuzef1 s'est connecté
2015-01-28T13:50:23 *** heuzef est parti
2015-01-28T14:05:58 *** heuzef s'est connecté
2015-01-28T14:07:30 *** heuzef1 est parti
2015-01-28T14:12:07 <heuzef> adriens33 : Nick heuzef1 is now registered to your account. ;)
2015-01-28T14:24:42 *** heuzef est parti
2015-01-28T14:29:17 *** heuzef s'est connecté
2015-01-28T15:25:59 *** heuzef1 s'est connecté
2015-01-28T15:28:33 *** heuzef est parti
2015-01-28T16:04:55 *** heuzef1 est parti
2015-01-28T16:41:12 *** heuzef s'est connecté
2015-01-28T17:16:22 *** adriens33 s'est connecté
2015-01-28T17:51:49 *** adriens33 est parti
2015-01-28T17:52:06 *** adriens33 s'est connecté
2015-01-28T17:58:27 *** adriens33 est parti
2015-01-28T17:58:42 *** adriens33 s'est connecté
2015-01-28T18:34:50 *** MaCharon s'est connecté
2015-01-28T18:39:06 *** heuzef est parti
2015-01-28T19:53:46 *** ELiDYROS s'est connecté
2015-01-28T19:53:50 <ELiDYROS> Bonsoir.
2015-01-28T20:06:12 <adriens33> salut ELiDYROS
2015-01-28T20:06:16 <adriens33> (+ MaCharon)
2015-01-28T20:06:25 <MaCharon> salut
2015-01-28T20:20:15 <ELiDYROS> Quoi de neuf ?
2015-01-28T20:20:59 <adriens33> point grand chose^^"
2015-01-28T20:24:02 <ELiDYROS> Ok
2015-01-28T21:16:16 <adriens33> et toi? du neuf ou rien non plus?
2015-01-28T21:16:43 *** MaCharon est parti
2015-01-28T21:51:28 *** ELiDYROS est parti
2015-01-28T23:17:30 *** Elvon s'est connecté
2015-01-28T23:17:40 <Elvon> Konbawa
2015-01-28T23:20:00 <Elvon> Oyasuminasai
2015-01-28T23:20:03 *** Elvon est parti
