2015-03-21T00:15:59 *** TrappyTickles est parti
2015-03-21T00:44:02 *** adriens33 est parti
2015-03-21T01:01:24 *** Fidzu est parti
2015-03-21T01:18:43 *** MaCharon est parti
2015-03-21T09:40:21 *** Fidzu s'est connecté
2015-03-21T09:54:47 *** TrappyTickles s'est connecté
2015-03-21T10:54:42 *** Fidzu1 s'est connecté
2015-03-21T11:28:40 *** wildfier s'est connecté
2015-03-21T11:29:19 <wildfier> salut les gens !
2015-03-21T11:31:08 <Fidzu1> Yop
2015-03-21T11:31:49 <Fidzu1> Personne peut kick Fidzu ? C'est mon pc que j'ai oublié de déco
2015-03-21T11:41:51 *** adriens33 s'est connecté
2015-03-21T11:43:01 <adriens33> coucou tout le monde :)
2015-03-21T11:44:01 <Fidzu1> Coucou
2015-03-21T11:44:20 <Fidzu1> adriens33 tu viens manger avec nous ?
2015-03-21T11:44:42 <adriens33>  ahhh zut ><
2015-03-21T11:44:46 <adriens33> j'avais oublié
2015-03-21T11:45:17 <Fidzu1> La je suis tout seul a la Victoir XD
2015-03-21T11:45:20 <adriens33> ah XD
2015-03-21T11:45:38 <adriens33> bon, bah j'ai plus qu'a bouger alors… *rale*
2015-03-21T11:45:46 <Fidzu1> Après le rdv c'est a 12h
2015-03-21T11:45:53 <Fidzu1> T'es a cb d'ici ?
2015-03-21T11:46:01 <adriens33> ouai mais en partant mtn je serai la a ~ 12h15-20
2015-03-21T11:46:14 <Fidzu1> Ben c'est bon tkt
2015-03-21T11:46:39 <Fidzu1> On est pas à 15min près
2015-03-21T11:46:44 <Fidzu1> Je *
2015-03-21T11:47:24 <adriens33> (j'ai ok XD
2015-03-21T11:47:26 <adriens33> * XD
2015-03-21T11:47:31 <adriens33> * ok XD
2015-03-21T11:47:33 <adriens33> (putain… DX)
2015-03-21T11:47:55 <Fidzu1> ^^
2015-03-21T11:48:12 <Fidzu1> A mon avis simplet va me rejoindre dans pas longtemps
2015-03-21T11:48:45 <Fidzu1> J'ai une veste legere noir avec une tête de beau gosse si tu me cherche
2015-03-21T11:52:03 *** adriens33 est parti
2015-03-21T12:14:09 *** adriens33 s'est connecté
2015-03-21T12:16:05 <adriens33> Y'a des gont
2015-03-21T12:16:14 <adriens33> Gens?*
2015-03-21T12:18:35 <Fidzu1> Oui
2015-03-21T12:18:44 <Fidzu1> Kudvan et simplet
2015-03-21T12:19:03 <Fidzu1> adriens33 t'es arrivé ?
2015-03-21T12:19:05 <adriens33> Lol "j'ai une veste noire" tres utile ca merci… "avec une tete de beaugosse" ca c.est d'une tréés grande aide aussi ><
2015-03-21T12:19:22 <adriens33> OUI
2015-03-21T12:20:22 *** adriens33 est parti
2015-03-21T13:07:16 *** Yvan33 s'est connecté
2015-03-21T13:12:55 <Yvan33> Moi je viendrai pas, désolé
2015-03-21T13:23:07 *** Fidzu1 est parti
2015-03-21T13:29:41 *** Yvan33 est parti
2015-03-21T14:14:46 *** Gordfang s'est connecté
2015-03-21T14:15:16 <Gordfang> salut!
2015-03-21T14:28:29 <wildfier> salut
2015-03-21T15:33:04 *** TrappyTickles est parti
2015-03-21T15:35:49 *** TrappyTickles s'est connecté
2015-03-21T16:41:46 *** ELiDYROS s'est connecté
2015-03-21T16:41:56 <ELiDYROS> Hello
2015-03-21T16:42:06 <wildfier> yop
2015-03-21T18:22:25 *** ELiDYROS_ s'est connecté
2015-03-21T18:22:32 *** ELiDYROS est parti
2015-03-21T19:22:11 *** MaCharon s'est connecté
2015-03-21T19:55:16 *** adriens33 s'est connecté
2015-03-21T19:55:43 *** ELiDYROS s'est connecté
2015-03-21T19:55:55 <wildfier> salut adriens33
2015-03-21T19:57:21 *** ELiDYROS_ est parti
2015-03-21T19:57:27 <adriens33> saluut ^^
2015-03-21T19:57:36 <adriens33> désolé je viens juste de rentrer chez moi
2015-03-21T19:57:43 <wildfier> ELiDYROS: http://9gag.com/gag/aRPEWgy
2015-03-21T20:01:06 <ELiDYROS> Je suis un peu loin wildfier je crois
2015-03-21T20:01:13 <wildfier> ^^
2015-03-21T20:01:16 <ELiDYROS> Mais l'idée est chouette j'avoue
2015-03-21T20:02:00 <wildfier> ça m'a fait rire
2015-03-21T20:07:46 *** ELiDYROS_ s'est connecté
2015-03-21T20:10:33 *** ELiDYROS est parti
2015-03-21T20:12:15 <Gordfang> classe l'idée wildfier
2015-03-21T20:17:22 <ELiDYROS> Eh wildfier il parait que le nouveau système de donjons est bien classe
2015-03-21T20:18:04 <ELiDYROS> (désolé j'ai timeout si jamais tu m'as envoyé un truc)
2015-03-21T20:18:17 <wildfier> pas entendu parler
2015-03-21T20:18:26 <wildfier> c'est quoi ?
2015-03-21T20:18:26 <ELiDYROS> on verra ça
2015-03-21T20:18:36 <ELiDYROS> un truc plus ou moins aléatoire j'crois
2015-03-21T20:18:40 <wildfier> cool
2015-03-21T20:18:42 <ELiDYROS> mais sans non plus être basique
2015-03-21T20:19:21 <wildfier> ok, vivement le we prochain ^^
2015-03-21T20:21:29 <ELiDYROS> tu n'joues pas à monster hunter 4 par hasard ?
2015-03-21T20:21:40 <wildfier> nope
2015-03-21T20:21:59 <ELiDYROS> dommage
2015-03-21T20:22:04 <wildfier> mais Gordfang toi si, non ?
2015-03-21T20:22:09 <ELiDYROS> le pote qui sera là y joue donc bon
2015-03-21T20:22:28 <ELiDYROS> et moi bien sûr mais ça tout le monde le sait
2015-03-21T20:22:44 <wildfier> je pourrai pas trop tenir la discussion sur ce sujet ^^
2015-03-21T20:22:55 <ELiDYROS> pas de soucois
2015-03-21T20:22:56 <ELiDYROS> cis
2015-03-21T20:29:26 <ELiDYROS> j'ai un groupe d'une petite dizaines de joueurs dans le coin
2015-03-21T20:29:34 <ELiDYROS> bon pas tous très avancés mais tout de même
2015-03-21T20:29:43 <ELiDYROS> on est quelques uns presque endgame
2015-03-21T20:47:20 *** wildfier est parti
2015-03-21T21:04:12 <Fidzu> BONSOIR
2015-03-21T21:04:36 *** wildfier s'est connecté
2015-03-21T21:07:17 *** wildfier est parti
2015-03-21T21:25:23 *** ELiDYROS_ s'est connecté
2015-03-21T21:28:43 *** ELiDYROS est parti
2015-03-21T21:29:13 *** ELiDYROS s'est connecté
2015-03-21T21:30:25 *** ELiDYROS_ est parti
2015-03-21T21:33:30 *** ELiDYROS_ s'est connecté
2015-03-21T21:34:48 *** ELiDYROS est parti
2015-03-21T21:35:45 <Fidzu> pourquoi tu clignote ?
2015-03-21T21:35:59 *** Simplet_42 s'est connecté
2015-03-21T21:36:00 <Fidzu> re
2015-03-21T21:36:07 <Simplet_42> Re
2015-03-21T21:36:13 <Fidzu> je te trouve pas sur fb
2015-03-21T21:37:42 <Simplet_42> Ah ?
2015-03-21T21:37:53 <Simplet_42> Rémi leblond normalement ca ira
2015-03-21T21:38:50 <Fidzu> nop
2015-03-21T21:39:00 <Fidzu> moi Julien Hoang
2015-03-21T21:39:11 <Fidzu> j'ai pas de photo de profl
2015-03-21T21:39:51 <Simplet_42> Find ;)
2015-03-21T21:40:04 <Fidzu> ah j'ai mis un s a rémi
2015-03-21T21:40:09 <Fidzu> je sais meme pas pourquoi ..
2015-03-21T21:40:54 <Simplet_42> Subconscient ^^
2015-03-21T21:40:59 <Simplet_42> Rien d'bien grave
2015-03-21T21:41:15 <Simplet_42> mais c'est sur qu'il y a beaucoup de truc qui sorte quand tu mets mon nom x)
2015-03-21T21:41:55 <Fidzu> oui ^^
2015-03-21T21:43:00 <Simplet_42> Enfin bon bon aprem ?
2015-03-21T21:43:00 <Fidzu> j'ai vraiment plus de place dans ma chambre
2015-03-21T21:43:11 <Fidzu> je sais meme pas ou mettre twilight
2015-03-21T21:43:23 <Simplet_42> Moi non plus xD tout est serré c'est très lourd
2015-03-21T21:43:38 <Simplet_42> Moi j'l'ai placé sur une déco à coté d'une autre pinkie
2015-03-21T21:43:56 <Fidzu> moi elle fait 12m² mais je n'ai qu'un bureau
2015-03-21T21:44:14 <Fidzu> je vais devoir clouer une planche sur le mur pour tout exposer ^^
2015-03-21T21:45:28 <Fidzu> parce que mon bureau fais environ 1.5 m² si on additionne tout donc entre mon pc, mes sculptures, ma peinture, et tout les autres goodies .. ca me laisse plus beaucoup de place
2015-03-21T21:48:07 <Simplet_42> Appart env 25m² : dont env 10m² pour salle d'eau, et facilement 8m² pourcentré cuisne et table à repas = reste de 7m² pour chambre dont bureaux, tv avec consoles, instruments, lit. ^^'
2015-03-21T21:48:14 <Simplet_42> Donc serré aussi ah lala
2015-03-21T21:48:21 <Simplet_42> mais j'm'en sors
2015-03-21T21:49:31 <Fidzu> c'est que moi j'utiise pas l'espace du haut
2015-03-21T21:49:35 <Fidzu> j'ai pas d'etagères
2015-03-21T21:50:07 <Simplet_42> fenetres ^^
2015-03-21T21:50:11 <Simplet_42> donc non plus
2015-03-21T21:50:39 <Fidzu> ducoup t'es rassuré pour t'inscrire sur BC
2015-03-21T21:51:15 <Fidzu> il te faut juste un pseudo ^^
2015-03-21T21:51:23 <Simplet_42> Ouaip
2015-03-21T21:52:53 <Simplet_42> j'avais pensé  à chord's tackler
2015-03-21T21:53:00 <Simplet_42> chords*
2015-03-21T21:53:15 <Fidzu> c'est pas mal
2015-03-21T21:53:42 <Simplet_42> ca fait nom de poney j'trouve x)
2015-03-21T21:54:00 <Fidzu> alors que Fidzu non ^^
2015-03-21T21:54:04 <Fidzu> tu as un oc ?
2015-03-21T21:54:30 <Simplet_42> oc = ?
2015-03-21T21:55:21 <Fidzu> original character
2015-03-21T21:55:26 <Simplet_42> ah non
2015-03-21T21:55:27 <Simplet_42> ^^
2015-03-21T21:55:31 <Fidzu> toi en gros
2015-03-21T21:55:35 <Simplet_42> d'où le but d'avoir un nom de poney
2015-03-21T21:55:39 <Fidzu> ou un poney qui te represente
2015-03-21T21:55:45 <Simplet_42> pour pouvoir ensuite en dessiner un
2015-03-21T21:56:10 <Simplet_42> (à vrai dire je sais pas à quoi je ressemble, mais je sais à quoi je veux ressembler = Cheese sandwich (d'(où le collier))
2015-03-21T21:56:29 <Fidzu> en mode musical
2015-03-21T21:57:01 <Simplet_42> J'aimerai pouvoir rendre les gens heureux au tour de moi mais je ne leur fait pas confiance donc xD j'oublis
2015-03-21T21:57:15 <Fidzu> XD
2015-03-21T21:57:22 <Simplet_42> Mais j'aimerai bien être un bon musicien aussi (et ca c'pas encore gagné :) )
2015-03-21T21:57:29 <Fidzu> pareil
2015-03-21T21:57:50 <Fidzu> dumoins je sais pas si je peux dire que c'est etre musicien
2015-03-21T21:58:05 <Fidzu> je dirais plus dj meme si je ne fais pas de live
2015-03-21T21:58:34 <Simplet_42> Je n'en fais pas non plus
2015-03-21T21:58:45 <Fidzu> mon but c'est de faire une musique avec des paroles ( en anglais de preference ) en rapport avec mlp
2015-03-21T21:58:47 <Simplet_42> j'ai fait que un an de guitare, de ukulele
2015-03-21T21:58:56 <Simplet_42> quelque mois de mandoline et de piano
2015-03-21T21:58:59 <Simplet_42> (la base)
2015-03-21T21:59:18 <Simplet_42> j'ai essayer de faire des musiques mais c'etait chaud xD
2015-03-21T21:59:28 <Fidzu> moi j'ai fais 3 ans de grattes mais j'ai arrêté parce que je pensais que je n'aurais plus le temps d'en faire avec l'apprentissage
2015-03-21T21:59:35 <Fidzu> sauf que si ducoup j'en refais mais sur le pc XD
2015-03-21T22:00:40 <Fidzu> faudras faire une séance sing star ou un truc du genre
2015-03-21T22:00:49 <Simplet_42> sur le Pc ?
2015-03-21T22:00:57 <Fidzu> parce que j'aimerais bien chanter mais je ne sais pas si j'ai de la voix ou pas
2015-03-21T22:01:00 <Fidzu> ouai sur le pc
2015-03-21T22:01:02 <Simplet_42> Un p'tit boeuf ? ouai poser
2015-03-21T22:01:07 <Simplet_42> La voix ca se controle
2015-03-21T22:02:46 <Simplet_42> ca prend du temps ^^' (sinon y a la possibilité d'avoir une voix intravaillable comme moi mais ca c'est autre chose xD)
2015-03-21T22:03:26 <Fidzu> ben moi je pense que ma voix pourrais donner quelque chose
2015-03-21T22:05:08 <Fidzu> mais il faudrais que je chante pour savoir
2015-03-21T22:05:17 <Simplet_42> Ca pourra se faire ^^
2015-03-21T22:05:38 <Simplet_42> Faudra que tu viennes chez moi un week end
2015-03-21T22:05:40 <Fidzu> après .. il y a le trac
2015-03-21T22:06:02 <Fidzu> si je chante, c'est en anglais de toute facon
2015-03-21T22:07:31 <Simplet_42> Fesable
2015-03-21T22:07:54 <Simplet_42> et le trac devabt moi tu peux le laisser au vestiaire x) j'chante affreusement tu veras ca t'aidera
2015-03-21T22:08:07 <adriens33>  /c
2015-03-21T22:08:07 <Fidzu> après meme toi si tu n'a pas une belle voix ( c'est ce que tu m'a dis ), tu peux quand meme chanter
2015-03-21T22:08:14 <Fidzu> regarde thelivingtombstone
2015-03-21T22:08:34 <Fidzu> sa voix n'est pas belle mais quand il chante, il chante bien,   il a SON style et j'aime bien ca
2015-03-21T22:13:19 <Simplet_42> Ah oui j'arrive à chanter certains truc
2015-03-21T22:13:20 <Simplet_42> ^^
2015-03-21T22:13:34 <Simplet_42> Mais c'est particulier comme style ^^
2015-03-21T22:24:31 *** Gordfang est parti
2015-03-21T22:29:09 <Fidzu> vu ta voix, je pense que tu chante grave dans le style vieux rock ?
2015-03-21T22:38:25 <Simplet_42> Ca dépend
2015-03-21T22:38:47 <Simplet_42> en fait je ne sais pas chanter donc j'essaye de me rapprocher de la voix du chanteur donc...
2015-03-21T22:38:59 <Simplet_42> Mais bon aujourd'hui j'avais la voix fatigué ^^'
2015-03-21T23:10:46 *** ELiDYROS est parti
