2015-03-18T00:00:02 <heuzef> Lenile ? :/
2015-03-18T00:02:06 <adriens33> qu'est-ce qu'il y a avec Lenile ?
2015-03-18T00:04:04 <Fidzu> bon je vais regarder un episode et je vais au dodo
2015-03-18T00:04:07 <Fidzu> bonne nuit tlm
2015-03-18T00:04:18 *** Fidzu est parti
2015-03-18T00:04:25 <heuzef> ++
2015-03-18T00:16:05 <adriens33> https://i.chzbgr.com/maxW500/8461641984/h2234FB70/ :]
2015-03-18T00:16:34 <adriens33> faut garder ce gif dans un coin
2015-03-18T00:27:36 <heuzef> fun =)
2015-03-18T00:27:39 <heuzef> Bon j'y go
2015-03-18T00:27:59 *** heuzef est parti
2015-03-18T00:33:29 <ELiDYROS> re
2015-03-18T00:33:38 <ELiDYROS> eh beh j'ai loupé un sacré morceau
2015-03-18T00:35:07 <ELiDYROS> ceci dit je suis pas spécialement d'accord avec certains trucs que j'ai lu mais bon
2015-03-18T00:38:39 *** jonquille s'est connecté
2015-03-18T00:39:26 *** jonquille est parti
2015-03-18T01:11:41 *** adriens33 est parti
2015-03-18T01:27:38 *** MaCharon est parti
2015-03-18T02:04:45 *** ELiDYROS est parti
2015-03-18T09:03:44 *** adriens33 s'est connecté
2015-03-18T09:28:42 *** wildfier s'est connecté
2015-03-18T09:29:09 <wildfier> salut !
2015-03-18T09:38:07 <adriens33> yo
2015-03-18T09:51:29 *** Fidzu s'est connecté
2015-03-18T09:52:19 <wildfier> https://www.youtube.com/watch?v=_uRGavmAoTA&index=6&list=PLAACB0F63F0A58B34
2015-03-18T09:52:34 <wildfier> cette musique, ce live, ce bonheur !
2015-03-18T09:55:09 <adriens33> wildfier ^^
2015-03-18T09:55:13 <adriens33> hello Fidzu
2015-03-18T09:55:31 <Fidzu> Bonjour tout le monde
2015-03-18T09:57:35 <wildfier> salut Fidzu
2015-03-18T10:22:54 *** adriens33 est parti
2015-03-18T10:33:52 *** heuzef s'est connecté
2015-03-18T10:38:16 <heuzef> Effectivement =)
2015-03-18T10:38:34 *** heuzef est parti
2015-03-18T10:42:16 *** TrappyTickles s'est connecté
2015-03-18T11:01:14 *** TrappyTickles est parti
2015-03-18T11:03:30 *** TrappyTickles s'est connecté
2015-03-18T12:07:53 <Fidzu> Bon appétit pour ceux qui mangent !
2015-03-18T12:08:48 <wildfier> merci
2015-03-18T12:08:58 <wildfier> je vais pas tarder ^^
2015-03-18T12:09:02 <wildfier> toi aussi
2015-03-18T13:12:08 *** MaCharon s'est connecté
2015-03-18T13:12:16 <MaCharon> salut le gens
2015-03-18T13:47:37 <wildfier> salut
2015-03-18T14:59:31 *** Mousstery s'est connecté
2015-03-18T14:59:47 <Mousstery> Yop
2015-03-18T15:06:19 <wildfier> salut
2015-03-18T15:19:49 *** ELiDYROS s'est connecté
2015-03-18T15:20:04 <ELiDYROS> Bonjour
2015-03-18T15:20:27 <Mousstery> Yop :)
2015-03-18T15:26:01 <Fidzu> Yo
2015-03-18T15:32:58 *** heuzef s'est connecté
2015-03-18T15:33:14 <heuzef> Yo
2015-03-18T15:34:25 *** heuzef est parti
2015-03-18T15:35:33 <Fidzu> Même pas eu le temps de dire bonjour ..
2015-03-18T15:41:10 <wildfier> les passages éclairs d'heuzef …
2015-03-18T16:20:38 <ELiDYROS> Wildfier
2015-03-18T16:31:16 *** Negouille s'est connecté
2015-03-18T16:36:52 *** ELiDYROS_ s'est connecté
2015-03-18T16:41:09 *** ELiDYROS est parti
2015-03-18T16:43:42 *** Negouille est parti
2015-03-18T16:49:13 *** ELiDYROS_ est parti
2015-03-18T16:56:34 *** Mousstery est parti
2015-03-18T17:02:53 *** adriens33 s'est connecté
2015-03-18T17:02:57 <adriens33> coucou tt le monde ^^
2015-03-18T17:07:55 <wildfier> salut
2015-03-18T17:10:36 *** ELiDYROS s'est connecté
2015-03-18T17:12:42 <Fidzu> Lu
2015-03-18T17:26:57 <wildfier> yop ELiDYROS, tu voulais me dire quelque chose ? j'ai vu ton message trop tard
2015-03-18T17:27:19 <ELiDYROS> ouais, j'ai réservé un BloodBorne
2015-03-18T17:28:14 <wildfier> ah ok ^^ cool
2015-03-18T17:45:45 *** Fidzu est parti
2015-03-18T18:02:05 *** Fidzu s'est connecté
2015-03-18T18:52:42 *** ELiDYROS est parti
2015-03-18T18:53:51 *** ELiDYROS s'est connecté
2015-03-18T19:14:25 *** wildfier est parti
2015-03-18T20:06:27 *** Gordfang s'est connecté
2015-03-18T20:07:19 <Gordfang> yo!
2015-03-18T20:08:06 *** TrappyTickles est parti
2015-03-18T20:09:13 *** TrappyTickles s'est connecté
2015-03-18T20:10:47 *** TrappyTickles est parti
2015-03-18T20:11:17 *** TrappyTickles s'est connecté
2015-03-18T20:13:37 <Fidzu> yo
2015-03-18T20:13:53 <Gordfang> re
2015-03-18T20:15:21 <TrappyTickles> oi
2015-03-18T20:17:16 <adriens33> coucou Gordfang
2015-03-18T20:17:22 <adriens33> et ELiDYROS aussi
2015-03-18T20:17:32 <adriens33> (ouai je suis lent et je vous merde. XD
2015-03-18T20:17:33 <adriens33> )
2015-03-18T20:17:44 <ELiDYROS> Salut adriens33
2015-03-18T20:22:52 *** TrappyTickles est parti
2015-03-18T20:23:42 *** TrappyTickles s'est connecté
2015-03-18T20:34:02 <ELiDYROS> Eh bien eh bien
2015-03-18T20:34:23 <Gordfang> ?
2015-03-18T20:43:32 *** Jinxypie est parti
2015-03-18T20:46:48 <adriens33> RIP Jinxypie, avalé par les profondes méandres ténébreuses et vastes de l'Internet.
2015-03-18T20:46:57 <adriens33> :]
2015-03-18T20:49:11 * adriens33 retire le chapeau qu'il n'a pas *
2015-03-18T20:53:38 <adriens33> putain mais cette voix de Ned Flanders sur un mec dans stargate c'est hyper déstabilisant XD
2015-03-18T21:03:44 <MaCharon> wut ? O_o
2015-03-18T21:03:53 <adriens33> je look stargate
2015-03-18T21:03:56 <adriens33> et y'a un mec
2015-03-18T21:04:10 <adriens33> il a le meme doubleur que Ned Flanders dans les simpsons
2015-03-18T21:04:14 <adriens33> ça fait trop zarb
2015-03-18T21:04:16 <MaCharon> omg
2015-03-18T21:04:23 <adriens33> il est aussi con que lui en plus XDD
2015-03-18T21:04:29 *** ELiDYROS est parti
2015-03-18T21:04:31 <MaCharon> XD
2015-03-18T21:05:17 <adriens33> tiens ELiDYROS est parti.
2015-03-18T21:05:42 <adriens33> c'est pas ma faute au moins ? ^^"
2015-03-18T21:33:03 <adriens33> lol
2015-03-18T21:33:33 <adriens33> "il apparait que vous utilisez un logiciel de blocage de pubs. Quelles en sont les conséquences ?"
2015-03-18T21:33:48 <adriens33> bahhh... j'ai plus de pub sur ma navigation web ? au pif ? :D
2015-03-18T21:34:01 <adriens33> sont cons eux XD
2015-03-18T22:12:15 *** ludvann s'est connecté
2015-03-18T22:12:20 <ludvann> niorph
2015-03-18T22:12:48 <Fidzu> niorph
2015-03-18T22:14:08 <ludvann> ça va ?
2015-03-18T22:15:19 <ludvann> Fidzu, btw
2015-03-18T22:15:29 <Fidzu> yeop et toi ?
2015-03-18T22:15:34 <ludvann> tu as regardé les samples ?
2015-03-18T22:15:41 <ludvann> eeyup
2015-03-18T22:19:01 <ludvann> Fidzu ? ;_;
2015-03-18T22:19:10 <Fidzu> oui ils sont cool
2015-03-18T22:19:13 <Fidzu> dsl je joue en meme temps ^^
2015-03-18T22:19:24 <ludvann> a quwi ? ^^
2015-03-18T22:19:30 <ludvann> quoi*
2015-03-18T22:21:27 <adriens33> salut ludvann :)
2015-03-18T22:21:37 <ludvann> ça va ?
2015-03-18T22:21:47 <adriens33> bien ^^ mici
2015-03-18T22:21:56 <adriens33> (j'te demande pas toi, t'a déjà répondu :D)
2015-03-18T22:22:02 <ludvann> tu m'as highline juste quand j'allé me déco xD
2015-03-18T22:22:20 <adriens33> *highlight
2015-03-18T22:22:34 <ludvann> scrognumgnobl
2015-03-18T22:22:37 <adriens33> désolé je suis pas collé à irc XD
2015-03-18T22:22:47 <ludvann> :^)
2015-03-18T22:24:30 <ludvann> j'attends ta réponse adriens33
2015-03-18T22:24:36 <adriens33> de ?
2015-03-18T22:24:49 <ludvann> [22:23] (+ludvann) scrognumgnobl
2015-03-18T22:24:58 <adriens33> c'est pas une question ça o_o
2015-03-18T22:25:57 <ludvann> sauf si tu inverses l'ordre des lettres (no fake)
2015-03-18T22:26:36 *** MorningCourse s'est connecté
2015-03-18T22:26:38 <adriens33> lbongmungvrcs
2015-03-18T22:26:43 <ludvann> hello !
2015-03-18T22:26:49 <adriens33> lbongmungorcs
2015-03-18T22:26:55 <ludvann> j'suis au taqué !
2015-03-18T22:26:55 <adriens33> hmm non plus
2015-03-18T22:27:03 <adriens33> bonchoir MorningCourse
2015-03-18T22:27:32 <MorningCourse> I'm baaack! Berry ! Coca stp!
2015-03-18T22:27:38 <ludvann> bronchoir 😃
2015-03-18T22:29:51 <ludvann> yummy
2015-03-18T22:29:59 *** MorningCourse est parti
2015-03-18T22:30:07 <ludvann> ;_;
2015-03-18T22:31:09 <ludvann> quelqu'un à déjà vu une chèvre uni-jambiste à 7 pattes ?
2015-03-18T22:31:11 <adriens33> mé
2015-03-18T22:31:12 <adriens33> T.T
2015-03-18T22:31:24 <adriens33> ludvann> arrete la moquette XD
2015-03-18T22:31:54 <ludvann> c'est du lino :|
2015-03-18T22:32:01 <adriens33> bah c'est pire
2015-03-18T22:32:07 <adriens33> le plastique c'est dangereux
2015-03-18T22:32:30 <ludvann> moquette = plustique
2015-03-18T22:33:04 <adriens33> nah
2015-03-18T22:33:08 <adriens33> moquette = tissu
2015-03-18T22:33:15 <adriens33> linoleum = plastique
2015-03-18T22:33:26 *** MorningCourse s'est connecté
2015-03-18T22:33:35 <adriens33> tiens ça parle de moquette l'autre reviens.
2015-03-18T22:33:50 <adriens33> coincidence ? I dont think so.
2015-03-18T22:34:21 <MorningCourse> Je viens de mater rainbow rocks et c'est BADASS
2015-03-18T22:34:42 <ludvann> xD
2015-03-18T22:34:47 <ludvann> x2
2015-03-18T22:35:14 <MorningCourse> Surtout la fin en fait
2015-03-18T22:35:58 <ludvann> vous savez pourquoi les champignons ont un physique fort ?
2015-03-18T22:36:23 <adriens33> nah pourquoi ?
2015-03-18T22:36:27 <MorningCourse> Nope
2015-03-18T22:37:03 <ludvann> parce que s'ils sont faibles, ils peuvent pas faire de sports…
2015-03-18T22:37:27 <adriens33> lowl
2015-03-18T22:38:10 <ludvann> pinkie_pie_badum_tsss.avi
2015-03-18T22:38:10 <MorningCourse> Laule c'est tellement drôle que j'en ai oublié de rire
2015-03-18T22:39:22 <adriens33> XD
2015-03-18T22:39:25 <ludvann> zetes pas gentils :(
2015-03-18T22:39:26 <adriens33> +1 MorningCourse
2015-03-18T22:39:47 <adriens33> nah si tu veux qu'on soit gentil faut payer
2015-03-18T22:40:02 <ludvann> combien ?
2015-03-18T22:40:19 <adriens33> cher
2015-03-18T22:40:30 <ludvann> des fils de cuivres entretenus ? une box trolleuse ?
2015-03-18T22:40:38 <adriens33> nah ça c'est réglé
2015-03-18T22:40:41 <ludvann> :P
2015-03-18T22:40:47 <adriens33> depuis une semaine et demie déjà
2015-03-18T22:40:59 <ludvann> :O
2015-03-18T22:44:56 *** MorningCourse est parti
2015-03-18T22:45:43 <adriens33> au revoiiiir MorningCourse ^^
2015-03-18T22:45:59 * adriens33 agite la main
