2015-02-25T00:07:27 *** ELiDYROS s'est connecté
2015-02-25T00:42:54 *** MaCharon est parti
2015-02-25T01:22:42 *** TrappyTickles est parti
2015-02-25T02:24:58 *** ELiDYROS est parti
2015-02-25T02:37:07 *** strycore est parti
2015-02-25T02:40:06 *** strycore s'est connecté
2015-02-25T02:40:16 *** strycore est parti
2015-02-25T02:51:57 *** strycore s'est connecté
2015-02-25T09:00:11 *** Gordfang s'est connecté
2015-02-25T09:16:59 <Gordfang> yo!
2015-02-25T09:18:09 *** heuzef s'est connecté
2015-02-25T09:31:46 *** adriens33 s'est connecté
2015-02-25T09:49:10 <Gordfang> yo!
2015-02-25T10:01:39 <heuzef> Yo =)
2015-02-25T10:01:50 <heuzef> Gordfang alors comment ça avance ce guide d'accueil ?
2015-02-25T10:02:25 <heuzef> Va falloir que je génére une page minimum et refiler le bébé a Valcab
2015-02-25T10:02:42 <heuzef> Pour qu'il commence à faire du HTML
2015-02-25T10:15:22 <Gordfang> re
2015-02-25T10:15:25 <Gordfang> ouiM
2015-02-25T10:15:27 <Gordfang> ?*
2015-02-25T10:17:11 <Gordfang> pour le guide d'accueil faut que je m'y repenche ^^ j'ai fini les outil normalement et faut que je me penche sur les membres
2015-02-25T10:17:27 <Gordfang> faudra faire la liste des personne importantes
2015-02-25T10:32:12 <heuzef> Tous le monde est importants ^^
2015-02-25T10:34:59 <Gordfang> XD non je veut dire de titre : genre matthias responsable du dev de sugarcub
2015-02-25T10:35:54 <adriens33> yo les gens
2015-02-25T10:36:03 <adriens33> Gordfang> on appelle ça un rôle
2015-02-25T10:36:46 <adriens33> comme dans un jdr, sauf que la le jdr c'est la vraie vie XD
2015-02-25T10:37:02 <Gordfang> oui pas faux
2015-02-25T10:38:25 <adriens33> et que tu peux pas le recommencer.
2015-02-25T10:38:35 <adriens33> (ça serait bien ça.. avec ctrl z aussi XD)
2015-02-25T11:57:50 *** heuzef est parti
2015-02-25T11:58:03 *** heuzef s'est connecté
2015-02-25T12:04:17 *** heuzef est parti
2015-02-25T12:05:20 <adriens33> http://9gag.com/gag/aObzg32 totalement d'accord XD
2015-02-25T12:06:21 *** Gordfang est parti
2015-02-25T12:08:08 *** heuzef s'est connecté
2015-02-25T12:10:33 *** Gordfang s'est connecté
2015-02-25T12:30:56 *** Gordfang est parti
2015-02-25T13:23:13 *** MaCharon s'est connecté
2015-02-25T13:23:19 <MaCharon> salut
2015-02-25T13:29:02 <adriens33> hello
2015-02-25T13:41:20 *** Gordfang s'est connecté
2015-02-25T13:50:03 *** Mousstery s'est connecté
2015-02-25T13:50:17 <Mousstery> Bonjouuur ~.~
2015-02-25T13:51:41 *** Mousstery est parti
2015-02-25T14:00:21 <heuzef> Yop =)
2015-02-25T14:00:39 <MaCharon> slt
2015-02-25T14:07:43 *** Mousstery s'est connecté
2015-02-25T14:07:56 <Mousstery> Re/Bonjour ^.^
2015-02-25T14:08:44 <Mousstery> Ça va?
2015-02-25T14:09:07 <adriens33> hello
2015-02-25T14:09:35 <Mousstery> Hello ! Ca va ?
2015-02-25T14:09:40 <adriens33> bien et toi ?
2015-02-25T14:09:57 <Mousstery> Uiiiiiiiiii ! Tu fais quoi?
2015-02-25T14:12:31 *** Mousstery est parti
2015-02-25T14:13:08 *** Mousstery s'est connecté
2015-02-25T14:13:24 *** Mousstery est parti
2015-02-25T15:15:19 *** Elvon s'est connecté
2015-02-25T15:15:45 <Elvon> Bien le Bonjour
2015-02-25T15:16:21 <adriens33> re
2015-02-25T15:18:32 <Elvon> je viens d'arriver mais au cas où si il y a des interesser il y a un mumble de broncub: mumble.art-software.fr
2015-02-25T15:18:43 <Elvon> *bronycub
2015-02-25T15:20:01 <adriens33> (pas de mdp, c'est libre :P)
2015-02-25T15:20:16 <adriens33> pour les non connaissants de mumble le port c'est 64738
2015-02-25T15:21:17 <Elvon> c'est au passage le port par défault (donc pas besoin de toucher au port)
2015-02-25T15:22:04 <adriens33> Elvon> tu dis du caca
2015-02-25T15:22:13 <adriens33> dans favoris>ajouter nouveau
2015-02-25T15:22:19 <adriens33> t'es obligé de préciser le port
2015-02-25T15:22:25 <adriens33> sinon tu peux pas valider l'entrée
2015-02-25T15:22:33 <adriens33> si je le dis, c'est pas pour rien ;)
2015-02-25T15:22:41 <Elvon> oui le port auto c'est 64738
2015-02-25T15:22:45 <adriens33> non
2015-02-25T15:23:01 <adriens33> si tu précise pas le port dans ta nouvelle entrée, tu peux juste pas valider.
2015-02-25T15:23:23 <Elvon> j'ai pas eu besoin d'entrée un quelconque port il y est par "DEFAULT" :3
2015-02-25T15:23:45 <adriens33> bah pas chez moi, et le préciser ça fait pas de mal
2015-02-25T15:23:50 <adriens33> et ça couvre tous les cas.
2015-02-25T15:24:48 <heuzef> Elvon merci pour ton efficacité Samedi dernier =)
2015-02-25T15:25:00 <heuzef> Je compte sur toi pour refaire la même Samedi aprem pour DTC ?
2015-02-25T15:25:01 <Elvon> du coup tu peut ce que tu veux mais pour l'utilisation standard du logiciel mumble quand tu ajoute un nouveaux serveur au favoris tu peut entrée ton adresse ip et ton port mais le port 64738 est afficher debase tu peut le modifier si c'est pas le bon mais ...
2015-02-25T15:25:17 <Elvon> heuzef: ????????
2015-02-25T15:25:37 *** Mousstery s'est connecté
2015-02-25T15:25:39 <Elvon> A pas compris .?
2015-02-25T15:25:46 <Mousstery> Re/Yopp :.3
2015-02-25T15:26:36 <Elvon> Bonjour Mousstery le moussaillon. (j'imagine un oc de pirates pour toi a force de prononcer mentalement ton pseudo)
2015-02-25T15:26:52 <Mousstery> Mais D:
2015-02-25T15:27:15 <adriens33> lol
2015-02-25T15:27:17 <Mousstery> pourquoi mon pseudo est tout le temps avec des jeux de mots nazes? D:
2015-02-25T15:27:32 <heuzef> Elvon je parle de ton bilan pour l'AG du calice
2015-02-25T15:27:35 <adriens33> Mousstery> T'as qu'à en changer :þ
2015-02-25T15:27:35 <Elvon> Quoi tu aime pas les pirates ? un Corsaire alors ? ou un Explorateur marin ?
2015-02-25T15:27:54 <Mousstery> adriens33 NAN JAMAIS D/
2015-02-25T15:28:01 <Elvon> c'était pas samedi heuzef mais lundi a 16h
2015-02-25T15:28:11 <adriens33> Mousstery> Bah, arrête de te plaindre, alors XD
2015-02-25T15:28:14 <Mousstery> Elvon , si mais c'est pas ce que je kifferais 8D
2015-02-25T15:28:14 <heuzef> Oui
2015-02-25T15:29:00 <Elvon> du coup je suis pas là samedi moi et je ne savais pas qu'il y avait un deuxième sound...
2015-02-25T15:29:04 <Elvon> --"
2015-02-25T15:29:11 <Elvon> *round
2015-02-25T15:29:19 <heuzef> :/
2015-02-25T15:29:46 <adriens33> Elvon faut lire tes mails de temps en temps :D (je dis ça mais je loupe souvent des mails aussi XD)
2015-02-25T15:30:22 <Elvon> Si mes vieux ne travaille pas ce Weekend je vais eesayer de les voir parce que fait presque depuis janvier que je ne suis pas aller les voir le weekend
2015-02-25T15:31:01 <adriens33> *ça fait, *pas allé
2015-02-25T15:31:07 <adriens33> (désolé XD)
2015-02-25T15:31:34 <Elvon> Je lis mes e-mail est je n'ai pas recus de mots disant qu'il y avait une deuxième AG avec rassemblement générale: j'ai vue que dtc aller y faire une partie ouplus et que Mousstery y fêter
2015-02-25T15:31:40 <Elvon> son annive
2015-02-25T15:31:50 <adriens33> ah ok
2015-02-25T15:31:55 <Mousstery> oui o/
2015-02-25T15:31:58 <Mousstery> hem pardon
2015-02-25T15:32:04 <heuzef> Tu te mélange la =)
2015-02-25T15:32:26 <Mousstery> J'ai hâte d'ailleurss o/
2015-02-25T15:32:32 <adriens33> Quelqu'un m'explique alors ? Je suis perdu moi XD
2015-02-25T15:32:39 <adriens33> quoi il se passe ?
2015-02-25T15:32:44 <Mousstery> en esperant être pas tout seul..
2015-02-25T15:33:10 <heuzef> 14h - 16h = AG de DTC
2015-02-25T15:33:11 <heuzef> 15h = Ouverture du calice (donc DTC restera 1h dehors ? lol)
2015-02-25T15:33:11 <heuzef> 16h = Anniv de Moustery
2015-02-25T15:33:18 <Elvon> (Sorry j'essaye de pas mettre plus de 50 msg(mesure de temps) pour répondre parque sinon c'est incompréhensible du coup je fait des faute de frappe et d'écriture.
2015-02-25T15:33:33 <adriens33> Mousstery> oui mais le souci c'est que le Calice pour y aller faut payer, et ça bah y'a des gens qui ont pas trop les moyens, moi faut voir et aussi si j'ai pas de truc à faire^^
2015-02-25T15:33:42 <adriens33> heuzef> Merci :D
2015-02-25T15:33:45 <Mousstery> oki twt
2015-02-25T15:34:02 <Elvon> ça na rien avoir alors ... AG de DTC ça veux dire que c'est l'ag de dtc et non une ag du calice *
2015-02-25T15:34:22 <Elvon> *dans la façons dont cela est écrit en tout cas
2015-02-25T15:34:31 <adriens33> faut faire des rencontres en plein air, ou chez toi si c'est pas trop loin et que il fait pas encore assez bon pour ça :D (ni assez beau d'ailleurs)
2015-02-25T15:34:39 <heuzef> Mousstery faut savoir qu'on en à bavé pendant plus d'un an pour choper un lieu comme ça ;)
2015-02-25T15:34:45 <adriens33> Elvon> si on pouvait faire /sun IRL ça serait bien d'ailleurs
2015-02-25T15:34:52 <Mousstery> heuzef nan mais je comprends ^^
2015-02-25T15:34:58 <heuzef> Après si tu as un autre endroit hésite pas
2015-02-25T15:35:00 <Elvon> Vouais
2015-02-25T15:35:02 <Mousstery> adriens33 je suis jamais libre la semaine :p
2015-02-25T15:35:17 <heuzef> Mais franchement y'a pas moyens d'avoir un lieu cool sans casquer un minimum
2015-02-25T15:35:22 <Mousstery> et déja que je dois organiser les POM chaque mois :/
2015-02-25T15:35:29 <adriens33> heuzef> Faut faire une asso.
2015-02-25T15:35:34 <adriens33> comme ça y'aura un budget
2015-02-25T15:35:45 <adriens33> surtout que là on est largement assez
2015-02-25T15:36:00 <adriens33> Il faut « juste » motiver les troupes :D
2015-02-25T15:36:08 <heuzef> Ha ouais ? =) T'es prêt à payer combien par/an pour être membre de BronyCUB ?
2015-02-25T15:36:28 <heuzef> Déjà l'idée de Payer pour passer du temps avec ses amis ....
2015-02-25T15:36:32 <adriens33> ouai.
2015-02-25T15:36:36 <Mousstery> heuzef +1
2015-02-25T15:36:40 <adriens33> pas forcément dans ce sens là
2015-02-25T15:36:45 <adriens33> hmm
2015-02-25T15:37:01 <Mousstery> mais aprés en soit je donnerais bien 80euros si je pouvait
2015-02-25T15:37:04 <adriens33> (c'est sur que dans  ce sens là ça craint)
2015-02-25T15:37:12 <Mousstery> Ou alors tu fait un Tipeee?
2015-02-25T15:37:35 <heuzef> Non le vrais souci c'est que les Brony on une moyenne d'age de 19 ans en France et de 24 dans le monde
2015-02-25T15:37:39 <adriens33> Mousstery> pour mettre des indieeeeeeens dedans ? :D (je sais ce que c'est Tipeee hein XD)
2015-02-25T15:37:46 <heuzef> 19 ans en france t'es l'équivalent d'un clochard
2015-02-25T15:37:52 <Mousstery> adriens33 franchement XDD
2015-02-25T15:38:08 <adriens33> heuzef> surtout que jusqu'à 25 ans t'a droit à que dalle
2015-02-25T15:38:22 <adriens33> à part crever gratuitement dehors
2015-02-25T15:38:24 <strycore> je paye 5000€ pour que BronyCUB soit renommé AdventureTimeCUB et que les poneys y soient interdits
2015-02-25T15:38:24 <adriens33> (et encore)
2015-02-25T15:38:39 <Mousstery> ...
2015-02-25T15:38:43 <adriens33> strycore> va crever dans les profondeurs ténébreuses et pleines de microbes de l'oubli
2015-02-25T15:38:48 <strycore> mouahahah
2015-02-25T15:38:49 * Mousstery lance une pierre sur strycore
2015-02-25T15:38:52 <heuzef> Donc si on part du principe que c'est OK dans les 6 ans et qu'on à déjà 1 ans
2015-02-25T15:39:02 <adriens33> vwala
2015-02-25T15:39:08 <heuzef> En 2020 BronyCUB ne devrais plus trop avoir ce type de problème ? :/
2015-02-25T15:39:09 <adriens33> ÇA C'est « lancer »
2015-02-25T15:40:01 <adriens33> heuzef> je sais pas, je constate juste que en dessous de 25 ans t'as peu d'aides et du coup si t'a pas les parents derrière, niveau monnaie c'est short short.
2015-02-25T15:40:10 <adriens33> après c'est pas "x € pour voir tes amis"
2015-02-25T15:40:33 <adriens33> mais plus une cotisation pour faire des sorties dans des lieux payants pour moins cher par ex
2015-02-25T15:40:51 <adriens33> (ça, ça pourrait être sympa déjà@)è
2015-02-25T15:40:54 <adriens33> *déjà)
2015-02-25T15:41:24 <heuzef> Je sais :)
2015-02-25T15:41:36 <adriens33> ^^
2015-02-25T15:41:55 <heuzef> Mais si j'ai pas au moins 3-4 personnes qui me tende un piège et me harcèle pour qu'on passe en assos
2015-02-25T15:42:01 <heuzef> c'est même pas la peine de l'envisager
2015-02-25T15:42:10 <adriens33> ouais je vois ^^
2015-02-25T15:42:49 <heuzef> Et puis franchement on est bien quand même ^^ Notre plus gros souci reste la communication
2015-02-25T15:42:55 <adriens33> Ouai
2015-02-25T15:43:01 <heuzef> Parfois j'en voit pas certain pendant 6 mois ! :(
2015-02-25T15:43:20 <Mousstery> Ben on pourrais tenter des partenariats ? :jemetait:
2015-02-25T15:43:27 <adriens33> Et la motivation surtout, faut dire que là, avec >60 gens dont tu connais probablement <1% quand t'arrive, ça fait peur
2015-02-25T15:43:30 <heuzef> Des partenariats ?
2015-02-25T15:43:46 <Mousstery> Ben oui ^w^
2015-02-25T15:43:55 <heuzef> Genre ça ? bronycub.org/friends.php
2015-02-25T15:44:09 <heuzef> lol
2015-02-25T15:44:20 <Mousstery> Ouaip mais "élargir" le cercle?
2015-02-25T15:44:52 <heuzef> Pourquoi pas, toute idée mérite débat
2015-02-25T15:44:55 <adriens33> Mousstery> ne pas sortir cette phrase du contexte. XD
2015-02-25T15:44:58 <heuzef> Je déco à toute
2015-02-25T15:45:04 <adriens33> ++ heuzef
2015-02-25T15:45:06 *** heuzef est parti
2015-02-25T15:45:08 <Mousstery> adriens33 P'tain t'est con xD
2015-02-25T15:45:12 <adriens33> Je sais XD
2015-02-25T15:45:36 <adriens33> faut dire que tu m'as tendu la perche aussi
2015-02-25T15:45:44 <Mousstery> ...
2015-02-25T15:45:47 <Mousstery> la aussi ?
2015-02-25T15:45:47 <Mousstery> xd
2015-02-25T15:46:01 <adriens33> Mmmmm… Passons. XD
2015-02-25T15:46:15 <Mousstery> Oui x)
2015-02-25T15:47:02 <Mousstery> ...pwet pwet
2015-02-25T15:47:20 <Mousstery> Pour Samedi je fait des rainbow cakes :D
2015-02-25T15:48:16 <adriens33> C'est des cakes fait avec Rainbow Dash ? :O
2015-02-25T15:48:26 <adriens33> T'as pas honte la pauvre >_<
2015-02-25T15:48:34 <Mousstery> je l'ai pas touché
2015-02-25T15:48:54 <adriens33> XD
2015-02-25T15:49:05 <Mousstery> Et le soir pizza partyyy o/
2015-02-25T15:50:29 <adriens33> *sort la tête de ses écrans* Quelqu'un a prononcé le mot Pizza ? :P
2015-02-25T15:50:42 <Mousstery> Oui x)
2015-02-25T15:50:49 <adriens33> (ça fait un bail que j'en ai pas bouffé, tiens :Þ)
2015-02-25T15:50:56 <adriens33> *:þ
2015-02-25T15:51:00 <Mousstery> )x
2015-02-25T15:51:03 <Mousstery> *x)
2015-02-25T15:51:26 <adriens33> y'a pas que moi qui galère avec mes doigts sur le clavier on dirait :P
2015-02-25T15:52:04 <Mousstery> oui :c
2015-02-25T15:52:34 <adriens33> après j'ai moins de prob avec un clavier qu'avec un stylo donc touvabien
2015-02-25T15:52:44 <Mousstery> aha x)
2015-02-25T15:53:15 <adriens33> (ça c'est pas super marrant par contre ^^")
2015-02-25T15:53:31 <Mousstery> c'est pas grave :p
2015-02-25T15:53:42 <adriens33> C'est aigu alors ?
2015-02-25T15:53:54 <Mousstery> ...
2015-02-25T15:53:59 <Mousstery> t'est pas possible xD
2015-02-25T15:54:11 <adriens33> improbable, pas impossible.
2015-02-25T15:54:25 <adriens33> (hint: c't'une citation)
2015-02-25T15:54:25 <Mousstery> RAH MAIS ARRETE DE JOUER SUR MES MOTS D:
2015-02-25T15:54:43 * adriens33 repose tes mots
2015-02-25T15:54:50 <adriens33> bah avec quoi je joue alors ? :c
2015-02-25T15:54:58 <Mousstery> AVEC UNE BALLE
2015-02-25T15:55:00 <adriens33> NAN
2015-02-25T15:55:04 <adriens33> j'AIME PAS LA BALLE
2015-02-25T15:55:08 <Mousstery> avec une boule?
2015-02-25T15:55:13 <adriens33> C'EST MOCHE, TOUT MOU ET ÇA PUE
2015-02-25T15:55:23 <adriens33> Ah non ça c'est la poubelle.
2015-02-25T15:55:41 <adriens33> non plus
2015-02-25T15:56:18 <Mousstery> ...Un..e raquette?
2015-02-25T15:56:40 <adriens33> Qui fait du racket ? ><
2015-02-25T15:56:45 <adriens33> c'est pabien
2015-02-25T15:57:26 <Mousstery> <3
2015-02-25T15:57:45 <adriens33> ._.
2015-02-25T15:57:47 <adriens33> wat
2015-02-25T15:58:16 <Mousstery> :c
2015-02-25T15:58:29 <Mousstery> ben joue avec un prospectus
2015-02-25T15:58:34 <adriens33> (la déception sur ton visage que j'ai meme pas besoin de voir XD)
2015-02-25T15:58:43 <adriens33> nah
2015-02-25T15:58:47 <Mousstery> (cht)
2015-02-25T15:58:48 <adriens33> j'aime pas nan plus
2015-02-25T15:59:46 <adriens33> c'quoi cht ?
2015-02-25T15:59:50 <adriens33> o_O
2015-02-25T16:00:01 <Mousstery> ben chut
2015-02-25T16:00:04 <adriens33> ah
2015-02-25T16:00:08 <Mousstery> sans le u
2015-02-25T16:00:11 <adriens33> t'as qu'à pas sauter des lettres
2015-02-25T16:00:17 <adriens33> ça se saute pas, les lettres
2015-02-25T16:00:19 <adriens33> ça s'écrsit
2015-02-25T16:00:22 <adriens33> *s'écrit
2015-02-25T16:00:49 <adriens33> (à la rigueur on peut les taper, si t'en es encore à la machine à écrire mécanique)
2015-02-25T16:00:54 <Mousstery> ben il y a des gens qui saute des lettres
2015-02-25T16:01:00 <adriens33> beh c'est sale
2015-02-25T16:01:16 <Mousstery> ils ont le droit
2015-02-25T16:01:49 <adriens33> mouai
2015-02-25T16:01:53 <Mousstery> c'est comme être gay
2015-02-25T16:01:57 <Mousstery> mais avec des lettres
2015-02-25T16:02:13 <adriens33> o________O whyyy not.
2015-02-25T16:02:34 <Mousstery> regarde
2015-02-25T16:02:44 <Mousstery> on peut se marier avec tout
2015-02-25T16:02:45 <adriens33> *regarde autour de lui* y'a rien ici
2015-02-25T16:02:52 <adriens33> m'ouais.
2015-02-25T16:02:56 <adriens33> je doute.
2015-02-25T16:03:16 <adriens33> Si tu te maries avec une lampe, et que l'ampoule grille, tu pourra plus l'allumer.
2015-02-25T16:03:22 <Mousstery> OH MON DIEU
2015-02-25T16:03:27 <Mousstery> C'EST..
2015-02-25T16:03:29 <adriens33> (bon tu peux la changer, mais bon c'plus pareil)
2015-02-25T16:03:29 <Mousstery> HORRIBLE
2015-02-25T16:03:39 <Mousstery> c'plus la même
2015-02-25T16:04:11 <Mousstery> plus la même ame
2015-02-25T16:04:13 * adriens33 cherche un interrupteur derrière sa tête
2015-02-25T16:04:14 <Mousstery> personne
2015-02-25T16:04:19 <Mousstery> et autre truc trist
2015-02-25T16:04:28 <adriens33> ah j'avais raison, j'avais bien oublié de le rallumer.
2015-02-25T16:04:33 <adriens33> *clic*
2015-02-25T16:04:42 <adriens33> voila c'est mieux avec le cerveau sur ON.
2015-02-25T16:05:06 <Mousstery> tu peux me l'allumer aussi?
2015-02-25T16:05:24 <adriens33> bah je sais pas, t'as gardé le manuel d'instruction ?
2015-02-25T16:05:33 <adriens33> *instructions
2015-02-25T16:05:39 <Mousstery> heu oui
2015-02-25T16:05:42 <Mousstery> *lui vomis*
2015-02-25T16:05:44 <Mousstery> tiens
2015-02-25T16:05:44 <adriens33> bah lis-le alors =D
2015-02-25T16:05:54 <Mousstery> nan
2015-02-25T16:05:56 <adriens33> berk
2015-02-25T16:06:02 <adriens33> vomis moi pas dessus.
2015-02-25T16:06:05 <Mousstery> si je l'ai pas sur on je peux pas le lire
2015-02-25T16:06:18 *** Gordfang est parti
2015-02-25T16:06:50 <adriens33> c'est bête
2015-02-25T16:07:00 <Mousstery> donc
2015-02-25T16:07:04 <Mousstery> allume le moi
2015-02-25T16:07:05 <Mousstery> stp
2015-02-25T16:07:21 <adriens33> o__o non
2015-02-25T16:07:27 <adriens33> ça fait très bizarre comme phrase.
2015-02-25T16:07:43 <Mousstery> FAIT LE
2015-02-25T16:07:45 <Mousstery> SINON
2015-02-25T16:07:49 <adriens33> (ça mériterai un tour sur bashfr ça tiens)
2015-02-25T16:07:55 <Mousstery> PLUS DE POTATOES A MCDO
2015-02-25T16:08:01 <Mousstery> (ou sur dtc)
2015-02-25T16:08:41 <Mousstery> (tu peux je m'en balec)
2015-02-25T16:08:43 <Mousstery> (tel
2015-02-25T16:08:48 <Mousstery> un steak)
2015-02-25T16:08:51 <Mousstery> #rime
2015-02-25T16:10:06 <Mousstery> #jeparledanslevent
2015-02-25T16:10:08 <Mousstery> #vent
2015-02-25T16:10:44 <adriens33> non, ça serait plus drôle si un mec s'était co juste quand t'a dis allume le moi
2015-02-25T16:10:51 * Elvon ce réveille après la guerre
2015-02-25T16:10:58 <adriens33> et avait fait une drole de tronche
2015-02-25T16:11:02 <Mousstery> x)
2015-02-25T16:11:07 <Mousstery> ahaha
2015-02-25T16:11:10 <Mousstery> je suis l'autre
2015-02-25T16:11:13 <Elvon> Mousstery tu as Minecraft (offi)?
2015-02-25T16:11:14 <adriens33> Elvon> y'a pas eu de guerre, tu peux retourner dodo
2015-02-25T16:11:24 <Mousstery> Oui Elvon
2015-02-25T16:11:26 <Mousstery> si la guerre
2015-02-25T16:11:31 <Mousstery> DES POTATOESS
2015-02-25T16:11:50 <Elvon> il ya eu au moins 500 msg avant que je lise
2015-02-25T16:12:14 <adriens33> Elvon> bah si t'es lent c'est ta faute XD
2015-02-25T16:12:25 * Mousstery lance une potatoes sur Elvon
2015-02-25T16:12:29 <adriens33> c'est vrai que tu dois pas avoir l'habitude de voir de l'activité ici XD
2015-02-25T16:12:31 <Elvon> Alors qu'est-ce que tu fou Viens avec nous on a des Zombies
2015-02-25T16:12:34 <adriens33> (moi encore moins XD)
2015-02-25T16:12:46 <adriens33> Elvon> lol
2015-02-25T16:12:58 <Mousstery> oki avec mon minecraft lag x)
2015-02-25T16:13:06 <Elvon> adriens33 as-tu fait ton "Tunel" de redirection .?
2015-02-25T16:13:09 <adriens33> nop
2015-02-25T16:13:22 <adriens33> j'ai dit que je le ferai quand j'arrêterai le serv bc offi
2015-02-25T16:13:24 <adriens33> en mars donc
2015-02-25T16:13:33 <adriens33> en attendant j'peux pas, vu que y'a déjà mc sur le port
2015-02-25T16:13:37 <Mousstery> #givemethisip
2015-02-25T16:13:52 <adriens33> Mousstery> minecraft.art-software.fr:25565
2015-02-25T16:13:59 <adriens33> (ou 37.187.19.8:25565)
2015-02-25T16:14:07 <Mousstery> #givemethisversion
2015-02-25T16:14:10 <adriens33> 1.7.2
2015-02-25T16:14:22 <adriens33> en arrivant tu tape /warp bc pour arriver sur la bonne map
2015-02-25T16:14:27 * Elvon part a la recherche de son cerveau et marche dessus par inadvertance
2015-02-25T16:14:39 <adriens33> XDD
2015-02-25T16:14:48 <MaCharon> c'est en 1.7.5
2015-02-25T16:15:01 <MaCharon> en 1.7.2 je peut pas y acceder
2015-02-25T16:15:39 <Elvon> oui adriens33 ne dit pas 1.7.2 car ça marche pas avec mc en 1.7.2 mais en 1.7.5  (je sais c'est super logique mais on s'en fou)
2015-02-25T16:15:50 <adriens33> hein ?
2015-02-25T16:15:59 <adriens33> moi je suis en 1.7.2 ça marche nikel
2015-02-25T16:16:29 <adriens33> et c'est pas moi qui le dit
2015-02-25T16:16:36 <MaCharon> en 1.7.2 pas possible de m'y connecter
2015-02-25T16:16:46 <Elvon> ??????????? et bien tu es bien le seul car mes 2 pc et MaCharon ici présent ne puevent pas ce connecter sur ton serveur sauf en 1.7.5
2015-02-25T16:16:51 <adriens33> hein?
2015-02-25T16:16:54 <adriens33> dafu'.
2015-02-25T16:17:05 <adriens33> This server is running CraftBukkit version git-Bukkit-1.7.2-R0.3-b3020jnks (MC: 1.7.2) (Implementing API version 1.7.2-R0.3)
2015-02-25T16:17:10 <adriens33> je sais pourtant lire
2015-02-25T16:17:54 <Elvon> LOL
2015-02-25T16:17:59 <Elvon> moi aussi
2015-02-25T16:18:26 <adriens33> et chez moi ça marche impec, j'ai pas de souci, il trouve le serv. et SI ON ME DIT PAS LES CHOSES BAH JE PEUX PAS LES DEVINER
2015-02-25T16:18:39 <adriens33> j'suis pas devin hein XD
2015-02-25T16:18:49 <Elvon> (tkt c'est des erreur qui m'arrive souvent c'est autant logique qu'un cadavre qui reviens a la vie aucune blessure le tout IRL
2015-02-25T16:18:58 <adriens33> lol
2015-02-25T16:19:51 <adriens33> Mousstery> c'est quoi ton login minecraft ? tu veux etre quoi ? pégase / earth pony / unicorn (y'a pas trop de diff pour le moment, mais j'y bosse)
2015-02-25T16:19:55 <adriens33> ?
2015-02-25T16:20:00 <Elvon> mais je rigole pas, quand j'ai monter mes 5 serveur ils ont pas ouvert a cause d'une erreur qui n'était logique et encore moins du a quoi que ce soit
2015-02-25T16:21:06 <adriens33> c'est java, faut pas chercher une logique quelconque.
2015-02-25T16:21:24 <adriens33> ça fait bien longtemps qu'Oracle a éradiqué ce bug de la matrice qu'est la logique.
2015-02-25T16:21:47 <Mousstery> Login minecraft > MoussteryLand
2015-02-25T16:21:48 <Elvon> X3
2015-02-25T16:22:13 <Mousstery> pégase car Fluttershy est un pégase o./
2015-02-25T16:22:50 <adriens33> okii
2015-02-25T16:23:00 <Elvon> adriens33: au fait tu peut te conecter sur le site minecraft. net avec tes id minecraft (sans faire le passage au compte mojang) et de ce fait change ton psuedo In-game
2015-02-25T16:23:46 <Elvon> un pote a moi a changer son pseudo via le site sans avoir de compte mojang
2015-02-25T16:24:10 <adriens33> Elvon> flemme, adrien_s me va très bien et j'ai pas envie de refaire ma conf avec le new nom -w-
2015-02-25T16:25:31 <Elvon> mais y peut etre pas besoin de tout refaire atta je rechange mon psuedo pour test
2015-02-25T16:27:04 <adriens33> si
2015-02-25T16:27:10 <adriens33> si tu change ton pseudo
2015-02-25T16:27:13 <adriens33> c'est le login qui change
2015-02-25T16:27:24 <adriens33> donc dans la conf t'es plus identifié avec le meme nom
2015-02-25T16:36:37 <Mousstery> dites
2015-02-25T16:37:01 <Mousstery> c'est quoi le train le plus prés du calice?
2015-02-25T16:37:34 <adriens33> regarde sur maps.google.fr avec l'adresse, y'a les lignes de tram et bus normalement
2015-02-25T16:38:23 <Mousstery> car personne peux m'amener..
2015-02-25T16:38:45 <adriens33> ah mais tu voulais bien dire tram ou vraiment train ? :O
2015-02-25T16:38:58 <Mousstery> n'importe XD
2015-02-25T16:39:09 <Mousstery> tant que ça m'amméne de chez moi à Bordeaux x)
2015-02-25T16:39:35 <Elvon> tu habite où?
2015-02-25T16:39:58 <Mousstery> Castres-Gironde
2015-02-25T16:40:03 <adriens33> C'est ou?
2015-02-25T16:40:07 <adriens33> *où
2015-02-25T16:40:10 <Mousstery> regarde sur la map
2015-02-25T16:40:18 <Mousstery> (la map brony)
2015-02-25T16:40:24 <Elvon> (gare St Jean, tram c porte de bourgogne et puis cherhce la rue de la Rousselle
2015-02-25T16:43:55 <Mousstery> (tiens peux voyager en 1ére classe xd)
2015-02-25T16:48:50 <Mousstery> Oh merde !
2015-02-25T16:50:03 <Mousstery> #grosprobléme
2015-02-25T16:51:05 <Elvon> ?
2015-02-25T16:51:11 <Mousstery> ben
2015-02-25T16:51:17 <Mousstery> il y a aucun retour
2015-02-25T16:51:21 <Mousstery> aprés 21h..
2015-02-25T16:51:38 <Elvon> et bien prend le avant alors
2015-02-25T16:51:50 <Mousstery> a 19 h
2015-02-25T16:51:57 <Mousstery> 16-19h
2015-02-25T16:52:00 <Mousstery> woouh
2015-02-25T16:52:01 <Mousstery> ._.
2015-02-25T16:52:01 <Elvon> .... ouais c'est limiye
2015-02-25T16:52:05 <Elvon> .... ouais c'est limite
2015-02-25T16:52:49 <Mousstery> Je prends un taxi? ._.
2015-02-25T16:55:38 <Elvon> a voir oui
2015-02-25T16:56:16 <adriens33> c'est cher le taxi #commeTaFemme
2015-02-25T16:56:34 <Mousstery> ptain x)
2015-02-25T16:56:38 <Mousstery> t'est pas possible
2015-02-25T16:56:39 <Mousstery> x)
2015-02-25T16:56:53 <adriens33> c'est a cause de Bob Lennon !!! j'y suis pour rien !! XD
2015-02-25T16:57:10 <Mousstery> j'regarde jamais bob me
2015-02-25T16:57:12 <Mousstery> x)
2015-02-25T16:57:21 <adriens33> bah t'a tord, il est marrant
2015-02-25T16:57:47 <Mousstery> enfin j'aime bien bob
2015-02-25T16:57:51 <Mousstery> j'aime bof fanta
2015-02-25T16:58:00 <Mousstery> mais les lps qui font son trop long je trouve
2015-02-25T17:04:02 *** Mousstery est parti
2015-02-25T17:26:16 <adriens33> PUTAIN JE PEUX PAS DL A 50ko/s sans avoir 3000 de ping BORDEL
2015-02-25T17:26:37 <adriens33> J'EN PEUX PLUS de c'te co aléatoire!! >_<
2015-02-25T17:26:51 <adriens33> meme sans rien j'ai 200ms de ping!!!
2015-02-25T17:26:57 <adriens33> merde quoi!
2015-02-25T17:31:33 <adriens33> j'ai 0.15Mb/s en up ????
2015-02-25T17:31:36 <adriens33> SÉRIEUX ???
2015-02-25T17:35:45 <adriens33> désolé, j'suis énervé.
2015-02-25T17:35:48 <adriens33> ciao
2015-02-25T17:35:53 *** adriens33 est parti
2015-02-25T17:59:13 *** Mousstery s'est connecté
2015-02-25T17:59:22 <Mousstery> ...Merde de merde..
2015-02-25T18:05:45 <Elvon> Qu'y a t'il Mousstery ?
2015-02-25T18:06:02 <Mousstery> Ben j'ai trouvé 1 personne.. qui peux m'accopagner
2015-02-25T18:06:52 <Mousstery> Ma tante TWT
2015-02-25T18:08:02 <Mousstery> et ma mére veux que elle reste avec MOI TOUTE LA SOIREE
2015-02-25T18:09:06 <Mousstery> le probléme c'est que ma tante va me coller
2015-02-25T18:09:26 <Mousstery> elle crie,elle engueule et elle critique tout le temps..
2015-02-25T18:09:29 <Mousstery> putain..
2015-02-25T18:09:33 <Mousstery> t.t'
2015-02-25T18:09:39 <Mousstery> Pardon c:
2015-02-25T18:10:16 *** MaCharon est parti
2015-02-25T18:10:42 * Mousstery lance un muffin a Berry désolé :c
2015-02-25T18:10:51 <Mousstery> *Berry-Punch
2015-02-25T18:12:34 <Mousstery> Donc je suis un peu galére :c Elvon
2015-02-25T18:14:05 <Elvon> Ouais je vois le genre, effectivement c'est galère.
2015-02-25T18:15:38 <Mousstery> Du coup la je cherche une solution..
2015-02-25T18:16:20 <Mousstery> mais je vois pas de solution Elvon ..
2015-02-25T18:18:19 <Elvon> Voui et bien je ne vois pas non plus de solution mais vue que je suis sur MC je vais chercher plus que ça désolé.
2015-02-25T18:18:31 <Mousstery> :p
2015-02-25T18:18:36 <Mousstery> Bon jeu.
2015-02-25T18:23:15 <Elvon> enfin je déco j'ai le mal des transport (c'est possible quand on joue trop longtemps sur un jeu vidéo)
2015-02-25T18:23:30 * Elvon fait une pause est vas vomir
2015-02-25T18:23:36 <Elvon> a + tard
2015-02-25T18:23:39 *** Elvon est parti
2015-02-25T18:50:18 * Mousstery donne un muffin a Berry
2015-02-25T19:00:31 *** Mousstery est parti
2015-02-25T19:21:30 *** MaCharon s'est connecté
2015-02-25T22:05:14 *** MaCharon est parti
