2015-02-23T00:12:55 <TrappyTickles> http://maxlefou.deviantart.com/art/Trappy-Tickles-in-human-form-492136023 content du résultat ^^
2015-02-23T00:25:09 *** TrappyTickles est parti
2015-02-23T03:58:18 *** adriens33 est parti
2015-02-23T09:17:01 *** heuzef s'est connecté
2015-02-23T10:24:11 *** TrappyTickles s'est connecté
2015-02-23T10:36:51 *** adriens33 s'est connecté
2015-02-23T10:43:29 *** strycore s'est connecté
2015-02-23T12:32:41 *** heuzef est parti
2015-02-23T12:53:53 *** ELiDYROS s'est connecté
2015-02-23T13:46:16 *** Gordfang s'est connecté
2015-02-23T13:47:46 <Gordfang> yo les gens!
2015-02-23T13:58:17 *** adriens33 est parti
2015-02-23T13:58:43 *** adriens33 s'est connecté
2015-02-23T14:09:28 *** Starbook s'est connecté
2015-02-23T14:37:40 *** sunset s'est connecté
2015-02-23T14:38:45 *** sunset est parti
2015-02-23T14:41:49 *** adriens33 est parti
2015-02-23T15:09:48 *** Gordfang est parti
2015-02-23T15:12:33 *** Starbook est parti
2015-02-23T15:15:43 *** heuzef s'est connecté
2015-02-23T15:17:47 *** Gordfang s'est connecté
2015-02-23T15:24:30 *** Starbook s'est connecté
2015-02-23T15:24:37 <Starbook> Hello :3
2015-02-23T15:27:52 <Gordfang> yo starbook
2015-02-23T15:28:02 <heuzef> Tiens coucou miss ^^
2015-02-23T15:28:12 <heuzef> !inscription Starbook
2015-02-23T15:28:49 <Gordfang> dans la horde? x)
2015-02-23T15:28:53 <Starbook> Merci Berry-Punch :')
2015-02-23T15:29:00 <heuzef> Pourquoi pas :P
2015-02-23T15:29:23 <Starbook> Je suis déjà morte de rire devant mon ordi, je sais pas pourquoi x'D
2015-02-23T15:29:52 <heuzef> C'est parceque tu va déclencher une bataille de muffin je pense :D
2015-02-23T15:30:15 <heuzef> !muffin Starbook
2015-02-23T15:30:31 <heuzef> Voila tu es baptisé officiellement sur ce tchat
2015-02-23T15:30:34 <heuzef> xD
2015-02-23T15:30:47 <Starbook> Une bataille de muffins?! :D
2015-02-23T15:30:51 <Starbook> xD
2015-02-23T15:31:53 <heuzef> strycore ?
2015-02-23T15:32:12 <heuzef> Il fait encore semblant de bosser :/
2015-02-23T15:32:18 <heuzef> !muffin strycore
2015-02-23T15:32:29 <Starbook> o_o
2015-02-23T15:32:31 <strycore> ლ(ಠ益ಠლ)
2015-02-23T15:32:34 <heuzef> ha !
2015-02-23T15:32:43 <strycore> (╯°Д°）╯︵ /(.□ . )
2015-02-23T15:32:51 <heuzef> Tu me lance ta radio avec de la trance ? :D
2015-02-23T15:32:58 <heuzef> ou electro a la limite
2015-02-23T15:33:04 <strycore> hum
2015-02-23T15:33:12 <strycore> mon serveur va pas très bien
2015-02-23T15:33:19 <strycore> il est balade
2015-02-23T15:33:29 <heuzef> :/
2015-02-23T15:33:33 <strycore> di.fm
2015-02-23T15:33:48 <strycore> non sérieux, le disque fais n'importe quoi
2015-02-23T15:34:05 <strycore> j'ai perdu 10 jours de données sur Lutris
2015-02-23T15:34:26 <heuzef> Ba puisque t'es mauvais je retourne sur mes radios brony :P
2015-02-23T15:34:38 <strycore> ^ c'était un lien
2015-02-23T15:34:43 <strycore> http://di.fm
2015-02-23T15:34:47 <strycore> attends
2015-02-23T15:35:01 <strycore> je vais choisir pour toi sinon tu vas me prendre un truc moisi
2015-02-23T15:35:50 <heuzef> haha non trop badasse je viens de découvrir ça : https://radioyay.net/
2015-02-23T15:35:56 <heuzef> C'est Polonais :'D
2015-02-23T15:36:01 <heuzef> POLONAIS mec !
2015-02-23T15:36:20 <heuzef> J'ai pas finit de me gausser
2015-02-23T15:37:09 <strycore> http://www.di.fm/oldschoolacid
2015-02-23T15:37:50 <strycore> bordel mais c'est quoi leur problème?
2015-02-23T15:38:26 <strycore> comment tu peux étendre un dessin animé a tous les aspects de la vie
2015-02-23T15:39:50 <heuzef> It's ok bro, don't cry :P
2015-02-23T15:41:22 <strycore> c'est plutot cool cette radio Old School Acid, maintenant je peux plus continuer mon album de black metal new yorkais ლ(ಠ益ಠლ)
2015-02-23T15:43:00 *** Mousstery s'est connecté
2015-02-23T15:43:03 <heuzef> Starbook c'est Ok pour mon dernier mail ou tu as encore des questions du coup ? =)
2015-02-23T15:43:19 <Mousstery> Hey ! /)
2015-02-23T15:43:28 <heuzef> Mousstery /)
2015-02-23T15:43:46 <Mousstery> Ca va ? :)
2015-02-23T15:43:51 <Starbook> Non, c'est bon et merci de la réponse ! Ma mère à hâte de m'y emmener maintenant :')
2015-02-23T15:43:53 <heuzef> Peu aller oui
2015-02-23T15:44:15 <Mousstery> Oki ^^
2015-02-23T15:44:16 <heuzef> Cool ^^ Va falloir saisir l'opportunité que quelqu'un organise un pti truc
2015-02-23T15:44:26 <heuzef> ELiDYROS par exemple X)
2015-02-23T15:44:50 <Gordfang> tiens moostery :D jolie timing je suis en train de m'occuper de finaliser ton inscription
2015-02-23T15:44:56 <heuzef> Puisque c'est bientôt son anniv et qu'on à toujours pas eu le droit à un tournois de Jeux-vidéos digne de ce nom
2015-02-23T15:45:11 <Mousstery> D'ailleurs en parlant de ça les POM à Bordeaux sont confirmés :)
2015-02-23T15:45:24 <Mousstery> Ah merci Gordfang :)
2015-02-23T15:45:32 <heuzef> Nice, c'est pour quand ?
2015-02-23T15:45:32 <Starbook> :D
2015-02-23T15:45:54 <Mousstery> Pas de date de prévu,on voit d'abord quels films on va prendre.
2015-02-23T15:45:59 <Starbook> POM?
2015-02-23T15:46:10 <Mousstery> Pony On Movie's
2015-02-23T15:46:18 <Starbook> Oooooow *o*
2015-02-23T15:46:20 <Mousstery> en gros rassemblement de Brony au cinoch
2015-02-23T15:46:35 <Starbook> *^*
2015-02-23T15:46:47 <Mousstery> Par contre j'ai besoin d'un coop :c
2015-02-23T15:47:16 <Mousstery> Quelqu'un pouvant venir si je suis malade,ou pouvant m'aider sur place.
2015-02-23T15:47:24 <heuzef> Super idée
2015-02-23T15:47:53 <heuzef> Si possible embaucher quelqu'un qui n'a jamais eu l'opportunité de gérer quelque chose dans le collectif
2015-02-23T15:48:07 <Mousstery> Yep..
2015-02-23T15:48:13 <Mousstery> Donc,quelqu'un pourrais ?
2015-02-23T15:48:18 <heuzef> Y'a pas mal de gens qui veulent mais qui ont encore la boule aux ventre
2015-02-23T15:48:23 <heuzef> Ne s'en sente pas capable
2015-02-23T15:48:35 <Starbook> Moi, je suis désolé, c'est impossible !
2015-02-23T15:48:45 <Mousstery> Moi aussi je m'en sentais pas capable mais j'ai proposé :)
2015-02-23T15:48:59 <Mousstery> Donc j'organise ceux de Bordeaux x)
2015-02-23T15:49:03 <Mousstery> Crotte..
2015-02-23T15:49:03 <heuzef> ça serais formidable si tu pouvais offrir un peu "confianceen soit" à quelqu'un pour le coup
2015-02-23T15:49:21 <Mousstery> :/
2015-02-23T15:49:43 <Mousstery> Faites passer le message autour de ceux qui sont dans/vers Bordeaux :c
2015-02-23T15:50:09 <Mousstery> (je suis sur le Visio au passage si vous voulez voir ma tête xD)
2015-02-23T15:50:26 <ELiDYROS> Que se passe t-il ?
2015-02-23T15:50:33 <ELiDYROS> Je viens de voir mon non highlighté
2015-02-23T15:50:51 <heuzef> ELiDYROS tu organise une soirée JV pour ton anniv au QG ? :D
2015-02-23T15:51:01 <heuzef> Diwi diwi diwiii >< !
2015-02-23T15:51:02 <ELiDYROS> Ah bon ?
2015-02-23T15:51:44 <heuzef> Mousstery le plus proche du Megarama c'est SebHooves, c'est un excellent candidat pour toi je pense
2015-02-23T15:52:07 <heuzef> Je t'invite à la contacter
2015-02-23T15:52:11 <heuzef> le*
2015-02-23T15:52:31 <ELiDYROS> Candidat pour ?
2015-02-23T15:52:52 <heuzef> Mousstery cherche quelqu'un pour l'aider à organiser les POM de Bordeaux
2015-02-23T15:53:24 <ELiDYROS> Je vois pas ce que c'est
2015-02-23T15:54:11 <heuzef> Ponies on movies : grosse session cinéma
2015-02-23T15:54:59 <Mousstery> Une session cinnoch se passant sur une journée ou on mange avec les trucs à proximité :)
2015-02-23T15:55:31 <Mousstery> Bien sur,pas obigé de rester toute la journée
2015-02-23T15:55:43 <ELiDYROS> Ah désolé je pensais que cela avait un rapport avec moi
2015-02-23T15:55:52 <Mousstery> x)
2015-02-23T15:56:32 <Mousstery> heuzef , "Seb Whooves" c'ça?
2015-02-23T15:56:35 <heuzef> yep
2015-02-23T15:56:47 <Mousstery> oki
2015-02-23T15:56:49 <heuzef> ELiDYROS et pour ton anniv alors ? Tu fait un truc ou pas ?
2015-02-23T15:57:05 <Mousstery> Crotte il a pas de skype ><
2015-02-23T15:57:23 <heuzef> Je t'envois ces cordonées
2015-02-23T15:57:27 <ELiDYROS> Je pense aller le faire avec ma meilleure amie à Montpellier
2015-02-23T15:57:27 <heuzef> ses*
2015-02-23T15:57:32 <Mousstery> Merci :3
2015-02-23T15:59:44 <Gordfang> bon j'ai boucler pas mal de truc heuzef faudrai que tu push la fiche de moustery comme ça il en profite pour la valider ^^
2015-02-23T16:00:23 <heuzef> Thx =) Ha au passage si tu fait d'autre fiches :
2015-02-23T16:00:59 <heuzef> Y'a une faute dans nos partenaires
2015-02-23T16:01:04 <heuzef> Pour CDPP : "l'eduction"
2015-02-23T16:01:16 <heuzef> Si tu est dessus
2015-02-23T16:01:22 <heuzef> tu es *
2015-02-23T16:01:24 <heuzef> :/
2015-02-23T16:02:00 <heuzef> Tu me dit après je push tous ça
2015-02-23T16:02:05 <Gordfang> wut?
2015-02-23T16:02:27 <Gordfang> faut que je modifie un truc chez les partenaires?
2015-02-23T16:02:33 <heuzef> Tu trouve pas ? Bon t'embête pas je corrige
2015-02-23T16:03:40 <Gordfang> ok j'ai push au passage
2015-02-23T16:03:44 <heuzef> Gordfang sérieux ta osé commit une bio vide :O
2015-02-23T16:03:50 <heuzef> (juliette dlc)
2015-02-23T16:04:13 <strycore> bon
2015-02-23T16:04:15 <strycore> heuzef
2015-02-23T16:04:17 <Gordfang> :p
2015-02-23T16:04:26 <strycore> je vais aller voir ce que c'est que ta radio
2015-02-23T16:04:36 <strycore> si j'en sors pas vivant, ce sera ta faute
2015-02-23T16:04:36 <Gordfang> j'ai réfléchie après le comit et je sait pas comment discard
2015-02-23T16:04:37 <heuzef> "ma" radio ?
2015-02-23T16:05:18 <strycore> oh
2015-02-23T16:05:20 <strycore> mon
2015-02-23T16:05:21 <strycore> dieu
2015-02-23T16:05:40 <strycore> mais
2015-02-23T16:05:46 <strycore> c'est horrible
2015-02-23T16:05:58 <ELiDYROS> Après heuzef si tu as besoin de matériel pour faire un truc, Ragator a aussi pas mal de choses il me semble
2015-02-23T16:06:16 <heuzef> strycore : https://hoofsounds.little.my
2015-02-23T16:06:38 <heuzef> ELiDYROS c'est toi qui gère ^^ Y'a déjà pas mal de truc sur place
2015-02-23T16:06:54 <strycore> non mais c'est bon j'imagine que les autres ça doit être pareil
2015-02-23T16:07:06 <ELiDYROS> Bah à priori je n'ai pas trop de jeux "party friendly"
2015-02-23T16:07:16 * strycore se sent mal a l'aise
2015-02-23T16:10:15 <heuzef> Gordfang : c'est bon site à jour ;) Mais laisse pas Juliette s'en tirer comme ça avec son smiley !
2015-02-23T16:12:19 *** heuzef est parti
2015-02-23T16:12:38 *** heuzef s'est connecté
2015-02-23T16:13:47 <Mousstery> Sinon je passe au QG ce Samedi ^^
2015-02-23T16:14:43 <Mousstery> (possible de modifier ces poneys préféres ? j'en ai oublié un D:)
2015-02-23T16:17:06 <Mousstery> (et quelqu'un passe sur la visio? Je suis tout seul :c
2015-02-23T16:18:08 <heuzef> Mousstery si tu veux apporter une modif il te faut ouvrir un ticket pour le moment (en haut à droite du site)
2015-02-23T16:24:41 <Mousstery> okidoki
2015-02-23T16:36:54 <Starbook> Des personnes toujours vivantes? :')
2015-02-23T16:38:01 *** Mousstery est parti
2015-02-23T16:39:41 <strycore> heuzef m'a tuer
2015-02-23T16:39:46 <strycore> avec sa radio polonaise
2015-02-23T16:45:41 *** Mousstery s'est connecté
2015-02-23T16:47:00 <Mousstery> Moi o/
2015-02-23T16:47:24 <heuzef> +_o
2015-02-23T16:47:59 <Mousstery> La visio est morte,je suis le seul dessus D:
2015-02-23T16:49:55 <Mousstery> 1heure que j'attends quelqu'un c:
2015-02-23T16:50:19 <Starbook> La visio? e_e
2015-02-23T16:50:45 <Mousstery> Oui x)
2015-02-23T16:50:53 <Mousstery> https://vroom.im/bronycub
2015-02-23T16:51:04 <Starbook> Mmmh e_e je vais voir si je peux te rejoindre
2015-02-23T16:51:58 <Starbook> Mais c'est pas dangereux hein? ee -se méfie-
2015-02-23T16:52:25 <Mousstery> Nan ^^
2015-02-23T16:53:41 <Mousstery> nan car la je suis tout seul a attendre la musique d'attente
2015-02-23T16:54:32 <Starbook> Bon alors je viens pour voir e_e
2015-02-23T16:56:08 <Mousstery> Je t'attends :c
2015-02-23T16:56:15 <Starbook> e_e
2015-02-23T16:57:04 <Starbook> Moi je suis là ee
2015-02-23T16:57:18 <Mousstery> je te vois pas :c
2015-02-23T16:57:38 <Starbook> Je te vois pas non plus, pourtant j'ai cliqué sur ton lien ee
2015-02-23T16:57:56 <Mousstery> avec le /bronycub à la fin?
2015-02-23T16:58:04 <Starbook> Yep
2015-02-23T17:00:28 <Gordfang> ca aprend a utiliser vroom?
2015-02-23T17:00:53 <Starbook> ee
2015-02-23T17:01:13 <Gordfang> heuzef pourra surement vous aider c'est son projet
2015-02-23T17:02:40 <heuzef> Pour la première fois sur vroom il faut autoriser votre navigateur à utiliser votre micro/webcam
2015-02-23T17:02:56 <heuzef> Normalement y'a une petite fenetre qui vous pose la question
2015-02-23T17:04:21 <heuzef> Et pareil si vous souhaitez partager votre écran
2015-02-23T17:06:31 <Starbook> TORTURE D'UN GOSSE XD
2015-02-23T17:07:52 *** Mousstery est parti
2015-02-23T17:15:53 *** adriens33 s'est connecté
2015-02-23T17:37:37 *** Mousstery s'est connecté
2015-02-23T17:37:45 <Mousstery> Re !
2015-02-23T17:37:55 <Starbook> RE
2015-02-23T17:38:06 <Mousstery> Je me remet sur la visio via phone ^w^
2015-02-23T17:38:14 <Mousstery> J'attends juste qu'il soit chargé
2015-02-23T17:38:27 <Starbook> Moi je suis en skype avec une pote maintenant xD
2015-02-23T17:39:10 <Mousstery> ^^ Va y toute façon je galére a me co :c
2015-02-23T17:39:26 <Starbook> :')
2015-02-23T17:41:52 <Mousstery> Bon j'ai envoyé un message à Sébastien..plus qu'a attendre sa réponse !
2015-02-23T17:42:06 <Mousstery> Dites..
2015-02-23T17:42:21 <Starbook> Quoi?
2015-02-23T17:42:23 <Mousstery> Si il y a POM,vous viendrez ? Je veux pas être tout seul :c
2015-02-23T17:42:42 <Starbook> Ca dépend quand c'est mais sinon je viendrais bien !
2015-02-23T17:43:33 <Mousstery> ^^
2015-02-23T17:43:39 <Mousstery> D'autres ? ..
2015-02-23T17:44:03 <Starbook> SMILE SMILE SMILE /pan/
2015-02-23T17:44:13 <Mousstery> NAAAAAAA
2015-02-23T17:44:15 <Mousstery> D/
2015-02-23T17:46:04 <Mousstery> J'éspére que vous viendrez car bon si je suis que moi et mon accopagnateur :c
2015-02-23T17:47:08 <heuzef> Va falloir que tu organise ta communication ;)
2015-02-23T17:47:28 <heuzef> Y'a 60 membres dans le collectif tu as de quoi faire
2015-02-23T17:47:36 <Mousstery> ^^
2015-02-23T17:47:47 <Mousstery> Je mettrais ça sur l'agenda.
2015-02-23T17:48:02 <Mousstery> Et si je vais au QG je vais foutre des prospectus xD
2015-02-23T17:50:04 <heuzef> ;)
2015-02-23T17:50:16 <Starbook> OUAIIIS
2015-02-23T17:50:31 <Mousstery> ? x)
2015-02-23T17:51:14 <heuzef> J'adore cet enthousiasme
2015-02-23T17:51:38 <Mousstery> Le mien ou celui de Starbook ? xD
2015-02-23T17:51:50 <heuzef> Je ne manquerais pas de te proposer de participer à des projets Starbook dès que possible
2015-02-23T17:52:11 <Starbook> -danse-
2015-02-23T17:52:17 <heuzef> D'ailleurs si y'en à qui aime dessiner, SebWhoove devrais organiser les 23h de la BD normalement
2015-02-23T17:52:32 <heuzef> On s'est vraiment marrer l'année dernière
2015-02-23T17:52:42 <heuzef> On à fait une BD a la con trop moche toute la nuit :D
2015-02-23T17:52:59 <Starbook> DESSIN !!! C'est ma passion *^* Si des gens veulent voir un de mes dessins j'envoie un lien :'à
2015-02-23T17:53:02 <Starbook> :')*
2015-02-23T17:53:06 <Mousstery> Je sais pas dessiner xd
2015-02-23T17:53:51 <heuzef> http://www.23hbd.com/?pg=participation&pt=208&an=2014
2015-02-23T17:54:20 <Mousstery> omg
2015-02-23T17:54:22 <Mousstery> ça a l'air
2015-02-23T17:54:24 <Mousstery> wtf xD
2015-02-23T17:54:57 <heuzef> ;)
2015-02-23T17:56:03 <Mousstery> omg j'adore comment Fluttershy appelle Nyan Cat
2015-02-23T17:56:06 <Mousstery> "le chat biscotte"
2015-02-23T17:56:42 <Mousstery> voila j'ai lu x)
2015-02-23T17:57:48 <Starbook> oo
2015-02-23T17:58:09 <Mousstery> ?
2015-02-23T17:59:15 <heuzef> ^^
2015-02-23T17:59:44 <Starbook> Tarés va.
2015-02-23T18:02:50 <Mousstery> heuzef
2015-02-23T18:02:56 <Mousstery> Seb peux pas :/
2015-02-23T18:03:00 <heuzef> Arf
2015-02-23T18:03:24 <heuzef> Regarde géographiquement qui peu être le mieux placé je pense
2015-02-23T18:03:27 <Mousstery> il travaille dans la grande distrubition donc ces horaires sont changeantes :c
2015-02-23T18:03:30 <heuzef> matte sur la carte du site
2015-02-23T18:04:57 <Mousstery> tiens je suis le brony le plus loin
2015-02-23T18:05:13 <heuzef> Comme quoi ^^
2015-02-23T18:05:14 <Mousstery> ah non
2015-02-23T18:05:15 <Mousstery> x)
2015-02-23T18:05:26 <Starbook> Whut? oo
2015-02-23T18:05:43 * heuzef a faim
2015-02-23T18:06:20 * heuzef mange une Mousstery au chocolat avec de la chantilly
2015-02-23T18:06:31 <Starbook> ._.
2015-02-23T18:07:03 <Mousstery> J'EN ETAIS
2015-02-23T18:07:04 <Mousstery> SUR
2015-02-23T18:07:08 <Mousstery> QU'ON ALLAIS
2015-02-23T18:07:11 <Mousstery> ME RESSORTIR
2015-02-23T18:07:13 <Mousstery> CETTE BLAGUE
2015-02-23T18:07:19 <Mousstery> :'(
2015-02-23T18:07:49 <heuzef> Mousstery tu à la touche majuscule qui est coincé sur ton clavier :D
2015-02-23T18:07:53 <heuzef> tu as*
2015-02-23T18:08:09 <heuzef> laule
2015-02-23T18:08:14 <Mousstery> laule
2015-02-23T18:08:25 <Mousstery> lik i f u cry everitim
2015-02-23T18:08:58 <Mousstery> le/la moins loin il y a
2015-02-23T18:09:05 <Mousstery> Ovnize
2015-02-23T18:09:21 <Mousstery> heuzef (ah tiens XD°
2015-02-23T18:09:42 <heuzef> Ovnize =)
2015-02-23T18:09:48 <heuzef> C'est notre mini geek ça
2015-02-23T18:09:52 <Mousstery> xp
2015-02-23T18:09:57 <heuzef> Il n'à que 13 ans
2015-02-23T18:10:02 <Mousstery> OH
2015-02-23T18:10:07 <Mousstery> LE MEME AGE QUE MOI
2015-02-23T18:10:17 <Starbook> POH UN COPAIN QU'A 13 ANS
2015-02-23T18:10:32 <Mousstery> STARBOOK TOI AUSSI T'A 13 ANS?
2015-02-23T18:10:37 <Starbook> OUI.
2015-02-23T18:10:41 <Mousstery> CALIN
2015-02-23T18:10:41 <Starbook> PROBLEM?.
2015-02-23T18:10:44 <Starbook> NON
2015-02-23T18:10:47 <heuzef> Pour infos les petits du collectif comme vous on les surnomes les CMC :P
2015-02-23T18:10:54 <Mousstery> D'ACCORD
2015-02-23T18:11:01 <Mousstery> ouaiss o/
2015-02-23T18:11:06 <Starbook> CUTIE MARK CRUSADERS POWA
2015-02-23T18:11:12 <Mousstery> x)
2015-02-23T18:11:22 <Mousstery> OU EN FRANCAIS DEGUEULASSE
2015-02-23T18:11:27 <Mousstery> LES CHASSEUSES DE MARQUE DE TALENTS
2015-02-23T18:11:39 <Mousstery> mon dieu
2015-02-23T18:11:41 <Starbook> C'est les CHERCHEUSES PAS LES CHASSEUSES BOULET
2015-02-23T18:11:41 <TrappyTickles> je surveillerai cque jraconte alors XD
2015-02-23T18:11:46 <Mousstery> 8D
2015-02-23T18:11:50 <Starbook> BOULET
2015-02-23T18:11:57 <Starbook> C'est CHERCHEUSES DE TALENTS
2015-02-23T18:12:08 <Mousstery> yeah
2015-02-23T18:12:15 <Mousstery> donnnnc
2015-02-23T18:12:26 <Mousstery> les moins loins du mégarama : (du - au +)
2015-02-23T18:13:36 <Mousstery> Seb,yolteotl,Ovnize,heuzef,MaCharon et Yffrit,Pauny Skrall
2015-02-23T18:13:55 <Mousstery> *PonySkrall
2015-02-23T18:14:42 <Mousstery> donncc
2015-02-23T18:14:59 <heuzef> afk
2015-02-23T18:14:59 <Mousstery> Je vais être tout seul car il y a des gens que j'ai jamais vu et ceux qui peuvent passs !
2015-02-23T18:15:04 <Mousstery> youpi
2015-02-23T18:15:06 <Mousstery> :sbaff:
2015-02-23T18:15:53 <Mousstery> Trouverais je quelqu'un qui puisseee m'accopagneerrr
2015-02-23T18:16:01 <Starbook> NON
2015-02-23T18:16:14 <Mousstery> Merci ça me remonte le moraal
2015-02-23T18:17:21 <Mousstery> je sens que je vais jamais trouver twt
2015-02-23T18:17:21 <Starbook> uwu
2015-02-23T18:17:44 <Mousstery> un gamin de 13 ans c'est pas trés imposant (WOUH RIME)
2015-02-23T18:19:15 <Mousstery> serieux j'suis sur que j'suis tellement petit que je vais me faire marcher dessus
2015-02-23T18:20:09 <Starbook> Tu fait quelle taille? ee
2015-02-23T18:20:14 <Starbook> fais*
2015-02-23T18:20:41 <Mousstery> 1,44..
2015-02-23T18:20:43 <Mousstery> twt
2015-02-23T18:21:15 <Starbook> Je crois que je suis plus grande que sa moi '-'
2015-02-23T18:21:30 <Mousstery> je sais
2015-02-23T18:21:39 <Mousstery> TOUT LE MONDE EST PLUS GRAND QUE MOI TWT
2015-02-23T18:21:55 <Starbook> ee
2015-02-23T18:24:01 <Mousstery> Dites si on veut faire un évenement au QG,faut réserver ou je peut le mettre direct sur l'Agenda?
2015-02-23T18:24:40 *** Gordfang est parti
2015-02-23T18:24:52 *** Gordfang s'est connecté
2015-02-23T18:24:57 <Starbook> VITE UN EVENEMENT JE VEUX.
2015-02-23T18:25:10 <Starbook> Ah oui mais pas trop vite je pourrais peut être pas venir xD
2015-02-23T18:25:38 <Mousstery> D'accord mais j'aimerais d'abord une réponse à ma question xD
2015-02-23T18:26:02 <adriens33> yop tout le monde
2015-02-23T18:26:08 <heuzef> plop =)
2015-02-23T18:26:11 <adriens33> tiens y'a de nouvelles têtes :D
2015-02-23T18:26:22 <Mousstery> Bonjour ^w^
2015-02-23T18:26:23 <heuzef> Encore des CMC :/
2015-02-23T18:26:26 <adriens33> XD
2015-02-23T18:26:30 <Mousstery> Hey !
2015-02-23T18:26:31 <Mousstery> :c
2015-02-23T18:26:37 <adriens33> elles sont pas sensées être 3 dans la série ? :P
2015-02-23T18:26:42 <heuzef> Alors Mousstery
2015-02-23T18:26:47 <Mousstery> J'suis un meeec ><
2015-02-23T18:26:52 <Starbook> ON EST DES NOUVELLES ! 8D
2015-02-23T18:26:57 <Mousstery> JE SUIS UN MEC
2015-02-23T18:27:11 <Starbook> L'autre c'est un truc bizarre il doit venir de l'Everfree Forest xD
2015-02-23T18:27:18 <adriens33> Mousstery> meme, on dit une cutie mark crusader, parce que c'est un terme anglais na :P
2015-02-23T18:27:28 <Mousstery> ...meh..
2015-02-23T18:27:30 <adriens33> XD
2015-02-23T18:27:39 <adriens33> Et pis j'dis c'que je veux.
2015-02-23T18:27:44 <Starbook> JE VAIS T'APPELER SCOOTALOO  LE POULET Mousstery
2015-02-23T18:27:46 <Starbook> 8D
2015-02-23T18:27:52 <adriens33> lol
2015-02-23T18:27:55 <Mousstery> ...Merci ? 8D
2015-02-23T18:28:04 <Starbook> 8D
2015-02-23T18:28:05 <Starbook> 8D
2015-02-23T18:28:10 <Starbook> Eheh 8D
2015-02-23T18:28:14 <Mousstery> calme ton smiley
2015-02-23T18:28:15 <Mousstery> >w<
2015-02-23T18:28:17 <Starbook> 8D
2015-02-23T18:28:20 <Starbook> 8DDD
2015-02-23T18:28:25 <Mousstery> ELLE NOUS FAIS UNE CRISE
2015-02-23T18:28:28 <heuzef> Seb : Pas dispo donc
2015-02-23T18:28:28 <heuzef> yolteotl : injoignable mais tu peux tenter
2015-02-23T18:28:29 <heuzef> Ovnize : ca peux le faire si tu veux quelqu'un de ton age et de futé ^^
2015-02-23T18:28:29 <heuzef> heuzef : Non :/
2015-02-23T18:28:29 <heuzef> MaCharon et Yffrit : Je ne pense pas
2015-02-23T18:28:30 <heuzef> Pony Skrall : pourquoi pas :)
2015-02-23T18:28:30 <Starbook> 8D
2015-02-23T18:29:13 <Starbook> Non 8D
2015-02-23T18:29:15 <Mousstery> Il me reste que PonySkrall .. je dois prendre un plus âgé ils m'ont dit
2015-02-23T18:29:17 <Starbook> EEEEH !
2015-02-23T18:29:43 <Mousstery> si vous la/le voyez,dites lui de ma part
2015-02-23T18:30:26 <Starbook> Pfffrrrrrt.
2015-02-23T18:30:29 <Mousstery> heuzef , tu sais si il faut réserver le QG si on veut mettre un évenement ? :c
2015-02-23T18:30:50 <adriens33> Hmm strycore à force de venir ici il va finir brony XD Qu'est-ce que tu en penses heuzef ? :P
2015-02-23T18:32:07 <Mousstery> #takeawind
2015-02-23T18:32:10 <strycore> je cherche a comprendre
2015-02-23T18:32:15 <adriens33> ok :P
2015-02-23T18:32:19 <Starbook> Pfffrt. :p
2015-02-23T18:32:31 <adriens33> bah fais gaffe, c'est comme ça que ça commence XD
2015-02-23T18:32:40 <adriens33> tu look le 1er épisode pour « chercher à comprendre »
2015-02-23T18:32:41 <strycore> et aussi j'ai pas le choix vu que heuzef boycotte #giroll
2015-02-23T18:32:42 <adriens33> puis le 2e
2015-02-23T18:32:44 <adriens33> puis le 3e
2015-02-23T18:32:45 <adriens33> etc
2015-02-23T18:32:54 <Mousstery> #heuzefdead
2015-02-23T18:34:18 <adriens33> strycore> pourquoi ? parce qu'il vient jamais sur #giroll ? :P
2015-02-23T18:34:56 <strycore> avant il venait
2015-02-23T18:35:03 <heuzef> Giroll je connais pas
2015-02-23T18:35:08 <heuzef> Je connais Broniroll
2015-02-23T18:35:12 <heuzef> :P
2015-02-23T18:35:18 <strycore> et un jour il a dit "fuck you all" et on l'a plus jamais revu
2015-02-23T18:35:18 <adriens33> lol
2015-02-23T18:35:26 <adriens33> pas sympa ça
2015-02-23T18:35:39 <heuzef> Bon Mousstery : oui si possible 3 jours avant à peu prêt
2015-02-23T18:35:48 <adriens33> heuzef> ouai, si ça continue y'a des chances que ça finisse par arriver :P
2015-02-23T18:35:59 <Mousstery> Ouais la salle est réservéééé !
2015-02-23T18:36:09 <Mousstery> Maiss...Vous viendez ? :c
2015-02-23T18:36:15 <heuzef> ??
2015-02-23T18:36:22 <Mousstery> *viendrez ?
2015-02-23T18:36:56 <Starbook> Quand?
2015-02-23T18:37:00 <Starbook> Pffffrtt.
2015-02-23T18:37:02 <Starbook> :p
2015-02-23T18:37:06 <Mousstery> Ce Samedi :c
2015-02-23T18:37:09 <Mousstery> *prie*
2015-02-23T18:37:16 <Starbook> Ce samedi?!
2015-02-23T18:37:19 <heuzef> Tu as appeler le Calice ?
2015-02-23T18:37:20 <Starbook> Pffffrt.
2015-02-23T18:37:27 <Mousstery> Oui ^^
2015-02-23T18:37:52 <Starbook> Pffffrrrrrt. (Je ne sais pas si je pourrais il faut que je demande à ma mère ...)
2015-02-23T18:38:08 <Mousstery> ..J'éspére que je serais tout seul :'(
2015-02-23T18:38:56 <Starbook> Ta phrase est contradictoire à ce que tu disais tout à l'heure gars.
2015-02-23T18:38:58 <Starbook> Pffrt.
2015-02-23T18:39:13 <Mousstery> *PAS
2015-02-23T18:39:15 <Mousstery> PUTAIN
2015-02-23T18:39:17 <Mousstery> JE SAIS PAS ECRIRE
2015-02-23T18:39:27 <Starbook> Pfffffffffffffffffffrrrrrrrrrrrrrrrrrrrrrrrrrt. *rie*
2015-02-23T18:39:42 <Mousstery> x)
2015-02-23T18:40:11 <Starbook> (j'imite Fluffle Puff quand je suis fatiguée ee)
2015-02-23T18:40:18 <Mousstery> Bon je met dans l'agenda..Quelqu'un viendra? :c
2015-02-23T18:40:31 <Mousstery> MAIS AIE
2015-02-23T18:41:29 * Mousstery lui relance
2015-02-23T18:41:30 <Mousstery> *lui relance*
2015-02-23T18:41:35 <Mousstery> ah ok en double
2015-02-23T18:41:37 <Mousstery> #pasdoué
2015-02-23T18:41:56 <Mousstery> ...Il est périmé D:
2015-02-23T18:42:31 <Mousstery> Si D/
2015-02-23T18:42:46 <heuzef> Mousstery si tu es sur d'avoir la salle Samedi au calice tu peux créer l'event ;)
2015-02-23T18:42:54 <Starbook> Ppffffrt. -mange-
2015-02-23T18:43:43 *** heuzef est parti
2015-02-23T18:44:03 <Starbook> Pffffrrrrt. -tarte au pomme-
2015-02-23T18:44:20 <adriens33> Quelqu'un a prononcé le mot tarte aux pommes ? *w*
2015-02-23T18:44:55 <Starbook> Pfffrrrrt. -jette la tarte au pommes sur adriens33-
2015-02-23T18:45:15 * adriens33 la mange d'un coup
2015-02-23T18:45:20 <adriens33> om nom nom
2015-02-23T18:46:11 <Starbook> Pffffrrrt.
2015-02-23T18:46:52 <adriens33> :P
2015-02-23T18:47:53 <Mousstery> TARTE AUX POMMES ?
2015-02-23T18:47:59 <Mousstery> je préfére les crumbles..
2015-02-23T18:48:08 <adriens33> c'est bon aussi D:
2015-02-23T18:48:10 <adriens33> *:D
2015-02-23T18:49:45 <Starbook> Bon, moi j'édit mon oc Inazuma Eleven GO les gars!
2015-02-23T18:49:59 <Mousstery> x)
2015-02-23T18:50:08 <Mousstery> d'ailleurs faudra que je refasse un OC Poney
2015-02-23T18:50:40 <Starbook> Mon oc Pony actuelle fait du roller xD
2015-02-23T18:51:14 <Mousstery> comme Scootaloo?
2015-02-23T18:51:52 <adriens33> Starbook est Scootaloo en fait, mais chut faut pas l'dire
2015-02-23T18:52:16 <Mousstery> mais elle m'appelle Scootaloo..
2015-02-23T18:52:23 <Mousstery> PONEYCEPTION
2015-02-23T18:52:27 <adriens33> bah y'a 2 scootaloo
2015-02-23T18:52:37 <adriens33> ou l'un de vous vient du futur
2015-02-23T18:52:43 <Starbook> NAN ELLE FAIT DU ROLLER PAS DE LA TROTTINETTE INCULTES
2015-02-23T18:52:58 <Starbook> Et je suis plus comme Sweetie Belle.
2015-02-23T18:52:58 <Mousstery> ELLE EN A FAIT DU ROLLER
2015-02-23T18:54:22 <Starbook> http://img15.hostingpics.net/pics/459796RollingFeather.png voici mon oc pony actuelle.
2015-02-23T18:55:28 <Mousstery> Nice !
2015-02-23T18:55:38 <Mousstery> Par contre j'ai mis l'évenement mais je le vois pas..
2015-02-23T18:55:51 *** MaCharon s'est connecté
2015-02-23T18:56:00 <adriens33> Yo MaCharon
2015-02-23T18:56:12 <adriens33> j'ai vu que t'étais passé sur mon serv minecraft
2015-02-23T18:56:16 <Mousstery> Bonjour ^^
2015-02-23T18:56:19 <MaCharon> salut all
2015-02-23T18:56:20 <adriens33> je t'ai changé de grade
2015-02-23T18:56:26 <adriens33> t'es plus un jean-kevin o//
2015-02-23T18:56:34 <MaCharon> qui qoui que ?
2015-02-23T18:56:37 <Starbook> YO
2015-02-23T18:56:38 <MaCharon> quoi*
2015-02-23T18:56:52 <Mousstery> Quelqu'un peut voir si mon évenement y est ?
2015-02-23T18:56:58 <MaCharon> il y a des pseudos que je connai pas ici
2015-02-23T18:57:06 <adriens33> oui y'a des nouvelles têtes lol
2015-02-23T18:58:03 <Starbook> NEW CMC
2015-02-23T18:58:15 <Mousstery> Bon ze vois pas mon évenement..
2015-02-23T18:58:17 <Mousstery> ><
2015-02-23T18:58:36 <MaCharon> moi nn plus je le voit aps
2015-02-23T18:58:38 <MaCharon> pas*
2015-02-23T18:59:12 <Mousstery> Les évenements mettent du temps à se mettre?
2015-02-23T18:59:54 <MaCharon> fait longtemps que j'en ai pas fait alors je sais plus
2015-02-23T19:00:38 <Mousstery> Crotte..Quelqu'un sait ? :c
2015-02-23T19:01:42 <Mousstery> ..meh <w<
2015-02-23T19:05:51 <Mousstery> bon si quelqu'un sait,qu'il m'envoie un message.
2015-02-23T19:06:14 <Starbook> PFF
2015-02-23T19:06:22 <Mousstery> :c
2015-02-23T19:07:13 *** Mousstery est parti
2015-02-23T19:11:42 *** Gordfang est parti
2015-02-23T19:11:58 *** Starbook est parti
2015-02-23T19:34:51 *** adriens33 est parti
2015-02-23T19:51:07 *** adriens33 s'est connecté
2015-02-23T19:51:28 <adriens33> tiens, encore une désynchro. (enfin 5 à la suite pardon)
2015-02-23T19:51:39 <adriens33> et ça fait 5 jours, toujours pas de réponse d'ovh.
2015-02-23T19:51:41 <adriens33> yay..
2015-02-23T20:07:48 *** adriens33 est parti
2015-02-23T20:09:46 *** adriens33 s'est connecté
2015-02-23T20:15:41 *** Mousstery s'est connecté
2015-02-23T20:15:41 *** adriens33 est parti
2015-02-23T20:16:57 <Mousstery> Hey ça marche sur phone ! ~o~
2015-02-23T20:17:32 *** adriens33 s'est connecté
2015-02-23T20:17:32 * Mousstery mange des muffins
2015-02-23T20:18:23 <Mousstery> Honnetement,vous allez dans l'Agenda de temps en temps ? :c
2015-02-23T20:18:46 <MaCharon> souvent
2015-02-23T20:18:52 <adriens33> Mousstery> bah de toute façon chaque event est annoncé sur la mailing  list
2015-02-23T20:18:59 <adriens33> normalement
2015-02-23T20:19:08 <adriens33> (c'est automatique)
2015-02-23T20:19:24 <adriens33> je crsois
2015-02-23T20:19:29 <Mousstery> Oki ! En tout cas j'espere que vous viendrez Samedi :3
2015-02-23T20:19:33 * adriens33 doute
2015-02-23T20:20:09 * Mousstery espere ne pas etre seul Samedi
2015-02-23T20:20:52 * Mousstery risque de se faire chier sinon
2015-02-23T20:22:22 <Mousstery> Je ferais des muffins en plus o/
2015-02-23T20:25:10 *** adriens33 est parti
2015-02-23T20:25:44 *** adriens33 s'est connecté
2015-02-23T20:27:21 *** Starbook s'est connecté
2015-02-23T20:27:22 *** Mousstery est parti
2015-02-23T20:27:28 <Starbook> .w.
2015-02-23T20:28:00 *** Mousstery s'est connecté
2015-02-23T20:28:14 <Starbook> SCOOTALOO 8D
2015-02-23T20:28:49 <Mousstery> SWEETY BELL 8D
2015-02-23T20:29:04 <Starbook> SWEETIE ! ><
2015-02-23T20:29:13 <Starbook> Et BELLE UWU
2015-02-23T20:29:23 <Mousstery> MAIS D:
2015-02-23T20:29:25 <Starbook> Tu fais des fautes tout le temps :'D
2015-02-23T20:29:42 <Mousstery> Oui ben j'ai commence la serie Vendredi je te rappelle...
2015-02-23T20:29:57 <Starbook> uu M'ouais.
2015-02-23T20:30:14 <Mousstery> Ben c'est dur ~.~
2015-02-23T20:30:30 <Starbook> Bref, moi j'ai fini le skype, donc si tu veux qu'on se retrouve encore sur le visio ça me dérange pas Scoot' 8D
2015-02-23T20:30:46 <Mousstery> oki xd
2015-02-23T20:31:38 <Starbook> POULET
2015-02-23T20:31:41 <Mousstery> Navigateur non supporte F:
2015-02-23T20:32:07 <Starbook> ee
2015-02-23T20:32:10 <Starbook> Fuck
2015-02-23T20:34:41 *** Mousstery est parti
2015-02-23T21:19:49 *** Mousstery s'est connecté
2015-02-23T21:19:58 <Mousstery> Reeee !
2015-02-23T21:20:57 <Mousstery> Starbook tu viens Samedi au truc?
2015-02-23T21:24:41 <adriens33> Re Mousstery
2015-02-23T21:28:43 <Mousstery> Re adriens33 ,tu est libre ce we toi ? :c
2015-02-23T21:32:00 <adriens33> je sais pas trop encore, on verra^^ mais je te tiens au courant
2015-02-23T21:32:43 <Mousstery> ^^
2015-02-23T21:33:47 *** Mousstery est parti
2015-02-23T21:37:36 *** Mousstery s'est connecté
2015-02-23T21:38:17 <Starbook> Oh j'ai un truc à te dire Scoot' D:
2015-02-23T21:39:17 *** Mousstery est parti
2015-02-23T22:04:06 *** Elvon s'est connecté
2015-02-23T22:05:44 <Elvon> Bonsoir, Gens- Starbook, Gens- TrappyTickles, Gens- adriens33, Gens- ELiDYROS, Gens- MaCharon
2015-02-23T22:05:53 <MaCharon> slt
2015-02-23T22:06:04 <Starbook> Pfffrrrt. bonsoir.
2015-02-23T22:07:13 <Elvon> Berry-Punch Slt Tu peut me faire un Café s'il te plait ?
2015-02-23T22:07:22 <Elvon> !say
2015-02-23T22:07:24 <TrappyTickles> oi
2015-02-23T22:08:58 <Elvon> adriens33: are you alive ? if your responce are Yes plz come back on mumble
2015-02-23T22:11:51 * Elvon chante sur mumble pour essayer de dé-muter adriens33 qui est présent sur le canal général pour qu'il me dise de me taire
2015-02-23T22:12:54 <adriens33> bah
2015-02-23T22:12:58 <adriens33> remet ton son
2015-02-23T22:13:01 <adriens33> je t'entends pas
2015-02-23T22:13:12 <adriens33> je suis mute mais que sur le micro
2015-02-23T22:13:32 <adriens33> ah j'ai un souci 2sec
2015-02-23T22:13:59 <adriens33> j'avais un souci
2015-02-23T22:14:09 <adriens33> j'ai eu 2 3 déco internet
2015-02-23T22:14:17 <adriens33> donc mumble avait planté et je t'entendais pas
2015-02-23T22:16:25 <Elvon> Viendez sur mumble les gens y a du pain et des Gens-bons
2015-02-23T22:16:42 <adriens33> (mumble.art-software.fr port 64738)
2015-02-23T22:18:46 <Elvon> Pour ce qui n'ont mumble, http://download.mumble.com/en/mumble-1.2.8.msi
2015-02-23T22:18:53 <adriens33> *ceux +pas
2015-02-23T22:19:01 <Elvon> Pour ceux qui n'ont pas mumble, http://download.mumble.com/en/mumble-1.2.8.msi
2015-02-23T22:20:49 *** Elvon est parti
2015-02-23T22:21:07 *** Elvon s'est connecté
2015-02-23T22:38:17 *** Elvon est parti
2015-02-23T22:52:55 *** Starbook est parti
