2015-03-26T01:13:08 *** TrappyTickles est parti
2015-03-26T01:46:45 *** ELiDYROS est parti
2015-03-26T01:48:39 *** ELiDYROS s'est connecté
2015-03-26T01:53:09 *** ELiDYROS est parti
2015-03-26T02:00:17 *** ELiDYROS s'est connecté
2015-03-26T03:01:48 *** MaCharon est parti
2015-03-26T04:45:10 *** ELiDYROS_ s'est connecté
2015-03-26T04:47:54 *** ELiDYROS est parti
2015-03-26T07:16:56 *** ELiDYROS_ est parti
2015-03-26T07:22:42 *** Fidzu s'est connecté
2015-03-26T08:27:31 *** heuzef s'est connecté
2015-03-26T08:37:11 <Fidzu> Salut
2015-03-26T10:03:29 *** TrappyTickles s'est connecté
2015-03-26T10:23:37 <heuzef> re
2015-03-26T10:24:02 <heuzef> La situation s'améliore très bien de bon côté
2015-03-26T10:24:09 <heuzef> Le plus dur est passé
2015-03-26T11:34:32 *** heuzef est parti
2015-03-26T11:37:47 *** heuzef s'est connecté
2015-03-26T11:38:42 <Fidzu> Je suis content de l'apprendre :)
2015-03-26T12:30:31 *** Fidzu est parti
2015-03-26T12:48:55 *** fidzu1 s'est connecté
2015-03-26T12:51:51 <fidzu1> J'arrive pas a me co a sinisalo
2015-03-26T12:52:31 <fidzu1> C'est bizarre .. (La je me suis ci depuis le site)
2015-03-26T12:53:54 *** Fidzu s'est connecté
2015-03-26T12:54:17 <Fidzu> Maintenant c'est orwell ?
2015-03-26T12:54:25 *** fidzu1 est parti
2015-03-26T13:33:23 <Fidzu> http://www.funnyjunk.com/channel/ponytime/Mlp+memes/xGBvDkT/15#15 omg j'ai tellement ri !
2015-03-26T14:37:45 *** heuzef est parti
2015-03-26T14:41:08 *** heuzef1 s'est connecté
2015-03-26T14:46:23 *** Gordfang s'est connecté
2015-03-26T15:16:33 *** MaCharon s'est connecté
2015-03-26T15:37:09 *** Mousstery s'est connecté
2015-03-26T15:45:31 <Mousstery> je stresse :(
2015-03-26T15:53:00 <heuzef1> Why ? =)
2015-03-26T15:53:35 <Mousstery> ben de me retrouver un peu seul aux poms :(
2015-03-26T15:56:38 <Fidzu> :/
2015-03-26T15:56:44 <heuzef> hmm
2015-03-26T15:56:58 <Fidzu> C'est que sa tombe entre animasia et 23h bd
2015-03-26T15:56:59 <heuzef> J'ai pas eu l'opportunité de suivre l'affaire de prêt
2015-03-26T15:57:03 <heuzef> sorry :(
2015-03-26T15:57:21 <heuzef> Fidzu t'en pense quoi ?
2015-03-26T15:57:22 <Mousstery> c'est pas de ma fauute :(
2015-03-26T15:57:39 <Mousstery> je peux pas choisir les dates?
2015-03-26T15:57:48 <Fidzu> Comment ça j'en pense quoi ?
2015-03-26T15:58:45 <heuzef> C'est jouable de maintenir ? Va y avoir du monde ? Des solutions ?
2015-03-26T15:59:25 <Fidzu> La déplacer ?
2015-03-26T15:59:42 <Mousstery> euhh ça va être un peu compliqué ^^"
2015-03-26T15:59:56 <Fidzu> Ça risque d'être chaud mais c'est sa ou pas beaucoup de gens viendrons
2015-03-26T16:00:07 <Fidzu> Ça*
2015-03-26T16:00:44 <Fidzu> Le soucis c'est que ..
2015-03-26T16:02:15 <Fidzu> Il y a l'animasia où beaucoup de monde irons ,les 23bd pour ceux qui n'y vont pas et après les autres n'ont soit pas envie,  pas l'argent ou ne serons tout simplement pas disponible
2015-03-26T16:06:02 <heuzef> Mousstery qui planifier maladroitement la date des POM de Bordeaux ?
2015-03-26T16:07:10 <Mousstery> qui planifie les dates ? C'est Sleeva je crois ..
2015-03-26T16:07:18 <Fidzu> Ben c'est pas lui qui décide
2015-03-26T16:12:28 <heuzef> Je sais pas, il me semble que c'est lui qui gère la logique des POM
2015-03-26T16:13:27 <heuzef> elle*
2015-03-26T16:14:32 <heuzef> Faudrait lui demander directement
2015-03-26T16:14:44 * heuzef invoque Sleeva
2015-03-26T16:15:46 *** Sleeva s'est connecté
2015-03-26T16:15:56 <Sleeva> Genre on me demande
2015-03-26T16:16:02 <heuzef> Fuck Yeah 8D
2015-03-26T16:16:44 <Sleeva> je suis partout moi *^* dans toute la france et bientot dans la monde entier *^*
2015-03-26T16:17:08 <heuzef> Mousstery rencontre un gros problème avec les POM
2015-03-26T16:17:19 <heuzef> Il va t'expliquer en détails
2015-03-26T16:17:44 <Mousstery> attendez je venais de chercher a manger ^^"
2015-03-26T16:18:22 <Mousstery> ben c'est que il y a 3 évenements qui tombent en même : les 23BD,la Animasia et les POM :/
2015-03-26T16:18:35 <Mousstery> donc si je l'organise ce we
2015-03-26T16:18:46 <Mousstery> ça m'étonnerais qu'on soit beaucoup :c
2015-03-26T16:20:21 *** Fidzu est parti
2015-03-26T16:20:40 *** Fidzu s'est connecté
2015-03-26T16:23:38 <Sleeva> en effet mais ça fallait le dire quand on a décidé des dates =/ au y'a deux semaines, pas 3j avant avec tous les planning mit en ligne =/
2015-03-26T16:23:47 <Sleeva> ou y'a*
2015-03-26T16:24:14 <Mousstery> je sais mais je te l'ai dis mon pére me laisse pas vraiment le temps d'aller sur pc :/
2015-03-26T16:24:21 <Sleeva> 23BD et Amnesia c'est sur 2j ?
2015-03-26T16:24:50 <heuzef> presque
2015-03-26T16:24:58 <heuzef> 1,5 J en faite :/
2015-03-26T16:25:12 <Sleeva> le 0.5 c'est quel jours ?
2015-03-26T16:25:37 <heuzef> 23HBD termine dimanche à 13h au max (on irra pas aussi loins)
2015-03-26T16:25:44 <heuzef> Animasia font un after le dimanche
2015-03-26T16:25:58 <Fidzu> Dimanche mais peux de gens vont venir pour un seul film ..
2015-03-26T16:26:16 <heuzef> Pas sur tu sais
2015-03-26T16:26:31 <heuzef> Moi si je viens ça sera repa et a la limite un film pas plus
2015-03-26T16:26:59 <Fidzu> En tout cas je sais que pas mal de gens ne viennent pas a cause de l'argent
2015-03-26T16:27:53 <Fidzu> C'est d'ailleurs le cas dans quasi tout les évents ..
2015-03-26T16:27:58 <heuzef> Les 2 autres events sont plus accessible
2015-03-26T16:28:25 <heuzef> Hé oui, tu met le doigt sur le point faible du collectif ^^
2015-03-26T16:28:29 <heuzef> $$$$
2015-03-26T16:28:40 <Fidzu> ^^
2015-03-26T16:28:51 <heuzef> Cependant, ce problème devrais naturellement se régler vers 2020
2015-03-26T16:29:04 <Mousstery> pourquoi? x)
2015-03-26T16:29:54 <Fidzu> la fin du monde
2015-03-26T16:30:01 <heuzef> La moyenne d'âge des membres augmentera de 5 ans, les étudiants se transformerons en travailleur ayant un minimum de revenue
2015-03-26T16:30:12 <heuzef> Sauf pour les CMC
2015-03-26T16:30:20 <Mousstery> p'tain fidzu t'est pas possible x)
2015-03-26T16:30:28 <heuzef> Par exemple toi Mousstery c'est le contraire, puisque tu es un CMC
2015-03-26T16:30:46 <Mousstery> m'wai
2015-03-26T16:30:56 <heuzef> Actuellement, en tant que mineur tu as tu fric pour les events (papa maman sont cool)
2015-03-26T16:31:16 <heuzef> Mais dans 5 ans tu sera à la dèche totale si t'as pas une grand-mère riche
2015-03-26T16:31:42 <Mousstery> ouaiiis
2015-03-26T16:31:47 <Sleeva> bon on garde ça dimanche, pas le choix puis on fera mieux le mois prochain
2015-03-26T16:31:53 <Mousstery> #commentetrerassuré
2015-03-26T16:32:07 <Fidzu> qui a un xcompte en suisse ^^
2015-03-26T16:32:15 <Mousstery> #heuzefmerassurepas
2015-03-26T16:32:30 <Sleeva> jconnais des con en suisse mais pas de compte en suisse
2015-03-26T16:32:39 <heuzef> C'est la vie ^^ à toi d'être malin Mousstery
2015-03-26T16:32:58 <Fidzu> Sinon fais comme
2015-03-26T16:33:00 <Fidzu> Moi
2015-03-26T16:33:04 <heuzef> Fait toi un compte en banque en loussdé et cumule des economies
2015-03-26T16:33:11 <Fidzu> $$ apprentissage $$
2015-03-26T16:33:14 <heuzef> ça va te sauver la vie un jour :D
2015-03-26T16:33:23 <Mousstery> ahaha
2015-03-26T16:33:25 <heuzef> (un jour = environs dans 5 ans)
2015-03-26T16:33:32 <Mousstery> si mon pére me volait pas tout mon fric
2015-03-26T16:33:47 <heuzef> C'est bien pour ça que je te dis en "loussdé"
2015-03-26T16:34:20 <heuzef> Un compte Paypal c'est que dalle à faire même pour un mineur, tant que tu dépasse pas 3K€ il me semble t'es peinard
2015-03-26T16:34:33 <heuzef> Après ils font chier avec carte d'identité et tous le bordel
2015-03-26T16:34:49 <heuzef> c'est un bon début
2015-03-26T16:35:29 <heuzef> Par contre fait pas la connerie de planquer un cochon tirelire sous ton matelat, ton père le trouvera et t'aura tous dans le cul
2015-03-26T16:36:20 <Mousstery> ok je veux bien
2015-03-26T16:36:29 <Mousstery> mais ça me servirais a quoi?
2015-03-26T16:36:35 *** Fidzu est parti
2015-03-26T16:37:32 *** Fidzu s'est connecté
2015-03-26T16:38:30 <heuzef> Mousstery l'argent ça part et ça revient
2015-03-26T16:38:38 <Mousstery> enfin si je peux rien placer dessus
2015-03-26T16:38:45 <Mousstery> je vois pas a quoi ça peut me servir :c
2015-03-26T16:39:17 <heuzef> Trouve un moyen de mettre un peu de fric de côté pour les années à venir : tu ne sais pas ce qui t'attend ;)
2015-03-26T16:39:31 <heuzef> Fait toi une petite boué en faite
2015-03-26T16:40:38 *** Mousstery est parti
2015-03-26T16:40:54 <heuzef> Tu as pensé à ton permis B par exemple ? Ce truc chiant, cher mais indispensable ? 2K€ paf, et si tes parents on pas la possibilité de t'aider la dessus tu sera bien content
2015-03-26T16:41:25 <Fidzu> j'vous laisses
2015-03-26T16:41:37 <heuzef> Enfin c'est sur que c'est pas évident à ton âge de penser sur long terme
2015-03-26T16:41:39 <Fidzu> je vais peindre ma Trrrrrrixie !
2015-03-26T16:41:44 <heuzef> ++ Fidzu =) enjoy
2015-03-26T16:41:56 *** Fidzu est parti
2015-03-26T17:21:04 <Gordfang> kikou les gens dites moi personne aurai un windows server 2012 avec sql server 2012 installer dessus ?
2015-03-26T17:22:04 *** Sleeva est parti
2015-03-26T17:42:20 *** Gordfang est parti
2015-03-26T17:51:08 *** ELiDYROS_ s'est connecté
2015-03-26T17:53:07 <heuzef> j'ai une version core
2015-03-26T17:53:13 <heuzef> pas sur que c'est ce que tu veux
2015-03-26T17:53:24 <heuzef> windows_svr_and_datacenter_2012_r2_64bit_french_core.iso
2015-03-26T18:36:48 *** heuzef est parti
2015-03-26T19:50:10 *** wildfier s'est connecté
2015-03-26T19:51:26 <wildfier> yop
2015-03-26T20:23:50 <ELiDYROS> bonsoir wildfier
2015-03-26T20:40:58 <wildfier> salut ELiDYROS, depuis hier je suis spammé de mails de twitch me disant que des gens que je suis jouent à bloodborne ^^
2015-03-26T20:41:04 <wildfier> c'est dur de résister
2015-03-26T20:41:34 <ELiDYROS> eheh
2015-03-26T20:41:45 <ELiDYROS> je voulais streamer un peu aussi ce soir mais bon
2015-03-26T20:42:05 <wildfier> t'as la connexion qui faut ?
2015-03-26T20:42:35 <wildfier> (et la carte d'acquisition pour capturer la console ?)
2015-03-26T20:42:48 <ELiDYROS> on peut streamer la PS4 depuis la console
2015-03-26T20:42:52 <wildfier> oh
2015-03-26T20:42:53 <ELiDYROS> et la connexion ça dépend des jours
2015-03-26T20:42:54 <wildfier> nice
2015-03-26T20:42:58 <wildfier> ok
2015-03-26T20:43:07 <ELiDYROS> des fois je peux faire du 720p des fois non
2015-03-26T20:43:37 <wildfier> je suis coincé en 360 ^^
2015-03-26T20:44:27 <ELiDYROS> depuis mon pc je peux stream en 1080p
2015-03-26T20:45:02 <wildfier> en faisant tourner DkS2 en même temps, je peux réver pour streamer en 1080 ^^
2015-03-26T20:45:27 <ELiDYROS> après sachant que même mes followers ne viennent jamais voir j'ai un peu la flemme lol
2015-03-26T20:45:38 <ELiDYROS> toutes les vues que j'ai fait ce sont des inconnus
2015-03-26T20:45:53 <wildfier> c'est le soucis quand presque personne ne te suis ouais
2015-03-26T20:46:18 <ELiDYROS> le soucis c'est que je stream pas forcément des jeux ultra populaires non plus
2015-03-26T20:47:03 <wildfier> tu streame quoi ? parce que sur le seedrun de DkS2, y a des petites communautés de mecs qui trainent tout le temps sur plein de streams
2015-03-26T20:47:36 <wildfier> donc j'ai assez souvent des gens que je croise ailleur sur mes streams
2015-03-26T20:47:59 <ELiDYROS> dernièrement, du Elite Dangerous, du retro ou des j-rpg
2015-03-26T20:48:04 <wildfier> (bon ça fait un peu streamer qui se regardent entre eux XD)
2015-03-26T20:50:22 <ELiDYROS> dommage que j'ai pas une 3DS modifiée
2015-03-26T20:50:34 <ELiDYROS> ça ferait 400 heures de streams
2015-03-26T20:53:22 <ELiDYROS> je pense pas streamer du bloodborne à terme car tout le monde le fera, et surement des gens meilleurs que moi
2015-03-26T20:53:28 <ELiDYROS> sauf si des potes me le demandent au pire
2015-03-26T20:55:51 <ELiDYROS> ce qui est dommage c'est que j'ai changé de connexion pour streamer et que les gens qui devaient m'aider à tout mettre en place m'ont laché
2015-03-26T20:56:03 <wildfier> oh pas cool
2015-03-26T20:56:42 <ELiDYROS> et je pense que certains de mes followers n'ont pas forcément envie de me faire de la pub non plus
2015-03-26T20:56:47 *** Fidzu s'est connecté
2015-03-26T20:56:54 *** Fidzu est parti
2015-03-26T20:57:04 <wildfier> ce passage éclair
2015-03-26T20:59:06 <ELiDYROS> enfin c'est dommage de devoir montrer du LoL ou CS:Go ou bien faire le comique pour attirer les gens
2015-03-26T21:00:02 <wildfier> après personellement à part si le jeu m'intéresse ou que c'est du speedrun, c'est pour les gens que je regarde les lives
2015-03-26T21:00:19 <ELiDYROS> oui bien sûr
2015-03-26T21:00:25 <wildfier> et encore que sur certains jeux
2015-03-26T21:00:33 <ELiDYROS> mais bon si même les potes ne viennent pas me donner leur avis difficile de commencer à m'améliorer
2015-03-26T21:00:50 <ELiDYROS> perso je m'entraine à speedruns mais sur des vieux jeux
2015-03-26T21:01:07 *** ValCab33 s'est connecté
2015-03-26T21:01:07 <wildfier> du genre ?
2015-03-26T21:01:13 <ValCab33> Boop
2015-03-26T21:01:31 <wildfier> je voulais me mettre au speedrun de Volgarr perso
2015-03-26T21:01:35 <wildfier> Salut ValCab33
2015-03-26T21:01:47 <ELiDYROS> en général tout ce est action/plateforme/scrolling horizontal en 2D
2015-03-26T21:03:39 <ELiDYROS> j'aimerais bien maitriser Alien Soldier sur MD mais c'est un des jeux les plus durs de la console il parait
2015-03-26T21:04:42 <ELiDYROS> faut que je jette un oeil à They Bleed Pixels aussi
2015-03-26T21:06:08 <ELiDYROS> je me débrouille pas trop mal sur Shinobi III aussi lol
2015-03-26T21:07:34 <ELiDYROS> après bon au micro j'ai l'avantage d'avoir une certaine connaissance du JV console de ces 20 dernières années
2015-03-26T21:07:54 <ELiDYROS> donc j'aurais peut être le moyen de bien tenir la discussion, enfin je pense
2015-03-26T21:09:53 <ELiDYROS> après le jeu que je "maitrise" (un bien grand mot) c'est monster hunter, mais je vois pas l'intérêt de tenter des trucs dessus
2015-03-26T21:10:53 <ELiDYROS> la communauté FR est un peu "spéciale" je dirais
2015-03-26T21:13:55 <ELiDYROS> ça serait bien que je meurs pas dans bloodborne après chaque message lol
2015-03-26T21:14:31 <wildfier> ^^
2015-03-26T21:14:58 <wildfier> j'ai appris à la dure à pas trop lire le chat sur certains passage du run de DkS 2 ^^
2015-03-26T21:15:09 <ELiDYROS> ouais enfin là je découvre le jeu
2015-03-26T21:15:28 <ELiDYROS> j'ai le jeu depuis mardi mais j'y ai à peine touché
2015-03-26T21:15:34 <ELiDYROS> trop pris sur mh4
2015-03-26T21:16:19 <wildfier> cool ^^ comme ça samedi tu sera pas déjà à la fin du jeu !
2015-03-26T21:16:53 <ELiDYROS> samedi ?
2015-03-26T21:16:58 <ELiDYROS> je pensais plutot à dimanche moi
2015-03-26T21:17:18 <wildfier> ouais, j'ai dis ça
2015-03-26T21:17:22 <wildfier> comme ça
2015-03-26T21:17:25 <ELiDYROS> oki
2015-03-26T21:17:31 <wildfier> j'ai rien de prévu ce we
2015-03-26T21:17:40 <ELiDYROS> normalement j'ai une grosse session irl mh4 samedi mais j'attends confirmation
2015-03-26T21:17:41 <wildfier> ((heu
2015-03-26T21:17:50 <ELiDYROS> si y a rien on fera ça samedi, sinon dimanche
2015-03-26T21:17:56 <wildfier> (heureusement qu'on se précise ça avant ^^)
2015-03-26T21:17:59 <ELiDYROS> ou les deux
2015-03-26T21:18:17 <wildfier> ^^
2015-03-26T21:18:33 <ELiDYROS> je suis quand même plus à l'aise que sur les souls là
2015-03-26T21:18:38 <ELiDYROS> moi qui aime la mobilité
2015-03-26T21:18:42 <wildfier> faut quand même que je me garde un peu de temps pour le taf ^^
2015-03-26T21:18:44 <ELiDYROS> mais j'ai toujours autant de mal avec la gestion des foules
2015-03-26T21:21:54 <ELiDYROS> et j'ai pas mal perdu aussi
2015-03-26T21:22:04 <ELiDYROS> j'ai à pein joué au 2
2015-03-26T21:25:21 <wildfier> j'ai eu un peu de mal à passer du 1 au 2, on verra si j'ai aussi du mal à m'adapter sur BB au début ^^
2015-03-26T21:25:56 <ELiDYROS> j'ai surtout joué à Demon's Soul
2015-03-26T21:26:19 <ELiDYROS> à l'époque j'ai acheté ma PS3 en même temps que la sortie du jeu au Japon
2015-03-26T21:26:20 <wildfier> faut que je le termine …
2015-03-26T21:26:42 <ELiDYROS> je pensais pas à ce moment là que ça deviendrait si populaire
2015-03-26T21:27:02 <wildfier> j'ai vraiment du mal sur cet ep ^^
2015-03-26T21:27:12 <ELiDYROS> les hitboxes sont fumées
2015-03-26T21:27:30 <wildfier> oui ^^
2015-03-26T21:27:44 <wildfier> et les roulades sont super chelous
2015-03-26T21:28:04 <ELiDYROS> oui
2015-03-26T21:28:28 <ELiDYROS> après niveau hitboxes y a bien pire
2015-03-26T21:28:39 <ELiDYROS> Monster Hunter c'est du grand n'importe quoi à ce niveau
2015-03-26T21:28:48 <ELiDYROS> c'est d'ailleurs ce qui m'énerve le plus dans ces jeux
2015-03-26T21:30:49 <ELiDYROS> et pourtant j'ai 1500 heures dessus
2015-03-26T21:31:05 <wildfier> ^^
2015-03-26T21:31:17 <ELiDYROS> si y avait pas le multi joueur j'aurais abandonné
2015-03-26T21:32:45 <ELiDYROS> purée ce level design
2015-03-26T21:32:52 <ELiDYROS> j'arrête pas de me perdre
2015-03-26T21:34:12 <wildfier> d'ailleur en parlant de level design, j'espère que sur BB ils ont plus fait un truc à la DkS1 que DkS2
2015-03-26T21:34:26 <ELiDYROS> oui
2015-03-26T21:34:33 <ELiDYROS> tout se rejoint
2015-03-26T21:34:38 <ELiDYROS> et y a des raccourcis partout
2015-03-26T21:35:19 <wildfier> cool
2015-03-26T21:35:28 <ELiDYROS> il me tarde de débloquer le générateur de donjons
2015-03-26T21:35:40 <wildfier> au niveau de la zone ou du monde entier ?
2015-03-26T21:35:56 <ELiDYROS> ?
2015-03-26T21:36:14 <wildfier> le level design où tout est connecté
2015-03-26T21:36:30 <ELiDYROS> beh je sais pas comme dark 1 quoi
2015-03-26T21:36:35 <wildfier> ok
2015-03-26T21:36:37 <wildfier> nice
2015-03-26T21:36:38 <ELiDYROS> tu ouvres des passages pour faciliter les trajets
2015-03-26T21:37:13 <wildfier> parce que pouvoir aller voir Quelaag juste grace au passe partout dès le début du jeu c'est cool
2015-03-26T21:37:45 <ELiDYROS> je me rappelle pas désolé
2015-03-26T21:38:37 <wildfier> bas tu peux suivre le chemin voulu par les devs ou complettement sauter plein de zones du jeu
2015-03-26T21:39:02 <ELiDYROS> oui je sais mais je parle du npc
2015-03-26T21:39:15 <wildfier> ah
2015-03-26T21:39:17 <ELiDYROS> bon afk boss
2015-03-26T21:39:26 <wildfier> le boss de la 2nd cloche
2015-03-26T21:39:35 <wildfier> l'araignée humaine du chaos
2015-03-26T21:42:40 <ELiDYROS> ah bah
2015-03-26T21:42:47 <ELiDYROS> j'ai encore bourré comme un teubé
2015-03-26T21:43:32 <ELiDYROS> mais j'ai récupéré la cloche
2015-03-26T21:44:05 <ELiDYROS> et je vais pouvoir levelup
2015-03-26T21:50:09 *** Fidzu s'est connecté
2015-03-26T21:50:17 <Fidzu> re
2015-03-26T22:17:00 *** Simplet_42 s'est connecté
2015-03-26T22:17:09 <Simplet_42> Salut les gens
2015-03-26T22:24:13 <wildfier> salut Simplet_42
2015-03-26T22:27:59 <Simplet_42> Ca va ?
2015-03-26T22:28:26 <wildfier> ouais et toi ?
2015-03-26T22:28:57 <Simplet_42> Ca va ^^
2015-03-26T22:31:19 <ELiDYROS> lol y a 25 000 personnes qui ont signé une pétition pour Bloodborne sur PC... ils ont rien compris
2015-03-26T22:31:31 <wildfier> ah l'espoir …
2015-03-26T22:31:34 <wildfier> c'est beau
2015-03-26T22:32:40 <ELiDYROS> autant faire une pétition pour avoir Mario sur Xbox ONe
2015-03-26T22:38:28 <Fidzu> yop
2015-03-26T22:38:40 <Fidzu> dsl pour le retard ..
2015-03-26T22:49:45 <Simplet_42> Hey Fidzu
2015-03-26T22:50:14 <Simplet_42> Tu t'rappelles du magasin qu'on avait vu samedi dernier ? J'pense tenter d'y allez voir demain aprem si j'ai le temps
2015-03-26T23:19:51 *** TrappyTickles est parti
2015-03-26T23:20:14 *** TrappyTickles s'est connecté
2015-03-26T23:21:07 <Fidzu> Simplet_42: j'y suis allé
2015-03-26T23:21:22 <Simplet_42> ah ouai ?
2015-03-26T23:21:32 <Fidzu> ouai
2015-03-26T23:21:38 <Simplet_42> Alors c'bien ^^ ?
2015-03-26T23:21:53 <Fidzu> ben pour mlp il n'y a que ca
2015-03-26T23:22:00 <Fidzu> http://www.google.fr/aclk?sa=L&ai=CHyS1dIYUVdH7DYLMiwb8voHoAsWzup4HlaaBkJEB5fTh_7ECCAkQASDezc8eKAlg-4GAgOgJyAEHqQI4sKVbgEOyPqoEJE_QyjQjVhr9usyfrbHqGlV59ugFPft6jggh7l0oGql9y_4h8cAFBaAGJoAHvdrnNogHAZAHAqgHpr4b2AcB4BLm-ZXco7WWq_IB&sig=AOD64_06ZKfF1oPeml-X3DNa0fsJoud23w&ctype=5&rct=j&q=&ved=0CH8Q1CkwAg&adurl=http://rover.ebay.com/rover/1/709-134431-418
2015-03-26T23:22:00 <Fidzu> 54-0/2%3Fipn%3Dicep%26icep_id%3D66%26mtid%3D1679%26kwid%3D1%26crlp%3D38972476061_564181%26icep_item_id%3D361240753984%26itemid%3D361240753984%26icep_meta_categ_id%3D220%26icep_etrs%3DY%26icep_epid%3D-999%26icep_ctlg%3D-999%26icep_cond%3Dnew%26targetid%3D82140756581%26rpc%3D0.07%26rpc_upld_id%3D45934%26device%3Dc%26icep_msku_flag%3Dn%26adtype%3Dpla
2015-03-26T23:22:16 <Fidzu> http://www.google.fr/aclk?sa=L&ai=CHyS1dIYUVdH7DYLMiwb8voHoAsWzup4HlaaBkJEB5fTh_7ECCAkQASDezc8eKAlg-4GAgOgJyAEHqQI4sKVbgEOyPqoEJE_QyjQjVhr9usyfrbHqGlV59ugFPft6jggh7l0oGql9y_4h8cAFBaAGJoAHvdrnNogHAZAHAqgHpr4b2AcB4BLm-ZXco7WWq_IB&sig=AOD64_06ZKfF1oPeml-X3DNa0fsJoud23w&adurl=http://rover.ebay.com/rover/1/709-134431-41854-0/2%3Fipn%3Dicep%26icep_id%3D6
2015-03-26T23:22:16 <Fidzu> 6%26mtid%3D1679%26kwid%3D1%26crlp%3D38972476061_564181%26icep_item_id%3D361240753984%26itemid%3D361240753984%26icep_meta_categ_id%3D220%26icep_etrs%3DY%26icep_epid%3D-999%26icep_ctlg%3D-999%26icep_cond%3Dnew%26targetid%3D82140756581%26rpc%3D0.07%26rpc_upld_id%3D45934%26device%3Dc%26icep_msku_flag%3Dn%26adtype%3Dpla&ctype=5&rct=j&q=&ei=dIYUVbzfC8jzU
2015-03-26T23:22:17 <Fidzu> oL3g7gJ&ved=0CIcBEKcrMAI
2015-03-26T23:22:19 <Simplet_42> Tu parles de quel magasin ?
2015-03-26T23:22:24 <Fidzu> http://www.ebay.fr/itm/like/361240753984?lpid=97
2015-03-26T23:22:34 <Fidzu> https://encrypted-tbn0.gstatic.com/shopping?q=tbn:ANd9GcREizxVhIAd5HJ6SMyE1AiJygO2HK-urj6XSwyYTaZAtFtRFg0P&usqp=CAY
2015-03-26T23:22:41 <Simplet_42> Moi j'parle du magasin avec les vieux appareils photos ^^
2015-03-26T23:22:55 <Simplet_42> Pas de Album, album je le connais déjà depuis longtemps :)
2015-03-26T23:22:56 <Fidzu> ah ^^
2015-03-26T23:22:59 <Fidzu> ah ok
2015-03-26T23:23:03 <Fidzu> ouai faudrais voir
2015-03-26T23:23:09 <Fidzu> c'etait une vrai mine d'or ce truc
2015-03-26T23:23:27 <Simplet_42> album ? Ouai faudrait que j'y retourne aussi si j'ai le temps ^^
2015-03-26T23:24:55 <Fidzu> nan le truc d'appareil photo
2015-03-26T23:25:42 <Simplet_42> Ah oui j'espère
2015-03-26T23:26:00 <Simplet_42> j'vais voir demain donc j'pourais te le dire ^^
2015-03-26T23:26:20 <Simplet_42> du moins si j'ai le temps
2015-03-26T23:31:37 <Simplet_42> enfin bref j'vais devoir vous laisser les gens tchao
2015-03-26T23:31:42 *** Simplet_42 est parti
2015-03-26T23:35:38 *** wildfier est parti
2015-03-26T23:52:57 *** ValCab33 est parti
2015-03-26T23:55:01 *** Fidzu est parti
