2015-02-11T00:02:07 *** flutterbrony s'est connecté
2015-02-11T00:03:28 *** ELiDYROS est parti
2015-02-11T00:20:01 *** ELiDYROS s'est connecté
2015-02-11T01:27:52 *** flutterbrony est parti
2015-02-11T01:43:58 *** ELiDYROS est parti
2015-02-11T02:00:04 *** MaCharon est parti
2015-02-11T05:48:46 *** flutterbrony s'est connecté
2015-02-11T05:56:10 *** flutterbrony est parti
2015-02-11T06:00:58 *** flutterbrony s'est connecté
2015-02-11T06:25:06 *** flutterbrony est parti
2015-02-11T06:47:18 *** Eclipse_au_dodo est parti
2015-02-11T08:49:42 *** adriens33 s'est connecté
2015-02-11T08:49:59 <adriens33> hello Lenile / strycore
2015-02-11T08:51:09 *** Gordfang s'est connecté
2015-02-11T08:52:47 <adriens33> tiens salut Q
2015-02-11T08:52:51 <adriens33> * Gordfang
2015-02-11T08:52:58 <adriens33> (foirage d'autocomplétion, dsl :p)
2015-02-11T08:52:59 <Gordfang> salut
2015-02-11T08:53:02 <Gordfang> ca va?
2015-02-11T08:53:14 <adriens33> (oui chez moi le Q est à côté du G cherche pas)
2015-02-11T08:53:18 <adriens33> bien et toi ?
2015-02-11T08:54:15 <Gordfang> trankil et toi?
2015-02-11T08:54:21 <adriens33> fail
2015-02-11T08:54:27 <adriens33> j'ai déjà répondu :D
2015-02-11T08:54:40 <adriens33> "ça va? —oui et toi? —oui et toi?"
2015-02-11T08:54:41 <adriens33> XD
2015-02-11T08:55:02 <Gordfang> un loop infinie de bonjour!
2015-02-11T08:55:06 <adriens33> ouai :D
2015-02-11T08:55:16 <adriens33> dis plutôt que t'a répondu sans brancher ton cerveau.
2015-02-11T08:55:16 <adriens33> XD
2015-02-11T08:55:30 <adriens33> (moi je triche je me bourre de café le matin, sinon je suis un zombie)
2015-02-11T08:55:54 <adriens33> (mais genre vraiment, je bouffe des cervelles et tout XD)
2015-02-11T08:56:03 <adriens33> (enfin ptet pas quand meme.)
2015-02-11T08:59:49 *** heuzef s'est connecté
2015-02-11T09:00:02 <adriens33> hello heuzef :D comment va ?
2015-02-11T09:00:18 <heuzef> ça roule
2015-02-11T09:00:25 <heuzef> Fatiguer en ce moment je dors pas beaucoup
2015-02-11T09:00:38 <adriens33> désolé de pas être venu hier à Giroll, mais je venais de me taper 15km à pattes à cause du tram donc j'avais pas envie de ressortir ^^"
2015-02-11T09:00:46 <adriens33> arf, comment ça se fait ?
2015-02-11T09:01:12 <heuzef> tain t'abuse quand même, je t'es attendu à Giroll toute la soirée
2015-02-11T09:01:27 <adriens33> bah désolé, j'avais hyper mal aux jambes.
2015-02-11T09:01:28 <heuzef> J'été venu exclusivement pour toi en plus
2015-02-11T09:01:34 <adriens33> ...
2015-02-11T09:01:43 <heuzef> Nan je déconne j'y suis pas aller
2015-02-11T09:01:45 <adriens33> tu me troll c'est ça?
2015-02-11T09:01:46 <adriens33> ah.
2015-02-11T09:01:52 <adriens33> enfoyray >_<
2015-02-11T09:02:05 <heuzef> Ba avec strycore au US c'est pas marrant giroll :D
2015-02-11T09:02:18 <adriens33> ah? je savais pas
2015-02-11T09:02:42 <adriens33> faut ramener bertrand alors, ça fera un trolleur.
2015-02-11T09:02:49 <adriens33> *de remplacement
2015-02-11T09:03:12 <heuzef> Il nous à lâchement abandonné au profit des Brony de LA
2015-02-11T09:03:20 <adriens33> :P
2015-02-11T09:03:41 <heuzef> "eux c'est des vrais Brony au moins" qu'il m'a dis :'(
2015-02-11T09:04:07 <adriens33> ouch
2015-02-11T09:04:11 <heuzef> !muffin strycore
2015-02-11T09:04:12 <adriens33> c'est pas gentil ça
2015-02-11T09:04:26 <heuzef> Il réagit même pas :D
2015-02-11T09:04:29 <adriens33> t'a oublié le m pour aller plus vite
2015-02-11T09:04:35 <adriens33> ouai je l'ai hl quand je suis arrive
2015-02-11T09:04:38 <adriens33> *arrivé
2015-02-11T09:04:41 <adriens33> et rien
2015-02-11T09:04:47 <adriens33> !muffin heuzef m
2015-02-11T09:04:52 <adriens33> :D
2015-02-11T09:04:59 <adriens33> merci berry :)
2015-02-11T09:05:02 <heuzef> C'est le genre de mec toujours co pour faire croire qu'il à pas de vie, mais en faite c'est un faible qui mange et qui dort comme nous
2015-02-11T09:05:46 <adriens33> XD
2015-02-11T09:06:07 <adriens33> oui mais toi c'est pas pareil, tu décuve tout le temps
2015-02-11T09:06:10 <adriens33> :D
2015-02-11T09:06:24 <adriens33> (faudra que je répare ce satané bug)
2015-02-11T09:07:25 <adriens33> mais oui, c'est ça.
2015-02-11T09:07:37 <heuzef> Ou comment fait un monologue sans passer pour un fou
2015-02-11T09:07:42 <adriens33> XD
2015-02-11T09:08:15 <adriens33> bah après je pense que je finirai par parser les logs pour ajouter pleins de triggers, commeça j'aurai plus à jouer avec !say XD
2015-02-11T09:08:26 <adriens33> parce que bon..
2015-02-11T09:08:26 <adriens33> XD
2015-02-11T09:10:33 <adriens33> heuzef il bosse lui
2015-02-11T09:10:54 <Gordfang> j'aime mon directeur...
2015-02-11T09:11:11 <Gordfang> "ici vous apprenez comment marche un outil! (imprimente 3D)"
2015-02-11T09:11:32 <adriens33> c'est quoi le souci en fait?
2015-02-11T09:11:40 <Gordfang> "mais vu que vous apprenez pas à vous en servir je vais pas m'en fournir une trololo"
2015-02-11T09:11:43 <adriens33> (ah pardon(
2015-02-11T09:11:52 <adriens33> ah ouai d'accord XD
2015-02-11T09:12:05 <adriens33> ce flemmard XD
2015-02-11T09:12:10 <Gordfang> pareil pour le coup de : 3 mois la livraison de matos pour mon labo (electro IT)
2015-02-11T09:12:34 <adriens33> ...
2015-02-11T09:12:35 <Gordfang> "ca va c'est pas long!"
2015-02-11T09:12:37 <adriens33> XD
2015-02-11T09:12:48 <adriens33> Non Berry, c'est pas ce genre de "matos"
2015-02-11T09:12:50 <Gordfang> sauf qu'une année en labo c'est que 8 mois...
2015-02-11T09:13:00 <adriens33> ah bah oui.
2015-02-11T09:13:21 <adriens33> du coup ça fait plus que 5 mois
2015-02-11T09:14:11 <Gordfang> yep...
2015-02-11T09:14:43 <adriens33> c'est vraiment des branleurs en fait. XD
2015-02-11T09:15:45 <Gordfang> notre directeur? non il est completement con des fois
2015-02-11T09:15:52 <adriens33> ahok
2015-02-11T09:15:52 <Gordfang> ou alors trop concentrer sur le fric...
2015-02-11T09:16:04 <adriens33> c'est un con, centré sur le fric ? :D
2015-02-11T09:16:12 <Gordfang> car bon nous : ne pas nous fournir un matos ok
2015-02-11T09:16:14 <adriens33> (pardonXD)
2015-02-11T09:16:28 <adriens33> (ouai limite quand même déjà)
2015-02-11T09:16:31 <Gordfang> mais pour les lim'art (les artiste donc) il veut retirer leur machine a coudre
2015-02-11T09:16:42 <adriens33> o.o
2015-02-11T09:16:46 <adriens33> ah ouai carrément
2015-02-11T09:17:10 <adriens33> toi, je t'emmerde ;)
2015-02-11T09:17:27 <Gordfang> XD
2015-02-11T09:17:35 <Gordfang> casser par un bot
2015-02-11T09:17:50 <adriens33> ouai...
2015-02-11T09:17:52 <adriens33> :(
2015-02-11T09:18:31 <Gordfang> wat! mais il est casser ton bot XD
2015-02-11T09:18:41 <adriens33> pourquoi ? o.o
2015-02-11T09:20:08 <Gordfang> il réagie chelou
2015-02-11T09:25:47 *** TrappyTickles s'est connecté
2015-02-11T09:25:58 <adriens33> salut TrappyTickles
2015-02-11T09:26:08 <TrappyTickles> oi
2015-02-11T09:42:35 <strycore> non mais ça va pas de me HL de bon matin heuzef ?
2015-02-11T09:42:42 <adriens33> XD
2015-02-11T09:43:07 <strycore> et je suis toujours connecté parce que j'ai fucking znc sur mon serveur
2015-02-11T09:43:10 <TrappyTickles> tsk free peut toujours bloquer tpb,... les absents ont toujours TOR :D
2015-02-11T09:43:20 <adriens33> TrappyTickles
2015-02-11T09:43:25 <adriens33> pas besoin de TOR...
2015-02-11T09:43:30 <adriens33> suffit de changer les dns.
2015-02-11T09:43:37 <adriens33> tu prends ceux d'opendns et c'est bon
2015-02-11T09:43:42 <adriens33> c'est ça le "blocage"
2015-02-11T09:43:47 <TrappyTickles> oui aussi... mais va faire ça sur windaube :p
2015-02-11T09:43:55 <adriens33> bah...
2015-02-11T09:44:20 <adriens33> paramètres réseau> ton interface (ethernet) > propriétés
2015-02-11T09:44:33 <adriens33> tcp/ip > et là tu change les dns
2015-02-11T09:44:39 <adriens33> :D
2015-02-11T09:45:04 <TrappyTickles> mmm faut voir :p
2015-02-11T09:45:28 <adriens33> ce "blocage" est basé sur le fait que les gens utilisent le DNS de leur FAI. ce qui n'est ni une obligation ni une fatalité, ça se modifie très facilement.
2015-02-11T09:46:11 <adriens33> donc en gros le blocage de TPB c'est du vent mouliné par des péquenauds qui n'y connaissent rien à l'Internet et tentent désespérément de garder leur bout de bifteck...
2015-02-11T09:46:22 <adriens33> sauf que le bifteck on l'a déjà bouffé.
2015-02-11T09:46:24 <TrappyTickles> ça voudrait dire que windows a téléchargé la liste des dns directemetn chez free?
2015-02-11T09:46:28 <adriens33> oui
2015-02-11T09:46:31 <strycore> j'ai pas constaté de blocage, que ce soit chez moi (Numericable) ou au boulot (Free)
2015-02-11T09:46:35 <adriens33> c'est ce qu'on appelle le DHCP mon ami :D
2015-02-11T09:46:43 <TrappyTickles> je croyais que ce genre de lsiteétait inclus dans windaube moi :o
2015-02-11T09:46:50 <strycore> !!
2015-02-11T09:46:59 <strycore> oui. la liste de tous les DNS du monde
2015-02-11T09:46:59 <adriens33> c'est comme ça qu'il récupère une ip à la co, avec la passerelle à utiliser et les dns du réseau.
2015-02-11T09:47:03 <TrappyTickles> et ej croyais que le dhcp se contentait de gérer les adresses ip
2015-02-11T09:47:08 <strycore> meme ceux du futur
2015-02-11T09:47:12 <adriens33> t'es fou? y'a plus de 4 milliards d'ip possibles XD
2015-02-11T09:47:17 <adriens33> rien qu'en ipv4
2015-02-11T09:47:23 <adriens33> imagine en ipv6..
2015-02-11T09:47:27 <TrappyTickles> non, les ip locales je parle
2015-02-11T09:47:30 <adriens33> ...
2015-02-11T09:47:36 <strycore> boah, ça tiens maintenant sur les disques durs actuels
2015-02-11T09:47:37 <adriens33> un DNS c'est pas en local
2015-02-11T09:47:46 <adriens33> par définition
2015-02-11T09:48:17 <TrappyTickles> mais quand tu branches un pc sur un routeur, le routeur lui attribue bien une adresse ip, non?
2015-02-11T09:48:18 <strycore> bah pourquoi
2015-02-11T09:48:23 <adriens33> le DHCP ça envoie toute la conf réseau: ip, netmask, passerelle par défaut, DNS à utiliser et nom de domaine local.
2015-02-11T09:48:26 <strycore> je peux installer bind9 en local
2015-02-11T09:48:34 <adriens33> strycore ouai pas faux
2015-02-11T09:48:59 <adriens33> mais bon bind il va jamais te retourner d'adresse en 192.168.x.y, par définition tu fous pas ça dans un DNS.
2015-02-11T09:49:15 <strycore> par contre ça deviens vite le merdier si tout le monde installe bind9  ^^
2015-02-11T09:49:47 <adriens33> TrappyTickles voilà à quoi ça sert de bidouiller du linux :D
2015-02-11T09:49:57 <strycore> bah tu peux installer un bind sur un LAN pour resolver les nom vers les ips en 192.xx
2015-02-11T09:49:58 <adriens33> tu apprends plein de choses en configurant ton réseau à la main :D
2015-02-11T09:50:12 <adriens33> notamment que windows est mal branlé niveau config avancée.
2015-02-11T09:50:22 <adriens33> (pour la facilité d'accès j'entends)
2015-02-11T09:50:36 <strycore> s/ niveau config avancée././
2015-02-11T09:50:41 <adriens33> XD
2015-02-11T09:50:45 <adriens33> j'osais pas.
2015-02-11T09:50:56 <TrappyTickles> ça explique pourquoi j'ai toujours galérer à config des routeurs manuellement
2015-02-11T09:51:07 <adriens33> bah si tu met que l'ip c'est sur XD
2015-02-11T09:51:15 <TrappyTickles> et aussi pourquoi les routeurs cisco ont été ma hantise
2015-02-11T09:51:17 <adriens33> sans netmask l'ip sert à rien
2015-02-11T09:51:27 <adriens33> sans passerelle t'a accès qu'au lan
2015-02-11T09:51:40 <adriens33> et sans DNS t'a accès qu'aux ips, pas aux noms de domaine. :D
2015-02-11T09:52:48 <adriens33> TrappyTickles: http://fr.wikipedia.org/wiki/Dynamic_Host_Configuration_Protocol
2015-02-11T09:52:59 <strycore> heuzef, qu'est ce que ça va devienir giroll?
2015-02-11T09:53:27 <strycore> est ce que bronicub va absorber le peu de giroll qu'il reste?
2015-02-11T09:53:48 <heuzef> Possible
2015-02-11T09:54:05 <adriens33> Les Poneys Libres o//
2015-02-11T09:54:36 <heuzef> ça ferait pas de mal une bonne dose d'ouverture d'esprit au informaticien du libre gonflé de certitude
2015-02-11T09:54:49 <TrappyTickles> je vote pour :D
2015-02-11T09:54:50 <strycore> !!!
2015-02-11T09:55:50 <heuzef> Parceque entre les mec pro kro$oft anti-linux que je me traine à ma formation et les extrémistes de chez Giroll
2015-02-11T09:56:00 <heuzef> Y'a pas franchement de différence au final
2015-02-11T09:56:09 <adriens33> "extrémistes"
2015-02-11T09:56:14 <adriens33> t'y va fort heuzef
2015-02-11T09:56:21 <heuzef> Non non
2015-02-11T09:56:25 <adriens33> moi perso win me donne des boutons par expérience
2015-02-11T09:56:30 <TrappyTickles> oh crois moi, j'en ai vu des deux cotés aussi, extrémiste est approprié
2015-02-11T09:56:35 <adriens33> et je supporte pas qu'un ordi me commande.
2015-02-11T09:56:39 <adriens33> c'est pas extrémiste ça
2015-02-11T09:56:48 <adriens33> TrappyTickles oui mais y'a pas que ça..
2015-02-11T09:56:50 <TrappyTickles> t'es pas extremiste, j'ai réellement vu pire
2015-02-11T09:57:09 <heuzef> strycore est extrémiste par exemple
2015-02-11T09:57:26 <adriens33> bah encore heureux, moi je veux juste pouvoir faire ce que je veux de mon matos, c'est un juste retour des choses.
2015-02-11T09:57:30 <strycore> extremiste de quoi?
2015-02-11T09:57:38 <adriens33> je l'ai payé quand meme.
2015-02-11T09:57:44 <heuzef> Genre si tu boot sur un windows devant lui, juste ça, je pense que tu baisse grandement dans son estime :D
2015-02-11T09:58:03 <strycore> oh tu bootes sur ce que tu veux
2015-02-11T09:58:05 <adriens33> [troll]c'est pas  comme windows qui va prochainement passer en abonnement mensuel[/troll]
2015-02-11T09:58:18 <adriens33> tu paies même plus le droit d'utiliser windows.
2015-02-11T09:58:18 <strycore> tant que tu gardes ton windows loin de moi
2015-02-11T09:58:30 <adriens33> tu paies le droit d'utiliser windows pendant un mois.
2015-02-11T09:58:43 <adriens33> heuzef c'est compréhensible un peu
2015-02-11T09:59:01 <TrappyTickles> serieux, adriens33 ?? Je croyais que c'était jsute le xbox gold sur windows
2015-02-11T09:59:02 <strycore> mais franchement, Microsoft est un peu remonté dans mon estime
2015-02-11T09:59:12 <adriens33> TrappyTickles cherche Windows 365
2015-02-11T09:59:24 <strycore> c'est vraiment cool qu'ils se soient débarassé de Ballmer
2015-02-11T09:59:37 <adriens33> strycore je sais pas si ça va changer grand chose…
2015-02-11T09:59:46 <adriens33> (inertie, tout ça…)
2015-02-11T09:59:57 <adriens33> bon les gens je vous abandonne, faut que j'y go
2015-02-11T10:00:04 <adriens33> à tchao bonsoir o/
2015-02-11T10:00:11 *** adriens33 est parti
2015-02-11T10:00:20 <TrappyTickles> ah en fait ça sera un OS sur cloud, j'ai l'impression
2015-02-11T10:00:38 <TrappyTickles> bof, tous les OS sur cloud que j'ai essayé se sont plus ou moins cassés la gueule :p
2015-02-11T10:00:45 <TrappyTickles> même les gratuits :D
2015-02-11T10:01:49 <heuzef> Sauf que aucun d'eux de n’appelais big kro$oft
2015-02-11T10:01:53 <heuzef> C'est pas la même
2015-02-11T10:02:00 <strycore> mais n'imp
2015-02-11T10:02:08 <strycore> ils vont pas faire un OS cloud
2015-02-11T10:02:37 <heuzef> L'abonnement mensuel moi je dis que ça me surprendrais pas
2015-02-11T10:02:55 <strycore> déjà ils ont sorti un OS pour telephone sur PC, ils ont bien vu qu'ils s'étaient planté
2015-02-11T10:03:11 <strycore> vous le sortez d'ou cette histoire d'abonnement?
2015-02-11T10:03:52 <TrappyTickles> de google news
2015-02-11T10:03:54 <strycore> me faites pas être le mec qui defends MS sur IRC bordel (╯°□°）╯︵ ┻━┻
2015-02-11T10:04:19 <TrappyTickles> cherche a windows 360 sur google news
2015-02-11T10:05:23 <strycore> xbox 360 tu veux dire :D
2015-02-11T10:05:32 <strycore> c'est xbox noe maintenant
2015-02-11T10:05:34 <strycore> one
2015-02-11T10:05:54 <TrappyTickles> nonon y a vraiment une marque windows 360 qu'ils ont enregistré
2015-02-11T10:06:04 <strycore> 365
2015-02-11T10:06:08 <TrappyTickles> et ils parlent d'abonnement payant et de truc sur cloud, comme pour office 360
2015-02-11T10:06:09 <strycore> bref
2015-02-11T10:06:22 <strycore> ils ont d'epos'e un nom de marque
2015-02-11T10:06:23 <TrappyTickles> tout le monde confond tfaçons
2015-02-11T10:06:37 <strycore> et les journaleux s'empressent de raconter de la merde par dessus
2015-02-11T10:07:55 <strycore> ça hurle le clickbait de partotu
2015-02-11T10:08:19 <TrappyTickles> c'est le problème avec la presse qui a dit oui a googoole
2015-02-11T10:13:11 <TrappyTickles> au fait qqn connait la date de diffusion de la s5?
2015-02-11T10:14:43 <heuzef> J'attend surtout le troisième film pour ma part
2015-02-11T10:14:54 <heuzef> J'espère qu'il va être aussi puissant qu'on le dit
2015-02-11T10:15:17 <strycore> le 12 avril 2015 http://www.imdb.com/title/tt3658012/combined
2015-02-11T10:15:48 <TrappyTickles> ...
2015-02-11T10:15:54 <TrappyTickles> et la trollface elle est ou?
2015-02-11T10:16:05 <strycore> ( ͡° ͜ʖ ͡°)
2015-02-11T10:17:34 <heuzef> D'ici quelque mois normalement pour la S5
2015-02-11T10:17:34 <heuzef> Pour le  film on peux espérer un long métrage gros budget extension de la série direct et pas un autre EQG
2015-02-11T10:18:11 <heuzef> Surtout on aurait un scénario des plus violent avec un réunions de tous les grands méchants
2015-02-11T10:18:27 <strycore> ლ(ಠ益ಠლ)
2015-02-11T10:18:55 <heuzef> Chrysalis, Discord, King Sombra, Tyrek et p-e même Nightmare Moon
2015-02-11T10:19:39 <heuzef> J'espère juste qu'on ne va pas être déçu
2015-02-11T10:20:05 <strycore> vous allez super loin dans le troll quand même
2015-02-11T10:20:17 <strycore> c'est déstabilisant
2015-02-11T10:20:34 <heuzef> ^^
2015-02-11T10:21:37 <heuzef> http://mylittlefacewhen.com/media/f/rsz/mlfw4989_small.jpg
2015-02-11T10:21:45 <strycore> "puissant", "gros budget", "plus violent" si tout ça c'est pour désigner ce que je crois ça va beaucoup trop loin pour moi…
2015-02-11T10:24:02 <heuzef> Pourquoi ? :/
2015-02-11T10:25:22 <strycore> parce que ça va bien au dela du metatroll
2015-02-11T10:26:04 <heuzef> http://mylittlefacewhen.com/media/f/rsz/mlfw3270_medium.jpg
2015-02-11T10:26:44 <strycore> (ノಠ益ಠ)ノ彡┻━┻
2015-02-11T10:27:15 <strycore> faudra qu'un jour je regarde un épisode
2015-02-11T10:27:51 <TrappyTickles> wat
2015-02-11T10:27:58 <strycore> inb4 http://strycore.com/images/why-the-fuck.jpg
2015-02-11T10:29:29 <heuzef> http://www.quickmeme.com/img/bb/bb314c32fe2da182078d8d1ccb5c90b068b861e7cac12bb9fb687f4f53df35f1.jpg
2015-02-11T10:30:47 <heuzef> strycore te conaissant tu devrais commencer par la : http://solarempire.fr
2015-02-11T10:30:50 <heuzef> :D
2015-02-11T10:31:01 <heuzef> Chut les autres, faut rien dire
2015-02-11T10:31:27 * strycore cringes
2015-02-11T10:32:53 <strycore> non mais c'est surement un meta-metatroll pour toi, mais moi je vois aucune différence avec le reste
2015-02-11T10:33:23 *** TrappyTickles est parti
2015-02-11T10:33:44 <heuzef> http://pinkie.mylittlefacewhen.com/media/f/img/mlfw8495-1351297872992193.gif
2015-02-11T10:34:35 <strycore> all the same to me
2015-02-11T10:35:49 <heuzef> http://pinkie.mylittlefacewhen.com/media/f/img/mlfw5329-multi-samefag.png
2015-02-11T10:35:56 <heuzef> On peux continuer longtemps comme ça :D
2015-02-11T10:36:12 *** TrappyTickles s'est connecté
2015-02-11T10:41:27 <strycore> normalement je release officiellement le Humble Star Wars Bundle sur Lutris ce soir
2015-02-11T11:36:52 *** heuzef est parti
2015-02-11T11:41:03 *** heuzef s'est connecté
2015-02-11T12:26:39 *** MaCharon s'est connecté
2015-02-11T12:26:50 <MaCharon> salut
2015-02-11T12:27:10 *** Gordfang est parti
2015-02-11T12:31:58 *** heuzef est parti
2015-02-11T12:41:45 *** adriens33 s'est connecté
2015-02-11T13:30:18 *** heuzef s'est connecté
2015-02-11T13:45:38 *** MaCharon est parti
2015-02-11T14:09:17 *** MaCharon s'est connecté
2015-02-11T14:33:47 *** adriens33 est parti
2015-02-11T14:38:31 *** Eclipse s'est connecté
2015-02-11T14:38:45 <Eclipse> Bonjour les gens
2015-02-11T14:38:51 <heuzef> yo
2015-02-11T14:38:57 <heuzef> Tiens Eclipse =)
2015-02-11T14:39:08 <heuzef> ça fait un moment
2015-02-11T14:39:15 <Eclipse> Hier :)
2015-02-11T14:39:19 <Eclipse> Soir
2015-02-11T14:39:39 <heuzef> tu te fait encore tyranniser par tes parent ?
2015-02-11T14:40:04 <Eclipse> Oui, j'ai pas toujours le temps de passer sur l'IRC
2015-02-11T14:42:39 <Eclipse> Mais j'ai un téléphone dont ils savent pas l'existence ^^
2015-02-11T14:49:02 <heuzef> ;)
2015-02-11T14:49:06 *** heuzef est parti
2015-02-11T14:49:33 *** heuzef s'est connecté
2015-02-11T14:51:16 *** Eclipse est parti
2015-02-11T15:26:52 <strycore> wtf
2015-02-11T15:33:39 <heuzef> strycorounet ?
2015-02-11T15:34:31 <heuzef>  :/
2015-02-11T15:34:36 <heuzef> !muffin strycore
2015-02-11T15:36:39 <strycore> non mais j'imaginais un type enfermé dans une cave par ses parents avec un vieux téléphone sous Android 2.3 avec un abo Free 2€
2015-02-11T15:36:42 <strycore> deprexim
2015-02-11T15:39:15 <heuzef> C'est ça
2015-02-11T15:39:22 <heuzef> strycore sinon
2015-02-11T15:39:48 <heuzef> Y'avais pas pour ambition de faire un nouveau site pour Giroll ? Avec agenda et tous le tralala ?
2015-02-11T15:40:05 <heuzef> S'en est où l'histoire ?
2015-02-11T15:40:35 <strycore> oh ben ça
2015-02-11T15:40:41 <strycore> vous vous débrouillez
2015-02-11T15:41:07 <heuzef> ?
2015-02-11T15:41:38 <strycore> ou sinon, je peux faire un site web. c'est $100/h (mais je descendrai à $60 pour Giroll)
2015-02-11T15:42:44 <heuzef> Et donc ? Ou en est où l'histoire ?
2015-02-11T15:43:00 <strycore> bah il y a rien de fait bien sur
2015-02-11T15:43:18 <heuzef> 'Tain ! Mais ça branle rien chez Giroll !
2015-02-11T15:44:03 <heuzef> Depuis tous ce temps ! Ca va bien faire dans les 2-3 ans que ça traine :/
2015-02-11T15:44:23 <heuzef> Je relativise sur BronyCUB finalement, on s'en sort bien :D
2015-02-11T15:45:50 <heuzef> En gros y'a que Yorick qui peut faire quelque chose à ce sujet mais il ne fera rien car il en à plein le cul de faire tourner le collectif tous seul
2015-02-11T15:46:07 <heuzef> Comme je le comprend ^^
2015-02-11T15:56:17 *** Eclipse s'est connecté
2015-02-11T15:56:19 <Eclipse> Re
2015-02-11T15:56:30 <Eclipse> Mon wifi a planté
2015-02-11T16:00:23 <strycore> non mais yorick il a déjà donné
2015-02-11T16:00:52 <strycore> maintenant il peut plus rien faire (et oui je comprends qu'il en ai pas non plus l'envie)
2015-02-11T16:01:01 *** Eclipse est parti
2015-02-11T16:01:22 <strycore> oui c'est ça Ping timeout avec ton tel sous gingerbread
2015-02-11T16:03:35 <strycore> mais bon, faut pas se leurrer, Giroll subi le même sors que le reste de Bordeaux
2015-02-11T16:04:30 <strycore> le collectif est en train de se faire engloutir par le néant, c'est l'Histoire sans fin qui se répète
2015-02-11T16:06:07 <heuzef> le même sors que le reste de Bordeaux ?
2015-02-11T16:07:10 <strycore> bah c'est en train de mourrir
2015-02-11T16:07:15 <strycore> c'est évident
2015-02-11T16:07:32 <heuzef> Bordeaux serais donc en train de mourrir :/
2015-02-11T16:07:40 <heuzef> Et bien
2015-02-11T16:07:56 <strycore> bah oui, et je dis Bordeaux parce que j'y habite mais ça s'étends surement au dela
2015-02-11T16:08:08 <heuzef> Genre c'est la fin du monde ?
2015-02-11T16:08:10 <heuzef> :D
2015-02-11T16:08:17 <strycore> ouais
2015-02-11T16:08:39 <strycore> les gens vont mourrir d'incompétence et d'inactivité
2015-02-11T16:08:52 <heuzef> Ce qui ce passe dans ta tête ne cessera jamais de m'étonner
2015-02-11T16:09:18 <strycore> j'espère juste que LA soit suffisament grand pour que ce ne soit pas touché
2015-02-11T16:09:25 <strycore> euh…
2015-02-11T16:09:33 <strycore> c'est pas vraiment dans ma tête
2015-02-11T16:10:56 <strycore> j'ai connu une époque ou il y avait des Barcamp, ou il y avait 20 personnes aux apéros Ruby, ou on sortait boire des verres après Giroll, ou il y avait un BordeauxJS tous les mois
2015-02-11T16:11:12 <strycore> et je suis vraiment pas resté a Bordeaux longtemps hein
2015-02-11T16:13:44 <heuzef> J'ai connu cette époque
2015-02-11T16:13:57 <strycore> bah ouais. c'était il y a 2 ans~
2015-02-11T16:13:59 <strycore> !
2015-02-11T16:14:16 <heuzef> Mais tu parle d'un environnement geek
2015-02-11T16:14:24 <strycore> et?
2015-02-11T16:14:27 <heuzef> Bordeaux ça n'est pas que ça
2015-02-11T16:14:54 <strycore> après Bordeaux, j'aime pas spécialement
2015-02-11T16:15:30 <strycore> les milieux geeks sont justement des milieux ou je ne trouve pas les gens détestables
2015-02-11T16:16:16 <heuzef> Si tu es en manque sociale mais en même temps misanthrope et un éternel insatisfait aussi ...
2015-02-11T16:16:39 <heuzef> Par contre si tu veux un peu de sucre dans ta vie je peux toujours t'inscrire à la ML de BronyCUB :D
2015-02-11T16:16:52 <strycore> bah franchement Bordeaux aide pas ma misanthropie :/
2015-02-11T16:18:17 <strycore> bref, dans un mois je reboote tout, donc c'est plus très grave
2015-02-11T16:19:20 <heuzef> Tu te casse définitivement au US ?
2015-02-11T16:20:31 <strycore> bah oui
2015-02-11T16:21:39 <heuzef> Autant dans le cas de nestib je m'en foutais
2015-02-11T16:21:42 <TrappyTickles> cte veine :o
2015-02-11T16:21:48 <heuzef> Mais toi c'est pas la même
2015-02-11T16:21:55 <heuzef> Ca me fait bien chier
2015-02-11T16:22:09 <TrappyTickles> cque je ferais pas pour aller aux US même un weekend (de préférence coté texas ou canada)
2015-02-11T16:23:03 <heuzef> Ouais ba nan merci je te laisse ma place, je préfère largement la FR aux US
2015-02-11T16:24:08 <TrappyTickles> en même temps, j'irais pas pour le paysage, mais pour voir des potes à moi que je creve d'envie de voir en vrai... c'est sur que j'aimerais pas y rester non plus :p
2015-02-11T16:24:52 <strycore> non mais je repasserai surement de temps en temps en france quand même, et je pourrais même faire un saut a Bordeaux (si ça existe encore)
2015-02-11T16:25:15 <TrappyTickles> pkoi bordeaux existerait plus?
2015-02-11T16:25:33 <strycore> bah comme je disais plus haut, c'est en train de mourrir ;p
2015-02-11T16:26:00 <TrappyTickles> j'ai pas lu, je viens de re.. jvais regarder
2015-02-11T16:27:27 <TrappyTickles> mmm j'ai pas tout compris en fait :p
2015-02-11T16:28:00 <heuzef> strycore, j'espere que dans quelques année tu va comprendre que tu n'es qu'un sale cynique de merde et que tu va finalement changer d'avis et revenir à Bordeaux
2015-02-11T16:29:37 <strycore> bah si je reviens en France c'est que j'aurais salement échoué aux US (en tant que freelance, CEO d'une startup ou potentiel salarié d'une boite)
2015-02-11T16:30:03 <strycore> et si je reviens je pense que je retournerai a Montpellier ^^
2015-02-11T16:30:17 <strycore> parce que bon, 3 semaines d'été ça fait un peu short
2015-02-11T16:33:26 <heuzef> grrr
2015-02-11T16:34:25 <heuzef> Tu fait chier !
2015-02-11T16:34:33 <strycore> je vais pas revenir ou rester a Bordeaux juste pour Giroll même si j'aime bien Giroll :p
2015-02-11T16:36:11 <heuzef> Tu va laisser plein de gens sur la touche quand même
2015-02-11T16:36:35 <heuzef> tu as une femme aussi il me semble, elle va rester en france ?
2015-02-11T16:37:41 <strycore> non, j'ai personne, ,ca fait plus d'un an que j'habite avec mon ex
2015-02-11T16:38:21 <strycore> et je reste accessible via le net, ce qui en gros ne changera pas grand chose
2015-02-11T16:42:02 <heuzef> Mouuuais :/
2015-02-11T16:46:01 <strycore> et ce serait cruel de ta part que tu souhaite que je continue a vivre comme je vis actuellement :p
2015-02-11T16:48:15 *** ELiDYROS s'est connecté
2015-02-11T16:50:36 <heuzef> strycore:
2015-02-11T16:50:47 <strycore> heuzef:
2015-02-11T16:51:05 <heuzef> c'est que j'ai dans l'idée que tu es surtout le seul qui t'empêche d'être heureux ^^
2015-02-11T16:51:06 <heuzef> strycore:
2015-02-11T16:51:31 <heuzef> Le lieu géographique n'y changera peut-être rien
2015-02-11T16:51:53 <strycore> disons que les conditions actuelles n'aident pas vraiment
2015-02-11T16:52:28 <strycore> et monter une startup en france, excuse moi, mais lol
2015-02-11T16:52:46 <strycore> être freelance en france idem
2015-02-11T16:52:59 <strycore> ou avoir un salaire correct idem
2015-02-11T16:53:24 <strycore> j'ai l'impression qu'on s'est bien foutu de ma gueule pendant tout ce temps
2015-02-11T16:53:48 <heuzef> Tu auras des choses en plus ailleur, mais n'oublie pas aussi qu'il va t'en manquer
2015-02-11T16:53:56 <strycore> surement
2015-02-11T16:53:58 <heuzef> L'herbe est toujours plus verte ailleurs hein ...
2015-02-11T16:54:16 <strycore> il y a toujours des compromis
2015-02-11T16:54:35 <heuzef> ;)
2015-02-11T16:54:36 <strycore> seulement je n'ai pas grand chose a regretter de ce que j'ai actuellement
2015-02-11T16:54:50 <heuzef> ok ok
2015-02-11T16:54:59 <heuzef> ça ne peux donc être qu'une bonne chose
2015-02-11T16:55:10 <strycore> yep
2015-02-11T17:00:07 *** adriens33 s'est connecté
2015-02-11T17:06:19 <heuzef> C'est marrant ça en réécoutant les tubes d'Eminem
2015-02-11T17:06:52 <heuzef> Je trouve que la parody The Real Pink Pony est encore mieux que l’orignal en faite
2015-02-11T17:07:28 <heuzef> Faut croire que Pinky est encore plus classe que n'importe quel rapeur
2015-02-11T17:07:40 <strycore> o_o
2015-02-11T17:07:52 <strycore> (ノಠ益ಠ)ノ彡┻━┻
2015-02-11T17:08:00 <adriens33> strycore qui rage. :D
2015-02-11T17:08:19 *** ELiDYROS est parti
2015-02-11T17:08:46 * strycore vole la vodka de Berry-Punch 
2015-02-11T17:09:04 <adriens33> tiens berry
2015-02-11T17:09:08 <strycore> je vais boire pour oublier ce que dis heuzef
2015-02-11T17:09:13 * adriens33 lui en passe une autre
2015-02-11T17:10:26 <heuzef> Nan mais c'est vrais, j'aime bien eminem à la base c'est "sympa"
2015-02-11T17:10:41 <heuzef> Sauf que Pinky pète la classe j'y peux rien ^^'
2015-02-11T17:10:48 <adriens33> totalement d'accord. /)
2015-02-11T17:10:58 <adriens33> :D
2015-02-11T17:11:01 <heuzef> Déjà juste le concept d'un poney rose qui rap comment tu veux lutter
2015-02-11T17:11:06 <adriens33> trop XD
2015-02-11T17:13:51 <strycore> je vais faire un clip avec un lama mauve qui reprend Backstreet Boys et ce sera le meilleur truc au monde?
2015-02-11T17:14:02 <adriens33> non
2015-02-11T17:14:10 <adriens33> parce que y'aura pas Pinkie Pie dedans.
2015-02-11T17:14:12 <adriens33> :D
2015-02-11T17:16:58 <strycore> c'est vraiment le troll ultime ce truc de ponays
2015-02-11T17:17:09 <adriens33> c'toi le troll
2015-02-11T17:19:52 *** ELiDYROS s'est connecté
2015-02-11T17:22:48 <heuzef> Mais nan strycore, c'est juste que les chats ont céder leur place d'être suprême sur le net
2015-02-11T17:23:01 <heuzef> (n'en déplaise à Nyan Cat :3)
2015-02-11T17:24:13 <strycore> nyan cat c'est principalement un pop-tart
2015-02-11T17:24:38 <strycore> et les chats dominent le monde, pas le net en particulier
2015-02-11T17:24:53 <heuzef> Faux et faux
2015-02-11T17:28:46 <strycore> •ᴥ•
2015-02-11T17:58:28 *** aragox s'est connecté
2015-02-11T17:58:33 <aragox> salut
2015-02-11T18:02:33 <TrappyTickles> oi
2015-02-11T18:03:44 <aragox> comment va ?
2015-02-11T18:04:08 <TrappyTickles> fatigué... mais au moins y fait pas froid dehors :p
2015-02-11T18:04:15 <aragox> yep
2015-02-11T18:12:09 <ELiDYROS> Tiens Berry-Punch qui me dit bonjour, bah hello
2015-02-11T18:14:36 *** aragox est parti
2015-02-11T19:11:52 *** ELiDYROS est parti
2015-02-11T19:14:24 *** adriens33 est parti
2015-02-11T19:15:16 *** adriens33 s'est connecté
2015-02-11T19:42:10 *** adriens33 est parti
2015-02-11T19:42:25 *** heuzef est parti
2015-02-11T21:36:46 *** ELiDYROS s'est connecté
2015-02-11T21:55:22 <Lenile> Bon ben j''ai 1 mois pour réviser mes manuels de Gendarmerie
2015-02-11T21:55:53 <Lenile> En gros stfu je vous verrais plus pendant 1 mois
2015-02-11T22:04:39 <MaCharon> bon ben adieu alors ;)
2015-02-11T22:05:31 <ELiDYROS> Gendarmerie ..?
2015-02-11T22:29:09 <Lenile> Ouais, Gendarmerie
2015-02-11T22:29:21 <ELiDYROS> étonnant
2015-02-11T22:29:31 <Lenile> J'risque de plus faire partit du collectif des mon entrée en école
2015-02-11T22:29:35 <Lenile> Pourquoi ?
2015-02-11T22:30:58 <ELiDYROS> Je sais pas, de mémoire tu es vachement jeune, du coup vouloir être gendarem, je sais pas
2015-02-11T22:33:08 <Lenile> J'ai 20 ans ._;
2015-02-11T22:38:29 <ELiDYROS> C'est bien ce que je dis
2015-02-11T22:38:46 <ELiDYROS> La plupart des gens que je connais à 20 ans sont encore à la fac
2015-02-11T22:41:09 <Lenile> Et moi j'ai 20 ans et je suis en seconde
2015-02-11T22:41:27 <ELiDYROS> Hein ?
2015-02-11T22:41:51 <Lenile> Et ouais
2015-02-11T22:41:55 <Lenile> Seconde Bac Pro
2015-02-11T22:41:58 <Lenile> à 20 ans
2015-02-11T22:42:07 <ELiDYROS> D'accord
2015-02-11T22:42:23 <ELiDYROS> Je connais pas les formations pro donc je sais pas quel est l'age moyen
2015-02-11T22:42:51 <Lenile> 14 - 15 an
2015-02-11T22:42:53 <Lenile> ans*
2015-02-11T22:43:02 <Lenile> 16 / 17 pour les redoublant
2015-02-11T22:43:10 <Lenile> 18 / 19 pour les autistes
2015-02-11T22:43:20 <Lenile> et 20+ pour les incapables
2015-02-11T22:43:26 <ELiDYROS> :|
2015-02-11T22:43:48 <Lenile> J'suis 0 en théorique
2015-02-11T22:47:16 <Lenile> Donc tu vois le retard que j'ai ._.7
2015-02-11T22:47:40 <ELiDYROS> Désolé
2015-02-11T22:49:51 <Lenile> Np
2015-02-11T22:50:39 <ELiDYROS> C'est à cause de soucis personnels entre temps ?
2015-02-11T22:50:51 <Lenile> Nope
