2015-02-17T00:04:14 <Nilino> Oups désolé, j'avais un Skype call
2015-02-17T00:04:56 <Nilino> Nilino ou Matthieu (mais Matthieu était déjà pris)
2015-02-17T00:05:16 <Nilino> Brony depuis un petit moment maintenant... genre mai 2011 environ
2015-02-17T00:05:41 <Nilino> J'habite entre Nantes et Toulouse
2015-02-17T00:05:58 <Nilino> Je suis en formation par alternance : un mois à Nantes, un mois à Toulouse
2015-02-17T00:06:33 <Nilino> Et le week-end prochain, je suis à 2h30 et environ 15€ de Bordeaux, alors pourquoi ne pas rendre visite à cette belle ville et la petite communauté Brony qui s'est installée ?
2015-02-17T00:06:45 <Nilino> J'avoue que j'ai rencontré pas mal de gens, mais pas encore les bordelais
2015-02-17T00:09:55 <Nilino> Accessoirement, je fais partie de l'orga des BronyDays
2015-02-17T00:10:25 <Nilino> Et comme ça me prend déjà BEAUCOUP de temps, c'est à peu près tout ^^
2015-02-17T00:11:44 <Nilino> Bon, j'essaie de vous organiser un petit truc le samedi :
2015-02-17T00:12:01 <Nilino> Bowling, lucifer, QG ?
2015-02-17T00:12:10 <Nilino> Je me suis inspiré de Dawnio
2015-02-17T00:12:38 <Nilino> Je vais appeler le Calice, je mets les horaires au propre et je crée l'évent
2015-02-17T00:13:22 <Lenile2> Ok
2015-02-17T00:13:27 <Lenile2> Par contre j'ai aps de sous
2015-02-17T00:13:34 <Lenile2> Donc je suis pectateur o/
2015-02-17T00:14:06 <Nilino> Tu es déjà allé au QG ?
2015-02-17T00:14:11 <Lenile2> LOuais
2015-02-17T00:14:21 *** ELiDYROS s'est connecté
2015-02-17T00:14:21 <Nilino> ça se passe comment généralement ?
2015-02-17T00:14:37 <Lenile2> JDR habituellement
2015-02-17T00:14:48 <Nilino> c'est pas Heuzef qui a du jdr ?
2015-02-17T00:14:56 <Nilino> Sinon, ça passe du karaoké là bas ?
2015-02-17T00:15:08 <Nilino> Je ne connais pas trop le principe
2015-02-17T00:15:55 <Lenile2> Moi non plus ._.
2015-02-17T00:16:27 <Nilino> J'ai du mal à voir comment ça se passe....
2015-02-17T00:16:44 <Nilino> Si tu te mets à chanter, tu te fais jeter par ceux qui font tranquillement du jdr àcôté ?
2015-02-17T00:16:51 <Lenile2> Non ._.
2015-02-17T00:18:31 <Lenile2> t'a 2 etage
2015-02-17T00:19:30 <Nilino> Il y a des écrans ?
2015-02-17T00:21:20 <Lenile2> ouais
2015-02-17T00:21:47 <Nilino> Bah, surtout écrans, micros. Après le pc je peux ramener mon portable
2015-02-17T00:21:55 <Nilino> Si on veut faire du karaoké
2015-02-17T00:22:04 <Nilino> après, j'avoue que je suis en mode #yolo
2015-02-17T00:22:05 <Lenile2> Je chante pas o/
2015-02-17T00:22:20 <Lenile2> J'ai un micro ca ous
2015-02-17T00:22:20 <Nilino> C'est pas grave ^^
2015-02-17T00:22:53 <Nilino> c'est un micro usb ?
2015-02-17T00:22:58 <Lenile2> ouais
2015-02-17T00:23:09 <Lenile2> Micro casque et micro simple
2015-02-17T00:23:22 <Nilino> cool !
2015-02-17T00:23:38 <Nilino> Bon, on va trouver moyen de faire un truc
2015-02-17T00:35:52 <Lenile2> Cher moi t'a qu'une regle
2015-02-17T00:47:11 <Nilino> Pas de souci de ce côté xd
2015-02-17T00:48:09 <Nilino> SI je ramène un sac de couchage, ça suffit ?
2015-02-17T00:50:39 <Nilino> Bon, je vais faire dodo (lever tôt demain...) on se recontacte demain pour les détails ?
2015-02-17T00:50:47 <Nilino> Sur ce, banane nuit
2015-02-17T00:53:09 *** Nilino est parti
2015-02-17T01:36:49 *** MaCharon est parti
2015-02-17T02:20:22 *** ELiDYROS est parti
2015-02-17T03:18:25 *** Gordfang est parti
2015-02-17T10:57:12 *** adriens33 s'est connecté
2015-02-17T11:19:33 <adriens33> hello everypony
2015-02-17T11:41:22 <Lenile> Yow
2015-02-17T12:08:04 <Lenile> Comment va adriens33  ?
2015-02-17T12:08:11 <adriens33> bien et toi ?
2015-02-17T12:09:20 <Lenile> Bien bien
2015-02-17T12:10:07 <adriens33> XD
2015-02-17T12:11:32 <Lenile> On s'ammuse bien avec els anglais :')
2015-02-17T12:18:11 *** MaCharon s'est connecté
2015-02-17T12:29:55 <adriens33> hello MaCharon
2015-02-17T12:30:03 <MaCharon> salut
2015-02-17T12:30:13 <MaCharon> va bien ?
2015-02-17T12:31:18 <adriens33> ça va, et toi ?
2015-02-17T12:31:42 <MaCharon> tranquille, je glande pour changer ^^
2015-02-17T12:32:34 <adriens33> XD
2015-02-17T12:34:25 <Lenile> Vive le glandage o/
2015-02-17T12:34:56 <MaCharon> à qui le dis tu !
2015-02-17T12:36:09 *** Gordfang s'est connecté
2015-02-17T12:36:11 <Gordfang> plop!
2015-02-17T12:36:16 <Lenile> Yop
2015-02-17T12:36:30 <MaCharon> slt
2015-02-17T12:36:50 <MaCharon> ah bah c'est la bonne heure
2015-02-17T12:36:59 <Gordfang> yep
2015-02-17T12:41:28 <adriens33> Hello Gordfang
2015-02-17T12:43:28 <Lenile> Vous voulez venir faire une Lan cher moi cet apres ? o/
2015-02-17T12:43:33 <Lenile> xD
2015-02-17T12:44:12 <MaCharon> pas possible faut que je bouge cet aprem :/
2015-02-17T12:44:34 <MaCharon> faut que je leve mon cul de mon canapé T_T
2015-02-17T12:46:12 <Lenile> Bonne chnace o/
2015-02-17T12:46:26 <MaCharon> ouai ça va etre dur
2015-02-17T12:47:26 <Gordfang> désolé lenile je suis pas sur bordeaux ^^
2015-02-17T12:55:30 <Lenile> Fait froid cher moi ._.
2015-02-17T12:58:16 <adriens33> Lenile y'a giroll a 18h30 narmolement nan?
2015-02-17T12:58:40 <adriens33> (et si t'as froid ramène-toi quelqu'un ;) )
2015-02-17T13:02:21 <Lenile> T'a qu'a venir toi o/
2015-02-17T13:02:35 <adriens33> euhhhh... non pas pour te réchauffer ><
2015-02-17T13:03:16 <Lenile> Ouais mais Giroll s'bien pour vous ._.
2015-02-17T13:03:22 <Lenile> Je vais y fairequoi moi ? ._.
2015-02-17T13:05:45 <adriens33> bah t'es pas obligé de viendre, mais bon si tu fais une lan ajd t'aura peu de geeks XD parce que y'a giroll ce soir :P
2015-02-17T13:06:01 <Lenile> Pas grave o/
2015-02-17T13:18:35 <Lenile> Motivation : Sortir acheter des cigarettes
2015-02-17T13:18:38 <Lenile> o/
2015-02-17T13:20:42 <strycore> <Lenile> Je vais y fairequoi moi ? ._.
2015-02-17T13:20:55 <strycore> ptain c'est vrai on va faire quoi a Giroll?
2015-02-17T13:21:10 <strycore> je vais organiser un atelier
2015-02-17T13:22:24 *** TrappyTickles s'est connecté
2015-02-17T13:23:18 <TrappyTickles> oi tt le monde
2015-02-17T13:23:39 <adriens33> hello
2015-02-17T13:23:42 <MaCharon> salut
2015-02-17T13:23:44 <TrappyTickles> adriens33, tu vas a giroll ce soir? ^^
2015-02-17T13:23:49 <adriens33> yep
2015-02-17T13:23:51 <adriens33> :D
2015-02-17T13:23:54 <adriens33> t'a eu mon mail?
2015-02-17T13:24:30 <TrappyTickles> jvais voir
2015-02-17T13:25:23 <adriens33> c'pour le serveur minecraft^^ j'en ai envoyé un autre sur la ML pour préviendre tout le monde
2015-02-17T13:25:23 <TrappyTickles> c'est pas sur que jpuisse venir, ma femme est malade, si jamais je dis rien, c'est que je viens
2015-02-17T13:25:33 <adriens33> merde, décidément XD
2015-02-17T13:25:39 <TrappyTickles> ok cool ^^ mci
2015-02-17T13:26:03 <TrappyTickles> en principe c'est bon, elle dormira ce soir
2015-02-17T13:26:24 <TrappyTickles> je suis sur qu'a 90% en fait
2015-02-17T13:26:35 <adriens33> J'ai importé toute la map sur mon serv, c'est mieux que juste ton chateau XD
2015-02-17T13:26:50 <adriens33> et ça évite d'avoir 2 serv minecraft pour rien en plus comme ça
2015-02-17T13:26:52 <TrappyTickles> prends le cable avec toi quand même lol
2015-02-17T13:26:57 <adriens33> oui oui tkt
2015-02-17T13:27:24 <TrappyTickles> mm cool, mais ça marche avec la conf?
2015-02-17T13:28:37 <TrappyTickles> ah jvois ta mis en 1.7.2
2015-02-17T13:28:49 <TrappyTickles> oki ^^
2015-02-17T13:29:05 <adriens33> bawi^^
2015-02-17T13:29:17 <adriens33> j'ai juste un plugin qui marchait pas mais c'pas un important
2015-02-17T13:29:21 <adriens33> y'a des classes ^^
2015-02-17T13:30:17 <strycore> bon j'ai pas d'idée
2015-02-17T13:30:27 <adriens33> donc toi bah je mettrai brony de base^^ sinon par défaut n'importe qui peut venir
2015-02-17T13:30:34 <adriens33> mais c'est en visiteur par défaut
2015-02-17T13:30:43 <adriens33> =tu peux rien modifier, seulement look :D
2015-02-17T13:31:01 <adriens33> (et y'a un pénitencier, donc faut faire gaffe à son cul XD)
2015-02-17T13:31:25 <TrappyTickles> ben tu peux faire une base pony. genre earth pony, pegasi, unicorn et tout :p
2015-02-17T13:31:57 <TrappyTickles> même si on est humanoide, pas grave :p
2015-02-17T13:32:19 <adriens33> ahwi c'pas con
2015-02-17T13:32:37 <adriens33> après les classes c'est pour gérer qui a acces a quoi aussi XD
2015-02-17T13:32:54 <adriens33> (genre imagine seul les pegasi auraient accès au /fly :D
2015-02-17T13:32:54 <adriens33> )
2015-02-17T13:33:09 <adriens33> tiens c't'une idée ça.
2015-02-17T13:33:22 <TrappyTickles> ben blicorn pour les admins, pegasi ceux qui pevent voler, chai pas XD
2015-02-17T13:33:30 <TrappyTickles> voila :p
2015-02-17T13:33:56 <adriens33> arf je vais devoir replonger le pif dans la conf o// yay XD (je ferai ça a giroll tiens :P)
2015-02-17T13:34:57 <TrappyTickles> faut que je reskin mon perso aussi tiens, j'avais eu une idée pour mon oc
2015-02-17T13:37:43 <adriens33> j'ai oublié, ton oc est quoi comme type déjà ?
2015-02-17T13:37:44 <adriens33> ^^"
2015-02-17T13:37:52 <adriens33> (que je te mette la bonne classe)
2015-02-17T13:38:06 <TrappyTickles> pegasus ^^
2015-02-17T13:38:33 <adriens33> ah ok :D
2015-02-17T13:44:04 <TrappyTickles> tain hier cque j'ai trouvé
2015-02-17T13:44:56 <adriens33> (ayé c'est fait ^^ tu peux viendre voir s'tu veux)
2015-02-17T13:45:01 <adriens33> oui?
2015-02-17T13:45:27 <TrappyTickles> y a eu une sortie officielle des comics de MLP y a un bail, par sizarette
2015-02-17T13:45:55 <TrappyTickles> ils ont abandonné mais urban kids a continué
2015-02-17T13:46:05 <adriens33> ah ?
2015-02-17T13:46:16 <TrappyTickles> jme suis pris les 4 volumes ^^
2015-02-17T13:47:17 <TrappyTickles> dedans y a ce qu'avait la 1ère édition (retour de chrysalis + mini series twilight et dashie),
2015-02-17T13:47:25 <Lenile> Re !
2015-02-17T13:48:20 <adriens33> cool
2015-02-17T13:48:21 <Lenile> Si vous avez besoin d'un moddeur pour MC je susi dispo
2015-02-17T13:48:22 <adriens33> re Lenile
2015-02-17T13:48:24 <TrappyTickles> mais aussi nightmare rarity, l'histoire avec big mac + celle de cadance + les mini series rarity et flutters
2015-02-17T13:48:33 <adriens33> Lenile on verra, why not ^^
2015-02-17T13:48:35 <TrappyTickles> re
2015-02-17T13:48:41 <strycore> jpense qu'il sont mort a Giroll
2015-02-17T13:48:57 <TrappyTickles> eh?
2015-02-17T13:49:01 <strycore> vous pouvez reprendre les locaux
2015-02-17T13:49:12 <strycore> appeler ça broniroll
2015-02-17T13:49:43 <TrappyTickles> mdr deal :p
2015-02-17T13:50:08 <TrappyTickles> quoique dit comme ça ça fait rickroll lol
2015-02-17T13:50:46 <TrappyTickles> broniroll: se faire troller par un brony? :p
2015-02-17T13:53:19 <adriens33> XD
2015-02-17T13:53:25 <adriens33> Mouhahaha on envahi le monde.
2015-02-17T13:53:26 <adriens33> :D
2015-02-17T13:54:17 <TrappyTickles> tiens y a un nouveau type de model pour le joueur?
2015-02-17T13:55:54 <adriens33> hein ?
2015-02-17T14:05:39 <TrappyTickles> t,as toujours steve par défaut mais ya aussi une nouvelle, alex
2015-02-17T14:07:41 <adriens33> ah?
2015-02-17T14:07:43 <adriens33> savais ps
2015-02-17T14:07:44 <adriens33> *pas
2015-02-17T14:08:07 <TrappyTickles> j'essaie de voir cque ça change
2015-02-17T14:09:47 <TrappyTickles> ah en fait c'est pour faire des filles et ça affecte qu'a partir des versions 1.8.x
2015-02-17T14:10:37 <TrappyTickles> c'est un model + fin
2015-02-17T14:11:00 *** MaCharon est parti
2015-02-17T14:15:52 <adriens33> ah
2015-02-17T14:34:25 <Lenile> J'aime le serveur internationnal o/
2015-02-17T14:57:22 <TrappyTickles> l'es beau mon chateau chez toi ^^
2015-02-17T14:58:00 <TrappyTickles> faudra que jle finisse quand j'aurai les perms
2015-02-17T14:59:39 <adriens33> comment ça ?
2015-02-17T15:00:53 <TrappyTickles> ben il était pas fini ^^
2015-02-17T15:01:04 <adriens33> ah merde j'ai pas mis le bon pseudo chui con ><
2015-02-17T15:01:25 <TrappyTickles> je pensais faire une sorte de donjon au centre
2015-02-17T15:01:34 <TrappyTickles> lol
2015-02-17T15:01:35 <adriens33> (c'est pour ça que t'a co en visiteur >< désolé)
2015-02-17T15:01:45 <TrappyTickles> ah ok jvois lol
2015-02-17T15:01:58 <adriens33> c'est bon
2015-02-17T15:02:17 <TrappyTickles> merki ^^
2015-02-17T15:03:04 <TrappyTickles> vu la tête des portraits aussi, jles changerai :p
2015-02-17T15:03:19 <adriens33> tu va reco du coup ? :P
2015-02-17T15:54:26 *** Yffrit s'est connecté
2015-02-17T15:54:57 <Yffrit> S'lut :)
2015-02-17T15:55:51 <adriens33> hello
2015-02-17T16:01:35 <Lenile> Yffrit
2015-02-17T16:01:49 <Lenile> o/
2015-02-17T16:02:29 <Yffrit> ... What !?
2015-02-17T16:03:26 <Lenile> xD
2015-02-17T16:03:28 <Lenile> Ton pseudo
2015-02-17T16:03:53 <Yffrit> ça n'a rien à voir avec un grec x)
2015-02-17T16:04:10 <Yffrit> Ah... C'est aussi un hélico dans Arma
2015-02-17T16:16:14 *** Yffrit est parti
2015-02-17T16:16:49 <Lenile> Je lui est fait peur
2015-02-17T16:28:27 <adriens33> Lenile ouai tu fais peur à tout le monde XD
2015-02-17T16:28:31 <adriens33> (je blague, hein)
2015-02-17T16:30:28 *** MaCharon s'est connecté
2015-02-17T16:39:35 <Lenile> :c
2015-02-17T16:48:37 <MaCharon> un probleme ?
2015-02-17T16:51:21 <strycore> ლ(ಠ益ಠლ)
2015-02-17T16:51:46 <MaCharon> mais oui c'est clair
2015-02-17T16:51:59 <strycore> ya heuzef qui se clop sur hangouts
2015-02-17T16:52:17 <MaCharon> Oo le salop x)
2015-02-17T16:52:42 <adriens33> strycore on a pas besoin des détails merci
2015-02-17T16:53:25 <Lenile> xDD
2015-02-17T17:12:42 *** TrappyTickles est parti
2015-02-17T17:22:23 <adriens33> Gigot les gens
2015-02-17T17:22:26 *** adriens33 est parti
2015-02-17T17:39:55 *** ELiDYROS s'est connecté
2015-02-17T17:59:51 <ELiDYROS> Bonsoir. Quelqu'un aurait-il des nouvelles d'Adrien ?
2015-02-17T18:09:07 *** ELiDYROS est parti
2015-02-17T18:52:36 *** Nilino s'est connecté
2015-02-17T18:55:39 *** Simplet_42 s'est connecté
2015-02-17T18:55:44 *** Simplet_42 est parti
2015-02-17T19:10:21 *** Nilino est parti
2015-02-17T20:25:20 *** Nilino s'est connecté
2015-02-17T20:50:02 <Lenile> Nilino ?
2015-02-17T20:56:49 *** ELiDYROS s'est connecté
2015-02-17T20:58:26 <Nilino> Hey !
2015-02-17T21:00:00 <Lenile> Tu vient quand en fait ?
2015-02-17T21:00:09 <Nilino> J'arrive samedi matin
2015-02-17T21:00:23 <Nilino> Il y a l'événement qui vient d'apparaître normalement
2015-02-17T21:09:10 <Lenile> Okay
2015-02-17T21:12:17 <Nilino> Du coup, si j'apporte sac de couchage, ça suffit ?
2015-02-17T21:14:45 <Lenile> Comme tu veux
2015-02-17T21:14:50 <Lenile> Tu peut aussi dormir avec moi
2015-02-17T21:14:54 <Lenile> Apres s'comme tu veux
2015-02-17T21:22:51 <Nilino> ok
2015-02-17T22:34:01 *** ELiDYROS est parti
2015-02-17T22:37:04 *** Nilino est parti
2015-02-17T22:58:02 *** ELiDYROS s'est connecté
