2015-04-06T00:29:21 *** TrappyTickles est parti
2015-04-06T01:40:53 *** adriens33 est parti
2015-04-06T02:13:08 *** MaCharon est parti
2015-04-06T11:39:49 *** Jinxypie s'est connecté
2015-04-06T11:42:52 *** Jinxypie_afk est parti
2015-04-06T12:56:29 *** MaCharon s'est connecté
2015-04-06T13:36:52 *** ChordsTackler s'est connecté
2015-04-06T13:36:58 <ChordsTackler> Salut les gens
2015-04-06T13:37:38 <MaCharon> salut
2015-04-06T13:37:58 <ChordsTackler> Comment va ?
2015-04-06T13:38:28 <MaCharon> enrhumé mais plutot bien
2015-04-06T13:38:53 <ChordsTackler> Ah t'as pris froid samedi soir ? ^^
2015-04-06T13:39:42 <MaCharon> disons plutot que ça n'a pas arrangé la chose ^^
2015-04-06T13:40:26 <ChordsTackler> Aie ^^ Bah pourtant il fait super beau pose toi dehors cinq minutes ca te fera surement du bien
2015-04-06T13:41:19 <MaCharon> nn mais de toute façon je vais sortir cette aprem, hier je suis resté enfermé
2015-04-06T13:41:45 <ChordsTackler> ^^ ca vaut mieux
2015-04-06T13:42:16 <MaCharon> ça serait de se priver de ce temps
2015-04-06T13:42:25 <MaCharon> ça serait con*
2015-04-06T13:42:35 <ChordsTackler> ouaip
2015-04-06T13:42:51 <ChordsTackler> mais fait quand meme gaf de pas sortir en t-shirt y a un petit vent ^^
2015-04-06T13:43:37 <MaCharon> j'en suis pas encore la je te rassure
2015-04-06T13:43:51 <ChordsTackler> ah ah ^^
2015-04-06T13:45:17 *** ChordsTackler est parti
2015-04-06T13:47:59 *** ChordsTackler s'est connecté
2015-04-06T14:07:16 *** Gordfang s'est connecté
2015-04-06T14:09:15 <Gordfang> yo!
2015-04-06T14:09:32 <MaCharon> salut
2015-04-06T14:10:02 <ChordsTackler> Salu Gordfang
2015-04-06T14:10:04 <ChordsTackler> salut*
2015-04-06T14:39:11 *** MaCharon est parti
2015-04-06T15:37:20 *** Gordfang est parti
2015-04-06T15:37:23 *** Fidzu s'est connecté
2015-04-06T15:48:35 <Fidzu> https://lh4.googleusercontent.com/-0YVOyfG-mGg/VSF9vVy55bI/AAAAAAACDfE/ThsN3yx9ohs/s1600/MLPThePartyTrio.png
2015-04-06T15:49:07 <ChordsTackler> déjà ? ^^
2015-04-06T15:49:09 <Fidzu> ^^
2015-04-06T15:49:27 <Fidzu> come je l'avais annoncé
2015-04-06T15:49:29 <Fidzu> comme*
2015-04-06T15:49:30 <ChordsTackler> Ah lala
2015-04-06T15:49:37 <ChordsTackler> Oui mais c'était rodée ^^
2015-04-06T15:49:47 <Fidzu> il y a deja telement de fanart sur les background qu'on a vu
2015-04-06T15:49:55 <Fidzu> beaucoup sur double diamond
2015-04-06T15:50:27 <Fidzu> le mec a ski
2015-04-06T15:51:07 <ChordsTackler> Oui je vois lequel s'est
2015-04-06T15:52:15 <Fidzu> et l'autre
2015-04-06T15:52:22 <Fidzu> avec la meme coifure que spitfire
2015-04-06T15:52:24 <Fidzu> mais blanche
2015-04-06T15:52:26 <Fidzu> et la peau bleu
2015-04-06T15:52:40 <ChordsTackler> Oui le pegase
2015-04-06T15:52:45 <ChordsTackler> Elle est bien ^^
2015-04-06T15:53:17 *** Jinxypie est parti
2015-04-06T15:58:14 *** Jinxypie s'est connecté
2015-04-06T16:06:41 <Fidzu> youpi j'ai les episode enhHD
2015-04-06T16:06:46 <Fidzu> manque plus que les sous titres
2015-04-06T16:07:26 <ChordsTackler> il devrait sortir dans la semaine nan ?
2015-04-06T16:11:12 <Fidzu> bah nan
2015-04-06T16:11:28 <Fidzu> http://yp1.pony.pp.ua/episodes.php
2015-04-06T16:11:39 <Fidzu> prend Itunes Raw US
2015-04-06T16:16:02 <ChordsTackler> ^^
2015-04-06T16:16:06 <ChordsTackler> Merci
2015-04-06T16:47:08 *** Fidzu-mobile s'est connecté
2015-04-06T16:51:33 *** Fidzu-mobile est parti
2015-04-06T17:37:49 *** ChordsTackler est parti
2015-04-06T17:56:28 *** heuzef s'est connecté
2015-04-06T17:56:50 <heuzef> !list
2015-04-06T17:57:18 <heuzef> !help flag
2015-04-06T17:58:09 <heuzef> !inscription heuzef
2015-04-06T17:59:04 <heuzef> !flag mod -v Jinxypie
2015-04-06T17:59:17 <heuzef> !inscription Letarumazva
2015-04-06T18:03:08 *** heuzef est parti
2015-04-06T18:33:30 *** MaCharon s'est connecté
2015-04-06T18:38:56 *** Mousstery s'est connecté
2015-04-06T18:52:50 *** Mousstery est parti
2015-04-06T18:54:06 *** Gordfang s'est connecté
2015-04-06T19:16:45 *** ChordsTackler s'est connecté
2015-04-06T19:20:02 <ChordsTackler> Yop les gens
2015-04-06T19:20:12 <Gordfang> yo ChordsTackler
2015-04-06T19:21:06 *** Fidzu est parti
2015-04-06T19:21:19 *** Fidzu s'est connecté
2015-04-06T19:21:27 <Fidzu> yo
2015-04-06T19:22:28 <ChordsTackler> Yop Fidzu
2015-04-06T19:22:38 <Fidzu> av aç ?
2015-04-06T19:24:14 <ChordsTackler> ouaip et toi ? ^^
2015-04-06T19:24:49 <Fidzu> ça va
2015-04-06T19:46:56 <Gordfang> simpa les derniers épisodes ^^
2015-04-06T19:47:07 <ChordsTackler> Ouaip
2015-04-06T19:47:17 <ChordsTackler> j'ai bien aimé aussi
2015-04-06T19:49:25 <Fidzu> oui
2015-04-06T20:11:06 *** Elvon s'est connecté
2015-04-06T20:32:38 <Elvon> Bonsoir tout le monde, comment allez-vous en ce jour de Pâque ^^ chez moi c'est pénurie de Chocolat, et razia sur la glace
2015-04-06T20:33:07 <ChordsTackler> Hey ^^ moi ca va et toi ?
2015-04-06T20:34:29 <Elvon> justement vue les annonce météo ça peut aller mais vue qu'il y a pénurie de chocolat et la razia sur les glaces ... b'in ça va dessuite moins bien ^^"
2015-04-06T20:34:59 <ChordsTackler> Ah ^^
2015-04-06T20:35:16 <ChordsTackler> Bah dit toi que moi je fête pas pâque ^^
2015-04-06T20:35:52 <Elvon> oui mais toi tu es pas accro au chocolat, si ?
2015-04-06T20:36:34 <Fidzu> bijour
2015-04-06T20:36:43 <ChordsTackler> Je ne pense pas, en fait je suis accro à la bouffe en général ^^
2015-04-06T20:37:01 <Fidzu> quand on parle de bouf
2015-04-06T20:37:04 <Fidzu> il repond toujours present
2015-04-06T20:37:18 <ChordsTackler> heu Yeup !
2015-04-06T20:38:56 <Elvon> donc du coup sans pâques tu peut survivre (moi je survis aussi mais c'est moins le bonheur que si j'avais de quoi manger du chocolat)
2015-04-06T20:39:30 <Elvon> du coup ChordsTackler tu es sur le WallofBC ?
2015-04-06T20:39:48 <ChordsTackler> Tu as besoin d'une raison pour manger du chocolat pour avoir bonne conscience c'est marrant ^^
2015-04-06T20:39:50 <Elvon> ou le mur des présentation ^^
2015-04-06T20:40:18 <ChordsTackler> C'est quoi le WallofBC ?
2015-04-06T20:40:56 <Elvon> non pas d'une raison mais j'ai plus de chocolat depuis longtemps et du coup j'ai espère (je sais c'est pas bien) avoir du chocolat qui me tombe du ciel comme un signe de bonne augure
2015-04-06T20:41:41 <ChordsTackler> ^^ Tant fait pas le chocolat c'est créé pour être mangé.
2015-04-06T20:42:30 <Elvon> Je l'ai appele ainsi parce que ça ressemble presque a un Wall of fame, mais pour des présentation du coup. sinon tu apparait sur la page membre ou pas ?
2015-04-06T20:42:47 <Elvon> appelé*
2015-04-06T20:42:56 <ChordsTackler> Oh ^^
2015-04-06T20:43:20 <ChordsTackler> Le meilleur moyen de savoir c'est d'allez sur l'accueil d'appuillé sur "F3" et de tapper le nom du membre
2015-04-06T20:43:46 <ChordsTackler> comme ca ca cherche où dans la page le mot que tu as mis apparait et te menne jusqu'à où il est
2015-04-06T20:44:02 <ChordsTackler> donc oui je suis sur la liste des membres.
2015-04-06T20:45:11 <Fidzu> ou trl + f
2015-04-06T20:45:37 <Elvon> a ok ... connaisser pas cet technique ^^
2015-04-06T20:49:18 <Elvon> Okay c'est bon je remet un peu plus maintenant ^^ est-ce que ChordsTackler je t'ai déjà vue ? (perso je retiens pas les pseudo l'ors des rencontre IRL sauf si j'ai au paravant eu la voie qui va avec ^^ (n'est pas Fidzu )
2015-04-06T20:50:00 <ChordsTackler> Ah ah ah ^^
2015-04-06T20:50:10 <ChordsTackler> Je pense que oui et par deux fois même
2015-04-06T20:50:30 <Fidzu> c'est remy
2015-04-06T20:50:34 <Fidzu> pinkie pie man
2015-04-06T20:50:48 <ChordsTackler> Exact ;)
2015-04-06T20:50:50 <Fidzu> tete de cheval de l'animasia
2015-04-06T20:51:02 <Elvon> ok c'est le Rémy qui est pas mal grand avec la tête de Horse Fucker ?
2015-04-06T20:51:04 <ChordsTackler> exact
2015-04-06T20:52:20 <Elvon> a ok cool je remet du coup maintenant.
2015-04-06T20:52:56 <ChordsTackler> Tu remets ?
2015-04-06T20:53:57 <Fidzu> un coca s'il te plait !
2015-04-06T20:54:20 <Elvon> a tiens berry tu était là? ah... oui bon bin je te sort l'aspirine sert nous un jus de fruit stp.
2015-04-06T20:55:01 <Elvon> non pas de coca ils sont tous alcoliser actuelement. (je doit justement régler le détaille avec la gérante.)
2015-04-06T20:55:29 * Elvon va cherché l'aspirine dans la salle de repos.
2015-04-06T20:56:45 <Fidzu> omg je viens juste de faire une decouverte !
2015-04-06T20:57:54 * Elvon reviens avec un verre remplis d'eau avec 3 chachets qui fondes et qui *pschh!*.
2015-04-06T20:58:28 <ChordsTackler> Fidzu une découverte ?
2015-04-06T20:58:39 <Elvon> mais je sais bien que Colgate ce fache quand tu bois de l'eau mais bon là elle est pas là.
2015-04-06T20:58:56 <Fidzu> Life Is A Runway , prenez chaque première lettre de chaque mot et cela donne L I A R, autrement dis ... menteur
2015-04-06T20:58:57 *** Gordfang est parti
2015-04-06T20:59:04 <Fidzu> rarity se fou de nous !
2015-04-06T20:59:14 <Elvon> What ?
2015-04-06T20:59:43 <ChordsTackler> hummmmm
2015-04-06T21:00:00 <ChordsTackler> Les oreilles des poneys sont des triangles, illuminaties !
2015-04-06T21:00:12 <Fidzu> je le savais
2015-04-06T21:00:24 <Fidzu> tout ce qu'elle nous raconte depuis le debut
2015-04-06T21:00:31 <Fidzu> n'est que du flanc !
2015-04-06T21:00:45 <Fidzu> elle est sous le control des illuminaties !!!
2015-04-06T21:01:06 <Fidzu> désolé berry mais ça fais du sens tout de meme
2015-04-06T21:01:43 <ChordsTackler> Yeup !
2015-04-06T21:01:53 <Elvon> euh les gars vous êtes sérieux là ?
2015-04-06T21:01:57 <Fidzu> navré de te dire que oui ...
2015-04-06T21:02:19 <Fidzu> et mais attend, quesqu'elle faisait dans ton barre de toute façon ??
2015-04-06T21:02:38 <ChordsTackler> Moi non ^^
2015-04-06T21:02:56 <Fidzu> mais moi, ton bar je le trouve très joli !
2015-04-06T21:05:38 <Fidzu> je vais prevenir Applejack
2015-04-06T21:05:45 <Elvon> Les mecs elles était encore bourrer de la veille notr mascotte (enfin de la veille elle est tout le temps avec quelque grame d'alcool dans sang mais bon la n'est pas la question)
2015-04-06T21:05:46 <Fidzu> elle va lui faire la moral !
2015-04-06T21:06:45 <Elvon> surment mais pour le moment faut que je la fasse revenir elle déprime maintenant et faut surtout pas que...
2015-04-06T21:07:03 <ChordsTackler> La question est est-elle encore bourée de la veille ou est-elle bourée d'aujourd'hui ....
2015-04-06T21:07:43 <Fidzu> elle l'est des deux ..
2015-04-06T21:08:10 <Elvon> Berry-Punch> ne Boit pas ça !!
2015-04-06T21:11:08 <Elvon> What Berry-Punch c'est toi que je veux consolé mais stop avec tous c'est alcool pour le moment. Fidzu / ChordsTackler je pense qu'elle est bourrer de la veille parce qu'elle viens de ce levé y a pas si longtemps.
2015-04-06T21:11:26 <Elvon> je sais mais pose moi ce Rhum s'il te plai.
2015-04-06T21:12:23 <ChordsTackler> L'alcool est une création de Célestia, elle doit être traité comme tel !
2015-04-06T21:14:28 <Elvon> bin une création Ok mais c'est pas une raison pour la laisser ce murgé pour un foutu menssonge, si ?
2015-04-06T21:14:41 <Elvon> aller viens par ici...
2015-04-06T21:14:52 <ChordsTackler> hum.... je pense que Colgate à une dent contre toi pour te contrôler autant
2015-04-06T21:15:25 * Elvon attrape un saladier, le remplie d'eau, attrape un torchon, et reviens l'appotrer a Berry-Punch.
2015-04-06T21:15:48 <Elvon> Comment ça une dent ? ^^"
2015-04-06T21:15:58 <Fidzu> https://www.youtube.com/watch?v=ImPy3MzKU1I je m'en lasserais jamais ^^
2015-04-06T21:16:47 <Elvon> Aller tiens prend le torchon, met le sur ton front et souffle un coup. Tu verra ça va passer. :)
2015-04-06T21:19:11 <ChordsTackler> Le meilleur désaouler : Café salé
2015-04-06T21:19:46 <ChordsTackler> Je reviens
2015-04-06T21:20:03 <Elvon> oui mais le moins agréable.
2015-04-06T21:20:24 <ChordsTackler> Re
2015-04-06T21:20:31 <ChordsTackler> Oui mais ca marche ^^
2015-04-06T21:21:16 <Elvon> Ta jamais du y gouter pour osé proposer ça à Berry-chan.
2015-04-06T21:21:52 <ChordsTackler> Je ne cherche pas les moyens mais les résultats dans ce cas là xp
2015-04-06T21:22:33 <Elvon> ouais bin ma méthode marche aussi bien que le café salé.
2015-04-06T21:22:54 *** MaCharon est parti
2015-04-06T21:24:00 <ChordsTackler> C'est laquelle ? (si tu dis ne pas boire je crois que je fais une poker face avant de partir)
2015-04-06T21:24:49 <Elvon> Bin Justement celle de ce foutre de l'eau froide sur la face ou rester sous la douche froide.
2015-04-06T21:25:12 <Elvon> suivant le lieu ou tu te trouve ^^
2015-04-06T21:25:21 <ChordsTackler> Oh
2015-04-06T21:25:23 <ChordsTackler> ^^
2015-04-06T21:25:38 <ChordsTackler> Je n'aime pas l'eau froide
2015-04-06T21:26:06 <Elvon> bin oui mais c'est moins horible que du café salé
2015-04-06T21:26:25 <ChordsTackler> ^^
2015-04-06T21:26:27 <ChordsTackler> Ouaip
2015-04-06T21:46:51 *** ChordsTackler est parti
2015-04-06T21:50:30 <Elvon> Bonne nuit tout le monde
2015-04-06T21:50:36 *** Elvon est parti
2015-04-06T22:06:38 *** ChordsTackler s'est connecté
2015-04-06T22:14:48 *** ChordsTackler est parti
2015-04-06T22:29:13 *** MaCharon s'est connecté
2015-04-06T22:32:12 *** Tsumenokage s'est connecté
2015-04-06T22:32:32 <Tsumenokage> Yo les gens
2015-04-06T22:38:28 <Fidzu> yo
2015-04-06T22:40:45 <Tsumenokage> ça va toujours ? ^^
2015-04-06T22:42:11 <Fidzu> toujours :)
2015-04-06T23:25:18 <Fidzu> http://www.koreus.com/video/objets-volants-bach-tubes-musicaux.html un gros gg a eux
