2015-04-04T00:00:26 <ChordsTackler> Ok Bon Bah j'prendrais le tout ^^
2015-04-04T00:00:59 <Fidzu> lunayumii: tu voudras les sous titres francais ou anglais ?
2015-04-04T00:01:16 <lunayumii> anglais ça serait cool ^^
2015-04-04T00:01:25 <Fidzu> ok
2015-04-04T00:01:28 *** Tsumenokage s'est connecté
2015-04-04T00:01:41 <Tsumenokage> re ^^
2015-04-04T00:01:47 <Fidzu> je telecharge le film pour etre sur que c'est le bon
2015-04-04T00:01:52 <Fidzu> et je t'envoi le lien si c'est good
2015-04-04T00:02:34 <Tsumenokage> ça parle de quel film :3 ?
2015-04-04T00:02:44 <ChordsTackler> Re Tsumenokage
2015-04-04T00:03:02 <Fidzu> rainbow rock
2015-04-04T00:03:03 <ChordsTackler> On parle De RR ^^ (chut raconte rien y en a qui l'ont pas vu ici
2015-04-04T00:03:18 <Tsumenokage> ^^
2015-04-04T00:04:27 <Fidzu> a la fin
2015-04-04T00:04:33 <Fidzu> il meurt
2015-04-04T00:04:52 <Fidzu> http://yp1.pony.pp.ua/ypsubs/YP-SUBS-EQG2.zip deja voila les sous titres
2015-04-04T00:05:29 <lunayumii> thx ^^
2015-04-04T00:05:40 <Fidzu> tu utilisera que EQG2
2015-04-04T00:05:40 <ChordsTackler> tout le monde meurt, fin. OUI JE VOUS SPOIL GOT mouhahaha
2015-04-04T00:05:42 <Fidzu> pas les autres
2015-04-04T00:06:17 <Tsumenokage> le spoil GoT c'est violent ça ChordsTackler :p
2015-04-04T00:06:54 <ChordsTackler> J'aurais pu faire pire.... dire que Quelqu'un meurt et puis zou x)
2015-04-04T00:07:27 <Tsumenokage> ^^ je pense que tu te ferais détester par ceux qui ont pa lu les livre X)
2015-04-04T00:07:36 <lunayumii> ma mère les a tous lus, moi pas xD
2015-04-04T00:07:43 <lunayumii> pourtant c'est moi qui les lui ai filés
2015-04-04T00:08:06 <Tsumenokage> ^^ la technique de chantage ultime : range ta chambre ou je te spoil GoT
2015-04-04T00:08:13 <lunayumii> oseeeef xDD
2015-04-04T00:08:35 <lunayumii> une fois on était pas d'accord sur un truc et j'avais de l'avance sur elle, je l'ai spoilée :3
2015-04-04T00:08:48 <ChordsTackler> Moi j'ai pas lu les livres x)
2015-04-04T00:08:57 <lunayumii> j'ai lu que la moitié du premier j'crois
2015-04-04T00:09:00 <ChordsTackler> Par ce que l'école m'a dégouté de la lecture ;)
2015-04-04T00:09:06 <Fidzu> https://lh4.googleusercontent.com/-50ku81oIEY8/VR7jMmpPzJI/AAAAAAACDM4/Wn0-o3indwE/s1600/TapCommission.png berry ....
2015-04-04T00:09:18 <lunayumii> x)
2015-04-04T00:09:39 <Tsumenokage> cette alcoolique ^^
2015-04-04T00:09:39 <ChordsTackler> Freud penserai à quelque chose en voyant Berry comme ca
2015-04-04T00:09:50 <ChordsTackler> Berry on sait
2015-04-04T00:10:02 <Tsumenokage> tu as toujours soif X)
2015-04-04T00:11:37 <Fidzu> https://lh5.googleusercontent.com/-BtQtnBd0ouc/VR7kMzIvHaI/AAAAAAACDRo/ikycwL9ogyI/s1600/LifeisaRunway.png Life is a Runway
2015-04-04T00:12:26 <ChordsTackler> Le seul bon point du clip : BONBON EST ENCORE MIEUX QU'AVANT WTFFFFFFFFFF *crise d'épilepsie*
2015-04-04T00:13:07 <Fidzu> ^^
2015-04-04T00:14:29 <Fidzu> http://yp1.pony.pp.ua/torrents/YP-1BR-EQGRR.mkv.torrent pour le film
2015-04-04T00:14:36 <lunayumii> thankies ^^
2015-04-04T00:14:47 <Fidzu> de nada
2015-04-04T00:14:57 <Fidzu> le reste tu peux le regarder sur la nlr sans soucis
2015-04-04T00:15:03 <ChordsTackler> par contre j'pas compris ce que Cherily vennait fiche là xD
2015-04-04T00:15:04 <Fidzu> il n'y aura pas de scenes coupées
2015-04-04T00:15:09 <lunayumii> bloc notes "MLP stuff"
2015-04-04T00:15:27 <Fidzu> cherily ?
2015-04-04T00:15:31 <Fidzu> a droite ?
2015-04-04T00:15:33 <Fidzu> c'est berry
2015-04-04T00:15:35 <ChordsTackler> dans le clip
2015-04-04T00:16:02 <Fidzu> c'est berry, pas cherily
2015-04-04T00:16:42 <ChordsTackler> Va voir le clip
2015-04-04T00:16:45 <lunayumii> par contre je déco, je finis en vitesse
2015-04-04T00:16:50 <ChordsTackler> Je te jure c'est Cherily
2015-04-04T00:16:50 <lunayumii> et après dodo, j'suis crevée
2015-04-04T00:16:55 <lunayumii> 'nuit les gens !
2015-04-04T00:16:56 <Fidzu> ok bonne nuit
2015-04-04T00:17:03 <ChordsTackler> Ok Lunayumii tchao
2015-04-04T00:17:06 <Tsumenokage> 'nuit lunayumii
2015-04-04T00:17:13 *** lunayumii est parti
2015-04-04T00:17:55 <ChordsTackler> Va voir le clip sur la chaine d'hasbro et fait pause entre la 1:07 et la 1:08
2015-04-04T00:18:03 <ChordsTackler> Tu va voir c'est Cherily
2015-04-04T00:18:04 <Fidzu> un jour je la remixerais
2015-04-04T00:19:14 <Fidzu> ah merde ouai
2015-04-04T00:19:26 <Fidzu> je preferais croire que c'etait berry =(
2015-04-04T00:19:36 <Fidzu> sinon j'adore la derpy
2015-04-04T00:20:04 <ChordsTackler> ^^
2015-04-04T00:20:12 <ChordsTackler> Ah...
2015-04-04T00:20:47 <Fidzu> bon allé
2015-04-04T00:20:48 <Fidzu> moi dodo
2015-04-04T00:20:53 <Fidzu> bonne nuit et à demain
2015-04-04T00:20:55 <ChordsTackler> Dans le clip friendship carry on through the ages
2015-04-04T00:21:00 <Tsumenokage> nenuit
2015-04-04T00:21:02 <ChordsTackler> ils ont réussi l'impossible
2015-04-04T00:21:08 <ChordsTackler> A demain Fidzu
2015-04-04T00:21:09 <Fidzu> l'impossible ?
2015-04-04T00:21:25 <ChordsTackler> rendre rainbow dash encore plus moche qu'elle l'était dans le premier film xD
2015-04-04T00:21:36 <Fidzu> bah
2015-04-04T00:21:42 <Fidzu> c'est une rockeuse
2015-04-04T00:21:54 <ChordsTackler> J'la trouve dégueulasse xD
2015-04-04T00:21:56 <Fidzu> et ils on voulu la faire plus .. "vieille"
2015-04-04T00:22:06 <Fidzu> bon allé bye all
2015-04-04T00:22:09 <Fidzu> pouf
2015-04-04T00:22:10 <ChordsTackler> Pourtant les rockeuses sont pas forcément moche, elles sont normales
2015-04-04T00:22:10 *** Fidzu est parti
2015-04-04T00:29:15 *** MaCharon est parti
2015-04-04T00:31:03 <ChordsTackler> Ouaip j'vais y allez moi aussi ^^ Tchao les gens et à demain pour ceux qui viennent
2015-04-04T00:31:07 *** ChordsTackler est parti
2015-04-04T00:37:31 *** Aragox s'est connecté
2015-04-04T00:39:44 *** Aragox est parti
2015-04-04T00:44:35 *** adriens33 est parti
2015-04-04T00:50:06 *** Tsumenokage est parti
2015-04-04T03:08:57 *** Tsumenokage s'est connecté
2015-04-04T03:09:05 *** Tsumenokage est parti
2015-04-04T09:40:33 *** TrappyTickles s'est connecté
2015-04-04T10:48:46 *** ChordsTackler s'est connecté
2015-04-04T11:13:11 *** ChordsTackler est parti
2015-04-04T11:34:03 *** Fidzu s'est connecté
2015-04-04T12:08:36 *** AlphaDash s'est connecté
2015-04-04T12:11:51 *** MaCharon s'est connecté
2015-04-04T12:39:42 *** StarBook s'est connecté
2015-04-04T12:54:16 <Fidzu> hey mais il y en a que je connais pas ici !
2015-04-04T12:55:34 <StarBook> Pareil pour moi ee'
2015-04-04T13:14:20 <AlphaDash> x)
2015-04-04T13:24:06 *** StarBook est parti
2015-04-04T13:27:16 *** AlphaDash est parti
2015-04-04T13:27:46 *** Fidzu est parti
2015-04-04T13:38:43 *** StarBook s'est connecté
2015-04-04T14:13:01 *** Gordfang s'est connecté
2015-04-04T14:13:31 *** Fidzu s'est connecté
2015-04-04T14:14:01 <Gordfang> yo
2015-04-04T14:14:37 <StarBook> Yo
2015-04-04T14:15:35 <Fidzu> Yo
2015-04-04T15:00:20 *** MaCharon est parti
2015-04-04T15:18:45 *** Mousstery s'est connecté
2015-04-04T15:19:00 <Mousstery> Bonjour les bronys :3
2015-04-04T15:19:16 <StarBook> HEEEY 8D
2015-04-04T15:20:04 <Mousstery> Wah un nouveau pseudo encore xD
2015-04-04T15:20:22 <StarBook> ._.
2015-04-04T15:20:40 <Mousstery> c'est pas méchant :3
2015-04-04T15:20:55 <Mousstery> c'est que c'est cool qu'il y ait des nouveaux gens ^^
2015-04-04T15:20:56 <StarBook> Un nouveau pseudo? ._.
2015-04-04T15:21:16 <Mousstery> Ben en l'occurence je t'ai jamais vu "-"
2015-04-04T15:21:34 <StarBook> Mais naaaaaaaaaaaan tu déconne là.
2015-04-04T15:22:00 <Mousstery> ben tu me dis vaguement un truc..
2015-04-04T15:22:10 <StarBook> e_e t'as une mauvais mémoire, toi.
2015-04-04T15:22:49 <Mousstery> Tu peux me rappeller s'il te plait ? :c
2015-04-04T15:23:26 <StarBook> On est arrivés a peu prés en même temps il me semble.
2015-04-04T15:23:52 <Mousstery> Ah peut être,attends je plonge dans mes souvenirs x)
2015-04-04T15:24:10 <StarBook> e_e"
2015-04-04T15:24:37 <Mousstery> AHH
2015-04-04T15:24:39 <Mousstery> ATTENDS
2015-04-04T15:24:49 <Mousstery> ON AVAIT PAS FAIT UNE VISIO ENSEMBLE?
2015-04-04T15:24:55 <StarBook> Si x'DDD
2015-04-04T15:25:04 <Mousstery> AHHH VOILAA
2015-04-04T15:25:22 <StarBook> Sa y est, sa te revient Scoot'? 8')
2015-04-04T15:25:26 <Mousstery> ..
2015-04-04T15:25:28 <Mousstery> pleas
2015-04-04T15:25:31 <Mousstery> :'(
2015-04-04T15:25:37 <StarBook> 8D
2015-04-04T15:25:49 <Mousstery> TU VEUX QUE JE T'APPELLE APPLEBLOOM C'EST CA
2015-04-04T15:26:05 <StarBook> -facepalm-.........................................
2015-04-04T15:26:22 <Mousstery> ..ça te va pas :c
2015-04-04T15:26:41 <StarBook> Tu me désespère...
2015-04-04T15:26:46 <Mousstery> tu veux que je t'appelle comment ? 8D
2015-04-04T15:27:35 <Mousstery> en sachant qu'on est des CMC
2015-04-04T15:27:42 <Mousstery> que je suis Scootaloo
2015-04-04T15:27:49 <Mousstery> il te reste 3 CMC '-'
2015-04-04T15:27:59 <StarBook> Tu m'appeler Sweetie Belle............ e_e"
2015-04-04T15:28:05 <StarBook> m'appelas*
2015-04-04T15:28:13 <StarBook> m'appelais* c'est bon j'y suis xD
2015-04-04T15:29:03 <Mousstery> Sweetie Belle,t'est maladroite avec les objets
2015-04-04T15:29:08 <Mousstery> mais avec l'ortographe aussi
2015-04-04T15:29:47 <Mousstery> Moi au moins , j'ai la classe.
2015-04-04T15:29:57 <StarBook> e_e Fais gaffe toi. Je te permets pas de critiquer, j'ai 18 de moyenne en orthographe.
2015-04-04T15:30:11 <Mousstery> Mwé.
2015-04-04T15:30:22 <Mousstery> par contre pourquoi t'est toujours pas membre ? '-'
2015-04-04T15:30:31 <StarBook> Et tu me répond en KikooLol?
2015-04-04T15:30:41 <StarBook> Je suis membre de la BronyCUB.. #
2015-04-04T15:31:15 <Mousstery> enfin t'a toujours pas ton + devant ton pseudo dans le chat :3
2015-04-04T15:31:28 *** Gordfang est parti
2015-04-04T15:32:00 <StarBook> Sûrement parce que j'ai mis une majuscule au "B" de Book dans mon pseudo.
2015-04-04T15:32:12 <Mousstery> C'est ça
2015-04-04T15:32:14 <Mousstery> car moi
2015-04-04T15:32:21 <Mousstery> une fois j'ai enlevé la maj de mon pseudo
2015-04-04T15:32:29 <Mousstery> et ça a pas marché
2015-04-04T15:34:34 <StarBook> Attends..
2015-04-04T15:35:13 <StarBook> http://img11.hostingpics.net/pics/67793496e.png normalement, j'ai bien une majuscule au "B".
2015-04-04T15:35:21 <Mousstery> Faudra que tu me passe ton skype z'aussi.
2015-04-04T15:35:39 <StarBook> On verra si tu le mérite.
2015-04-04T15:35:53 <Mousstery> :'(
2015-04-04T15:36:20 <StarBook> ee
2015-04-04T15:36:28 <StarBook> Bon, ok.
2015-04-04T15:36:36 <Mousstery> ~
2015-04-04T15:36:41 <Mousstery> j'adore faire des vagues
2015-04-04T15:36:52 <Mousstery> Vague is love, vague is life
2015-04-04T15:37:26 <StarBook> Et la vague, elle te noie aussi.
2015-04-04T15:37:42 <Mousstery> Pas la mienne
2015-04-04T15:37:46 <Mousstery> elle est gentille
2015-04-04T15:38:21 <StarBook> J'ai bien faillit mourir noyé, alors pas de vague.
2015-04-04T15:38:31 <Mousstery> pardon :c
2015-04-04T15:38:52 <Mousstery> J'ai la musique "The Real Pink Pony" dans la tête
2015-04-04T15:38:56 <StarBook> Je vis au bord de l'océan, mais je vivrais bien en ville.
2015-04-04T15:39:05 <StarBook> Autant pour toi.
2015-04-04T15:39:24 <StarBook> Moi, j'ai la Song Theme du jeu Alice:Madness Returns en tête.
2015-04-04T15:39:24 <Mousstery> Merci.
2015-04-04T15:39:35 <Mousstery> J'espére que je vais pas la chanter en cours.
2015-04-04T15:39:47 <Mousstery> Déja que j'ai chanté Babs Seed toute la semaine..
2015-04-04T15:39:54 <StarBook> T'aurais pas l'air con.
2015-04-04T15:40:12 <StarBook> Moi je chante Rainbow Factory et Discord avec mes parents.
2015-04-04T15:40:37 <Mousstery> Discord aussi je l'ai chanté
2015-04-04T15:41:04 <StarBook> Elle plutôt dur à chanter sur certains moments. Mais elle est bien.
2015-04-04T15:42:04 <Mousstery> tiens j'ai deviantart
2015-04-04T15:42:08 <Mousstery> et je le savais même pas
2015-04-04T15:42:29 <StarBook> Boulet.
2015-04-04T15:42:42 <Mousstery> mais je sais pas dessiner
2015-04-04T15:42:49 <Mousstery> pourquoi j'en ai crée un..
2015-04-04T15:43:27 <StarBook> Si tu voyais mes dessins, mec.
2015-04-04T15:43:43 <Mousstery> les miens alors c'est pire
2015-04-04T15:43:56 <StarBook> Tu veux un aperçu d'un de mes dessins?
2015-04-04T15:44:01 <Mousstery> montre x)
2015-04-04T15:45:53 <StarBook> http://img11.hostingpics.net/pics/435833Pegasister.png le seul en rapport avec MLP. Evidemment, j'avais une base. C'est tellement mooooche.
2015-04-04T15:46:16 <Mousstery> ATTENDS
2015-04-04T15:46:17 <Mousstery> MEUF
2015-04-04T15:46:19 <Mousstery> CA MOCHE?
2015-04-04T15:46:26 <StarBook> Oui.
2015-04-04T15:46:27 <Mousstery> MAIS JE FAIS 10 FOIS PIRE XD
2015-04-04T15:46:36 <StarBook> Je pense pas.
2015-04-04T15:46:50 <Mousstery> sisi
2015-04-04T15:47:06 <StarBook> Nope.
2015-04-04T15:47:39 <Mousstery> Je te promet que si !
2015-04-04T15:48:11 <StarBook> Nan uu
2015-04-04T15:48:52 *** Fidzu est parti
2015-04-04T15:50:08 *** Fidzu s'est connecté
2015-04-04T15:50:38 <Mousstery> rah je peux pas t'en montrer
2015-04-04T15:50:42 <Mousstery> ><
2015-04-04T15:50:58 <StarBook> Dommage
2015-04-04T15:51:17 <Mousstery> J'ai mal au dos
2015-04-04T15:52:05 <StarBook> Ah?
2015-04-04T15:53:10 <Mousstery> Yayyyyy
2015-04-04T16:30:13 *** Fidzu est parti
2015-04-04T16:31:50 *** Fidzu s'est connecté
2015-04-04T16:42:29 *** Fidzu est parti
2015-04-04T16:47:25 *** StarBook est parti
2015-04-04T16:49:27 *** Fidzu s'est connecté
2015-04-04T16:51:43 *** Fidzu est parti
2015-04-04T16:52:00 *** Fidzu s'est connecté
2015-04-04T16:56:21 *** Fidzu est parti
2015-04-04T17:03:38 *** Fidzu s'est connecté
2015-04-04T17:08:37 *** Fidzu est parti
2015-04-04T17:30:09 *** Fidzu s'est connecté
2015-04-04T17:42:57 *** Fidzu est parti
2015-04-04T17:45:24 *** Fidzu s'est connecté
2015-04-04T17:51:38 *** Fidzu est parti
2015-04-04T17:58:41 *** Fidzu s'est connecté
2015-04-04T18:05:11 *** Fidzu est parti
2015-04-04T18:05:21 <Mousstery> http://needforponies.fr/home.html allez check ils passent les épisodes en live :)
2015-04-04T18:09:36 <Mousstery> je fais un peu de pub
2015-04-04T18:09:55 <Mousstery> car c'est eux qui me donnent les comics pour que je les traduisent :3
2015-04-04T18:10:44 *** Fidzu s'est connecté
2015-04-04T18:17:57 *** Fidzu est parti
2015-04-04T18:25:07 *** Fidzu s'est connecté
2015-04-04T18:35:01 *** Fidzu est parti
2015-04-04T18:52:29 *** Mousstery est parti
2015-04-04T18:58:47 *** Fidzu s'est connecté
2015-04-04T19:04:22 *** Fidzu est parti
2015-04-04T19:04:32 *** Fidzu s'est connecté
2015-04-04T19:09:41 *** Fidzu est parti
2015-04-04T20:34:53 *** Fidzu s'est connecté
2015-04-04T20:39:49 *** Fidzu est parti
2015-04-04T20:46:05 *** Fidzu s'est connecté
2015-04-04T20:52:05 *** Fidzu est parti
2015-04-04T23:15:25 *** Fidzu s'est connecté
2015-04-04T23:37:02 *** MorningCourse1 s'est connecté
2015-04-04T23:38:43 <MorningCourse1> je viens de voir les deux ep de la saison 5 et c'était plutot cool meme si la méchante c'était en fait pas une des sirenes
2015-04-04T23:42:14 <Fidzu> Personne n'a jamais parlé de sirène
2015-04-04T23:46:13 <MorningCourse1> il y avait des rumeurs et les sirenes de rainbow rocks
2015-04-04T23:46:51 *** MorningCourse1 est parti
