2015-01-24T00:19:52 *** ELiDYROS est parti
2015-01-24T00:20:40 *** Gordfang est parti
2015-01-24T03:50:16 *** ELiDYROS s'est connecté
2015-01-24T05:14:09 *** ELiDYROS est parti
2015-01-24T08:50:15 *** adriens33 s'est connecté
2015-01-24T09:48:59 *** adriens331 s'est connecté
2015-01-24T09:49:07 *** adriens33 est parti
2015-01-24T09:56:22 *** TrappyTickles s'est connecté
2015-01-24T10:19:58 <TrappyTickles> putain j'suis vraiment énervé là. T'as vu ce qui est arrivé à LoE?
2015-01-24T10:27:33 *** adriens33 est parti
2015-01-24T15:11:30 *** adriens33 s'est connecté
2015-01-24T15:11:32 <adriens33> hello TrappyTickles
2015-01-24T15:11:41 <adriens33> non, qu'est-ce qu'il s'est passé avec LoE ?
2015-01-24T15:19:24 *** adriens331 s'est connecté
2015-01-24T15:22:16 *** adriens33 est parti
2015-01-24T15:36:08 <TrappyTickles> ils ont subi une attaque ddos 1h après l'ouverture des serveurs
2015-01-24T15:37:03 <adriens33> sérieux ? >:(
2015-01-24T15:37:09 <adriens33> pff.
2015-01-24T16:01:56 <TrappyTickles> a cause de ça, y a qu'un seul serveur de dispo, et forcément, ça lag tellement que tu peux pas rester plus de 2min en ligne
2015-01-24T16:02:15 <TrappyTickles> là ça commence tout juste à se rétablir
2015-01-24T16:10:18 *** Lenile s'est connecté
2015-01-24T16:10:49 <Lenile> Yop
2015-01-24T16:11:43 <TrappyTickles> oi
2015-01-24T16:18:13 *** adriens33 est parti
2015-01-24T17:18:14 *** adriens33 s'est connecté
2015-01-24T17:40:00 *** Lenile est parti
2015-01-24T18:02:57 *** Yvan33 s'est connecté
2015-01-24T18:03:19 <Yvan33> Ey, qui est sur LoE?
2015-01-24T18:06:25 <adriens33> salut Yvan33
2015-01-24T18:06:48 <Yvan33> yo adriens
2015-01-24T18:08:55 <Yvan33> Alors, tu joue sur LoE?
2015-01-24T18:09:07 *** adriens331 s'est connecté
2015-01-24T18:09:10 *** adriens33 est parti
2015-01-24T18:09:16 <adriens33> désolé.
2015-01-24T18:17:10 *** MaCharon s'est connecté
2015-01-24T18:17:31 <MaCharon> salut
2015-01-24T18:18:42 <adriens33> hello MaCharon
2015-01-24T18:21:51 <TrappyTickles> quelqu'un arrive a jouer sur loe au moins?
2015-01-24T18:22:20 <TrappyTickles> je suis condamné à rester à cloudopolis parce que cantermore et heartsmachin sont inaccessible sans timeout
2015-01-24T18:22:20 <MaCharon> pas test
2015-01-24T18:47:41 <Yvan33> Je suis sur cloudpolis et je bug quand je parle aux PNJ
2015-01-24T18:48:27 <Yvan33> C'est quoi vos pseudo?
2015-01-24T19:21:19 *** adriens331 s'est connecté
2015-01-24T19:21:21 *** Guest59952 est parti
2015-01-24T19:59:51 *** Yvan33 est parti
2015-01-24T20:21:54 *** adriens331 s'est connecté
2015-01-24T20:21:55 *** Guest23455 est parti
2015-01-24T21:17:29 *** Yvan33 s'est connecté
2015-01-24T21:17:56 *** Yvan33 est parti
2015-01-24T22:40:57 *** adriens331 s'est connecté
2015-01-24T22:42:30 *** adriens33 est parti
