2015-03-19T08:45:25 *** Berry-Punch s'est connecté
2015-03-19T08:45:38 <adriens33> ahhhhh coucou la soularde :D
2015-03-19T08:45:45 <adriens33> !voice Fidzu
2015-03-19T08:45:51 <adriens33> alééé steuplé…
2015-03-19T08:46:43 <adriens33> !reload
2015-03-19T08:46:47 <adriens33> !voice Fidzu
2015-03-19T08:46:51 <adriens33> youpii
2015-03-19T08:47:03 <adriens33> elle m'écoute o//
2015-03-19T09:02:51 *** heuzef s'est connecté
2015-03-19T09:09:12 *** heuzef est parti
2015-03-19T09:09:34 *** heuzef s'est connecté
2015-03-19T09:49:49 <Fidzu> A cause de toi ma prof ma chopé mon phone !
2015-03-19T09:50:18 <adriens33> de quoi ? moi ?
2015-03-19T09:50:25 <Fidzu> Oui
2015-03-19T09:50:43 <Fidzu> Mon portable a vibré quand tu ma highlight
2015-03-19T09:50:44 <adriens33> eh bah c'est bien fait pour ta gueule, t'es pas sensé avoir le phone allumé en cours
2015-03-19T09:50:50 <adriens33> c'est pas ma faute.
2015-03-19T09:50:55 <Fidzu> Et j'ai voulu regarder
2015-03-19T09:50:57 <adriens33> moi j'tai voice
2015-03-19T09:50:59 <adriens33> c'tout
2015-03-19T09:51:06 <Fidzu> C'est quoi ?
2015-03-19T09:51:10 <adriens33> si t'a le phone allumé en cours c'est toi qu'est en tord
2015-03-19T09:51:47 <adriens33> non mais oh, le mec il laisse le phone allumé en cours, il se fait choper c'est moi qu'il engueule… la mauvaise foi quoi…
2015-03-19T09:51:49 <Fidzu> C'est quoi voice ?
2015-03-19T09:52:12 <adriens33> http://fr.wikipedia.org/wiki/Modes_IRC
2015-03-19T09:52:13 <adriens33> +v
2015-03-19T09:52:17 <Fidzu> XD
2015-03-19T09:53:32 <Fidzu> OK mais ça sere a rien en fait ...
2015-03-19T09:54:46 <adriens33> sisi…
2015-03-19T09:55:00 <adriens33> si je met le canal en +m
2015-03-19T09:55:08 <adriens33> ceux qui ont pas le voice ils peuvent plus parler.
2015-03-19T09:55:21 <adriens33> c'est une sécurité en fait
2015-03-19T09:55:40 <adriens33> (et aussi ça permet de différentier les inscrits des visiteurs, comme strycore par exemple)
2015-03-19T09:55:47 <Fidzu> Ah . Merci alors
2015-03-19T09:55:47 <adriens33> différencier *
2015-03-19T10:15:59 *** Shinsaber s'est connecté
2015-03-19T10:16:23 <Shinsaber> salut ^^
2015-03-19T10:18:49 <adriens33> coucou Shinsaber ^^
2015-03-19T10:18:51 <adriens33> ça va ?
2015-03-19T10:19:17 <Shinsaber> ma fois oui quant tu a pas de cours le matin ^^
2015-03-19T10:19:20 <Shinsaber> et toi ?
2015-03-19T10:19:42 <adriens33> ah ok XD
2015-03-19T10:19:52 <adriens33> bah ça va ^^
2015-03-19T10:20:57 *** wildfier s'est connecté
2015-03-19T10:21:01 <wildfier> salut
2015-03-19T10:21:25 *** TrappyTickles s'est connecté
2015-03-19T10:21:36 <wildfier> bon je sais pas pourquoi sugarcub nous crache des 500 sur ton serv Shinsaber
2015-03-19T10:21:43 <Shinsaber> salut le nouveau peuple ^^
2015-03-19T10:21:53 <Shinsaber> aaa ^^
2015-03-19T10:21:58 <wildfier> j'ai pas un pet de log même avec le site en mode débug
2015-03-19T10:22:17 <wildfier> salut TrappyTickles
2015-03-19T10:22:18 <Shinsaber> XD tu a été voir dans les log apache
2015-03-19T10:23:05 <TrappyTickles> oi
2015-03-19T10:23:37 <TrappyTickles> Shinsaber: oublie pas de me faire un accès au serveur :p
2015-03-19T10:23:48 <adriens33> coucou wildfier | TrappyTickles
2015-03-19T10:24:05 <TrappyTickles> oi
2015-03-19T10:24:15 <adriens33> wildfier> tu as lu ce que je t'avai mis hier sur #bronycub-g33k ?
2015-03-19T10:25:40 <wildfier> adriens33: à propos de ?
2015-03-19T10:26:32 <adriens33> sugarcub
2015-03-19T10:26:34 <adriens33> 2sec
2015-03-19T11:07:50 <adriens33> tip du jour: pour embeter Fidzu, highlightez-le ;)
2015-03-19T11:07:55 <adriens33> hein Fidzu ?
2015-03-19T11:08:59 *** heuzef est parti
2015-03-19T11:10:20 <wildfier> au fait, vous avez vu le dernier nawak lennon show ?
2015-03-19T11:10:43 <wildfier> y a un extrait d'une vidéo brony ^^
2015-03-19T11:15:03 <adriens33> pas encore
2015-03-19T11:43:05 <wildfier> on manges au ru Shinsaber ?
2015-03-19T11:43:17 <wildfier> mange*
2015-03-19T11:44:07 <Shinsaber> je suis a mon appartement, donc je préfère bien manger ^^
2015-03-19T11:48:12 <wildfier> ah ?
2015-03-19T11:48:25 <wildfier> t'es pas allé à ingésup ce matin finalement ?
2015-03-19T11:49:08 *** heuzef s'est connecté
2015-03-19T11:51:41 <Fidzu> Méchant adriens33 ^^
2015-03-19T11:54:08 <Fidzu> Bonjour a ceux que j'ai pas vu et bon app
2015-03-19T12:13:03 <adriens33> chai pas si vous avez vu la news
2015-03-19T12:13:27 <adriens33> la Déséducation nationale a interdit aux profs de laisser voir l'éclipse de soleil aux éleves demain
2015-03-19T12:13:34 <adriens33> sérieusement quoi…
2015-03-19T12:13:50 <adriens33> plutot que de faire des cours dessus, des trucs informatifs et amusant
2015-03-19T12:13:54 <adriens33> on les enferme.
2015-03-19T12:13:58 <adriens33> #logic
2015-03-19T12:17:11 <wildfier> d'ailleur, c'est à quelle heure ?
2015-03-19T12:19:44 <adriens33> début 9h13 (8h13 TU) - maximum 10h19 (9h19 TU)
2015-03-19T12:19:53 <adriens33> http://www.sudouest.fr/2015/03/11/eclipse-solaire-du-20-mars-ou-et-comment-la-voir-1855872-3350.php
2015-03-19T12:25:06 *** heuzef1 s'est connecté
2015-03-19T12:25:26 <wildfier> c'est con j'ai pas de lunette
2015-03-19T12:25:29 <wildfier> *s
2015-03-19T12:25:40 <adriens33> mi nn plus
2015-03-19T12:25:51 <adriens33> mais avec un carton tu bricole une chambre noire et basta
2015-03-19T12:26:08 <adriens33> c'pas aussi bien mais c'est + safe
2015-03-19T12:26:20 <adriens33> lol la meuf qu'a aucun scrupules
2015-03-19T12:26:42 <adriens33> je recois du spam comme quoi y'a des fautes d'orthographe sur mon site et qui me propose de la payer pour les corriger…
2015-03-19T12:26:47 <adriens33> j'ai pas besoin d'elle XDDD
2015-03-19T12:27:07 *** heuzef1 est parti
2015-03-19T12:27:11 *** heuzef est parti
2015-03-19T12:27:28 <wildfier> XD
2015-03-19T12:28:49 <adriens33> (surtout que sur les deux fautes qu'elle pointe, y'en a une qui y est meme pas et l'autre c'est la seule que j'avais sur tout le site… XD)
2015-03-19T12:29:52 <wildfier> et son mail en contient ? ^^
2015-03-19T12:30:41 <adriens33> d'orthographe non
2015-03-19T12:30:48 <adriens33> lexicales oui
2015-03-19T12:30:52 <wildfier> ^^
2015-03-19T12:30:54 <adriens33> un site internet ça n'existe pas
2015-03-19T12:30:57 <adriens33> un site web oui
2015-03-19T12:31:02 <adriens33> :]
2015-03-19T12:31:10 <Fidzu> Sachant que les gens qui regarderons l'éclipse ne sentiront leurs rétine cramer .. Je suis d'avis avec eux
2015-03-19T12:31:19 <adriens33> *ne sentiront pas
2015-03-19T12:31:30 <adriens33> (désolé XD)
2015-03-19T12:31:50 <adriens33> "j'ai trouvé d'autres erreurs sur votre site"
2015-03-19T12:31:52 <adriens33> ah oui ?
2015-03-19T12:31:54 <adriens33> ou ?
2015-03-19T12:31:56 <adriens33> *où
2015-03-19T12:32:04 <wildfier> oui, c'est une faute (/abus de language) que tu peux pas connaître quand t'es pas technique
2015-03-19T12:32:21 <adriens33> et internet
2015-03-19T12:32:25 <adriens33> pour pinailler
2015-03-19T12:32:31 <adriens33> ça prend un I majuscule
2015-03-19T12:32:35 <adriens33> parce que c'est un nom propre.
2015-03-19T12:32:37 <wildfier> ^^
2015-03-19T12:32:56 <adriens33> Je vais rester sympa, je ne vais pas lui répondre ^^
2015-03-19T12:44:57 *** Shinsaber est parti
2015-03-19T13:08:00 <wildfier> c'est bon ça
2015-03-19T13:08:10 <wildfier> je tombe sur un article de linuxfr
2015-03-19T13:08:26 <wildfier> qui parle de mecs qui ont fait une émission de radio
2015-03-19T13:08:45 <wildfier> de vulgarisation de l'histoire de l'informatique
2015-03-19T13:08:56 <wildfier> j'écoute le truc en podcast
2015-03-19T13:09:32 <wildfier> et je remarque un bandeau avec marqué : à l'écoute en ce moment
2015-03-19T13:09:49 <wildfier> "Jimi Hendrix - Voodoo Chile"
2015-03-19T13:09:56 <wildfier> j'aime cette radio
2015-03-19T13:10:08 <wildfier> Pori-Sons
2015-03-19T13:10:14 <wildfier> Poli-Sons*
2015-03-19T13:10:58 <wildfier> bon je vais en cours bye (j'auras pas accès à l'IRC)
2015-03-19T13:11:05 <wildfier> aurai*
2015-03-19T13:11:27 <adriens33> ok bye ^^
2015-03-19T13:15:36 *** wildfier est parti
2015-03-19T13:24:28 *** heuzef s'est connecté
2015-03-19T13:24:45 *** heuzef est parti
2015-03-19T13:25:09 *** heuzef s'est connecté
2015-03-19T13:29:43 <adriens33> tiens heuzef tu te déco avant de brancher le vpn maintenant ? :D
2015-03-19T13:51:16 <heuzef> J'essaie
2015-03-19T13:51:24 <Fidzu> Des gens qui vont défois manger au 29 café ?
2015-03-19T13:51:25 <heuzef> Même si ça me pêtes bien les noix
2015-03-19T13:52:01 <adriens33> heuzef> bah de toute facon quand tu co déco a un vpn le plus propre c'est de fermer tout socket ouvert
2015-03-19T13:52:10 <adriens33> (chat irc, skype etc)
2015-03-19T13:52:32 <adriens33> sinon forcément çatu coupe la co a la hache comme un gros sac
2015-03-19T13:52:38 <adriens33> /çatu/ça
2015-03-19T14:53:09 *** Gordfang s'est connecté
2015-03-19T14:53:49 <Gordfang> yo
2015-03-19T15:29:10 <Fidzu> Yo en retard
2015-03-19T15:30:37 <Gordfang> très
2015-03-19T15:31:37 <Fidzu> Désolé ...
2015-03-19T15:40:47 <TrappyTickles> heuzef: toutes les saisons sont dans bbbff et le doc est a jour
2015-03-19T15:41:08 <TrappyTickles> j'ai ton feu vert pour les mettre à la bonne place?
2015-03-19T15:43:39 <heuzef> Bien ouej =)
2015-03-19T15:43:43 <heuzef> Ok go
2015-03-19T15:43:54 <Gordfang> heuzef tu as vu la note sur le ticket?
2015-03-19T15:44:04 <TrappyTickles> ok
2015-03-19T15:44:40 <heuzef> Gordfang: nop
2015-03-19T15:44:48 <Gordfang> alors gogogo XD
2015-03-19T15:44:53 <Gordfang> histoire que je push avant de redemarer
2015-03-19T15:45:22 <heuzef> On utilise zocial
2015-03-19T15:45:28 <heuzef> Donc non
2015-03-19T15:45:42 <Gordfang> pas de classe particulière alors?
2015-03-19T15:45:56 <heuzef> Met juste une icon standard pour url (chrome il me semble)
2015-03-19T15:46:08 <Gordfang> k
2015-03-19T15:46:46 <Gordfang> après aussi pour son fb j'ai pas trop comprit, je le met ou pas besoin?
2015-03-19T15:47:09 <heuzef> Non tu ne le met pas
2015-03-19T15:47:14 <Gordfang> k
2015-03-19T15:47:44 <heuzef> TrappyTickles tu nous confirme pour avril dès que possible ?
2015-03-19T15:51:12 *** Gordfang est parti
2015-03-19T16:08:06 *** ELiDYROS s'est connecté
2015-03-19T16:16:16 *** heuzef est parti
2015-03-19T16:26:46 <TrappyTickles> comment il veut que je réponde s'il se barre avant :D
2015-03-19T16:36:11 *** Elvon s'est connecté
2015-03-19T16:38:42 <ELiDYROS> Bonjoir
2015-03-19T16:39:24 <adriens33> je re
2015-03-19T16:39:25 *** adriens33 est parti
2015-03-19T16:42:01 <Elvon> Bonsjoir
2015-03-19T16:42:25 <Elvon> hey TrappyTickles comment va ?
2015-03-19T17:00:33 *** heuzef s'est connecté
2015-03-19T17:03:03 *** adriens33 s'est connecté
2015-03-19T17:03:33 <adriens33> re
2015-03-19T17:03:51 <Elvon> Reeep! ^^
2015-03-19T17:04:07 <adriens33> salut Elvon :)
2015-03-19T17:04:09 <adriens33> comment va ?
2015-03-19T17:04:37 <Elvon> ça va pas si mal que Chat.
2015-03-19T17:04:46 <Elvon> http://www.radiobrony.fr/p/?autoplay
2015-03-19T17:04:48 <adriens33> *badum tss*
2015-03-19T17:05:27 <Elvon> yeay! buDum TsshhH ...
2015-03-19T17:21:42 <Elvon> Ce Weekend qui viens ? (je rapelle le thème Old meet New)
2015-03-19T17:31:02 <Fidzu> Moi
2015-03-19T17:31:06 <Fidzu> Lol mdr
2015-03-19T17:32:20 <Elvon> je sais ça ^^
2015-03-19T17:33:00 <Elvon> perso ce qui ont un compte Fesse B je met un event pour le meetup ODLandNEW
2015-03-19T17:33:18 <heuzef> Il existe déjà
2015-03-19T17:33:21 <heuzef> se me semble
2015-03-19T17:33:52 <heuzef> Voir avec Panda c'est lui qui gère le compte FB
2015-03-19T17:35:03 <Fidzu> Demain j'enverais un mail juste pour rappeler que c'est samedi
2015-03-19T17:35:57 <Fidzu> Et au cas où il y en ai qui n'avais pas vu le Mail de départ
2015-03-19T17:36:11 <heuzef> ;)
2015-03-19T17:36:35 <heuzef> En général tous le monde t'appel approximativement 5 min avant
2015-03-19T17:36:40 <heuzef> Pour te redemander toutes les infos
2015-03-19T17:36:57 <heuzef> Sauf le matin, en général ça dort :/
2015-03-19T17:37:07 <heuzef> Bordeaux powa
2015-03-19T17:38:25 <Elvon> peut etre mais bon j'ai besoin d'avoiir les infos vue que c'est Fidzu/Ludvann/Elvon qui s'en occupe. ^^"
2015-03-19T17:39:23 <Elvon> oui mais c'est mal organisé aussi pour faire passer l'infos ^^
2015-03-19T17:40:03 <Elvon> si tu prévois 3 semaines a l'avance tu laisse un mail et un mots dans l'agenda puis tu relance les indécis dans la semaine avant le jour J
2015-03-19T17:41:07 <Elvon> c'est de la logique d'oragnisation standard mais du coup je passe en mode chieur parce que je veux voir des anciens dont on me parle mais que je ne connais absoluement pas.
2015-03-19T17:44:04 <Fidzu> Dans le mail demain je donnerais mon phone au cas il y en a qui se perdent, annule ou autre.
2015-03-19T17:45:42 <Fidzu> C'est vrai que j'ai l'impression de spamer tout le monde avec cet event ^^
2015-03-19T17:46:23 <Elvon> Tout ce déroulera suivant le schémas et puis on ce retrouve dans tou les cas au calice. (je vous y attenderais pour sur)
2015-03-19T17:47:03 <Fidzu> Yep
2015-03-19T17:47:03 <TrappyTickles> heuzef: tout est a jour sur bbbff et dans le doc
2015-03-19T17:47:11 <heuzef> Super =)
2015-03-19T17:47:45 <Elvon> ?
2015-03-19T17:47:59 <Elvon> depuis quand il fonctionne bbfff
2015-03-19T17:48:09 <Elvon> Oups
2015-03-19T17:48:13 <Elvon> j'ai mal lu
2015-03-19T17:49:05 <Elvon> Sinon TrappyTickles tu ma pas répondu ^^" comment est-ce que ça va?
2015-03-19T17:49:25 <TrappyTickles> j'étais pas devant le pc
2015-03-19T17:49:32 <TrappyTickles> ça va ui et toi?
2015-03-19T17:50:17 <Elvon> ça va bien (ta femme s'en ai un peu remis?)
2015-03-19T17:51:25 <TrappyTickles> encore un peu mal mais ça guérit, on en voit le bout
2015-03-19T17:52:11 <Elvon> Good tout ça, que ça ce passe bien c'est l'essentiel ?
2015-03-19T17:52:13 <Elvon> ^^
2015-03-19T17:52:24 <TrappyTickles> ui
2015-03-19T17:52:44 <TrappyTickles> j'aimerais que ça lui guérisse tout tant qu'a faire
2015-03-19T17:52:55 <Elvon> https://www.facebook.com/events/1580012418908518/
2015-03-19T17:53:22 <Elvon> *sorry un peu de pub*
2015-03-19T17:53:33 <Elvon> ah bah vaudrai mieu
2015-03-19T17:54:42 <Elvon> heuzef> Panda c'est Gaspard, le type de la ponysouth ?? Oo (lapo conpris)
2015-03-19T18:00:59 <adriens33> Elvon> berk facebook c'est caca
2015-03-19T18:01:32 <heuzef> c'est gaspard oui mais pas le type de la ponysouth
2015-03-19T18:01:38 <heuzef> Tu confond avec Astaen
2015-03-19T18:01:58 <adriens33> Elvon> pis ta page elle fail regarde http://www.art-software.fr/apps/bozon/uploads/lol.png
2015-03-19T18:03:51 <Elvon> reload
2015-03-19T18:04:07 <Elvon> (j'étais en modif)
2015-03-19T18:04:58 <Elvon> Nop j'ai un gaspard de la ponysouth qui ma contacter en me disant que tu lui avait demander de voir avec moi.
2015-03-19T18:04:59 <adriens33> non, désolé
2015-03-19T18:05:03 <adriens33> ça fail toujours. :^
2015-03-19T18:05:18 <Elvon> Oo ouais c'est louche. et non je parle pas d'Astean
2015-03-19T18:05:55 <Elvon> a bah tampis mon pc me dit le contraire (ça marche top sauf que je n'ai pas d'imade de top)
2015-03-19T18:06:02 <adriens33> T'a du te planter dans l'URL ou bien ton truc est en privé
2015-03-19T18:06:13 <Elvon> je sais pas je vais voir ça
2015-03-19T18:06:31 <Elvon> je l'ouvre au tout public (pour toi public)
2015-03-19T18:07:29 *** heuzef est parti
2015-03-19T18:08:02 <ELiDYROS> Je peux pas voir Facebook est bloqué chez moi
2015-03-19T18:08:04 *** Fidzu est parti
2015-03-19T18:09:00 <Elvon> bah dans tout les cas on est pas aidé pour organiser des Events simplement. Xd
2015-03-19T18:09:13 <adriens33> ELiDYROS> comment ça se fait, ça ?
2015-03-19T18:09:16 *** Fidzu s'est connecté
2015-03-19T18:09:18 <adriens33> c'est voulu ou bien ?
2015-03-19T18:09:24 <ELiDYROS> C'est voulu
2015-03-19T18:09:29 <adriens33> ah ok XD
2015-03-19T18:09:43 <ELiDYROS> J'ai plus de compte, et j'ai bloqué le site pour pas qu'il "s'insinue" partout où je vais
2015-03-19T18:11:15 <Fidzu> Ah ouai tu es vraiment anti Facebook ^^
2015-03-19T18:11:45 <TrappyTickles> il a de la chance de pas avoir de famille je présume
2015-03-19T18:12:01 <Fidzu> XD
2015-03-19T18:12:45 <ELiDYROS> pas avoir de famille ?
2015-03-19T18:15:03 <adriens33> Ou bien il en a une qui est soit ignorante de facebook, soit qui est plus au courant de ce que fait ce site ^^
2015-03-19T18:15:13 <adriens33> (ou bien juste qui sait utiliser autre chose que ce bidul)
2015-03-19T18:15:16 <adriens33> bilude *
2015-03-19T18:15:18 <adriens33> bidule *
2015-03-19T18:15:21 <Elvon> lule
2015-03-19T18:15:23 <adriens33> (bordel ><)
2015-03-19T18:16:09 <adriens33> « Il a de la chance de pas avoir de famille » Trappy tu te rend compte de ce que tu viens de sortir comme énormité là, non ? Rassure-moi XD ^^
2015-03-19T18:16:14 <ELiDYROS> d'un c'est bloqué sur ma machine perso et non sur tout mon réseau, en suite ça fait longtemps que je vis plus chez ma mère et enfin j'ai pas besoin de ça pour avoir des nouvelles des gens que je connais, y a l'IRL je sais pas si vous en avez entendu parler
2015-03-19T18:16:26 <adriens33> non, c'est quoi ?
2015-03-19T18:16:28 <adriens33> XD
2015-03-19T18:17:54 <Fidzu> Je crois que c'est ce qu'il a essayé de dire . Que tu n'a pas de famille .. Sur Facebook et qui ne vie que dessus. :-)
2015-03-19T18:19:31 <Fidzu> Faut s'abonner pour avoir l'IRL chez soi ?
2015-03-19T18:19:41 <TrappyTickles> oui, il a de la chance de pas avoir de famille qui vit a 600Km d'ici et qui connait que ce putain de facebook pour communiquer sur le web
2015-03-19T18:20:07 <TrappyTickles> geez ma mère n'a même pas skype
2015-03-19T18:20:14 <TrappyTickles> elle a que facebook
2015-03-19T18:20:18 <adriens33> TrappyTickles> bah si t'a des gens dans ce cas, tu leurs apprends quey'a skype, les sms, et tout un tas d'autres technos pas dures à utiliser
2015-03-19T18:20:43 <TrappyTickles> et pour le bon cliché, elle s'en sert comme tumblr pour faire la nana lourde de google+
2015-03-19T18:20:52 <adriens33> et s'ils en veulent pas et que tu leur annonce que tu veux pas te faire enculer gratuitement par fb / g+
2015-03-19T18:21:00 <adriens33> et que ça leur fait pas changer d'avis
2015-03-19T18:21:11 <adriens33> c'est qu'ils en ont un poil rien à foutre de toi :P
2015-03-19T18:21:18 <TrappyTickles> laisse tomber, ça fait 3 ans que je parle de tumblr a ma mère, ranafout
2015-03-19T18:21:29 <adriens33> c'est pour faire un blog ça
2015-03-19T18:21:50 <TrappyTickles> ben tiens tsais quoi? jvais le faire tiens
2015-03-19T18:21:55 <adriens33> après pour communiquer passer du chat fb a skype c'est du pareil au meme XD
2015-03-19T18:22:00 <adriens33> de ?
2015-03-19T18:22:03 <TrappyTickles> tu vas voir, personne va me suivre
2015-03-19T18:22:19 <adriens33> bah nous déjà on te parle via irc
2015-03-19T18:22:23 <adriens33> y'a skype aussi
2015-03-19T18:22:27 <TrappyTickles> jvais annoncer que je pars de fb pour passer a un autre truc
2015-03-19T18:22:44 <adriens33> y'a xmpp
2015-03-19T18:22:45 <adriens33> les mails
2015-03-19T18:22:57 <TrappyTickles> y a aussi une de mes grand mères sur fb
2015-03-19T18:23:02 <adriens33> roh putain :XD
2015-03-19T18:23:07 <adriens33> * XD
2015-03-19T18:23:35 <TrappyTickles> non serieux, leur parler de ça, autant leur parlr en japonais
2015-03-19T18:23:44 <Fidzu> Je quitte Facebook pour Myspace !
2015-03-19T18:23:48 <TrappyTickles> c'est le problème avec fb
2015-03-19T18:23:51 <Fidzu> Wait c'est quoi déjà ça ?
2015-03-19T18:24:26 <TrappyTickles> fb est tellement convival que ça attire tout le monde, y compris les gens hermétiques à la technologie
2015-03-19T18:24:39 <adriens33> c'est pas convivial.
2015-03-19T18:24:47 <adriens33> c'est utilisé par tout le monde parce que y'a tout le monde dessus.
2015-03-19T18:24:57 <TrappyTickles> comme ces personnes qui achètent un alienware juste pour candy crush
2015-03-19T18:25:00 <adriens33> c'est de l'inertie technologique et un foutu cercle vicieux.
2015-03-19T18:25:04 <adriens33> rien de plus.
2015-03-19T18:25:24 <TrappyTickles> enfin bon tu vois cque jveud
2015-03-19T18:25:28 <Fidzu> C'est le tweeter pour ceux qui on leurs vie a raconter
2015-03-19T18:25:30 <adriens33> facebook est aussi convivial et respectueux que ma bite sur ton front.
2015-03-19T18:25:50 <TrappyTickles> oui, mais eux s'en rendent pas compte
2015-03-19T18:26:08 <Fidzu> Et qui veulent des j'aime pour sauver les enfants en Afrique
2015-03-19T18:26:32 <TrappyTickles> et si par hasard ils le savent, ils sont baisés pcq ils ont aussi des amis qui en partiront pas
2015-03-19T18:29:11 <adriens33> en fait faut aller torturer l'autre con de gamin hypra riche et capricieux… comment il s'appelle déjà…
2015-03-19T18:29:19 <adriens33> ah oui, Mark Zuckerberg.
2015-03-19T18:30:52 <TrappyTickles> sans parler des medias qui utilisent tous fb
2015-03-19T18:30:59 <TrappyTickles> et twitter
2015-03-19T18:31:11 <TrappyTickles> les deux ensemble même
2015-03-19T18:31:16 <adriens33> ouai mais bon les médias "classiques" et twitter faudrait les virer aussi.
2015-03-19T18:31:23 <adriens33> et pis le gvt francais tant qu'on y est
2015-03-19T18:31:40 <Fidzu> Tweeter ca fait quand même un peu plus .. pro
2015-03-19T18:31:42 <adriens33> vu que maintenant ils peuvent censurer un site web sans passer par une décision de justice.
2015-03-19T18:32:00 <adriens33> on est très, mais alors très mal partis.
2015-03-19T18:33:29 <TrappyTickles> tfaçons 99% de mon contenu fb est issu de mon tumblr et mon twitter (et je poste déjà peu sur les 2)
2015-03-19T18:33:53 <TrappyTickles> ça me sert juste d'extension occasionelle au sms
2015-03-19T18:37:12 <adriens33> ok ^^
2015-03-19T18:41:41 <ELiDYROS> Et puis l'avantage de Twitter par rapport à Facebook c'est que t'es pas obligé de supporter les commentaires sans intérêt des gens que tu suis pas
2015-03-19T18:43:05 <adriens33> ouai
2015-03-19T18:43:13 <ELiDYROS> C'est moins nombriliste aussi
2015-03-19T18:43:14 <adriens33> par contre t'es censuré à tour de bras
2015-03-19T18:43:27 *** Fidzu est parti
2015-03-19T18:44:06 <Elvon> ^^
2015-03-19T18:44:24 <Elvon> j'allais le dire Berry-chan.
2015-03-19T18:44:28 <Elvon> *aller
2015-03-19T18:44:33 <adriens33> non
2015-03-19T18:44:36 <adriens33> c'était bien allais.
2015-03-19T18:44:45 <Elvon> a merde ... Oo
2015-03-19T18:44:50 <adriens33> tu dirais pas j'voir le dire
2015-03-19T18:45:00 <adriens33> mauvais exemples
2015-03-19T18:45:04 <adriens33> *exemple
2015-03-19T18:46:58 <ELiDYROS> Je manger pomme car pomme être bon
2015-03-19T18:47:11 <ELiDYROS> N'est-il pas ?
2015-03-19T18:48:08 <adriens33> « Je dégustais une pomme, car les pommes c'est délicieux »
2015-03-19T18:48:13 <adriens33> (trad auto)
2015-03-19T18:48:24 <adriens33> Groumpf → Français
2015-03-19T18:48:56 <ELiDYROS> Je pas d'accord.
2015-03-19T18:49:27 <adriens33> moi rien avoir a foutre de avis de toi
2015-03-19T18:50:00 <ELiDYROS> (∏—∏ )
2015-03-19T18:52:13 <adriens33> m'ok
2015-03-19T18:53:33 *** Fidzu s'est connecté
2015-03-19T19:29:44 *** MaCharon s'est connecté
2015-03-19T19:33:08 <adriens33> salut MaCharon
2015-03-19T19:33:21 <MaCharon> salut
2015-03-19T19:33:57 <Elvon> Yeahy MaCharon désolé pour cet le jdr cet semaine ^^ (j'ai crut que c'était jouable)
2015-03-19T19:34:14 <MaCharon> de quoi ?
2015-03-19T19:34:18 *** ELiDYROS est parti
2015-03-19T19:34:25 <Elvon> Non rien oublie
2015-03-19T19:34:47 * Elvon siffle un aire de rien.
2015-03-19T19:34:56 <MaCharon> mouai...
2015-03-19T19:36:16 <Elvon> je t'ai dit que j'essayerai de faire un partie mercredi mais il y avait pas assez de joueur et en plus le calice fermer pour aller a la plage.
2015-03-19T19:37:03 <MaCharon> ah oui peut etre
2015-03-19T20:02:57 *** Elvon est parti
2015-03-19T20:03:28 *** Elvon s'est connecté
2015-03-19T20:19:34 <adriens33> Elvon tu clignottes ? XD
2015-03-19T20:29:23 *** Gordfang s'est connecté
2015-03-19T20:37:22 <Elvon> ouais je cligne
2015-03-19T20:37:32 <Elvon> adriens33> toi aussi
2015-03-19T20:39:19 <Gordfang> coucou les gens
2015-03-19T20:39:33 <Elvon> A plus tard, bonne nuit?
2015-03-19T20:39:38 *** Elvon est parti
2015-03-19T20:41:18 <Fidzu> coucou
2015-03-19T20:41:19 <adriens33> non je clignotte pas moi
2015-03-19T20:41:21 <Fidzu> bye elvon
2015-03-19T20:41:25 <adriens33> je parlais de sa connexion internet
2015-03-19T21:58:39 *** adriens33 est parti
2015-03-19T23:20:58 <Fidzu> bonne nuit
2015-03-19T23:21:01 *** Fidzu est parti
2015-03-19T23:38:49 *** Fidzu s'est connecté
2015-03-19T23:38:55 <Fidzu> je reviens juste pour montrer ça https://www.facebook.com/video.php?v=1545244512417725&set=vb.100007965735757&type=3
2015-03-19T23:38:57 <Fidzu> allez bye
2015-03-19T23:38:59 *** Fidzu est parti
2015-03-19T23:39:29 *** Fidzu s'est connecté
2015-03-19T23:39:29 <Fidzu> mauvais liens
2015-03-19T23:39:30 <Fidzu> https://www.youtube.com/watch?v=YytGjrkPoMk
2015-03-19T23:39:35 <Fidzu> allez bye encore
2015-03-19T23:39:38 *** Fidzu est parti
