2015-01-14T00:11:55 *** TrappyTickles est parti
2015-01-14T00:12:14 *** TrappyTickles s'est connecté
2015-01-14T00:17:42 *** TrappyTickles est parti
2015-01-14T01:15:15 *** Gordfang est parti
2015-01-14T09:03:40 *** Gordfang s'est connecté
2015-01-14T09:03:48 <Gordfang> yo
2015-01-14T09:04:52 *** Gordfang est parti
2015-01-14T09:10:56 *** heuzef s'est connecté
2015-01-14T09:33:40 *** heuzef1 s'est connecté
2015-01-14T09:35:27 *** heuzef est parti
2015-01-14T10:01:59 *** TrappyTickles s'est connecté
2015-01-14T10:02:18 <TrappyTickles> quelle bande de MORFALES! qu'ils le gardent leur sale fric! mon charlie jle piraterai!
2015-01-14T10:08:21 <heuzef1> Du calme
2015-01-14T10:21:11 *** Gordfang s'est connecté
2015-01-14T11:46:22 *** adriens33 s'est connecté
2015-01-14T11:48:09 <adriens33> hello tout le monde
2015-01-14T11:54:05 <Gordfang> yo!
2015-01-14T12:17:23 *** Gordfang est parti
2015-01-14T12:27:22 *** heuzef1 est parti
2015-01-14T13:25:17 *** Gordfang s'est connecté
2015-01-14T13:29:11 *** heuzef s'est connecté
2015-01-14T13:29:34 <Gordfang> re
2015-01-14T13:39:47 <TrappyTickles> https://www.youtube.com/watch?v=puMfoeml6Mk cadeau pour tout le monde
2015-01-14T13:39:58 <TrappyTickles> (et pounr info, la piste audio sera dans le mkv du bbbff :p
2015-01-14T13:43:50 <heuzef> Haha ! Pas mal :D !!
2015-01-14T15:04:14 <adriens33> TrappyTickles: XD sympa
2015-01-14T15:26:53 *** heuzef est parti
2015-01-14T15:45:20 *** heuzef s'est connecté
2015-01-14T16:04:37 *** heuzef est parti
2015-01-14T16:04:59 *** heuzef s'est connecté
2015-01-14T16:32:08 *** heuzef est parti
2015-01-14T16:33:32 *** heuzef s'est connecté
2015-01-14T16:49:41 *** Gordfang est parti
2015-01-14T16:55:12 *** Gordfang s'est connecté
2015-01-14T17:08:27 *** Gordfang est parti
2015-01-14T17:12:34 *** heuzef est parti
2015-01-14T17:45:21 *** ludvann s'est connecté
2015-01-14T17:45:25 <ludvann> yop
2015-01-14T17:45:33 <ludvann> me voilu
2015-01-14T17:45:40 <ludvann> voilou*
2015-01-14T17:46:01 <ludvann> (j'écris que de la main gauche...)
2015-01-14T17:49:56 <ludvann> (ps: coucou adriens33 TrappyTickles strycore ^^)
2015-01-14T17:50:02 <adriens33> hello ludvann
2015-01-14T17:50:05 <TrappyTickles> oi
2015-01-14T17:50:07 <ludvann> ^^
2015-01-14T17:50:39 <ludvann> un petit highlight et tout  le monde est là x)
2015-01-14T17:50:51 <ludvann> (presque)
2015-01-14T18:05:12 <adriens33> bah c'est un peu le principe du highligt en même temps. XD
2015-01-14T18:05:27 <ludvann> x)
2015-01-14T18:14:42 <ludvann> adriens33: je pourrais utiliser le bépo durant 1 mois environ... :-|
2015-01-14T18:14:57 <adriens33> et?..
2015-01-14T18:15:11 * ludvann is sad
2015-01-14T18:15:21 <ludvann> sinon ça va ? :)
2015-01-14T18:17:22 *** ludvann est parti
2015-01-14T18:17:31 *** MaCharon s'est connecté
2015-01-14T18:35:37 *** heuzef s'est connecté
2015-01-14T18:36:18 *** heuzef est parti
2015-01-14T19:38:07 *** flutterbrony s'est connecté
2015-01-14T19:38:11 <flutterbrony> bonsoir
2015-01-14T19:39:07 <flutterbrony> au faite adriens 33, je compte essayer d'adapter le code de Berry-Punch pour un serveur minecraft, tu pense que ca vas être possible et facilement ?
2015-01-14T19:39:43 <flutterbrony> et, tu utilise bukkit pour le serveur minecraft de bronycub ?
2015-01-14T19:51:21 <flutterbrony> je vais manger @+
2015-01-14T19:52:22 *** flutterbrony est parti
2015-01-14T19:52:33 *** flutterbrony s'est connecté
2015-01-14T19:52:33 <flutterbrony> merci Berry-Punch
2015-01-14T19:58:26 *** flutterbrony est parti
2015-01-14T20:01:58 *** adriens331 s'est connecté
2015-01-14T20:02:09 *** adriens33 est parti
2015-01-14T20:24:49 *** flutterbrony s'est connecté
2015-01-14T21:51:36 *** flutterbrony est parti
2015-01-14T21:53:54 *** adriens331 s'est connecté
2015-01-14T21:54:09 *** adriens33 est parti
2015-01-14T22:09:57 <adriens33> zut j'ai pas vu passer flutterbrony.. si tu lis le log: faut mettre mon pseudo en entier, comme ça ça me highlight et mon client irc me prévient qu'on m'appelle ;) et sinon, bah berry c'est un bot irc, et minecraft c'est pas irc (le chat interne ne fonctionne pas du tout comme irc), et comme c'est du script shell créé explicitement pour tourner sur irc, bah c'est pas utilisable sans beaucoup de changements (sans compter qu'il faut tout ré
2015-01-14T22:10:10 <adriens33> (la version 1.7.2-R0.3 pour être précis)
2015-01-14T23:13:22 <TrappyTickles> omg la rareté suprême https://www.youtube.com/watch?v=XS4vwudTBVw le générique français G1, mais celui d'avant AB !
2015-01-14T23:25:02 *** ELiDYROS s'est connecté
2015-01-14T23:25:31 <ELiDYROS> Bonsoir.
2015-01-14T23:36:14 *** MaCharon est parti
2015-01-14T23:40:22 *** ELiDYROS est parti
