2015-02-16T00:31:55 *** Lenile s'est connecté
2015-02-16T00:54:18 *** TrappyTickles est parti
2015-02-16T10:40:50 *** TrappyTickles s'est connecté
2015-02-16T12:14:33 <Lenile> Salut Trappy
2015-02-16T12:19:27 *** MaCharon s'est connecté
2015-02-16T12:32:43 <TrappyTickles> oi
2015-02-16T12:33:01 <MaCharon> salut
2015-02-16T13:00:50 *** MaCharon est parti
2015-02-16T13:12:00 <TrappyTickles> https://www.youtube.com/watch?v=ZvhcadKNiHQ oboi XD
2015-02-16T13:17:07 *** Gordfang s'est connecté
2015-02-16T13:17:08 <Gordfang> yo
2015-02-16T13:40:10 <Lenile> Yo
2015-02-16T13:40:15 <Lenile> Gordfand ?
2015-02-16T13:40:32 <Lenile> Un bon VPN pour Linux sous Gnome t'en connais un ?
2015-02-16T13:40:37 <Lenile> Me suis fait péta par hadopi
2015-02-16T13:43:45 <Gordfang> XD sérieux?
2015-02-16T13:44:05 <Gordfang> non j'y connais rien en linux demande a adrien
2015-02-16T14:22:24 <strycore> ಠ_ಠ
2015-02-16T14:23:09 <strycore> un vpn ça se fait pas tourner sur la machine sur laquelle on s'est fait choper…
2015-02-16T14:23:34 <strycore> (sinon, OpenVPN, c'est le plus couramment utilisé)
2015-02-16T14:24:13 <strycore> pour *utiliser* un VPN, il y a besoin de rien, il y a des options de connection VPN directement dans Gnome dans les préférences réseau
2015-02-16T14:38:30 *** Gordfang est parti
2015-02-16T14:59:29 <Lenile> strycore justement c'est pour l'autre machine
2015-02-16T15:00:17 <Lenile> Mais ils ont l'IP du réseau et ont pas donné l'Ip de ma machine c'est ça que je trouve étrange.
2015-02-16T15:03:03 <strycore> euh…
2015-02-16T15:03:44 <strycore> "l'autre machine" est dans le même appart / derrière la même box ?
2015-02-16T15:11:02 <strycore> ಠ_ಠ
2015-02-16T15:29:13 <Lenile> Ouais
2015-02-16T15:39:22 <strycore> tu sais que c'est un peu useless de faire tourner un vpn dans un réseau local …
2015-02-16T15:40:00 <strycore> ça leur fait une belle jambe l'hadopi que tu télécharge depuis le pc de ta chambre ou celui de ton salon…
2015-02-16T15:40:56 <strycore> le but d'un VPN c'est quand même d'utiliser une autre connection internet, si possible dans un autre pays…
2015-02-16T15:41:08 <Lenile> Ouais ._.
2015-02-16T16:27:48 *** Gordfang s'est connecté
2015-02-16T16:30:18 <Gordfang> re
2015-02-16T16:52:05 *** TrappyTickles est parti
2015-02-16T17:44:47 *** MaCharon s'est connecté
2015-02-16T19:40:40 *** Gordfang est parti
2015-02-16T19:40:58 *** ELiDYROS s'est connecté
2015-02-16T19:41:08 *** ELiDYROS est parti
2015-02-16T19:57:33 *** ELiDYROS s'est connecté
2015-02-16T20:27:27 *** Gordfang s'est connecté
2015-02-16T22:03:10 *** Lenile est parti
2015-02-16T22:03:59 *** Lenile s'est connecté
2015-02-16T22:29:45 *** Nilino s'est connecté
2015-02-16T22:31:50 <Nilino> Hey, il y a des gens ?
2015-02-16T22:32:07 <Gordfang> yep
2015-02-16T22:32:18 <Nilino> Salut !
2015-02-16T22:32:21 <Gordfang> (wow 16 seconde de réaction c'est mon record ^^)
2015-02-16T22:32:25 <Gordfang> ca va?
2015-02-16T22:32:39 <Nilino> pas mal ouai
2015-02-16T22:32:42 <Nilino> et toi ?
2015-02-16T22:32:48 <Gordfang> trankilou
2015-02-16T22:33:05 *** Dawnio s'est connecté
2015-02-16T22:33:11 <Dawnio> salut les bordelais!
2015-02-16T22:33:15 <Nilino> Je vais être de passage sur Bordeaux ce week-end !
2015-02-16T22:33:16 <Gordfang> salut dawnio ^^
2015-02-16T22:33:25 <Dawnio> comment ça va depuis le temps?
2015-02-16T22:33:49 <Gordfang> on avance a petit pas, quelque évent par ci par la ^^
2015-02-16T22:34:23 <Dawnio> sympa sympa =)
2015-02-16T22:35:30 <Gordfang> je re
2015-02-16T22:36:00 <Dawnio> okay
2015-02-16T22:42:53 <Gordfang> re
2015-02-16T22:42:55 <Nilino> re
2015-02-16T22:45:12 <Dawnio> bon, notre cher ami veut organiser un meet up ce week end chez vous!
2015-02-16T22:52:59 <Nilino> Hey ! En effet !
2015-02-16T22:53:07 <Nilino> Il y a des gens intéressés/disponibles ?
2015-02-16T22:53:25 <Nilino> Et des gens chez qui crécher pour une nuit ?
2015-02-16T22:54:22 *** Dawnio est parti
2015-02-16T22:56:30 <Lenile> Nilino
2015-02-16T22:56:43 <Lenile> Ta un casier judiciaire ?
2015-02-16T22:57:01 <Nilino> Oui, mais il est vierge
2015-02-16T22:57:10 <Lenile> Okay
2015-02-16T22:57:16 <Lenile> Bah je peut t'heberger 2 nuits grand max
2015-02-16T22:57:35 <Nilino> Cool ! merci !
2015-02-16T22:57:51 <Lenile> De rien
2015-02-16T22:57:56 <Lenile> J'ai de quoit'occupé en plus
2015-02-16T22:58:05 <Lenile> Fouet, corde tabouret toussa toussa
2015-02-16T22:58:07 <Lenile> Nan j'dec
2015-02-16T22:58:13 <Lenile> 2 Pc 2 consoles 2 télé
2015-02-16T22:58:18 <Lenile> De quoi faire.
2015-02-16T22:58:21 <Nilino> Atta, j'ai pas encore vu 50 nuances de grey
2015-02-16T22:58:41 <Nilino> Dawnio a des problèmes de connexion, c'est sa box qui lache
2015-02-16T22:59:39 <Lenile> J'peut en heberger qu'un par contre
2015-02-16T22:59:50 <Nilino> Il peut pas venir de son côté...
2015-02-16T22:59:56 <Lenile> Ok ._;
2015-02-16T23:00:00 <Nilino> j'ai essayé de pousser mais bon...
2015-02-16T23:00:09 <Nilino> Il y a quoi de sympa à organiser à Bordeaux ?
2015-02-16T23:07:49 <Lenile> Heuuuu
2015-02-16T23:07:55 <Lenile> Se qui te plait
2015-02-16T23:07:57 <Lenile> On est en ville
2015-02-16T23:10:05 *** Lenile est parti
2015-02-16T23:10:15 *** Lenile s'est connecté
2015-02-16T23:10:20 <Lenile> Connection instant o/
2015-02-16T23:12:45 *** Lenile est parti
2015-02-16T23:13:31 *** Lenile2 s'est connecté
2015-02-16T23:34:23 *** ELiDYROS est parti
2015-02-16T23:40:46 <Lenile2> J'te connais pas moi o/
