2015-03-22T00:19:48 *** TrappyTickles est parti
2015-03-22T00:21:13 <Fidzu> adriens33: la photo ça te derange si on la met sur le site BC ?
2015-03-22T00:21:31 <adriens33> heu... nah
2015-03-22T00:21:43 <Fidzu> adriens33: ok
2015-03-22T00:54:22 <Fidzu> Simplet_42: portal + pinkie pie https://lh5.googleusercontent.com/-G9eaWumB5EE/VQ3YIJeDndI/AAAAAAACBqI/KLoBb5GHXns/s1600/PortalBox.png
2015-03-22T00:54:47 <Simplet_42> Mouhahahaha bien l'image ^^
2015-03-22T02:07:09 *** adriens33 est parti
2015-03-22T02:10:21 *** Simplet_42 est parti
2015-03-22T02:11:17 *** MaCharon est parti
2015-03-22T02:12:07 *** Fidzu est parti
2015-03-22T11:31:53 *** Fidzu s'est connecté
2015-03-22T11:52:43 *** TrappyTickles s'est connecté
2015-03-22T13:16:31 *** TrappyTickles est parti
2015-03-22T14:31:48 *** Gordfang s'est connecté
2015-03-22T14:33:21 <Gordfang> yo!
2015-03-22T14:36:59 <Fidzu> yo
2015-03-22T14:50:00 *** ELiDYROS s'est connecté
2015-03-22T15:21:34 *** adriens33 s'est connecté
2015-03-22T15:23:48 <adriens33> yo tout l'monde!
2015-03-22T15:26:33 <Fidzu> yo
2015-03-22T16:15:19 *** Gordfang est parti
2015-03-22T16:35:16 *** mousstery s'est connecté
2015-03-22T16:35:22 <mousstery> RAH
2015-03-22T16:35:34 <mousstery> a chaque fois j'oublie une maj :c
2015-03-22T16:36:23 <Fidzu> ou ?
2015-03-22T16:36:25 <Fidzu> a ton nom ?
2015-03-22T16:36:46 <mousstery> ui x)
2015-03-22T16:36:56 *** mousstery est parti
2015-03-22T18:45:25 <Fidzu> pendant ce temps sur une video de Aypierre http://gyazo.com/7353ddfbafa4e57ed6e388ef6ae0e7b0
2015-03-22T18:51:07 *** Fidzu est parti
2015-03-22T19:37:33 *** Fidzu s'est connecté
2015-03-22T21:06:03 *** ELiDYROS est parti
2015-03-22T21:56:34 *** adriens33 est parti
2015-03-22T23:05:18 *** Elvon s'est connecté
2015-03-22T23:05:51 <Elvon> Bonsoir tout le monde
2015-03-22T23:07:10 <Elvon> Good night !
2015-03-22T23:07:16 *** Elvon est parti
