2015-03-03T00:05:23 *** adriens33 est parti
2015-03-03T00:15:44 *** TrappyTickles est parti
2015-03-03T08:15:49 *** TrappyTickles s'est connecté
2015-03-03T08:48:21 *** adriens33 s'est connecté
2015-03-03T08:49:08 <adriens33> yo
2015-03-03T08:52:53 *** Gordfang s'est connecté
2015-03-03T08:55:17 <adriens33> hello Gordfang
2015-03-03T08:55:29 <Gordfang> yo adriens33
2015-03-03T09:00:33 <adriens33> comment va ? :)
2015-03-03T09:00:46 <Gordfang> bien et toi?
2015-03-03T09:03:07 <adriens33> ça va ^^
2015-03-03T09:17:24 *** heuzef s'est connecté
2015-03-03T09:18:23 *** adriens33 est parti
2015-03-03T09:22:55 *** adriens33 s'est connecté
2015-03-03T09:37:57 *** adriens33 est parti
2015-03-03T09:58:27 *** adriens33 s'est connecté
2015-03-03T10:25:14 *** ELiDYROS s'est connecté
2015-03-03T10:28:38 <heuzef> Yop =)
2015-03-03T10:32:17 <Gordfang> yo
2015-03-03T10:32:27 <Gordfang> c'est bon j'ai push la nouvelle fiche de membre ^^
2015-03-03T10:32:48 <heuzef> Thx =)
2015-03-03T10:32:58 <heuzef> Je vais me motiver pour boucler ça today
2015-03-03T10:33:22 <Gordfang> k
2015-03-03T10:34:18 <adriens33> hello heuzef / Gordfang / TrappyTickles :)
2015-03-03T10:34:52 <TrappyTickles> oi
2015-03-03T10:35:36 <heuzef> Plop =)
2015-03-03T10:39:32 *** ELiDYROS_ s'est connecté
2015-03-03T10:42:34 *** ELiDYROS est parti
2015-03-03T10:53:05 *** Gordfang est parti
2015-03-03T11:06:16 *** TrappyTickles_ s'est connecté
2015-03-03T11:10:18 *** Gordfang s'est connecté
2015-03-03T11:10:22 *** TrappyTickles est parti
2015-03-03T11:31:07 *** ELiDYROS est parti
2015-03-03T11:33:10 *** Gordfang est parti
2015-03-03T11:35:18 <heuzef> Mega nettoyage de ticket :D
2015-03-03T11:35:55 <heuzef> 4 tickets d'ouverts maintenant, on y voit très claire c'est cool ^^
2015-03-03T11:36:31 <heuzef> D'ailleurs on à cloturer notre 100ème sur une inscription très classe :) (Fidzu)
2015-03-03T11:37:06 <adriens33> cool o//
2015-03-03T11:37:30 <adriens33> (hmmm.. chocolat chaud *w*)
2015-03-03T11:40:13 <heuzef> :P
2015-03-03T11:40:35 <heuzef> D'ailleur j'ai trouvé un endroit pas loin du pont de pierre
2015-03-03T11:40:43 <adriens33> ah ?
2015-03-03T11:40:43 <heuzef> il servent des chocolat chaud de tueur
2015-03-03T11:40:50 <adriens33> ^^
2015-03-03T11:40:54 <heuzef> Ultra haut level +2
2015-03-03T11:41:03 <adriens33> ça pourrait être intéressant d'aller y faire un tour un jour alors.
2015-03-03T11:41:04 <adriens33> :)
2015-03-03T11:41:24 <heuzef> Le truc tu t’endors direct comme un bébé le ventre plein après avoir finit ta tasse quoi
2015-03-03T11:41:28 <heuzef> trop violent
2015-03-03T11:41:33 <adriens33> XD
2015-03-03T11:41:35 <adriens33> à ce point
2015-03-03T11:41:38 <heuzef> ouais
2015-03-03T11:42:18 * adriens33 salive
2015-03-03T11:42:42 <adriens33> t'es folle toi
2015-03-03T11:42:51 <adriens33> pas dans le chocolat chaud
2015-03-03T11:42:55 <adriens33> c'est un crime ><
2015-03-03T11:43:41 <heuzef> https://www.google.fr/maps/@44.838313,-0.567608,3a,43.8y,266.4h,84.31t/data=!3m4!1e1!3m2!1shc-IzBtDXMiPMgU8CFmKoQ!2e0!6m1!1e1
2015-03-03T11:43:43 <heuzef> La !
2015-03-03T11:44:32 <adriens33> ok^^ bah c'est pas loin d'un arrêt de tram en plus^^
2015-03-03T11:44:44 <adriens33> (enfin deux techniquement, vu que y'a deux lignes^^)
2015-03-03T11:44:47 <adriens33> c'est bien desservi
2015-03-03T11:44:58 <heuzef> https://www.facebook.com/pages/DelIce-nCoffee/180343118692056
2015-03-03T11:45:16 <adriens33> =P
2015-03-03T11:58:30 *** adriens33 est parti
2015-03-03T12:01:03 *** ValCab33 s'est connecté
2015-03-03T12:01:09 <ValCab33> Bjour
2015-03-03T12:07:50 *** adriens33 s'est connecté
2015-03-03T12:28:07 <TrappyTickles_> wow... adriens33 c'est bien toi qui aime pas l'interface plate de win8?
2015-03-03T12:28:15 <adriens33> euh.. oui
2015-03-03T12:28:38 <TrappyTickles_> tu dois pas aimer l'interface par défaut de plasma5 lol
2015-03-03T12:28:54 <adriens33> bah la différence entre windows et kde
2015-03-03T12:29:02 <adriens33> c'est que kde est personnalisable.
2015-03-03T12:29:03 <adriens33> :D
2015-03-03T12:29:22 <adriens33> windows étant windows, tout ce que tu as le droit de faire c'est changer la couleur du papier.
2015-03-03T12:29:28 <adriens33> heu… des fenêtres
2015-03-03T12:29:43 <TrappyTickles_> oui c'est déjà ça
2015-03-03T12:29:47 <adriens33> non
2015-03-03T12:29:51 <TrappyTickles_> mais t'auras du taf lol
2015-03-03T12:29:54 <adriens33> c'est du foutage de gueule
2015-03-03T12:29:57 <adriens33> (pour win)
2015-03-03T12:30:06 <adriens33> bah c'est juste le thème par défaut, osef.
2015-03-03T12:30:07 <TrappyTickles_> je parlais de kde
2015-03-03T12:30:18 <adriens33> de toute manière j'utilise plus kde en tant qu'environnement :D
2015-03-03T12:30:24 <TrappyTickles_> jte rappelle je suis lent avec le bépo lol
2015-03-03T12:30:30 <TrappyTickles_> ah?
2015-03-03T12:30:51 <adriens33> j'utilise pas mal d'apps en Qt, et en app kde j'utilise encore konqueror (j'ai pas trouvé d'équivalent XD trop puissant)
2015-03-03T12:30:58 <adriens33> mais sinon je tourne sous i3
2015-03-03T12:33:16 <strycore> en se donnant beaucoup de mal on peut customiser Windows
2015-03-03T12:33:20 <strycore> genre ça http://mathez-more.deviantart.com/art/SATIVA-suite-Preview-511715829
2015-03-03T12:33:46 <adriens33> oui mais non, c'est toujours du flat design ça.
2015-03-03T12:33:47 <strycore> LiteStep… j'utilisais ça en 1997 ^^
2015-03-03T12:33:48 <adriens33> donc caca
2015-03-03T12:34:11 <adriens33> et puis.. les couleurs de windows qui.
2015-03-03T12:34:13 <adriens33> *quoi
2015-03-03T12:34:20 <adriens33> si tu veux t'arracher la rétine, y'a pas mieux.
2015-03-03T12:34:26 <strycore> http://yorgash.deviantart.com/art/GGO-theme-WIP-progress-511001102
2015-03-03T12:34:38 <strycore> toujours flat design mais sombre :D
2015-03-03T12:34:47 <adriens33> c'est moins pire déjà
2015-03-03T12:34:49 <adriens33> =D
2015-03-03T12:35:13 <adriens33> le design global pue encore le win8, mais les couleurs sont plus agréables
2015-03-03T12:35:19 <TrappyTickles_> ah oui c'est vrai, i3
2015-03-03T12:35:43 <adriens33> et qtcurve en thème qt/qtk
2015-03-03T12:36:11 <adriens33> avec des elts qui ressemblent à quelque chose, pas juste des carrés blancs ou flashy informes et immondes
2015-03-03T12:36:29 <strycore> http://www.deviantart.com/art/Yosemite-Windows-8-1-516406389 ça s'éloigne quand même pas mal de Win8 là
2015-03-03T12:39:31 <TrappyTickles_> heh pas mal ^^
2015-03-03T12:40:41 <TrappyTickles_> tu viens au qg cet aprem au fait?
2015-03-03T12:41:02 <TrappyTickles_> qui vient au fait?
2015-03-03T12:41:17 <TrappyTickles_> a part heuz, je sais que lui non
2015-03-03T12:41:18 <adriens33> heu.. moi je vais pas trop pouvoir ^^"
2015-03-03T13:12:58 *** heuzef est parti
2015-03-03T13:19:42 *** MaCharon s'est connecté
2015-03-03T14:26:48 *** heuzef s'est connecté
2015-03-03T14:51:29 *** adriens33 est parti
2015-03-03T14:53:05 *** heuzef est parti
2015-03-03T14:53:25 *** heuzef s'est connecté
2015-03-03T15:07:36 *** TrappyTickles_ est parti
2015-03-03T15:08:15 *** ELiDYROS s'est connecté
2015-03-03T15:09:03 *** MaCharon est parti
2015-03-03T15:09:20 *** MaCharon s'est connecté
2015-03-03T15:42:06 *** ValCab33 est parti
2015-03-03T15:42:30 *** ValCab33 s'est connecté
2015-03-03T15:53:39 <heuzef> ValCab33 alors t'as trouvé pour la fenetre modale ?
2015-03-03T15:53:59 <heuzef> Tu peux m'envoyer ta page que je matte ça ?
2015-03-03T15:54:30 <ValCab33> je t'envoie ca dans 2 min
2015-03-03T15:54:39 <heuzef> Great =)
2015-03-03T15:55:34 <ValCab33> Et non, j'ai pas trouvé la source du problème...
2015-03-03T16:03:20 <heuzef> effectivement je constate ton bug, je pense que c'est l'histoire d'une div mal placé je regarde
2015-03-03T16:03:28 <heuzef> sinon bon boulot !
2015-03-03T16:18:26 <heuzef> Ok j'ai trouvé
2015-03-03T16:18:30 <heuzef> j'ai reparé
2015-03-03T16:18:36 <heuzef> C'été bien un souci d'importion JS
2015-03-03T16:19:56 <ValCab33> importion JS ?
2015-03-03T16:22:34 *** ValCab33 est parti
2015-03-03T16:22:50 <heuzef> Importation des JS ouaip
2015-03-03T16:23:06 *** ValCab33 s'est connecté
2015-03-03T16:23:06 <heuzef> Je t'es renvoyé ça par mail
2015-03-03T16:23:12 <heuzef> manqu plus qu'à finaliser ;)
2015-03-03T16:23:13 <heuzef> Bien joué
2015-03-03T16:23:50 <heuzef> Essaie de rendre ça plus propre, plus agréable à lire
2015-03-03T16:24:29 <heuzef> Après faut encore qu'on re-check notre CDC voir si on à pas oublié des trucs
2015-03-03T16:25:23 <ValCab33> Ok, merci ^^
2015-03-03T16:26:20 <heuzef> MaCharon ? Des news pour moi ? =)
2015-03-03T16:26:35 <MaCharon> nope
2015-03-03T16:26:48 <heuzef> Je vais tenter de passer au calice tous à l'heure si besoin de discutailler
2015-03-03T16:41:30 *** heuzef1 s'est connecté
2015-03-03T16:43:01 *** heuzef est parti
2015-03-03T17:42:20 *** ValCab33 est parti
2015-03-03T18:29:29 *** heuzef est parti
2015-03-03T19:13:42 *** Fidzu s'est connecté
2015-03-03T19:17:11 *** ELiDYROS est parti
2015-03-03T19:27:39 *** Fidzu est parti
2015-03-03T19:29:43 *** Julien s'est connecté
2015-03-03T19:29:59 *** Julien est parti
2015-03-03T19:37:45 *** adriens33 s'est connecté
2015-03-03T20:18:08 *** Fidzu s'est connecté
2015-03-03T20:43:23 *** adriens33 est parti
2015-03-03T20:45:42 *** adriens33 s'est connecté
2015-03-03T21:16:35 *** Fidzu est parti
2015-03-03T21:17:48 *** Fidzu s'est connecté
2015-03-03T21:18:08 *** Fidzu est parti
2015-03-03T21:20:29 *** Julien s'est connecté
2015-03-03T21:20:40 *** Fidzu s'est connecté
2015-03-03T21:20:43 *** Julien est parti
2015-03-03T22:47:59 *** adriens33 est parti
