2015-02-08T00:15:19 *** TrappyTickles s'est connecté
2015-02-08T00:15:45 *** TrappyTickles est parti
2015-02-08T09:22:32 *** TrappyTickles s'est connecté
2015-02-08T10:26:21 *** adriens33 s'est connecté
2015-02-08T10:26:35 <adriens33> hello tout le mounde
2015-02-08T10:26:38 <adriens33> *monde
2015-02-08T10:27:18 <adriens33> le truc le plus chiant quand t'es sur plusieurs chat IRC à la fois: dire bonjour 35 mille fois de suite. XD
2015-02-08T10:40:45 *** Aragox s'est connecté
2015-02-08T10:41:24 <adriens33> salut Aragox =D
2015-02-08T10:41:41 <Aragox> salut
2015-02-08T10:42:22 <Aragox> bien dormi ?
2015-02-08T10:46:11 <adriens33> ouai^^ le café fait pas encore effet donc j'ai encore la tête dans le tchu mais sinon ça va. =P et to ?
2015-02-08T10:46:12 <adriens33> *toi
2015-02-08T10:46:33 <Aragox> tranquillou je me prépare à aller tafer
2015-02-08T10:46:37 <adriens33> ok^^
2015-02-08T10:46:46 <adriens33> tu taffe le dimanche ?
2015-02-08T10:46:55 <adriens33> (j'ai le cerveau lent :P)
2015-02-08T10:47:38 <Aragox> ouaip
2015-02-08T10:48:07 <adriens33> ok, bah bon courage alors :D
2015-02-08T10:48:20 <Aragox> mes deux jours de repos c'est Lundi, Mardi, je te l'ai dit hier ^^
2015-02-08T10:49:35 <adriens33> ahh oui
2015-02-08T10:49:40 <adriens33> désolé
2015-02-08T10:50:23 <adriens33> comme je l'ai dit je suis pas réveillé, donc si je réagis de manière complètement bizarre c'est normal 'faut pas s'inquiéter. :D
2015-02-08T10:50:35 <Aragox> je me doute
2015-02-08T10:52:01 <adriens33> bon allez vu que tu as envoyé l'inscription
2015-02-08T10:52:07 <adriens33> !inscription Aragox
2015-02-08T10:52:18 <Aragox> x')
2015-02-08T10:52:50 <adriens33> (le +v c'est pour voir qui est inscrit et qui se tape l'incruste, n'est-ce-pas strycore :D)
2015-02-08T10:53:30 <adriens33> mais bon c'est un Girollien, c'est de bonne guerre on envahit leur asso tous les mardis. (cf #giroll si t'es intéressé, ça parle de logiciels libres)
2015-02-08T10:53:54 <Aragox> oui j'ai cru voir
2015-02-08T10:53:59 <adriens33> ^^
2015-02-08T10:58:12 <Aragox> Les gens se co souvent dans l'aprem sur ce tchat non ?
2015-02-08T10:58:38 <adriens33> c'est un peu n'importe quand, mais ouai
2015-02-08T10:58:55 <adriens33> en semaine le matin ça discute aussi un peu
2015-02-08T10:58:57 <adriens33> ^^
2015-02-08T10:59:07 <Aragox> je rentre en 15h30 et 18h l'aprem
2015-02-08T10:59:25 <adriens33> (mais bon y'a tout de même peu de monde qui ose venir sur le tchat sur plus de 50 inscrits, c'est dommage)
2015-02-08T10:59:26 <Aragox> avant de repartir au taf et sa vaut pour aujourd'hui donc je serais la dans ces horaires
2015-02-08T10:59:31 <adriens33> ok^^
2015-02-08T10:59:50 <adriens33> bah sinon si tu peux ouvrir une fenêtre sur kiwiirc tu fais comme heuzef :D
2015-02-08T11:00:09 <Aragox> ouais mais s'il sont inscrit, il recoivent les alertes qua nd un evenement se créer non ?
2015-02-08T11:00:10 <adriens33> (quoique lui il utilise thunderbird pour irc à ce que j'ai vu, il taffe avec son pc)
2015-02-08T11:00:32 <adriens33> bah si t'es inscrit tu reçois les mails de bronycub@googlegroups.com
2015-02-08T11:00:59 <adriens33> (et tu peux en envoyer pour parler à tout le monde :D)
2015-02-08T11:01:37 *** Elvon s'est connecté
2015-02-08T11:01:42 <adriens33> salut Elvon :)
2015-02-08T11:01:51 <Aragox> très bien ! je vais t'en faire sortir quelque un de chez eux moi, je vais sans doute créer un évènement qui reunira un peu de monde
2015-02-08T11:02:03 <adriens33> cool =D
2015-02-08T11:02:13 <Aragox> salut !
2015-02-08T11:06:01 <Aragox> bon je vais y aller les gens
2015-02-08T11:06:04 <Aragox> ou le gens
2015-02-08T11:06:09 <Aragox> A+
2015-02-08T11:06:11 <adriens33> ++
2015-02-08T11:06:18 *** Aragox est parti
2015-02-08T11:11:20 <Elvon> SAlut dsl pour le manque d'attention
2015-02-08T11:11:31 <Elvon> je suis pas très réveiller
2015-02-08T11:12:00 <adriens33> Ah toi aussi :D
2015-02-08T11:12:23 <adriens33> moi je commence juste à émerger, j'ai pris un énorme bol de café et techniguement ça fait une heure que je suis debout.
2015-02-08T11:12:26 <adriens33> XD
2015-02-08T11:13:04 <Elvon> moi presque pareil sauf qu'il me faut la journée pour emergé
2015-02-08T11:13:17 <adriens33> XD
2015-02-08T11:13:44 <adriens33> au pire osef, on est dimanche. XD
2015-02-08T11:25:50 <TrappyTickles> pareil ici, j'ai des draps de merde :p
2015-02-08T11:26:51 <adriens33> tiens Trappy est debout o/
2015-02-08T11:27:09 <TrappyTickles> ^^ mais pas révéillé non plus
2015-02-08T11:27:13 <adriens33> t'as des draps de merde mais y'a pire: avoir de la merde dans les draps XD
2015-02-08T11:27:17 <TrappyTickles> juste suffisament pour ponyfier mon arch :p
2015-02-08T11:27:22 <adriens33> yay :D
2015-02-08T11:27:28 <TrappyTickles> pas faux :p
2015-02-08T11:27:41 <adriens33> C'est draps que t'as pas compris ? =D
2015-02-08T11:27:53 <TrappyTickles> lol
2015-02-08T11:29:25 <TrappyTickles> d'ailleurs qt-ponies il buggue un peu. sais pas si c'est arch ou si c'est la release actuelle
2015-02-08T11:29:34 <TrappyTickles> a chaque fois c'est des bugs marrants remarque
2015-02-08T11:29:45 <TrappyTickles> genre rarity a des mouches tout le temps sur elle
2015-02-08T11:29:55 <adriens33> Ah ? Genre quoi ? =P
2015-02-08T11:30:06 <TrappyTickles> et le random pony ne sort pas un poney au pif, c'est un "vrai" poney XD
2015-02-08T11:30:16 <adriens33> :p
2015-02-08T11:30:20 <TrappyTickles> un poney tout noir avec un gros ? devant, et animé comme les autres poneys Xd
2015-02-08T11:30:33 <Elvon> c'est qt-pony ?
2015-02-08T11:30:42 <TrappyTickles> oui
2015-02-08T11:30:49 <TrappyTickles> mais choppé à partir du git
2015-02-08T11:30:59 <TrappyTickles> ceci explique peutetre cela
2015-02-08T11:31:24 <adriens33> essaie de checkout un tag, genre si t'a un truc style v1.0 ou autre
2015-02-08T11:31:38 <adriens33> pour avoir une version "stable" au lieu de la dev
2015-02-08T11:32:32 <TrappyTickles> mm faut voir, en fait je l'ai eu en compilant un paquet sur AUR
2015-02-08T11:32:39 <TrappyTickles> et le pack va chercher le truc sur git
2015-02-08T11:32:53 <adriens33> ok^^
2015-02-08T11:33:08 <TrappyTickles> faudra que j'appenne à faire des packs comme ça, voir, un jour
2015-02-08T11:33:10 <adriens33> comment il s'appelle le paquet ?
2015-02-08T11:33:15 <TrappyTickles> qt-ponies-git
2015-02-08T11:34:19 <Elvon> C'est quoi Qt-ponies? adriens33 TrappyTickles
2015-02-08T11:34:31 <TrappyTickles> c'est comme desktop ponies mais pour linux
2015-02-08T11:34:34 <adriens33> je sais pas encore
2015-02-08T11:34:40 <adriens33> j'ai pas testé
2015-02-08T11:34:41 <adriens33> ah
2015-02-08T11:35:05 <Elvon> daccord bah tant que je peut pas installer linux je ne pourrait essayer
2015-02-08T11:35:20 <Elvon> et essayer de pas de me dire que c'est simple j'ai un bios en Uefi
2015-02-08T11:35:23 <adriens33> Trappy: tu peux ajouter git checkout v0.9 dans le build() je pense
2015-02-08T11:35:56 <TrappyTickles> jvais y jeter un oeil ^^
2015-02-08T11:35:59 <adriens33> Elvon, t'as un mode de compatibilité normalement sur les UEFI, tu peux install ton linux en mode BIOS normal quand même sans te faire chier avec l'UEFI.
2015-02-08T11:39:02 <TrappyTickles> mmm jvois pas comment pkgbuild se sert de git
2015-02-08T11:39:09 <TrappyTickles> c'est pas clair dans le script
2015-02-08T11:39:14 <adriens33> c'est pas un script
2015-02-08T11:39:31 <TrappyTickles> ben un peu, c'est un fichier texte avec du code :p
2015-02-08T11:39:32 <adriens33> et si tu look bien c'est dans sources=()
2015-02-08T11:39:35 <adriens33> non
2015-02-08T11:39:39 <adriens33> en fait tu donne la source
2015-02-08T11:39:48 <adriens33> et c'est makepkg qui git clone
2015-02-08T11:40:00 <TrappyTickles> ah ça je l'ai repéré. par contre préciser la version qu'on veut...
2015-02-08T11:40:13 <adriens33> bah dans le build tu ajoute git checkout v0.9
2015-02-08T11:40:18 <adriens33> avant le qtame
2015-02-08T11:40:22 <adriens33> *qmake
2015-02-08T11:40:34 <TrappyTickles> c'est tout, jsute ça? :o
2015-02-08T11:40:38 <adriens33> bawi
2015-02-08T11:41:07 <adriens33> (en fait y'a plusieurs tags, v0.9 c'est le dernier, avant t'a v0.8, v0.7 etc)
2015-02-08T11:42:14 <Elvon> ouais mais Ubuntu studio ne fonctionne pas après l'instal
2015-02-08T11:42:22 <adriens33> en fait les PKGBUILD c'est des scripts shells, mais sourcés pas makepkg qui est le script principal. et au début du PKGBUILD t'as des variables de conf, c'est makepkg qui lance ce qui faut après :)
2015-02-08T11:42:31 <adriens33> *sourcés par
2015-02-08T11:43:11 <TrappyTickles> mmm erreur 1 dans build()
2015-02-08T11:43:16 <TrappyTickles> ça doit etre autre chose
2015-02-08T11:43:23 <adriens33> oui, j'ai pas pu le build non plus
2015-02-08T11:43:39 <adriens33> il trouve pas Phonon/Media je sais pas quoi c'est ça ?
2015-02-08T11:43:39 <TrappyTickles> ah, non c'est bon je sais d'où ça vient
2015-02-08T11:43:49 <TrappyTickles> euhh possible, je sais plus
2015-02-08T11:45:00 <TrappyTickles> voila c'est bon.. fallait mettre -b en parametre dans git checkout
2015-02-08T11:45:09 <adriens33> non
2015-02-08T11:45:17 <adriens33> -b ça crée une nouvelle branche sur le courant
2015-02-08T11:45:28 <adriens33> c'est comme si t'avais pas fait git checkout du tout quoi...
2015-02-08T11:45:48 <TrappyTickles> ben pkgbuild refuse de faire quoi que ce soit sans -b
2015-02-08T11:45:59 <adriens33> bah parce que la v0.9 doit pas build, c'est tout :d
2015-02-08T11:46:01 <adriens33> *:D
2015-02-08T11:48:56 <TrappyTickles> bon ben ça changer rien tfaçons, rarity a toujours des mouches :p
2015-02-08T11:49:09 <TrappyTickles> tant pis, jreferai le pack dans 1 semaine
2015-02-08T11:49:41 <adriens33> bawi, comme je t'ai dit git checkout -b crée une nouvelle branche avec les fichiers actuels, donc c'est comme garder ce que ça checkout par défaut, cad la version qui buh.
2015-02-08T11:49:42 <adriens33> *bug
2015-02-08T11:50:25 <TrappyTickles> c'est quoi le parametre de pacman pour désisntaller un pack?
2015-02-08T11:50:40 <adriens33> pacman -R
2015-02-08T11:50:44 <adriens33> man pacman sinon ;)
2015-02-08T11:50:57 <TrappyTickles> mci
2015-02-08T11:51:13 <TrappyTickles> mes man c'est souvent usine a gaz, c'est souvent + rapide de demadner lol
2015-02-08T11:51:15 <TrappyTickles> les*
2015-02-08T11:51:22 <adriens33> non, man c'est le bien.
2015-02-08T11:51:36 <adriens33> Toujours prendre l'habitude de man commande avant de demander. ;)
2015-02-08T11:51:45 <adriens33> (ou info commande, ou google au pire)
2015-02-08T12:00:44 <TrappyTickles> erf rien a faire.. enfin tant pis, c'est pas une priorité
2015-02-08T12:01:56 <adriens33> ah dommache.
2015-02-08T12:05:32 <TrappyTickles> mmm dernière maj du git, 8 mois... Jvais attendre longtemps l'update :/
2015-02-08T12:05:39 <adriens33> arf
2015-02-08T12:10:39 <TrappyTickles> entk a part ça il me plait arch. je l'aurais mis sur mon desktop aussi si j'étais pas forcé d'avoir win7
2015-02-08T12:11:38 <adriens33> :D
2015-02-08T12:11:41 <Elvon> je re plus tard
2015-02-08T12:11:46 *** Elvon est parti
2015-02-08T12:11:47 <adriens33> Tes paroles me plaisent, gamin. :D
2015-02-08T12:11:57 <TrappyTickles> je suis plus vieux que toi -_-
2015-02-08T12:11:59 <TrappyTickles> lol
2015-02-08T12:12:25 <TrappyTickles> tain c'est quoi cette manie de skype de mettre en pause vlc dès que wwn se conencte? oO
2015-02-08T12:12:30 <TrappyTickles> qqn*
2015-02-08T12:12:44 <adriens33> c'est skype, faut pas chercher XD
2015-02-08T12:15:08 <TrappyTickles> ce serait bien qu'une alternative libre et open de skype voit le jour et supplante skype
2015-02-08T12:15:42 <adriens33> ça existe, c'est en développement et ça s'appelle Tox.
2015-02-08T12:15:43 <TrappyTickles> d'ailleurs j'ai vu que mega a sorti un service à la skype, mais il marque sur sur leur site, y a pas de client
2015-02-08T12:15:48 <TrappyTickles> oh?
2015-02-08T12:15:51 <adriens33> (et c'est basé sur du P2P :3)
2015-02-08T12:15:51 <TrappyTickles> cool ça :)
2015-02-08T12:16:15 <TrappyTickles> je me prends un compte dès que ça sort ^^
2015-02-08T12:16:27 <adriens33> bah tu peux test hein.
2015-02-08T12:16:30 <adriens33> ça marche
2015-02-08T12:16:38 <adriens33> c'est.. juste en dev. :3
2015-02-08T12:16:52 <adriens33> https://wiki.archlinux.org/index.php/Tox
2015-02-08T12:16:53 <TrappyTickles> mais c'est quel stade genre? pré-alpha?
2015-02-08T12:17:07 <adriens33> alpha je dirais
2015-02-08T12:20:56 <TrappyTickles> tiens il est dans les dépots ^^
2015-02-08T12:21:50 <adriens33> bawi :D
2015-02-08T12:22:11 <adriens33> tu va voir, avoir des logiciels à jour ça va te changer :D
2015-02-08T12:22:31 <adriens33> et c'est en rolling release, t'a pas de distr-upgrade a faire tous les 6 mois ou a tout réinstall
2015-02-08T12:22:50 <TrappyTickles> j'ai vu ça oui, c'est cque je trouve cool avec arch
2015-02-08T12:22:55 <adriens33> et ça putain c'est tellement bon…
2015-02-08T12:22:58 <adriens33> Et puis pacman quoi.
2015-02-08T12:23:10 <adriens33> T'y goute tu touches plus jamais à apt.
2015-02-08T12:23:12 <TrappyTickles> pacman c'est un autre univers mais je commence à m'y faire
2015-02-08T12:23:18 <adriens33> Apt ça donne le cancer XD
2015-02-08T12:23:18 <TrappyTickles> c'est moins long a taper déjà lol
2015-02-08T12:23:22 <adriens33> XD
2015-02-08T12:23:34 <adriens33> une commande à retenir (enfin deux)
2015-02-08T12:23:40 <adriens33> pacman -Syu pour les majs
2015-02-08T12:23:50 <adriens33> pacman -Rsn pour supprimmer un paquet
2015-02-08T12:23:58 <adriens33> pacman -Ss pour chercher
2015-02-08T12:24:08 <adriens33> pacman -S pour installer
2015-02-08T12:24:12 <adriens33> et c'est tout.
2015-02-08T12:24:21 <TrappyTickles> c'est sur ça parle moins mais après c'est une question d'habitude
2015-02-08T12:24:26 <adriens33> ouai
2015-02-08T12:24:29 <TrappyTickles> et au pire y a octopi sur manjaro
2015-02-08T12:24:34 <adriens33> on s'y fait très vite
2015-02-08T12:24:41 <adriens33> ah je connais pas, c'est quoi ?
2015-02-08T12:25:11 <TrappyTickles> comme synaptic mais pour pacman
2015-02-08T12:25:18 <adriens33> ah.
2015-02-08T12:25:22 <TrappyTickles> ça a plus ou moins la mêem tronche d'ailleurs
2015-02-08T12:25:46 <adriens33> Tiens tu peux aller dire bonjour sur #archlinux-fr et #arch-fr-off (pour les hors sujets et le troll:P) les gens sont sympas :D
2015-02-08T12:26:06 <adriens33> (et j'y suis, mais sous le nom de arthur33 pour rester cohérent avec le fofo)
2015-02-08T12:26:09 <TrappyTickles> je suis timide mais ça viendra ^^
2015-02-08T12:26:20 <adriens33> ok :d
2015-02-08T12:26:22 <adriens33> *:D
2015-02-08T12:26:29 <TrappyTickles> tu me reconnaitras quand j'irai, je changerai pas de nom
2015-02-08T12:26:31 <TrappyTickles> :p
2015-02-08T12:26:36 <adriens33> ok XD
2015-02-08T12:27:04 <adriens33> ahh, tranquille devant le pc un dimanche peinard, sur minecraft, avec de la zic dans les oreilles. J'aime =D
2015-02-08T12:28:01 <TrappyTickles> heh ^^
2015-02-08T12:28:25 <TrappyTickles> moi jme regarde un vieux swashbuckle français sur arch en testant des trucs dessus
2015-02-08T12:28:26 <adriens33> (je suis sur le serveur de bronycub si tu veux venir y faire un tour :D)
2015-02-08T12:28:33 <adriens33> ok ^^
2015-02-08T12:28:52 <TrappyTickles> mm pkoi pas tiens, jvais tester si mon laptop gère minecraft
2015-02-08T12:29:13 <adriens33> tain mes coffres à la cave ça va finir par ressembler à une banque.
2015-02-08T12:29:22 <adriens33> Genre je vais fournir tout le monde en stuff XD
2015-02-08T12:29:30 <adriens33> (mais bon va falloir agrandir XD)
2015-02-08T12:30:40 <adriens33> (On est en 1.7.2 et mon texturepack perso si tu veux, basé sur le painterlypack http://www.art-software.fr/files/painterlyPack1.7.zip)
2015-02-08T12:30:52 <TrappyTickles> ça l'air pas mal tox, faut juste que je trouve du monde pour tester :p
2015-02-08T12:30:57 <TrappyTickles> comme pour mega, quoi :p
2015-02-08T12:31:11 <adriens33> bah wildfier, moi et ptet shinsaber tiens
2015-02-08T12:31:18 <adriens33> ça peut etre un truc à tester mardi ;)
2015-02-08T12:31:31 <TrappyTickles> bonne idée ^^
2015-02-08T12:31:39 <TrappyTickles> oublie pas le cable d'ailleurs en passant lol
2015-02-08T12:31:46 <adriens33> oui faut que j'y pense XD
2015-02-08T12:42:44 <TrappyTickles> y a pas de mod? c'est le 1.7.2 vanilla?
2015-02-08T12:43:14 <adriens33> c'est un bukkit, y'a des plugins mais tu peux te co avec un client quelconque, y'a pas besoin de mod.
2015-02-08T12:43:23 <TrappyTickles> ok super
2015-02-08T12:43:40 <adriens33> (j'aime pas forcer à utiliser un client moddé, sans compter que souvent ça rame pas mal)
2015-02-08T12:43:58 <TrappyTickles> pis modder minecraft c'est pas toujours évident
2015-02-08T12:44:01 <adriens33> ouep
2015-02-08T12:44:18 <adriens33> si tu veux visiter mon mien, c'est mc.art-software.fr:25565, en 1.6.4
2015-02-08T12:44:27 <adriens33> (la version la + rapide et stable :3)
2015-02-08T12:44:45 <adriens33> et puis bukkit s'est pris un dmca de la part d'un dev pas content...
2015-02-08T12:45:00 <adriens33> donc pour le moment c'est mort pour les majs..
2015-02-08T12:45:05 <TrappyTickles> euhh jvais faire un 3e profil alors :p
2015-02-08T12:45:37 <adriens33> (et on a vu ce que donnait spygot avant, sans compter qu'il faudrait refaire toute la conf, et adieu PermissionBukkit si pratique :'( )
2015-02-08T12:45:48 <adriens33> ok XD
2015-02-08T12:46:07 <TrappyTickles> notch aurait pu mettre en place une sorte de framework pour les mods
2015-02-08T12:46:51 <adriens33> oui, ils avaient dis qu'ils le feraient mais ils ne l'ont jamais fait.
2015-02-08T12:47:08 <adriens33> Et maintenant que Mojang appartient à Microsoft on peut toujours aller se brosser.
2015-02-08T12:48:30 <TrappyTickles> bon ben un maxlefou va pas tarder à arriver :p
2015-02-08T12:48:48 <adriens33> ok :D
2015-02-08T12:48:52 <TrappyTickles> mm can't resolve hostname, purée :/
2015-02-08T12:49:21 <adriens33> ??
2015-02-08T12:49:24 <adriens33> bronycub.org ??
2015-02-08T12:49:51 <TrappyTickles> ah non, l'autre
2015-02-08T12:49:58 <TrappyTickles> jvais tester celui là
2015-02-08T12:50:01 <adriens33> j'ai pas d'IPv6
2015-02-08T12:50:07 <adriens33> que de l'IPv4
2015-02-08T12:50:14 <adriens33> donc tu as un souci sur tes DNS
2015-02-08T12:50:26 <adriens33> mc.art-software.fr ça existe
2015-02-08T12:50:28 <TrappyTickles> ben en principe j'ai les deux
2015-02-08T12:50:35 <adriens33> bah la preuve que non.
2015-02-08T12:50:48 <adriens33> si tu fais ping home.art-software.fr ça marche ?
2015-02-08T12:51:15 <TrappyTickles> bronycub marche entk
2015-02-08T12:51:26 <adriens33> (test homer.art-software.fr après?)
2015-02-08T12:51:46 <TrappyTickles> je ping oui
2015-02-08T12:51:52 <adriens33> bah moi j'ai que de l'IPv4, si ton dns peut pas résoudre un nom en ipv4 only y'a un pb
2015-02-08T12:52:03 <adriens33> ah
2015-02-08T12:52:04 <TrappyTickles> (pkoi jdois ping en root d'ailleurs, c'est zarb)
2015-02-08T12:52:05 <adriens33> my bad
2015-02-08T12:52:11 <adriens33> c'est minecraft.art-software.fr
2015-02-08T12:52:13 <adriens33> non
2015-02-08T12:52:21 <adriens33> il faut setuid ping
2015-02-08T12:52:32 <adriens33> (normalement il l'est)
2015-02-08T12:52:45 <adriens33> ou alors tu as oublié de t'ajouter au groupe network
2015-02-08T13:19:53 <adriens33> TrappyTickles: faudrait que j'essaie de me mettre à l'API bukkit, voir si je  peux faire des plugins pour le serveur
2015-02-08T13:40:13 <TrappyTickles> ça pourrait etre fun ^^
2015-02-08T13:40:19 <adriens33> ouai^^
2015-02-08T14:12:11 *** Gordfang s'est connecté
2015-02-08T14:12:18 <Gordfang> yo!
2015-02-08T14:12:25 <Gordfang> alors lenile pas trop chiant le retour?
2015-02-08T14:16:31 <adriens33> Hello Gordfang
2015-02-08T14:16:42 <Gordfang> yo adriens33
2015-02-08T14:29:23 <TrappyTickles> oi
2015-02-08T14:36:52 *** MaCharon s'est connecté
2015-02-08T14:37:04 <MaCharon> salut
2015-02-08T14:37:56 <adriens33> hello
2015-02-08T14:58:00 <TrappyTickles> oi
2015-02-08T14:58:14 <adriens33> Trappy t'a encore plus de latence que moi XD
2015-02-08T15:00:40 <TrappyTickles> jregarde un flim :p
2015-02-08T15:00:47 <adriens33> ok :D
2015-02-08T15:00:58 <adriens33> c'est vrai que tout le monde n'a pas la chance d'avoir deux écrans… :P
2015-02-08T15:01:13 <TrappyTickles> dans mon cas c'est plutot deux pcs lol
2015-02-08T15:01:24 <adriens33> je peux look un film et parler sur IRC sans quitter le film des yeux :D
2015-02-08T15:01:37 <TrappyTickles> sinon tu te passes du plein écran :p
2015-02-08T15:01:48 <adriens33> ou pas
2015-02-08T15:01:59 <adriens33> au pire vive le tiling. =D
2015-02-08T15:03:59 <TrappyTickles> le what? :p
2015-02-08T15:04:06 <adriens33> le tiling.
2015-02-08T15:04:23 <TrappyTickles> c'est quoi?
2015-02-08T15:04:31 <adriens33> 2s
2015-02-08T15:04:54 <adriens33> ça.
2015-02-08T15:04:55 <adriens33> https://theosperiment.files.wordpress.com/2012/03/tiling-vs-others1.png
2015-02-08T15:05:25 <TrappyTickles> ah, ça
2015-02-08T15:05:37 <TrappyTickles> en gros se passer du plein écran lol
2015-02-08T15:05:38 <adriens33> ouai =D c'est trop pratique.
2015-02-08T15:05:41 <adriens33> non
2015-02-08T15:05:49 <adriens33> le fait que ton gesttionnaire de fenetre
2015-02-08T15:05:51 <adriens33> par défaut
2015-02-08T15:06:01 <adriens33> il te case les fenêtres à touche touche tout seul
2015-02-08T15:06:12 <adriens33> va faire ça sous win sans faire du pixel près :P
2015-02-08T15:06:36 <adriens33> ça remplit tout l'espace et toutes les fenêtres sont visibles
2015-02-08T15:06:53 <TrappyTickles> faut que j'apprenne a faire ça dans kde entk. j'ai aps encore compris comment on fait exactement
2015-02-08T15:07:08 <adriens33> (Modern UI fait ça alors que ça existe depuis des lustres sous linux et Modern UI est limité à deux fenêtres XD)
2015-02-08T15:07:30 <adriens33> kde ta une option à activer pour que les fenêtres soient sticky
2015-02-08T15:07:50 <adriens33> quant tu approches le bord d'une autre fenêtre ça se colle tout seul
2015-02-08T15:07:57 <TrappyTickles> mmm vu comment elles réagissent, je crois que j'ai l'option activée
2015-02-08T15:08:03 <adriens33> c'est pas du vrai tiling (kwin est pas un vrai tiling manager)
2015-02-08T15:08:07 <adriens33> mais c'est assez proche
2015-02-08T15:10:18 <adriens33> je te screen mon bureau pour te montrer
2015-02-08T15:10:26 <TrappyTickles> ok
2015-02-08T15:11:27 <adriens33> TrappyTickles: http://www.art-software.fr/apps/bozon/index.php?f=54d76e76d7365
2015-02-08T15:11:47 <adriens33> (y'a que l'écran de droite)
2015-02-08T15:12:19 <TrappyTickles> ah en effet
2015-02-08T15:12:33 <TrappyTickles> (j'ai vu cque t'as dit a matthias -_- lol )
2015-02-08T15:12:44 <adriens33> Et c'est automatique quand tu spawn une fenetre, il te décale les autres tout seul
2015-02-08T15:12:44 <adriens33> XD
2015-02-08T15:12:54 <adriens33> bah quoi ? =D
2015-02-08T15:13:00 <adriens33> après Matthias, Shinsaber
2015-02-08T15:13:02 <adriens33> toi
2015-02-08T15:13:03 <adriens33> :3
2015-02-08T15:13:04 <TrappyTickles> et c'est kwin qui fait ça donc? :p
2015-02-08T15:13:08 <adriens33> non
2015-02-08T15:13:13 <adriens33> moi je tourne pas sous KDE
2015-02-08T15:13:15 <TrappyTickles> ah ok
2015-02-08T15:13:25 <adriens33> j'utilise quelques apps KDE mais je tourne sous i3
2015-02-08T15:13:33 <TrappyTickles> c'est quoi d''ailleurs, c'est e18-machin?
2015-02-08T15:13:39 <TrappyTickles> ah i3
2015-02-08T15:13:45 <TrappyTickles> jamais entendu parler tien
2015-02-08T15:13:46 <TrappyTickles> s
2015-02-08T15:14:18 <adriens33> E17. Enlightenment. C'est un gestionnaire de bureau (i3 ne gère que les fenêtres), tu peux tester si tu veux. Trop long à expliguer =D
2015-02-08T15:14:29 <adriens33> bah y'a des tas de trucs comme ça
2015-02-08T15:14:34 <adriens33> faut chercher un peu :)
2015-02-08T15:14:39 <TrappyTickles> faut voir, je m'y pencherai là dessus
2015-02-08T15:14:46 <TrappyTickles> j'suis + habitué à gnome et kde
2015-02-08T15:15:04 <adriens33> moi j'utilise i3 parce qu'il est facilement configurable et surtout il fonctionne avec des modes comme vim *w*
2015-02-08T15:15:22 *** adriens33 est parti
2015-02-08T15:15:38 *** adriens33 s'est connecté
2015-02-08T15:15:38 <adriens33> oup
2015-02-08T15:15:40 <adriens33> +s
2015-02-08T15:15:44 <TrappyTickles> lol
2015-02-08T15:16:05 *** MaCharon est parti
2015-02-08T15:16:56 <TrappyTickles> tiens jvais te faire un screen du mien.. c'est un peu plus classique, mais j'aime bien comment je l'ai mod
2015-02-08T15:17:04 <adriens33> ok :D
2015-02-08T15:19:09 <TrappyTickles> http://imgur.com/fVrQNJD
2015-02-08T15:19:29 <adriens33> Trappy t'a vu mon thème de couleurs ? (c'est Matthias qui l'a modifié^^) tu passes de ça à Windows.. mal de crâne garanti
2015-02-08T15:19:52 <adriens33> Nice :)
2015-02-08T15:20:00 <adriens33> Berk hangouts.
2015-02-08T15:20:02 <TrappyTickles> c'est clair, c'est comme le mien, c'est plutot sombre par rapport a win
2015-02-08T15:20:08 <adriens33> berk chrome.
2015-02-08T15:20:16 <TrappyTickles> pas le choix, j'ai des potes qu'utilisent que ça
2015-02-08T15:20:29 <adriens33> ohh pinkie pie dans la poubelle la pauvre :(
2015-02-08T15:20:36 <TrappyTickles> pas chrome, chromium
2015-02-08T15:20:46 <adriens33> c'est du pareil au même.
2015-02-08T15:20:47 <TrappyTickles> oui, ça fait ça quand la poubelle est pleine :p
2015-02-08T15:20:56 <TrappyTickles> non, chromium est open, lui
2015-02-08T15:20:57 <adriens33> Y'a autant de différence qu'entre IE et Spartan.
2015-02-08T15:21:02 <adriens33> ça change quoi ?
2015-02-08T15:21:07 <adriens33> rien.
2015-02-08T15:21:09 <TrappyTickles> spartan est toujours pas open
2015-02-08T15:21:12 <adriens33> Tu peux pas le modifier
2015-02-08T15:21:17 <adriens33> (opensource≠libre)
2015-02-08T15:21:32 <adriens33> et de toute manière t'es quand meme limité au google webstore
2015-02-08T15:21:43 <adriens33> et webkit => vade retro satanas
2015-02-08T15:21:58 <adriens33> webkit est trop répandu, il est en train de monopoliser le marché.
2015-02-08T15:22:12 <TrappyTickles> c'est déjà fait, jcrois
2015-02-08T15:22:18 <TrappyTickles> mais webkit c'est pas open source?
2015-02-08T15:22:18 <adriens33> Et on sait ce que ça fait un moteur de rendu qui a le monopole.. Il évolue plus et s'en fout des standards.
2015-02-08T15:22:35 <adriens33> C'est un fork de KHTML principalement maintenu par Apple.
2015-02-08T15:22:47 <TrappyTickles> webkit, par apple?? oO
2015-02-08T15:22:50 <adriens33> oui
2015-02-08T15:22:54 <TrappyTickles> c'est pas google??
2015-02-08T15:22:55 <adriens33> tu le savais pas ?
2015-02-08T15:22:57 <adriens33> non
2015-02-08T15:22:59 <adriens33> avant oui
2015-02-08T15:23:04 <adriens33> c'était Google+Apple
2015-02-08T15:23:07 <adriens33> mais google l'a fork
2015-02-08T15:23:12 <adriens33> « Blink »
2015-02-08T15:23:31 <TrappyTickles> donc t'as deux branches de webkit alors?
2015-02-08T15:23:32 <adriens33> (Opera est passé  de son moteur Presto à Blink d'ailleurs, quel gâchis)
2015-02-08T15:23:34 <adriens33> oui
2015-02-08T15:23:42 <adriens33> Une dev par apple l'autre par Google.
2015-02-08T15:23:50 <adriens33> Ce qui n'est pas mieux l'un que  l'autre…
2015-02-08T15:24:10 <TrappyTickles> au moins google laisse + de trucs en open soruce qu'apple
2015-02-08T15:24:26 <adriens33> Oui mais encore une fois opensource c'est bien, libre c'est mieux.
2015-02-08T15:24:42 <adriens33> Si tu peux voir le code mais que tu peux pas y contribuer ça ne sert pas à grand chose.
2015-02-08T15:24:56 <TrappyTickles> c'est sur, mais le fait que ce soit open source est suffidant dans mon cas (le cas d'un gars qui code quasiment pas du tout :p)
2015-02-08T15:25:02 <adriens33> ouai.
2015-02-08T15:25:02 <TrappyTickles> suffisant*
2015-02-08T15:25:34 <TrappyTickles> open source veut souvent dire + sécurisé. puisque comme tu vois le code, en général, la ciommunauté bouche les failles rapidement
2015-02-08T15:25:48 <adriens33> bah non, c'est le contraire XD
2015-02-08T15:25:56 <adriens33> si c'est pas libre la commu peut pas corriger XD
2015-02-08T15:26:01 <TrappyTickles> genre firefox, il met mêem pas 3 jours maxi a boucher une faille, alors que IE faut attendre 6 mois XD
2015-02-08T15:26:18 <TrappyTickles> mais ils peuvent repérer les failels plus rapidement
2015-02-08T15:26:34 <TrappyTickles> après, sur le non-libre, faut compter sur les devs pour la boucher vite, mais bon
2015-02-08T15:26:38 <adriens33> btw je me suis planté, Webkit est apparemment libre. Mais ça ne change rien à sa situation de quasi monopole et le fait que y'ait pratiquement que Apple qui bosse dessus.
2015-02-08T15:26:44 <TrappyTickles> ah
2015-02-08T15:26:58 <adriens33> Bah opensource non libre tu peux toujours fix dans ton coin, mais les autres en profiteront pas.
2015-02-08T15:27:09 <adriens33> c'est à ça que sert la GNU GPL
2015-02-08T15:27:18 <TrappyTickles> bah en meêm temps pkoi google l'a forké si apple était dessus? connaissant apple, c'était forcé qu'ils fassent un fork pour eux :p
2015-02-08T15:27:44 <adriens33> bah parce qu'ils n'étaient pas d'accord sur certaines opti, donc Google a fait un caca nerveux.
2015-02-08T15:28:26 <TrappyTickles> bah remarque c'est pas la 1ere fois que google déconne, j'ai déjà vu ça
2015-02-08T15:28:55 <TrappyTickles> j'suis ptet pro google mais au moins jreconnais quand google fait des conneries lol
2015-02-08T15:29:15 <TrappyTickles> jcrois même avoir gueulé sur eux une foix par mail pour un truc
2015-02-08T15:29:20 <adriens33> :D
2015-02-08T15:29:29 <TrappyTickles> je sais plus lequel, c'était avant 2009 :p
2015-02-08T15:30:06 <TrappyTickles> ah et j'avais gueulé aussi quand google a mixé youtube et google+
2015-02-08T15:30:27 <TrappyTickles> et j'en prépare une autre pour un truc mega bizarre, mais plus perso
2015-02-08T15:30:48 <adriens33> En même temps y'a un paquet de monde qui a gueulé quand Google a pourri YouTube avec sa merde de G+
2015-02-08T15:31:07 <adriens33> « Personne n'en veut ? On va le mettre partout alors :D »
2015-02-08T15:31:07 <TrappyTickles> a cause de ça, y a des vieux commentaires, on peut plus y répondre ou les noter
2015-02-08T15:31:13 <adriens33> Merci de violer vos users Google...
2015-02-08T15:31:18 <TrappyTickles> (en mêem temps des vieux commetnaires..)
2015-02-08T15:31:29 <TrappyTickles> j'admets, j'ai pris ça pour un viol moi aussi :p
2015-02-08T15:31:46 <TrappyTickles> après on s'y fait, j'aime bien aller sur google+ des fois..  ya des cas sociaux XD
2015-02-08T15:31:49 <adriens33> bah forcer une masse à faire qqch sans leur consentement => viol de masse. :]
2015-02-08T15:32:31 <adriens33> Moi j'aime pas G+, c'est trop… Googlesque.
2015-02-08T15:32:52 <TrappyTickles> tiens tu vois ces deux remix que j'ai fait https://www.youtube.com/watch?v=_LszrnBcqIU et https://www.youtube.com/watch?v=ObjR6ydbqCI . Les deux ont exactement la même instru... Et y a que la 1ere vidéo qui s'est pris un blame de (c)
2015-02-08T15:32:55 <adriens33> fb je suis obligé d'y être un peu, et je me sers plus du chat xmpp de fb que du site lui-meme
2015-02-08T15:33:02 <TrappyTickles> l'autre a rien, bizarrement
2015-02-08T15:33:10 <adriens33> ah bah ça…
2015-02-08T15:33:17 <TrappyTickles> pareil, si je pouvais je partirais de facebook, mais j'ai toute la famille là bas
2015-02-08T15:33:32 <adriens33> les voies du bot YouTube sont impénétrables XD
2015-02-08T15:34:27 <TrappyTickles> me demande s'il y a une équivalent facebook mais libre et open
2015-02-08T15:34:46 <adriens33> Diaspora*
2015-02-08T15:34:50 <TrappyTickles> jconvaincrai jamais ma famille d'y déménager mais savoir c'est toujorus bon :p
2015-02-08T15:34:53 <adriens33> (l'étoile fait partie du nom)
2015-02-08T15:35:11 *** MaCharon s'est connecté
2015-02-08T15:35:13 <adriens33> re MaCharon
2015-02-08T15:35:17 <MaCharon> reee
2015-02-08T15:35:24 <TrappyTickles> re
2015-02-08T15:35:44 <TrappyTickles> tiens y a un noeud français de diaspora https://diaspora-fr.org/
2015-02-08T15:36:00 <adriens33> Tu peux te faire ton tien sinon je crois
2015-02-08T15:36:04 <adriens33> (c'est l'intérêt du truc)
2015-02-08T15:36:29 <TrappyTickles> ça serait fun de faire un bronysquare avec diaspora comme moteur
2015-02-08T15:36:50 <adriens33> ah, pk pas. :)
2015-02-08T15:37:03 <TrappyTickles> ptet un bronysquare francophone tiens ^^
2015-02-08T15:37:06 <adriens33> ^^
2015-02-08T15:38:24 <TrappyTickles> jvais m'inscrire sur ce noeud là pour tester
2015-02-08T15:38:27 <adriens33> ^^
2015-02-08T15:42:43 *** Aragox s'est connecté
2015-02-08T15:43:23 <TrappyTickles> mdr le truc d'inscription
2015-02-08T15:43:47 <adriens33> ?
2015-02-08T15:43:50 <TrappyTickles> quand j'ai mis une photo, j'ai mis un logo tout simple et ça m'a dit "wow vous avez un super look!"...
2015-02-08T15:44:01 <adriens33> :P
2015-02-08T15:44:20 <TrappyTickles> wooooow attends la suite :o
2015-02-08T15:44:41 <TrappyTickles> après, tu peux mettre des hashtags pour mettre tes intérets, et quand tu tapes un mot, t'as des suggestions
2015-02-08T15:44:49 <adriens33> sympa
2015-02-08T15:44:50 <TrappyTickles> y a mlp et mlpfim en suggestions! ^^
2015-02-08T15:44:54 <adriens33> :)
2015-02-08T15:45:18 <Aragox> salut
2015-02-08T15:45:23 <TrappyTickles> oi
2015-02-08T15:45:29 <adriens33> re Aragox
2015-02-08T15:45:30 <TrappyTickles> nouveau?
2015-02-08T15:45:34 <adriens33> oui
2015-02-08T15:45:41 <TrappyTickles> bienvenue a bord :)
2015-02-08T15:46:18 <Aragox> merci
2015-02-08T15:46:40 <adriens33> Berry qui est bourrée et qui sait même plus écrire… XD
2015-02-08T15:46:44 <Aragox> j'ai recu l'invite au google groups
2015-02-08T15:46:50 <adriens33> cool =D
2015-02-08T15:47:37 <Aragox> néanmoins je n’apparaît pas encore sur le site ^^
2015-02-08T15:48:00 <adriens33> Oui, faut attendre que ta fiche soit créée et pushée en prod
2015-02-08T15:48:08 <adriens33> (le formulaire ne fait qu'envoyer un fail)
2015-02-08T15:48:09 <adriens33> *mail
2015-02-08T15:48:18 <Aragox> oki je vois
2015-02-08T15:48:30 <adriens33> (mais ça devrait changer avec sugarcube
2015-02-08T15:48:34 <adriens33> ie la v3 du site)
2015-02-08T15:50:38 <Aragox> okay
2015-02-08T15:51:49 <Aragox> fier de moi : http://bbm.jcmag.fr/BloodBowlManager.WebSite/ImageMatchReport.aspx?Id=311984&bg=orca
2015-02-08T15:51:50 <Aragox> :D
2015-02-08T15:52:40 <Aragox> faire une égalite quand tu a reussi si peu d'action sa releve du miracle ^^
2015-02-08T15:52:46 <adriens33> ^^
2015-02-08T15:55:53 <Aragox> bref
2015-02-08T15:56:16 <Aragox> je vais attendre d'avoir mes horaires et on verra si je peut organiser un ptit truc
2015-02-08T15:56:17 <Aragox> :)
2015-02-08T16:00:28 *** Aragox est parti
2015-02-08T16:04:06 *** Aragox s'est connecté
2015-02-08T16:04:13 <Aragox> re
2015-02-08T16:04:23 <TrappyTickles> ah ben quand même, il existe bien une distro linux ponyfié
2015-02-08T16:04:37 <TrappyTickles> bon c'est un fork de mint mais au moins c'est fait :p
2015-02-08T16:05:39 <TrappyTickles> elle a des lacunes apparemment cela dit
2015-02-08T16:06:02 <adriens33> sinon tu te prends arch et tu la ponifie toi meme, c'est pas dur =D
2015-02-08T16:06:09 <TrappyTickles> justement j'y réfléchissais
2015-02-08T16:06:27 <TrappyTickles> j'aurais les compétences, je ferai une distro pony basée sur arch ^^
2015-02-08T16:06:43 <TrappyTickles> dans le genre de manjaro mais ponyfiée à 100%
2015-02-08T16:07:05 <adriens33> sinon tu maintient juste un "kit" de ponification d'arch
2015-02-08T16:07:10 <TrappyTickles> avec genre le minimum syndical + x et kde
2015-02-08T16:07:14 <adriens33> ça te fera moins de taf que forker archw
2015-02-08T16:07:17 <adriens33> -w
2015-02-08T16:07:24 <adriens33> (gérer tes propres dépots, etc...)
2015-02-08T16:07:29 <TrappyTickles> moui c'est vrai
2015-02-08T16:07:35 <adriens33> Manjaro ils ont un paquet de boulot
2015-02-08T16:07:54 <TrappyTickles> ben vu q'ils ont leur propre soft d'install et de config, j'imagine oui :p
2015-02-08T16:08:18 <adriens33> Et même si maintenir une distro à soi tout selu c'est possible (slackware est restée plusieurs années maintenue par un seul mec, et elle existe depuis 1993), c'est hard
2015-02-08T16:09:10 <TrappyTickles> mm faut voir, les kits, ça dépend comment on fait ça
2015-02-08T16:09:47 <TrappyTickles> un script bash je suppose?
2015-02-08T16:10:03 <adriens33> ça dépend
2015-02-08T16:10:33 <adriens33> tu peux faire une doc de personnalisation, en fournissant en dl des thèmes d'icone, de qt, gtk, thèmes de couleur, curseur etc
2015-02-08T16:10:59 <adriens33> comme ça la personne qui veut ponifier son install elle le fiat d'elle meme en suivant la doc et en faisant comme elle veut
2015-02-08T16:11:15 <TrappyTickles> mmm
2015-02-08T16:11:30 <TrappyTickles> faudra que j'y réfléchisse un de ces 4
2015-02-08T16:11:42 <Aragox> trappy
2015-02-08T16:11:48 <Aragox> tu es ver sou sur bordeaux toi ?
2015-02-08T16:11:52 <Aragox> :)
2015-02-08T16:12:22 <TrappyTickles> pas compris la question oO
2015-02-08T16:12:36 <TrappyTickles> je suis un humain, j'ai des sous et suis sur bordeaux oui
2015-02-08T16:12:51 <Aragox> tu es vers ou*
2015-02-08T16:13:02 <TrappyTickles> banlieue sud, près de la rocade
2015-02-08T16:13:31 <adriens33> il veut les coordonées GPS avec une précision de l'ordre de la seconde d'arc (3600e de degré) XD
2015-02-08T16:13:47 <adriens33> (disclaimer: ceci est une blague)
2015-02-08T16:13:52 <TrappyTickles> lol
2015-02-08T16:13:58 <Aragox> oki je vois tes vers begles donc
2015-02-08T16:14:02 <TrappyTickles> oui
2015-02-08T16:14:05 <Aragox> moi je suis a merignac
2015-02-08T16:14:14 <Aragox> c'était pour savoir juste ^^
2015-02-08T16:14:27 <TrappyTickles> cela dit oui je précise pas énormément car je suis un peu connu en france et j'ai pas envie qu'on trouve mon adresse trop facilement
2015-02-08T16:14:58 <TrappyTickles> après, si je connais rl, ça va :p
2015-02-08T16:15:34 <Aragox> un peu connu ? :° bref pas grave, nan c'était pour voir si on peut organiser des trucs
2015-02-08T16:15:42 <Aragox> tu bosse ? tu fai tquoi dans la vie ? :)
2015-02-08T16:15:58 <TrappyTickles> je suis chercheur
2015-02-08T16:16:51 <Aragox> et tu cherche quoi ?
2015-02-08T16:17:40 <TrappyTickles> un emploi
2015-02-08T16:17:47 <adriens33> XD
2015-02-08T16:17:56 <Aragox> ;)
2015-02-08T16:18:06 <TrappyTickles> oui ça fait moins miséreux de dire qu'on est chercheur XD
2015-02-08T16:18:15 * adriens33 est plié de rire *
2015-02-08T16:19:25 <Aragox> je l'étais y apas si longtemps
2015-02-08T16:19:31 <Aragox> je viens d etoruver un emploi moi :)
2015-02-08T16:20:00 <Aragox> m'enfin, je voulais savoir ça car justement mes jours de repos sont le lundi e tmardi et je cherche des  gens avec qui bouger en ville de temps à autre ces jour sla :)
2015-02-08T16:20:33 <TrappyTickles> tiens, comem ma femme, c'est fun ça
2015-02-08T16:20:55 <adriens33> :P
2015-02-08T16:21:01 <TrappyTickles> tu vas pouvoir venir a giroll du coup, enfin si les logiciels libres t'intéressent (quoique ça commence a être envahi de bronies :p
2015-02-08T16:21:08 <adriens33> eh eh
2015-02-08T16:21:26 <Aragox> giroll j'ai juste vu la panneau sur le site j'ai pas cliquer dessus
2015-02-08T16:21:37 <Aragox> mais oui les logiciel libre m'interesse assez pourquoi pas :)
2015-02-08T16:27:02 <TrappyTickles> ^^
2015-02-08T16:32:52 <TrappyTickles> tain la dernière fois qu'une distro linux m'a fait cet effet c'est quand j'ai installé ubuntu pour la première fois sur mon pc
2015-02-08T16:33:01 <TrappyTickles> en 2007, pour remplacer un xp tipiak
2015-02-08T16:34:15 <TrappyTickles> dommage que tu puisses aps en faire une install persistante dans une clé usb
2015-02-08T16:36:06 <TrappyTickles> euhhhhhhhhhhhh what? http://distrowatch.com/table.php?distribution=fuduntu
2015-02-08T16:36:18 <TrappyTickles> un mix de fedora et ubuntu? :o
2015-02-08T16:37:12 <TrappyTickles> entk l'est au point mort depuis 2013, faut croire que ça pouvait pas marcher
2015-02-08T16:37:40 <Aragox> vous faite quoi comme logiciel libre d'ailleurs ? :)
2015-02-08T16:38:05 <TrappyTickles> moi je code pas spécialement, j'en utilise surtout
2015-02-08T16:38:29 <TrappyTickles> le meiux que j'ai fait c'est un peu de python avec renpy et des scripts bash et playonlinux
2015-02-08T16:38:36 <adriens33> on "fait" pas forcément des logiciels, ca peut etre par ex aide pour installer une distro linux, ou pour résoudre des soucis sur une install linux qui déconne ou un soft par ex
2015-02-08T16:38:55 <Aragox> ha je vois
2015-02-08T16:39:53 <TrappyTickles> sinon, le collectif en lui même a codé le site web de bronycub
2015-02-08T16:40:03 <TrappyTickles> y a une v3 en prépa d'ailleurs
2015-02-08T16:58:05 *** MaCharon est parti
2015-02-08T16:59:50 *** MaCharon s'est connecté
2015-02-08T17:01:56 <TrappyTickles> bon allez pour le fun jvais réessayer d'install un arch pur en virtualisé
2015-02-08T17:02:00 <adriens33> :D
2015-02-08T17:02:05 <TrappyTickles> j'espère juste que grub va pas me faire chier comem l'autre fois
2015-02-08T17:02:41 <TrappyTickles> oh merd, j'ai pas enlevé ponify, du coup le tuto est ponyfié XD
2015-02-08T17:02:49 <TrappyTickles> Partition information is stored in the partition table; today, there are 2 mane formats in use:
2015-02-08T17:02:53 <TrappyTickles> 2 mane formats XD
2015-02-08T17:02:59 <adriens33> lol
2015-02-08T17:04:21 <TrappyTickles> et jvais choisir gpt au lieu de la mbr
2015-02-08T17:04:33 <TrappyTickles> mêem si ça me donne l'air de trop bouffer de haricots
2015-02-08T17:04:59 <TrappyTickles> parce que c'set connu: j'ai trop boufffé de haricots, donc gpt
2015-02-08T17:05:03 <TrappyTickles> badumtss
2015-02-08T17:05:09 <adriens33> ...
2015-02-08T17:06:52 <TrappyTickles> tain gdisk il est pas convivial
2015-02-08T17:47:22 <TrappyTickles> je hais grub
2015-02-08T17:48:44 *** Aragox est parti
2015-02-08T18:13:22 *** adriens33 est parti
2015-02-08T18:45:12 <Lenile> Yop
2015-02-08T18:56:37 <TrappyTickles> oi
2015-02-08T18:56:58 <TrappyTickles> bon ben c'est décidé, j'utiliserai plus jamais grub sur des disques avec gpt
2015-02-08T19:00:07 <Lenile> Gg
2015-02-08T19:08:52 <TrappyTickles> mouais bof faut que jrecommence tout, ça marche pas plus
2015-02-08T19:38:46 <Lenile> Bonne chance
2015-02-08T20:06:30 *** Gordfang est parti
2015-02-08T20:06:46 *** Gordfang s'est connecté
2015-02-08T20:06:58 *** Gordfang est parti
2015-02-08T20:07:18 *** Gordfang s'est connecté
2015-02-08T20:13:07 *** AlphaDash s'est connecté
2015-02-08T20:42:05 *** AlphaDash est parti
2015-02-08T21:02:09 *** MaCharon est parti
2015-02-08T21:02:53 *** MaCharon s'est connecté
2015-02-08T21:41:46 *** ELiDYROS s'est connecté
2015-02-08T21:44:02 <ELiDYROS> Bonsoir
2015-02-08T21:45:44 <Gordfang> yo
2015-02-08T22:06:21 *** ELiDYROS est parti
2015-02-08T22:32:21 *** adriens33 s'est connecté
2015-02-08T22:32:58 <adriens33> plop
2015-02-08T22:33:46 <adriens33> vous êtes morts ?..
2015-02-08T22:35:25 <TrappyTickles> non, re du ciné
2015-02-08T22:35:52 <TrappyTickles> putain j'en ai MARRE. a chaque fois y a un problème différent que ce soit par grub our par syslinux, y a rien qui marche!
2015-02-08T22:35:53 <adriens33> ah. cool pour toi.
2015-02-08T22:36:01 <adriens33> c'est l'uefi
2015-02-08T22:36:06 <adriens33> c'est de la merde
2015-02-08T22:36:17 <TrappyTickles> je suis bien toutes les procédures de trois tutos différents, et a chaque fois ça foire de manière différente
2015-02-08T22:36:27 <adriens33> et gpt c'est que pour l'uefi, tu peux pas boot en mode bios sur un disque gpt
2015-02-08T22:36:46 <TrappyTickles> j'essaie aussi bien en gpt qu'en normal, mais rien n'y fait
2015-02-08T22:37:05 <adriens33> et grub c'est de la m**de. syslinux c'est bien ça marche et c'est pas trop dur a config sur du bios (le mode uefi est encore en beta je crois)
2015-02-08T22:37:24 <TrappyTickles> ça j'ai vu, syslinux c'est le seul des deux ou j'arrive à kekchose
2015-02-08T22:37:26 <adriens33> bah tu te fera aider mardi au pire, giroll ça sert a ça a la base
2015-02-08T22:37:39 <adriens33> grub1 c'est obsolète
2015-02-08T22:37:42 <TrappyTickles> mmm faudra que je mette vbox dessus alors
2015-02-08T22:37:47 <adriens33> grub2 la conf est absconse
2015-02-08T22:38:03 <TrappyTickles> ben je suis censé installer le grub2, mais bon, 1 ou 2 tout pareil ça déconne
2015-02-08T22:38:05 <adriens33> ya que syslinux qui soit bien et pas trop conpliqué
2015-02-08T22:38:16 <adriens33> grub c'est grub2 en fait.
2015-02-08T22:38:27 <adriens33> vu que grub 0.99 est obsolète il a été drop
2015-02-08T22:38:28 <TrappyTickles> oui vu que grub-legacy est le 1
2015-02-08T22:38:37 <TrappyTickles> ah
2015-02-08T22:38:47 <adriens33> enfin il est encore sur aur, mais il sert à rien.
2015-02-08T22:38:58 <adriens33> c'est comme un zombie, over patché, dégoulinant de sang
2015-02-08T22:39:03 <adriens33> avec un ECG plat
2015-02-08T22:39:10 <adriens33> mais t'essaie de le faire vivre quand meme..
2015-02-08T22:39:19 <adriens33> *EEG
2015-02-08T22:39:26 <adriens33> pas ECG
2015-02-08T22:39:31 <adriens33> (pour le cerveau)
2015-02-08T22:39:47 <TrappyTickles> me dmande pourquoi vouloir ressuciter des morts
2015-02-08T22:39:56 <adriens33> pour le « fun » ?..
2015-02-08T22:39:59 <TrappyTickles> a moins de vouloir les améliorer et encore :p
2015-02-08T22:40:38 <adriens33> non mais l'image c'était pour grub legacy, ce truc a été over patché super longtemps pour continuer à être utilisable.
2015-02-08T22:41:00 <adriens33> quand les mainteneurs du paquet sur arch en ont eu marre ils l'ont viré
2015-02-08T22:41:11 <adriens33> mais bon grub2 a une conf de merde.
2015-02-08T22:41:28 <adriens33> 150 lignes de conf pour un boot simple (à la louche)
2015-02-08T22:41:31 <adriens33> faut pas déconner.
2015-02-08T22:41:31 <TrappyTickles> c'est vrai que j'ai eu du mal quand j'ai du y toucher la 1ere fois
2015-02-08T22:42:06 <adriens33> syslinux c'est 4 lignes pour l'entrée de boot (plus 5-10 pour la conf de syslinux, comme le fond d'écran par exemple)
2015-02-08T22:42:17 <adriens33> (oui tu peux avoir un fond d'écran simplement sur syslinux)è
2015-02-08T22:42:19 <adriens33> -è
2015-02-08T22:42:31 <adriens33> grub1 y'avait un patch pour
2015-02-08T22:42:41 <adriens33> grub2 je sais même pas comment on fait
2015-02-08T22:42:45 <TrappyTickles> ah? tu peux skiner syslinux? :o
2015-02-08T22:43:31 <TrappyTickles> me demande pourquoi pratiquement toutes les distros jurent que par grub si syslinux est si bien
2015-02-08T22:43:42 <adriens33> bah t'a juste a ajouter VESAMENU au lieu de MENU en haut et tu spécifie ton image avec MENU BACKGROUND /chemin/relatif/a/boot
2015-02-08T22:43:58 <adriens33> Bah sur l'iso d'install d'arch c'est syslinux.
2015-02-08T22:44:11 <adriens33> (enfin ISOLINUX plus précisément, la version pour CD :D)
2015-02-08T22:44:16 <TrappyTickles> ah? :o ça ressemblait à grub
2015-02-08T22:44:25 <adriens33> non
2015-02-08T22:44:37 <adriens33> pour éditer c'est pas ctrl e ou je sais pas quoi
2015-02-08T22:44:40 <adriens33> c'est juste TAB.
2015-02-08T22:44:51 <adriens33> *éditer les entrées de boot
2015-02-08T22:45:05 <adriens33> avec le fond d'écran gris sombre avec le logo d'arch
2015-02-08T22:46:23 <TrappyTickles> ben entk c'est chiadé, donc ya même pas l'excuse de "oui mais grub tu peux mieux le skiner" :p
2015-02-08T22:47:10 <adriens33> tiens voila ma conf sur le desktop
2015-02-08T22:47:13 <adriens33> http://www.art-software.fr/apps/bozon/uploads/syslinux.cfg
2015-02-08T22:47:37 <adriens33> les lignes avant l'entrée de boot sont par défaut, t'a juste a modif
2015-02-08T22:47:56 <TrappyTickles> tain c'est méga clair par rapport a grub. même moi j'arrive à comprendre presque toutes les lignes :o
2015-02-08T22:47:59 <adriens33> et t'a pas de update-grub ou grub-mkconfig a faire, tu édit le syslinux.cfg et c'est marre
2015-02-08T22:48:15 <adriens33> (/boot/syslinux/syslinux.cfg pour être plus précis)
2015-02-08T22:48:35 <TrappyTickles> ben quand je me remettrai à l'install de arch, je resterai à syslinux ^^
2015-02-08T22:48:42 <adriens33> :D
2015-02-08T22:49:02 <adriens33> et pour l'install: syslinux-install_update -iam
2015-02-08T22:49:09 <adriens33> il ajoute le mbr comme il faut
2015-02-08T22:49:11 <TrappyTickles> dommage que manjaro utilise grub, j'aurais bien appris à skiner syslinux pour le fun :p
2015-02-08T22:49:23 <adriens33> bah tu peux l'install.
2015-02-08T22:49:27 <adriens33> il est dans les dépots
2015-02-08T22:49:39 <TrappyTickles> oui mais vu qu'il y a grub, j'ai peur que ça foire
2015-02-08T22:49:50 <adriens33> et t'es meme pas obligé d'uninstall grub, tu fais juste syslinux-install_update -iam après, et hop
2015-02-08T22:49:59 <TrappyTickles> mmm quoique, j'ai manjaro en virtualisé, jpeux tester là dessus
2015-02-08T22:50:09 <adriens33> tu modifie le fichier de conf pour mettre le bon UUID pour le ROOT=
2015-02-08T22:50:19 <adriens33> pour que le kernel boot bien
2015-02-08T22:50:21 <adriens33> et hop.
2015-02-08T22:50:28 <TrappyTickles> euhhhh wtf, j'ai syslinux déjà installé :o
2015-02-08T22:50:45 <TrappyTickles> en fait j'ai grub ET syslinux! oO
2015-02-08T22:50:45 <adriens33> ah?
2015-02-08T22:50:55 <TrappyTickles> commetn c'est possible ça, je pige pas
2015-02-08T22:50:58 <adriens33> bah c'est celui qui est dans le mbr qui compte
2015-02-08T22:50:59 <TrappyTickles> ça ferait pas conflit?
2015-02-08T22:51:09 <adriens33> le reste c'est que des binaires tranquille dans le système
2015-02-08T22:51:11 <adriens33> non
2015-02-08T22:51:18 <TrappyTickles> ah.. donc vu la tête, c'est grub dans la mbr
2015-02-08T22:51:23 <adriens33> c'est ce qu'il y a dans les 63 premiers secteurs du DD
2015-02-08T22:51:26 <adriens33> qui compte
2015-02-08T22:51:37 <adriens33> tu peux "install" plusieurs boot mgr
2015-02-08T22:51:40 <adriens33> en même temps
2015-02-08T22:52:05 <TrappyTickles> mm c'est ça qui me fait peur en fait, si je foire ces premiers secteurs et que linux boot plus, pour x raisons
2015-02-08T22:52:14 <adriens33> bah tu boot sur l'iso d'install
2015-02-08T22:52:15 <TrappyTickles> mon exp avec arch linux pur m'a rendu parano :p
2015-02-08T22:52:24 <adriens33> tu monte la racine, /boot et /home
2015-02-08T22:52:37 <adriens33> tu fais arch-chroot /le/dossier /bin/bash
2015-02-08T22:52:45 <TrappyTickles> elles sont toutes les deux sur la même partition, ça change rien?
2015-02-08T22:52:47 <adriens33> et syslinux-install_update -iam (ou grub-install)
2015-02-08T22:52:52 <adriens33> qui?
2015-02-08T22:52:59 <TrappyTickles> boot et home
2015-02-08T22:53:04 <adriens33> oh.
2015-02-08T22:53:05 <TrappyTickles> dans la même part que / en fait
2015-02-08T22:53:08 <adriens33> ah.
2015-02-08T22:53:17 <adriens33> bah t'a juste / a monter alors :D
2015-02-08T22:53:29 <adriens33> c'est une habitude, /boot avec juste le bootloader + kernel.
2015-02-08T22:53:30 <TrappyTickles> ok :p
2015-02-08T22:53:48 <adriens33> et la racine séparée de /home
2015-02-08T22:53:50 <TrappyTickles> c'est cque j'avais essayé de faire dans mon dernier essai avec arch
2015-02-08T22:54:00 <adriens33> ok^^
2015-02-08T22:54:21 <adriens33> et contrairement a ce qu'on dit, si t'a 32Go de ram t'a besoin de 32Go de swap^^
2015-02-08T22:54:52 <adriens33> sinon tu peux pas mettre en veille prolongée (hibernation ça s'appelle sous linux) vu que c'est là qu'il colle l'image de la ram
2015-02-08T22:54:59 <TrappyTickles> boarf de nos jours je sais même pas s'il y a besoin de la swap :p
2015-02-08T22:55:08 <adriens33> bah si justement
2015-02-08T22:55:16 <TrappyTickles> ben aps d'autant de place entk
2015-02-08T22:55:20 <adriens33> bah si
2015-02-08T22:55:38 <adriens33> si t'a 32Go de ram pour l'hibernation il a besoin de coller une image de 32Go max en swap.
2015-02-08T22:55:44 <adriens33> c'est mathématique.
2015-02-08T22:56:10 <adriens33> dans les faits il ne copie que les pages utilisées donc t'as besoin de moins la plupart du temps, mais c'est plus propre.
2015-02-08T22:56:11 <TrappyTickles> mais un linux ça doit pas prendre autant de go, même en hibernation, non?
2015-02-08T22:56:16 <adriens33> bah..
2015-02-08T22:56:21 <adriens33> si t'a 32Go de ram
2015-02-08T22:56:24 <TrappyTickles> meme windows arriverait pas à autant :p
2015-02-08T22:56:30 <adriens33> tu met 32Go de swap par propreté
2015-02-08T22:56:41 <adriens33> on sait jamais, un jour si t'utilise 30Go
2015-02-08T22:56:46 <adriens33> (un gros rendu par ex)
2015-02-08T22:56:54 <adriens33> bah si t'a pas la swap qu'il faut t'es niqué
2015-02-08T22:57:03 <adriens33> tu peux pas hibernate dans un fichier swap
2015-02-08T22:57:20 <adriens33> (fin si, mais c'est beaucoup plus chiant à mettre en place et ça marche pas tout le temps)
2015-02-08T22:57:33 <TrappyTickles> mmm vu que j'ai install avec les options par défaut, manjaro a du respecter cte norme pour mon laptop
2015-02-08T22:57:43 <TrappyTickles> jdois donc avoir 4go de swap
2015-02-08T22:57:43 <adriens33> t'as combien de ram?
2015-02-08T22:57:48 <TrappyTickles> 4go
2015-02-08T22:57:53 <adriens33> ouai.
2015-02-08T22:59:02 <adriens33> la swap c'est pas quand t'a peu de ram uniquement. Quand t'en a beaucoup ça permet de libérer de la place pour ce qui est le plus utilisé, c'est plus propre, et aussi pour l'hibernation. Y'a plein de gens qui oublient l'hibernation.
2015-02-08T22:59:10 <TrappyTickles> ah tiens... sur mon virtualisé, manjaro a 2Go de ram, mais il a carrément mis 3.20go de swap
2015-02-08T22:59:12 <adriens33> d'ailleurs c'est foutrement plus rapide que sous windows
2015-02-08T22:59:28 <adriens33> (je parle pas du fast boot hein, mais bien de la mise en veille sur disque)
2015-02-08T22:59:28 <TrappyTickles> jvois
2015-02-08T22:59:43 <adriens33> bah sur mon desktop c'est presque aussi rapide que la mise en veille
2015-02-08T22:59:50 <adriens33> (et j'ai 12Gio de ram..)
2015-02-08T23:00:02 <adriens33> ça met < 20s
2015-02-08T23:00:53 <TrappyTickles> ça va c'est correct ^^
2015-02-08T23:00:58 <adriens33> oui ^^
2015-02-08T23:01:29 <adriens33> ma mère avait un pc avec 3go de ram, windows vista (ou 7 je sais plus) mettait 2 à 3 minutes à hiberner.
2015-02-08T23:01:44 <adriens33> (et sur mon win.. bah je le démarre trop peu pour en avoir besoin en fait)
2015-02-08T23:02:00 <adriens33> et sur mon laptop c'est pareil, c'est foutrement rapide.
2015-02-08T23:02:55 <TrappyTickles> mmm faudra que je teste l'hibernation sur mon laptop, voir si ça boot plus vite comme ça
2015-02-08T23:03:33 <adriens33> faut ajouter resume avant filesystems dans /etc/mkinitcpio.conf
2015-02-08T23:03:41 <adriens33> (mkinitcpio -p linux apres)
2015-02-08T23:03:59 <TrappyTickles> j'suppose que manjaro l'a fait mais je vérifierai
2015-02-08T23:04:13 <adriens33> et resume=DEVICESWAP(l'uuid par ex ou /dev/sdx2 etc) dans les paramètres de boot du kernel
2015-02-08T23:04:31 <TrappyTickles> oki
2015-02-08T23:04:33 <adriens33> (sur mon syslinux.cfg c'est le APPEND … resume=UUID=blabla)
2015-02-08T23:04:47 <TrappyTickles> sur ce jva jouer a sr et dodo :p
2015-02-08T23:04:50 <adriens33> ++
2015-02-08T23:19:16 *** Aragox s'est connecté
2015-02-08T23:28:58 <Aragox> Salut ?
2015-02-08T23:29:00 <Aragox> pas salut ? :p
2015-02-08T23:29:25 <Gordfang> salut
2015-02-08T23:29:43 <Gordfang> en attendant a 23h30 un samedi...
2015-02-08T23:29:45 <Aragox> comment va ?
2015-02-08T23:30:08 <Gordfang> bien et toi
2015-02-08T23:30:20 <Aragox> trnquillou :)
2015-02-08T23:30:26 <Aragox> je suis nouveau !
2015-02-08T23:30:29 <Gordfang> tu était bien a la partie d'éco monde hier non?
2015-02-08T23:30:37 <Gordfang> oui je me suis occuper de ton inscription ^^
2015-02-08T23:30:39 <Aragox> euuuuh non
2015-02-08T23:30:43 <Aragox> x)
2015-02-08T23:30:45 <Gordfang> ok alors je confond :D
2015-02-08T23:31:32 <Aragox> tu etait a l'animasia toi en octobre dernier ?
2015-02-08T23:31:52 <Gordfang> j'y suis passer oui mais pas avec des amis de bronycub mais avec des amis de mon écoles ^^
2015-02-08T23:31:56 <Gordfang> donc on c'est surement raté
2015-02-08T23:32:26 <Aragox> je dit ça car j'ai pris une photo avec des brony la bas
2015-02-08T23:32:31 <Aragox> j'étais cosplayé en kirito
2015-02-08T23:32:37 <Gordfang> de?
2015-02-08T23:32:50 <Gordfang> ah oui sword art
2015-02-08T23:33:12 <Gordfang> du coup si cela ne te derange pas autant en profiter pour finaliser ta candidature si cela ne te derange pas :D
2015-02-08T23:33:12 <Aragox> yep
2015-02-08T23:33:25 <Aragox> carrement
2015-02-08T23:33:46 <Gordfang> ok alors déja premièrement : as tu un lien personnel?
2015-02-08T23:33:56 <Gordfang> genre facebook, google +, deviant art etc etc
2015-02-08T23:34:29 <Aragox> je ne passerais t'êtes pas mon facebook
2015-02-08T23:34:33 <Aragox> mai sje te passe mon DA
2015-02-08T23:34:39 <Aragox> http://aragox.deviantart.com/gallery/
2015-02-08T23:34:43 <Gordfang> sa ira je pense merci :D
2015-02-08T23:35:18 <Gordfang> alors du coup je re d'ici 5 minute le temps de le marquer
2015-02-08T23:36:25 <Gordfang> ah si pendant que je m'occupe de mon ôté
2015-02-08T23:36:50 <Gordfang> ta bio est un peu faiblarde on as trouver :/ si tu veut parler plus de toi n'hésite pas
2015-02-08T23:37:05 <Aragox> oui je sais je l'ai fait à la va vite
2015-02-08T23:37:09 <Aragox> c'normal ça ;)
2015-02-08T23:37:20 <Aragox> du coup je t'en rééecrit une genre sur ce tchat ?
2015-02-08T23:37:46 <Gordfang> ouai pourquoi pas
2015-02-08T23:37:54 <Gordfang> comme ça c'est régler ^^
2015-02-08T23:38:00 <Aragox> oki doki loki
2015-02-08T23:40:01 <Lenile> Blblbl
2015-02-08T23:40:03 <Lenile> Gord ?
2015-02-08T23:40:09 <Lenile> Devine ou j'ai dormis cette nuit ? xD
2015-02-08T23:40:22 <Gordfang> sur un banc?
2015-02-08T23:40:28 <Lenile> Dans le tram o/
2015-02-08T23:40:34 <Gordfang> wat?
2015-02-08T23:41:20 <adriens33> plop Aragox
2015-02-08T23:41:26 <Lenile> Les trams commencait à arriver
2015-02-08T23:41:30 <Lenile> Donc j'ai dormis dedant o/
2015-02-08T23:41:34 <Gordfang> ah ok bas gg
2015-02-08T23:41:35 <adriens33> qu'est ce qu'il t'arrive Lenile, pourquoi tu dors dans le tram ?
2015-02-08T23:41:40 <Lenile> J'ai jamais autant pris le tram o/7
2015-02-08T23:41:43 <adriens33> oh, et Gordfang:
2015-02-08T23:41:44 <Gordfang> fini vers 4h30 hier
2015-02-08T23:41:48 <Lenile> Et vu de gens vomirs o/
2015-02-08T23:41:49 <adriens33> t'es en retard d'un jour.
2015-02-08T23:41:55 <adriens33> On est pas samedi, on est dimanche.
2015-02-08T23:41:56 <adriens33> :D
2015-02-08T23:42:16 <adriens33> « <Gordfang> en attendant a 23h30 un samedi... »
2015-02-08T23:42:25 <Aragox> voila je l'ai écrut
2015-02-08T23:42:28 <Aragox> je t ele passe ?
2015-02-08T23:42:31 <Aragox> écrit*
2015-02-08T23:42:42 <Gordfang> tu l'a écrit ou?
2015-02-08T23:43:00 <adriens33> il s'est fait un brouillou je pense Gordfang
2015-02-08T23:43:07 <Gordfang> k
2015-02-08T23:43:10 <adriens33> sinon il te demanderait pas s'il te le passe..
2015-02-08T23:43:21 <adriens33> tu sais Gordfang faut dormir la nuit XD
2015-02-08T23:43:26 <Gordfang> ah ouai pas fait gaffe
2015-02-08T23:43:29 <Gordfang> roh la ferme toi XD
2015-02-08T23:43:31 <adriens33> t'es encore plus à coté de tes pompes que moi XD
2015-02-08T23:43:33 <Aragox> salut les nouveaux gens qui viennent d'arriver !
2015-02-08T23:43:35 <Aragox> x)
2015-02-08T23:43:39 <adriens33> (et pourtant j'suis pas en forme)
2015-02-08T23:47:16 <Aragox> que devrais-je dire
2015-02-08T23:47:17 <Aragox> :p
2015-02-08T23:47:24 <adriens33> Pourquoi ?
2015-02-08T23:47:31 <Aragox> je sort du taf
2015-02-08T23:47:37 <adriens33> genre là ?
2015-02-08T23:47:42 <adriens33> :O
2015-02-08T23:47:43 <Aragox> sa devrais etre moi qu'es tpas en forme
2015-02-08T23:47:51 <Aragox> bah oui
2015-02-08T23:47:59 <adriens33> putain..
2015-02-08T23:48:04 <Aragox> pourtant j'ai envie de danse rla moi :D
2015-02-08T23:48:25 <adriens33> (non mais moi je dis je suis pas en forme plus dans le sens ça va pas top que dans le sens j'ai pas d'énergie en fait)
2015-02-08T23:48:55 <Aragox> j'avais compris ^^
2015-02-08T23:59:53 <Gordfang> bon aller je vais me pieut!
2015-02-08T23:59:58 <Gordfang> bonne nuit les gens!
