2015-03-06T00:34:40 *** TrappyTickles est parti
2015-03-06T02:40:08 *** MaCharon est parti
2015-03-06T08:11:06 *** Fidzu s'est connecté
2015-03-06T09:18:44 *** heuzef s'est connecté
2015-03-06T09:31:26 *** heuzef1 s'est connecté
2015-03-06T09:33:07 *** heuzef est parti
2015-03-06T09:37:25 <Fidzu> Yop
2015-03-06T09:53:24 *** TrappyTickles s'est connecté
2015-03-06T09:58:27 *** ludvann s'est connecté
2015-03-06T09:58:30 <ludvann> yop
2015-03-06T10:08:04 <heuzef1> yop =)
2015-03-06T10:10:20 <ludvann> ça va ? :-)
2015-03-06T10:10:45 <Fidzu> Nickel et vous ?
2015-03-06T10:13:07 <ludvann> bueno ^^
2015-03-06T10:15:30 <heuzef> Alors y'a des gens qui veulent bouger demain ? =)
2015-03-06T10:16:27 <Fidzu> Ben jistement
2015-03-06T10:16:55 <Fidzu> J'ai vu avec d'autre gens . On compte de voir danq 15j
2015-03-06T10:17:27 <Fidzu> Parce que la semaine pro il y a le test de runner et que ce week des gens peuvent pas venir
2015-03-06T10:18:25 <heuzef> Cool =)
2015-03-06T10:18:47 <heuzef> Et j'aimerais bien que quelqu'un finisse par ce motiver à organiser un laser quest
2015-03-06T10:20:29 <Fidzu> Je sais plus comment il s'appelle faudrais regarder l'historique
2015-03-06T10:20:48 <Fidzu> Bon je sus en cours je ré plus tard ^^
2015-03-06T10:46:31 <ludvann> c'était moi ^^
2015-03-06T10:50:52 <Fidzu> L'autre c'était elv quelque chose
2015-03-06T10:53:51 <Fidzu> Laeer quest ça fais si longtemps que j'en ai pas fais :)
2015-03-06T11:06:57 <Fidzu> Oui toi aussi
2015-03-06T11:07:59 <Fidzu> On enverra un mail a tout les gens voir si ils seront dispp pour samedi dans 15j
2015-03-06T11:08:49 <Fidzu> Samedi 21
2015-03-06T11:22:21 *** Elvon s'est connecté
2015-03-06T11:23:01 <Elvon> Bien le bonjour !
2015-03-06T11:23:09 <Fidzu> Heuzef? Ponysouth tu y vas ?
2015-03-06T11:24:49 <heuzef> J'espère bien
2015-03-06T11:24:53 <Elvon> heuzef> En parlant de Ponysouth "J'ai un truc" à monter, X3 mais faut que je vous en parle à la réunion et faut que je prenne contacte avec nos amis Toulousain.
2015-03-06T11:24:54 <heuzef> Je compte beaucoup sur Elvon
2015-03-06T11:25:17 <heuzef> Le référent Toulousain c'est GoFish
2015-03-06T11:25:24 <heuzef> http://broniesintoulouse.org/
2015-03-06T11:25:45 <Elvon> euh c'est eux qui font la Ponysouth ?
2015-03-06T11:25:55 <heuzef> Nop
2015-03-06T11:26:06 <Elvon> (j'ai fait un rapprochement entre le lieux et l'equipe qui gére.)
2015-03-06T11:26:32 <heuzef> Rien à voir ce qui font la PS c'est une asso : Harmonia Event qui est gérer par Asteaen
2015-03-06T11:26:42 <Elvon> du coup c'est pas gofish que je doit contacter.
2015-03-06T11:28:19 <Elvon> heuzef> je doit leur demander ce que pourra être leur planning lors de la convntion. (pour faire un guide, avec des truc enplus pour l'orga)
2015-03-06T11:29:47 <heuzef> Je pense que le top c'est de voir avec Astaen
2015-03-06T11:29:53 <heuzef> J'ai que son skype sous la main : od-astaen
2015-03-06T11:30:10 <heuzef> Il devrais pouvoir répondre à toute tes questions
2015-03-06T11:31:53 <Elvon> Merci bien, ça va aller plus vite ainsi (je sais plus si il y avait leur contact sur le site, je sais qu'ils y sont présenter mais je pense pas que l'on les joindre depuis cet page là.)
2015-03-06T11:32:27 <heuzef> Ils ont un mail il me semble
2015-03-06T11:33:08 <heuzef> Pour toutes les demandes formels essaie de privilégier le mail pour garder une trace
2015-03-06T11:33:41 <heuzef> Surtout que l'on risque d'avoir des mineurs avec nous il faut être prudent et ne pas engager de responsabilité de ce côté la
2015-03-06T11:33:51 <Elvon> Je ferai ça (j'y avait pas pensé à ça. merci)
2015-03-06T11:35:25 <heuzef> On est pas une asso, donc rien d'officiel de notre côtés, la responsabilité des mineurs dépend donc entièrement des parents
2015-03-06T11:35:43 <heuzef> Nous on s'engage en rien sur leur sécurité ou quoi que ce soit
2015-03-06T11:37:53 <Elvon> je sais bien mais c'est bien pour les échanges officiel et officieux aussi X3
2015-03-06T11:37:55 <Elvon> je re
2015-03-06T11:37:58 *** Elvon est parti
2015-03-06T11:41:07 *** Elvon s'est connecté
2015-03-06T11:41:23 <Elvon> Re
2015-03-06T11:43:02 <Fidzu> J'en ai un peu parlé hier,  il faudrais , lors d'un metup ou de la POM, essayer de faire des groupes  d accompagnateur pour les mineurs qui veulent aller a la ponysouth
2015-03-06T11:45:23 <heuzef> Bof
2015-03-06T11:45:37 <heuzef> Un seul accompagnateur pour tous le monde me semble plus judicieux
2015-03-06T11:45:48 <Fidzu> Non
2015-03-06T11:46:04 <Fidzu> C'est 3 mineurs par accompagnateur il me semble
2015-03-06T11:46:18 <Elvon> euh... C'est bon là j'utilise Hexchat et ça bugg plus ?
2015-03-06T11:46:32 <Fidzu> Faudrais que je relise le reglement de ponysouth mais je crois bien  que c'est ça
2015-03-06T11:46:40 <heuzef> Elvon: oui
2015-03-06T11:47:02 <Elvon> heuzef> merci
2015-03-06T11:47:06 <heuzef> Le règlement de Ponysouth ? :/
2015-03-06T11:47:28 <heuzef> Je vois pas en quoi on est concerné par ce règlement
2015-03-06T11:47:48 <Fidzu> Dans la section mineur
2015-03-06T11:48:05 <Elvon> on est pas une ASSO Fidzu ^^" et tu n'est pas un animateur de centre Aérer si ?
2015-03-06T11:48:42 <Elvon> Donc ne t'inquiète pas. c'est mon Boulot de vous pondre un Guide sans accro.
2015-03-06T11:48:44 <Fidzu> Heu .. Non mais je sais qu'on est pas une association
2015-03-06T11:49:28 <Elvon> dit toi que c'est pareil que quand tu va à l'animasia ? ou a la foire expo.
2015-03-06T11:49:38 <Elvon> :3
2015-03-06T11:51:01 <Fidzu> Les personnes mineures sont acceptées à la convention, mais devront être accompagnées d’un adulte se portant garant. Il devra être muni d’une attestation signée et d’une carte d’identité.
2015-03-06T11:51:02 <Fidzu> Exemple : “Je soussigné … certifie être le responsable légal de … lors de l’évenement ‘PonySouth’, organisé par Harmony Evenements, et ce pendant toute la durée de la manifestation.”
2015-03-06T11:51:03 <Fidzu> Chaque adulte devra être responsable d’au maximum 3 personnes mineures.
2015-03-06T11:51:13 <Fidzu> C'est ce que j'ai lu
2015-03-06T11:52:21 *** Fidzu est parti
2015-03-06T11:53:01 <heuzef> Bon ba c'est claire au moins :/
2015-03-06T11:53:24 <heuzef> Elvon il va falloir que tu prenne en compte le nombre de mineur
2015-03-06T11:53:39 <heuzef> et trouvé des garants
2015-03-06T11:53:42 *** AndroUser s'est connecté
2015-03-06T11:54:00 <AndroUser> Re c'est fidzu
2015-03-06T11:54:19 <heuzef> Sinon ils ne pourront pas rentrer dans la convention sans les attestations signés
2015-03-06T11:55:32 <Elvon> Ne tkt pas je prevois ça, on est en mars/avril pour le moment laissez mois s'il vous plait préparer mon blocnote et en avril/mai je vous formule tout ça, avec les infos importante (tu n'avais pas tord Fidzu)
2015-03-06T11:56:00 <AndroUser> Mais j'ai parlé avec aestan, même si on te connais pas tu Peux nous accompagner
2015-03-06T11:56:14 <Elvon> c'est pas pour rien que je disai que j'aime bien Twilight Sparkle
2015-03-06T11:56:18 <heuzef> Il faut que tu matte sur la page des membres, toutes personne né après 1996 devra passer par cette démarche spéciale
2015-03-06T11:56:41 <AndroUser> Il te faut juste un bout de paperasse signe disant que tu est résponssabke de npus
2015-03-06T11:57:05 <Elvon> Mais eux laisser mois gérer ça svp je vous promet que ce sera bien fait
2015-03-06T11:57:05 *** Fidzu est parti
2015-03-06T11:57:42 <heuzef> Ouais enfin c'est pas à prendre à la légère non plus hein, si il arrive un accident durant la convention à un pti ba c'est son responsable qui trinque
2015-03-06T11:57:43 <Elvon> Ah ... c'est pas cool ça ? il bug bien didonc.
2015-03-06T11:57:58 *** AndroUser s'est connecté
2015-03-06T11:58:37 <Elvon> j'ai dit que je le prener à la légére mais sur 2semaine je peut pas pondre le menu d'un plat qu'on nous offre en fin d'année
2015-03-06T11:58:46 <Elvon> j'ai pas dit *
2015-03-06T11:59:09 <Fidzu> Ouai je sais pas pk je bug mais je lis lhistorique tkt
2015-03-06T11:59:57 <Fidzu> Oui apres c'est ca être responsable de quelqu'un mais a mon avis il y a de très faible chance qu'il nous arrive quelque chose la bas
2015-03-06T12:01:39 <Elvon> En tout cas c'est bien de vous voir au taqué pour Le PS en Juillet
2015-03-06T12:02:54 <Elvon> Suivant l'avancer dans la semaine qui arrive je pense que tu recevra un Rapport d'avancement, du projet PonySouth heuzef
2015-03-06T12:02:56 <Fidzu> En même temps c'est  tellement epic
2015-03-06T12:03:38 <Fidzu> C'est pour ça que je redis qu'il faudrais voir qui est majeure et qui y va .
2015-03-06T12:04:05 <Elvon> J'envoie ça Mardi matin, c'est bon ?
2015-03-06T12:04:08 <Elvon> :3
2015-03-06T12:06:38 <Fidzu> D'ailleurs avec ludvann on aimerais bien faire un metup et voir les nouvelles têtes (aussi les vieilles) pour samedi 21 donc si vous pouvez faire tourner
2015-03-06T12:08:32 <ludvann> ^^
2015-03-06T12:09:06 *** Yffrit s'est connecté
2015-03-06T12:09:21 <Elvon> Pas de Souchis
2015-03-06T12:09:34 <Yffrit> Salut !
2015-03-06T12:09:37 <Elvon> SAlut Yffrit
2015-03-06T12:10:10 <Fidzu> Plop
2015-03-06T12:11:40 <ludvann> poupidou
2015-03-06T12:13:33 <Elvon> Moi je m'en vas manger a plus tard tout le monde.
2015-03-06T12:14:08 *** Elvon est parti
2015-03-06T12:33:47 <Fidzu> Vous avez donnet pour ps ?
2015-03-06T12:37:38 <Yffrit> donner ? ps ?
2015-03-06T12:43:18 *** Yffrit est parti
2015-03-06T12:52:38 <TrappyTickles> http://i.imgur.com/pgXkS8Q.jpg pour vos lols, mon 1er comic généré :p
2015-03-06T12:53:51 <heuzef> xD
2015-03-06T13:00:10 *** heuzef est parti
2015-03-06T13:10:21 <Fidzu> Mdr
2015-03-06T13:11:59 <Fidzu> Jy avais pensé quand twilight passe dans le portail au début de Eg, il y a une scène où elle passe juste sa main de l'autre côté . Je me demande ce qu'ils on vu derrière ...
2015-03-06T13:40:34 *** heuzef s'est connecté
2015-03-06T13:41:08 *** Elvon s'est connecté
2015-03-06T13:44:26 <Elvon> Bon bah... RE-re-re RE (pour pas long j'attend une amie qui viens prendre sa revanche à SSB.
2015-03-06T13:52:14 *** MaCharon s'est connecté
2015-03-06T14:10:46 <heuzef> !inscription Fidzu
2015-03-06T14:10:50 <heuzef> Yop
2015-03-06T14:12:48 <Elvon> Fidzu Berry-Punch te pose une question. faut lui répondre quand on est poli. X3
2015-03-06T14:16:08 <heuzef> ^^
2015-03-06T14:17:56 <Fidzu> Re . What ? Inscription fidzu ?
2015-03-06T14:18:20 <Fidzu> Inscription a quoi ?
2015-03-06T14:18:59 <Elvon> Fidzu: Il te faudra mettre ton pseudo comme dab pour te connecter. en gros tu fait parti des membres du Tchat.
2015-03-06T14:19:25 <Fidzu> Ah cool . Je ne l'était pas déjà ?
2015-03-06T14:19:28 <heuzef> Contrairement à strycore comme on peux le constater :/
2015-03-06T14:19:42 <Fidzu> Ah oui
2015-03-06T14:19:55 <Elvon> pour faire lancer des muffin à Berry-chan c'est !muffin
2015-03-06T14:19:57 <heuzef> strycore devrais écouter Wonderbolt Radio qui ne diffuse que du Rock / Metal
2015-03-06T14:20:01 <Elvon> !muffin
2015-03-06T14:20:18 <heuzef> !muffin strycore
2015-03-06T14:20:22 <Elvon> ok il manque le nom de la personne qui ce prend le muffin
2015-03-06T14:20:23 <Fidzu> Bon ben un bon gros verre de coca ma p'tite berry !
2015-03-06T14:20:43 <heuzef> Elle picole trop
2015-03-06T14:20:50 <Fidzu> !muffin heuzef
2015-03-06T14:20:56 <heuzef> +_o
2015-03-06T14:21:08 <Fidzu> !muffin Elvon
2015-03-06T14:21:30 <Fidzu> Merci bien
2015-03-06T14:21:46 * Elvon s'est protéger avec la porte d'entrée.
2015-03-06T14:22:05 <heuzef> Y'a toujours la ptite présentation de berry d'active ?
2015-03-06T14:22:08 <Elvon> Berry fait gaffe la porte mince!
2015-03-06T14:22:25 <Elvon> je sais pas heuzef
2015-03-06T14:22:26 <heuzef> !list
2015-03-06T14:22:40 <heuzef> !welcome
2015-03-06T14:23:02 <heuzef> !niorphlo
2015-03-06T14:23:05 <heuzef> pfff
2015-03-06T14:23:08 <heuzef> nawak
2015-03-06T14:23:13 <Fidzu> say hello
2015-03-06T14:23:19 <heuzef> !niorph
2015-03-06T14:23:22 <Fidzu> Avec un /?
2015-03-06T14:23:23 <heuzef> :/
2015-03-06T14:24:50 *** heuzef est parti
2015-03-06T14:25:09 *** heuzef s'est connecté
2015-03-06T14:25:20 <Elvon> Berry on as dit qu'il est mineur Fidzu alors stp pas de jeu.
2015-03-06T14:25:37 <Fidzu> mais les 3 on du whisky dedans !
2015-03-06T14:25:46 <Fidzu> Berry !
2015-03-06T14:26:58 <Fidzu> Il y a plus de coca non plus :/
2015-03-06T14:27:28 <Elvon> bien si il te reste ton verre. elle ta laisser 1verre /3 avec du coca seulement
2015-03-06T14:29:26 <Fidzu> En fait j'aime pas le coca. Un verre d'eau s'il te plaît
2015-03-06T14:29:27 <Elvon> Berry profite d'être un peu sobre(lucide plutôt?... ) pour faire nettoyer ton bar, on va avoir de nouveaux pilier ici.
2015-03-06T14:30:46 <Elvon> sur ce j'y go a + les gens X3
2015-03-06T14:30:47 <Fidzu> Non ça c'est de la vodka berry !
2015-03-06T14:30:57 *** Elvon est parti
2015-03-06T14:38:42 *** Cynn s'est connecté
2015-03-06T14:40:03 <Fidzu> Plop
2015-03-06T15:00:36 <heuzef> hello =)
2015-03-06T15:01:16 <heuzef> Cynn ton pseudo ne me dis rien c'est la première fois que tu viens ?
2015-03-06T15:08:36 <strycore> wat wat
2015-03-06T15:08:46 <strycore> contrairement a strycore quoi?
2015-03-06T15:09:01 <strycore> !burrito heuzef
2015-03-06T15:09:34 <heuzef> Les tacos sont supérieurs au burrito
2015-03-06T15:09:37 * strycore lance un burrito sur heuzef 
2015-03-06T15:09:49 * heuzef lance un tacos sur strycore 
2015-03-06T15:10:05 <strycore> de quels burritos tu parles heuzef ?
2015-03-06T15:10:21 <strycore> des vrais ou des français?
2015-03-06T15:10:57 <strycore> la boite Old El Paso ou il y a marqué "burrito" dessus
2015-03-06T15:11:04 <strycore> parce que c'est pas bon oui
2015-03-06T15:11:15 <heuzef> https://www.youtube.com/watch?v=bS2Tp4wfnkU
2015-03-06T15:11:41 <heuzef> Au faite ecoute wonderbolt radio c'est que du metal trop nice
2015-03-06T15:12:27 <strycore> http://www.videojug.com/film/how-to-make-a-chicken-burrito-2
2015-03-06T15:13:23 <heuzef> Hmmmmm
2015-03-06T15:13:25 <heuzef> Nah
2015-03-06T15:13:43 <Fidzu> XD
2015-03-06T15:14:10 <Fidzu> Moi perso j'écoute que radio brony
2015-03-06T15:14:20 <Fidzu> Ils passent de tout c'est cool
2015-03-06T15:14:34 <strycore> tu essaies de me piéger heuzef
2015-03-06T15:14:47 <heuzef> C'est bien pour rester patritique =)
2015-03-06T15:14:52 <strycore> je vois très bien le ponyville
2015-03-06T15:14:52 <heuzef> patriotique*
2015-03-06T15:15:12 <heuzef> Bon spéce d'enfoiré tu t'en va quand ?
2015-03-06T15:15:25 <strycore> Forbidden
2015-03-06T15:15:25 <strycore> You do not have permission to access this document.
2015-03-06T15:15:34 <heuzef> 7 avril ?
2015-03-06T15:15:47 <strycore> mon avion est le 9 avril
2015-03-06T15:16:00 <strycore> mais je pars de Bordeaux avant
2015-03-06T15:16:58 <heuzef> C'est parfait ça tu va pouvoir assister avec nous au live de la saison 5 de MLP le 4 avril :D
2015-03-06T15:17:11 <heuzef> http://www.ponycountdown.com/
2015-03-06T15:17:23 <strycore> ಠ_ಠ
2015-03-06T15:17:40 <strycore> je serais plus a Bordeaux depuis un moment déjà
2015-03-06T15:17:51 <heuzef> Tain t'abuse quand même
2015-03-06T15:18:00 <heuzef> On va pas te revoir avant super longtemps
2015-03-06T15:18:24 <Fidzu> Ils l'on mis a jour ?
2015-03-06T15:18:28 <Fidzu> Le site ?
2015-03-06T15:18:53 <strycore> tu m'a pas vu depuis super longtemps et je suis a Bordeaux :D
2015-03-06T15:19:14 <heuzef> Javion pas la même notion que toi de super longtemps
2015-03-06T15:19:16 <strycore> enfin non t'es passé en coup de vent a Giroll ces derniers temps
2015-03-06T15:19:26 <heuzef> Mon super longtemps et plus super long que ton super longtemps
2015-03-06T15:20:00 <Fidzu> Vous le faites ou le live de la s5 ?
2015-03-06T15:20:11 <strycore> ouais mais pas de beaucoup
2015-03-06T15:20:26 <heuzef> Enfin bref t'es pas venu au dernier meet-up alors que t'avais promis sur la tête de ton hamster
2015-03-06T15:20:39 <strycore> wat
2015-03-06T15:20:48 <strycore> j'avais dis que je viendrai pas
2015-03-06T15:21:09 <heuzef> On t'as attendu et on à pleurer à cause de toi :'(
2015-03-06T15:23:38 <strycore> ಠ_ಠ
2015-03-06T15:23:47 <strycore> j'y crois pas une seule seconde
2015-03-06T15:24:24 <heuzef> Taka demander à Wildefier
2015-03-06T15:24:33 <heuzef> wildfier*
2015-03-06T15:25:01 *** Cynn est parti
2015-03-06T16:05:31 *** ludvann est parti
2015-03-06T16:06:39 *** Fidzu est parti
2015-03-06T16:13:15 *** Fidzu s'est connecté
2015-03-06T16:18:38 *** ludvann s'est connecté
2015-03-06T16:32:43 *** ludvannn s'est connecté
2015-03-06T16:33:15 *** ludvannn est parti
2015-03-06T16:33:51 *** Fidzu est parti
2015-03-06T16:37:01 *** ludvann est parti
2015-03-06T16:48:45 *** ludvann s'est connecté
2015-03-06T17:04:50 *** Fidzu s'est connecté
2015-03-06T18:35:43 *** adriens33 s'est connecté
2015-03-06T18:36:44 *** heuzef est parti
2015-03-06T18:47:44 *** ludvann est parti
2015-03-06T18:48:42 <adriens33> hello
2015-03-06T18:50:06 *** MaCharon est parti
2015-03-06T18:58:00 *** NegaV2 s'est connecté
2015-03-06T19:00:35 <Fidzu> hi
2015-03-06T19:00:41 <Fidzu> !muffin adriens33
2015-03-06T19:00:55 * adriens33 mange le muffin *
2015-03-06T19:00:57 <adriens33> merchi Fidzu
2015-03-06T19:01:04 <adriens33> quoi de neuf chinon ?
2015-03-06T19:01:28 <Fidzu> ben
2015-03-06T19:01:33 <Fidzu> rien depuis la dernière fois
2015-03-06T19:01:46 <adriens33> XD
2015-03-06T19:02:09 <Fidzu> on parlais de la ps, des meet up etc ..
2015-03-06T19:02:31 <adriens33> ps = ?
2015-03-06T19:09:36 <Fidzu> ponysouth
2015-03-06T19:11:15 <adriens33> ahhh
2015-03-06T19:11:32 <adriens33> j'ai du mal avec les abbréviations en général
2015-03-06T19:17:01 *** NegaV2 est parti
2015-03-06T19:21:36 *** ludvann s'est connecté
2015-03-06T19:24:04 *** ludvann est parti
2015-03-06T19:45:59 *** ELiDYROS s'est connecté
2015-03-06T19:46:08 <ELiDYROS> Bonsoir.
2015-03-06T19:46:49 <adriens33> salut ELiDYROS
2015-03-06T19:47:39 <ELiDYROS> Comment va ?
2015-03-06T19:57:16 <Fidzu> SOIR !!
2015-03-06T19:57:21 <Fidzu> bon*
2015-03-06T19:58:58 <adriens33> ELiDYROS> ça peut aller
2015-03-06T19:58:59 <adriens33> et toi ?
2015-03-06T19:59:08 <adriens33> Fidzu> y arriver, tu vas.
2015-03-06T19:59:25 <ELiDYROS> on fait aller disons
2015-03-06T20:04:06 <adriens33> je vois
2015-03-06T20:07:22 <ELiDYROS> mais bon j'ai une nouvelle console, c'est déjà ça lol
2015-03-06T20:07:32 <adriens33> cool
2015-03-06T20:07:33 <adriens33> c'est quoi ?
2015-03-06T20:07:38 <ELiDYROS> PS4
2015-03-06T20:07:42 <adriens33> ok
2015-03-06T20:09:26 <Fidzu> tu as quoi comme jeu de ssu ?
2015-03-06T20:10:04 <ELiDYROS> Dragon Age, Samurai Warriors 4, InFamous First Light, et quelques indés
2015-03-06T20:11:34 <ELiDYROS> Pourquoi ?
2015-03-06T20:11:43 <Fidzu> comme ca
2015-03-06T20:11:50 <Fidzu> moi je l'ai depuis noel
2015-03-06T20:11:52 <Fidzu> 2013
2015-03-06T20:11:54 <Fidzu> mais j'y joue pas
2015-03-06T20:11:55 <Fidzu> XD
2015-03-06T20:13:43 <ELiDYROS> J'ai préféré attendre, et y a quelques imports JP qui me font de l'oeil
2015-03-06T20:14:44 <Fidzu> import JP ?
2015-03-06T20:14:52 <ELiDYROS> imports japonais
2015-03-06T20:14:55 <Fidzu> ah
2015-03-06T20:14:57 <Fidzu> ff ?
2015-03-06T20:15:02 <ELiDYROS> non
2015-03-06T20:15:07 <ELiDYROS> ça sort en France ça
2015-03-06T20:21:11 <ELiDYROS> Sinon quoi de neuf ?
2015-03-06T20:22:42 <adriens33> rien pour ma part
2015-03-06T20:30:57 <ELiDYROS> pourtant ça fait un moment que je suis pas venu
2015-03-06T20:32:30 *** ludvann s'est connecté
2015-03-06T20:32:32 <ludvann> yop !
2015-03-06T20:32:51 <ludvann> et re au passage ^^
2015-03-06T20:33:15 <ludvann> j'adore ma co: 83KB/s
2015-03-06T20:35:19 <adriens33> ELiDYROS> ouai mais bon je passe mes journées à rien faire, ça aide pas
2015-03-06T20:35:26 <adriens33> ludvann> salut
2015-03-06T20:35:39 <ludvann> ça va ,
2015-03-06T20:35:41 <ludvann> ?*
2015-03-06T20:35:50 <adriens33> bof
2015-03-06T20:36:26 <ludvann> je suppose que ça sert à rien de te demander ce que tu as ^^
2015-03-06T20:36:41 <adriens33> rien, juste pas trop d'humeur c'est tout.
2015-03-06T20:36:47 <adriens33> pourquoi tu dis ça ?
2015-03-06T20:36:56 <adriens33> j'ai pas l'habitude de bouffer les gens
2015-03-06T20:36:59 <ludvann> il y a les logs
2015-03-06T20:37:05 <ludvann> : )
2015-03-06T20:37:10 <adriens33> du moins pas tant qu'il y a pas foutage de tronche.
2015-03-06T20:37:15 <adriens33> ouai.
2015-03-06T20:37:27 <adriens33> content que quelqu'un s'en serve.
2015-03-06T20:37:35 <adriens33> (autre que moi j'entends)
2015-03-06T20:37:35 <ludvann> ;)
2015-03-06T20:38:28 <ELiDYROS> je m'en sers aussi
2015-03-06T20:38:36 <ELiDYROS> je check toujours avant de me connecter
2015-03-06T20:38:39 <adriens33> cool
2015-03-06T20:39:00 <ludvann> :)
2015-03-06T20:39:23 <ludvann> j'installe du python sur mon ordi :o
2015-03-06T20:39:34 <adriens33> tu te mets au python ?
2015-03-06T20:39:44 <ludvann> nah
2015-03-06T20:39:56 <ludvann> j'ai des langages en file d'attente
2015-03-06T20:39:56 <adriens33> ah, tu me déçoir.
2015-03-06T20:40:03 <adriens33> *déçois
2015-03-06T20:40:04 <ludvann> pourquoi ?
2015-03-06T20:40:32 <adriens33> c'est bien le python, c'est pas hyper dur à apprendre, c'est clair à lire et utiliser, et c'est puissant.
2015-03-06T20:41:26 <ludvann> oky
2015-03-06T20:41:27 <ludvann> je re
2015-03-06T20:41:36 <ludvann> je switch sous hexchat
2015-03-06T20:41:43 *** ludvann est parti
2015-03-06T20:41:46 *** ludvann_ s'est connecté
2015-03-06T20:41:49 <adriens33> fail
2015-03-06T20:41:57 <ludvann_> re
2015-03-06T20:41:58 <adriens33> bon t'a de la chance, berry est gentille.
2015-03-06T20:42:07 <ludvann_> pourquoi ?
2015-03-06T20:42:09 <ludvann_> ah oui
2015-03-06T20:42:10 <adriens33> ton pseudo
2015-03-06T20:42:35 <ludvann> gentille berry :)
2015-03-06T20:45:06 <ludvann> le retour au dual screen est tellement...
2015-03-06T20:45:10 <ludvann> jouissif :D
2015-03-06T20:45:17 <adriens33> je confirme ludvann
2015-03-06T20:45:19 <ELiDYROS> t'es allé aux anniv à votre QG ?
2015-03-06T20:45:26 <ELiDYROS> adriens33,
2015-03-06T20:45:27 <ludvann> lequel ?
2015-03-06T20:45:27 <adriens33> moi ? non
2015-03-06T20:45:53 <adriens33> j'ai raté les events et le qg c'est bien mais bon etre obligé de payer merci quoi..
2015-03-06T20:46:05 <ludvann> ouais :/
2015-03-06T20:46:14 <ELiDYROS> t'as vu le prix de l'abo pour les 25+ ?
2015-03-06T20:46:17 <ELiDYROS> ouch un peu
2015-03-06T20:46:30 <adriens33> à la limite j'aurais du fric je m'en taperai, mais bon ça tombe hyper mal quoi.
2015-03-06T20:47:28 <ludvann> je suis que lycéen donc l'argent...
2015-03-06T20:47:40 <adriens33> putain mais ouai
2015-03-06T20:47:52 <adriens33> excusez moi, mais il est un peu bete heuzef
2015-03-06T20:48:01 <adriens33> y'a masse de monde ici qu'est meme pas majeur
2015-03-06T20:48:11 <adriens33> alors foutre un QG ou il faut payer pour entrer c'est débile.
2015-03-06T20:48:15 <adriens33> j'avais même pas percuté
2015-03-06T20:48:42 <ludvann> moi aussi sur le moment
2015-03-06T20:48:56 <adriens33> bon après je suis bien d'accord que trouver un truc ou y'a pas besoin de money c'est dur
2015-03-06T20:48:59 <adriens33> mais bon voilà quoi..
2015-03-06T20:49:31 <ELiDYROS> d'ailleurs parlant de mineurs
2015-03-06T20:49:49 <ELiDYROS> c'est étonnant l'age de la majorité des membres
2015-03-06T20:49:53 <ludvann> *a pedobear appeared*
2015-03-06T20:50:01 <ELiDYROS> je crois qu'on est genre deux à avoir plus de 25 ans
2015-03-06T20:50:04 <ELiDYROS> aussi
2015-03-06T20:50:29 <ludvann> désolé ^^'
2015-03-06T20:50:39 <adriens33> ELiDYROS> ouai mais bon c'est comme ça
2015-03-06T20:50:55 <ELiDYROS> t'as pas à être désolé ludvann c'est pas toi qui recrute
2015-03-06T20:51:00 <adriens33> (moi j'en suis pas loin, j'en ai 23 ^^ mais tout le monde s'en tape.)
2015-03-06T20:51:33 <ludvann> ELiDYROS> nah, pour le pedobear
2015-03-06T20:51:34 <adriens33> surtout par rapport à certains membres (je ne dénoncerait personne) dont il faut faire gaffe, surtout par rapport aux mineures.
2015-03-06T20:51:48 <ELiDYROS> erf
2015-03-06T20:51:52 <ludvann> ce n'est pas moi...
2015-03-06T20:52:07 <adriens33> ça aussi, s'il pouvait y avoir du mouvement de ce coté, ça serait bien.
2015-03-06T20:52:17 <adriens33> histoire  de.
2015-03-06T20:52:20 <ludvann> comment ça ?
2015-03-06T20:52:21 <ELiDYROS> dans mon cas je veux dire, à près de 30 ans je me vois mal me pointer à l'anniv des 14 ans de quelqu'un, je sais pas je me sentirais pas  l'aise
2015-03-06T20:52:22 <ELiDYROS> à*
2015-03-06T20:52:32 <adriens33> ELiDYROS> je vois ouai
2015-03-06T20:52:38 <adriens33> pas facile anéfé
2015-03-06T20:53:04 <adriens33> ludvann> à moi "comment ça" ?
2015-03-06T20:53:18 <ludvann> "adriens33> ça aussi, s'il pouvait y avoir du mouvement de ce coté, ça serait bien."
2015-03-06T20:53:25 <ludvann> c'est pour la personne ?
2015-03-06T20:53:32 <adriens33> bah oui --"
2015-03-06T20:53:36 <ludvann> oky
2015-03-06T20:53:39 <adriens33> "<adriens33> surtout par rapport à certains membres (je ne dénoncerait personne) dont il faut faire gaffe, surtout par rapport aux mineures."
2015-03-06T20:53:50 <adriens33> suis, un peu
2015-03-06T20:54:05 <ludvann> j'avais pas très bien capté sur le moment >_<'
2015-03-06T20:54:11 <adriens33> pas grave
2015-03-06T20:54:55 <ELiDYROS> si c'est la personne que je connais ça n'arrivera pas
2015-03-06T20:55:52 <ludvann> qui a un tweeter éxotique ?
2015-03-06T20:57:18 <ludvann> btw je suis devenu accro à ponyville fm x)
2015-03-06T20:57:42 <adriens33> ELiDYROS> oui, c'est bien ça le problème.
2015-03-06T20:58:11 <ELiDYROS> y a conflit d'intérêt
2015-03-06T20:59:35 <Fidzu> c'est vrai que venir a un 15eme anniv  alors qu'on a 25 c chaug
2015-03-06T20:59:36 <Fidzu> chaud
2015-03-06T21:00:20 <ELiDYROS> c'est pas "chaud"
2015-03-06T21:00:48 <ELiDYROS> et puis de toutes façons j'avais pas de cash à ces moments là donc pas d'entrée
2015-03-06T21:00:54 <adriens33> ELiDYROS> oui, c'est pour ça que c'est un problème
2015-03-06T21:01:15 <adriens33> Fidzu> pas chaud, juste tu te sens mal à l'aise quand t'a 10 piges de plus que tout le monde XD
2015-03-06T21:01:47 <ELiDYROS> plutot 15 piges mais bon ça change pas grand chos
2015-03-06T21:01:48 <ELiDYROS> e
2015-03-06T21:02:09 <Fidzu> après on peut feter l'anniv d'un jeune , mature
2015-03-06T21:02:17 <Fidzu> mais tout le monde ne l'est pas ..
2015-03-06T21:02:18 <ludvann> comme moi :D
2015-03-06T21:02:21 <ludvann> lawl
2015-03-06T21:02:26 <Fidzu> ^^
2015-03-06T21:02:59 <ELiDYROS> je sais pas si c'est une excellente idée d'aborder le sujet de la maturité
2015-03-06T21:03:14 <ludvann> pas avec moi dans les parages xD
2015-03-06T21:03:31 <adriens33> je confirme..
2015-03-06T21:03:34 <Fidzu> nan mais je dis ca parce qu'on peut s'ammuser avec des jeune comme des jeunes peuvent s'amuser avec des vieux
2015-03-06T21:03:46 <Fidzu> mais bon après c'est sur qu'on se sent pas trop a sa place
2015-03-06T21:03:56 <Fidzu> moi perso je suis entre les deux donc j'ai pas de soucis a me faire ^^
2015-03-06T21:05:05 <adriens33> Fidzu> ouai à peu près, y'a des gens qui ont la 30aine ici
2015-03-06T21:05:50 <Fidzu> adriens33:oui mais rien ne les oblige a participer aus annivs
2015-03-06T21:06:21 <adriens33> bah justement, les exclure de certains events de facto  a cause de l'age c'est pas juste.
2015-03-06T21:06:34 <Fidzu> on peut rien y faire
2015-03-06T21:06:53 <Fidzu> c'est justement ce qui rend my little pony si exceptionnel
2015-03-06T21:06:57 <adriens33> tain je regarde une vidéo de Bob Lennon en même temps et là il parle de fluttershy j'ai le cerveau qui a buggué XD
2015-03-06T21:06:58 <Fidzu> sa tranche d'age très varié
2015-03-06T21:07:11 <Fidzu> ée
2015-03-06T21:07:40 <adriens33> Bah faudrai avoir plus de "vieux" pour compenser, pour équilibrer un peu quoi
2015-03-06T21:07:41 <adriens33> ^^
2015-03-06T21:08:01 <Fidzu> et puis les vieux peuvent quand meme participer a pas mal d'event
2015-03-06T21:08:10 <Fidzu> meet up, pom, ps
2015-03-06T21:09:12 <adriens33> mouai
2015-03-06T21:09:28 <ludvann> HS: il y a des joueurs de osu! ici pour m'aider à m'échauffer ? :)
2015-03-06T21:10:28 <adriens33> nop
2015-03-06T21:10:53 * ludvann pleure
2015-03-06T21:11:07 <adriens33> gnek gnek
2015-03-06T21:11:14 * adriens33 rit de manière sadique
2015-03-06T21:14:17 <adriens33> sinon, vous faites quoi de bien les gens ?
2015-03-06T21:16:33 <ludvann> osu
2015-03-06T21:16:37 <ludvann> tu veux test ? ^^
2015-03-06T21:17:11 <adriens33> c'est quoi ?
2015-03-06T21:17:44 <ludvann> un jeu de rythme où les beatmaps sont faites par la communautée :D
2015-03-06T21:18:02 <ludvann> et on trouve d tout ainsi que du mlp
2015-03-06T21:18:06 <adriens33> bof
2015-03-06T21:21:16 <ludvann> tanpis ^^
2015-03-06T21:21:25 <adriens33> dsl ^^"
2015-03-06T21:21:35 <ludvann> foiré
2015-03-06T21:21:36 <ludvann> x)
2015-03-06T21:21:40 <adriens33> eh oh
2015-03-06T21:21:48 <ludvann> j'rigole ^^
2015-03-06T21:22:03 <adriens33> mouai
2015-03-06T21:26:28 <Fidzu> faudrais que je test osu^^ en plus j'ai recu ma tabette wacom ( normalement ca se joue sur tablette)
2015-03-06T21:27:13 <ludvann> c'est super sur tablette :D
2015-03-06T21:45:23 *** ELiDYROS est parti
2015-03-06T22:03:35 <ludvann> je m'amuse avec un bot(de pub) sur skype
2015-03-06T22:03:37 *** ELiDYROS s'est connecté
2015-03-06T22:03:41 <ludvann> je m'amuse avec un bot(de pub) sur skype
2015-03-06T22:03:43 <ludvann> re
2015-03-06T22:04:02 <adriens33> re
2015-03-06T22:04:04 <adriens33> pas bonne idée
2015-03-06T22:04:12 <adriens33> sauf si t'aimes les virus
2015-03-06T22:04:37 <ludvann> seulement en utilisant le chat ?
2015-03-06T22:07:50 <adriens33> je sais pas
2015-03-06T22:07:59 <adriens33> peut y avoir des exploits
2015-03-06T22:08:08 <adriens33> ce genre de bot sert à ça généralement
2015-03-06T22:08:40 <ludvann> de tout façon il est bloqué et report
2015-03-06T22:08:51 <ludvann> et c'était pour du pr0n
2015-03-06T22:08:56 <adriens33> tant mieux, c'est ce qu'il faut faire
2015-03-06T22:08:58 <adriens33> ah..
2015-03-06T22:11:46 <ludvann> j'ai foutu de l'eau sur mon bureau donc j'ai essuyé avec du sopa
2015-03-06T22:11:58 <ludvann> j'ai un rouleau de sopa sur mon bureau..
2015-03-06T22:12:10 <ludvann> j'espère que personne ne rentrera dans ma chambre...
2015-03-06T22:12:44 <adriens33> XDD
2015-03-06T22:13:05 <adriens33> t'a du sopalin sur ton bureau pour essuyer du liquide qui s'y est répandu ? =D
2015-03-06T22:13:14 <ludvann> nah
2015-03-06T22:13:15 <ludvann> x)
2015-03-06T22:13:37 <ludvann> je dirais bien ce que c'est mais j'ai pas l'age légal de conso ^^'
2015-03-06T22:13:54 <adriens33> un truc à boire ?
2015-03-06T22:13:57 <adriens33> t'a eu ça où ?
2015-03-06T22:14:02 <ludvann> frigo ^^
2015-03-06T22:14:05 <adriens33> ok..
2015-03-06T22:14:19 <adriens33> c'est genre quoi ?
2015-03-06T22:14:24 <ludvann> une blonde ^^
2015-03-06T22:14:26 <adriens33> ah.
2015-03-06T22:14:30 <adriens33> bah une bière ça va.
2015-03-06T22:14:33 <ludvann> xD
2015-03-06T22:14:42 <adriens33> (tiens v'là l'autre soiffarde XD)
2015-03-06T22:14:50 <Fidzu> Xd
2015-03-06T22:15:06 <adriens33> je connais un mec qui avait renversé du café sur son macbook un jour.
2015-03-06T22:15:19 <ludvann> j'aime :D
2015-03-06T22:15:27 <adriens33> je te laisse imaginer sa tronche.
2015-03-06T22:15:30 <ludvann> xDD
2015-03-06T22:15:38 <adriens33> (du mec, pas du macbook(
2015-03-06T22:15:38 <Fidzu> c'est sur ..
2015-03-06T22:15:47 <Fidzu> gaspiller du café comme ca -.- .....
2015-03-06T22:15:54 <ludvann> ouais...
2015-03-06T22:17:08 <adriens33> j'avoue... XD
2015-03-06T22:17:39 <adriens33> après, j'ai jamais su si c'était du café ou du jus de chaussettes immonde de distributeur automatique.
2015-03-06T22:17:58 <adriens33> (le genre de ce que t'as au taf, pour te faire tenir quand t'es hs XD)
2015-03-06T22:18:30 <ludvann> ^^
2015-03-06T22:56:58 *** Mousstery s'est connecté
2015-03-06T22:57:58 <Mousstery> Coucou tout le monde !
2015-03-06T23:01:44 <adriens33> salut Mousstery
2015-03-06T23:01:55 <Mousstery> Ca va?
2015-03-06T23:02:03 <adriens33> ça peut aller, et toi ?
2015-03-06T23:02:37 <Mousstery> OUIIIII
2015-03-06T23:02:52 <adriens33> tant que ça ? oO
2015-03-06T23:02:55 <Mousstery> Je suis super content d'organiser les premieres POM à Bordeaux :D
2015-03-06T23:03:04 <adriens33> ok ^^
2015-03-06T23:18:02 *** ELiDYROS est parti
2015-03-06T23:18:30 <ludvann> hellow :)
2015-03-06T23:19:02 <adriens33> c'est bien, t'es rapide ludvann
2015-03-06T23:19:12 <ludvann> x')
2015-03-06T23:20:12 *** ELiDYROS s'est connecté
2015-03-06T23:28:17 *** ludvann_ s'est connecté
2015-03-06T23:28:22 <ludvann_> yay re
2015-03-06T23:31:28 *** ludvann est parti
2015-03-06T23:32:28 *** Fidzu est parti
2015-03-06T23:48:12 *** Elvon s'est connecté
2015-03-06T23:48:19 <ludvann_> hellow
2015-03-06T23:49:19 <Elvon> Yeayyyyy!!! Everyponys Demain 15h pour ce qui sont motiver, je propose un jdr pour amateur(si tu aime l'idée de participé a un jdr OSe venir stp)
2015-03-06T23:49:32 <ludvann> ose ?
2015-03-06T23:49:39 <adriens33> ludvann pourquoi ton nick par défaut c'est ludvann_ ? tu peux pas changer  ça dans ton client irc ?
2015-03-06T23:49:42 <Mousstery> Peux pas :c
2015-03-06T23:50:11 <ludvann> adriens33> c'est mon nick secondaire quand ludvann est occupé
2015-03-06T23:50:30 <adriens33> bah pourtant il l'était pas
2015-03-06T23:50:40 <ludvann> si
2015-03-06T23:50:43 <Elvon> une campgne courte (one-shot) sur du Halo:Heros et Hérétiques. tu connais pas Halo Tant mieux cela te permettra d'apprendre ce qu'est vraiment cet univers de space opéra.
2015-03-06T23:50:46 <adriens33> ah vi.
2015-03-06T23:51:08 <ludvann> hum...
2015-03-06T23:51:36 <ludvann> faudra voir selon ma disponibilité, j'ai un rdv avec le master chief :|
2015-03-06T23:52:43 <adriens33> pourquoi, kestafé encore ? XD
2015-03-06T23:52:44 <ludvann> plus sérieusement je sais pas...
2015-03-06T23:52:49 <ludvann> ^^
2015-03-06T23:53:08 *** MaCharon s'est connecté
2015-03-06T23:53:34 <Elvon> Oui je sais que parmis nos petit Brony comme les Grand il y a des Amis du Rôle play, qui n'ose pas participer a des jdr par peur de pas savoir faire. ce qui est normale mais on en apprend tout les jours donvc je vous demande d'oser et de ne pas se sentir con (enfin tu peu mais dans tout les cas tu n'est pas seul)
2015-03-06T23:53:47 <adriens33> "jevous demande d'oser"
2015-03-06T23:53:55 <adriens33> pour des gens qui ont peur comme tu dis
2015-03-06T23:54:01 <adriens33> c'est justement la chose à pas dire
2015-03-06T23:54:23 <Mousstery> Dites,je vais sur la visio quelqu'un vient :c
2015-03-06T23:54:26 <ludvann> x')
2015-03-06T23:54:26 <Mousstery> *?
2015-03-06T23:54:37 <ludvann> j'arrive
2015-03-06T23:55:06 <Elvon> on commence vers 15h les perso ne seront pas long a mettre en place il y aura de la coop et même la possibilter de former des alliance contre-nature (je dirai juste au niveau des faction plutôt que de part leur nature)
2015-03-06T23:55:30 <Elvon> pareil mais je passe sur mon pc portable
2015-03-06T23:56:24 <ludvann> il serait de quel heure à quel heure ?
2015-03-06T23:56:40 *** ELiDYROS_ s'est connecté
2015-03-06T23:56:42 <MaCharon> 15h a 15h
2015-03-06T23:56:51 <MaCharon> XD
2015-03-06T23:57:09 <MaCharon> un petit jdr quoi
2015-03-06T23:57:09 <ludvann> x')
2015-03-06T23:57:37 <ludvann> ouais
2015-03-06T23:57:43 <ludvann> environ 13579864
2015-03-06T23:57:46 <ludvann> h*
2015-03-06T23:57:59 <Elvon> de 15h a 20h max
2015-03-06T23:58:20 <Elvon> les joueur peuvent arriver en cours de partie mais c'est a éviter si possible
2015-03-06T23:58:57 <ludvann> où ça  ?
2015-03-06T23:58:59 *** ELiDYROS est parti
2015-03-06T23:59:04 <ludvann> je pense pouvoir venir
2015-03-06T23:59:10 <Elvon> QG
2015-03-06T23:59:31 <ludvann> oky
2015-03-06T23:59:56 <MaCharon> je viens aussi sans surprise
