2015-03-25T00:41:22 *** TrappyTickles est parti
2015-03-25T07:15:58 *** Fidzu s'est connecté
2015-03-25T08:24:52 *** TrappyTickles s'est connecté
2015-03-25T09:03:15 *** Gordfang s'est connecté
2015-03-25T09:03:59 <Gordfang> yo
2015-03-25T09:07:31 *** heuzef s'est connecté
2015-03-25T09:15:57 <Gordfang> yo heuzef
2015-03-25T09:16:09 <heuzef> yo
2015-03-25T09:20:15 <Gordfang> comment ca évolue?
2015-03-25T09:26:44 <heuzef> Pas bien
2015-03-25T09:27:02 <heuzef> Les mauvaises nouvelles s'enchaîne
2015-03-25T09:27:17 <heuzef> Pour le coup j'ai atteint ma limite aussi
2015-03-25T09:27:28 <heuzef> Je suis malade
2015-03-25T09:27:33 <heuzef> je fais des cauchemards
2015-03-25T09:27:57 <heuzef> Et je me sent tellement impuissant que j'ai une fatigue pesante sur le dos
2015-03-25T09:33:21 <Gordfang> aie
2015-03-25T09:33:30 <Gordfang> perd pas espoir mon amis
2015-03-25T09:36:33 <heuzef> On va essayer
2015-03-25T09:45:51 <Fidzu> Bonjour
2015-03-25T09:46:38 <heuzef> Yo Fidzu =)
2015-03-25T09:46:54 <heuzef> Comment tu va ?
2015-03-25T09:47:34 <Fidzu> crevé je sort d'eps ...
2015-03-25T09:47:41 <Fidzu> Et vous ?
2015-03-25T09:48:13 <heuzef> Je suis navré d'être complétement absent en ce moment, mais la situation me l'oblige :(
2015-03-25T09:48:25 <Fidzu> Ah apparemment c'est pas la forme ? :
2015-03-25T09:48:37 <heuzef> Par contre je tiens absolument à te dire que j'apprécie *beaucoup* ton comportement
2015-03-25T09:49:01 <Fidzu> Mon comportement ?
2015-03-25T09:49:09 <heuzef> Tu as vraiment compris ce qui est important pour le collectif et tu reste enthousiasme malgré certaines difficultés
2015-03-25T09:50:14 <heuzef> Garde confiance ton énergie est vraiment utile, même si parfois les gens sont compliqué et pas très coopérants
2015-03-25T09:51:31 <Gordfang> ? j'ai rater un truc?
2015-03-25T09:53:58 <heuzef> Essaie de fouiller un peu sur l'activité de Fidzu depuis quelques temps, si on avait plus de personne aussi sensible que lui le collectif serait en excellente forme
2015-03-25T09:54:56 <heuzef> Il s'investit et ça fait plaisir à voir ;)
2015-03-25T09:56:12 <Fidzu> La seule chose que je veux c'est le faire de nouveaux amis avec qui on partage la même passion.
2015-03-25T09:57:33 <Fidzu> Même si je sais que certains ne sont pas très intéressé pas les Meetup
2015-03-25T09:58:04 <heuzef> Yep, justement, essaie de voir au delà des meet-up
2015-03-25T09:58:11 <heuzef> Vise plus haut
2015-03-25T09:58:21 <heuzef> Atelier, projet, humanitaire, ...
2015-03-25T09:58:25 <heuzef> Tout est possible
2015-03-25T09:58:37 <Fidzu> Pom, ps, ph et tout le reste à venir
2015-03-25T09:59:12 <heuzef> Oui, d'ailleurs j'ai pas eu de nouvelles de Mousterry pour les POM
2015-03-25T09:59:27 <Fidzu> Pour le moment je ne pense pas être capable d'organiser  quelque chose de trop important.
2015-03-25T09:59:27 <heuzef> Il est un peu jeune et je pense qu'il à besoin d'un coup de main
2015-03-25T09:59:50 <Fidzu> Étant donné que je ne connais pas tout le monde
2015-03-25T10:00:06 <heuzef> Tu ne connais "pas encore"
2015-03-25T10:00:37 <heuzef> Je vais te filer le tel de Moustery, si tu te sent ça lui fera très plaisir d'avoir un soutient pour les POM
2015-03-25T10:00:39 <Fidzu> Sachant  que pom est ce week ebd je pense que je vais m'y pencher pour donner un coup de main
2015-03-25T10:01:09 <Fidzu> OK
2015-03-25T10:01:45 <heuzef> Je t'es envoyé ça en privé
2015-03-25T10:01:49 *** Shinsaber s'est connecté
2015-03-25T10:01:49 <heuzef> bien reçu ?
2015-03-25T10:01:55 <Fidzu> Yep
2015-03-25T10:01:57 <Shinsaber> salut !
2015-03-25T10:02:06 <heuzef> Contact le pour les POM il va être content ;)
2015-03-25T10:02:09 <heuzef> Salut Shinsaber =)
2015-03-25T10:03:12 <heuzef> Pour ma part je vais faire mon possible pour participer aussi
2015-03-25T10:03:27 <heuzef> Si je reste seul je vais très mal finir
2015-03-25T10:03:39 <Fidzu> Je vois ça apres les cours
2015-03-25T10:03:39 <Fidzu> Salut Shinsaber
2015-03-25T10:04:21 <Fidzu> Tu pense être rétabli pour le 4 ?
2015-03-25T10:04:46 <Fidzu> Ou la pom
2015-03-25T10:04:57 <heuzef> D'ici la, soit j’irais un peu mieux
2015-03-25T10:05:04 <heuzef> Soit je serais en deuil
2015-03-25T10:05:38 <Fidzu> Si il te faut du temps, on comprendras
2015-03-25T10:05:44 <heuzef> ;)
2015-03-25T10:06:00 <Fidzu> L'important c'est que tu aille mieux
2015-03-25T10:07:05 <Shinsaber> yop je bug c'est quoi POM XD
2015-03-25T10:07:52 <Fidzu> Ppny's on movie
2015-03-25T10:08:10 <Shinsaber> AAA oki ^^
2015-03-25T10:08:11 <Fidzu> Diimanchev on se regroupe pour aller regarder 3 films
2015-03-25T10:08:41 <Shinsaber> aaa, il faut que je vois quel films c'est ^^
2015-03-25T10:09:02 <Fidzu> Ben je crois que c'est pas encore choisi
2015-03-25T10:09:39 <Fidzu> Je regarderais plus tard la j'ai  contrôle de français -.-
2015-03-25T10:09:40 <Shinsaber> ralala, du coup comment je dit oui ou nom ^^
2015-03-25T10:17:23 *** heuzef est parti
2015-03-25T10:52:13 *** heuzef s'est connecté
2015-03-25T11:49:57 *** heuzef est parti
2015-03-25T11:50:57 *** Gordfang est parti
2015-03-25T11:57:27 *** Gordfang s'est connecté
2015-03-25T12:05:22 *** Elvon s'est connecté
2015-03-25T12:05:48 <Elvon> Bien le Bonjour cher amis
2015-03-25T12:09:53 <Fidzu> Bijour
2015-03-25T12:09:59 * Elvon sens une douce brise caresser son visage. /leVentSeLéve
2015-03-25T12:10:44 <Elvon> ah merci mon cher j'ai cru n'être plus que le seul survivant dans ce Saloon.
2015-03-25T12:11:03 <Elvon> Comment Mr. stagiaire Chef de chantier ?
2015-03-25T12:11:11 <Elvon> comment va*
2015-03-25T12:11:31 <Fidzu> Va très bien .
2015-03-25T12:11:40 <Fidzu> Comment toi va ?
2015-03-25T12:12:25 <Elvon> Sir Glandeur 1er ce porte bien merci de vous en inquièter très cher Fidzu.
2015-03-25T12:12:58 <Elvon> A part mes connerie je pense que je m'en sort bien.
2015-03-25T12:14:06 <Fidzu> Je sort de 2 contrôles
2015-03-25T12:14:17 <Fidzu> J'ai révise pour aucun des deux ..
2015-03-25T12:15:43 <Elvon> Hmmmm et alors ? (ça fait mal ou bien tu t'en ai pas trop mal sortie)
2015-03-25T12:17:26 <Fidzu> Comme toujours j'ai l'impression d'avoir géré ..Mais en fait pas du tout
2015-03-25T12:17:56 <Elvon> daccord ^^ tant mieux c'est déjà ça.
2015-03-25T12:19:40 <Elvon> je reviens j'ai mon pc qui  me demande de redémarrer.
2015-03-25T12:19:45 *** Elvon est parti
2015-03-25T12:30:45 *** Elvon s'est connecté
2015-03-25T12:31:05 <Elvon> Et bien me revoilà
2015-03-25T12:31:08 <Elvon> ^^
2015-03-25T12:33:57 <Fidzu> Maj window ?
2015-03-25T12:34:13 <Elvon> vouais
2015-03-25T12:35:13 *** Gordfang est parti
2015-03-25T13:34:01 *** Gordfang s'est connecté
2015-03-25T14:35:18 *** Fidzu est parti
2015-03-25T14:37:00 <Elvon> a ++ tout le monde
2015-03-25T14:37:02 *** Elvon est parti
2015-03-25T15:28:46 *** Fidzu s'est connecté
2015-03-25T15:30:51 *** adriens33 s'est connecté
2015-03-25T15:30:52 *** Fidzu est parti
2015-03-25T15:31:05 *** Fidzu s'est connecté
2015-03-25T15:48:05 <Gordfang> http://joshng.deviantart.com/art/Rainbow-Rockin-Animation-521841679
2015-03-25T15:48:11 <Gordfang> je pense que tous le monde l'a vu mais bon ^^
2015-03-25T15:57:48 <Shinsaber> nop, moi je l'avais pas encor vu ^^
2015-03-25T15:59:20 <Gordfang> eh bas elle a fait la Front-Page de Imgur c'est un exploit pour un fanart de mlp ^^
2015-03-25T16:01:46 <Fidzu> Elle est passé sur eqd
2015-03-25T16:02:40 <Gordfang> aussi ^^
2015-03-25T16:02:44 <Gordfang> et my little brony
2015-03-25T16:03:30 <Fidzu> Moi je regarde que eqd donc je sais pas pour le reste ^^
2015-03-25T16:04:10 <Gordfang> ^^
2015-03-25T16:05:30 *** Mousstery s'est connecté
2015-03-25T16:05:34 <Mousstery> Bonjour!
2015-03-25T16:05:50 <Gordfang> yo Mousstery
2015-03-25T16:06:12 <Mousstery> heu vous venez Dimanche *croise les doigts* ?
2015-03-25T16:06:34 <Fidzu> Yo
2015-03-25T16:06:59 <Mousstery> car a part toi Fidzu personne viens :/
2015-03-25T16:07:02 <Fidzu> J'allais t'appeler dans pas longtemps ^^
2015-03-25T16:07:03 <Gordfang> dimanche prochain?
2015-03-25T16:07:10 <Gordfang> y a quoi dimanche?
2015-03-25T16:07:17 <Mousstery> ce dimanche,il y a les pom..
2015-03-25T16:07:20 <Fidzu> Dimanche 29 il y a la pom
2015-03-25T16:07:29 <Gordfang> pom?
2015-03-25T16:07:42 <Fidzu> ponys on movie
2015-03-25T16:07:44 <Gordfang> ponies of march?
2015-03-25T16:07:45 <Gordfang> ah
2015-03-25T16:07:48 <Fidzu> Agenda ...
2015-03-25T16:07:51 <Gordfang> :D
2015-03-25T16:07:57 <Mousstery> X)
2015-03-25T16:09:17 <Fidzu> Il y a le lien du site dans la l'agenda
2015-03-25T16:09:31 <Fidzu> Mousstery les films sont choisis ?
2015-03-25T16:09:36 <Mousstery> ben..
2015-03-25T16:09:41 <Mousstery> oui et non..
2015-03-25T16:09:50 <Fidzu> xD
2015-03-25T16:09:55 <Mousstery> A part vous 2 personne a choisi..
2015-03-25T16:10:10 <Mousstery> et 2 de tes films sont retirés.;
2015-03-25T16:10:46 <Gordfang> re
2015-03-25T16:10:50 <Fidzu> Ce soir je fais un mail pour prévenir que c'est dimanche .
2015-03-25T16:10:58 <Fidzu> Ou tu t'en charge ?
2015-03-25T16:11:19 <Mousstery> ben c'est déja noté que c'est dimanche x)
2015-03-25T16:11:39 <Gordfang> je sait pas si je pourrai venir :/, vendredi/samedi j'ai la stack je serai pas forcement super frai et en plus je suis pas très film
2015-03-25T16:11:45 <Gordfang> désolé les gars
2015-03-25T16:11:47 <Fidzu> Oui mais qui tu mail pas,  beaucoup de gens ne serons pas
2015-03-25T16:12:11 <Fidzu> Pour les événements envoi toujours un mail
2015-03-25T16:12:30 <Gordfang> oui la par contre c'est sur, les mails faut en envoyer pour un event
2015-03-25T16:12:35 <Mousstery> ben je vais avoir la responsabilité de choisir 2 de tes films x)
2015-03-25T16:12:39 <Gordfang> faite le assez vite histoire que les gens puisse s'organiser
2015-03-25T16:12:53 <Gordfang> chappie et lazarus project :D
2015-03-25T16:13:07 <Gordfang> un pote m'a dit que chappie est pas mal et lazarus il sonne bien XD
2015-03-25T16:13:09 <Mousstery> lazarus ok ;)
2015-03-25T16:13:23 <Gordfang> roh XD
2015-03-25T16:13:33 <Fidzu> Dans 10 min Je suis chez moi donc je mail, je crée un pôle pour que les gens votent
2015-03-25T16:13:58 <Fidzu> Projet almanac il y est plus ?
2015-03-25T16:14:23 <Mousstery> non :c
2015-03-25T16:14:27 <Fidzu> dmg
2015-03-25T16:15:26 <Mousstery> Big eyes ou Chappie?
2015-03-25T16:15:29 <Fidzu> Mousstery faudras que tu me refasse une liste des films que je fasse un pole
2015-03-25T16:16:42 <Mousstery> ok :)
2015-03-25T16:16:47 <Mousstery> big eyes ou chappie les gens? :c
2015-03-25T16:17:03 <Fidzu> Et a part ça, tu viens le 4 ?
2015-03-25T16:17:24 <Mousstery> le live saison 4?
2015-03-25T16:18:20 <Fidzu> Yep
2015-03-25T16:18:29 <Mousstery> je vais tenter ^^
2015-03-25T16:19:00 <Mousstery> bon chappie a l'air sympa mais me fait penser a real steel
2015-03-25T16:19:11 <Fidzu> Tu as reçu les informations  normalement
2015-03-25T16:19:13 <Mousstery> et big eyes a l'air un peu chiant sur la durée..
2015-03-25T16:19:28 <Fidzu> Chappie == reak steel
2015-03-25T16:19:46 <Mousstery> donc je prend chappie?
2015-03-25T16:20:26 <Fidzu> Mais tu choisis les film maintenant?  Tu veux pas attendre que je mail pour avoir l'avis de tout ceux qui viendrons ?
2015-03-25T16:21:15 <Mousstery> ben je dois écrire l'article aujourd'hui.;
2015-03-25T16:21:29 <Fidzu> Ah ok
2015-03-25T16:21:55 <Mousstery> donc vous preferiez quoi?
2015-03-25T16:22:23 <Fidzu> Tu peux juste redonner la liste des films ?
2015-03-25T16:23:24 *** MaCharon s'est connecté
2015-03-25T16:23:37 <Mousstery> chevalier du zodiaque qui diffuse plus,annie aussi,projet almanac pareil sont indispo
2015-03-25T16:23:42 <Mousstery> les restants :
2015-03-25T16:24:59 <Gordfang> chappie est pas mal et c'est pas le créateur de district 9 donc bon c'est loin du real steel
2015-03-25T16:25:06 <Mousstery> Big eyes,chappie,night run,the voice,lazarus,divergente
2015-03-25T16:26:45 <Mousstery> alors?
2015-03-25T16:28:33 *** Fidzu est parti
2015-03-25T16:28:48 *** Fidzu s'est connecté
2015-03-25T16:28:52 <Mousstery> :datvent:
2015-03-25T16:29:36 <Fidzu> tkt j'ai vue la liste
2015-03-25T16:29:41 <Fidzu> je suis juste passé sur pc
2015-03-25T16:29:47 <Mousstery> tu prefere quoi?
2015-03-25T16:32:13 <Fidzu> big eye à l'air cool
2015-03-25T16:32:17 <Fidzu> mais peu de gens vont acrocher
2015-03-25T16:32:24 <Mousstery> ouais je pense aussi
2015-03-25T16:32:44 <Fidzu> pour moi ce sera chappie, night run
2015-03-25T16:32:47 <Fidzu> et ...
2015-03-25T16:34:02 <Mousstery> le truuuuuuc c'est que night run et lazarus passe a la même partout
2015-03-25T16:34:05 <Mousstery> *heure
2015-03-25T16:34:18 <Mousstery> donc moi je vote lazarus
2015-03-25T16:37:35 <Fidzu> lazarus a l'air pas mal
2015-03-25T16:37:41 <Fidzu> meme si je prefererais night run
2015-03-25T16:38:48 <Fidzu> http://2.bp.blogspot.com/-4vQooVqvQN4/VRHeIMsIpvI/AAAAAAACL9k/mUAN977Ii7Y/s1600/856224__safe_rainbow%2Bdash_animated_cute_3d_cloud_happy_dashabetes_artist-colon-creatorofpony_bouncing.gif cuteness overload
2015-03-25T16:40:04 <Shinsaber> dsl pour cette réponse tardive dans la discutions, mais je vais peu être pouvoir dimanche ^^
2015-03-25T16:40:11 <Shinsaber> donc je regard les film ^^
2015-03-25T16:40:16 <Shinsaber> pour choisir ^^
2015-03-25T16:43:37 <Mousstery> oki :)
2015-03-25T16:44:23 <Fidzu> https://youtu.be/3x89ZqH59D0
2015-03-25T16:45:09 <Mousstery> haan
2015-03-25T16:46:27 <Shinsaber> merde comme je suis au taf, je peu pas me faire les bandes annonce ^^
2015-03-25T16:46:40 <Mousstery> x)
2015-03-25T16:47:01 <Shinsaber> chappie semble simpas ^^
2015-03-25T16:47:20 <Shinsaber> divergente aussi !
2015-03-25T16:47:45 <Fidzu> j'ai pas vu le 1 ca me dis rien
2015-03-25T16:48:29 <Mousstery> bon chappie de 11h00 à 12h50 et quelque
2015-03-25T16:48:31 <Shinsaber> après je sais pas trop
2015-03-25T16:49:56 <Fidzu> Mousstery: on fais deux film le matin, déjeuner et un le soir ?  ou l'inverse ?
2015-03-25T16:50:06 <Shinsaber> il y a pas assez de dessin animée ^^
2015-03-25T16:50:16 <Mousstery> 1 a 11h00
2015-03-25T16:50:29 <Mousstery> 1 vers 14h00 15h00
2015-03-25T16:51:05 <Fidzu> mmh c'est diferent de ce qu'il y a marqué sur le site
2015-03-25T16:51:18 <Mousstery> Ben oui
2015-03-25T16:51:24 <Mousstery> mais le megaplex me dérange tout
2015-03-25T16:51:56 <Fidzu> megaokex ?
2015-03-25T16:52:02 <Fidzu> megaplex*
2015-03-25T16:52:08 <Mousstery> *megarama
2015-03-25T16:52:10 <Mousstery> fail x)
2015-03-25T16:52:42 <Mousstery> mais on se donne rendez vous vers 10h00 devant
2015-03-25T16:52:51 <Mousstery> comme ça on a 1heure pour blablatert
2015-03-25T16:52:59 *** Gordfang est parti
2015-03-25T16:53:33 <Fidzu> bon je commence le mail
2015-03-25T16:56:58 <Shinsaber> si vous refaite un POM, la prochaine fois je veut des dessin animée ^^
2015-03-25T16:57:15 <Mousstery> donc tu viens pas ? :c
2015-03-25T16:57:43 <Fidzu> si tu veux des dessins animés, vient le 4
2015-03-25T16:57:44 <Fidzu> LOL
2015-03-25T16:58:02 <Mousstery> LOL
2015-03-25T16:58:56 <Shinsaber> j'ai de la famille qui passe a bordeaux le 4, j'ai pas encor réussie à les convaincre pour y allez XD
2015-03-25T16:59:17 <Fidzu> erf
2015-03-25T16:59:40 <Mousstery> :(
2015-03-25T17:00:25 <Shinsaber> dans tous les cas j’espère qu'il y aura d'autre évent pour les épisode suivant ^^
2015-03-25T17:00:47 <Fidzu> ben pour des episode en milieu de saison je ne sais pas
2015-03-25T17:00:53 <Fidzu> pour la final oui bien evidement
2015-03-25T17:02:05 <Shinsaber> après pour les épisode en cour de saison dans tous les cas je vais essayer de faire au moins un petit groupe pour regarder entre amis ^^
2015-03-25T17:02:49 <Mousstery> dites le 4
2015-03-25T17:02:54 <Fidzu> ?
2015-03-25T17:03:00 <Mousstery> c'est quel épisode?
2015-03-25T17:03:16 <Shinsaber> 1 et 2 normalement
2015-03-25T17:03:52 <Fidzu> Mousstery: le 4, on regarderas les deux derniers episode de la saison 4, Rainbow rock HD Version longue , puis les 2 premiers episode de la saison 5
2015-03-25T17:04:13 <Mousstery> y'a une version longue de rainbow rocks?
2015-03-25T17:04:44 <Fidzu> ben celle de la New lunar republic n'est pas la version complète
2015-03-25T17:04:48 <Fidzu> il manque des scenes
2015-03-25T17:05:06 <Fidzu> donc moi j'appelle ma version la version longue
2015-03-25T17:05:10 <Mousstery> x)
2015-03-25T17:05:41 <Fidzu> tu as un peu plus de 5 minutes de scenes coupées dans la longue
2015-03-25T17:05:52 <Fidzu> donc deux qui sont importantes
2015-03-25T17:05:56 <Fidzu> dont*
2015-03-25T17:07:42 <Fidzu> Mousstery: pour le mail, je met qu'on regarderas quels films ?
2015-03-25T17:08:13 <Mousstery> juste
2015-03-25T17:08:27 <Mousstery> pour manger je met de 13h à 14h ou de 13 à 15?
2015-03-25T17:08:59 <Fidzu> 15H
2015-03-25T17:09:03 <Fidzu> ou 14H30
2015-03-25T17:09:59 <Mousstery> 14h30 ^^"
2015-03-25T17:15:55 <Mousstery> les gens il y a qu'une séance a 15h00
2015-03-25T17:16:33 <Shinsaber> pour quel film ??
2015-03-25T17:16:52 <Mousstery> divergente 2 :c
2015-03-25T17:17:14 <Mousstery> ah nonn
2015-03-25T17:17:25 <Mousstery> ah siii
2015-03-25T17:17:26 <Mousstery> x)
2015-03-25T17:17:43 <Fidzu> mmmouai
2015-03-25T17:17:59 <Shinsaber> oki il crack tous seul XD
2015-03-25T17:19:42 <Mousstery> ou alors 16-17h50
2015-03-25T17:19:56 <Mousstery> 18-19h
2015-03-25T17:21:11 <Fidzu> c'est quoi les films alors ?
2015-03-25T17:22:07 <Fidzu> parce que si vous allez voir divergente 2, faut que je regarde le 1 .. et j'ai vraiment pâs envi
2015-03-25T17:23:36 <Shinsaber> sa c'est pas faut Fidzu ^^
2015-03-25T17:25:23 <Mousstery> Ou alors...
2015-03-25T17:25:38 <Mousstery> quelqu'un connait 1 deuxiéme cinema a bordeaux?
2015-03-25T17:26:07 <Shinsaber> nop
2015-03-25T17:26:08 <Shinsaber> ^^
2015-03-25T17:27:23 <Fidzu> il y a âs un mega cgr ?
2015-03-25T17:27:50 <Shinsaber> oui je crois !
2015-03-25T17:28:00 <Fidzu> à coté de l'opera
2015-03-25T17:28:11 <Mousstery> tu peux check ? :c
2015-03-25T17:28:35 <Fidzu> https://www.google.fr/maps/place/MEGA+CGR+Le+Fran%C3%A7ais/@44.8419891,-0.5788468,18z/data=!4m2!3m1!1s0x0:0x224c4fb0eac5b638
2015-03-25T17:29:13 <Shinsaber> bon moi je déco ! @+
2015-03-25T17:29:20 *** Shinsaber est parti
2015-03-25T17:30:52 <Mousstery> YES
2015-03-25T17:31:02 <Mousstery> ils passe des films a 15h15
2015-03-25T17:32:11 <Mousstery> doncccccc on passe la journée au méga cgr ou on alterne mégarama-cgr?
2015-03-25T17:32:30 <Fidzu> vaut mieux rester sur un seul cinema
2015-03-25T17:34:34 <Mousstery> ah non enfait ça change pas
2015-03-25T17:34:59 <Mousstery> bon les mecs 2 films au lieu de 3...
2015-03-25T17:36:43 <Mousstery> pas grave?
2015-03-25T17:38:54 <Fidzu> pour moi non
2015-03-25T17:39:01 <Fidzu> c'est lesquelles ?
2015-03-25T17:40:16 *** adriens33_2 s'est connecté
2015-03-25T17:41:09 <Fidzu> Mousstery: ce sera quels film ??
2015-03-25T17:41:22 <adriens33_2> test
2015-03-25T17:41:45 <Mousstery> chappie et lazarus effect ou les nouveaux héros
2015-03-25T17:41:52 <Mousstery> vous préferez quoi?
2015-03-25T17:42:00 <Fidzu> pas les nouveaux hero
2015-03-25T17:42:22 <Fidzu> au cgr il y a les memes films qu'au megarama ?
2015-03-25T17:42:29 <adriens33_2> Ceci est un test de connection depuis mon shell, sans client IRC
2015-03-25T17:42:42 <adriens33> yay ça marche o//
2015-03-25T17:42:46 <adriens33> désolé XD
2015-03-25T17:42:59 <Mousstery> oui fidzu
2015-03-25T17:43:12 <Fidzu> XD
2015-03-25T17:43:13 <Fidzu> ok
2015-03-25T17:43:37 * adriens33_2 pense
2015-03-25T17:43:52 <Mousstery> lazarus ?
2015-03-25T17:44:10 *** adriens33_2 est parti
2015-03-25T17:45:22 <Fidzu> moi je propose ( dans l'ordre des preferences) Chappie, night run, lazarus
2015-03-25T17:45:35 <Fidzu> donc si il n'y a plus night run ben go lazarus
2015-03-25T17:49:30 *** ELiDYROS s'est connecté
2015-03-25T17:52:31 *** adriens31 s'est connecté
2015-03-25T17:54:04 *** adriens31 est parti
2015-03-25T17:54:57 *** adriens33 est parti
2015-03-25T17:59:15 *** adriens33_2 s'est connecté
2015-03-25T17:59:51 <Fidzu> Mousstery: alors ? megarama ou cgr ?
2015-03-25T17:59:59 <Mousstery> megarama
2015-03-25T18:00:19 <adriens33_2> Fidzu> de quoi vous parlez ? :D
2015-03-25T18:00:29 <Fidzu> adriens33_2: pom
2015-03-25T18:01:17 <adriens33_2> Fidzu> Me souviens jamais, c'est quoi pom ? >.<
2015-03-25T18:01:23 <Fidzu> ponys on movie
2015-03-25T18:01:25 <Fidzu> dimanche
2015-03-25T18:02:13 <Mousstery> attendez je demande un truc à l'orgasinatrice
2015-03-25T18:02:24 <adriens33_2> C'est quoi ponies on movie ? ><
2015-03-25T18:02:33 <adriens33_2> Ça m'aide pas beaucoup
2015-03-25T18:03:08 <Fidzu> ben en gros
2015-03-25T18:03:10 <Fidzu> dimanche
2015-03-25T18:03:17 <Fidzu> on se rejoin a un cinoche
2015-03-25T18:03:24 <Fidzu> et on se mate des films
2015-03-25T18:03:30 <Fidzu> et on passe la journée ensemble
2015-03-25T18:03:52 <adriens33_2> Ah, oki ^^
2015-03-25T18:04:09 <Fidzu> ca t'interesse ?
2015-03-25T18:04:48 <adriens33_2> Bah avec des sous certainement ><
2015-03-25T18:04:58 <Fidzu> ouai ..
2015-03-25T18:08:49 <Mousstery> fidzu : http://ponysonmovies.fr/category/bordeaux-p-o-m-du-mois/
2015-03-25T18:09:48 <Fidzu> nickel
2015-03-25T18:10:09 <Fidzu> je fais le mail
2015-03-25T18:12:33 <Fidzu> YOUPIII
2015-03-25T18:12:35 <Fidzu> NIGHT RUN
2015-03-25T18:12:47 <Mousstery> x)
2015-03-25T18:15:42 *** adriens33_2 est parti
2015-03-25T18:55:07 *** Mousstery est parti
2015-03-25T20:08:50 <Fidzu> qui va a l'animasia samedi ?
2015-03-25T20:17:00 <MaCharon> moi
2015-03-25T20:17:07 <ELiDYROS> Quel est le programme ?
2015-03-25T20:17:42 <MaCharon> je me suis pas vraiment renseigné
2015-03-25T20:35:12 <Fidzu> si des gens y vont, faudrais se regrouper
2015-03-25T20:35:33 <Fidzu> si vous y allez, alors j'y vais aussi. je serais avec simplet_42
2015-03-25T21:14:29 <MaCharon> moi je fais des tours a l'animasia donc je serai un peu parttout
2015-03-25T21:14:42 <Fidzu> c'est que je n'y suis jamais allé
2015-03-25T21:14:50 <Fidzu> et si j'y vais c'est avec des bronys ofc
2015-03-25T21:15:20 <MaCharon> ça doit etre ma troisieme année je crois
2015-03-25T21:15:33 <Fidzu> il y a des truc mlp la bas ?
2015-03-25T21:15:38 <Fidzu> ou que manga
2015-03-25T21:15:40 <Fidzu> anilmé
2015-03-25T21:16:07 <MaCharon> ben c'est plus manga et anime mai tu peux y trouver des bronys
2015-03-25T21:16:59 <MaCharon> le theme est "basique" mai les personnes presentes sont variées
2015-03-25T21:20:42 <Fidzu> après moi je suis pas animé
2015-03-25T21:20:46 <Fidzu> donc je sais pas si ...
2015-03-25T21:20:53 <Fidzu> je m'y plairais
2015-03-25T21:24:44 *** ELiDYROS est parti
2015-03-25T21:27:08 *** ELiDYROS s'est connecté
2015-03-25T22:43:19 *** Fidzu est parti
