2015-02-05T00:18:07 *** TrappyTickles est parti
2015-02-05T01:15:39 *** Lenile s'est connecté
2015-02-05T09:09:42 *** heuzef s'est connecté
2015-02-05T09:10:22 <heuzef> plop
2015-02-05T09:30:24 *** heuzef1 s'est connecté
2015-02-05T09:32:17 *** heuzef est parti
2015-02-05T10:03:19 *** TrappyTickles s'est connecté
2015-02-05T11:30:31 *** adriens33 s'est connecté
2015-02-05T11:58:28 *** Gordfang s'est connecté
2015-02-05T12:00:00 <Gordfang> yo adrien33! heuzef1! lenile! TrappyTickles! strycore!
2015-02-05T12:00:46 <strycore> nope
2015-02-05T12:01:00 <adriens33> loupé Gordfang
2015-02-05T12:01:04 <adriens33> t'a oublié un s
2015-02-05T12:01:11 <Gordfang> yep :D
2015-02-05T12:01:13 <adriens33> (tab est ton ami ;) )
2015-02-05T12:01:16 <Gordfang> je l'oublie toujour$
2015-02-05T12:01:18 <adriens33> salut sinon.
2015-02-05T12:01:20 <strycore> http://24.media.tumblr.com/tumblr_m7hhmlXp1j1qgvfs8o1_1280.jpg
2015-02-05T12:01:35 <adriens33> un problème strycore ?
2015-02-05T12:02:29 <strycore> adriens33, nope
2015-02-05T12:02:36 <strycore> enfin si, un
2015-02-05T12:02:56 <strycore> c'est heuzef qui arrive pas a choisir entre heuzef et heuzef1
2015-02-05T12:03:15 <adriens33> bah ça c'est parce qu'il coupe sa co comme un crado à chaque fois
2015-02-05T12:03:22 <adriens33> du coup il se déco pas d'irc
2015-02-05T12:03:34 <adriens33> et apres il est obligé d'attendre le timeout...
2015-02-05T12:04:11 <heuzef> Pas que ça à foutre
2015-02-05T12:04:31 <adriens33> heuzef, un /quit quand même faut pas déconner
2015-02-05T12:04:35 <adriens33> ça prend 2 secondes...
2015-02-05T12:04:54 <adriens33> (et au pire t'a qu'à pas aller sur irc pendant le boulot :P)
2015-02-05T12:05:14 <strycore> t'as qu'a installer znc sur une machine heuzef
2015-02-05T12:05:19 <heuzef> bien vu
2015-02-05T12:05:21 <heuzef> @+
2015-02-05T12:05:22 *** heuzef est parti
2015-02-05T12:06:06 <strycore> merde, il va plus jamais revenir
2015-02-05T12:06:18 <strycore> tout comme il est jamais revenu sur #giroll
2015-02-05T12:06:40 <Gordfang> :p
2015-02-05T12:06:48 <Gordfang> vous l'avais fait fuir c'est con
2015-02-05T12:07:55 <adriens33> *l'avez
2015-02-05T12:11:33 <Gordfang> ech la commence pa toi
2015-02-05T12:11:45 <adriens33> *eh *pas
2015-02-05T12:17:17 <adriens33> :D
2015-02-05T12:55:46 <TrappyTickles> je comprendrai jamais ma femme des fois
2015-02-05T12:55:55 <adriens33> Pourquoi donc ?
2015-02-05T12:56:02 <TrappyTickles> elle ose pas jouer aux derniers jeux zelda parce qu'elle craint ne pas y arriver,
2015-02-05T12:56:15 <TrappyTickles> quand elle était petite, elle a fini little big adventure toute seule
2015-02-05T12:56:22 <adriens33> (bah déjà si elle y joue pas elle peut pas savoir c'est sûr :D)
2015-02-05T12:56:48 <TrappyTickles> (le genre de jeu qui doit avoir la jouabilité la plus pourrie de toute l'histoire du jeu sur pc)
2015-02-05T12:56:56 <adriens33> XD
2015-02-05T12:57:16 <TrappyTickles> genre, me moi lba m'a gonflé à cause de sa jouabilité et sa caméra approximative et tout
2015-02-05T12:57:27 <TrappyTickles> franchement, non, zelda elle peut y arriver lol
2015-02-05T12:57:31 <TrappyTickles> largement
2015-02-05T12:58:44 <Gordfang> skyward sword?
2015-02-05T12:58:57 <TrappyTickles> ouais par exemple ^^
2015-02-05T12:59:18 <TrappyTickles> twilight princess aussi et même ocarina of time.. même les zelda 2d elle peut y arriver :p
2015-02-05T12:59:33 <TrappyTickles> twilight princess, princess twilight.. c'est zarb tiens
2015-02-05T13:02:04 <Gordfang> pas la même princesse
2015-02-05T13:02:30 <TrappyTickles> nope mais ça me donne une idée de crossover a faire sur sfm à l'occase :p
2015-02-05T13:05:15 <Gordfang> nope on touche pas a midna elle a deja trop la classe comme tel
2015-02-05T14:29:07 *** heuzef s'est connecté
2015-02-05T14:45:48 <strycore> hey c'est heuzef !!!11!
2015-02-05T14:46:06 <heuzef> :P
2015-02-05T14:53:17 *** adriens33 est parti
2015-02-05T15:04:41 *** adriens33 s'est connecté
2015-02-05T15:11:24 *** heuzef est parti
2015-02-05T15:45:30 *** heuzef s'est connecté
2015-02-05T16:03:15 *** DarkNight5047 s'est connecté
2015-02-05T16:03:42 <DarkNight5047> cc
2015-02-05T16:06:29 <heuzef> yop
2015-02-05T16:15:40 *** heuzef est parti
2015-02-05T16:16:15 *** heuzef s'est connecté
2015-02-05T16:16:16 *** heuzef est parti
2015-02-05T16:16:55 *** heuzef s'est connecté
2015-02-05T16:44:10 *** DarkNight5047 est parti
2015-02-05T17:50:03 *** MaCharon s'est connecté
2015-02-05T17:50:10 <MaCharon> alut
2015-02-05T17:50:18 <MaCharon> salut*
2015-02-05T18:14:53 *** Petit_Cotton s'est connecté
2015-02-05T18:24:36 *** Lenile est parti
2015-02-05T18:24:44 *** Lenile s'est connecté
2015-02-05T18:24:45 <Lenile> Bouyachaka !
2015-02-05T18:29:30 <Lenile> adriens33:
2015-02-05T18:29:34 <Lenile> adriens33 ?
2015-02-05T18:41:25 <Petit_Cotton> Je suppose qu'il est occupé.
2015-02-05T18:42:24 <Lenile> Surement
2015-02-05T18:42:29 <Lenile> Je reeboot
2015-02-05T18:42:36 *** Lenile est parti
2015-02-05T18:47:33 *** heuzef est parti
2015-02-05T18:52:18 *** Lenile s'est connecté
2015-02-05T18:52:21 <Lenile> adriens33 ?
2015-02-05T18:55:57 <Lenile> Personne n'a le lien IRC pour Xchat irc sous nunux ?
2015-02-05T18:56:12 <MaCharon> nope
2015-02-05T18:58:17 <Lenile> Toi aussi apprend à utilisé linux avec Lenile o/
2015-02-05T19:07:26 <Petit_Cotton> Le lien IRC de quoi ?
2015-02-05T19:07:48 <Lenile> pour l'entré dans Xchat
2015-02-05T19:07:55 <Lenile> Sous ubuntu 14.10$
2015-02-05T19:11:26 <Petit_Cotton> Je comprends pas ce que tu veux faire, l'installer ?
2015-02-05T19:11:40 <Lenile> Nan
2015-02-05T19:12:24 <Lenile> Sur Xchat tu peut add des serveur IRC
2015-02-05T19:12:27 <Petit_Cotton> Ah
2015-02-05T19:12:35 <Petit_Cotton> tu veux l'adresses du serveur donc
2015-02-05T19:12:36 <Lenile> Mais faut une sorte d'adresse$
2015-02-05T19:12:38 <Lenile> VOILA
2015-02-05T19:12:52 <Petit_Cotton> Bah j'utilise un client aussi, suffisait de demander
2015-02-05T19:13:17 <Lenile> Justement c'est se que je fait o./
2015-02-05T19:13:29 <Lenile> J'essaye d'apprendre à utilisé Linux
2015-02-05T19:13:54 <Petit_Cotton> Ok
2015-02-05T19:14:01 <Petit_Cotton> Les clients fonctionnent tous pareil, quelque soit l'OS
2015-02-05T19:14:35 <Lenile> Ouais mais j'utilise pas de client sous mon windows
2015-02-05T19:14:41 <Petit_Cotton>  irc.freenode.net
2015-02-05T19:14:41 <Lenile> Mon windows c'est que du jeux
2015-02-05T19:14:46 <Petit_Cotton> Port 6667
2015-02-05T19:15:01 <Petit_Cotton> C'est sur la page lié au site de BC d'ailleurs
2015-02-05T19:15:06 <strycore> hmm
2015-02-05T19:15:26 <strycore> freenode est le serveur par défaut configuré sur xchat
2015-02-05T19:15:33 <Petit_Cotton> lol
2015-02-05T19:16:21 <Petit_Cotton> Il est aussi dans ma liste parmi tant d'autre dans HexChat
2015-02-05T19:17:18 <TrappyTickles> t'avais jamais essayé linux avant Lenile ?
2015-02-05T19:17:23 <TrappyTickles> oi au nouveau en passant
2015-02-05T19:17:39 *** lenile-sharm_ s'est connecté
2015-02-05T19:17:43 <lenile-sharm_> Yessss o/$
2015-02-05T19:18:44 *** Lenile est parti
2015-02-05T19:19:01 *** Lenile s'est connecté
2015-02-05T19:19:08 *** lenile-sharm_ est parti
2015-02-05T19:19:31 <Lenile> C'est tellement mieux :)
2015-02-05T19:20:46 <Petit_Cotton> Profites en pour register ton nick
2015-02-05T19:20:54 <Lenile> Hein ?
2015-02-05T19:20:59 <strycore> et installer hexchat https://hexchat.github.io/
2015-02-05T19:21:25 <Lenile> s'quoi Hex Chat ?
2015-02-05T19:21:43 <strycore> c'est la version maintenue de xchat
2015-02-05T19:21:53 <Lenile> Kay !
2015-02-05T19:22:32 <strycore> ouais sauf que c'est pas dans les dépots
2015-02-05T19:22:34 <strycore> https://launchpad.net/~gwendal-lebihan-dev/+archive/ubuntu/hexchat-stable
2015-02-05T19:22:39 <Petit_Cotton> En plus hexchat est multi os
2015-02-05T19:22:43 <Petit_Cotton> ce qui est choutte
2015-02-05T19:22:45 <Petit_Cotton> chouette
2015-02-05T19:23:00 *** Elvon s'est connecté
2015-02-05T19:23:56 <strycore> ah si c'est dans les dépots depuis trusty
2015-02-05T19:24:01 <Elvon> Bonsoir EveryPonies!!
2015-02-05T19:24:09 <Petit_Cotton> Salut Elvon
2015-02-05T19:24:58 <Lenile> Petit_Cotton tu peut me renvoyer le lien de l'irc ?
2015-02-05T19:25:21 <Petit_Cotton>  irc.freenode.net:6667
2015-02-05T19:25:21 <Lenile> Ouais du coup pas besoin d'add les ppa o/$
2015-02-05T19:27:10 *** Lenile1 s'est connecté
2015-02-05T19:27:15 <Elvon> Hay Petit_Cotton Hajimemashite Ninthnight Elvon Desu! Yoroshiku
2015-02-05T19:27:32 *** Lenile1 est parti
2015-02-05T19:27:42 *** Lenile1 s'est connecté
2015-02-05T19:27:58 *** Lenile1 est parti
2015-02-05T19:28:10 *** Lenile est parti
2015-02-05T19:28:22 <Elvon> Berry-Punch qu'est-ce que ta foutu avec la vodka ?
2015-02-05T19:28:45 <MaCharon> slt Elvon
2015-02-05T19:29:09 *** Lenile s'est connecté
2015-02-05T19:29:10 <Lenile> VOUALA
2015-02-05T19:29:13 <Elvon> Je me disais bien que le placard ce vider a une vitesse ces derniers temps...
2015-02-05T19:29:45 <Elvon> Hey comment va mon MaCharon a la menthe ?
2015-02-05T19:30:07 <MaCharon> j'aime pas la menthe
2015-02-05T19:31:28 <Elvon> Faut pas jouer les Maho-shojo d'eau alors.
2015-02-05T19:31:48 <MaCharon> je vois pas le rapport
2015-02-05T19:32:23 <Elvon> moi je vois pas le quel parfum associer a ton pseudo ...
2015-02-05T19:32:25 <Elvon> ^^
2015-02-05T19:32:35 <Petit_Cotton> Fraise.
2015-02-05T19:33:13 <Elvon> Petit_Cotton tu a lut mon msg plus haut ?
2015-02-05T19:34:17 <Elvon> et ouais je suis pas sure que fraise ça lui, Aïe ! euh que cela lui irait biens comment parfum.
2015-02-05T19:34:38 <MaCharon> c'est bon la fraise
2015-02-05T19:34:54 <Lenile> Pistache
2015-02-05T19:35:53 <MaCharon> mouais mais trop de pistache tue la pistache
2015-02-05T19:36:05 <Petit_Cotton> 初めましてElvonさん、よろしくな。
2015-02-05T19:39:10 <Elvon> Et pis Stache!!!!
2015-02-05T19:40:56 <Elvon> Petit_Cotton tu a traduit ou tu ma répondut (me sens tout nul maintenant, les gens ils écrives les KAnji/kana et moi je ne peut pas apprendre a les lires... Font chier les écrivain de méthodes sont pas gratuit leur foutu bouquin)
2015-02-05T19:41:13 <Petit_Cotton> Je t'ai salué à mon tour.
2015-02-05T19:41:51 <Lenile> Elvon j'ai apprit le japonais en solo durant 3 ans
2015-02-05T19:42:03 <Lenile> Kanji, romanji
2015-02-05T19:42:08 <Lenile> etc etc etc...
2015-02-05T19:43:49 <Elvon> j'ai pour apprendre a parler et développer mon vocabulaire mais... pas pour lire et écrire. donc orale ou romanji pour l'instant. je m'en sort pas si mal mais je n'arrive pas structurer mes exo du coup j'avance pas vite du tout.
2015-02-05T19:47:29 <Petit_Cotton> Moi j'ai pas mal perdu depuis la fin de la fac
2015-02-05T19:47:48 <Lenile> Perso j'ai tout perdu depuis 3 ans sans parlé ni pratiqué
2015-02-05T19:47:52 <Petit_Cotton> J'arrive encore à jouer à des jeux en JP si y a voix + textes
2015-02-05T19:47:59 <Lenile> Le japonais c'est asser simple à apprendre
2015-02-05T19:48:04 <Lenile> mais ça s'oubli à une vitesse u.u
2015-02-05T19:48:21 <Petit_Cotton> Faut avoir des contacts avec qui parler souvent
2015-02-05T19:48:31 <Petit_Cotton> Ou au moins lire/écire de temps en temps
2015-02-05T19:50:37 <Lenile> Ouaip'
2015-02-05T19:50:43 <Elvon> j'ai pas oser retourner sur un serveur Vocal EN/JAP qui fait (multigaming/Apprentissage des langue avec des vrais prof)
2015-02-05T19:50:45 <Lenile> Bah j'ai aps lu ni écrit  depuis 3 ans
2015-02-05T19:51:36 <Elvon> je suis obliger d'avoir et mon dico d'anglais et mon dico de japonais...
2015-02-05T19:51:49 <Petit_Cotton> Pourquoi dico d'anglais ?
2015-02-05T19:56:32 *** Lenile est parti
2015-02-05T20:03:21 <Elvon> et bien le serveur est EN/JP et il y a biend un asiatique ou 2 qui comprenne 1 ou 2 mots FR mais c'est surtout Bilingue EN/JP
2015-02-05T20:05:04 <Elvon> J'ai un lvl 6eme en anglais et a l'orale je comprend pas trés bien donc un dico pour parvenir suivre une discussion. mais c'est pas simple ... Ils parlent trop Vite --"
2015-02-05T20:06:01 <Elvon> alors je pose mon Sound dans un salon prévue pour et là plus besoin de dico ou de suivre la discussion X3
2015-02-05T20:06:45 <Elvon> pour les intéresser je file le lien du site du serv: http://www.kotobaminers.org/
2015-02-05T20:08:31 <Petit_Cotton> Ah ok
2015-02-05T20:08:42 <Petit_Cotton> Perso j'ai toujours été assez à l'aise en anglais
2015-02-05T20:14:54 *** Lenile s'est connecté
2015-02-05T20:17:36 <Lenile> League of legend c'est un jeux trop simple:C
2015-02-05T20:18:16 <MaCharon> wesh t'a un probleme avec LoL ? :3
2015-02-05T20:19:16 <Petit_Cotton> LoL = Poop
2015-02-05T20:19:44 <MaCharon> dans LoL il y a Sona donc non
2015-02-05T20:22:36 <Elvon> LoL= Rampage Of RAGE
2015-02-05T20:22:51 <MaCharon> aussi
2015-02-05T20:25:50 <Elvon> c'est pour ça qu'il trône Fièrement sur mon bureau et qu'il est a jour, mais que je n'y touche plus.
2015-02-05T20:26:28 <Lenile> Moi j'ai une Zyra OP qui fait rage tout le monde
2015-02-05T20:26:33 <Lenile> Vu que je sais parfaitement la joué
2015-02-05T20:26:37 <Lenile> Je gagne toutes mes games xD
2015-02-05T20:26:41 <MaCharon> avec le skin de Sona qui ramene son cul je vais geek sur LoL
2015-02-05T20:27:03 <Lenile> Zyra Carry AP Mid c'est meurtirer
2015-02-05T20:27:17 <MaCharon> ouai c'et kiffant
2015-02-05T20:27:21 <Lenile> xD
2015-02-05T20:27:27 <MaCharon> c'est*
2015-02-05T20:27:33 <Lenile> Des fois je Ks sans le vouloir
2015-02-05T20:27:37 <Lenile> J'ai trop de dégats :c
2015-02-05T20:27:52 <MaCharon> c'est le risque
2015-02-05T20:27:53 <Lenile> Dailleur MaCharon cher toi aussi le chat lol est down ?*
2015-02-05T20:28:12 <MaCharon> je sais pas je suis pas dessus la
2015-02-05T20:28:16 <Lenile> Ha
2015-02-05T20:28:56 <Elvon> moi je Feed mes ennemies aussi parce que je fait des games Annuel et qu'il y a toujours des truc chiant quand tu joue pas a toute les màj... mais bon j'ai bien aimer y jouer au début
2015-02-05T20:30:05 <MaCharon> moi je perd mes games car mes carry son plus que pourri
2015-02-05T20:30:32 <MaCharon> des fois je carry a leur place
2015-02-05T20:30:42 <Lenile> Tes support ?
2015-02-05T20:30:47 <MaCharon> ouai
2015-02-05T20:30:51 <Lenile> Aoutch
2015-02-05T20:30:57 <Lenile> J'aime pas support  u.u
2015-02-05T20:31:01 <Lenile> Du coup j'me suis spé mid
2015-02-05T20:31:21 <MaCharon> j'aime bien mais c'est dur de trouver un bon carry
2015-02-05T20:32:44 <Elvon> bon ma soupe et servie donc je vous dit bonne nuit et a demain si jamais et a samedi Dans tout les cas pour MaCharon et Lenile après je sais pas pour les autres gens ^^".
2015-02-05T20:32:47 *** Elvon est parti
2015-02-05T21:19:34 <Lenile> Encore gagné
2015-02-05T21:19:51 <Lenile> 16/12/17
2015-02-05T21:19:59 <Lenile> ils m'ont tous ks ces enculers
2015-02-05T21:20:36 <Lenile> Rabadoin / Zonya / Liandry / Vide / Riley
2015-02-05T21:20:43 <Lenile> T'en pense quoi MaCharon ? xD
2015-02-05T21:34:27 *** Petit_Cotton est parti
2015-02-05T21:35:03 *** Petit_Cotton s'est connecté
2015-02-05T21:36:17 <MaCharon> ah ben c'est sur ça fait mal
2015-02-05T23:29:06 *** MaCharon est parti
