2015-02-15T00:03:11 *** TrappyTickles est parti
2015-02-15T02:24:38 *** flutterbrony s'est connecté
2015-02-15T02:25:31 *** flutterbrony est parti
2015-02-15T08:32:04 *** ELiDYROS est parti
2015-02-15T09:55:41 *** Lenile est parti
2015-02-15T10:18:07 *** strycore_ s'est connecté
2015-02-15T10:20:44 *** Lenile s'est connecté
2015-02-15T10:31:41 *** strycore est parti
2015-02-15T10:45:26 *** Yvan33 s'est connecté
2015-02-15T10:45:43 <Yvan33> hello
2015-02-15T11:53:44 *** Yvan33 est parti
2015-02-15T13:42:34 *** TrappyTickles s'est connecté
2015-02-15T14:18:38 *** Gordfang s'est connecté
2015-02-15T14:21:36 <Gordfang> yo!
2015-02-15T15:55:42 *** Lenile est parti
2015-02-15T16:01:38 *** Gordfang est parti
2015-02-15T18:10:17 *** Lenile s'est connecté
2015-02-15T18:10:21 <Lenile> Yop
2015-02-15T20:51:51 *** Lenile est parti
2015-02-15T21:59:00 *** ELiDYROS s'est connecté
2015-02-15T21:59:02 *** ELiDYROS est parti
