2015-02-13T00:06:04 *** Simplet_42 est parti
2015-02-13T00:13:36 *** adriens33 est parti
2015-02-13T00:57:21 *** Gordfang est parti
2015-02-13T01:39:22 *** MaCharon est parti
2015-02-13T09:26:49 *** heuzef s'est connecté
2015-02-13T09:51:04 *** TrappyTickles s'est connecté
2015-02-13T10:49:37 *** heuzef est parti
2015-02-13T10:55:14 *** heuzef s'est connecté
2015-02-13T11:20:58 *** ELiDYROS s'est connecté
2015-02-13T11:38:16 *** heuzef est parti
2015-02-13T12:13:53 *** MaCharon s'est connecté
2015-02-13T12:52:54 *** MaCharon est parti
2015-02-13T13:52:10 *** heuzef s'est connecté
2015-02-13T14:05:47 *** heuzef est parti
2015-02-13T14:06:23 *** heuzef s'est connecté
2015-02-13T14:27:57 <strycore> hey c'est heuzef!
2015-02-13T14:28:11 <heuzef> Hey strycore !! =D
2015-02-13T14:28:20 * heuzef danse avec strycore 
2015-02-13T14:28:40 <strycore> pouce en l'air http://www.firewall-services.com/media/image/visuel_solutions.jpg
2015-02-13T14:28:58 <heuzef> Lance ta radio !
2015-02-13T14:29:07 <strycore> ah
2015-02-13T14:29:17 <strycore> mais ça va être electro alors
2015-02-13T14:29:46 <heuzef> Yay !
2015-02-13T14:30:02 <heuzef> F5
2015-02-13T14:30:03 <strycore> (des années 90)
2015-02-13T14:30:04 <heuzef> F5
2015-02-13T14:30:06 <heuzef> F5
2015-02-13T14:30:08 <heuzef> grrr
2015-02-13T14:30:10 <heuzef> F5
2015-02-13T14:30:16 <strycore> ouais
2015-02-13T14:30:21 <heuzef> F5
2015-02-13T14:30:23 <heuzef> F5
2015-02-13T14:30:31 <heuzef> Tu branle quoi aller
2015-02-13T14:30:32 <strycore> comme si ça prennais 5 secondes de programmer une émission
2015-02-13T14:31:06 <heuzef> bouf !
2015-02-13T14:31:15 <heuzef> Tay nul
2015-02-13T14:32:55 <strycore> dans 3min30
2015-02-13T14:33:54 <heuzef> Je veux "im blue"
2015-02-13T14:34:03 <strycore> http://radio.strycore.com/stream
2015-02-13T14:34:05 <strycore> non
2015-02-13T14:34:08 <heuzef> dabeudi dabeudaaïïi :D
2015-02-13T14:34:09 <strycore> c'est de la merde ça
2015-02-13T14:34:16 <strycore> et je l'ai pas
2015-02-13T14:34:26 <heuzef> !muffin strycore
2015-02-13T14:34:41 <heuzef> Pas dla mairde >:O
2015-02-13T14:34:42 <strycore> je l'ai sur ma chaine électro je crois
2015-02-13T14:34:49 <strycore> sur mtv.strycore.com
2015-02-13T14:35:12 <heuzef> Bon et ton flux est silencieux
2015-02-13T14:35:20 <strycore> j'ai dis 3min30!!!!
2015-02-13T14:35:31 <strycore> encore 1 min
2015-02-13T14:35:56 <strycore> c'est programmé a des heures précises
2015-02-13T14:35:57 <heuzef> Trop long, je m'en vais
2015-02-13T14:36:03 * heuzef s'en va
2015-02-13T14:36:07 <strycore> tss
2015-02-13T14:36:46 <heuzef> haaaaaa !
2015-02-13T14:36:50 <heuzef> (comme au ciné)
2015-02-13T14:36:56 <strycore> OUI
2015-02-13T14:37:11 <strycore> au cin'e tu demande pas que le film commence avant
2015-02-13T14:37:18 <strycore> juste parce que t'es assi
2015-02-13T14:37:19 <heuzef> Bon chut maintenant j'essaie d'écouter
2015-02-13T14:37:24 <heuzef> mais tu fait trop de bruit
2015-02-13T14:37:49 * strycore mange du popcorn juste a coté des oreilles d'heuzef
2015-02-13T14:38:12 * heuzef mange un muffin chocolat coeur caramel
2015-02-13T14:38:16 <heuzef> chomp :3
2015-02-13T14:38:42 <heuzef> Pour l'instant c'est pas mal du tous !
2015-02-13T14:39:24 <heuzef> Tu remonte dans mon estime moi qui pensais que tu te shoot au metal toute la journée
2015-02-13T14:39:47 <strycore> tssk
2015-02-13T14:39:59 <strycore> je peux te faire des playlisthip
2015-02-13T14:40:02 <strycore> hip hop
2015-02-13T14:40:05 <strycore> post-punk
2015-02-13T14:40:18 <strycore> classic rock
2015-02-13T14:40:57 <strycore> juste pas de la progressive trance moisie des années 2010
2015-02-13T14:42:50 <heuzef> C'est con parceque moi c'est la trance que je kiff
2015-02-13T14:43:12 <heuzef> Après tu peux en mettre d'autre année m'en fou
2015-02-13T14:43:22 <heuzef> Mais la ce style j'aime beaucoup ^^
2015-02-13T14:43:49 <heuzef> Ca me change, je fait une overdose des radio brony tellement j'en ai écouté
2015-02-13T14:44:04 <heuzef> J'ai même finit sur une radio brony russe :/
2015-02-13T14:44:25 <heuzef> Mais c'est ultra fun à écouté entre leur accent les poney et la vodka y'a un mélange assez puissant
2015-02-13T14:44:34 <heuzef> Je sais berry :3
2015-02-13T14:45:09 <strycore> ಠ_ಠ
2015-02-13T14:56:18 *** ELiDYROS est parti
2015-02-13T14:59:28 <strycore> voila t'en as de la trance heuzef
2015-02-13T14:59:39 <heuzef> ;)
2015-02-13T15:00:07 <strycore> 1992
2015-02-13T15:06:37 <heuzef> http://www.quickmeme.com/img/85/85e2e2786e31b45e41f09132069c7727491e02f78de43e1484b0d1a9bcee0916.jpg
2015-02-13T15:07:13 <heuzef> Je plaisante c'est bien cool et pourtant à la base je déteste les années 80-90
2015-02-13T15:10:06 <strycore> comment çA?
2015-02-13T15:10:10 <strycore> musicalement?
2015-02-13T15:19:07 <heuzef> Plutot en générale
2015-02-13T15:19:16 <heuzef> Bonne grosse époque de merde
2015-02-13T15:19:55 <strycore> !!!
2015-02-13T15:20:16 <strycore> comparé à?
2015-02-13T15:20:18 <strycore> 2015?
2015-02-13T15:20:36 <heuzef> :P
2015-02-13T15:24:00 <strycore> To be fair, I did nazi that coming. I came here to say this but boy, that escalated quickly so to the top with you! Lost it at 'This is why we can't have nice things' and then my faith in humanity was restored, my mind blown, and manly tears were shed. Well said. As a 'murican, I can confirm this gem has just won the internet and is doing it right. Just sayin', I know that feel, bro, and while that was a risky click, this post was a 9/10, w
2015-02-13T15:24:01 <strycore> ould read again. I see what you did there and it feels good man. You're doing God's work, son. I laughed way harder than I should have at your list that seems legit and totally nailed it. You - I like you. You magnificent bastard; you, sir, are so brave, a gentleman and a scholar, and seeing how you are a redditor for 4 years, this checks out, so I'll allow it. I regret that I only have one upvote to give for this cool story, bro. CTRL+F "a
2015-02-13T15:24:01 <strycore> bout tree fiddy" was not disappointed. Wait, why do I have you tagged as "NOPE NOPE NOPE"? Nice try, you monster. What did I just read? Dafuq? I read that as "YOU HAD ONE JOB". I can't fap to this. No true scotsman could see that this relevant XKCD was bad, and you should feel bad. You must be new to reddit, so I'll see your cakeday and raise you a karma train. One does not simply rustle my jimmies, not even once. This stahp gave me cancer
2015-02-13T15:24:08 <strycore> for science, so that's enough internet for me today. OP is a fuzzy little man-peach, 2/10, would not bang. What is this I don't even know how is this wtf? Circlejerk must be leaking. This will get buried but brace yourselves, some men want to watch the world burn right in the feels. When you see it, they'll KILL IT WITH FIRE! But this has nothing to do with atheism. Lawyer up, delete facebook, hit the gym, and SHUT UP AND TAKE MY MONEY, sai
2015-02-13T15:24:13 <strycore> d no one ever, so you wouldn't download a strawman. Damn onions, you scary like a BOSS. whoosh. Since rule #1 is 'be attractive', I'll just leave this here: This is my [f]irst post, be gentle. I have the weirdest boner right now. /thread.
2015-02-13T15:27:11 <heuzef> Ok, par contre celle qui passe la elle est violente
2015-02-13T15:27:30 <strycore> violente dans quel sens ?
2015-02-13T15:27:40 <heuzef> Je suis en surkiff
2015-02-13T15:27:57 <strycore> violente comme un mélange de Darkthrone + Mayhem + Obituary ?
2015-02-13T15:28:29 <strycore> j'ai cherché d'autres morceaux de D Kay
2015-02-13T15:28:31 <heuzef> Me fait penser à FatBoySlim le genre
2015-02-13T15:28:33 <heuzef> trop bon
2015-02-13T15:28:39 <strycore> et c'était vraiment moins bien
2015-02-13T15:28:53 <strycore> c'est de la jungle
2015-02-13T15:41:42 <heuzef> strycore ?
2015-02-13T15:42:04 <heuzef> Trop creepy :( tu peux switch ?
2015-02-13T15:42:20 <strycore> !!
2015-02-13T15:42:29 <strycore> alors déjà non je peux pas switch
2015-02-13T15:43:00 <strycore> j'utilise un soft de radio professionel, c'est pas winamp
2015-02-13T15:43:16 <strycore> et en quoi c'est creepy?
2015-02-13T15:43:59 <strycore> c'est fini de toute façon
2015-02-13T15:44:54 <strycore> j'espère qu'avec 3 morceaux de trance tu sera remis de toutes ces émotions creepesques
2015-02-13T15:46:51 <heuzef> T'arrête de râler oui
2015-02-13T15:47:15 <heuzef> Mange un muffin et du chocolat
2015-02-13T15:47:18 <strycore> mais c'est toi qui rale que la musique te fait peur et tout :D
2015-02-13T15:47:30 <strycore> tu peux pas te nourrir de muffins
2015-02-13T15:47:35 <strycore> c'est pas équilibré
2015-02-13T15:47:46 <heuzef> C'est pour ça que je mange du chocolat aussi
2015-02-13T15:47:55 <strycore> toi, t'as besoin d'une application web et mobile pour surveiller ton alimentation
2015-02-13T15:48:01 <heuzef> xD
2015-02-13T15:48:12 <heuzef> Ho le con !
2015-02-13T15:49:02 <heuzef> Je vais faire comme tous les kéké et je vais mettre un bracelet konaiktay parceque c'est trop trop utile quoi
2015-02-13T15:49:42 <strycore> j'hésite a m'en prendre un
2015-02-13T15:49:49 <strycore> pour monitorer mon sommeil
2015-02-13T15:49:54 <heuzef> C'est à ce demander comment l'humanité à fait avant pour ne pas mourir d'une mauvaise alimentation :/
2015-02-13T15:50:00 <heuzef> Ha ça oui
2015-02-13T15:50:08 <heuzef> Par contre need un controle du someille
2015-02-13T15:50:38 <heuzef> Je voulais me prendre le witing aura mais ces gros bouffon tarde à le sortir
2015-02-13T15:50:58 <strycore> j'ai testé Sleep for Android
2015-02-13T15:51:07 <heuzef> va savoir pourquoi, mais j'ai hâte d'être fin 2014 pour l'essayer comme ils disent
2015-02-13T15:51:08 <strycore> ça marche moyennement
2015-02-13T15:51:17 <strycore> mais c'est pas mal quand même
2015-02-13T15:51:25 <heuzef> Franchement y'a pas encore de truc qui rox
2015-02-13T15:51:33 <strycore> fin 2014 est passé…
2015-02-13T15:51:41 <heuzef> Justement (ironie)
2015-02-13T16:03:06 <TrappyTickles> tain ma femme et moi on s'est fait avoir
2015-02-13T16:03:31 <TrappyTickles> elle a voulu m'offrir un clavier bepo pour la st valentin, y 'en avait un à 9€
2015-02-13T16:03:45 <TrappyTickles> c'est que des autocollants à coller sur un clavier standard
2015-02-13T16:04:03 <strycore> bouarf
2015-02-13T16:04:04 <TrappyTickles> 9€ le set d'autocollants, il s'emmerdent pas !!!! a ce prix, j'aurais pu le faire moi même !
2015-02-13T16:04:40 <strycore> en même temps un clavier ça vaut pas 9€
2015-02-13T16:04:59 <strycore> mais plutôt entre 60 et 200
2015-02-13T16:05:02 <TrappyTickles> un clavier usb à la con standard tu peux en trovuer à ce prix
2015-02-13T16:05:13 <TrappyTickles> evidemment c'est pas la top qualitat, mais ça existe
2015-02-13T16:05:21 <strycore> non mais je parle d'un clavier utilisable pour bosser
2015-02-13T16:05:42 <strycore> quoi que les Dell étaient pas trop chers
2015-02-13T16:05:56 <TrappyTickles> la je réfléchis si je mets ça sur mon clavier actuel piqué sur un hp, ou si j'utilise mon autre clavier de secours qui est + bon marché
2015-02-13T16:07:22 <strycore> sur un ducky mini!  http://www.duckychannel.com.tw/en/ducky-mini/
2015-02-13T16:07:54 <strycore> bon c'est con, ça bloque les leds
2015-02-13T16:08:19 <heuzef> Arg noooonnnn
2015-02-13T16:08:27 <TrappyTickles> ah oui il a la classe mais bon
2015-02-13T16:08:27 <heuzef> Y'a pas de touche entrée sur ce truc
2015-02-13T16:08:34 <heuzef> = de la GROSSE merde
2015-02-13T16:08:44 <strycore> hein
2015-02-13T16:08:46 <TrappyTickles> l'essentiel c'est que j'ai bien les touches en main (si elles sont pas assez sensibles, je rate des lettres dans les mots)
2015-02-13T16:08:58 <strycore> il y a des claviers sans touche entrée ?
2015-02-13T16:09:00 <TrappyTickles> et y a que mon clavier hp et mon laptop qui sont ok là dessus
2015-02-13T16:09:25 <heuzef> strycore: justement ça devrais pas exister
2015-02-13T16:09:32 <heuzef> Je haie les clavier sans touche entrée
2015-02-13T16:09:44 <strycore> mais tous les claviers en ont une
2015-02-13T16:09:58 <strycore> tu veux dire la touche entrée sur le pavé num?
2015-02-13T16:10:13 <heuzef> Non, certain "clavier" n'ont qu'une demi-touche entrée
2015-02-13T16:10:20 <strycore> aaaaah
2015-02-13T16:10:22 <strycore> ouais
2015-02-13T16:10:23 <TrappyTickles> ou alors je fous ces autocollants sur mon laptop, mais j'aurais plus le choix après
2015-02-13T16:10:32 <strycore> tous les claviers qwerty quoi
2015-02-13T16:10:59 <strycore> il y a que les azerty qui trouvent que c'est une bonne idée d'avoir un truc énorme pour entrée
2015-02-13T16:11:12 <heuzef> La dernière fois qu'on m'à filé un clavier de merde sa race comme ça c'été l'asterix étoile de la mort au dessus de la touche entrée (maximum fun)
2015-02-13T16:11:39 <heuzef> Et bien entendu mon dernier rm à fait TRES mal quand tu appuis sur étoile + entrée
2015-02-13T16:11:44 <heuzef> MERCI CONNARD
2015-02-13T16:11:47 <strycore> c'est parce que t'es encore habitué aux azertys de merde
2015-02-13T16:12:13 <strycore> tiens bois de la vodka Berry-Punch
2015-02-13T16:12:19 <heuzef> Voila je m'enerve et je fait peur à berry
2015-02-13T16:12:55 <heuzef> Tous ça a cause de ces *£ù$ù+@ qui ont osé inventer des demi-touche entrée
2015-02-13T16:13:11 <strycore> mais la touche entrée est comme ça a la base!
2015-02-13T16:13:20 <heuzef> Les DEMI-touche entrée sont dans mon top des truc que je haie au plus haut point
2015-02-13T16:13:49 <strycore> hmm
2015-02-13T16:13:54 <TrappyTickles> tain en plus mon clavier a pas la même tronche que sur le modele
2015-02-13T16:14:00 <heuzef> Dans mon top classé entre les SMS, les accents et les moustiques
2015-02-13T16:14:44 <strycore> heuzef, bah je te conseille de rester en France toute ta vie
2015-02-13T16:15:19 <strycore> parce que les touches entrées double hauteur ça se trouve pas partout
2015-02-13T16:15:56 <heuzef> Ba le truc c'est que comme je déteste les moustiques et les demi-touche entrée plus que les SMS, effectivement je suis mieux en FR
2015-02-13T16:16:07 <TrappyTickles> kl' kp' brrpéq tp opq xlrbr,p ipu èlvxcpu
2015-02-13T16:16:16 <TrappyTickles> AAAAAH SHIT
2015-02-13T16:16:23 <heuzef> Je suis d'accord avec ton argument
2015-02-13T16:16:26 <TrappyTickles> pas gagné bordel
2015-02-13T16:16:33 <heuzef> Le 1er pas le deuxième
2015-02-13T16:16:38 <TrappyTickles> donc je re, j'ai des touches a coller
2015-02-13T16:17:03 <TrappyTickles> c'était un argument en bepo dit façon azerty :p
2015-02-13T16:17:28 <strycore> Darude - Sandstorm
2015-02-13T16:19:55 <heuzef> Beurk ... trop écouté celui la alors qu'au final c'est pas si terrible comme musique
2015-02-13T16:20:04 <strycore> haha
2015-02-13T16:20:15 <strycore> c'est ta faute aussi
2015-02-13T16:32:27 <TrappyTickles> voila je suis en bépo
2015-02-13T16:32:43 <TrappyTickles> pas evident
2015-02-13T16:33:25 <heuzef> Cette musique aussi la grrr
2015-02-13T16:34:06 <heuzef> Tu passe que les vieux classique kipu tous d'un coup, le genre de merde qui passe dans les top 50 à la TV
2015-02-13T16:34:47 <heuzef> "Et le N°1 du classement est Vincent Lagaf Il est beau le lavabooooo" !!
2015-02-13T16:34:51 <heuzef> Ouaiiiiis .....
2015-02-13T16:39:50 <strycore> wat
2015-02-13T16:40:38 <strycore> c'est pas ma faute si certains trucs que je passe ont eu un succès commercial dans les années 90
2015-02-13T16:41:20 <strycore> au moins la tu peux pas dire que c'est connu
2015-02-13T16:41:30 <strycore> c'est de la witch house / zombie rave
2015-02-13T16:43:01 <strycore> Overlapping terms include haunted house, screwgaze, crunkgaze, chillgaze (crunk shoegaze), darkwave, occult house (okkvlt), trianglecore, post-whatever, next wave, broken-clash, death disco, post-pop, ghost drone, avant hard, zombie rave, ghost step and drag…
2015-02-13T16:43:26 <strycore> j'y capte juste que dalle a ce genre http://www.last.fm/tag/witch%20house/wiki
2015-02-13T16:50:35 *** adriens33 s'est connecté
2015-02-13T16:51:49 <adriens33> hello
2015-02-13T17:01:44 <strycore> ( ͡° ͜ʖ ͡°)
2015-02-13T17:02:58 <strycore> merde me tue pas heuzef
2015-02-13T17:03:13 <strycore> je sais pas pourquoi elle y est 2 fois
2015-02-13T17:03:42 <strycore> t'as qu'a sortir prendre l'air pendant 5 minutes
2015-02-13T17:05:54 <adriens33> ¿ que pasa strycore ?
2015-02-13T17:07:02 <strycore> bah heuzef aime pas que Darude - Sandstorm, et ce morceau s'est glissé 2 fois dans ma playlist http://radio.strycore.com/stream
2015-02-13T17:07:13 <heuzef> die now
2015-02-13T17:07:42 <adriens33> heuzef pas de meurtre ici. le sang c'est chiant à laver.
2015-02-13T17:07:46 <adriens33> ;)
2015-02-13T17:24:55 <heuzef> strycore j'adore celle-ci ^^
2015-02-13T17:28:08 <strycore> Faithless ou Fat Boy SLim ?
2015-02-13T17:28:39 <strycore> si j'avais eu l'IP de chez moi j'aurais rajouté de nouveaux trucs
2015-02-13T17:33:14 <heuzef> Fat Boy slim sans doute
2015-02-13T17:48:16 <strycore> inb4 heuzef qui a peur
2015-02-13T17:48:26 <heuzef> :'(
2015-02-13T17:48:43 * heuzef cours partout apeuré avec les mains en l'air
2015-02-13T17:49:10 <strycore> http://strycore.com/images/haha.jpg
2015-02-13T17:55:35 <heuzef> http://leponeyblanc.fr/wp-content/uploads/2014/04/lyraandhomer.png
2015-02-13T17:56:30 <strycore> je comprends pas ton image heuzef
2015-02-13T17:56:44 <heuzef> Haha !
2015-02-13T17:56:46 <heuzef> :D
2015-02-13T17:56:57 <strycore> c'est homer assis avec un poney
2015-02-13T17:57:05 <heuzef> Nan
2015-02-13T17:57:12 <heuzef> C'est Lyra vautré avec un humain
2015-02-13T17:57:19 <heuzef> Rien à voir
2015-02-13T17:57:28 <strycore> bah c'est le canap d'honer
2015-02-13T17:57:43 <heuzef> Nan
2015-02-13T17:58:03 <heuzef> Tout les canap de l'univers appartiennent à Lyra Heartstring
2015-02-13T17:58:10 <heuzef> Toute les chaises aussi
2015-02-13T17:58:19 <heuzef> Et les banc, et tous ce qui permet de te vautrer
2015-02-13T17:58:33 <strycore> ಠ_ಠ
2015-02-13T17:58:56 <heuzef> De quel couleur sont les bananes ?
2015-02-13T17:59:39 <strycore> bleu turquoise
2015-02-13T17:59:46 <strycore> ಠ_ಠ
2015-02-13T17:59:58 * strycore cherche a comprendre
2015-02-13T18:00:24 <heuzef> Merde il à répondu bleu le con xD
2015-02-13T18:00:46 <strycore> bah je me doutais qu'il y avait un truc a la con
2015-02-13T18:01:28 <heuzef> http://dori-to.deviantart.com/art/Liar-Lyre-453315003
2015-02-13T18:02:00 <strycore> ಠ_ಠ
2015-02-13T18:02:00 <heuzef> https://www.youtube.com/watch?v=VrkhMwtKYKE
2015-02-13T18:02:23 <strycore> ಠ_ಠ
2015-02-13T18:03:02 <heuzef> ಠoಠ HOOOOO SOUGOY NE !
2015-02-13T18:03:49 <strycore> bon bah je crois que j'ai d'efinitivement cassé heuzef avec ma radio
2015-02-13T18:03:59 <heuzef> dum dum
2015-02-13T18:04:02 <heuzef> dum dum
2015-02-13T18:04:10 <heuzef> o_+ haha
2015-02-13T18:04:37 <strycore> http://strycore.com/anims/lolicatgirls.swf
2015-02-13T18:15:37 <strycore> ¯_(ツ)_/¯
2015-02-13T19:00:30 *** Lenile est parti
2015-02-13T19:08:41 *** Lenile s'est connecté
2015-02-13T20:01:20 *** heuzef est parti
2015-02-13T20:43:37 *** adriens33 est parti
2015-02-13T20:44:10 *** adriens33 s'est connecté
2015-02-13T21:04:38 *** adriens33 est parti
2015-02-13T21:09:11 *** Eclipse s'est connecté
2015-02-13T21:09:57 <Eclipse> Hey!
2015-02-13T21:13:03 *** Eclipse est parti
2015-02-13T22:12:47 <TrappyTickles> purée faut cmb de temps pour apprendre le bépo ?!
2015-02-13T22:13:24 <TrappyTickles> c' est déjà en train de m'énerver
