2015-03-02T00:25:49 *** adriens33 est parti
2015-03-02T00:40:41 *** TrappyTickles est parti
2015-03-02T01:06:53 *** Gordfang est parti
2015-03-02T02:01:13 *** ELiDYROS_ s'est connecté
2015-03-02T02:03:45 *** ELiDYROS est parti
2015-03-02T02:04:13 *** ELiDYROS s'est connecté
2015-03-02T02:06:07 *** ELiDYROS_ est parti
2015-03-02T02:06:21 *** ELiDYROS_ s'est connecté
2015-03-02T02:09:22 *** ELiDYROS est parti
2015-03-02T02:09:42 *** ELiDYROS s'est connecté
2015-03-02T02:12:23 *** ELiDYROS_ est parti
2015-03-02T02:14:37 *** ELiDYROS est parti
2015-03-02T08:48:43 *** Gordfang s'est connecté
2015-03-02T09:36:01 *** TrappyTickles s'est connecté
2015-03-02T09:43:29 *** heuzef s'est connecté
2015-03-02T09:45:54 <Gordfang> yo!
2015-03-02T09:48:08 <heuzef> yop =)
2015-03-02T09:51:10 <Gordfang> ca va?
2015-03-02T10:00:40 <heuzef> Yep et toi ?
2015-03-02T10:02:54 <Gordfang> trankilou
2015-03-02T10:03:02 <Gordfang> as-tu vu ma réponse sur les tickets?
2015-03-02T10:03:26 <Gordfang> TrappyTickles?
2015-03-02T10:04:56 <TrappyTickles> laisse moi le temps de me lever et voir mes mails, j'ai pas - de 25 ans comme vous tous :p
2015-03-02T10:06:16 <TrappyTickles> là oui j'ai vu
2015-03-02T10:08:37 <Gordfang> vu quoi?
2015-03-02T10:13:56 <heuzef> Gordfang je t'es répondu dans la minute ;)
2015-03-02T10:15:46 <Gordfang> k
2015-03-02T10:16:15 <Gordfang> oui mais m'a tu rerépondu?
2015-03-02T10:21:42 <heuzef> Oui je t'es répondu la minute suivante
2015-03-02T10:21:54 <heuzef> Pour te dire que je m'en occupe des MAJ du sites
2015-03-02T10:25:00 <TrappyTickles> <Gordfang> as-tu vu ma réponse sur les tickets? «--- c'était bien ça?
2015-03-02T10:25:19 <heuzef> TrappyTickles non, cette question m'été déstiné
2015-03-02T10:27:33 <heuzef> TrappyTickles comment ça avance pour notre petit BBBFF ? =)
2015-03-02T10:28:27 <TrappyTickles> pas eu le temps de faire quoi que ce soit avec les problèmes de jade
2015-03-02T10:28:42 <heuzef> Comment qu'elle va maintenant ?
2015-03-02T10:28:57 <TrappyTickles> elle retourne a l'hosto le 13
2015-03-02T10:29:00 <heuzef> :(
2015-03-02T10:29:06 <heuzef> S'améliore pas ?
2015-03-02T10:29:59 <TrappyTickles> c'est un calcul bilaire... d'après toi?
2015-03-02T10:30:19 <heuzef> Aucune idée de ce que s'est ...
2015-03-02T10:31:41 <TrappyTickles> un caillou dans le ventre qui fait super mal et qui se retire qu'en opérant
2015-03-02T10:33:31 <heuzef> Tu pense qu'on pourrait lui remonter le morale ? Ou c'est mieux de la laisser tranquille
2015-03-02T10:35:05 <TrappyTickles> elle peut pas venir demain tfaçons, on a le chat qui se fait opérer aussi
2015-03-02T10:36:11 <Gordfang> trappy c'est quoi ton mail?
2015-03-02T10:36:15 <heuzef> Du coup et toi pour demain ?
2015-03-02T10:38:21 <TrappyTickles> ben j'ai dit que je venais. tu lis pas la mailing list?
2015-03-02T10:39:25 <heuzef> ;)
2015-03-02T10:41:21 <TrappyTickles> je viens en bus par contre, je serai ptet en avance
2015-03-02T10:48:43 <heuzef> Je ne pense pas venir donc je te souhaite un bon anniv maintenant ^^ On ne s'en fou pas tu sais c'est juste que j'ai pas encore trouvé le moyen de bien mettre en avant les annivs de tous le monde
2015-03-02T11:01:15 *** heuzef est parti
2015-03-02T11:01:40 *** heuzef s'est connecté
2015-03-02T12:11:25 *** heuzef est parti
2015-03-02T12:30:56 *** Gordfang est parti
2015-03-02T13:00:46 *** Gordfang s'est connecté
2015-03-02T13:55:36 *** Gordfang est parti
2015-03-02T14:08:05 *** adriens33 s'est connecté
2015-03-02T14:08:18 <adriens33> yo
2015-03-02T15:13:21 *** heuzef s'est connecté
2015-03-02T15:27:03 *** TrappyTickles_ s'est connecté
2015-03-02T15:31:06 *** TrappyTickles est parti
2015-03-02T17:28:05 *** heuzef1 s'est connecté
2015-03-02T17:29:04 *** heuzef est parti
2015-03-02T17:33:04 *** heuzef s'est connecté
2015-03-02T17:35:14 *** heuzef1 est parti
2015-03-02T18:27:54 <heuzef> Plop
2015-03-02T18:28:20 <adriens33> polP
2015-03-02T18:28:43 <heuzef> Je suis content le guide d'accueil des nouveaux avance
2015-03-02T18:28:45 <heuzef> enfin !
2015-03-02T18:28:49 <adriens33> cool =D
2015-03-02T18:29:15 <heuzef> Pas trop tôt, y'a eu au moins 15 inscriptions depuis mais bon :/
2015-03-02T18:36:34 <TrappyTickles_> je me disais aussi qu'il y manquait pas grand chose quand je l'ai parcouru ^^
2015-03-02T18:37:20 <adriens33> ChanSeeeerv
2015-03-02T18:37:22 <adriens33> au pied
2015-03-02T18:37:33 *** arthur33 s'est connecté
2015-03-02T18:37:36 <arthur33> !voice TrappyTickles
2015-03-02T18:37:39 *** arthur33 est parti
2015-03-02T18:38:20 <TrappyTickles> lol mci
2015-03-02T18:38:25 <adriens33> de rien ^^
2015-03-02T18:46:11 *** ValCab33 s'est connecté
2015-03-02T18:46:15 <ValCab33> Hello
2015-03-02T18:46:23 <adriens33> yo ValCab33
2015-03-02T18:48:34 *** ValCab33 est parti
2015-03-02T18:48:47 *** ValCab33 s'est connecté
2015-03-02T19:22:28 *** Fidzu s'est connecté
2015-03-02T20:31:07 *** Fidzu est parti
2015-03-02T20:59:28 *** heuzef est parti
2015-03-02T21:53:47 *** ValCab33 est parti
2015-03-02T22:01:28 *** Fidzu s'est connecté
2015-03-02T22:02:18 *** Fidzu est parti
2015-03-02T23:29:16 *** pinkie s'est connecté
2015-03-02T23:29:36 <pinkie> salut
2015-03-02T23:29:48 <Guest40452> french
2015-03-02T23:30:26 *** Guest40452 est parti
2015-03-02T23:55:29 <TrappyTickles> pkoi il s'emmerde à venir si c'est pas english? c'ert marqué partout que c'est fr ici
