2015-02-28T00:13:19 *** MaCharon s'est connecté
2015-02-28T02:21:03 *** MaCharon est parti
2015-02-28T10:33:13 *** TrappyTickles s'est connecté
2015-02-28T11:12:52 *** adriens33 s'est connecté
2015-02-28T11:58:15 *** Elvon s'est connecté
2015-02-28T11:59:12 *** Elvon est parti
2015-02-28T12:00:07 *** heuzef s'est connecté
2015-02-28T12:04:56 *** Mousstery s'est connecté
2015-02-28T12:05:05 <Mousstery> Bonjouuuur :D
2015-02-28T12:05:53 <Mousstery> heuzef ?
2015-02-28T12:06:02 <heuzef> Yep =)
2015-02-28T12:06:12 <heuzef> Salut Mousstery je viens d'avoir ton message
2015-02-28T12:06:16 <Mousstery> Ah ^^
2015-02-28T12:06:22 <heuzef> Désolé pour hier j'été en plein film
2015-02-28T12:06:39 <Mousstery> C'est pas grave x)
2015-02-28T12:07:11 <heuzef> Tu avais des questions donc ?
2015-02-28T12:07:16 <Mousstery> Oui ^^"
2015-02-28T12:07:19 <Mousstery> Dans ton mail,
2015-02-28T12:08:14 <Mousstery> tu a mis que c'est à partir de 20h que les mineurs doivent partir :c
2015-02-28T12:08:21 <Mousstery> mais tu m'a dit 21h :c
2015-02-28T12:08:35 <heuzef> Non je n'ai rien dit de tous ça ^^
2015-02-28T12:08:54 <Mousstery> Oh ? c:
2015-02-28T12:08:56 <heuzef> Les mineurs ne peuvent plus "rentrer" au calice après 20h
2015-02-28T12:09:02 <Mousstery> Ahhhhhhh
2015-02-28T12:09:31 <heuzef> Et après il faut que tu respect un couvre feu fixé par tes parents, mais il me semble que tu vient avec ta mère de toutes manière ?
2015-02-28T12:09:55 <Mousstery> La mére d'un ami ^^
2015-02-28T12:10:11 <Mousstery> On s'est dit entre 20h30/21h t'inquiete pas ^^
2015-02-28T12:10:29 <heuzef> Oui donc du coup étant accompagné sous la responsabilité tu t'en fou
2015-02-28T12:10:51 <Mousstery> Oki ^^
2015-02-28T12:10:53 <heuzef> Tu peux même rester très tard tant que tu n'es pas seul
2015-02-28T12:11:00 <Mousstery> Bon j'ai prévu de l'argent pour manger..
2015-02-28T12:11:40 <heuzef> Il faut juste partir du principe, si y'a un contrôle de police surprise, comment justifier ta présence pour éviter des ennuis au Calice
2015-02-28T12:11:53 *** Elvon s'est connecté
2015-02-28T12:12:02 <heuzef> Après par contre pas d'alcool, c'est strictement interdit pour toi dans tous les cas
2015-02-28T12:12:06 <Elvon> Hey Everyponies
2015-02-28T12:12:08 <heuzef> Je sais berry ^^
2015-02-28T12:12:14 <heuzef> Yo Elvon =)
2015-02-28T12:12:57 <Elvon> Commença pas d'alcool pour Berry vous voulait la sevrée ?!!! Monstre
2015-02-28T12:13:28 <heuzef> Grrr encore Smash Bros Elvon !
2015-02-28T12:13:46 <Mousstery> Vous êtes pas possible xD
2015-02-28T12:13:46 <Elvon> Si tiens sert toi. Tu as le choix une Kilkenny ou une Guiness?
2015-02-28T12:13:59 <Elvon> oui avec le cd cette fois
2015-02-28T12:14:07 *** MaCharon s'est connecté
2015-02-28T12:14:07 <heuzef> Bon alors à une condition, si tu prend Smash Bros cette fois tu m'apprend à jouer
2015-02-28T12:14:20 <MaCharon> salut les gen
2015-02-28T12:14:23 <heuzef> Je veux un entrainement intenssif
2015-02-28T12:14:25 <Elvon> nos soucis (c'est ce que je voulait faire depuis le début)
2015-02-28T12:14:28 <Mousstery> J'suis nul à Smash Bros :'(
2015-02-28T12:14:29 <heuzef> Salut MaCharon
2015-02-28T12:14:34 <Elvon> alors viens a 15h
2015-02-28T12:15:09 <Mousstery> En tout j'ai hâte de vous voir :D
2015-02-28T12:15:09 <heuzef> Moi après je peut entrainer des gens sur Tekken :3
2015-02-28T12:15:18 <Mousstery> (pour ceux qui viennent >o<)
2015-02-28T12:15:49 <MaCharon> t'y vas toujours pour 14h heuzef ?
2015-02-28T12:15:49 <heuzef> Mousstery t'en fait pas, c'est beaucoup plus fun quand on est pas trop justement, je pense nottement à l'anniv de FlutterBrony
2015-02-28T12:15:52 <Elvon> heuzef: cet fois je part a l'heure (d'habitude je prenez pas en compte du temps qu'on passer a papotter avec Jon)
2015-02-28T12:15:59 <heuzef> 15h pour ma part
2015-02-28T12:16:03 <Mousstery> ^^
2015-02-28T12:16:27 <MaCharon> ah ok il me semblait que c'etait 14h
2015-02-28T12:16:40 <heuzef> On été genre 20 pour l'anniv de Flutterbrony il me semble, franchement c'été naze du coup :/
2015-02-28T12:16:46 <Mousstery> :C
2015-02-28T12:16:50 <heuzef> Pressé comme des sardines
2015-02-28T12:16:58 <Mousstery> j'éspére qu'on sera au moins 5..
2015-02-28T12:16:59 <Elvon> heuzef> ouais 20 c'est trop pour proposer un tekkken ou un jeu console
2015-02-28T12:17:57 <heuzef> Trop de bruit
2015-02-28T12:18:00 * Elvon se tape un délire sur la chaîne de Smooth my Groove. https://www.youtube.com/watch?v=p5BSvwOYwxg
2015-02-28T12:18:30 <heuzef> Mousstery par contre je profite de l'AG de DTC pour faire un petit AG de BronyCUB au passage, donc ça risque d'être assez formel en début d'aprem, mais rien ne t'empêche de t'éclater sur les consoles à l'étage ;)
2015-02-28T12:18:52 <Mousstery> D'accord :)
2015-02-28T12:19:05 <Mousstery> Elvon , j'adore Smooth my Groove *w*
2015-02-28T12:20:34 <heuzef> Elvon sinon on ce la fait au "pierre papier ciseaux" pour savoir si on fait du Tekken ou du smash bros ? :3
2015-02-28T12:20:56 <Elvon> Nop Smah en début puis tekken après ^^
2015-02-28T12:21:09 <Elvon> sinon je pourrait jamais lancer la partie de ssb
2015-02-28T12:21:23 <heuzef> Ouais, de toute façon ça marche pas bien cette méthode : https://www.youtube.com/watch?v=Ben3Tu8J8EI
2015-02-28T12:21:39 <Mousstery> Ouaisss o/ par contre je suis nul a Tekken...
2015-02-28T12:21:53 <heuzef> Moi aussi :°
2015-02-28T12:21:58 <heuzef> Très nul
2015-02-28T12:22:23 <Mousstery> je fait la technique de TOUCHERTOUTBOUTON
2015-02-28T12:22:38 <Elvon> LOUUUL tu est nul pour un droguer de tekken heuzef, ce qui équivaut a un lvl 79 sur Wow
2015-02-28T12:23:02 <Mousstery> Par contre Smash Bros je m'en sort pas si mal ^^
2015-02-28T12:23:59 <Mousstery> enfin
2015-02-28T12:24:03 <Mousstery> j'suis pas dégueu
2015-02-28T12:24:11 <Elvon> SSb. il faut juste pas appuier sur tout les bouton a la fois mais apprendre les persos un par un (comme tekken mais avec des enchainement a la porter des enfants)
2015-02-28T12:24:37 <Mousstery> Smash Bros (le dernier sur 3DS) est awesome
2015-02-28T12:24:43 <Mousstery> en plus les combos s'apprenent easy
2015-02-28T12:25:04 <Elvon> je suis moyen sur la totaliter des jeux au quel je joue.
2015-02-28T12:25:14 <Mousstery> xD
2015-02-28T12:25:20 <Mousstery> t'a pas 1 jeu ou tu roxxe?
2015-02-28T12:25:42 <Elvon> si tu as une 3ds et SSB3ds prend les (ils sont compatible sur Wiiu comme étant une manette de plus)
2015-02-28T12:26:23 <Mousstery> moi je suis un vendu
2015-02-28T12:26:27 <Mousstery> je m'achéte des amiboo
2015-02-28T12:26:58 <Elvon> Nop mais justement cella me permet d'apprécier de jouer contre des Haut lvl (par exemple sur des Fps j'ai des semi-techniques pour briser les chaine de kill comme les folie meutrière.)
2015-02-28T12:27:13 <Elvon> Oo non tout mes pas ça stp
2015-02-28T12:27:28 <Mousstery> :c
2015-02-28T12:27:30 <Mousstery> :'(
2015-02-28T12:27:32 <Mousstery> désolé :'(
2015-02-28T12:28:13 <Elvon> Les amiibo c'est juste une grosse blague de nintendo comme avec leur pub pour LA NEW
2015-02-28T12:28:30 <Mousstery> ouais
2015-02-28T12:28:42 <Mousstery> mais j'ai pris l'amiboo..
2015-02-28T12:28:50 <Elvon> ils font tout un plat même au prêt des nintendo addicte que ça en devient ridicule...
2015-02-28T12:29:29 <Elvon> non après tu en avoir c'est grave mais je trouve le concepte pas dégeux. mais le resultat si.
2015-02-28T12:29:40 <Elvon> *c'est pas grave
2015-02-28T12:30:58 <Elvon> Mousstery> Tu aime Boo ?^^
2015-02-28T12:31:08 <Mousstery> bod
2015-02-28T12:31:11 <Mousstery> *bof
2015-02-28T12:31:25 <Elvon> alors pourquoi l'amiiboo ?
2015-02-28T12:31:44 <Mousstery> :badumtsh
2015-02-28T12:32:03 <Elvon> tu aurait pu prendre un amiimario ou un amiibowser?
2015-02-28T12:32:13 <Elvon> c'est le quel alors ?
2015-02-28T12:32:16 <Mousstery> :BADUMTSHHHHHHHHHHHHHHHHHHHH:
2015-02-28T12:33:54 <Elvon> TrappyTickles> mnt faut assumer viens lundi on fêtera ton annive avec Kab et si il ya d'autres courageux pour venir en début de soirée un lundi X3
2015-02-28T12:36:50 <Mousstery> pas moi
2015-02-28T12:36:55 <Mousstery> 8D
2015-02-28T12:39:52 <Mousstery> en plus je reprends lundi :'(
2015-02-28T12:41:29 <Mousstery> je regarde Equestria Girls
2015-02-28T12:41:34 <Mousstery> c'est plat comme scénar :'(
2015-02-28T12:42:46 <Mousstery> c'juste un School Girl à la Monster High kk
2015-02-28T12:47:56 *** heuzef est parti
2015-02-28T12:51:09 <Elvon> c'est pas fait pour etre regarder plus d'une fois. x3
2015-02-28T12:51:26 <Mousstery> je crois x)
2015-02-28T12:52:09 <Mousstery> rainbow boom est mieux ?
2015-02-28T12:54:51 <Mousstery> (par contre les musiques sont pas dégueu)
2015-02-28T12:55:02 <Mousstery> (sauf la reprise du générique qui est kkà
2015-02-28T13:13:37 <Elvon> j'aime bien les musique aussi ^^ (l'intro faut la passer sinon tu risque de te crever les tympan par réflexe)
2015-02-28T13:15:44 *** adriens33 est parti
2015-02-28T13:15:50 <TrappyTickles> rainbow rock est mieux oui
2015-02-28T13:16:13 <TrappyTickles> et un lundi? où_ça?
2015-02-28T13:18:23 <TrappyTickles> au qg?
2015-02-28T13:27:22 <Elvon> bah voui tu poste un mail et tu vérifie pas ce que les gens te réponde ?
2015-02-28T13:27:35 *** adriens33 s'est connecté
2015-02-28T13:28:17 <Elvon> TrappyTickles> on a même presque tout fait sans toi du coup manquerait juste plus que tu viennes ? (lool nan mais va lire tes mails stp)
2015-02-28T13:29:24 * Elvon a préparer sont pacquetage pour cette après-midi. *départ de l'appart dans 1h*
2015-02-28T13:29:42 <TrappyTickles> je regarde mes mails une seule fois par jour vers 10h
2015-02-28T13:31:26 <TrappyTickles> entk lundi c'est jouable vu que ma femme a ses WE lundis et mardis
2015-02-28T13:47:05 *** heuzef s'est connecté
2015-02-28T13:48:02 <Elvon> TrappyTickles> tu viendra avec ta blonde alors ?
2015-02-28T13:48:23 <heuzef> Je viens de voir, je suis plié de rire ^^
2015-02-28T13:48:34 <TrappyTickles> ça dépend d'elle
2015-02-28T13:48:44 <heuzef> Trappy il semblerais que ton troll ce retourne contre toi ^^
2015-02-28T13:48:50 <heuzef> Trop fort
2015-02-28T13:48:59 <Elvon> heuzef> Comment ça ?
2015-02-28T13:49:27 <heuzef> Vu la gueule de son mail d'origine je ne pense pas qu'il s'attendais à un miracle dans le genre
2015-02-28T13:50:03 <heuzef> Voila maintenant que Lundi il fête son anniv
2015-02-28T13:50:07 <Elvon> heuzef> on peut troll mille personnes une mais on ne peut pas troll mille fois une personne
2015-02-28T13:50:21 *** Mousstery est parti
2015-02-28T13:50:39 <Elvon> Les citation de la peur X2
2015-02-28T13:50:54 <heuzef> TrappyTickles faut me dire du coup si tu souhaite que j'ajoute l'info sur l'agenda
2015-02-28T13:51:10 <Elvon> (ok il manque le mot Fois au début mais flemme de mettre une petite*)
2015-02-28T13:51:15 <TrappyTickles> je viens que pour vous faire plaisir :p
2015-02-28T13:51:23 <Elvon> Cool
2015-02-28T13:51:30 <heuzef> Mais ça nous fait plaisir ^^
2015-02-28T13:51:46 <TrappyTickles> ben jte dirai si tu peux d'ici cet aprem
2015-02-28T13:52:02 <heuzef> Mais je pense pas pouvoir lundi soir par contre, boulot
2015-02-28T13:52:03 <Elvon> mais tu aura le droit une petite chanson...... (réfléchis Elvon...) ou juste un mots alors
2015-02-28T13:52:31 <heuzef> TrappyTickles tranquille, le plus simple c'est de suivre la procédure habituel ;) Tu remplis le formulaire d'event
2015-02-28T13:52:56 <heuzef> Sinon pas la peine si tu veux faire ça en petit comité ce qui n'est pas plus mal
2015-02-28T13:53:31 <Elvon> moi j'ai pas boulot moi avoir 20ans et être passer éducquer pour obtenir boulot alors moi avoir beaucoup de temps entre mars et le mois de mai pour faire une folie ou deux en semaine.
2015-02-28T13:53:36 <heuzef> Surtout si Aragox est la ! Il va vous fournir un tas de JDS de la mort
2015-02-28T13:53:46 <heuzef> Et faut pas être trop nombreux
2015-02-28T13:54:47 <Elvon> c'est pas faut aussi faut regarde sur l'agenda du QG pour vérifier si ils ont pas une soirée de prévue en haut (on pourra jouer en bas mais j'ai juste au cas où pour savoir si il y aura des gens en plus ou pas)
2015-02-28T13:55:40 <Elvon> du coup le lundi il n'ya rien de noter donc on sera tranquile
2015-02-28T13:55:59 <Elvon> (j'ai regarder après avoir poster)
2015-02-28T13:57:05 <heuzef> Elvon on discutera tous à l'heure fait moi y penser ;) j'aimerais concrétiser ton rôle dans l'evolution du collectif
2015-02-28T13:57:56 <Elvon> Oo ... heu j'ai pas réelement beaucoup de temps libre. mais comme tu a dit on en discutera. :)
2015-02-28T13:59:19 <Elvon> TrappyTickles> regarde pour être libre mardi vers 17h/18h pour venir au calice. (Je viens de voir que les Horaire d'ouverture on changer donc le lundi et le dimanche c'est fermer.)
2015-02-28T14:00:03 <Elvon> au pire on fini au plus tard pour 00h?, pour ce qui bosse le lendemain et qui habite pas loin)
2015-02-28T14:01:26 <TrappyTickles> mardi alors ok
2015-02-28T14:05:09 <Elvon> je préviens Kab par sms
2015-02-28T14:14:16 * Elvon met les voiles pour prendre son envol, le QG l'attend désormais. (a + tard les gens^^)
2015-02-28T14:14:23 *** Elvon est parti
2015-02-28T14:14:27 *** heuzef est parti
2015-02-28T14:46:40 *** MaCharon est parti
2015-02-28T16:18:34 *** Simplet_42 s'est connecté
2015-02-28T16:32:14 *** Simplet_42 est parti
2015-02-28T19:01:13 *** adriens33 est parti
2015-02-28T20:15:12 *** ELiDYROS s'est connecté
2015-02-28T21:29:28 *** adriens33 s'est connecté
2015-02-28T22:11:20 *** Mousstery s'est connecté
2015-02-28T22:11:31 <Mousstery> HEYYYYYYYYY :D
2015-02-28T23:58:04 *** MaCharon s'est connecté
