2015-02-26T04:21:17 *** moningcourse s'est connecté
2015-02-26T04:21:23 *** moningcourse est parti
2015-02-26T07:23:56 *** adriens33 s'est connecté
2015-02-26T07:43:09 *** adriens33 est parti
2015-02-26T09:07:58 *** heuzef s'est connecté
2015-02-26T09:55:27 <heuzef> strycore ?
2015-02-26T09:55:33 <heuzef> stricaure ?
2015-02-26T09:55:49 <heuzef> Youhou straïceaure :P
2015-02-26T09:55:59 <heuzef> pfff
2015-02-26T10:26:26 <strycore> YO
2015-02-26T10:26:30 <strycore> heuzef!
2015-02-26T10:27:03 <strycore> euz-F
2015-02-26T10:31:01 <strycore> yo! yo! yo!
2015-02-26T10:31:33 <heuzef> ^^
2015-02-26T10:31:42 <heuzef> Tu t'en va le 7 mars c'est bien ça ?
2015-02-26T10:31:54 <strycore> !!
2015-02-26T10:31:59 <strycore> le 9 avril
2015-02-26T10:32:20 <strycore> enfin pas de Bordeaux
2015-02-26T10:32:23 <heuzef> Ouais c'est kif kif donc tu viens faire la fête avec nous Samedi
2015-02-26T10:32:27 <strycore> de Bordeaux je sais pas trop
2015-02-26T10:32:31 <strycore> mais
2015-02-26T10:32:37 <strycore> il y aura des poneys
2015-02-26T10:32:44 <strycore> et pas de bière
2015-02-26T10:32:45 <heuzef> Plein
2015-02-26T10:33:02 <heuzef> Va y avoir ce que tu veux
2015-02-26T10:33:06 <heuzef> On fait ça dans un café
2015-02-26T10:33:38 <strycore> ಠ_ಠ
2015-02-26T10:33:49 <heuzef> bronycub.org/qg.php
2015-02-26T10:33:58 <heuzef> RDV samedi vers 16h donc :D
2015-02-26T10:34:06 <heuzef> Et cette fois tu te défile pas :
2015-02-26T10:34:07 <heuzef> !
2015-02-26T10:35:06 <strycore> hmm
2015-02-26T10:35:13 <strycore> il y a des chats…
2015-02-26T10:35:21 <strycore> tu veux essayer de m'apater
2015-02-26T10:36:33 <heuzef> Y'a des chats, un wifi correct
2015-02-26T10:36:46 <heuzef> Tiens voici le code du wifi : 1234567890
2015-02-26T10:37:04 <heuzef> Y'a de l'alcool à manger
2015-02-26T10:37:10 <heuzef> tu veux quoi de plus? :D
2015-02-26T10:37:18 <heuzef> Câlin pour toi Berry ^^
2015-02-26T10:37:27 <heuzef> Tu boit trop
2015-02-26T10:40:55 <strycore> ouais enfin tu essaye de faire passer ça pour un café
2015-02-26T10:41:12 <strycore> mais ça a l'air d'être le QG des bronies de Bordeaux
2015-02-26T10:44:43 <heuzef> Y'a des gens qui viennent des fois
2015-02-26T10:44:48 <heuzef> Et il nesont pas brony
2015-02-26T10:46:23 <strycore> des fois
2015-02-26T10:47:06 <heuzef> Rooo allez quoi
2015-02-26T10:47:14 <strycore> ils sont pas broni ils sont otakus :p
2015-02-26T10:47:18 <heuzef> Voila
2015-02-26T10:47:25 <heuzef> T'as quelque chose contre les otakus ?
2015-02-26T10:47:39 <strycore> non, juste que j'en suis pas un
2015-02-26T10:47:53 <heuzef> Bon ba c'est bon alors
2015-02-26T10:48:01 <heuzef> Soit pas fermé comme ça
2015-02-26T10:48:06 <heuzef> On va faire des jeux de société
2015-02-26T10:48:09 <heuzef> c'est cool ça
2015-02-26T11:29:49 *** TrappyTickles s'est connecté
2015-02-26T11:40:08 *** Mousstery s'est connecté
2015-02-26T11:40:15 <Mousstery> Hey :)
2015-02-26T11:41:39 *** Mousstery est parti
2015-02-26T11:42:00 *** Mousstery s'est connecté
2015-02-26T11:42:59 *** Mousstery est parti
2015-02-26T11:44:07 *** Mousstery s'est connecté
2015-02-26T11:44:08 <Mousstery> Heuzef ?
2015-02-26T11:44:38 <heuzef> Yep ?
2015-02-26T11:44:51 <heuzef> Mousstery ?
2015-02-26T11:45:28 *** Mousstery est parti
2015-02-26T11:46:26 *** Mousstery s'est connecté
2015-02-26T11:46:35 <strycore> heuzef,
2015-02-26T11:48:32 *** Mousstery est parti
2015-02-26T11:48:36 <heuzef> ?
2015-02-26T11:49:11 *** Mousstery s'est connecté
2015-02-26T11:50:06 *** Mousstery est parti
2015-02-26T12:08:53 <strycore> heuzef
2015-02-26T12:10:12 <heuzef> strycore ?
2015-02-26T12:10:14 <heuzef> =)
2015-02-26T12:20:27 *** heuzef est parti
2015-02-26T12:42:48 *** Gordfang s'est connecté
2015-02-26T12:43:39 <Gordfang> yo
2015-02-26T12:54:54 *** heuzef s'est connecté
2015-02-26T13:11:35 <Gordfang> yo
2015-02-26T13:26:23 *** adriens33 s'est connecté
2015-02-26T14:46:33 *** heuzef est parti
2015-02-26T14:46:55 *** heuzef s'est connecté
2015-02-26T14:59:49 *** adriens33 est parti
2015-02-26T15:20:06 *** heuzef est parti
2015-02-26T15:43:19 *** Elvon s'est connecté
2015-02-26T15:44:20 <Elvon> Bien le bonjour.
2015-02-26T16:19:57 *** MaCharon s'est connecté
2015-02-26T16:52:34 <Elvon> Slt MaCharon
2015-02-26T16:52:53 <MaCharon> salut
2015-02-26T16:53:27 <Elvon> ça ailler j'ai une Campagne |ONE-Shot| a vous faire jouer sur le jdr Halo
2015-02-26T16:55:17 <Elvon> ça mes venues ce matin j'ai marquer les points essentiel de votre mission à nous de monter le décors par le biais de vos action face a mes obstacle X3 deviendrez-vous des Héros ou bien des Hérétique
2015-02-26T16:55:29 <Elvon> *Hérétiques
2015-02-26T16:56:45 <MaCharon> hum ok
2015-02-26T16:57:07 <MaCharon> j'en ferait part a Yffrit quand il rentrera
2015-02-26T16:58:29 <Elvon> Ma campagne ce fera avec 4 PJ et moi même dans mon appart. j'aimerais qu'on puisse le faire samedi après-midi mais je préviens tard là.
2015-02-26T17:01:01 *** heuzef s'est connecté
2015-02-26T17:02:27 <Elvon> Salut heuzef comment va le travailleur ?
2015-02-26T17:31:45 <Elvon> J'ai eu Pierre il viens pas il a trop de boulot. MaCharon dit est-ce que demain tu peut être a 16h30/17h à mon appart ?
2015-02-26T17:32:16 <Elvon> ou au pire viens plutôt mais tu repart en même temps que moi a 15h35.
2015-02-26T17:34:00 <MaCharon> si tu veut
2015-02-26T17:34:59 <MaCharon> mai du coup je viens pour quelle heure ?
2015-02-26T17:36:45 <Elvon> par contre il va falloir trouvé 3 personnes pour jouer avec nous parce que Thomas D. est chez ça copine tout le Wk et Yffrit viens de me dire qu'il veut avoir son weekend tranquile.
2015-02-26T17:37:46 <Elvon> comme ce-là t'arrange je doit juste aller cher le kiné a 16h donc bon.
2015-02-26T17:38:14 <MaCharon> mais tu veut le faire quand ton JDR ?
2015-02-26T17:39:11 <Elvon> JDR samedi et Fiche perso vendredi après-midi
2015-02-26T17:40:18 *** adriens33 s'est connecté
2015-02-26T17:40:30 <Elvon> je maîtrise pas encore le bouquin à 100% c'est pas grave et je n'ai pas encore fait de fiche perso pour ce jeu là. du coup pour les fiche de 3h vaut mieux vendredi
2015-02-26T17:40:37 <Elvon> salut a toi adriens33
2015-02-26T17:40:47 <MaCharon> ouai mais moi samedi je vai au calice
2015-02-26T17:40:51 <MaCharon> vais*
2015-02-26T17:41:29 <adriens33> yo
2015-02-26T17:41:31 <Elvon> Ok bah tampis alors ...
2015-02-26T17:42:38 * Elvon reprend sa pèle et sa pioche puis fini de creusé sa tombe... *Pikl et Tchoc, ... pikl et tchoc...*
2015-02-26T17:45:23 <adriens33> *pelle
2015-02-26T17:45:28 <adriens33> *creuser
2015-02-26T17:45:35 <adriens33> :D
2015-02-26T17:45:44 <adriens33> tu veux de l'aide pour la pierre tombale ? XD
2015-02-26T17:46:27 *** Mousstery s'est connecté
2015-02-26T17:47:23 <Elvon> *veux oui merci
2015-02-26T17:47:59 <Elvon> *youps j'ai marcher sur ma machoire je disais je veus bien oui, merci.
2015-02-26T17:48:13 <Mousstery> Hey !
2015-02-26T17:48:20 <Elvon> Salutation Mousstery
2015-02-26T17:48:21 <Mousstery> (oh il y a du monde :3)
2015-02-26T17:48:32 <Mousstery> Salut Elvon ^^
2015-02-26T17:48:38 <Mousstery> ça va ?
2015-02-26T17:48:41 <Elvon> euh... il y a surtout des cadavre en faite.
2015-02-26T17:48:54 <Mousstery> xD
2015-02-26T17:49:35 <Mousstery> ça va sinon? :c
2015-02-26T17:49:39 *** heuzef1 s'est connecté
2015-02-26T17:49:41 <Elvon> ouais je m'ennuie à en mourir !!! au fait samedi tu viens au calice c'est bien ça ? avec où sans ta tante ?
2015-02-26T17:49:50 <Mousstery> SANS :DDD
2015-02-26T17:49:55 <Mousstery> j'ai réussiii o/
2015-02-26T17:49:59 <Elvon> ?? comment ?
2015-02-26T17:50:18 <adriens33> Elvon> c'est toi le cadavre XD
2015-02-26T17:50:23 * Elvon sort de sa tombe pour aller chercher de l'eau...
2015-02-26T17:50:28 <Mousstery> un ami brony qui a mon âge à demander à sa mére si il peux nous ammener
2015-02-26T17:50:28 <adriens33> Mousstery> toutes mes ficelles de caleçon :D
2015-02-26T17:50:40 <Mousstery> elle a dit oui et elle reste pas avec nous la soiréé ^^
2015-02-26T17:50:55 <Mousstery> adriens33 a peine arrivé tu commence déja ^^
2015-02-26T17:51:07 <adriens33> Rhoo t'es pas marrant.
2015-02-26T17:51:16 <adriens33> D:
2015-02-26T17:51:16 *** heuzef est parti
2015-02-26T17:51:32 <Elvon> bon et bien je pense que je vais venir dans ce cas ........
2015-02-26T17:51:44 <Mousstery> Wiiiiiiii !
2015-02-26T17:51:48 <adriens33> U ?
2015-02-26T17:51:49 <Mousstery> *danse de la joie*
2015-02-26T17:52:00 <Mousstery> ADRIENS33 TOUT MAIS PAS CELLE LA !
2015-02-26T17:52:02 * adriens33 s'enterre *
2015-02-26T17:52:05 <adriens33> krkrkr
2015-02-26T17:52:41 <Mousstery> bon je vais à la douche.
2015-02-26T17:52:56 <adriens33> ok te noies pas
2015-02-26T17:52:57 * Elvon est tirailler entre venir au calice samedi et ne plus avoir de thune avant ...... ou bien alors rester chez lui a écouter le silence
2015-02-26T17:53:13 <adriens33> Elvon> je con patte-y
2015-02-26T17:53:18 <adriens33> *patty
2015-02-26T17:53:47 <Elvon> et moi je Scelle Mah
2015-02-26T17:53:58 <adriens33> (merci :D)
2015-02-26T17:54:09 <adriens33> Mais ta pas fini ta phrase
2015-02-26T17:54:19 <adriens33> « Et moi je "scelle mah" tombe »
2015-02-26T17:54:53 <Elvon> ? pourquoi tu croit ça ? non Patty et Séllema (je sais pas comment s'écrit son prénom)
2015-02-26T17:54:59 <adriens33> "Je con-Patty et je Selma-tombe"
2015-02-26T17:55:06 <adriens33> (comme ça :P)
2015-02-26T17:55:30 <adriens33> plus mieux
2015-02-26T17:55:45 <Elvon> nop juste je scelle Mah (ok il est nul comme nom mais ça finissait ma phrase ...)
2015-02-26T17:55:50 <adriens33> ok :D
2015-02-26T17:55:56 <adriens33> mais ce que j'ai dis est plus marrant :P
2015-02-26T17:56:13 <adriens33> et ça fait ref a ce que t'a dit tout à l'heure (que tu creusais ta tombe))
2015-02-26T17:56:15 <adriens33> -)
2015-02-26T17:56:47 * Elvon reviens avec un tuyau d’arrosoir allumer, ce couche dans ça tombe et referme le couvercle.
2015-02-26T17:57:10 <adriens33> *allumé *se couche *sa tombe
2015-02-26T17:57:17 <adriens33> *revient
2015-02-26T17:57:23 <adriens33> :D
2015-02-26T17:57:28 * Elvon is Drowned
2015-02-26T17:57:31 <adriens33> [/grammarNazy]
2015-02-26T17:57:49 <adriens33> ach
2015-02-26T17:58:14 <adriens33> fotre orthokraphe laisse à décirer
2015-02-26T17:58:54 * Elvon s'étouffe avec les dernier repas, les pages de son Bescherelle .
2015-02-26T17:59:04 <adriens33> lawl
2015-02-26T17:59:25 <Elvon> *ses
2015-02-26T17:59:26 * adriens33 lui en fourre d'autre dans la bouche et tasse avec la queue de la pelle
2015-02-26T18:07:01 <Mousstery> ..WHAT THE ?
2015-02-26T18:07:40 <Mousstery> fourrer quoi?
2015-02-26T18:07:44 <Mousstery> quel queue ? owo
2015-02-26T18:08:08 <adriens33> bah les pages du bescherelle
2015-02-26T18:08:12 <adriens33> et bah la queue de la pelle
2015-02-26T18:08:19 <Mousstery> Mwé..
2015-02-26T18:08:22 <adriens33> le bout du manche quoi.. --"
2015-02-26T18:08:30 <Mousstery> J'ai compris.
2015-02-26T18:08:34 <adriens33> tu connais pas l'expression ? « être rond comme une queue de pelle »
2015-02-26T18:08:35 <Mousstery> je vous surveilleeeeee
2015-02-26T18:08:45 <Mousstery> Heu non?
2015-02-26T18:08:52 <Mousstery> Je suis censé la connaitre ?
2015-02-26T18:08:58 <adriens33> (ça veut dire être bourré, aucun rapport mais bon bref)
2015-02-26T18:09:08 <adriens33> la queue de la pelle c'est le bout du manche, c'est tout XD
2015-02-26T18:09:16 <Mousstery> D'aaaaaaaacoordd.
2015-02-26T18:09:20 <adriens33> genre je retourne la pelle et paf
2015-02-26T18:09:21 <Mousstery> je te surveille ewe
2015-02-26T18:09:29 <adriens33> ranafout'
2015-02-26T18:09:52 <Mousstery> Bon,quand mon beau pére aura fini son téléchargement de série ? D:
2015-02-26T18:09:57 <Elvon> Esh-que jvai le droa de farler ?
2015-02-26T18:10:00 <Mousstery> je peux pas regarder mlp du coup D:
2015-02-26T18:10:16 <adriens33> Elvon> Ach, si tu feux
2015-02-26T18:10:28 <adriens33> Mais prûle t'apord
2015-02-26T18:10:38 <adriens33> Mousstery> c'est con ça
2015-02-26T18:10:51 <Elvon> AOR Ortta élle y tep lait!!
2015-02-26T18:11:08 <Mousstery> comme..t..to...Tony ?
2015-02-26T18:11:12 <adriens33> Elvon> Cheux comprends pas
2015-02-26T18:11:28 <adriens33> Mousstery> hein ? o_o
2015-02-26T18:11:57 <Mousstery> je voulais dire comme toi,mais j'ai rebondi sur un prénom.
2015-02-26T18:12:00 <Elvon> adriens33> Ortta élle ema ouch y tep lai!!
2015-02-26T18:12:26 <adriens33> Mousstery> oké..
2015-02-26T18:12:29 <adriens33> Elvon> Nein!!
2015-02-26T18:12:50 <Mousstery> adriens33 Le prends pas mal c:
2015-02-26T18:13:05 <Elvon> adriens33> Aor ypas e ai le droa e farler
2015-02-26T18:13:14 <adriens33> et « ch'ors 'a 'elle 'e 'a 'ouche 'il 'e 'ait » c'est plus mieux
2015-02-26T18:13:36 <adriens33> Mousstery> je le prends pas mal, j'ai juste rien pigé XD
2015-02-26T18:14:02 <Mousstery> adriens33 , rien rien..REGARDE UN PEGASE
2015-02-26T18:14:27 <adriens33> Je crois qu'on appelle ça un FAIL Mousstery .
2015-02-26T18:14:35 <Elvon> adriens33:
2015-02-26T18:14:39 <adriens33> C'est pas grave, ça arrive même aux meilleurs :D
2015-02-26T18:14:42 <adriens33> Elvon> oui ?
2015-02-26T18:14:47 <Mousstery> adriens33 , c'est pas vrai ! c:
2015-02-26T18:15:02 * Elvon mange ça touche enter en plus de la pelle de adriens33
2015-02-26T18:15:10 <adriens33> Elvon a  faim.
2015-02-26T18:15:14 <Mousstery> Eeeeeew !
2015-02-26T18:15:16 <adriens33> Donnez lui à manger.
2015-02-26T18:15:29 <adriens33> (on dirait une pub pour action contre la faim XD)
2015-02-26T18:15:44 <Mousstery> J'ai que des cupcakes..
2015-02-26T18:15:44 <adriens33> (ou un truc du genre)
2015-02-26T18:15:45 <Elvon> 'Op ai uste arre e arler a ouch laine
2015-02-26T18:15:57 <adriens33> Mousstery> Des cupcakes à quoi/qui ?
2015-02-26T18:16:08 <adriens33> Elvon> ouai genre t'en a "marre"
2015-02-26T18:16:34 <Mousstery> Des cupcakes rainbow da..euh des cupcakes rainbow ewe
2015-02-26T18:16:38 <adriens33> XD
2015-02-26T18:16:45 <adriens33> C'est bien, brave petit.
2015-02-26T18:16:46 <adriens33> :D
2015-02-26T18:17:14 <Elvon> 'on o ai aime ein aler a ec é ots a omplé
2015-02-26T18:17:20 <Mousstery> J'suis pas petitt ! J'ai un probléme de croissance c'est tout..
2015-02-26T18:17:48 <adriens33> Mousstery> tu fais cmb ?
2015-02-26T18:18:02 * adriens33 range la pelle *
2015-02-26T18:18:03 <Mousstery> 6,87
2015-02-26T18:18:08 <Mousstery> :sort:
2015-02-26T18:18:11 <Elvon> .... e oi ance es ûre?
2015-02-26T18:18:17 <adriens33> Non, je parle de taille de la tete aux pieds
2015-02-26T18:18:23 <adriens33> (c'est petit dis donc XD)
2015-02-26T18:18:39 <Mousstery> (8D)
2015-02-26T18:18:43 <Mousstery> 1,42
2015-02-26T18:18:48 <adriens33> 42!!! =D
2015-02-26T18:18:55 <adriens33> Le sens de la vie VV
2015-02-26T18:18:56 <Mousstery> x)
2015-02-26T18:18:57 <adriens33> *!!
2015-02-26T18:19:01 * Elvon crache l'eau et le reste des pages de son foutu Bescherelle.*
2015-02-26T18:19:05 <adriens33> XD
2015-02-26T18:19:11 <Mousstery> Eeeeew !
2015-02-26T18:19:20 <Mousstery> T'a failli m'en mettre.
2015-02-26T18:19:30 <adriens33> (ta femme te le dit souvent)
2015-02-26T18:19:54 * Mousstery lance une brique sur adriens33
2015-02-26T18:20:07 * adriens33 l'esquive comme Neo esquive les balles
2015-02-26T18:20:13 <Elvon> Et mince tu pouvais garder la pelle juste 5min de plus j'aller enfin mourir ... bref merci c'est moins chiant de parler comme ça.
2015-02-26T18:20:18 <adriens33> lol
2015-02-26T18:20:34 <Mousstery> Hey mais tu peux pas D:
2015-02-26T18:20:35 <adriens33> si tu veux un  coup de pelle dans la tronche, c'est toujours possible. XD
2015-02-26T18:20:47 <Mousstery> ça respecte même pas 1/4 des lois de la physique D:
2015-02-26T18:20:47 <adriens33> Mousstery> si, c'est la magie de l'Internet =3
2015-02-26T18:20:48 <Elvon> Nop c'est bon merci
2015-02-26T18:20:54 <Mousstery> surtout si tu le fais au ralenti D/
2015-02-26T18:20:55 <adriens33> Osef de la physique
2015-02-26T18:21:04 <Mousstery> ouep
2015-02-26T18:21:17 <adriens33> "physics ? bitch, I'm a horse."
2015-02-26T18:21:22 <adriens33> (ie skyrim XD)
2015-02-26T18:21:27 <Mousstery> (8D)
2015-02-26T18:21:39 <Mousstery> Come on everypony o/
2015-02-26T18:21:40 <Elvon> le mieux c'est quand tu t'invite chez les gens via leur téléphone portable, on essayer un jour avec un pote.
2015-02-26T18:21:51 <adriens33> Dafoutre ?
2015-02-26T18:22:00 <Mousstery> What the fu?
2015-02-26T18:22:21 <Mousstery> j'ai un programme de fitness qui m'a suivi sur twitter owo
2015-02-26T18:22:41 <adriens33> t'es gros Mousstery
2015-02-26T18:22:42 <Elvon> BAh en gros tu envoie la personne souhaité sur le téléphone d'un contacte a qui tu veux que la personne soit transférer
2015-02-26T18:22:53 <adriens33> m'oké
2015-02-26T18:22:54 <Mousstery> adriens33 je te crotte :(
2015-02-26T18:23:01 <adriens33> Et moi j'te pisse à la raie
2015-02-26T18:23:10 <adriens33> =D
2015-02-26T18:23:17 <Mousstery> Mais !
2015-02-26T18:23:25 <Mousstery> Laisse cette pauvre raie..MANTA
2015-02-26T18:23:27 <Mousstery> yeahhh
2015-02-26T18:23:28 <adriens33> (et moi j'suis trop maigre, comme ça ça complète XD)
2015-02-26T18:23:30 * Mousstery sort
2015-02-26T18:23:32 <adriens33> lol
2015-02-26T18:23:40 <adriens33> t'a oublié les lunettes de soleil
2015-02-26T18:23:45 <adriens33> B-)
2015-02-26T18:23:47 <Mousstery> ah oui
2015-02-26T18:23:49 <Mousstery> tu en as?
2015-02-26T18:24:01 * adriens33 lui prête les siennes
2015-02-26T18:24:02 <adriens33> tiens
2015-02-26T18:24:03 <Elvon> Mousstery/ adriens33> je vous fait le tout pour une somme modique. (j'en ai marre de mettre des plombe a écrire )
2015-02-26T18:24:29 <Mousstery> Elvon combien ?
2015-02-26T18:24:33 <adriens33> J'ai pas pigé Elvon, au pire pour discu y'a mumble XD
2015-02-26T18:24:45 * Elvon enfile une K-Gouhl trop stylé
2015-02-26T18:25:02 <adriens33> *cagoule
2015-02-26T18:25:25 <adriens33> C'toi le ghoul
2015-02-26T18:25:26 <Elvon> Vouais viens avec Mousstery, viende sur mumble.
2015-02-26T18:25:26 <Mousstery> ou alors c'est un jeu de mot avec un truc?
2015-02-26T18:25:50 <Mousstery> Mumble ? nan la je peux pas xD je suis sur le pc qui a pas de micro :c
2015-02-26T18:26:04 <adriens33> Mousstery> c'est con ça
2015-02-26T18:26:09 <Elvon> c'est pas un probléme
2015-02-26T18:26:21 <Mousstery> enfin
2015-02-26T18:26:28 <Elvon> viens quand même comme ça tu auras un avant goût de samedi X3
2015-02-26T18:26:41 <adriens33> lawl
2015-02-26T18:26:58 <Elvon> (tu écouter et écrire sans parler, ça ce fait je t'assure)
2015-02-26T18:27:32 <Mousstery> Laisse moi quelques minutes pour le retelecharger :c
2015-02-26T18:29:22 <Elvon> adriens33: tu joue a cache cache ?
2015-02-26T18:32:14 <adriens33> oui =D
2015-02-26T18:33:17 <adriens33> Mousstery> mumble.art-software.fr:64738
2015-02-26T18:33:27 <Mousstery> mici
2015-02-26T18:35:44 <Mousstery> bon ma co est tellement naze
2015-02-26T18:35:48 <Mousstery> que le télechargement
2015-02-26T18:35:51 <Mousstery> est pour demain
2015-02-26T18:35:51 <Mousstery> x)
2015-02-26T18:35:55 *** heuzef1 est parti
2015-02-26T18:37:01 <adriens33> cékon
2015-02-26T18:47:02 *** heuzef s'est connecté
2015-02-26T18:47:26 <Mousstery> heuzef ?
2015-02-26T19:00:31 *** Mousstery est parti
2015-02-26T19:06:48 *** heuzef est parti
2015-02-26T19:51:10 *** ELiDYROS s'est connecté
2015-02-26T19:51:28 <ELiDYROS> Bonsoir.
2015-02-26T19:51:35 <MaCharon> salut
2015-02-26T19:54:19 <Elvon> Konbawa
2015-02-26T20:13:05 *** ELiDYROS est parti
2015-02-26T20:15:25 <adriens33> merde trop tard ><
2015-02-26T20:15:33 <adriens33> pas eu le temps de dire bonjour XD
2015-02-26T20:57:51 <Elvon> Bonne nuit Bande de nez X3
2015-02-26T20:57:54 *** Elvon est parti
2015-02-26T21:38:48 *** adriens33 est parti
