2015-04-07T00:52:03 *** Tsumenokage est parti
2015-04-07T00:58:23 *** MaCharon est parti
2015-04-07T01:22:50 *** Fidzu est parti
2015-04-07T03:50:22 *** Jinxypie est parti
2015-04-07T03:50:38 *** Jinxypie s'est connecté
2015-04-07T03:58:16 *** Jinxypie est parti
2015-04-07T03:58:37 *** Jinxypie s'est connecté
2015-04-07T04:53:19 *** adriens33 s'est connecté
2015-04-07T08:00:29 *** Fidzu s'est connecté
2015-04-07T08:28:45 *** Gordfang s'est connecté
2015-04-07T08:30:50 *** Gordfang est parti
2015-04-07T08:31:29 *** adriens33 est parti
2015-04-07T08:48:59 *** Gordfang s'est connecté
2015-04-07T08:49:16 <Gordfang> yo all!
2015-04-07T08:56:06 *** heuzef s'est connecté
2015-04-07T08:58:19 *** Fidzu est parti
2015-04-07T09:12:10 *** Fidzu s'est connecté
2015-04-07T09:12:41 <Fidzu> Yo
2015-04-07T09:14:08 <Gordfang> yo Fidzu
2015-04-07T09:14:12 <Gordfang> ca va?
2015-04-07T09:14:28 <Fidzu> Ça va et toi ?
2015-04-07T09:14:47 <Gordfang> trankilou
2015-04-07T09:14:48 <Gordfang> en cours
2015-04-07T09:14:53 <Gordfang> de microsoft serveur...
2015-04-07T09:15:25 <Fidzu> Moi en cours
2015-04-07T09:15:38 <Fidzu> Sur les systèmes d'alarmes intrusions
2015-04-07T09:16:24 <Gordfang> tu fait de la securité?
2015-04-07T09:17:32 <Fidzu> Non c'est juste un des plusieurs thèmes que j'ai a faire en eleec
2015-04-07T09:17:41 <Fidzu> Et c'est pas le plus facile ....
2015-04-07T09:17:52 *** wildfier_ s'est connecté
2015-04-07T09:18:11 <Gordfang> oui logique
2015-04-07T09:18:20 <wildfier_> salut
2015-04-07T09:19:00 *** wildfier est parti
2015-04-07T09:19:09 <Fidzu> Il y en a ici si sont en bac sen ?
2015-04-07T09:19:24 <Gordfang> re wildfier_
2015-04-07T09:19:24 <Fidzu> Ou un truc du même genre ?
2015-04-07T09:19:31 <Gordfang> nope étude supérieur
2015-04-07T09:20:47 <Fidzu> Lu wild
2015-04-07T09:21:10 <Fidzu> Parce je compte me ré orienter ...
2015-04-07T09:22:01 <Gordfang> stg c'est cool ^^
2015-04-07T09:23:04 <Fidzu> C'est ?
2015-04-07T09:24:15 <Gordfang> un bac techno ^^
2015-04-07T09:25:20 <Fidzu> Moi si je refais un bac, ce seras en apprentissage.
2015-04-07T09:25:41 <Gordfang> k
2015-04-07T09:27:52 <Fidzu> Faut que je me renseigne mais c'est dur de savoir exactement ce que je veux faire
2015-04-07T09:32:06 <Fidzu> On fait quoi en stg precisement? C'est pour faire quoi après ?
2015-04-07T09:34:35 <Gordfang> c'est de la compta en stg (c'était un peu pour rire ^^) mais ca reste un bac
2015-04-07T09:34:49 <Gordfang> par contre me semble que ca a changer de non
2015-04-07T09:35:05 <Gordfang> c'est stmg maintenant
2015-04-07T09:36:39 <Fidzu> Ah OK .. dat troll ^^
2015-04-07T09:36:57 <Gordfang> ^^
2015-04-07T09:37:12 <Gordfang> c'est juste que j'ai fait stg et je suis quand même en informatique
2015-04-07T09:37:13 <Fidzu> Moi je cherche un truc pour l'info, le web etc
2015-04-07T09:37:59 <Fidzu> Et pour le moment,  sen s'en rapproche le plus mais c'est toujours pas exactement ce que je veux
2015-04-07T09:38:22 <Gordfang> ca le sera jamais a mon avis
2015-04-07T09:40:41 <Fidzu> Il n'existe pas un truc informatique/web ?
2015-04-07T09:42:13 <Gordfang> en bac? je pense pas
2015-04-07T09:42:21 <Gordfang> en bts/iut surement
2015-04-07T09:44:53 <Fidzu> Wa.. bts .. j'aime pas ce mot
2015-04-07T09:45:14 <Fidzu> Deja que je galère en BAC XD
2015-04-07T09:46:17 <Gordfang> ^^
2015-04-07T09:47:13 <Fidzu> P*tain d'orientation ...
2015-04-07T11:26:28 *** ChordsTackler s'est connecté
2015-04-07T11:26:36 <ChordsTackler> Yop
2015-04-07T11:27:28 <Gordfang> yo ChordsTackler
2015-04-07T11:28:12 <ChordsTackler> Ca va ?
2015-04-07T11:31:38 *** ChordsTackler est parti
2015-04-07T11:32:06 *** ChordsTackler s'est connecté
2015-04-07T11:33:08 <wildfier_> yo ChordsTackler
2015-04-07T11:35:47 <Gordfang> bon je vais manger je vais bouffer a toute!
2015-04-07T11:40:12 *** Afk-Gordfang est parti
2015-04-07T11:40:33 <Fidzu> Yo ChordsTackler
2015-04-07T11:41:48 *** ChordsTackler est parti
2015-04-07T11:41:59 <Fidzu> J'ai posté mon remix sur mon soundcloud si tu veux écouter
2015-04-07T11:42:04 <Fidzu> Erf ...
2015-04-07T12:36:45 *** heuzef est parti
2015-04-07T12:40:04 *** adriens33 s'est connecté
2015-04-07T12:57:54 *** wildfier_ est parti
2015-04-07T13:17:28 *** Afk-Gordfang s'est connecté
2015-04-07T13:18:07 <Gordfang> re
2015-04-07T13:21:25 *** Fidzu est parti
2015-04-07T13:35:26 *** wildfier_ s'est connecté
2015-04-07T13:39:11 *** Fidzu s'est connecté
2015-04-07T13:57:25 *** Fidzu est parti
2015-04-07T14:28:15 *** TrappyTickles s'est connecté
2015-04-07T14:30:29 *** Gordfang est parti
2015-04-07T14:30:53 *** Gordfang s'est connecté
2015-04-07T14:40:02 *** TrappyTickles est parti
2015-04-07T14:42:33 *** TrappyTickles s'est connecté
2015-04-07T14:44:11 *** heuzef s'est connecté
2015-04-07T15:04:12 *** heuzef est parti
2015-04-07T15:17:27 <adriens33> !devoice Jinxypie
2015-04-07T15:22:44 *** Fidzu s'est connecté
2015-04-07T15:23:00 *** TrappyTickles est parti
2015-04-07T15:38:15 *** Fidzuu s'est connecté
2015-04-07T15:39:33 *** Fidzu est parti
2015-04-07T16:03:10 *** ValCab33 s'est connecté
2015-04-07T16:03:18 <ValCab33> Howdy
2015-04-07T16:34:27 *** wildfier_ est parti
2015-04-07T16:34:37 *** wildfier s'est connecté
2015-04-07T17:08:20 *** maitrepanda s'est connecté
2015-04-07T17:08:23 <maitrepanda> salut !
2015-04-07T17:09:44 <maitrepanda> il y aquelqu'un ?
2015-04-07T17:10:23 <ValCab33> Salut
2015-04-07T17:11:09 <maitrepanda> Quelqu'un aurait des photos de l'IRL de l'autre jour ?
2015-04-07T17:13:14 <Fidzu> Lu
2015-04-07T17:13:19 <Fidzu> Sur le fb
2015-04-07T17:14:12 <Fidzu> On avait pas d appareil photo donc c'est pas tip top
2015-04-07T17:16:05 <maitrepanda> Flo m'a dit qu'il y en avait :'(
2015-04-07T17:26:17 *** Fidzu est parti
2015-04-07T17:26:40 *** Fidzu s'est connecté
2015-04-07T17:27:34 <Fidzu> Oui sûrement
2015-04-07T17:27:51 <Fidzu> On en a tous un peu pris mais très peu
2015-04-07T17:36:53 *** Fidzu est parti
2015-04-07T17:37:16 <maitrepanda> si t'en as une sympa hésite pas à me l'envoyer ça fera joli sur les RS
2015-04-07T17:37:48 *** Fidzu s'est connecté
2015-04-07T17:42:18 *** ELiDYROS s'est connecté
2015-04-07T17:42:24 <ELiDYROS> Bonsoir
2015-04-07T17:47:01 *** Fidzu est parti
2015-04-07T17:53:01 *** ChordsTackler s'est connecté
2015-04-07T17:53:24 <ChordsTackler> Hey
2015-04-07T17:54:46 *** Fidzu s'est connecté
2015-04-07T17:54:56 <Fidzu> Re
2015-04-07T17:55:07 <Fidzu> Foutu phone ..
2015-04-07T17:55:10 <ChordsTackler> Salut Fidzu ^^
2015-04-07T17:56:05 <Fidzu> Enfin la débauche ...
2015-04-07T17:57:42 <Fidzu> Hier soir j'ai failli accomplir quelque chose d'incroyable !
2015-04-07T17:58:34 <Fidzu> J'ai presque bronifié mon fameux cousin dont je t'ai parlé .
2015-04-07T18:00:16 <ChordsTackler> Ah ouai ?
2015-04-07T18:00:32 <ChordsTackler> Mais il s'est rappelé qu'il ne devait pas ^^ ?
2015-04-07T18:00:51 <Fidzu> Sauf que ce con, il a voulu se renseigner sur le sujet
2015-04-07T18:00:58 <Fidzu> Et il a regardé une vidéo ..
2015-04-07T18:01:24 <Fidzu> Helping twilight win the crown en vf -_-
2015-04-07T18:01:48 <Fidzu> Je sais pas comment je vais rattraper ça maintenant ..
2015-04-07T18:05:45 <ChordsTackler> En expliquant que ce film est pas génial pour commencer et que la vf est faite pour les hardcore fan
2015-04-07T18:05:56 <ChordsTackler> http://www.amazon.com/My-Little-Pony-Hooded-Backpack/dp/B00DY6YA5S/ref=sr_1_86?s=apparel&ie=UTF8&qid=1428422643&sr=1-86&keywords=Pinkie+pie Sinon j'ai riz face à ce sac ^^
2015-04-07T18:07:54 <Fidzu> On dirais un semblant de dauphin mutant !
2015-04-07T18:08:07 <Fidzu> 45 € de vol
2015-04-07T18:08:57 <Fidzu> Sinon tu comptes toujours te prendre le sac pinkie ?
2015-04-07T18:13:55 <ChordsTackler> enlève la tête de derpy qui n'y est pas ^^
2015-04-07T18:14:11 <ChordsTackler> En parlant du sac pinkie j'viens de le trouver 15€ moins chère ^^
2015-04-07T18:14:20 <Fidzu> Ah nice
2015-04-07T18:14:44 <ChordsTackler> Donc j'l'ai commandé
2015-04-07T18:14:53 <ChordsTackler> d'après le site il arrivera fin du moi
2015-04-07T18:14:57 <ChordsTackler> mois*
2015-04-07T18:15:31 <Fidzu> Un pote m'a dit qu'à la victoire, il y a un magasin de déguisement,  faudrais aller checker si il n'y aurais pas quelque chose pour moi ^^
2015-04-07T18:15:51 <ChordsTackler> Oui on peut faire ca ^^
2015-04-07T18:17:15 <Fidzu> Mais je vois pas du tout ou il est
2015-04-07T18:17:17 <ChordsTackler> http://www.amazon.com/elope-Womens-Little-Cartoon-Glasses/dp/B00JIIXSTK/ref=sr_1_164?s=apparel&ie=UTF8&qid=1428423388&sr=1-164&keywords=Pinkie+pie J'ai peur xD
2015-04-07T18:17:34 <Fidzu> Omg
2015-04-07T18:17:47 <Fidzu> Nightmare incoming
2015-04-07T18:17:56 <ChordsTackler> xD
2015-04-07T18:28:06 *** wildfier est parti
2015-04-07T18:29:38 *** lunayumii s'est connecté
2015-04-07T18:29:41 <lunayumii> hey :D
2015-04-07T18:32:28 <lunayumii> Y'a des gens vivants ? xD
2015-04-07T18:34:48 <lunayumii> Bon, j'vais camper ici en attendant u_u
2015-04-07T18:38:13 *** Fidzu est parti
2015-04-07T18:44:04 *** Fidzu s'est connecté
2015-04-07T18:44:10 <Fidzu> oui je suis la et je suis vivant !
2015-04-07T18:44:24 <lunayumii> heeeey :D
2015-04-07T18:44:28 <lunayumii> Comment va ?
2015-04-07T18:44:35 <Fidzu> va bien et toi ?
2015-04-07T18:44:43 <lunayumii> bien ^^
2015-04-07T18:45:16 <lunayumii> en plein fight avec une de mes dents et les délais de rdv chez les dentistes, mais sinon tout va bien xD
2015-04-07T18:46:25 <lunayumii> D'ailleurs, tu sais si Mousstery se co régulièrement ? J'ai fait un essai pour l'avatar qu'il m'avait demandé, mais je sais pas comment le lui filer x)
2015-04-07T18:47:01 <Fidzu> mmh
2015-04-07T18:47:16 <Fidzu> moustery je dirais 1x par semaine peut etre
2015-04-07T18:47:20 <Fidzu> pas souvent en tout cas
2015-04-07T18:47:35 <lunayumii> d'acc ^^ merci
2015-04-07T18:50:23 <lunayumii> Faudra que je trouve le temps de faire les cupcakes avant le pique-nique
2015-04-07T18:50:30 <lunayumii> j'ai même pas encore cherché de recette, et j'en ai jamais fait !
2015-04-07T18:50:37 <Fidzu> ^^
2015-04-07T18:50:42 <Fidzu> bonne chance
2015-04-07T18:51:04 <lunayumii> michi ^^
2015-04-07T18:54:42 *** MaCharon s'est connecté
2015-04-07T18:55:04 <lunayumii> saluuut :D
2015-04-07T18:55:14 <MaCharon> salut
2015-04-07T18:56:18 <Fidzu> lu
2015-04-07T19:01:10 *** Gordfang est parti
2015-04-07T19:02:22 <ChordsTackler> Re les gens
2015-04-07T19:02:28 <lunayumii> hey :D
2015-04-07T19:03:36 <ChordsTackler> Ca va ?
2015-04-07T19:03:42 <lunayumii> yup, et toi ?
2015-04-07T19:04:15 <ChordsTackler> Ca va. Tant que j'y suis j'ai tout lu et vu que j'étais tomber dessus un jour tiens : http://www.marmiton.org/recettes/recette_cupcakes-faciles_220843.aspx
2015-04-07T19:04:29 <lunayumii> Super ! Merci ^^
2015-04-07T19:04:36 <lunayumii> Plus qu'à bidouiller un peu pour en faire des red velvet ;)
2015-04-07T19:04:57 <ChordsTackler> ^^ Red velvet ?
2015-04-07T19:05:28 <lunayumii> http://bakedbree.com/wp-content/uploads/2011/02/red-velvet-cupcakes_23.jpg
2015-04-07T19:05:38 <ChordsTackler> ^^
2015-04-07T19:05:41 <lunayumii> sont rouges avec un glaçage blanc ^^
2015-04-07T19:05:42 <ChordsTackler> J'viens de voir sur google
2015-04-07T19:05:44 <ChordsTackler> ^^'
2015-04-07T19:05:45 <Fidzu> *bave o_o
2015-04-07T19:05:54 <lunayumii> c'est ça que jveux amener au pique-nique xD
2015-04-07T19:05:56 <ChordsTackler> et j'ai trouvé ca http://www.hervecuisine.com/recette/les-fameux-red-velvet-cupcakes/
2015-04-07T19:06:16 <ChordsTackler> ^^' Ah les sites de cuisines :D
2015-04-07T19:06:21 <lunayumii> hehe yep ^^
2015-04-07T19:06:39 <lunayumii> après Tsume avait dit qu'il ferait ptètre une forêt noire, mais s'il m'aide pour les cupcakes je sais pas
2015-04-07T19:06:58 <ChordsTackler> ^^
2015-04-07T19:07:23 <ChordsTackler> Moi j'ai dis que j'essayerai de faire un gâteau chocolat banane
2015-04-07T19:07:33 <lunayumii> ça me plaît carrément ça :3
2015-04-07T19:07:38 <ChordsTackler> Mon frère qui est cuisinier m'a donné une recette à faire donc...
2015-04-07T19:07:43 <lunayumii> ooooh
2015-04-07T19:07:47 <ChordsTackler> Il me reste plus qu'à allez faire quelques courses
2015-04-07T19:07:48 <lunayumii> ça m'intéresse encore plus xD
2015-04-07T19:07:59 <lunayumii> la même, faudra que je fasse des courses
2015-04-07T19:08:33 <lunayumii> j'espère de faire une grosse fournée de cupcakes pour que tous ceux qui veulent puisse y goûter ^^
2015-04-07T19:08:37 <ChordsTackler> C'pas par ce que la recette est bonne que le résultat le saura
2015-04-07T19:08:48 <ChordsTackler> Je cuisine pas beaucoup car ca couterai trop ^^
2015-04-07T19:09:03 <lunayumii> je cuisine assez peu en général, même si j'adore ça ^^
2015-04-07T19:09:09 <ChordsTackler> Moi aussi
2015-04-07T19:09:27 <ChordsTackler> En fait je cuisine uniquement quand je suis avec mon frère ou que je fais mon repas x)
2015-04-07T19:09:33 <lunayumii> et puis mon mini-four déconne un peu niveau thermostat, donc ça crame sans prévenir
2015-04-07T19:10:17 <lunayumii> je mange seule quasi tous les midis en semaine, du coup je fais au plus rapide et simple ^^
2015-04-07T19:10:22 <Fidzu> moi je vous ramenerez des nuggets de poulet
2015-04-07T19:10:24 <Fidzu> du mc do !
2015-04-07T19:10:29 <lunayumii> ça m'va aussi xD
2015-04-07T19:11:28 <ChordsTackler> Fidzu : Tout ce qui se mange est mangeable ;)
2015-04-07T19:11:39 <lunayumii> Tant que ça s'mange ça m'intéresse :3
2015-04-07T19:11:45 <Fidzu> de l'herbe ?
2015-04-07T19:11:48 <Fidzu> ca se mange
2015-04-07T19:11:58 <lunayumii> si j'ai mieux, j'évite xD
2015-04-07T19:12:06 <Fidzu> des fourmis ?
2015-04-07T19:12:11 <lunayumii> et comme y'a toujours au moins riz ou pâtes chez moi
2015-04-07T19:12:13 <Fidzu> c'est crunchy
2015-04-07T19:12:14 <ChordsTackler> Lunayumii moi mon four va bien ^^ j'm'en sers jamais xD et j'mange seul quand j'ai la flemme d'invité des gens mais moi aussi je vais au plus simple : Patte
2015-04-07T19:12:33 <ChordsTackler> Hummm juicy Fidzu
2015-04-07T19:12:43 <Fidzu> FOREVER
2015-04-07T19:12:45 <Fidzu> mmmh
2015-04-07T19:12:46 <lunayumii> je vis avec Tyrris mais on a des horaires de cours différents. Du coup on mange ensemble le soir et les w-e ^^ mais même là on est un peu flemmards
2015-04-07T19:12:47 <Fidzu> juicy
2015-04-07T19:12:55 <ChordsTackler> Sinon pour l'herbe : certaines
2015-04-07T19:13:07 <ChordsTackler> et pour les fourmis : je crois que ca se mange quelque part dans le monde ^^
2015-04-07T19:13:16 <lunayumii> comme les criquets grillés
2015-04-07T19:13:20 <lunayumii> et les araignées bien juteuses
2015-04-07T19:13:23 <lunayumii> au Caire par ex'
2015-04-07T19:13:26 <ChordsTackler> Moi je vis SEUL mouhahahaha
2015-04-07T19:13:56 <lunayumii> j'ai que 14h de cours par semaine, donc beaucoup de temps seule xD
2015-04-07T19:14:17 <lunayumii> entre LCE Anglais et DUT info y'a une grosse différence d'heures x)
2015-04-07T19:15:17 <ChordsTackler> ^^ Tu sais si un midi tu dois manger seule à ta fac j'suis à la fac d'à côté donc xD
2015-04-07T19:15:30 <ChordsTackler> On peut s'prévoir un casse-dalle
2015-04-07T19:15:35 <lunayumii> le vendredi midi je manga au RU près de l'iut avec une pote
2015-04-07T19:15:42 <lunayumii> mais mercredi la semaine pro' je suis seule le midi ! ^^
2015-04-07T19:15:46 <lunayumii> ça serait avec plaisir
2015-04-07T19:15:53 <ChordsTackler> Mercredi pro ? donc pas demain ^^
2015-04-07T19:15:57 <lunayumii> yup ^^
2015-04-07T19:15:58 <ChordsTackler> celui d'après ?
2015-04-07T19:16:00 <ChordsTackler> Ok
2015-04-07T19:16:12 <ChordsTackler> Bah moi j'aurais une demi heure entre 13h et 13h30 le mercredi
2015-04-07T19:16:20 <ChordsTackler> c'est le jour le plus chiant pour manger
2015-04-07T19:16:27 <ChordsTackler> ah je retire
2015-04-07T19:16:27 <lunayumii> c'est court ça
2015-04-07T19:16:30 <lunayumii> ah ?
2015-04-07T19:16:59 <ChordsTackler> ah nan c'est bon
2015-04-07T19:17:06 <ChordsTackler> entre 13h et 15h30 ^^
2015-04-07T19:17:08 <lunayumii> (sinon, vu que les autres jours aussi je mange seule, je peux rester sur place xD)
2015-04-07T19:17:11 <lunayumii> tranquille :p
2015-04-07T19:17:11 <ChordsTackler> Eh oui j'aurais pas histoire :D
2015-04-07T19:17:13 <ChordsTackler> Mouhahaha
2015-04-07T19:17:19 <lunayumii> tu voudras qu'on se voie du coup ? ^^
2015-04-07T19:17:29 <ChordsTackler> Les autres jours j'ai le lundi entre 11h15 et 13h30
2015-04-07T19:17:54 <ChordsTackler> et sinon le jeudi j'ai que une demi-heure (sauf après demain)
2015-04-07T19:17:59 <ChordsTackler> et le vendredi j'pas cours ^^
2015-04-07T19:18:06 <lunayumii> atta j'te montre ^^
2015-04-07T19:18:28 <lunayumii> http://www.hostingpics.net/viewer.php?id=731592edt.jpg
2015-04-07T19:18:38 <lunayumii> y'a que la semaine prochaine que j'ai un cours le mercredi matin
2015-04-07T19:19:10 <Fidzu> je vais manger je re
2015-04-07T19:19:14 <Fidzu> mercoi
2015-04-07T19:19:20 <ChordsTackler> bon app fidzu
2015-04-07T19:19:36 <lunayumii> n'app ^^
2015-04-07T19:19:56 <ChordsTackler> Hum... Bah mercredi prochain s'tu veux ^^
2015-04-07T19:20:09 <lunayumii> quand tu veux ^^
2015-04-07T19:20:10 <ChordsTackler> j'ai cours d'allemand de 10h30 à 12h30 donc
2015-04-07T19:20:18 <ChordsTackler> j'viendrais que à midi 30 :/
2015-04-07T19:20:29 <ChordsTackler> à moins que ca te va pas et j'irais pas en allemand
2015-04-07T19:20:31 <lunayumii> je finirai à midi 30 aussi avec le cours déplacé ^^
2015-04-07T19:20:38 <ChordsTackler> Ah bah parfait
2015-04-07T19:20:39 <ChordsTackler> ^^
2015-04-07T19:20:54 <lunayumii> je vérifie la salle par contre
2015-04-07T19:21:04 <ChordsTackler> Okie dokie lokie
2015-04-07T19:21:09 <lunayumii> xD
2015-04-07T19:21:52 <lunayumii> E208, ou l'art de nous envoyer à l'autre bout par rapport à d'habitude
2015-04-07T19:22:39 *** maitrepanda1 s'est connecté
2015-04-07T19:22:40 *** maitrepanda est parti
2015-04-07T19:23:09 <lunayumii> sinon, même si tu veux qu'on se voie un autre jour avant, c'est toi qui vois ^^ j'ai tous les midis de libres sauf le vendredi
2015-04-07T19:23:10 *** maitrepanda1 est parti
2015-04-07T19:23:13 *** maitrepanda s'est connecté
2015-04-07T19:23:26 <ChordsTackler> Bah moi j'ai jeudi ^^
2015-04-07T19:23:30 <ChordsTackler> C'est le seul qui irait
2015-04-07T19:23:41 <lunayumii> j'ai pas cours le jeudi, j'peux même venir t'attendre ^^
2015-04-07T19:23:53 *** maitrepanda est parti
2015-04-07T19:24:03 *** maitrepanda s'est connecté
2015-04-07T19:24:03 <lunayumii> en plus je dois retrouver une pote à la fac l'aprèm, donc ça irait nickel
2015-04-07T19:24:05 <ChordsTackler> Avec le lundi p't'être ^^
2015-04-07T19:24:06 *** maitrepanda est parti
2015-04-07T19:24:33 <ChordsTackler> Jeudi ca t'irait ?
2015-04-07T19:24:38 <lunayumii> si c'est jeudi dans 2 jours, je peux même me ramener avec le repas ^^
2015-04-07T19:24:52 <ChordsTackler> Ouaip c'est celui dans deux jours ^^
2015-04-07T19:25:05 <lunayumii> y'a des trucs que tu aimes pas à manger ? ^^
2015-04-07T19:25:24 <ChordsTackler> Le poisson
2015-04-07T19:25:39 <lunayumii> tu risques rien alors, j'en fais que trèèèès rarement xD
2015-04-07T19:25:39 <ChordsTackler> mais t'en fait pas ^^ j'vais me faire un plat ^^
2015-04-07T19:25:47 <ChordsTackler> C'gentil de proposer
2015-04-07T19:25:58 <lunayumii> d'acc ^^ tu veux que je vienne t'attendre à la sortie de ton cours ?
2015-04-07T19:26:01 <ChordsTackler> Le poisson est l'une des rares chose que je ne peux pas manger...
2015-04-07T19:26:09 <ChordsTackler> J'aurais pas cours le matin mais l'aprem
2015-04-07T19:26:10 <ChordsTackler> ^^
2015-04-07T19:26:16 <lunayumii> ah ben nickel xD
2015-04-07T19:26:22 <lunayumii> quelle heure et où du coup ? x)
2015-04-07T19:26:23 <ChordsTackler> donc le mieux c'est RDV à l'arrêt Montaigne Montesquieu
2015-04-07T19:26:39 <ChordsTackler> L'heure j'te laisse prévoir ^^ j'reprend les cours à 13h30 juste voila ^^
2015-04-07T19:27:31 <lunayumii> on peut dire 11h30-45 histoire d'avoir le temps d'aller se poser ^^
2015-04-07T19:27:42 <lunayumii> ou avant s'tu préfères
2015-04-07T19:27:48 <lunayumii> j'ai tout mon temps xD
2015-04-07T19:28:11 <ChordsTackler> 11h30 ca m'va ^^
2015-04-07T19:28:46 <lunayumii> ok je note ça ^^ si tu veux j'te re link mon fb pour que tu voies ma tête xD
2015-04-07T19:29:32 <ChordsTackler> Nan c'bon j'pense l'avoir en tête
2015-04-07T19:29:39 <lunayumii> d'acc ^^
2015-04-07T19:29:41 <ChordsTackler> mais prend le mien ca t'aidera si j'te vois pas
2015-04-07T19:29:52 <ChordsTackler> https://www.facebook.com/Simplet42
2015-04-07T19:30:16 <lunayumii> thanks ;)
2015-04-07T19:30:58 <ChordsTackler> ^^
2015-04-07T19:31:19 *** ELiDYROS est parti
2015-04-07T19:31:21 <Fidzu> re
2015-04-07T19:31:33 <ChordsTackler> RE
2015-04-07T19:32:08 <lunayumii> re ^^
2015-04-07T19:33:14 <Fidzu> https://soundcloud.com/julienhoang/life-is-a-runway-julienh-remix ChordsTackler tu peux me dire ce que tu en pense ?
2015-04-07T19:35:01 *** Fidzu est parti
2015-04-07T19:35:07 *** Fidzu1 s'est connecté
2015-04-07T19:37:40 <ChordsTackler> J'aime bien c'est sympa ^^ c'pas mon style préféré de musique à la base mais c'est réussi, un bon remix : fidélité au morceau et en même temps tu en fais tien.
2015-04-07T19:38:01 <ChordsTackler> Tu sais tu devrais le poster sur youtube, et le partager sur les pages bronies en demandant l'avis des gens ^^
2015-04-07T19:38:18 <Fidzu1> merci
2015-04-07T19:38:31 <Fidzu1> c'est la première fois que je fais un truc aussi .. light pour un remix
2015-04-07T19:38:54 <Fidzu1> normalement j'essay de bourer de son mais la avec si peu, je trouve que ca passe
2015-04-07T19:39:12 <ChordsTackler> Bah faut pas forcément mettre trop trop trop et trop de truc ^^
2015-04-07T19:39:14 <Fidzu1> et oui je vais le mettre sur youtube, j'attend juste d'avoir after effect pour le 'clip'
2015-04-07T19:39:19 <ChordsTackler> C'est un problème si y a trop de truc
2015-04-07T19:40:35 <ChordsTackler> dans la musique le silence est représenté c'pas pour rien (enfin bon fait pas non plus un 4:33 à la john cage) ^^
2015-04-07T19:40:58 *** TrappyTickles s'est connecté
2015-04-07T19:41:15 <ChordsTackler> Moi j'suis pas trop musique trop remplis, on en perd le fil souvent (mais bon j'adore les orchestres pourtant donc).
2015-04-07T19:42:06 <Fidzu> après il y a remplir et remplir
2015-04-07T19:42:19 <Fidzu> tout depend de comment tu remplis
2015-04-07T19:42:37 <ChordsTackler> exact ^^
2015-04-07T19:45:11 <lunayumii> je suis tout à fait d'accord
2015-04-07T19:45:17 <lunayumii> (scusez, j'étais afk)
2015-04-07T19:47:00 <ChordsTackler> Mais bon beaucoup de remix sur youtube ont le  problème d'être trop ou mal remplis
2015-04-07T19:49:20 <lunayumii> C'est pour ça que j'écoute pas souvent de remix
2015-04-07T19:49:38 <Fidzu> faut savoir qui ecouter
2015-04-07T19:49:52 <ChordsTackler> Ouaip
2015-04-07T19:49:55 <lunayumii> yup
2015-04-07T19:49:57 <ChordsTackler> Moi j'ai laissé tombé
2015-04-07T19:50:04 <ChordsTackler> J'écoute plus classique ^^
2015-04-07T19:50:24 <lunayumii> j'écoute beaucoup de classique ces derniers temps ^^
2015-04-07T19:50:53 <lunayumii> mon essai de l'autre jour était sur le classique au piano dans un anime que j'ai regardé y'a pas longtemps
2015-04-07T19:52:11 *** heuzef s'est connecté
2015-04-07T19:52:13 <Fidzu> si vous aimez bien classique
2015-04-07T19:52:16 <Fidzu> ecoutez ca
2015-04-07T19:52:17 <Fidzu> https://www.youtube.com/watch?v=0ViDPWCcwmg
2015-04-07T19:52:21 <ChordsTackler> J'entendais classique comme musique qui m'est incontournable
2015-04-07T19:52:38 <ChordsTackler> bien que j'écoute de temps en temps des compositeurs de la période classique
2015-04-07T19:52:39 <Fidzu> c'est le passage ou shining et cadence defonce chrysalis
2015-04-07T19:53:03 <ChordsTackler> Ouaip j'reconnais le morceaux
2015-04-07T19:53:15 <lunayumii> moi j'connais pas encore ^^
2015-04-07T19:53:18 <Fidzu> oh
2015-04-07T19:53:20 <ChordsTackler> c'est une version orchestral (ca veut pas dire que c'est de la musique classique) ^^
2015-04-07T19:53:21 <Fidzu> merde alors
2015-04-07T19:53:25 <ChordsTackler> SPOILLLLL xD
2015-04-07T19:53:35 <Fidzu> non mais j'aime bien ce style
2015-04-07T19:53:42 <Fidzu> désolé si j'ai spoil
2015-04-07T19:53:45 <ChordsTackler> Oh oui c'est sympa ^^
2015-04-07T19:53:52 <ChordsTackler> C'pas un spoil gravissime ^^
2015-04-07T19:53:57 <lunayumii> t'en fais pas ^^
2015-04-07T19:53:57 <Fidzu> tu en est ou dans la serie ?
2015-04-07T19:54:05 <lunayumii> toujours saison 2 épisode 17
2015-04-07T19:54:06 <ChordsTackler> le méchant est battu par le gentil c'pas franchement un grand spoil x)
2015-04-07T19:54:10 <lunayumii> pas eu le temps de continuer au final xD
2015-04-07T19:54:11 <Fidzu> ^^
2015-04-07T19:54:22 <Fidzu> la deuxieme partie de la musique me fait frissoner
2015-04-07T19:54:25 <ChordsTackler> on va juste pas parler d'après la mi saison deux
2015-04-07T19:54:29 <Fidzu> et bonsoir heuzef au fait ^^
2015-04-07T19:54:37 <lunayumii> là je fais une pause parce que j'en ai marre de bosser pour mes exams
2015-04-07T19:54:50 <lunayumii> ah oui tiens, salut heuzef ^^
2015-04-07T19:55:23 *** heuzef est parti
2015-04-07T19:55:28 <Fidzu> ah ok ..
2015-04-07T19:55:30 <Fidzu> XD
2015-04-07T19:55:34 <lunayumii> ah xD
2015-04-07T19:55:51 <Fidzu> il s'est dit: oh non pas eux .. jme casse en sneaky
2015-04-07T19:56:07 <lunayumii> pas assez sneaky faut croire xD
2015-04-07T19:58:07 *** heuzef1 s'est connecté
2015-04-07T19:58:10 <ChordsTackler> Fidzu : j'imagine que tu aimes les trucs dans ce genre si t'aime les versions orchestrales ^^
2015-04-07T19:58:23 <ChordsTackler> https://www.youtube.com/watch?v=zFGXwV8M9BM&index=5&
2015-04-07T19:59:31 <Fidzu> ouai c'est pas mal :)
2015-04-07T19:59:55 <Fidzu> après ca m'arrive d'en ecouter mais pas n'importe lesquelles
2015-04-07T19:59:58 *** heuzef1 est parti
2015-04-07T20:00:16 <Fidzu> il y en a que j'adore a fond
2015-04-07T20:00:21 <Fidzu> et d'autre bof
2015-04-07T20:00:35 <Fidzu> genre celle que je t'ai envoyé
2015-04-07T20:00:52 <Fidzu> elle je pense que c'est ma préféré de ce style
2015-04-07T20:01:14 <lunayumii> en même temps, elle est super ^^
2015-04-07T20:01:43 <Fidzu> et heuzef qui clignotte encore ..
2015-04-07T20:01:45 <lunayumii> dernièrement j'ai pas mal écouté des covers au piano de plein de trucs, ça m'a donné envie de jouer
2015-04-07T20:02:06 <Fidzu> mais ce style n'est pas mon preferé
2015-04-07T20:02:35 <Fidzu> moi ca reste dans la style gretina,tombstone,glaze,aftermath
2015-04-07T20:02:42 <Fidzu> la baaaase
2015-04-07T20:02:49 <ChordsTackler> ^^
2015-04-07T20:03:00 <lunayumii> j'écoute un peu de tout au final, ça dépend de l'humeur ^^
2015-04-07T20:03:28 <ChordsTackler> Alors que moi je limite à certaines reprise dite "métal" et quelques trucs qu'on m’envoie ^^
2015-04-07T20:03:39 <lunayumii> le dernier truc que j'ai appris c'est ça : https://www.youtube.com/watch?i2hYhbUD0gY&v=dqcmr7dfx4s
2015-04-07T20:03:53 <lunayumii> pour l'anniv de Tyrris le mois dernier ^^
2015-04-07T20:03:55 <Fidzu> moi en general j'ecoute radio brony mais pour moi, ceux qui representent le plus le fandom music c'est ceux de twenty-ten
2015-04-07T20:04:51 <lunayumii> y'a des playlists d'un peu tous les genres sur 8tracks, sinon
2015-04-07T20:04:53 <Fidzu> et d'autres
2015-04-07T20:05:04 <Fidzu> moi j'ai po de piano :(
2015-04-07T20:05:17 <ChordsTackler> Moi j'sais pas jouer du piano xD
2015-04-07T20:05:27 <Fidzu> moi je sais jouer du clavier XD
2015-04-07T20:05:34 <lunayumii> j'ai un vieux synthé (plus vieux que moi) ^^
2015-04-07T20:05:55 <lunayumii> mais je joue assez peu depuis l'année dernière à cause d'un problème de main
2015-04-07T20:05:55 <ChordsTackler> Fidzu : tu entends quoi par clavier ?
2015-04-07T20:06:03 <Fidzu> clavier pc ^^
2015-04-07T20:06:07 <Fidzu> ah ?
2015-04-07T20:06:13 <Fidzu> probleme de type grave ?
2015-04-07T20:06:26 <lunayumii> je sais pas encore, j'ai rdv chez le rhumato le 15
2015-04-07T20:06:31 <lunayumii> mais apparemment ça serait un nerf
2015-04-07T20:06:43 <Fidzu> ah pas cool ca
2015-04-07T20:06:55 <lunayumii> disons que si il faut encore que je porte une attelle, j'suis pas pressée ^^
2015-04-07T20:07:19 <Fidzu> ^^
2015-04-07T20:07:42 <Fidzu> ChordsTackler: tu connais le nom de la musique quand il presentent le village dans la s5
2015-04-07T20:07:43 <Fidzu> ?
2015-04-07T20:08:01 <ChordsTackler> bien sur j't'envois le lien youtube
2015-04-07T20:08:14 <Fidzu> ok merci
2015-04-07T20:08:24 <Fidzu> j'ai une petite idée musicale en tete :p
2015-04-07T20:08:28 <ChordsTackler> https://www.youtube.com/watch?v=uKRdoCVqTqs
2015-04-07T20:08:55 <ChordsTackler> Y a déjà pas mal de remix si tu veux voir ce que les gens ont fait
2015-04-07T20:09:08 <Fidzu> ouai je sais mais je ne les ecoutes pas
2015-04-07T20:09:14 <ChordsTackler> Ah ?
2015-04-07T20:09:14 <Fidzu> pour pas copier sans le vouloir
2015-04-07T20:09:45 <ChordsTackler> déjà retranscrite par DjDelta0 sur synthesia xD
2015-04-07T20:09:45 <Fidzu> et puis je sais deja ce que je vais faire
2015-04-07T20:09:46 <ChordsTackler> la vache
2015-04-07T20:09:52 <ChordsTackler> ok ^^
2015-04-07T20:21:01 <lunayumii> ChordsTackler : pour jeudi midi, si j'arrive avant toi j'irai me poser sur le muret près de l'arrêt, à côté des vélos ^^
2015-04-07T20:21:09 <lunayumii> (oui, je viens juste d'y penser, j'suis un boulet xD)
2015-04-07T20:21:31 <ChordsTackler> Bah tant qu'à 11h30 j'peux te voir vers l'arrêt
2015-04-07T20:21:43 <ChordsTackler> j'essayerai d'y être à 11h25 moi donc ^^
2015-04-07T20:22:50 <lunayumii> je serai sûrement en avance, comme à chaque fois que je vais quelque part ^^
2015-04-07T20:23:01 <lunayumii> mais t'façon je serai dans le coin de l'arrêt
2015-04-07T20:23:12 <lunayumii> et tu pourrais difficilement rater ma tignasse rousse, je pense xD
2015-04-07T20:30:38 <ChordsTackler> Je pense aussi
2015-04-07T20:30:54 <ChordsTackler> mais bon il y aura un temps entre le fait que je te vois et que je vienne te voir xD
2015-04-07T20:42:43 <lunayumii> je suis plus timide irl qu'en ligne, par contre xD
2015-04-07T20:44:14 <ChordsTackler> Oh Je sens que ca va être plein de conversation ^^'
2015-04-07T20:44:25 <ChordsTackler> Je suis envers les gens tant que je sais pas ce qu'il pense
2015-04-07T20:44:25 <lunayumii> après un petit moment ça ira mieux :p
2015-04-07T20:46:48 <ChordsTackler> Oh bah dès que je saurais que tu vas pas me prendre pour un fou
2015-04-07T20:47:03 <lunayumii> je suis complètement tarée moi-même, alors t'en fais pas pour ça xD
2015-04-07T20:51:13 <ChordsTackler> Ok
2015-04-07T20:51:22 <ChordsTackler> Donc je pense que ca se passera bien ^^
2015-04-07T20:52:06 <lunayumii> yup ^^
2015-04-07T20:54:19 <ChordsTackler> Par contre je n'aurai, à première vu pas trop de conversation ^^
2015-04-07T20:56:26 *** heuzef s'est connecté
2015-04-07T20:56:35 <heuzef> Yop
2015-04-07T20:56:44 <ChordsTackler> Salut Heuzef
2015-04-07T20:56:59 <heuzef> Désolé j'ai du vous louper tous à l'heure =)
2015-04-07T20:57:05 <heuzef> Grosse pression au boulot
2015-04-07T20:57:22 <heuzef> J'espère que tous le monde va bien par ce beau temps ensoleillé
2015-04-07T20:58:32 <Fidzu> yop
2015-04-07T21:00:27 <ChordsTackler> Ouaip ca va ^^ Il fait bien trop beau pour tirer la tête
2015-04-07T21:02:18 <Fidzu> j'ai montré la scene du dernier episode de la saison 4 a mon cous
2015-04-07T21:02:36 <Fidzu> comment il a pas pu kiffer ???
2015-04-07T21:02:42 <ChordsTackler> THE SCENE ^^
2015-04-07T21:02:46 <Fidzu> oui
2015-04-07T21:02:48 <Fidzu> THIS ONE$
2015-04-07T21:02:53 <ChordsTackler> C'pas vraiment une scene qu'il faudrait lui  montrer
2015-04-07T21:03:05 <Fidzu> oui mais pour pas trop spoil au cas ou il voudrais regarder
2015-04-07T21:03:09 <Fidzu> mais apperement non
2015-04-07T21:03:14 <Fidzu> tant pis pour lui
2015-04-07T21:03:16 <ChordsTackler> enfait faudrait lui parler d'une évolution des personnages telles qu'il s'attachera à eux
2015-04-07T21:03:18 <Fidzu> il loupe sa vie
2015-04-07T21:03:30 <Fidzu> ouai mais il prefere regarder son bleach
2015-04-07T21:03:33 <Fidzu> -.-
2015-04-07T21:03:37 <ChordsTackler> et puis tu aimes ca ainsi que d'autre trucs que vous aimez en communs donc y a des chances que ca lui plaise
2015-04-07T21:03:53 <Fidzu> je sais que ca lui plairais
2015-04-07T21:04:16 <Fidzu> je suis sur qu'il a juste peur d'aimer et d'avoir honte
2015-04-07T21:06:48 <ChordsTackler> Honte ? ^^
2015-04-07T21:06:54 <ChordsTackler> Je n'ai pas de honte
2015-04-07T21:07:02 <ChordsTackler> Ca n'est pas une honte pour moi
2015-04-07T21:07:07 <ChordsTackler> J'suis un peu comme ca
2015-04-07T21:07:16 <ChordsTackler> mais en même temps contradictoire
2015-04-07T21:07:30 <Fidzu> oui mais lui je sais qu'il aurais honte
2015-04-07T21:07:33 <ChordsTackler> j'suis toujours entrain de penser que les gens ne m'aiment pas
2015-04-07T21:08:00 <ChordsTackler> donc RAF qu'ils me jugent car j'aime les poneys vu qu'il ne m'aiment pas xD
2015-04-07T21:08:11 <Fidzu> pareil
2015-04-07T21:08:14 <ChordsTackler> Et puis en plus, les gens trouvent ca bizarre mais facinant
2015-04-07T21:08:35 <Fidzu> je vais avoir trop de swag a mon lycée avec mon sac poney dans 2 semaine :3
2015-04-07T21:08:48 <ChordsTackler> Ma maman elle me dit que je suis in-té-res-sant.
2015-04-07T21:08:51 <Fidzu> oui et ils font des calins a tes peluyches pp
2015-04-07T21:08:56 <Fidzu> ^^
2015-04-07T21:09:09 <ChordsTackler> Moi aussi j'aurais la classe pour allez me balader dans bordeaux avec ma pinkie sur le dos xD
2015-04-07T21:09:27 <Fidzu> XD
2015-04-07T21:09:37 <Fidzu> oublie pas ton tutu pinkie
2015-04-07T21:12:33 <Fidzu> moai ben enfaite je vais pas remixer in our town
2015-04-07T21:12:49 <Fidzu> le tempo me bousille tout
2015-04-07T21:15:55 <ChordsTackler> ^^
2015-04-07T21:16:14 <ChordsTackler> Ma jupe tu veux dire ?
2015-04-07T21:16:24 <Fidzu> oui
2015-04-07T21:16:27 <ChordsTackler> La jupe j'vais juste l'utiliser pour le cosplay
2015-04-07T21:16:37 <ChordsTackler> mais faut avant tout que j'l'achête ^^
2015-04-07T21:17:02 <Fidzu> rhoooo
2015-04-07T21:17:03 <Fidzu> allez
2015-04-07T21:17:10 <Fidzu> sois un homme et porte la en publique !
2015-04-07T21:19:20 <ChordsTackler> à vrai dire j'pas trop envie de l'abimer ^^'
2015-04-07T21:19:23 <heuzef> !list
2015-04-07T21:19:24 <ChordsTackler> vraiment ca
2015-04-07T21:19:40 <heuzef> !help flag
2015-04-07T21:28:35 <heuzef> Je doit filer @peluch
2015-04-07T21:28:45 <Fidzu> bye
2015-04-07T21:28:54 <heuzef> A bientôt /)
2015-04-07T21:29:00 *** heuzef est parti
2015-04-07T21:32:43 <ChordsTackler> Ah il est parti bah salut de là ou tu es xD
2015-04-07T21:34:01 <Fidzu> XD
2015-04-07T21:34:21 <Fidzu> je sais pas ce qu'il a fait mais c'est bizarre
2015-04-07T21:35:04 <lunayumii> il vérifiait ptètre un truc dans la liste des commandes ^^
2015-04-07T21:35:12 <Fidzu> ah ok
2015-04-07T21:35:16 <lunayumii> (et re, au passage)
2015-04-07T21:35:37 <Fidzu> re
2015-04-07T22:01:38 <lunayumii> je vais regarder un anime au lit ^^
2015-04-07T22:01:44 <lunayumii> bonne soirée et bonne nuit !
2015-04-07T22:01:54 *** lunayumii est parti
2015-04-07T22:08:59 *** Tsumenokage s'est connecté
2015-04-07T22:09:11 <Tsumenokage> Salut :)
2015-04-07T22:09:54 <Fidzu> lu
2015-04-07T22:10:12 <Tsumenokage> ça va bien ? ^^
2015-04-07T22:10:36 <Fidzu> uai et toi ?
2015-04-07T22:10:51 <Tsumenokage> bien aussi
2015-04-07T22:37:18 <ChordsTackler> Re les gens ^^
2015-04-07T22:37:54 <Fidzu> re
2015-04-07T22:38:28 <Fidzu> fais chier j'arrive pas a avoir after effect ssur ce pc -_-
2015-04-07T22:39:10 <ChordsTackler> tu fais des vidéos ?
2015-04-07T22:39:26 <Fidzu> ben je veux mettre le spectre audio pour life is a runway
2015-04-07T22:40:08 <ChordsTackler> Bah t'embête pas prend le vieux logiciel qui est sur ton ordy t'en a forcément un
2015-04-07T22:40:32 <Fidzu> nan
2015-04-07T22:40:38 <Fidzu> on peux faire ca qu'avec AE
2015-04-07T22:42:00 <ChordsTackler> ok ^^
2015-04-07T22:42:59 <Fidzu> vous faites quoi ?
2015-04-07T22:43:30 <ChordsTackler> Pokemon ^^
2015-04-07T22:43:39 <ChordsTackler> et toi ?
2015-04-07T22:43:48 <Fidzu> ben
2015-04-07T22:43:58 <Fidzu> je cherche un moyen de l'installer ^^
2015-04-07T22:45:14 <ChordsTackler> ah ^^
2015-04-07T23:05:53 *** Tsumenokage est parti
2015-04-07T23:14:20 *** ValCab33 est parti
2015-04-07T23:24:12 *** maitrepanda1 s'est connecté
2015-04-07T23:24:23 *** maitrepanda1 est parti
2015-04-07T23:24:30 <Fidzu> bon j'y vais
2015-04-07T23:24:34 <Fidzu> bonne nuit les enfants
2015-04-07T23:24:46 *** Fidzu est parti
2015-04-07T23:26:03 *** ChordsTackler est parti
2015-04-07T23:39:36 *** Jinxypie est parti
