2015-01-15T00:27:16 *** TrappyTickles est parti
2015-01-15T04:02:07 *** adriens33 est parti
2015-01-15T09:09:47 *** heuzef s'est connecté
2015-01-15T10:12:35 *** TrappyTickles s'est connecté
2015-01-15T10:36:53 *** strycore est parti
2015-01-15T11:12:44 *** adriens33 s'est connecté
2015-01-15T12:05:25 *** Gordfang s'est connecté
2015-01-15T12:09:52 <Gordfang> yo
2015-01-15T12:11:00 *** heuzef est parti
2015-01-15T12:24:15 *** Gordfang est parti
2015-01-15T12:24:46 *** Gordfang s'est connecté
2015-01-15T13:54:20 *** heuzef s'est connecté
2015-01-15T14:31:32 *** adriens331 s'est connecté
2015-01-15T14:31:37 *** adriens33 est parti
2015-01-15T14:34:50 <TrappyTickles> avec cque j'ai fait hier, je parie que vous vous attendiez à ce que je fasse celui là https://www.youtube.com/watch?v=2QirFJiHG0I
2015-01-15T14:40:29 <Gordfang> XD
2015-01-15T14:52:18 <heuzef> TrappyTickles
2015-01-15T14:52:22 <heuzef> merde le fou rire
2015-01-15T14:52:24 <heuzef> :'D
2015-01-15T14:52:47 <heuzef> Matté 3 fois de suite celui-la
2015-01-15T14:58:18 *** heuzef1 s'est connecté
2015-01-15T14:59:22 *** heuzef est parti
2015-01-15T15:04:15 <TrappyTickles> bon ben c'était une bonne idée de faire du french dub dessus alors :)
2015-01-15T15:04:54 <TrappyTickles> j'ai fait la s2 et 3 autres épisodes aussi, jles mettrai progressivement. et le track audio en fr sera dans les mkv de bbbff aussi
2015-01-15T15:07:52 *** heuzef s'est connecté
2015-01-15T15:10:03 *** heuzef1 est parti
2015-01-15T15:24:48 *** heuzef1 s'est connecté
2015-01-15T15:26:30 *** heuzef est parti
2015-01-15T16:01:14 <Gordfang> re
2015-01-15T16:02:36 <Gordfang> heuzef
2015-01-15T16:02:45 <heuzef> Gordfang  ?
2015-01-15T16:03:05 <Gordfang> je suis aller voir mon directeur par rapport au collectif ce dont je t'avais parler ^^
2015-01-15T16:03:18 <heuzef> Bilan ? =)
2015-01-15T16:03:29 <Gordfang> NOPE pour moi ^^
2015-01-15T16:03:39 <heuzef> NOPE ??
2015-01-15T16:03:51 <Gordfang> le fait que bronycub ne soit pas un collectif et le fait que je ne fasse pas de projet technique m'a niquer pas mal de point
2015-01-15T16:04:01 <Gordfang> et après j'ai pas tres bien vendu le collectif
2015-01-15T16:04:28 <heuzef> "ne soit pas une asso" ?
2015-01-15T16:04:31 <Gordfang> Matthias et Adrien vont tenter plus tard (il était pas avec moi)
2015-01-15T16:04:38 <Gordfang> oui pardon XD
2015-01-15T16:04:42 <heuzef> Grrr
2015-01-15T16:04:43 <Gordfang> association
2015-01-15T16:05:12 <heuzef> Franchement sur ce point c'est mort, on peu pas défendre ça, on est pas une asso
2015-01-15T16:05:45 <heuzef> Honnêtement t'as merdé sur 2 points du coup
2015-01-15T16:05:58 <Gordfang> ouep :D
2015-01-15T16:06:20 <Gordfang> cette année commence mal
2015-01-15T16:06:25 <heuzef> Maintenant ton dirlo à 1) une mauvaise analyse (parcerque mal vendu) et 2) connaissance du fait qu'on est un collectif et non une asso
2015-01-15T16:06:50 <heuzef> Ca reduit à mort les chance de Matthias et Adrien
2015-01-15T16:06:52 <Gordfang> en attendant tu peut pas lui cacher le fait que tu est pas un asso...
2015-01-15T16:07:07 <Gordfang> non matthias et adrien peuvent le faire vu que c'est un projet technique
2015-01-15T16:07:25 <Gordfang> même si c'est pas dans le cadre d'un asso ca reste la création d'un site
2015-01-15T16:07:36 <heuzef> Car même si ton dirlo est convaincu par l'insistance et le nombre, encore faut t'il qu'il accepte d'avoir "eu tord" avec toi
2015-01-15T16:08:00 <heuzef> Ha ok donc effectivement s'ils peuvent çe rattraper à ça
2015-01-15T16:08:16 <heuzef> Donc ce qui coince c'est surtout que t'as rien de "Technique" à faire ?
2015-01-15T16:08:20 <Gordfang> c'était ce qu'il voulai de base
2015-01-15T16:08:23 <Gordfang> ouai en gros
2015-01-15T16:08:56 <Gordfang> vu que l'on étudie pour devenir ingénieur faut montrer que lon fait du technique dans le cadre d'une association, de base j'était pas sur de pouvoir passer
2015-01-15T16:09:08 <heuzef> Le projet d'accueil des nouveaux c'est aussi beaucoup d'analyse et gestion
2015-01-15T16:09:14 <heuzef> donc pas de technique pur
2015-01-15T16:09:51 <heuzef> Mais je suis surpris que ton dirlo valorise la technique avant la gestion quand même
2015-01-15T16:10:08 <heuzef> C'est complétement l'inverse normalement
2015-01-15T16:10:46 <Gordfang> par rapport a la gestion c'est le fait que ce soit pas une asso qui pose problème
2015-01-15T16:10:47 <heuzef> Ton ecole me fait un peu penser à Epitech
2015-01-15T16:10:54 <heuzef> Ou l'on fabrique des machines à coder
2015-01-15T16:11:05 <heuzef> hmmm
2015-01-15T16:11:14 <Gordfang> bas c'est la concurrente a epitech
2015-01-15T16:11:15 <heuzef> mauvais point d'en avoir parler de ça
2015-01-15T16:11:54 <Gordfang> je t'est dit que je ne pouvais pas eviter cette partie
2015-01-15T16:12:12 <heuzef> Donc si je comprend bien SugarCUB va renter dans le cadre d'un projet suivi chez Ingésup ?
2015-01-15T16:12:14 <heuzef> En gros
2015-01-15T16:13:07 <Gordfang> peut être pas suivi
2015-01-15T16:13:12 <Gordfang> (et j'espère pas d'ailleurà
2015-01-15T16:13:21 <Gordfang> c'est a matthias et adrien de géré
2015-01-15T16:13:28 <heuzef> Pourrais être pas mal
2015-01-15T16:13:37 <heuzef> C'est quand même du lourd SugarCUB quand même
2015-01-15T16:13:52 <heuzef> Belle machine fabriqué sur mesure
2015-01-15T16:14:05 <Gordfang> oui c'est vrai
2015-01-15T16:16:33 <Gordfang> faut que je m'entraine a presenter bronycub aussi
2015-01-15T16:19:06 <TrappyTickles> on peut changer ça en association peut-être. la brigade SOS francophone l'a fait
2015-01-15T16:19:14 <TrappyTickles> alors pkoi pas les bronies
2015-01-15T16:19:47 <heuzef> Fait un moment qu'on hésite
2015-01-15T16:20:07 <heuzef> A chaque débat je suis pas vraiment convaincu
2015-01-15T16:21:13 <heuzef> Si on fait un Bureau il faut encore trouver les membres, parceque la à part un président et président-adjoint, on peu encore ce gratter pour le trésorier etc
2015-01-15T16:21:14 <Gordfang> ouai pareil
2015-01-15T16:21:37 <Gordfang> et puis je pense que c'est ce compliquer beaucoup trop la vie
2015-01-15T16:22:02 <Gordfang> si y a trop d'administratif sa va saouler les gens alors qu'on est la pour s'amuser
2015-01-15T16:22:02 <heuzef> Et puis toute cette aspect administratif paperasse de merde me semble tellement incompatible avec notre vision du friendship
2015-01-15T16:22:17 <Gordfang> sans parler du temps perdu pour heuzef
2015-01-15T16:22:28 <Gordfang> (car bon si on fait une asso c'est lui qui devra devenir president)
2015-01-15T16:22:45 <heuzef> Alors à moins que plusieurs personnes motiv vienne me pondre des arguments de poids
2015-01-15T16:23:09 <TrappyTickles> mhm
2015-01-15T16:23:17 <heuzef> BronyCAT deviendra sans doute une asso avant nous, on va pouvoir s'appuyer sur leur expérience je pense
2015-01-15T16:24:18 <Gordfang> en gros : http://objection.mrdictionary.net/go.php?n=7734682
2015-01-15T16:24:39 <heuzef> Et faudrait ce rapprocher des BronyDays et des Ponies Holidays pour voir ce qu'ils en pense tiens, eux ils sont en plein dedans
2015-01-15T16:25:58 <Gordfang> c'est des association?
2015-01-15T16:26:56 <heuzef> yep
2015-01-15T16:27:06 <heuzef> Car grosse gestion de trésorerie
2015-01-15T16:27:09 <heuzef> €€€€€
2015-01-15T16:30:41 <Gordfang> k
2015-01-15T16:45:12 <TrappyTickles> ce serait bien que Hasbro attaque le compte twitter de MLP_officiel pour usurpation d'identité... -_-
2015-01-15T16:45:58 <Gordfang> ?
2015-01-15T16:46:03 <Gordfang> c'est quoi ce compte?
2015-01-15T16:59:54 *** heuzef1 s'est connecté
2015-01-15T17:01:26 *** heuzef est parti
2015-01-15T17:21:09 *** adriens33 est parti
2015-01-15T17:47:54 *** heuzef1 est parti
2015-01-15T17:58:17 *** MaCharon s'est connecté
2015-01-15T17:58:29 *** DarkNight5047 s'est connecté
2015-01-15T17:58:56 <DarkNight5047> --> de retour du calice du dragon : j'ai louper mon bus xD
2015-01-15T17:59:57 <Gordfang> :/
2015-01-15T18:00:18 <DarkNight5047> En attente d'un autre bus dans 15min...
2015-01-15T18:06:18 *** DarkNight5047 est parti
2015-01-15T22:18:28 *** adriens33 s'est connecté
2015-01-15T22:24:34 <adriens33> le site de speed burger qui buggue encore. Je choisis « livraison à domicile » (il y a deux choix, ça et « à emporter »), et il m'invalide ma commande en me
2015-01-15T22:24:35 <adriens33> disant que je n'ai pas choisi entre livraison à domicile ou à emporter (alors que le bouton « livraison » est explicitement enfoncé)..
2015-01-15T22:24:59 <adriens33> je crois qu'ils se sont fait avoirs par leur codeur. ^^
2015-01-15T22:25:08 <adriens33> avoir*
2015-01-15T22:26:10 <Gordfang> XD
2015-01-15T22:26:45 <adriens33> après le serveur qui tombe en rade _pile_ au moment où je valide ma commande, ça.
2015-01-15T22:27:09 <adriens33> Ils ont dû embaucher Microsoft ma parole, c'est pas possible autrement.
2015-01-15T22:27:53 <adriens33> enfin bref c'est pas grave. S'ils aiment perdre des clients, ce n'est pas moi que ça empêchera de dormir.
2015-01-15T23:19:16 *** MaCharon est parti
2015-01-15T23:54:51 *** Berry-Punch s'est connecté
