2015-02-04T00:08:47 *** Lenile est parti
2015-02-04T00:08:57 *** Lenile s'est connecté
2015-02-04T00:41:02 *** TrappyTickles est parti
2015-02-04T00:50:28 <Lenile> lel
2015-02-04T01:00:53 *** ELiDYROS est parti
2015-02-04T03:10:24 *** ELiDYROS s'est connecté
2015-02-04T03:23:34 *** ELiDYROS est parti
2015-02-04T09:11:31 *** Gordfang s'est connecté
2015-02-04T09:11:48 <Gordfang> yo!
2015-02-04T09:18:03 *** heuzef s'est connecté
2015-02-04T09:18:57 *** adriens33 s'est connecté
2015-02-04T09:39:06 *** heuzef1 s'est connecté
2015-02-04T09:40:27 *** adriens331 s'est connecté
2015-02-04T09:40:31 *** heuzef est parti
2015-02-04T09:41:25 <adriens331> bordel j'en ai marre foutu client >< tu veux pas attendre un peu le timeout plutot que m'appeller adriens331 ???? je peux meme pas le changer ce pseudo de fallback de merde ><
2015-02-04T09:42:00 *** adriens33 est parti
2015-02-04T09:42:25 <adriens33> ah, au fait, bonjour tout le monde.
2015-02-04T09:45:51 <heuzef1> yo
2015-02-04T09:55:18 <adriens33> désolé je venais de me réveiller, donc niveau caractère c'est pas ça XD
2015-02-04T09:55:46 *** TrappyTickles s'est connecté
2015-02-04T10:16:04 <TrappyTickles> omg cte blague vue sur bronysquare XD
2015-02-04T10:16:24 <TrappyTickles> - t'as vu la sortie du dernier ubuntu? - Non, j'aime pas trop pokémon
2015-02-04T10:16:25 <adriens33> Quoi donc
2015-02-04T10:16:26 <adriens33> ?
2015-02-04T10:16:31 <adriens33> ..
2015-02-04T10:22:17 <adriens33> Bah en même temps, devoir réinstall son OS tous les six mois, je trouve ça débile. (Rolling release powahh)
2015-02-04T10:22:57 <TrappyTickles> j'ai vu que les livecd sotn capables de mettre à jour des releases existantes. mais j'ai pas encore testé ça. Donc chai pas si c'est une vrai réinstall
2015-02-04T10:23:17 <TrappyTickles> et vive apt-get dist-upgrade (ou un truc comme ça)
2015-02-04T10:23:36 <adriens33> de toute manière, je n'aime ni Ubuntu ni Apt. Apt c'est totalement stupide.
2015-02-04T10:23:48 <adriens33> il faut lui dire explicitement de ne pas faire de connerie
2015-02-04T10:23:54 <adriens33> sinon il casse le système tout seul.
2015-02-04T10:23:59 <adriens33> vive pacman o/
2015-02-04T10:24:37 <adriens33> enfin bref sinon t'a pu tester PonyOS ou pas ? :D
2015-02-04T10:25:14 <TrappyTickles> ah j'ai pas rééssayé tiens... J'ai pas pu le compiler avant pcq 6Go de place c'est pas assez pour ça apparemment :p
2015-02-04T10:25:38 <adriens33> ah ^^" t'a moins de 6Gio de dispo sur ton disque dur ? :P
2015-02-04T10:25:59 <adriens33> (moi j'ai fait de la place en virant des trucs sur un DD externe, j'ai 1.4Tio de libre sur mon pc maintenant :P)
2015-02-04T10:26:01 <TrappyTickles> c'est un virtualisé. jme disais, le 8Go par défaut suffirait pour un petit os avec rien :p
2015-02-04T10:26:04 <adriens33> ah
2015-02-04T10:26:13 <TrappyTickles> là j'en ai mis 30, ça devrait aller :p
2015-02-04T10:26:25 <adriens33> bah de toute façon les dd virtuels sont dynamiques
2015-02-04T10:26:35 <adriens33> ils prennent que la place nécessaire.
2015-02-04T10:26:56 <adriens33> (si tu crée un dd de 60Gio il prendra pas nécessairement 60Gio, surtout au début où il sera vide)
2015-02-04T10:28:12 <TrappyTickles> ui mais tu peux pas les resize par contre. la taille maxi une fois définie, tu peux pas la changer
2015-02-04T10:28:22 <adriens33> ouai bah c'est pas grave ça
2015-02-04T10:28:30 <adriens33> c'est pour ça qu'il vaut mieux en créer un gros au départ
2015-02-04T10:28:32 <TrappyTickles> ben si, j'ai du réinstall ubuntu du coup lol
2015-02-04T10:28:39 <adriens33> ça prend pas plus de place et t'as plus de marge comme ça
2015-02-04T10:29:08 <TrappyTickles> je m'attendais pas à compiler un si gros truc à la base :p
2015-02-04T10:29:44 <adriens33> bah même, faut avoir un peu de place pour être à l'aise.
2015-02-04T10:29:55 <adriens33> 8Gio pour un OS si petit qu'il soit c'est peu :P
2015-02-04T10:30:42 <TrappyTickles> ils sont cons chez vbox alors :p
2015-02-04T10:31:34 <adriens33> bah non, c'est juste que sur le preset que tu as pris c'est une taille *minimale*, ça ne t'empèche pas de bouger tes doigts pour changer la taille qu'il va allouer.
2015-02-04T10:33:02 <TrappyTickles> ben c'est con une taille minimale. si tu fais un virtualisé, c'est pas juste pour l'allumer et l'éteindre, c'est bien pour tester.. sans parler des updates éventuelles
2015-02-04T10:33:13 <TrappyTickles> et cque tu fais peut prendre de la place
2015-02-04T10:33:22 <adriens33> bah 8Gio si tu install windows xp ça rentre.
2015-02-04T10:33:45 <adriens33> (ou archlinux, de base y'a pas grand chose, techniquement c'est toi qui décide de tout ce qui rentre dans le système)
2015-02-04T10:33:51 <TrappyTickles> sans les SP alors lol
2015-02-04T10:33:54 <adriens33> euh..
2015-02-04T10:34:32 <TrappyTickles> enfin bon ça y est compilage en cours
2015-02-04T10:34:54 <adriens33> yay ^^
2015-02-04T10:40:06 <adriens33> ++
2015-02-04T10:40:15 *** adriens33 est parti
2015-02-04T10:40:32 <strycore> les seules raisons que j'ai de reinstaller Ubuntu c'est quand je change de disque dur ಠ_ಠ autrement j'ai des installs qui m'ont duré des années
2015-02-04T10:40:46 <strycore> s/disque dur/ssd/
2015-02-04T10:41:13 <TrappyTickles> pratiquement pareil ici.. sauf une fois
2015-02-04T10:41:24 <TrappyTickles> coupure de courant pendant la dist-upgrade, jte laisse imaginer
2015-02-04T10:41:47 <TrappyTickles> la première et dernière fois ou j'ai eu un kernel panic sur une machine physique lol
2015-02-04T10:42:18 <strycore> ah ouais alors vraiment pas de bol
2015-02-04T10:42:37 <strycore> parce que même une install qui plante au milieu ça se récupère bien
2015-02-04T10:42:57 <strycore> mais bon, suffit que ça plante au mauvais moment
2015-02-04T10:43:40 <TrappyTickles> ça a planté quand ça installait et configurait les packages
2015-02-04T10:43:46 <TrappyTickles> au téléchargement ça aurait allé, oui
2015-02-04T10:44:11 <strycore> même lors de la config ça peut planter
2015-02-04T10:44:29 <strycore> en général ça se récupère avec un apt-get -f install
2015-02-04T10:45:13 <TrappyTickles> heh j'ai souvent besoin de cette commande avec ttf-mscorefont-installer -_-
2015-02-04T10:45:20 <TrappyTickles> tout ça a cause d'une licence à la con
2015-02-04T10:46:02 <strycore> doit y avoir moyen de skipper l'écran de la license
2015-02-04T10:46:30 <strycore> enfin pas sur une install de base
2015-02-04T10:46:32 <TrappyTickles> pas encore trouvé. l'écran de licence c'est un faux truc graphique
2015-02-04T10:46:41 <strycore> mais avec un script
2015-02-04T10:47:01 <strycore> j'ai déjà fait ça pour mysql pour que ça demande pas les mots de passe par exemple
2015-02-04T10:47:02 <TrappyTickles> sais pas
2015-02-04T10:47:23 <TrappyTickles> ou alors qu'ils fassent pour le pack un truc de licence en mode graphique
2015-02-04T10:47:26 <strycore> sudo debconf-set-selections <<< 'mysql-server mysql-server/root_password password admin'
2015-02-04T10:49:32 <TrappyTickles> et voila, build encore échoué avec error 1
2015-02-04T10:51:25 *** Gordfang est parti
2015-02-04T10:51:41 <TrappyTickles> le disk est même pas plein -_-
2015-02-04T10:52:45 <strycore> sudo debconf-set-selections <<< 'ttf-mscorefonts-installer msttcorefonts/accepted-mscorefonts-eula true'
2015-02-04T10:53:03 <strycore> voila la commande pour les TTF :D
2015-02-04T10:58:18 <TrappyTickles> ils devraient mettre ça par défaut au moins dans playonlinux
2015-02-04T10:58:27 <TrappyTickles> https://www.youtube.com/watch?v=9SEu1YnEAdk omg pure gold :o
2015-02-04T11:04:06 *** Gordfang s'est connecté
2015-02-04T11:53:24 *** Elvon s'est connecté
2015-02-04T11:53:55 <Elvon> Hello Evryponies !!
2015-02-04T11:55:09 *** heuzef est parti
2015-02-04T12:07:33 <TrappyTickles> bon ben archlinux je laisse tomber. grub veut pas s'installer pour une raison obscure
2015-02-04T12:07:35 <TrappyTickles> oi
2015-02-04T12:16:45 <Elvon> Obscure est linux seul les êtres maléfiques qui on reçus l'enseignement suprême peuvent l'utilisé. même après plusieurs expérience je n'ai toujours réussit une installation sans soucis avec ce vieux Inux. j'ai pourtant etait pris sous l'aile de Bountu mais ça foire toujours a la fin.
2015-02-04T12:17:31 * Elvon ce reconverti a la religions Windaubien pour mieux cernés sont problème de Foix.
2015-02-04T12:29:06 *** Gordfang est parti
2015-02-04T12:30:27 *** lenimobile s'est connecté
2015-02-04T12:30:34 <lenimobile> Yop
2015-02-04T12:32:13 *** lenimobile est parti
2015-02-04T12:32:36 *** lenimobile s'est connecté
2015-02-04T12:32:36 <lenimobile> Fail
2015-02-04T12:39:31 *** lenimobile est parti
2015-02-04T12:41:57 *** Elvon est parti
2015-02-04T13:06:49 *** heuzef s'est connecté
2015-02-04T13:40:56 *** adriens33 s'est connecté
2015-02-04T13:41:28 <adriens33> re les gens
2015-02-04T13:55:08 <TrappyTickles> re
2015-02-04T13:55:50 <adriens33> re
2015-02-04T14:21:41 *** heuzef1 s'est connecté
2015-02-04T14:21:54 <heuzef1> !history
2015-02-04T14:22:06 <strycore> http://www.firewall-services.com/media/image/visuel_solutions.jpg
2015-02-04T14:22:08 <adriens33> heuzef tu peux faire ça en pv tu sais^^
2015-02-04T14:22:41 <heuzef1> !kick heuzef
2015-02-04T14:22:55 <adriens33> ça changera rien...
2015-02-04T14:23:05 <adriens33> te kick ça déconectera pas ton compte.
2015-02-04T14:23:10 <adriens33> *déconnectera
2015-02-04T14:23:29 <adriens33> (/msg NickServ regain is your friend ;) )
2015-02-04T14:23:41 <adriens33> (sinon t'attends 240 secondes.)
2015-02-04T14:23:49 <heuzef1> Et bien ça fait plaisir de voir que je m'en sort toujours pas sur ce foutu tchat
2015-02-04T14:23:51 <heuzef1> ^^
2015-02-04T14:24:03 <adriens33> eh bah t'a qu'à arrêter de déco salement aussi^^"
2015-02-04T14:24:13 <heuzef1> Ouais
2015-02-04T14:24:22 <adriens33> si tu faisait /quit avant de couper salement la socket réseau ça t'arriverai pas.
2015-02-04T14:24:24 <strycore> heuzef1, c'est parce que tu utilises pas iPasserelle
2015-02-04T14:24:40 *** heuzef est parti
2015-02-04T14:24:50 <heuzef> vouala
2015-02-04T14:27:05 <heuzef> Bon en tous j'ai chaud au coeur
2015-02-04T14:27:21 <heuzef> Il s'est passé quelque chose d'incroyable hier soir
2015-02-04T14:27:31 <heuzef> Ca promet d'être incroyable pour 2015
2015-02-04T14:28:03 <adriens33> Vas-y raconte au lieu de faire du teasing
2015-02-04T14:28:20 <strycore> ლ(ಠ益ಠლ)
2015-02-04T14:31:38 <strycore> inb4 "Je me suis promis de ne plus coder en PHP et de n'utiliser que des bons langages"
2015-02-04T14:32:14 <strycore> inb4 "Je quitte les bronis et je vais fonder un collectif sur Adventure Time"
2015-02-04T14:32:43 <adriens33> pour le 1er ça m'étonnerait.
2015-02-04T14:32:54 <adriens33> le 2e ça serait un peu salaud :P
2015-02-04T14:35:42 <TrappyTickles> arf je sais pas s'il faut dire "super" ou bien "pff encore un"
2015-02-04T14:35:50 <TrappyTickles> un nouveau wtpony est released
2015-02-04T14:36:03 <adriens33> les deux en même temps ? XD
2015-02-04T14:37:45 <TrappyTickles> bon ben au boulot. tfaçons, saints row 5 est pas encore arrivé :p
2015-02-04T14:44:07 *** Gordfang s'est connecté
2015-02-04T14:44:17 <adriens33> plop Gordfang
2015-02-04T14:45:10 <heuzef> strycore: pour le 1er c'est très propable
2015-02-04T14:45:23 <heuzef> Pour le 2éme c'est absolument impropable
2015-02-04T14:45:47 <heuzef> adriens33 nop pas pour le moment, mais t'en fait pas tu risque pas de louper une info pareil ^^
2015-02-04T14:46:29 <strycore> heuzef, oui c'est la définition de "incroyable", quelque chose qui est difficile a croire et qu'on aurait jugé improbable
2015-02-04T14:46:30 <heuzef> Gordfang y'a du nouveau pour hier, t'ayant mentionné à l'instant je préfère te notif du coup
2015-02-04T14:46:45 <heuzef> !muffin strycore
2015-02-04T14:46:52 <heuzef> Ha ! Tu la pas volé celui la :D
2015-02-04T14:46:57 <adriens33> +ne
2015-02-04T14:47:00 <adriens33> *l'a
2015-02-04T14:47:03 <adriens33> *là
2015-02-04T14:47:10 <adriens33> :D
2015-02-04T14:47:20 <Gordfang> re
2015-02-04T14:47:40 <Gordfang> j'ai raté quoi heuzef?
2015-02-04T14:48:00 <Gordfang> AH LE BATARD XD
2015-02-04T14:48:45 <heuzef> ;)
2015-02-04T14:49:01 <heuzef> T'es as obligé d'approuver hein
2015-02-04T14:49:05 <heuzef> pas*
2015-02-04T14:49:11 <adriens33> heuzef: « (04/02/2015 14:27:21) Heuzef: Il s'est passé quelque chose d'incroyable hier soir
2015-02-04T14:49:12 <adriens33> (04/02/2015 14:27:31) Heuzef: Ca promet d'être incroyable pour 2015 » → tu accouches ou bien ?
2015-02-04T14:49:15 <adriens33> :D
2015-02-04T14:49:25 <Gordfang> .............. je vais te tuer un jour tu sait heuzef
2015-02-04T14:49:32 <heuzef> adriens33 nop pas pour le moment, mais t'en fait pas tu risque pas de louper une info pareil ^^
2015-02-04T14:49:39 <adriens33> ok.
2015-02-04T14:49:50 <adriens33> donc en gros tu sors qu'il y a une nouvelle, mais que tu la dira pas.
2015-02-04T14:49:59 <heuzef> Niark niark
2015-02-04T14:50:06 <adriens33> C'est quoi l'intérêt de le dire dans ce cas ? Faire rager tout le monde ? XD
2015-02-04T14:50:10 <heuzef> yep
2015-02-04T14:50:29 <adriens33> You're devilish, Sir.
2015-02-04T14:50:48 <Gordfang> tu connais les bandes-annonces et le suspense?
2015-02-04T14:50:57 <Gordfang> bas heuzef applique bien le principe la :D
2015-02-04T14:51:02 <adriens33> oui, ça s'appelle de la _pub_.
2015-02-04T14:51:12 <adriens33> et la pub c'est mal, m'voyez ? :D
2015-02-04T14:51:43 <heuzef> t'en fait pas c'est plutôt positif à première vue
2015-02-04T14:52:09 <adriens33> (c'était une blague, hein.)
2015-02-04T14:52:19 <adriens33> bah c'est cool alors
2015-02-04T14:54:01 <heuzef> Hmm nop, si ce qui ce passe actuellement abouti réellement à quelque chose, "cool" est bien trop faible
2015-02-04T14:54:52 <Gordfang> calme toi heuzef ^^ une trop grosse pub sa peut nous être negatif
2015-02-04T14:54:58 <heuzef> Enfin bref, stop teasing, sinon strycore va me harceler
2015-02-04T14:55:59 <strycore> je vais te harceler tant que tu dis pas ton truc
2015-02-04T14:56:13 <adriens33> ouai pis si tu fais trop de pub et que quand tu annonces la chose, ça fait un bide, t'auras l'air malin heuzef :P
2015-02-04T14:56:29 <Gordfang> tu vois wath dog? bas c'est le même principe
2015-02-04T14:56:42 <Gordfang> pub énorme, jeux de l'année, futur du jeux vidéo
2015-02-04T14:56:47 <strycore> inb4 "Je quitte Bordeaux et je vais vivre avec strycore en Californie"
2015-02-04T14:56:50 <Gordfang> en fin de compte c'était un pétard mouillé
2015-02-04T14:57:11 <heuzef> Ouais mais j'ai pas été autant excité par quelque chose depuis au moins la création de BronyCUB
2015-02-04T14:57:18 <adriens33> strycore: arrête de prendre tes désirs pour des réalités XD
2015-02-04T14:57:32 <adriens33> Gordfang: ouai voilà, c'est l'idée :D
2015-02-04T15:00:06 <heuzef> strycore t'en fait pas là bà y'a la Equestrian LA : http://equestriala.com/
2015-02-04T15:00:08 <strycore> j'en sais rien moi, je dis des trucs "incroyables"
2015-02-04T15:00:25 <heuzef> Tu sera pas dépaysagé ^^
2015-02-04T15:00:30 <adriens33> *dépaysé
2015-02-04T15:00:57 <adriens33> (ouais, je suis en mode chieur aujourd'hui)
2015-02-04T15:01:44 <strycore> ouf, Anaheim c'est loin de Santa Monica
2015-02-04T15:03:00 <strycore> inb4 "Je vais me mettre sérieusement a Python et je vais consacrer au moins 5 heures par semaines a l'amélioration de Lutris"
2015-02-04T15:03:41 <heuzef> ça arrivera un jour ça
2015-02-04T15:04:01 <heuzef> Quand tu va me voir commit sur Lutris tu va être fou
2015-02-04T15:04:06 <adriens33> Python c'est bien
2015-02-04T15:04:10 <adriens33> c'est quoi Lutris ?
2015-02-04T15:04:33 <strycore> https://lutris.net
2015-02-04T15:05:13 <strycore> c'est un Steam-like open source sur lequel je travaille depuis 2009
2015-02-04T15:07:24 <adriens33> Oh, sympa :D
2015-02-04T15:07:31 <adriens33> en python du coup ?
2015-02-04T15:07:41 <strycore> l'interface et le site oui
2015-02-04T15:07:54 <adriens33> ok^^
2015-02-04T15:08:07 <strycore> après ça regroupe beaucoup de composants
2015-02-04T15:08:41 <strycore> dont une vingtaine d'émulateurs en tout genre
2015-02-04T15:08:52 <adriens33> ça à l'air sympa :)
2015-02-04T15:12:12 <heuzef> strycore tu sais qui, comme Girollien, pourrais avoir un profil d'Admin Réseau + Gestionnaire + Dev Web + Graphique ?
2015-02-04T15:12:18 <heuzef> A part moi et Yoyo
2015-02-04T15:12:39 <heuzef> Graphiste*
2015-02-04T15:12:44 <strycore> c'est quoi gestionnaire ?
2015-02-04T15:13:03 <strycore> c'est comme Nautilus, Thunar et Dolphin?
2015-02-04T15:13:08 <heuzef> Gestion de projet, management, analyse
2015-02-04T15:13:14 <strycore> ben voyons
2015-02-04T15:14:03 <strycore> il y a vraiment qu'en France ou on demande a quelqu'un de connaitre 4 metiers, tout ca pour le payer 30% de plus que le SMIC
2015-02-04T15:14:42 <heuzef> pas faut, surtout que la il est même pas question d'un "plus que le SMIC"
2015-02-04T15:15:18 <strycore> mdr
2015-02-04T15:15:38 <heuzef> Bon alors une idée ? ^^
2015-02-04T15:15:45 <strycore> qu'ils aillent toucher a leur cul ceux qui demandent ça
2015-02-04T15:16:14 <heuzef> Je t'es pas demander ton avis, je le connaissais bien avant de te poser la question
2015-02-04T15:16:19 <adriens33> "tu veux faire quoi?" "développeur" "chef de projet alors." "non, développeur" "c'est pas un métier ça."
2015-02-04T15:16:20 <adriens33> →y'a qu'en France qu'on a cette putain de mentalité.
2015-02-04T15:20:32 <strycore> heuzef, même si je connaissait quelqu'un avec ce type de profil, il n'y a personne que je déteste suffisament pour le pousser vers ça
2015-02-04T15:34:46 <heuzef> strycore attention aux certitudes comme d'hab, tu ignore tous du contexte
2015-02-04T15:36:52 <strycore> bah franchement, occuper les responsibilités de 4 postes pour toucher le SMIC, sauf si c'est dans une asso qui s'occupe de sauver les panda roux, je vois pas en quoi c'est un bon plan
2015-02-04T15:37:07 <strycore> c'est pour sauver les panda roux ?
2015-02-04T15:38:38 <heuzef> Oui
2015-02-04T15:38:50 <strycore> bah donne une preuve
2015-02-04T15:39:08 <strycore> je veux un secretary bird https://www.youtube.com/watch?v=68BPPVVpN7s
2015-02-04T15:40:56 *** Gordfang est parti
2015-02-04T15:41:24 <TrappyTickles> eh ben, en termes de rapidité... version FR du dernier WTPony en ligne à peine 2 heures après l'épisode original :p
2015-02-04T15:41:43 <TrappyTickles> dans moins de 30min jvous passe le lien :p
2015-02-04T15:42:53 <adriens33> TrappyTickles: c'est bien t'es réactif dis :D
2015-02-04T15:47:33 <strycore> heuzef, je comprends toujours pas pourquoi la plupart des entreprises qui embauchent veulent a ce point rester dans l'anonymat.
2015-02-04T15:47:52 <strycore> cf. la plupart des annonces d'offre d'emploi
2015-02-04T15:49:21 <strycore> même l'autre jour j'ai reçu un appel d'un recruteur pour une boite a Dublin, la boite était juste référée en tant que "our client"
2015-02-04T15:50:03 <TrappyTickles> https://www.youtube.com/watch?v=3mUOJNitLgE wala
2015-02-04T15:55:18 <heuzef> :D
2015-02-04T15:55:25 <heuzef> Extra
2015-02-04T16:00:48 <TrappyTickles> par contre il avait un guest dans celui là, j'aurais du en prendre un :p
2015-02-04T16:02:21 *** Gordfang s'est connecté
2015-02-04T16:02:54 <TrappyTickles> cette manie des hackers de mettre du chiptune dans leurs installeurs... un jour faudra sortir une compil XD
2015-02-04T16:04:11 <adriens33> c'est trop bien la chiptune :P
2015-02-04T16:04:22 <adriens33> mais ouai, j'suis d'accord.
2015-02-04T16:04:59 <TrappyTickles> Tophacking! la compil des meilleurs chiptunes de keygens!! en vente sur itunes! et gratuit sur TPB aussi bien sur! :p
2015-02-04T16:05:12 <adriens33> :D
2015-02-04T16:05:26 <TrappyTickles> sur ce, sr5, j'y go :p
2015-02-04T16:05:30 <adriens33> ++
2015-02-04T16:36:17 *** ELiDYROS s'est connecté
2015-02-04T17:18:29 *** Gordfang est parti
2015-02-04T17:24:07 <strycore> heuzef, je saurai donc jamais le nom de l'entreprise qui cherche des personnes aux multiples compétences?
2015-02-04T17:24:25 <strycore> est ce que c'est eux ? http://www.firewall-services.com/media/image/visuel_solutions.jpg
2015-02-04T17:24:32 <heuzef> Absolument pas :/
2015-02-04T17:25:12 <heuzef> C'est une asso, sans grand moyen, qui lutte pour la survie des panda roux
2015-02-04T17:25:34 <strycore> est ce que quand ton boss viens te voir tu lui fais un pouce en l'air comme sur la photo?
2015-02-04T17:26:20 <heuzef> :D
2015-02-04T17:26:37 <heuzef> Non, mais au client ouais carément ouais
2015-02-04T17:26:47 <heuzef> Avec le sourire et tout
2015-02-04T17:27:09 <strycore> https://www.youtube.com/watch?v=BWnwl_AC2ew
2015-02-04T18:03:07 *** MaCharon s'est connecté
2015-02-04T18:14:20 *** heuzef1 s'est connecté
2015-02-04T18:15:38 *** heuzef est parti
2015-02-04T18:19:06 *** heuzef s'est connecté
2015-02-04T18:21:03 *** heuzef1 est parti
2015-02-04T18:26:15 *** heuzef1 s'est connecté
2015-02-04T18:27:36 *** heuzef est parti
2015-02-04T18:44:23 *** heuzef1 est parti
2015-02-04T19:38:53 *** adriens33 est parti
2015-02-04T19:46:19 *** Petit_Cotton est parti
2015-02-04T20:11:51 *** adriens33 s'est connecté
2015-02-04T20:33:11 *** Petit_Cotton s'est connecté
2015-02-04T20:36:37 *** MaCharon est parti
2015-02-04T20:54:17 *** Petit_Cotton est parti
2015-02-04T21:07:17 <TrappyTickles> omg purée j'ai lu Petit_Cochon, je me disais wtf XD
2015-02-04T21:11:18 <Lenile> Lel
2015-02-04T21:11:20 <Lenile> Salut
2015-02-04T21:36:40 *** Petit_Cotton s'est connecté
2015-02-04T21:51:05 *** Lenile est parti
2015-02-04T21:52:50 *** adriens331 s'est connecté
2015-02-04T21:52:54 *** adriens33 est parti
2015-02-04T21:57:01 *** Petit_Cotton est parti
2015-02-04T21:59:04 *** Petit_Cotton s'est connecté
2015-02-04T23:24:23 *** Petit_Cotton est parti
2015-02-04T23:30:31 *** adriens33 est parti
