2015-02-02T00:40:35 *** adriens33 est parti
2015-02-02T00:40:44 *** TrappyTickles est parti
2015-02-02T00:42:44 *** adriens33 s'est connecté
2015-02-02T02:22:00 <ELiDYROS> T'as recup le courant adriens33 ?
2015-02-02T02:22:19 <adriens33> je sais pas, je suis chez wildfier toujours
2015-02-02T02:22:29 <ELiDYROS> ah ok désolé
2015-02-02T02:22:33 <adriens33> np ^^
2015-02-02T02:22:55 <ELiDYROS> Moi je m'ennuie là :|
2015-02-02T02:23:16 <adriens33> ah
2015-02-02T02:23:28 <adriens33> bah moi je lis des creepypasta ^^
2015-02-02T02:24:01 <ELiDYROS> Disons que la semaine repart et que je sais que je vais surement voir personne pendant 5 jours
2015-02-02T02:24:28 <adriens33> d'accord.. :/
2015-02-02T02:24:28 <ELiDYROS> Et j'ose pas proposer à grand monde car j'ai peur qu'on s'ennuie chez moi
2015-02-02T02:25:26 <adriens33> bah avec tous les jeux que t'as.. ^^ faut faire genre un programme a l'avance, histoire de pas passer le temps en demandant a quoi jouer, et/ou faire des tournois, ça peut etre sympa
2015-02-02T02:26:13 <ELiDYROS> Bah j'ai beaucoup de jeux qui me plaisent à moi forcément pas nécessairement aux autres xD
2015-02-02T02:27:42 <ELiDYROS> heuzef l'a fait plus moins remarqué, j'ai pas forcément des "petits" jeux, facile d'accès, pour tout le monde
2015-02-02T02:30:22 <adriens33> ah
2015-02-02T02:30:36 <adriens33> bah faut trier, on sait jamais :)
2015-02-02T02:31:06 <ELiDYROS> Je suis assez maniaque, malheureusement pour moi je sais quasiment par coeur tout ce que j'ai lol
2015-02-02T02:31:15 <adriens33> ah
2015-02-02T02:31:16 <adriens33> XD
2015-02-02T02:32:44 <ELiDYROS> Ouais j'ai du faire un listing pour savoir où j'en étais, l'état de mes jeux etc
2015-02-02T02:33:03 <ELiDYROS> Et quand je joue avec des inconnus je pioche dedans pour avoir des idées
2015-02-02T02:33:46 <ELiDYROS> Aujourd'hui à part Mario Kart 8 et Smash Bros. j'ai rien de vraiment univesel
2015-02-02T02:33:53 <ELiDYROS> Et je crois que je fais peur à certains sur Smash
2015-02-02T02:33:56 <ELiDYROS> lol
2015-02-02T02:34:01 <adriens33> XD
2015-02-02T02:34:59 <adriens33> bah après tu peux faire un mail en exposant ta liste pour voir qui pourrait etre intéressé par quoi ?
2015-02-02T02:35:07 <ELiDYROS> déjà fait
2015-02-02T02:35:31 <ELiDYROS> d'ailleurs comme j'en ai fait une sur autre site l'autre est plus à jour
2015-02-02T02:35:38 <ELiDYROS> mais, personne n'avait réagi à ce moment là
2015-02-02T02:41:16 <ELiDYROS> Dis tu connaitrais pas par hasard le format de bureau android ?
2015-02-02T02:41:41 <ELiDYROS> La taille de l'image de fond, j'ai du mal à savoir vu qu'elle défile en swappant
2015-02-02T02:45:34 <adriens33> nope, je sais pas ^^"
2015-02-02T02:45:56 <adriens33> ça doit dépendre de la quantité de bureaux virtuels et de la taille de l'écran
2015-02-02T02:47:32 <ELiDYROS> ouais c'est ce que je me suis dit après
2015-02-02T02:58:33 <ELiDYROS> Je suis en train de me dire que je devrais faire gaffe à ce que je vais mettre
2015-02-02T03:31:47 <ELiDYROS> Bon allez j'y vais moi, à tout
2015-02-02T03:31:49 *** ELiDYROS est parti
2015-02-02T04:25:51 *** adriens33 est parti
2015-02-02T08:52:39 *** Gordfang s'est connecté
2015-02-02T09:16:34 *** heuzef s'est connecté
2015-02-02T09:26:53 <Gordfang> yo
2015-02-02T09:28:22 <heuzef> plop
2015-02-02T09:30:02 <Gordfang> heuzef tu est en paxe toi
2015-02-02T09:30:10 <heuzef> paxe ?
2015-02-02T09:30:17 <heuzef> pacs tu veux dire ?
2015-02-02T09:30:57 <Gordfang> yep :p
2015-02-02T09:32:44 *** TrappyTickles s'est connecté
2015-02-02T09:35:59 <Gordfang> du coup tu aurai pas des petite anecdote de couple à nous partager? du genre ce qu'elle dit et ce que tu comprend?
2015-02-02T09:42:18 <Gordfang> je re
2015-02-02T09:42:28 *** Gordfang est parti
2015-02-02T09:43:02 <heuzef> Pas compris :/
2015-02-02T09:45:35 <TrappyTickles> oi
2015-02-02T09:45:56 <TrappyTickles> heuzef, ma femme se sent mieux en passant, mais elle aura son opé qu'en mars
2015-02-02T09:46:22 <heuzef> :/
2015-02-02T09:46:41 <heuzef> J'espère qu'elle souffre pas trop du coup
2015-02-02T09:46:51 <heuzef> Ca fait 1 mois à tenir
2015-02-02T09:47:04 <TrappyTickles> là ça va elle est sous medoc. elle est juste rentrée malade jeudi
2015-02-02T09:47:14 *** Gordfang s'est connecté
2015-02-02T09:47:25 <TrappyTickles> ces crevards auraient quand même pu l'opérer plus tot, qu'on soit débarassés
2015-02-02T09:48:26 <Gordfang> ?
2015-02-02T09:48:56 *** Gordfang est parti
2015-02-02T09:49:35 *** adriens33 s'est connecté
2015-02-02T09:51:15 <TrappyTickles> putain j'en ai marre de ces cons de voisins qui ouvrent au démarcheurs sans réfléchir
2015-02-02T09:51:34 <adriens33> hello
2015-02-02T09:51:35 <TrappyTickles> jcrois que je vais écrire une note en bas de l'immeuble si ça continue
2015-02-02T09:51:38 <TrappyTickles> oi
2015-02-02T09:52:35 <heuzef> relax ;)
2015-02-02T09:53:19 <TrappyTickles> y a une loi qui interdit le démarchage dans ces immeubles, c'est pas pour que des vautours les contournent
2015-02-02T09:57:27 <adriens33> ouep
2015-02-02T09:57:45 <adriens33> (y'a du monde de bon matin, ça fait plaisir à voir :) )
2015-02-02T09:57:54 <adriens33> Bon j'ai retrouvé le courant moi en tout cas
2015-02-02T09:58:01 <adriens33> et mon pc a pas souffert.
2015-02-02T09:58:33 <adriens33> (en meme temps j'ai jamais vu un fs aussi résistant aux coupures de courant brutales que l'EXT-4 XD)
2015-02-02T10:00:34 <adriens33> (vive le journal)
2015-02-02T10:02:58 *** adriens33 est parti
2015-02-02T10:04:44 *** adriens33 s'est connecté
2015-02-02T11:04:07 *** Gordfang s'est connecté
2015-02-02T11:08:25 <adriens33> salut Gordfang
2015-02-02T11:09:38 <Gordfang> re adrien33 ^^
2015-02-02T11:10:05 <adriens33> ^^
2015-02-02T11:11:20 *** Gordfang est parti
2015-02-02T11:13:36 *** Gordfang s'est connecté
2015-02-02T11:13:38 <Gordfang> re
2015-02-02T11:39:57 *** adriens33 est parti
2015-02-02T11:54:23 *** ELiDYROS s'est connecté
2015-02-02T12:21:05 *** Gordfang est parti
2015-02-02T12:28:30 *** heuzef est parti
2015-02-02T13:02:17 *** ELiDYROS est parti
2015-02-02T14:13:20 *** Gordfang s'est connecté
2015-02-02T14:13:27 <Gordfang> yo
2015-02-02T14:13:30 <Gordfang> enfin re
2015-02-02T14:19:11 *** Gordfang est parti
2015-02-02T14:20:16 *** Gordfang s'est connecté
2015-02-02T15:30:11 *** heuzef s'est connecté
2015-02-02T15:50:01 *** adriens33 s'est connecté
2015-02-02T15:50:30 <adriens33> re
2015-02-02T15:57:03 <heuzef> re
2015-02-02T16:01:03 *** heuzef1 s'est connecté
2015-02-02T16:02:44 *** heuzef est parti
2015-02-02T16:20:45 <TrappyTickles> tain le prix des kits carte mere + cpu ça revient tellemetn cher, des fois, autant racheter un pc entier :/
2015-02-02T16:20:52 <TrappyTickles> pkoi j'ai un socket de merde pour mon cpu :'(
2015-02-02T16:42:25 *** adriens33 est parti
2015-02-02T17:20:03 <TrappyTickles> j'ai rajouté l'OST de megapony dans bbbff. C'est assez rare pour que ça en vaille la peine :p
2015-02-02T17:25:46 <heuzef1> Surtout pas oublier l'integrale e Fluffle Puff aussi
2015-02-02T17:25:53 <heuzef1> C'est absolument mythique quand même
2015-02-02T17:26:11 <strycore> inb4 http://www.newegg.com/Product/ComboBundleDetails.aspx?ItemList=Combo.1814665
2015-02-02T17:26:24 <TrappyTickles> mmm des subs, ça pourrait le faire oui... par contre le doublage, a moins que je demande à ma femme... :p
2015-02-02T17:26:46 <TrappyTickles> bonne idée de projet tiens
2015-02-02T17:27:50 <TrappyTickles> enfin pas sur. je suis pas megafan
2015-02-02T17:29:43 *** heuzef s'est connecté
2015-02-02T17:30:27 *** heuzef1 est parti
2015-02-02T17:31:32 <TrappyTickles> tain enFOIRES de microsuck!!
2015-02-02T17:31:45 <TrappyTickles> pour utiliser cortana dans windows 10 il faut un compte microsoft!
2015-02-02T17:32:02 <strycore> ಠ_ಠ
2015-02-02T17:32:26 <strycore> il faut déjà un compte microsoft juste pour pouvoir se logger a Windows 8
2015-02-02T17:32:58 <TrappyTickles> oui mais c'est pas obligatoire, ça encore
2015-02-02T17:33:06 <TrappyTickles> y a une combine pour faire des comptes locaux à l'ancienne
2015-02-02T17:33:14 <TrappyTickles> ce que je fais d'habitude
2015-02-02T17:33:20 <TrappyTickles> par contre cortana, dans le plot
2015-02-02T17:34:44 <strycore> et puis bon… j'ai bien un compte Microsoft, ça me dérange pas plus que ça
2015-02-02T17:35:06 <strycore> alors que j'ai arrété d'utiliser Windows avant la sortie de Vista :D
2015-02-02T17:35:35 <TrappyTickles> déjà que je suis forcé d'avoir windows pour certains programmes, j'ai aps envie d'être forcé à faire un compte pour eux
2015-02-02T17:36:41 <strycore> demande a heuzef s'il peut te préter le sien
2015-02-02T17:36:56 <TrappyTickles> nan cpas grave tfaçons cortana est même pas en french :p
2015-02-02T17:37:02 <TrappyTickles> et jpréfère ok google lol
2015-02-02T17:37:24 <TrappyTickles> ou mêem siri dans une très moindre mesure (vu que j'ai pas du tout d'ibidule)
2015-02-02T17:37:30 <heuzef> !muffin strycore
2015-02-02T17:38:19 * strycore préfère taper des trucs sur son clavier mécanique
2015-02-02T17:38:39 <heuzef> j'y pense mais
2015-02-02T17:38:43 <TrappyTickles> en plus, j'ai vu la modélisation de cortana et je l'ai sur sfm,... non franchement, je m'y fais pas
2015-02-02T17:38:48 <heuzef> J'ai jamais strycore sans un clavier
2015-02-02T17:38:51 <strycore> heuzef, tu t'améliores en lancer de muffins
2015-02-02T17:38:53 <heuzef> Dingue quand même
2015-02-02T17:38:54 <TrappyTickles> pourtant les androides femelles, j'aime bien, mais là, bof non
2015-02-02T17:40:14 <TrappyTickles> raah pourquoi mes jeux steam marchent pas sur nunux :'(
2015-02-02T17:40:26 <heuzef> strycore tu veux venir à un anniv Samedi ?
2015-02-02T17:40:32 <strycore> heuzef, c'est normal, faut que je me trimballe mon clavier pour survivre en milieu hostile de claviers moisis
2015-02-02T17:40:48 <heuzef> J'ai envie de voir à quoi tu ressemble quand t'es pas courbé sur un PC
2015-02-02T17:41:04 <strycore> tu m'as déjà vu heuzef
2015-02-02T17:41:15 <strycore> et je sais très bien que c'est un piège
2015-02-02T17:41:34 <heuzef> C'est juste un anniv ....
2015-02-02T17:41:37 <heuzef> A quoi tu pense
2015-02-02T17:42:17 <strycore> a un anniv…
2015-02-02T17:42:22 <strycore> … de BROWNIES
2015-02-02T17:42:28 <heuzef> Bon effectivement il va bien y avoir quelques Brony mais bon
2015-02-02T17:43:18 <heuzef> En faite non, va surtout y avoir quelques "non-brony"
2015-02-02T17:43:30 <strycore> bon tu vois
2015-02-02T17:43:37 <heuzef> Mais seulement si tu vient en faite :/
2015-02-02T17:43:39 <strycore> je le savais
2015-02-02T17:43:56 <strycore> ahah
2015-02-02T17:44:18 <strycore> donc si je viens, il y a un non-broni
2015-02-02T17:44:40 <strycore> IT'S A TRAP
2015-02-02T17:44:58 <heuzef> Ba si seulement tu daignais à rejoindre notre secte
2015-02-02T17:45:05 <heuzef> ça serais plus facile pour toi
2015-02-02T17:45:29 <heuzef> Du coup tu risque de rater un anniv juste à cause de ton refus :(
2015-02-02T17:46:13 <strycore> il y aura des drogues et du black metal?
2015-02-02T17:46:37 <heuzef> Oui sans doute
2015-02-02T17:46:44 <heuzef> C'est le minimum syndicale
2015-02-02T17:47:04 <Gordfang> tiens salut strycore
2015-02-02T17:47:06 <strycore> ouais tu dis ça mais je sais que t'éssaye de me piéger encore
2015-02-02T17:47:14 <strycore> tiens salut Gordfang
2015-02-02T17:47:40 <heuzef> Bon va surtout y avoir des muffins et du fun
2015-02-02T17:47:46 <heuzef> Mais c'est déjà pas mal
2015-02-02T17:48:05 <strycore> define fun
2015-02-02T17:48:20 <heuzef> J'aurais bien aimé te faire testé mon Jeux de rôle tiens
2015-02-02T17:48:38 <strycore> hmm
2015-02-02T17:48:51 <heuzef> C'est complet mais a la limite exceptionnellement pour toi je pourrais faire un effort pour libérer une place
2015-02-02T17:49:05 <heuzef> tester*
2015-02-02T17:50:46 <strycore> thanks but no thanks
2015-02-02T17:50:49 <heuzef> Je peux m'arranger avec Lenile comme ça une place de libre pour toi
2015-02-02T17:50:55 * heuzef jette Lenile dans la garonne
2015-02-02T17:51:05 <heuzef> Il est d'accord pour te laisser sa place
2015-02-02T17:51:53 <heuzef> Sûr c'est non ?
2015-02-02T17:52:04 * heuzef repêche Lenile 
2015-02-02T17:52:21 <strycore> en plus je fais déjà un truc Samedi
2015-02-02T17:52:37 * heuzef jette le "truc" dans la garonne
2015-02-02T17:52:44 <heuzef> Ba voila t'es libre finalement ? :D
2015-02-02T17:53:33 <strycore> http://i0.kym-cdn.com/photos/images/original/000/602/247/e19.jpeg
2015-02-02T17:53:51 <heuzef> Dommage, tu rate le meilleur Samedi de toute ta vie :/
2015-02-02T17:55:29 <strycore> ouais… je regreterai surement quand je serai a Santa Monica
2015-02-02T17:57:22 * heuzef jette Santa Monica dans l'Océan Pacifique
2015-02-02T17:57:41 <strycore> oh ben ça, ça risque bien d'arriver un jour… et sans ton aide
2015-02-02T17:57:47 <heuzef> xD
2015-02-02T17:58:10 <strycore> t'as pas vu le premier Superman?
2015-02-02T17:58:48 <strycore> le "Big one" et paf, plus de startupers
2015-02-02T17:58:50 <heuzef> sans doute, mais me souvient plus
2015-02-02T17:59:34 <strycore> Lex Luthor veux faire un tremblement de terre pour submerger toute la côte californienne
2015-02-02T18:06:59 *** heuzef est parti
2015-02-02T18:09:09 *** heuzef s'est connecté
2015-02-02T18:31:11 *** ELiDYROS s'est connecté
2015-02-02T18:57:02 <ELiDYROS> Bonsoir
2015-02-02T19:13:09 *** Gordfang est parti
2015-02-02T19:17:23 *** adriens33 s'est connecté
2015-02-02T19:22:21 <ELiDYROS> salut adriens33
2015-02-02T19:23:25 <heuzef> plop =)
2015-02-02T19:23:40 <heuzef> ELiDYROS on va avoir la chance de te voir samedi soir ? =)
2015-02-02T19:23:52 <ELiDYROS> Où ça ?
2015-02-02T19:35:14 <heuzef> Au QG pardis, pour l'anniv de Tsume
2015-02-02T19:35:43 <ELiDYROS> Ah
2015-02-02T19:35:47 <heuzef> Me dis pas que je t'apprend la nouvelle, parceque je serais bien déçu d'apprendre ça
2015-02-02T19:36:00 <ELiDYROS> J'avais vu mais pas mémorisé
2015-02-02T19:36:10 <ELiDYROS> Vu que je ne sais absolument pas qui est Tsume
2015-02-02T19:37:02 <ELiDYROS> Après, je ne sais pas trop, le samedi c'est le seul jour où je peux encore voir le peu de potes qui me restent
2015-02-02T19:37:17 <heuzef> ...
2015-02-02T19:37:54 <ELiDYROS> Quoi ?
2015-02-02T19:38:12 <heuzef> Tu n'as qu'a venir te faire des amis au lieu de passer ton temps avec tes rares potes
2015-02-02T19:38:25 <ELiDYROS> Je pourrais en effet.
2015-02-02T19:38:44 <heuzef> C'est pas comme si le collectif t'en offrais la possibilité ... à mort ;)
2015-02-02T19:39:12 <heuzef> Au pire vient avec tes potes
2015-02-02T19:40:26 <ELiDYROS> A voir s'ils seraient d'accord
2015-02-02T20:31:13 *** heuzef est parti
2015-02-02T20:48:43 *** ELiDYROS est parti
2015-02-02T21:33:31 *** adriens331 s'est connecté
2015-02-02T21:35:56 *** adriens33 est parti
