2015-03-01T00:02:40 <Mousstery> Hey MaCharon ^^
2015-03-01T00:02:50 <MaCharon> re
2015-03-01T00:02:59 <Mousstery> oui x)
2015-03-01T00:03:15 <Mousstery> il y a encore des gens qui sont restés ? xD
2015-03-01T00:04:01 <Mousstery> (et j'espére que tu a passé une bonne soirée :D)
2015-03-01T00:04:10 <MaCharon> quand je suis partit il devait rester 2-3 personnes je crois
2015-03-01T00:04:20 <MaCharon> ouai ça va c'etait cool
2015-03-01T00:04:39 <Mousstery> Ouais ^^
2015-03-01T00:04:49 <Mousstery> il y a un moment ou il y a eu plein de monde xD
2015-03-01T00:05:23 <MaCharon> bah ça c'est bien passé je trouve
2015-03-01T00:05:46 <Mousstery> ouais ^^
2015-03-01T00:05:53 <Mousstery> j'ai éssayé d'etre moins timide :p
2015-03-01T00:06:28 <MaCharon> bah la c'est entre nous donc tranquille
2015-03-01T00:06:50 <Mousstery> oui ^^
2015-03-01T00:07:07 <Mousstery> t'a l'air de bien apprécier Lucas ^^ (celui qui m'accopagnait :p)
2015-03-01T00:09:00 <MaCharon> vous étiez tous sympa ^^
2015-03-01T00:09:15 <Mousstery> ^^
2015-03-01T00:09:19 <Mousstery> toi aussi :)
2015-03-01T00:09:48 <MaCharon> thx
2015-03-01T00:29:23 *** TrappyTickles est parti
2015-03-01T00:31:20 *** ELiDYROS est parti
2015-03-01T01:22:25 *** MaCharon est parti
2015-03-01T01:22:33 *** Mousstery est parti
2015-03-01T02:28:59 *** Aragox s'est connecté
2015-03-01T02:31:30 *** Aragox est parti
2015-03-01T03:09:18 *** adriens33 est parti
2015-03-01T08:46:35 *** adriens33 s'est connecté
2015-03-01T11:11:17 *** TrappyTickles s'est connecté
2015-03-01T13:50:43 *** Gordfang s'est connecté
2015-03-01T13:51:34 <Gordfang> yo!
2015-03-01T14:45:54 *** Mousstery s'est connecté
2015-03-01T14:46:02 <Mousstery> Yop.
2015-03-01T14:46:29 <Gordfang> yo
2015-03-01T14:46:47 <Mousstery> ça va ? ^^
2015-03-01T14:47:13 <Gordfang> ouai et toi?
2015-03-01T14:47:23 <Mousstery> yep ^^
2015-03-01T14:47:28 <Mousstery> merci d'être venu hier :)
2015-03-01T15:00:12 *** Mousstery est parti
2015-03-01T16:49:05 <TrappyTickles> https://derpibooru.org/images/839887 best bootleg ever XD
2015-03-01T17:26:12 *** Mousstery s'est connecté
2015-03-01T17:29:07 *** Mousstery est parti
2015-03-01T19:22:03 *** adriens33 est parti
2015-03-01T19:26:37 *** adriens33 s'est connecté
2015-03-01T19:28:42 *** adriens33 est parti
2015-03-01T19:29:25 *** adriens33 s'est connecté
2015-03-01T20:10:28 *** ELiDYROS s'est connecté
