2015-04-01T00:12:48 *** TrappyTickles est parti
2015-04-01T00:34:19 *** ChordsTackler est parti
2015-04-01T00:48:24 *** Fidzu est parti
2015-04-01T01:40:44 *** MaCharon est parti
2015-04-01T02:11:57 *** MorningCourse s'est connecté
2015-04-01T02:12:40 *** MorningCourse est parti
2015-04-01T06:08:34 *** yusei24 s'est connecté
2015-04-01T06:09:43 *** yusei24 est parti
2015-04-01T08:51:19 *** heuzef s'est connecté
2015-04-01T09:11:04 *** wildfier s'est connecté
2015-04-01T09:17:45 *** Fidzu s'est connecté
2015-04-01T09:18:14 <Fidzu> Plop
2015-04-01T10:12:02 *** TrappyTickles s'est connecté
2015-04-01T10:59:17 *** MaCharon s'est connecté
2015-04-01T10:59:41 <TrappyTickles> tain je me réveille à peine et je vois ça https://www.youtube.com/watch?v=pTioPtFojJw
2015-04-01T10:59:50 <TrappyTickles> allez hop au turf
2015-04-01T11:00:55 <TrappyTickles> pfff un poisson d'avril en plus
2015-04-01T11:01:16 <TrappyTickles> c'est court mais faut que je le sorte le jour même du coup
2015-04-01T12:16:29 <Fidzu> Je pourrais pas venir samedi ...
2015-04-01T12:28:51 <TrappyTickles> mince :(
2015-04-01T12:29:56 <Fidzu> Piston dapril
2015-04-01T12:30:07 <Fidzu> Lol mdr #drole
2015-04-01T12:47:06 <TrappyTickles> je hais ce jour de merde
2015-04-01T12:47:53 <TrappyTickles> et c'est pas une blague
2015-04-01T12:48:05 <TrappyTickles> ça par conrte c'en est une : https://www.youtube.com/watch?v=sDLu7sbfjgE
2015-04-01T12:49:57 *** Fidzu est parti
2015-04-01T12:50:56 <TrappyTickles> j'ai du le vexer :/
2015-04-01T12:52:48 *** Fidzu s'est connecté
2015-04-01T12:53:23 <Fidzu> Non j'ai juste crash
2015-04-01T12:53:40 <Fidzu> Comme d'hab
2015-04-01T12:58:11 <TrappyTickles> ah ouf lol
2015-04-01T13:03:56 <TrappyTickles> https://www.youtube.com/watch?v=2EMmOV8N4Aw AAAAAAAAAAH!!!!
2015-04-01T13:04:00 <TrappyTickles> OMG!!!!
2015-04-01T13:04:17 <TrappyTickles> AJ qui chante de la country nom d'un poney!!!!!
2015-04-01T13:08:35 <TrappyTickles> et la partie de RD <3
2015-04-01T13:13:16 *** wildfier est parti
2015-04-01T13:16:06 *** MorningCourse s'est connecté
2015-04-01T13:16:50 <MorningCourse> vous aves vu les 3 clips que hasbro vient de sortir?
2015-04-01T13:18:22 <TrappyTickles> j'ai vu que celui là
2015-04-01T13:18:45 <TrappyTickles> et pour ceux sur la s5 j'en veux pas. trop de spoils
2015-04-01T13:21:56 <MorningCourse> et pourquoi ô grand POURQUOI les figurines en magasin sont recouvertes de coeurs, de nuages tout ca tout ca c'est moche et pas tres fidele a la serie
2015-04-01T13:23:58 <TrappyTickles> le design à la base ne respecte pas non plus la série
2015-04-01T13:24:13 <TrappyTickles> j'ai vu des fanworks mieux foutus
2015-04-01T13:24:43 <MorningCourse> oui les joues surtout pourquoi font ils les poneys joufflus
2015-04-01T13:28:28 <MorningCourse> faire de portes clés mlp personnalisés sur commande a 50 centimes c'est une bonne idee?
2015-04-01T13:31:12 <TrappyTickles> j'achète ^^
2015-04-01T13:32:01 <TrappyTickles> des oc c'est possible aussi? ^^
2015-04-01T13:33:31 <MorningCourse> eeyup!
2015-04-01T13:33:58 <MorningCourse> dessin ou render 3d
2015-04-01T13:34:41 <MorningCourse> ?
2015-04-01T13:35:55 <MorningCourse> male ,femelle , bébé ?
2015-04-01T13:37:26 <MorningCourse> par contre niveau cutie mark je peux la dessiner mais difficilement l'inventer je n'ai meme pas la mienne #CMC
2015-04-01T13:41:53 <TrappyTickles> j'ai un model sheet
2015-04-01T13:42:15 <TrappyTickles> http://maxlefou.deviantart.com/art/Trappy-Tickles-model-sheet-418337822
2015-04-01T13:46:04 <MorningCourse> nickel tu veux juste l'oc ou un porte clé de ton oc
2015-04-01T13:48:13 <TrappyTickles> mmm en porte clés j'ai peur de l'abimer... et j'ai de la place sur mes étagères a poney ^^
2015-04-01T13:48:49 <TrappyTickles> juste l'oc alors ^^
2015-04-01T13:50:36 <MorningCourse> okay
2015-04-01T13:52:10 *** MorningCourse est parti
2015-04-01T13:55:38 *** Fidzu est parti
2015-04-01T13:55:58 *** Fidzu s'est connecté
2015-04-01T14:00:52 <TrappyTickles> ma femme en voudrait un aussi ^^
2015-04-01T14:01:19 <TrappyTickles> elle voudrait son oc et big mac. j'vais te montrer son oc
2015-04-01T14:02:57 <TrappyTickles> http://imgur.com/g3VU6B4 celui de gauche
2015-04-01T14:03:12 <TrappyTickles> raaaah il s'est barré
2015-04-01T14:42:19 *** wildfier s'est connecté
2015-04-01T15:28:24 <Fidzu> Oh? Des portes chef poney ?
2015-04-01T15:28:30 <Fidzu> I want !
2015-04-01T15:38:18 *** Fidzu est parti
2015-04-01T15:38:29 *** Fidzu s'est connecté
2015-04-01T15:43:25 *** Fidzu est parti
2015-04-01T16:18:46 *** heuzef est parti
2015-04-01T16:47:48 *** Mousstery s'est connecté
2015-04-01T16:56:15 *** MaCharon est parti
2015-04-01T16:58:18 *** heuzef s'est connecté
2015-04-01T17:01:54 *** Mousstery est parti
2015-04-01T17:29:45 *** MaCharon s'est connecté
2015-04-01T18:10:49 *** ELiDYROS s'est connecté
2015-04-01T18:13:21 *** Fidzu s'est connecté
2015-04-01T18:21:08 <Fidzu> le calice est au courant
2015-04-01T18:22:11 <heuzef> Fidzu cool =)
2015-04-01T18:22:23 <heuzef> Du coup t'as négocier un tarifs pour une dizaine ?
2015-04-01T18:24:11 <heuzef> Je pense qu'on peux s'en tirer, entrée/conso/bouf pour ~50€
2015-04-01T18:24:13 <Fidzu> apparemment, ce sera 25€ pour tout le groupe
2015-04-01T18:24:19 <heuzef> Waou !
2015-04-01T18:24:36 <heuzef> Avec Panini ?
2015-04-01T18:25:40 <Fidzu> non je crois pas ^^
2015-04-01T18:25:53 <heuzef> Ha me disais aussi
2015-04-01T18:26:24 <heuzef> Faut compter au moins une dizaine de panini aussi
2015-04-01T18:26:33 <heuzef> Histoire de faire chauffer sa nouvelle machine
2015-04-01T18:27:09 <heuzef> C'est pour ça compter ~50€ me semble plutôt pas mal
2015-04-01T18:27:41 <heuzef> Et ça pourrais être pas trop mal de payer avant qu'il parte faire les courses du coup
2015-04-01T18:28:21 <Fidzu> ouai sauf que je pourrais y aller que samedi
2015-04-01T18:28:36 <heuzef> Après tu me dis si ça fait trop pour toi moi je met au bout pas de souci
2015-04-01T18:28:46 <heuzef> No souci, il fait toujours les courses au dernier moment :D
2015-04-01T18:28:49 <Fidzu> mais nan c'est pas trop
2015-04-01T18:29:47 <heuzef> Mais faut le prévenir qu'il prévoit soda/panini/entrée pour un groupe
2015-04-01T18:30:06 <Fidzu> a mon avis thomas les a prévenu
2015-04-01T18:30:10 <Fidzu> on sera environ 11
2015-04-01T18:30:25 <heuzef> Envoi lui un message sinon
2015-04-01T18:30:35 <Fidzu> fait
2015-04-01T18:30:49 <heuzef> bastsavignac@gmail.com
2015-04-01T18:30:51 <heuzef> Ok super
2015-04-01T18:31:00 <Fidzu> att
2015-04-01T18:31:01 <Fidzu> à qui ?
2015-04-01T18:31:04 <Fidzu> thomas ou le calice ?
2015-04-01T18:31:12 <heuzef> Gabriel du calice
2015-04-01T18:31:26 <Fidzu> ah ok
2015-04-01T18:31:27 <heuzef> Bon je vais lui tel t'embête pas
2015-04-01T18:31:29 <heuzef> ;)
2015-04-01T18:31:38 <Fidzu> ok merci
2015-04-01T18:33:30 <heuzef> Au faite
2015-04-01T18:33:34 <heuzef> l'heure ?
2015-04-01T18:33:58 <Fidzu> 17H
2015-04-01T18:34:00 <Fidzu> au calice
2015-04-01T18:34:48 <Fidzu> dit lui
2015-04-01T18:34:54 <Fidzu> de tout mettre a mon compte
2015-04-01T18:35:21 <Fidzu> ce sera plus simple
2015-04-01T18:41:21 <heuzef> C'est good
2015-04-01T18:41:41 <heuzef> Il va nous transmettre un prix précis dans la semaine
2015-04-01T18:41:52 *** wildfier est parti
2015-04-01T18:41:57 <heuzef> Mais en effet ça va faire dans les ~50 €
2015-04-01T18:42:11 <Fidzu> ok
2015-04-01T18:43:32 <heuzef> Fidzu ça t'embête pas si je viens avec ma femme ? ^^
2015-04-01T18:43:40 <heuzef> Bien que je doute d'arriver à la motiver
2015-04-01T18:43:53 <Fidzu> mdr
2015-04-01T18:43:54 <Fidzu> pas du tout
2015-04-01T18:44:06 <heuzef> ;)
2015-04-01T18:44:21 <Fidzu> plus on est de fou ..
2015-04-01T19:50:44 <TrappyTickles> jsavais pas que t'avais une femme heuzef ^^
2015-04-01T20:01:37 <TrappyTickles> https://www.youtube.com/watch?v=FUSekVMt0Zk OMG J'AI HATE!! :p
2015-04-01T20:10:35 <Fidzu> mdr
2015-04-01T20:10:40 <Fidzu> j'y ai cru au debut ^^
2015-04-01T20:27:08 *** SamiHuunter s'est connecté
2015-04-01T20:27:21 <SamiHuunter> Hello~
2015-04-01T20:29:05 *** ELiDYROS est parti
2015-04-01T20:29:54 *** ChordsTackler s'est connecté
2015-04-01T20:30:01 <ChordsTackler> Hey
2015-04-01T20:30:32 <SamiHuunter> Hi o/
2015-04-01T20:31:02 <ChordsTackler> Ca va ?
2015-04-01T20:31:10 <SamiHuunter> tranquille x)
2015-04-01T20:31:13 <SamiHuunter> et toi ?
2015-04-01T20:31:23 <ChordsTackler> Ca va :3
2015-04-01T20:31:42 <SamiHuunter> alors tout va pour le mieux dans le meilleur des monde x)
2015-04-01T20:32:22 <ChordsTackler> Yep Voltaire en serait refait xD
2015-04-01T20:32:49 <SamiHuunter> comme tu dis XD
2015-04-01T20:47:15 <Fidzu> hello
2015-04-01T20:50:08 <ChordsTackler> Ca va Fidzu ? ^^
2015-04-01T20:50:47 <Fidzu> ca va et ty ?
2015-04-01T20:50:51 <ChordsTackler> Ca va pp
2015-04-01T20:50:54 <ChordsTackler> ^^*
2015-04-01T20:51:04 <ChordsTackler> T'as avancé dans ta Trixie ?
2015-04-01T21:03:50 *** SamiHuunter est parti
2015-04-01T21:08:31 *** Gordfang s'est connecté
2015-04-01T21:09:52 <Gordfang> yo les gens
2015-04-01T21:10:22 <ChordsTackler> 'Soir Gardfang
2015-04-01T21:27:50 <Fidzu> yo
2015-04-01T21:27:54 <Fidzu> en retard
2015-04-01T21:30:03 <Gordfang> ^^
2015-04-01T21:32:14 <Fidzu> http://4.bp.blogspot.com/-ow57NkACmSw/VRvuMI2Qx6I/AAAAAAACMWc/QUNnRrY_d10/s1600/11939__animated_suggestive_derpy%2Bhooves_plot_vibrating_exercise_artist-colon-jepso_workout_plot%2Bdevelopment.gif mdr derpy XD
2015-04-01T21:34:12 <ChordsTackler> oh god :o THAT PLOT xD
2015-04-01T22:47:46 *** heuzef est parti
2015-04-01T23:13:46 *** ChordsTackler est parti
2015-04-01T23:44:10 *** ChordsTackler s'est connecté
2015-04-01T23:44:17 <ChordsTackler> un avis ? => https://www.youtube.com/watch?v=4eTef5Iqe0Y#t=145
2015-04-01T23:44:56 <ChordsTackler> (faut remettre la vidéo à zéro désolé pour ca ^^')
2015-04-01T23:49:32 <ChordsTackler> Moi je suis pas super fan, ils en ont sortis deux trois hier. J'aime pas beaucoup
2015-04-01T23:56:07 <Fidzu> elle sont bien mais ca vaut pas un you'll play your part
2015-04-01T23:56:20 <Fidzu> AVEC CADENCE <3
