2015-02-01T00:15:48 *** TrappyTickles est parti
2015-02-01T02:33:05 *** adriens33 est parti
2015-02-01T02:37:21 *** Berry-Punch est parti
2015-02-01T15:37:29 *** Berry-Punch s'est connecté
2015-02-01T15:37:36 <adriens33> Ahhh salut toi !
2015-02-01T15:37:36 <adriens33> :3
2015-02-01T15:37:41 <MaCharon> coucou Berry
2015-02-01T15:37:47 <adriens33> !voice MaCharon
2015-02-01T15:37:53 <adriens33> Zut c'est vrai.
2015-02-01T15:37:58 <MaCharon> XD
2015-02-01T15:38:14 <arthur33> !voice MaCharon
2015-02-01T15:39:14 <adriens33> Voilà, là ça respecte.
2015-02-01T15:39:14 <adriens33> XD
2015-02-01T15:39:24 <MaCharon> ahah
2015-02-01T15:40:26 <adriens33> (oh, pardon Trappy, je t'ai oublié ><)
2015-02-01T15:40:39 <arthur33> !voice TrappyTickles
2015-02-01T15:40:52 <arthur33> bon j'en ai marre tant pis XD
2015-02-01T15:41:28 <arthur33> je change plus de nick, tant pis si ça correspond pas à mon pseudo sur le site. Flemme :P
2015-02-01T15:51:08 <TrappyTickles> oi
2015-02-01T15:51:32 <TrappyTickles> tain je viens de lire un truc sur mon archos, je suis en pleine réfléxion
2015-02-01T15:52:07 <TrappyTickles> paraitrait que windows 10 sera finalement gratos si on possède windows 7 8 ou 8.1
2015-02-01T15:52:24 <arthur33> ouep
2015-02-01T15:52:25 <TrappyTickles> sachant que j'ai une licence win7, est-ce que ça vaut le coup que je revert à win7 en prévision?
2015-02-01T15:52:45 <arthur33> bah je sais pas, ça dépend de si t'a envie d'avoir Win10.
2015-02-01T15:52:46 <arthur33> :D
2015-02-01T15:52:46 <TrappyTickles> vu que j'ai un win8.1 tipiak actuellement
2015-02-01T15:52:50 <arthur33> ah
2015-02-01T15:53:03 <TrappyTickles> ben, franchement, après les tests de preview que j'ai fait, oui jle veux win10
2015-02-01T15:53:14 <arthur33> bah fais comme tu veux, écoute ^^
2015-02-01T15:53:21 <TrappyTickles> il semble avoir la rapidité de win8.1 sans ses tares :p
2015-02-01T15:53:36 <TrappyTickles> le truc c'set que jveux pas perdre mes saves de mes jeux steam :p
2015-02-01T15:53:36 <arthur33> surtout que le modern ui il est plus en fullscreen :D
2015-02-01T15:53:41 <arthur33> c'est un menu démarrer 2.0
2015-02-01T15:53:47 <TrappyTickles> ouaip
2015-02-01T15:53:50 <arthur33> les apps modern ui tu les a en fenêtrées
2015-02-01T15:53:56 <arthur33> ils ont _enfin_ compris :D
2015-02-01T15:53:57 <TrappyTickles> j'aime bien le concept d'ailleurs, même si je me sers jamais de modernui :p
2015-02-01T15:54:06 <arthur33> je supporte pas le flat design.
2015-02-01T15:54:37 <TrappyTickles> moi je suis pas fan du design que tu peux pas trop changer à volonté. mais tous les progs sur windows commencent à adopter ce look
2015-02-01T15:54:41 <arthur33> je trouve ça encore plus moche que l'ui type « Windows 95 »
2015-02-01T15:55:03 <TrappyTickles> lol au moins ce look archaique et moche est rapide, on peut pas le nier :p
2015-02-01T15:55:09 <arthur33> alors que l'ui Aero commençait à ressembler à quelque chose de propre.
2015-02-01T15:55:14 <arthur33> dommage.
2015-02-01T15:55:25 <TrappyTickles> c'es vrai que j'aime bien quand ça a un effet chrome ou verre comme sur mac
2015-02-01T15:55:53 <arthur33> Et en cherchant bien, y'a moyen d'avoir une UI performante et avec des effets sans être lourde.
2015-02-01T15:56:00 <TrappyTickles> tiens d'ailleurs, en passant, mardi ça m'a motivé,
2015-02-01T15:56:01 <arthur33> Pour avoir testé E17, c'est bluffant
2015-02-01T15:56:07 <TrappyTickles> j'ai réinstallé ubuntu mais avec kde
2015-02-01T15:56:12 <arthur33> c'est super joli, t'as des effets type compiz
2015-02-01T15:56:20 <arthur33> mais bordel qu'est ce que c'est léger :O
2015-02-01T15:56:20 <TrappyTickles> e17?
2015-02-01T15:56:32 <TrappyTickles> ça me dit kekchose
2015-02-01T15:56:38 <arthur33> https://wiki.archlinux.org/index.php/Enlightenment
2015-02-01T15:57:12 <arthur33> C'est pas étonnant qu'ils aient mis tant de temps à le développer.
2015-02-01T15:57:47 <arthur33> J'aurais pas déja trouvé mon bonheur avec i3 j'y aurais bien refait un tour.
2015-02-01T15:57:48 <arthur33> :P
2015-02-01T15:58:40 <TrappyTickles> ah oui ça me revient, j'avais testé une beta sur ubuntu une fois, je crois
2015-02-01T15:58:50 <TrappyTickles> jle croyais abandonné vu que personne n'en parlait lol
2015-02-01T16:01:21 <arthur33> non non,
2015-02-01T16:01:29 <arthur33> il fait son petit bonhomme de chemin^^
2015-02-01T16:01:34 <arthur33> (e18 is next :D)
2015-02-01T16:03:34 <TrappyTickles> y a un dépot pour ubuntu? jvais ptet le tester sur une vbox
2015-02-01T16:03:49 *** Lenile s'est connecté
2015-02-01T16:03:56 <Lenile> Yo les filles
2015-02-01T16:03:58 <TrappyTickles> oi
2015-02-01T16:04:11 <arthur33> je sais pas, j'utilise pas Ubuntu^^" mais y'a surement les paquets en standard, apt-cache search is your friend ;)
2015-02-01T16:04:15 <arthur33> Yop Lenile
2015-02-01T16:04:25 <TrappyTickles> tiens j'ai aussi essayé de build ponyos sur cette vbox mais ça marche pas
2015-02-01T16:04:33 <arthur33> arf c'est con
2015-02-01T16:04:36 <arthur33> tiens j'ai une idée
2015-02-01T16:04:37 <Lenile> Pour PonyOS regarde avec Mathias
2015-02-01T16:04:43 <arthur33> faudrait faire des subchans
2015-02-01T16:04:44 <Lenile> Il l'a
2015-02-01T16:04:51 <arthur33> genre #bronycub-info
2015-02-01T16:05:03 <TrappyTickles> il a une vbox de ponyOS?
2015-02-01T16:05:09 <TrappyTickles> pcq qemu, bof quoi
2015-02-01T16:05:38 <TrappyTickles> j'ai essyé la qemu via une vbox de ubuntu, j'avais pas de souris dans ponyos -_-
2015-02-01T16:05:50 <TrappyTickles> (bon c'était la version 1)
2015-02-01T16:06:04 <arthur33> je viens de lui en parler, on verra s'il spawn ici :D
2015-02-01T16:06:23 <TrappyTickles> wtf j'ai compris pourquoi j'aipas pu build l'os
2015-02-01T16:06:41 <TrappyTickles> aparemment il doit peser + de 6Go, ponyos
2015-02-01T16:06:51 <TrappyTickles> du moins quand il est pas build
2015-02-01T16:06:56 <TrappyTickles> bizarre pour un os qui a rien
2015-02-01T16:08:07 <TrappyTickles> sinon pas mal l'idée
2015-02-01T16:08:11 <adriens33> ^^
2015-02-01T16:08:14 <TrappyTickles> mais ce serait de l'info sur quoi?
2015-02-01T16:09:17 <adriens33> bah je sais pas, un chat annexe pour tout ce qui est lié à l'informatique, vu qu'il y a pas mal de geeks chez les brony, mais ça permettrait de filtrer ici
2015-02-01T16:09:17 <adriens33> pour pouvoir parler d'autre chose^^
2015-02-01T16:09:32 <TrappyTickles> pas faux ça
2015-02-01T16:10:04 <adriens33> mais bon déjà qu'il y a peu de monde ici, ça risque d'être un peu risqué de split tant qu'on est pas assez
2015-02-01T16:10:27 <TrappyTickles> on est a peu près 60 mais on est moins de 6 à venir quotidiennement ici :p
2015-02-01T16:10:32 <adriens33> ouai..
2015-02-01T16:10:43 <adriens33> c'est vraiment super dommage que les autres viennent pas discuter
2015-02-01T16:10:44 <adriens33> :(
2015-02-01T16:10:50 <adriens33> faudrait les inviter
2015-02-01T16:11:20 <Lenile> A bronyCUB on à 2 catégories principales
2015-02-01T16:11:25 <Lenile> Gaming / Informatique
2015-02-01T16:11:27 <Lenile> xD
2015-02-01T16:11:32 <TrappyTickles> ben justement, en ce moment je lis un peu la doc de heuzef pour bronycub, on peut ptet parler du chat
2015-02-01T16:13:19 <adriens33> eh merde.
2015-02-01T16:13:32 <adriens33> faut que je reset le topic vu que berry est partie :(
2015-02-01T16:13:35 <TrappyTickles> (mardi vous allez tripper en voyant mon kubuntu, je l'ai ponyfié un peu plus :p )
2015-02-01T16:14:36 <arthur33> voiiilahh
2015-02-01T16:15:16 <Lenile> Il y à quoi mardi ? e.ê
2015-02-01T16:15:31 <adriens33> (vive les logs du client de chat pour récupérer le topic sans avoir a le retaper a la main :D)
2015-02-01T16:15:40 <adriens33> @Lenile Giroll
2015-02-01T16:15:51 <adriens33> http://www.giroll.org/
2015-02-01T16:15:53 <Lenile> Et donc Giroll ? e.ê
2015-02-01T16:16:12 <adriens33> TrappyTickles: cool :D
2015-02-01T16:16:23 <adriens33> j'ai hâte de voir
2015-02-01T16:16:27 <Lenile> J'vois toujours pas.
2015-02-01T16:16:36 <TrappyTickles> sorte de réunion de passionnés du logiciel libre
2015-02-01T16:16:46 <TrappyTickles> créé à l'origine par notre heuzef national
2015-02-01T16:17:09 <Lenile> Ha, sans moi alors o/
2015-02-01T16:21:01 <Lenile> http://www.twitch.tv/zippoo6700
2015-02-01T16:21:12 <Lenile> Vous avez du drop ou c'est mon OBS ?
2015-02-01T16:22:22 <Lenile> J'arrive pas à voir mon propre live ne continu, j'ai toujour un chargement
2015-02-01T16:23:05 <adriens33> je te vois :D
2015-02-01T16:23:19 <TrappyTickles> moi j'ai que loading video
2015-02-01T16:23:29 <adriens33> par contre ton son est en "double", c'est moche à entendre.
2015-02-01T16:23:36 <TrappyTickles> ah ça y est
2015-02-01T16:23:47 *** Lenile est parti
2015-02-01T16:23:48 <TrappyTickles> mais y a plein de latence
2015-02-01T16:23:56 *** Lenile s'est connecté
2015-02-01T16:23:56 <Lenile> Wat
2015-02-01T16:24:01 <TrappyTickles> y a plein de latence
2015-02-01T16:24:02 <Lenile> Jore j'ai crash
2015-02-01T16:24:10 <adriens33> TrappyTickles: c'est normal ça
2015-02-01T16:24:18 <TrappyTickles> sur twitch??
2015-02-01T16:24:19 <adriens33> Y'a toujours une certaine latence sur twitch
2015-02-01T16:24:30 <TrappyTickles> rappelle moi de jamais m'en servir à l'avenir lol
2015-02-01T16:24:30 <Lenile> Vous avez pas des coupures de chargement ?
2015-02-01T16:24:31 <adriens33> le temps que ça bufferise sur le serveur
2015-02-01T16:24:40 <Lenile> Moi perso impossible de regardé mon propre live en continu
2015-02-01T16:25:07 <adriens33> bah moi je te vois sur ta cam, et ça a pas encore coupé en 5-10min que je l'ai ouvert :D
2015-02-01T16:25:19 <Lenile> Bon ben c'est que cher moi, c'est regler
2015-02-01T16:25:21 <Lenile> u.u
2015-02-01T16:29:41 *** Lenile est parti
2015-02-01T16:29:58 *** Lenile s'est connecté
2015-02-01T16:44:50 <TrappyTickles> cela dit, j'aime bien le look spécial ultra-portable fourni avec kde dans kubuntu... c'est dur de le comprendre au début, mais il se démerde pas mal au fond
2015-02-01T16:45:11 <TrappyTickles> entk ça rentre bien dans mon mien
2015-02-01T16:45:35 <adriens33> ^^
2015-02-01T17:31:34 *** adriens33 est parti
2015-02-01T18:57:08 *** FuZzion33 s'est connecté
2015-02-01T18:59:24 *** FuZzion33 est parti
2015-02-01T20:05:19 *** ELiDYROS s'est connecté
2015-02-01T20:05:48 <ELiDYROS> Yp
2015-02-01T21:04:37 *** heuzef s'est connecté
2015-02-01T21:04:41 <heuzef> Hellow :3
2015-02-01T21:05:46 <heuzef> Zavez vu ce denoument de Fluffle Puff EG ? x3
2015-02-01T21:06:03 <heuzef> TrappyTickles t'as accès au doc au faite ?
2015-02-01T21:20:23 *** ELiDYROS est parti
2015-02-01T22:01:31 *** adriens33 s'est connecté
2015-02-01T22:08:38 *** heuzef est parti
2015-02-01T22:52:00 <adriens33> putain de merde...
2015-02-01T22:52:10 <adriens33> plus de jus dans tout le quartier depuis 17h30
2015-02-01T22:52:20 <adriens33> il faisait totalement noir
2015-02-01T22:52:22 <MaCharon> aouch
2015-02-01T22:52:24 <adriens33> (plus de lampadaire)
2015-02-01T22:52:31 <adriens33> obligé d'aller chez un poce
2015-02-01T22:52:32 <adriens33> *pote
2015-02-01T22:52:36 <adriens33> fais chier ><
2015-02-01T22:53:07 <adriens33> j'espère que mon ordi aura survécu.. (pas celui sur lequel je suis la, c'est mon pc portable, je parle du desktop)
2015-02-01T22:54:11 <adriens33> sans parler que j'ai du mal avec le noir complet moi.. obligé de sortir pour pas commencer à paniquer
2015-02-01T22:54:27 <adriens33> /parler/compter/
2015-02-01T22:55:35 <MaCharon> ah ouai quand même
2015-02-01T22:57:12 <adriens33> ouai
2015-02-01T22:58:20 <adriens33> bah je suis arachnophobe, et y'a quelques mois j'allais dormir, et j'ai senti un truc me chatouiller les pieds, y'avait  une belle araignée dans mon lit :(
2015-02-01T22:58:59 <MaCharon> ah le truc qui tue O.O
2015-02-01T23:00:03 <adriens33> ouai T.T
2015-02-01T23:00:29 <adriens33> depuis j'arrive pas à dormir dans le noir, donc la avec la nuit qui tombait et pas de lumière voilà..
2015-02-01T23:01:14 <MaCharon> dur
2015-02-01T23:02:24 <adriens33> enfin bon la ça va. j'espère que demain le courant sera revenu parce que sinon je vais avoir mon frigo qui va pas aimer..
2015-02-01T23:03:12 <MaCharon> ah ouai j'y avait pas pensé
2015-02-01T23:03:33 <MaCharon> le truc bien relou
2015-02-01T23:04:43 <adriens33> (et puis accessoirement j'aimerais bien pouvoir utiliser mon pc, au moins voir si le disque a pas trop souffert). ouai surtout qu'il faut que je dégivre le freezer, il commence a être un peu plein de glace, j'ai mis le bac à légumes dessous au cas ou mais bon j'aimerai pas avoir de l'eau dans l'appart quoi..
2015-02-01T23:15:41 *** MaCharon est parti
2015-02-01T23:29:15 *** ELiDYROS s'est connecté
2015-02-01T23:29:31 <adriens33> plop ELiDYROS
2015-02-01T23:32:05 <ELiDYROS> Re
2015-02-01T23:32:12 <ELiDYROS> Je crois ?
2015-02-01T23:32:14 <ELiDYROS> Comment va
2015-02-01T23:33:41 <adriens33> ça pourrait aller mieux
2015-02-01T23:34:04 <adriens33> plus de courant chez moi depuis 17h30 et dans tout le quartier, donc vers 19h noir total.
2015-02-01T23:34:12 <adriens33> obligé d'aller chez un pote..
2015-02-01T23:34:33 <ELiDYROS> Oo
2015-02-01T23:34:59 <ELiDYROS> Il y a pas peu de tempête pourtant
2015-02-01T23:35:03 <adriens33> je sais
2015-02-01T23:35:09 <adriens33> c'est juste le quartier
2015-02-01T23:35:27 <ELiDYROS> :(
2015-02-01T23:35:28 <adriens33> genre sur la rue ça fait 3-4 lampadaires de distance sur toute la rue
2015-02-01T23:35:38 <adriens33> mais bon voilà quoi..
2015-02-01T23:35:51 <adriens33> (j'ai du mal avec le noir total, donc y'a fallu que je sorte)
2015-02-01T23:36:05 <ELiDYROS> Ah les lampadaires, ici 9 mois par an c'est pas éclairé dehors, donc pas rassurant
2015-02-01T23:36:06 <adriens33> (là je suis chez wildfier)
2015-02-01T23:36:17 <ELiDYROS> Tu autais du venir me faire coucou
2015-02-01T23:36:18 <ELiDYROS> ^
2015-02-01T23:36:28 <adriens33> ah ouai pas con ^^ désolé ^^"
2015-02-01T23:37:23 <ELiDYROS> Un pote était là on faisait du smash et d'autres conneries
2015-02-01T23:38:32 <adriens33> oh cool =)
2015-02-01T23:39:47 <ELiDYROS> Du rétro surtout du coup il rageait
2015-02-01T23:42:57 <ELiDYROS> Tu passeras le bonjour à Wildfier, vu qu'on le voit plus trop sur le chan
2015-02-01T23:46:53 <adriens33> ok^^
2015-02-01T23:47:08 <adriens33> c'est vrai qu'il est pas passé depuis un moment
