2015-02-12T00:22:13 *** ELiDYROS est parti
2015-02-12T00:42:29 *** TrappyTickles est parti
2015-02-12T02:00:41 *** MaCharon est parti
2015-02-12T08:17:37 *** Eclipse s'est connecté
2015-02-12T08:17:49 <Eclipse> Hey!
2015-02-12T08:23:06 *** Eclipse est parti
2015-02-12T09:18:53 *** heuzef s'est connecté
2015-02-12T09:59:32 *** TrappyTickles s'est connecté
2015-02-12T10:08:49 *** adriens33 s'est connecté
2015-02-12T10:21:57 *** TrappyTickles est parti
2015-02-12T10:31:10 *** TrappyTickles s'est connecté
2015-02-12T10:46:20 *** TrappyTickles est parti
2015-02-12T12:10:17 *** heuzef est parti
2015-02-12T13:01:55 *** heuzef s'est connecté
2015-02-12T13:09:17 *** ELiDYROS s'est connecté
2015-02-12T13:19:03 *** adriens33 est parti
2015-02-12T13:50:38 *** adriens33 s'est connecté
2015-02-12T14:07:38 *** heuzef est parti
2015-02-12T14:08:04 *** heuzef s'est connecté
2015-02-12T14:08:15 *** ELiDYROS_ s'est connecté
2015-02-12T14:09:48 *** ELiDYROS_ est parti
2015-02-12T14:10:25 *** ELiDYROS est parti
2015-02-12T14:34:00 *** adriens33 est parti
2015-02-12T15:26:19 *** TrappyTickles s'est connecté
2015-02-12T15:48:59 *** ELiDYROS s'est connecté
2015-02-12T15:59:22 *** TrappyTickles est parti
2015-02-12T16:09:31 *** heuzef est parti
2015-02-12T16:09:58 *** heuzef s'est connecté
2015-02-12T16:24:11 *** Gordfang s'est connecté
2015-02-12T16:31:42 <Gordfang> yo les gens!
2015-02-12T16:34:58 <heuzef> Yo Gordfang =)
2015-02-12T16:35:03 <heuzef> Comment va ?
2015-02-12T16:36:52 <Gordfang> bien et toi?
2015-02-12T16:40:18 <ELiDYROS> Salut Gordfang
2015-02-12T16:41:21 <strycore> http://radio.strycore.com/stream
2015-02-12T16:43:20 <heuzef> hey cool =)
2015-02-12T16:43:33 <heuzef> Fait du bien un peu de rock metal
2015-02-12T16:43:38 <heuzef> Gordfang ?
2015-02-12T16:44:20 <Gordfang> ui?
2015-02-12T16:44:20 <Gordfang> ui?
2015-02-12T16:44:22 <Gordfang> ><
2015-02-12T16:45:03 <heuzef> Qu'est-ce qu'on fait pour ce bug de merde
2015-02-12T16:45:10 <heuzef> Je parle des events
2015-02-12T16:45:26 <heuzef> Je colle mon adresse à la place ? Comme je suis le seul a gérer l'agenda de toute manière
2015-02-12T16:45:54 <Gordfang> ah oui pourquoi pas mais du coup tu devra te demerder seul
2015-02-12T16:45:56 <strycore> heuzef, ce serait jamais arrivé si tu avais pas codé en php
2015-02-12T16:46:12 <heuzef> Je pense que si en faite
2015-02-12T16:46:15 <heuzef> ;)
2015-02-12T16:47:46 <strycore> heuzef, quand tu codes en haskell, il n'y a jamais de bugs, jamais, t'entends?
2015-02-12T16:48:23 <heuzef> La le bug vient pas vraiment d'un code en faite tu sais
2015-02-12T16:48:31 <heuzef> c'est plus un problème de mail non reçu
2015-02-12T16:50:35 <strycore> tout le monde m'a dit
2015-02-12T16:50:48 <strycore> "héberge pas ton propre serveur mail"
2015-02-12T16:51:03 <strycore> "c'est l'enfer, c'est trop de problèmes, ça vaut pas le coup"
2015-02-12T16:51:15 <strycore> bah je l'ai fait quand même
2015-02-12T16:51:27 <strycore> et je trouve que ça marche plutôt pas mal
2015-02-12T16:53:45 <heuzef> Sauf que la le mail en question n'est pas le notre :/
2015-02-12T16:53:56 <heuzef> La je me demande ce que tu va trouver à redire
2015-02-12T16:54:02 <strycore> bah pourquoi tu t'en soucie alors
2015-02-12T16:54:34 <heuzef> Parceque c'est indispensable pour nous que les mail soit correctement remis et traité automatiquement derière
2015-02-12T16:54:45 <heuzef> Morbleu !
2015-02-12T16:55:12 *** TrappyTickles s'est connecté
2015-02-12T16:55:22 <strycore> Never give a shit, always take a shit
2015-02-12T16:55:35 <strycore> Live like a windrammer as you fuck
2015-02-12T16:56:34 <heuzef> Ta musique me donne envie de secouer ma tête frénétiquement de haut en bas
2015-02-12T16:57:03 <strycore> la c'est Neurosis, c'est moins gentil que Metallica
2015-02-12T16:57:34 <strycore> oooh
2015-02-12T16:57:43 <strycore> après il y a Uncle Acid and the Deadbeats
2015-02-12T17:00:17 <strycore> c'est moi ou t'as coupé le flux?
2015-02-12T17:00:31 <strycore> remet ça tout de suite
2015-02-12T17:00:32 <heuzef> J'essaie de le lire avec un player
2015-02-12T17:00:36 <heuzef> un peu de mal
2015-02-12T17:00:38 <strycore> !!
2015-02-12T17:00:45 <strycore> ouvre ça avec vlc
2015-02-12T17:00:54 <strycore> ou Audacious
2015-02-12T17:01:01 <strycore> Audacious c'est la vie
2015-02-12T17:01:59 <heuzef> VLC ne peut pas ouvrir « http://airtime:8000/stream ».
2015-02-12T17:02:12 <heuzef> MPlayer SVN-r37302-4.9.1 (C) 2000-2014 MPlayer Team
2015-02-12T17:02:12 <heuzef> mplayer: could not connect to socket
2015-02-12T17:02:12 <heuzef> mplayer: No such file or directory
2015-02-12T17:02:12 <heuzef> Failed to open LIRC support. You will not be able to use your remote control.
2015-02-12T17:02:15 <heuzef> Grrr
2015-02-12T17:02:20 <strycore> damette heuzef
2015-02-12T17:02:47 <strycore> et depuis quand 'airtime' te semble etre un nom de domaine correct?
2015-02-12T17:03:03 <strycore> tu peux pas voir que l'url est pas bonne?
2015-02-12T17:03:20 <strycore> http://radio.strycore.com/stream
2015-02-12T17:03:30 <strycore> je sais meme pas ou t'as chopé 'airtime'
2015-02-12T17:03:35 <heuzef> Nan mais en même temps c'est ton flux mec
2015-02-12T17:03:54 <heuzef> http://radio.strycore.com/stream.xspf
2015-02-12T17:04:00 <heuzef> http://radio.strycore.com/stream.m3u
2015-02-12T17:04:13 <strycore> ?!
2015-02-12T17:04:24 *** adriens33 s'est connecté
2015-02-12T17:04:27 <strycore> mais je t'ai pas fil'e ,ca
2015-02-12T17:04:40 <strycore> j'ai donn'e http://radio.strycore.com/stream
2015-02-12T17:04:59 <heuzef> ouais bon ba la ça marche mais quand même
2015-02-12T17:05:10 <strycore> quand meme quoi
2015-02-12T17:05:16 <heuzef> Faut pas mettre de fausse infos sur ton site
2015-02-12T17:05:18 <strycore> tu invente des urls de flux :D
2015-02-12T17:05:28 <heuzef> Ba non
2015-02-12T17:05:56 <strycore> je t'ai pas dis d'aller sur l'interface de Icecast2
2015-02-12T17:05:59 <strycore> vilain pirate
2015-02-12T17:06:21 <heuzef> :P
2015-02-12T17:06:40 <adriens33> hello
2015-02-12T17:06:48 <adriens33> vous battez pas les gens XD
2015-02-12T17:07:13 <strycore> si! on va tous se battre, ċa fera de l'action!
2015-02-12T17:07:15 *** TrappyTickles est parti
2015-02-12T17:07:23 <adriens33> lol
2015-02-12T17:09:09 *** TrappyTickles s'est connecté
2015-02-12T17:23:02 *** ELiDYROS est parti
2015-02-12T17:26:45 <strycore> alors mossieur ne supporte pas Opeth
2015-02-12T17:26:47 <strycore> tsss
2015-02-12T17:27:00 <adriens33> strycore: gneh ?
2015-02-12T17:27:38 <strycore> heuzef, coupe ma radio quand je passe du Opeth :D
2015-02-12T17:28:08 <heuzef> Rien à voir boulet, mais quand je veux mater une vidéo je coupe la zic
2015-02-12T17:29:18 <strycore> il y a des poneys dans ta video?
2015-02-12T17:29:33 <heuzef> non
2015-02-12T17:29:43 <strycore> je te crois pas
2015-02-12T17:30:19 <strycore> t'as arrété de regarder des videos ou il n'y a pas de poney en 1997
2015-02-12T17:57:05 *** adriens33 est parti
2015-02-12T18:03:24 *** adriens33 s'est connecté
2015-02-12T18:10:36 *** ELiDYROS s'est connecté
2015-02-12T18:18:14 <ELiDYROS> Alors Gordfang on se le fait quand ce match de Smash ?
2015-02-12T18:23:12 *** ELiDYROS est parti
2015-02-12T18:27:57 <Gordfang> nope desolé
2015-02-12T18:28:10 <Gordfang> j'avais deja prevu autre chose avec des potes
2015-02-12T18:39:49 <adriens33> Gordfang: il a pas dit maintenant il a demandé quand XD
2015-02-12T18:40:19 <Gordfang> ah :p
2015-02-12T18:40:36 <adriens33> « <ELiDYROS> Alors Gordfang on se le fait quand ce match de Smash ? »
2015-02-12T18:45:24 *** MaCharon s'est connecté
2015-02-12T18:45:31 <MaCharon> bonsoir
2015-02-12T18:46:53 <Gordfang> yo
2015-02-12T19:00:21 *** heuzef est parti
2015-02-12T19:15:14 *** adriens33 est parti
2015-02-12T19:16:25 *** adriens33 s'est connecté
2015-02-12T19:40:13 *** Eclipse s'est connecté
2015-02-12T19:44:53 <adriens33> hello
2015-02-12T19:45:53 *** Eclipse est parti
2015-02-12T19:59:02 *** ELiDYROS s'est connecté
2015-02-12T19:59:29 <ELiDYROS> Re. Connexion caca.
2015-02-12T19:59:43 <ELiDYROS> Oui comme le disait adriens33, c'était pas dans le sens "de suite" Gordfang
2015-02-12T19:59:52 <Gordfang> k
2015-02-12T20:00:06 <ELiDYROS> Sauf si tu as peur de moi ;)
2015-02-12T20:00:16 <Gordfang> :p
2015-02-12T20:00:37 <Gordfang> surement ce week end ou le prochain je suis en vac
2015-02-12T20:02:05 <ELiDYROS> Faudra me dire. De mon coté y a des chances que ce soit monster hunter 4 ce weekend pour moi, vu qu'on sera plus de 4
2015-02-12T20:02:16 <Gordfang> ouai j'ai vu :D
2015-02-12T20:02:27 <ELiDYROS> Vu ?
2015-02-12T20:04:22 <Gordfang> la sortie de mh4u :p
2015-02-12T20:06:22 <ELiDYROS> Ouais
2015-02-12T20:06:32 <ELiDYROS> Le jeu est plus ou moins en rupture de stock à certains endroits
2015-02-12T20:06:50 <Gordfang> :p
2015-02-12T20:24:32 <ELiDYROS> Quelqu'un joue à StarBound ici ?
2015-02-12T20:28:41 <Lenile> Moi
2015-02-12T20:33:20 <ELiDYROS> Ah
2015-02-12T20:33:26 <ELiDYROS> J'ai ptet envie de le prendre là
2015-02-12T20:33:31 <ELiDYROS> Je réfléchis encore
2015-02-12T20:33:35 <ELiDYROS> Et il parait qu'il y a du multi
2015-02-12T20:35:18 <Gordfang> moi aussi
2015-02-12T20:35:22 <Gordfang> ouai y en as
2015-02-12T20:36:26 <ELiDYROS> A voir. Je sais pas encore car en général les jeux types "sandboxes" ça m'emmerde, donc faut que j'en sache plus
2015-02-12T20:44:01 <Lenile> Il est cool si tu passe une aprem avec un pote dessus
2015-02-12T20:44:06 <Lenile> Mais pas H24
2015-02-12T20:44:11 <Lenile> En solo il pue par contre
2015-02-12T20:44:51 <ELiDYROS> Je vois
2015-02-12T20:53:52 *** ELiDYROS est parti
2015-02-12T20:59:59 *** Simplet_42 s'est connecté
2015-02-12T21:03:47 <Simplet_42> Hey.
2015-02-12T21:11:32 *** Simplet_42 est parti
2015-02-12T21:31:39 <Lenile> +3.698
2015-02-12T21:31:39 <Lenile> 3
2015-02-12T21:31:43 <Gordfang> ?
2015-02-12T21:31:44 <Lenile> Yow
2015-02-12T21:32:40 <Lenile> adriens33  ?
2015-02-12T21:32:51 <Lenile> Tu pense qu'il y à moyen d'exterieurisé un Webchat ?
2015-02-12T21:32:59 <Lenile> Un Chat sur un Site Web.
2015-02-12T21:33:22 <adriens33> ça dépend du chat
2015-02-12T21:33:30 <adriens33> angora, siamois?..
2015-02-12T21:33:33 <adriens33> =D
2015-02-12T21:33:45 <Lenile> . . .
2015-02-12T21:33:59 <adriens33> (non sérieux, c'est quoi comme webchat?)
2015-02-12T21:45:26 <Lenile> rencontre-ados.com
2015-02-12T21:45:29 <Lenile> o/
2015-02-12T22:00:09 <adriens33> (m'okay…) pas envie de m'inscrire mais je me demande à quoi rressemble le chat. mais au pire vive les iframe, même si c'est un peu moche
2015-02-12T22:01:07 <adriens33> http://www.w3schools.com/tags/tag_iframe.asp
2015-02-12T22:01:43 <adriens33> (beurk, une page en ASP .NET… sur le site du standard du web, utiliser une techno microsoft, ça fait tache m'enfin)
2015-02-12T22:20:17 <strycore> w3schools n'a rien a voir avec le w3c!!!!
2015-02-12T22:20:33 <strycore> http://www.w3fools.com/
2015-02-12T22:20:54 <strycore> le site de reference: MDN
2015-02-12T22:47:21 <adriens33> sorry
2015-02-12T22:53:02 *** TrappyTickles est parti
2015-02-12T23:01:45 <strycore> t'as pas a t'excuser, je vais pas te punir :D
2015-02-12T23:03:00 <strycore> c'était juste pour que tu sache (et que c'est énervant et légitime qu'on puisse faire l'erreur, ils ont volontairement choisi un nom qui porte a confusion)
2015-02-12T23:12:11 <adriens33> ouep ><
2015-02-12T23:12:23 <adriens33> oh oui, punis moi… XD (pardon XD)
2015-02-12T23:18:22 *** Simplet_42 s'est connecté
2015-02-12T23:22:03 *** TrappyTickles s'est connecté
2015-02-12T23:22:34 *** TrappyTickles est parti
