2015-01-18T00:31:25 *** TrappyTickles est parti
2015-01-18T09:49:09 *** TrappyTickles s'est connecté
2015-01-18T12:21:29 *** adriens33 s'est connecté
2015-01-18T12:23:35 <adriens33> salut TrappyTickles :)
2015-01-18T12:27:24 <TrappyTickles> oi
2015-01-18T12:28:30 <adriens33> comment va ?
2015-01-18T12:28:52 <TrappyTickles> crevé et toi?
2015-01-18T12:29:33 *** AlphaDash s'est connecté
2015-01-18T12:29:42 <adriens33> enhrumé ><
2015-01-18T12:29:45 <adriens33> hello AlphaDash
2015-01-18T12:29:57 <AlphaDash> yop comment va?
2015-01-18T12:30:00 <adriens33> je suis resté trop longtemps sous la pluie vendredi
2015-01-18T12:30:06 <adriens33> bah enhrumé, et toi ? :)
2015-01-18T12:30:22 <AlphaDash> Ah, bah moi ça va x)
2015-01-18T12:30:35 <adriens33> bah tant mieux pour toi alors :P
2015-01-18T12:30:49 <adriens33> TrappyTickles: t'a fait quoi de spécial pour être crevé ? :P
2015-01-18T12:33:40 <TrappyTickles> rien
2015-01-18T12:33:47 <TrappyTickles> mais rien faire peut être crevant aussi
2015-01-18T12:42:22 *** adriens33 est parti
2015-01-18T12:47:52 *** AlphaDash est parti
2015-01-18T13:10:47 *** adriens33 s'est connecté
2015-01-18T13:13:14 <adriens33> grr
2015-01-18T13:13:24 <adriens33> le laptop qui freeze sans raison
2015-01-18T13:14:41 <adriens33> TrappyTickles: je confirme, rien faire c'est crevant aussi :)
2015-01-18T15:45:56 *** Gordfang s'est connecté
2015-01-18T15:49:25 <Gordfang> yo
2015-01-18T15:49:40 <adriens33> hello
2015-01-18T16:41:38 *** adriens33 est parti
2015-01-18T17:21:18 *** Gordfang est parti
2015-01-18T17:43:19 *** ELiDYROS s'est connecté
2015-01-18T17:53:48 *** adriens33 s'est connecté
2015-01-18T18:01:50 <ELiDYROS> hello adriens33
2015-01-18T18:01:57 <adriens33> hello
2015-01-18T18:09:32 <ELiDYROS> comment va ?
2015-01-18T18:11:05 *** ELiDYROS est parti
2015-01-18T20:02:19 *** ELiDYROS s'est connecté
2015-01-18T20:03:37 <ELiDYROS> Re
2015-01-18T20:05:21 <ELiDYROS> Désolé j'ai oublié de relancer le client entre temps.
2015-01-18T20:08:27 <adriens33> re
2015-01-18T20:08:41 <adriens33> donc pour répondre a ta question de tout à l'heure
2015-01-18T20:08:43 <adriens33> ça va
2015-01-18T20:08:50 <adriens33> à part que je suis enrhumé
2015-01-18T20:08:53 <adriens33> et toi ?ç
2015-01-18T20:08:56 <adriens33> -ç
2015-01-18T20:14:20 <ELiDYROS> Mon plafond s'est effondré hier
2015-01-18T20:14:26 <adriens33> huh
2015-01-18T20:14:39 <adriens33> ça devient dangereux chez toi, di
2015-01-18T20:14:44 <adriens33> dis*
2015-01-18T20:20:06 <ELiDYROS> bah ouais...
2015-01-18T20:59:46 <ELiDYROS> J'en suis au stade où ça ne me fait plus réagir tellement ça dure
2015-01-18T21:13:48 *** TrappyTickles est parti
2015-01-18T21:18:18 *** TrappyTickles s'est connecté
2015-01-18T21:22:03 *** TrappyTickles est parti
2015-01-18T21:23:43 *** TrappyTickles s'est connecté
2015-01-18T22:05:01 <adriens33> ELiDYROS: Je pense que là, tu peux porter plainte. Ton logement est insalubre.
