2015-02-24T01:02:19 *** TrappyTickles est parti
2015-02-24T01:06:09 *** adriens33 est parti
2015-02-24T02:07:32 *** ELiDYROS est parti
2015-02-24T03:11:47 *** MaCharon est parti
2015-02-24T08:51:09 *** Gordfang s'est connecté
2015-02-24T08:51:11 <Gordfang> yo!
2015-02-24T08:56:29 *** Gordfang est parti
2015-02-24T08:56:48 *** Gordfang s'est connecté
2015-02-24T08:56:51 <Gordfang> re
2015-02-24T09:19:38 *** TrappyTickles s'est connecté
2015-02-24T09:21:14 *** heuzef s'est connecté
2015-02-24T09:25:49 *** Gordfang est parti
2015-02-24T09:42:16 *** Gordfang s'est connecté
2015-02-24T12:17:42 *** Gordfang est parti
2015-02-24T12:41:26 *** heuzef est parti
2015-02-24T13:12:34 *** heuzef s'est connecté
2015-02-24T13:15:04 *** heuzef est parti
2015-02-24T13:15:41 *** heuzef s'est connecté
2015-02-24T13:52:37 *** Mousstery s'est connecté
2015-02-24T13:52:47 <Mousstery> Hey !
2015-02-24T13:56:36 <Mousstery> Wah ce monnde x)
2015-02-24T13:57:38 *** Mousstery est parti
2015-02-24T14:00:05 *** Mousstery s'est connecté
2015-02-24T14:01:14 *** Mousstery est parti
2015-02-24T14:51:46 *** MaCharon s'est connecté
2015-02-24T14:51:52 <MaCharon> salut
2015-02-24T14:52:41 <heuzef> Yo =)
2015-02-24T14:53:02 <MaCharon> tient t'es la toi ?
2015-02-24T14:53:06 <MaCharon> ^^
2015-02-24T14:53:42 <heuzef> Oui pourquoi ?
2015-02-24T14:54:04 <MaCharon> non non rien rien >.>
2015-02-24T14:54:14 <heuzef> :/
2015-02-24T14:54:21 <MaCharon> XD
2015-02-24T14:54:32 <MaCharon> j'aime faire chier
2015-02-24T15:08:53 *** Mousstery s'est connecté
2015-02-24T15:09:07 <Mousstery> Hey/re :)
2015-02-24T15:09:19 <MaCharon> slt
2015-02-24T15:09:42 <Mousstery> heuzef ?
2015-02-24T15:09:48 <heuzef> ?
2015-02-24T15:09:52 <Mousstery> (hey macharon,ça va? ^^)
2015-02-24T15:09:59 <Mousstery> Ah je croyais que tu étais mort x)
2015-02-24T15:10:14 <heuzef> ?
2015-02-24T15:10:22 <MaCharon> tranquille, comme d'hab en train de glander devant le pc
2015-02-24T15:10:29 <Mousstery> Dis,l'adresse tu peux la remplacer par QG BronyCub si tu veux :p
2015-02-24T15:10:58 <Mousstery> (pour l'évenement)
2015-02-24T15:11:01 <MaCharon> j'avoue c'est plus simple de s'y retrouver
2015-02-24T15:11:12 <heuzef> ok
2015-02-24T15:11:20 <Mousstery> ^^
2015-02-24T15:11:33 <MaCharon> au debut j'avais pas capté que c'etait au QG
2015-02-24T15:11:33 <heuzef> Mousstery sinon rien à rajouter vis à vis de la nouvelle réglementation du calice
2015-02-24T15:11:46 <Mousstery> oki
2015-02-24T15:12:01 <heuzef> C'été une question
2015-02-24T15:12:05 <Mousstery> Ah x)
2015-02-24T15:12:07 <Mousstery> je sais pa
2015-02-24T15:12:08 <Mousstery> *pas
2015-02-24T15:12:20 <heuzef> Sans commentaire ?
2015-02-24T15:12:23 <Mousstery> je vais les appeller tout à l'heure pour savoir ou ça se passe EXACTEMENT
2015-02-24T15:12:42 <heuzef> Ba surement à l'étage
2015-02-24T15:12:51 <heuzef> Ca dépend des activités que tu veux après
2015-02-24T15:12:55 <Mousstery> je crois qu'il m'a dit ça
2015-02-24T15:13:24 <Mousstery> ben pas des activités de ouf
2015-02-24T15:13:47 <Mousstery> juste du gaming,des séries,des lans,du blabla quoi x)
2015-02-24T15:14:41 <heuzef> ok
2015-02-24T15:14:50 <heuzef> Donc oui appel Gabriel
2015-02-24T15:15:15 <Mousstery> Merci de me dire son prénom,je l'appelle Monsieur :c
2015-02-24T15:15:53 <Mousstery> mais pas de suite je fais un truc la
2015-02-24T15:35:00 *** Mousstery est parti
2015-02-24T15:45:51 <TrappyTickles> personne utilise mega.nz dans le coin?
2015-02-24T15:54:53 <MaCharon> nope
2015-02-24T15:58:35 *** heuzef est parti
2015-02-24T15:58:59 *** heuzef s'est connecté
2015-02-24T16:47:33 *** Mousstery s'est connecté
2015-02-24T16:53:05 *** ELiDYROS s'est connecté
2015-02-24T16:53:12 <Mousstery> Hey ^^
2015-02-24T17:01:10 <heuzef> Mousstery alors tu as trouvé ton partner pour les POM ?
2015-02-24T17:01:22 <Mousstery> Non.. :/
2015-02-24T17:01:35 <heuzef> Demande si tu as besoin de cordonés
2015-02-24T17:01:42 <Mousstery> et le timing est chaud on est bientot en Mars :/
2015-02-24T17:03:05 <Mousstery> Je vais réussir x)
2015-02-24T17:05:42 <Mousstery> je crois
2015-02-24T17:08:45 *** heuzef est parti
2015-02-24T17:09:10 *** heuzef s'est connecté
2015-02-24T17:10:52 <Mousstery> y'a..Pastajuju
2015-02-24T17:12:17 <Mousstery> IvanAlt
2015-02-24T17:12:23 <strycore> heuzef
2015-02-24T17:12:32 <heuzef> non ?
2015-02-24T17:13:03 <heuzef> J'écoute ma radio Brony Polonaise et non je viens pas à Broniroll ce soir
2015-02-24T17:13:28 <strycore> allons voir ce qui se passe sur radioyay
2015-02-24T17:13:46 <TrappyTickles> oi et bienvenue au nouveau. et sur ce, direction broniroll
2015-02-24T17:13:49 <heuzef> Pour votre santé, mangez 5 muffins et pommes par jours
2015-02-24T17:13:55 <Mousstery> heuzef , Pastajuju et IvanAlt sont actifs? :c
2015-02-24T17:14:00 <TrappyTickles> et heuzef  spèce de lacheur lol
2015-02-24T17:14:07 <Mousstery> Merci TrappyTickles ^^
2015-02-24T17:14:27 <strycore> ok, ça me donne envie de me planter des fourchettes dans les oreilles
2015-02-24T17:14:37 <heuzef> IvanAlt : ouaip mais du coup j'aimerais beaucoup que tu organise ça avec Pastajuju justement =)
2015-02-24T17:15:01 <Mousstery> Ah ? Pourquoi ^^
2015-02-24T17:15:04 <Mousstery> *?
2015-02-24T17:15:18 <heuzef> Elle est choupi kawai et elle à ton âge, tu va facilement pouvoir la contacter sur Facebook
2015-02-24T17:15:39 <heuzef> Et c'est l'opurtinité de rendre actif plus de membre
2015-02-24T17:15:40 <strycore> maintenant ça se la joue metal épique de RPG
2015-02-24T17:15:57 <Mousstery> heuzef , malheuresement je dois prendre un plus vieux :c
2015-02-24T17:16:10 <heuzef> Why ?
2015-02-24T17:16:39 <Mousstery> attends je demande aux pom
2015-02-24T17:16:52 <heuzef> Mousstery osef
2015-02-24T17:17:09 <Mousstery> 8D
2015-02-24T17:17:19 <heuzef> Pastajuju est né le 20/10/2000 tandis que toi le 06/02/2001
2015-02-24T17:17:19 <strycore> je vape du apple pom smoothie
2015-02-24T17:17:24 <heuzef> Donc elle est plus vielle :D
2015-02-24T17:17:33 <heuzef> Inziass
2015-02-24T17:17:34 <Mousstery> X)
2015-02-24T17:17:44 <strycore> pom c'est pour pomegranate
2015-02-24T17:18:49 <strycore> bon le 9 avril je suis plus en France
2015-02-24T17:19:01 <heuzef> :(
2015-02-24T17:19:01 <Mousstery> ah?
2015-02-24T17:20:05 <Mousstery> Heuzef,j'ai négocié c'bon ! tu me passe ses coordonées ? :3
2015-02-24T17:20:31 <heuzef> https://www.facebook.com/juliette.bezy
2015-02-24T17:22:46 <Mousstery> merde pour lui parler je dois attendre sa réponse >
2015-02-24T17:22:48 <Mousstery> *><
2015-02-24T17:24:11 <heuzef> Je lui ai envoyé un message du coup pour accélérer le processus ;)
2015-02-24T17:24:26 <Mousstery> Merci :D
2015-02-24T17:34:02 <Mousstery> oh elle a des gens dans mon collége dans ses amis owo
2015-02-24T17:34:30 *** ELiDYROS est parti
2015-02-24T17:56:26 *** heuzef est parti
2015-02-24T17:57:04 *** heuzef s'est connecté
2015-02-24T18:22:35 *** Mousstery est parti
2015-02-24T18:37:18 <strycore> heuzef on t'attend
2015-02-24T18:39:09 <heuzef> :)
2015-02-24T18:39:40 *** heuzef est parti
2015-02-24T18:55:07 *** Mousstery s'est connecté
2015-02-24T18:55:23 <Mousstery> Youppppppppi !
2015-02-24T18:56:41 <Mousstery> J'éspére que vous viendriez tous Samedi :D
2015-02-24T18:57:39 <Mousstery> (pt'ain j'suis comme Pinkie pour les fêtes)
2015-02-24T18:58:15 <Mousstery> https://www.youtube.com/watch?v=Ezjtppj7Gkw
2015-02-24T19:00:19 *** Mousstery est parti
2015-02-24T20:35:17 *** Mousstery s'est connecté
2015-02-24T20:35:34 *** Mousstery est parti
