2015-01-25T00:04:21 *** ELiDYROS s'est connecté
2015-01-25T00:32:57 *** ELiDYROS est parti
2015-01-25T00:57:02 *** ELiDYROS s'est connecté
2015-01-25T01:01:31 *** ELiDYROS est parti
2015-01-25T03:12:44 *** adriens33 est parti
2015-01-25T03:19:58 *** MaCharon est parti
2015-01-25T03:44:31 *** TrappyTickles est parti
2015-01-25T10:43:08 *** TrappyTickles s'est connecté
2015-01-25T10:43:27 *** TrappyTickles est parti
2015-01-25T11:53:31 *** Gordfang s'est connecté
2015-01-25T12:00:19 *** FuZzion33 s'est connecté
2015-01-25T12:04:24 *** adriens33 s'est connecté
2015-01-25T12:17:35 *** FuZzion33 est parti
2015-01-25T12:32:11 <adriens33> salut Gordfang :) comment va ?
2015-01-25T12:32:17 <Gordfang> ouai et toi?
2015-01-25T12:32:37 <adriens33> super :) je suis debout depuis une demi heure à peine XD
2015-01-25T12:33:01 <adriens33> et j'ai passé un super vendredi et un samedi ^^
2015-01-25T12:33:05 <adriens33> j'ai la patate
2015-01-25T12:33:46 <Gordfang> ah? c'est plutot rare ça ;D
2015-01-25T12:36:03 <adriens33> oui justement
2015-01-25T12:36:05 <adriens33> j'en ai marre
2015-01-25T12:36:41 <adriens33> et pis c'est plus marrant comme ça :D
2015-01-25T12:39:01 <Gordfang> tu m'étonne
2015-01-25T12:39:12 <Gordfang> y a ludvan et eclipse qui sont passer a la JPO hier ^^
2015-01-25T12:39:18 <Gordfang> ma JPO* plutot
2015-01-25T12:46:29 <adriens33> JPO = ? ^^"
2015-01-25T12:46:41 <adriens33> Ah Journée Portes Ouvertes non ?
2015-01-25T12:47:50 <Gordfang> yep
2015-01-25T12:50:20 <adriens33> d'accord :D
2015-01-25T12:50:30 <adriens33> Ça s'est passé comment alors ?
2015-01-25T12:53:45 <Gordfang> plutot bien
2015-01-25T12:53:50 <adriens33> cool :)
2015-01-25T12:54:02 <Gordfang> même si mes dir lab m'on abandonner le soir juste avant la JPO XD
2015-01-25T12:57:02 <adriens33> arf
2015-01-25T12:57:06 <adriens33> les salow XD
2015-01-25T12:57:23 <adriens33> /me se plie de rire devant cette image http://img-9gag-ftw.9cache.com/photo/aypgKdM_700b.jpg *
2015-01-25T12:57:32 <adriens33> AH AH AH
2015-01-25T12:57:49 <adriens33> « Apple, c'était mieux avant. »
2015-01-25T12:57:51 <adriens33> (ou pas)
2015-01-25T12:59:18 <Gordfang> ca n'a jamais était vraiment bien
2015-01-25T13:01:46 <adriens33> Oui, c'est bien pour ça que j'ai ajouté « ou pas » ;)
2015-01-25T13:02:15 <adriens33> Mais bon s'ils ressortaient ce slogan aujourd'hui, je pense qu'ils en feraient rire plus d'un. XD
2015-01-25T13:03:13 <Gordfang> oui
2015-01-25T13:40:24 *** FuZzion33 s'est connecté
2015-01-25T13:44:01 *** FuZzion33 est parti
2015-01-25T14:27:37 *** TrappyTickles s'est connecté
2015-01-25T14:30:14 <adriens33> hello TrappyTickles :)
2015-01-25T14:30:36 <TrappyTickles> oi et ++ faut que je deco
2015-01-25T14:30:41 *** TrappyTickles est parti
2015-01-25T14:34:13 <Gordfang> re
2015-01-25T17:00:11 *** Lenile s'est connecté
2015-01-25T17:00:19 *** Lenile est parti
2015-01-25T17:40:19 *** ELiDYROS s'est connecté
2015-01-25T17:40:48 <ELiDYROS> Salut.
2015-01-25T17:46:10 *** flutterbronydu33 s'est connecté
2015-01-25T17:46:15 <flutterbronydu33> Bonsoir
2015-01-25T17:46:54 <flutterbronydu33> J'ai juste un petit problème avec flutterbrony qui s'est déco comme ca et je peux plus me reconnecter avec pendant un certain temps ^^
2015-01-25T18:18:53 *** Lenil s'est connecté
2015-01-25T18:18:59 *** Lenil est parti
2015-01-25T18:19:14 *** Lenile s'est connecté
2015-01-25T18:19:42 <Lenile> Yo
2015-01-25T18:21:40 *** Lenile est parti
2015-01-25T18:25:06 *** flutterbronydu33 est parti
2015-01-25T18:47:29 *** flutterbrony s'est connecté
2015-01-25T18:50:26 *** ELiDYROS est parti
2015-01-25T19:07:18 <flutterbrony> re-bonsoir
2015-01-25T19:08:30 <Gordfang> re
2015-01-25T19:26:28 <flutterbrony> bonne soirée
2015-01-25T19:26:39 *** flutterbrony est parti
2015-01-25T20:53:40 *** Gordfang est parti
2015-01-25T20:54:11 *** Gordfang s'est connecté
