2015-03-04T01:29:31 *** MaCharon est parti
2015-03-04T07:01:43 *** Fidzu est parti
2015-03-04T07:58:25 *** adriens33 s'est connecté
2015-03-04T08:13:03 *** fidzu s'est connecté
2015-03-04T08:13:09 *** fidzu est parti
2015-03-04T08:50:06 *** Gordfang s'est connecté
2015-03-04T08:55:02 <Gordfang> yo!
2015-03-04T08:58:21 *** heuzef s'est connecté
2015-03-04T09:17:33 <adriens33> yo Gordfang ^^ salut heuzef
2015-03-04T09:20:11 <heuzef> yop =)
2015-03-04T09:39:09 *** fidzu s'est connecté
2015-03-04T09:42:28 *** fidzu est parti
2015-03-04T09:48:57 <heuzef> Ha passage éclaire de Fidzu
2015-03-04T09:49:19 <heuzef> !inscription fidzu
2015-03-04T09:55:37 <heuzef> Zut j'ai zapé la casse :/
2015-03-04T09:55:45 <heuzef> !inscription Fidzu
2015-03-04T09:55:49 <heuzef> pas grave
2015-03-04T10:34:27 *** Gordfang est parti
2015-03-04T10:44:40 *** adriens33 est parti
2015-03-04T11:10:34 *** Gordfang s'est connecté
2015-03-04T11:35:38 *** Gordfang est parti
2015-03-04T11:47:26 *** heuzef est parti
2015-03-04T11:47:49 *** Fidzu s'est connecté
2015-03-04T12:13:53 *** Yffrit s'est connecté
2015-03-04T12:22:40 *** heuzef s'est connecté
2015-03-04T12:59:50 <Fidzu> Bon appétit les gens
2015-03-04T13:29:10 *** adriens33 s'est connecté
2015-03-04T13:40:47 <heuzef> Hello =)
2015-03-04T13:41:05 <heuzef> Fidzu bien reçu ma réponse ?
2015-03-04T14:58:28 *** heuzef est parti
2015-03-04T14:58:54 *** heuzef s'est connecté
2015-03-04T14:59:21 <heuzef> !inscritpion Yffrit
2015-03-04T14:59:32 <heuzef> raté x)
2015-03-04T14:59:37 <heuzef> !inscription Yffrit
2015-03-04T15:24:05 <Fidzu> Bienvenue . Oui heuzef j'ai bien eu ton message
2015-03-04T15:24:11 <heuzef> ;)
2015-03-04T15:24:39 <Fidzu> Il ouvre a quel heure le qg ?
2015-03-04T15:26:58 <heuzef> A partir de 15h
2015-03-04T15:28:46 <Fidzu> OK ben samedis je passerais vers 15, 15:30 . Sauf si c'est un peu tôt
2015-03-04T15:29:16 <heuzef> Je pense que c'est bon puisque c'est à cette heure la que DTC se réunie
2015-03-04T15:30:04 <heuzef> Après si tu veux pas inciter les autres à venir à la limite inscrit toi à leur session de JDR
2015-03-04T15:30:27 <Fidzu> Mais c'est quoi jdr ?
2015-03-04T15:30:37 <heuzef> JDR = Jeux De Rôle
2015-03-04T15:31:01 <Fidzu> Ah. Irl ?
2015-03-04T15:31:08 <heuzef> IRL ?
2015-03-04T15:31:10 <Fidzu> Costume et tout ?
2015-03-04T15:32:23 <heuzef> Oula non tu confond avec du GN la
2015-03-04T15:32:30 <heuzef> GN = Grandeur Nature
2015-03-04T15:32:46 <Fidzu> Ah
2015-03-04T15:33:09 <Fidzu> Donc la ils vont juste jouer ?
2015-03-04T15:33:16 <heuzef> Ouaip
2015-03-04T15:33:43 <heuzef> Y'a un topic sur leur forum mais à ce que je vois il est vide pour le moment, donc rien de prévu pour Samedi :/
2015-03-04T15:33:50 <heuzef> http://www.dragonstresorsetcontes.org/modules/newbb/viewtopic.php?topic_id=3091&forum=24&post_id=81010#forumpost81010
2015-03-04T15:33:57 <heuzef> Pas de bol donc
2015-03-04T15:34:22 <Fidzu> Dtc fais parti de bronycub ou c'est deux groupes indépendants ?
2015-03-04T15:34:51 <heuzef> DTC est une asso partenaire
2015-03-04T15:35:17 <heuzef> Il manque souvent de joueur, et nous on manque d'orga JDR, donc on se complète
2015-03-04T15:36:07 <heuzef> En tous cas pour Samedi c'est très calme pour l'instant, mais il suffit d'une étincelle pour tous faire pété
2015-03-04T15:36:16 <Fidzu> Ils jouent a quoi majoritairement?
2015-03-04T15:36:26 <heuzef> C'est très varié
2015-03-04T15:37:05 <Fidzu> Après qui sont les personnes que je dois absolument connaître ?
2015-03-04T15:37:16 <heuzef> Chez DTC ?
2015-03-04T15:37:40 <Fidzu> Et a bronycub
2015-03-04T15:38:12 <heuzef> Tu t'en fou, présente toi comme un membre de BronyCUB au Calice, DTC, partout tous le monde nous connais
2015-03-04T15:38:29 <heuzef> Et dans BronyCUB : tous le monde bien sur ^^ Après ça dépend ce que tu cherche
2015-03-04T15:40:32 <heuzef> Mais si peux te donner une idée, tu devrais tenter de prendre contact avec Negouille, il se passionne pour la modélisation 3D et aimerais tenter la grande aventure de l'impression 3D pour réaliser des sculptures et figurine, et sa tombe bien tu en produit
2015-03-04T15:41:13 <Fidzu> oui c'est sur ce serais bien de connaître tout le monde mais je suppose que tout le monde sur le site ne se connaissent pas . Il y a des regroupent généraux parfois ?
2015-03-04T15:42:14 <heuzef> Bien sur ça bouge souvent très vite
2015-03-04T15:43:01 <heuzef> Le dernier gros meet-up c'été le reveillon
2015-03-04T15:43:58 <Fidzu> Pourquoi pas . Surtout que j'adore reproduire des images 3d en figurines et que c'est beaucoup plus facile que de le faire sur une image 2D
2015-03-04T15:45:47 <heuzef> Surtout n'hésite pas à mettre un coup de pied dans la fourmilière
2015-03-04T15:46:15 <heuzef> Tous le monde est toujours sous tension à attendre que quelqu'un propose un truc, c'est assez magique à voir
2015-03-04T15:46:46 <heuzef> Malheuresement y'a encore trop de gens qui bloque à faire le premier par manque de confiance en soit, mais ça vient petit à petit
2015-03-04T15:48:09 <Fidzu> Ben écoute . Si tu as le mail. Le DA ou quoi que ce soit de Negouille, je serais ravi de prendre contact avec lui.
2015-03-04T15:50:37 <heuzef> Fidzu je t'envoi tous ça en privé ;)
2015-03-04T16:12:13 *** Negouille s'est connecté
2015-03-04T16:14:06 <Negouille> Bonjour :D
2015-03-04T16:25:41 <heuzef> Hello =)
2015-03-04T16:25:58 <heuzef> !inscription Negouille
2015-03-04T16:26:08 <heuzef> !inscription negouille
2015-03-04T16:26:45 <heuzef> Negouille t'aurais pas revu Mousstery par hasard ?
2015-03-04T16:30:40 <Yffrit> Salut !
2015-03-04T16:31:37 <Negouille> euh Mouss il est chez son père :/
2015-03-04T16:31:44 <heuzef> Dac
2015-03-04T16:31:45 <Fidzu> Faudrais organiser un petit metup pour tout les recrues de Bronycub ^^
2015-03-04T16:31:48 <heuzef> Salut Yffrit ;)
2015-03-04T16:32:02 <heuzef> Fidzu les recrues ?
2015-03-04T16:32:03 <Fidzu> Bijour negouille
2015-03-04T16:32:13 <Negouille> Kikoo :3
2015-03-04T16:32:37 <Fidzu> Ouai les recents
2015-03-04T16:32:58 <Fidzu> Ceux qui sont sur le site depuis pas longtemps
2015-03-04T16:33:11 <Fidzu> Genre moi xD
2015-03-04T16:33:17 <Negouille> et moi x)
2015-03-04T16:33:23 <heuzef> Un meet-up d'accueil ^^
2015-03-04T16:33:43 <Fidzu> Ouais voilà ^^
2015-03-04T16:33:47 <heuzef> Ba allez-y les gars à vous de motiver les anciens qui ont déjà trop fait la fête
2015-03-04T16:33:56 *** adriens33 est parti
2015-03-04T16:34:37 <heuzef> Depuis le temps j'image pas le mal de crâne de Berry vu qu'elle bois trop
2015-03-04T16:34:46 <Negouille> euh pour le test de jeux j'ai reçu le mail ;)
2015-03-04T16:35:09 <Negouille> Eh !!! c'est moi le gobelins bourré x)
2015-03-04T16:35:21 <heuzef> Pour ça faut voir avec Yffrit c'est son projet
2015-03-04T16:35:35 <heuzef> Bière ? :D
2015-03-04T16:35:38 <heuzef> xD
2015-03-04T16:36:33 <Fidzu> J'ai entendu dire que tu aimais bien le 3d negouille ?
2015-03-04T16:36:38 *** Fidzu est parti
2015-03-04T16:37:17 <Negouille> Oui :D
2015-03-04T16:37:26 <Negouille> a ben il est partie :/
2015-03-04T16:37:33 *** Fidzu s'est connecté
2015-03-04T16:37:44 <Negouille> oui Fidzu
2015-03-04T16:38:01 <Fidzu> Sympa la déconnection
2015-03-04T16:38:15 <Negouille> mais j'ai emmené mon ordi hier a boulanger pour repa donc pour l'instant je me tape le mac
2015-03-04T16:38:17 <Negouille> :/
2015-03-04T16:38:37 *** Fidzu est parti
2015-03-04T16:39:33 <Negouille> Yffrit c'est quoi le TS ?
2015-03-04T16:39:38 *** Fidzu s'est connecté
2015-03-04T16:40:31 <Fidzu> Bon je crois que mon phone deconne . Tu as dis quoi a propos de ton pc? J'ai eu le temps de lire
2015-03-04T16:40:48 <Negouille> mais j'ai emmené mon ordi hier a boulanger pour repa donc pour l'instant je me tape le mac
2015-03-04T16:40:55 <Negouille> :s
2015-03-04T16:41:05 <Fidzu> Ah .. pas cool
2015-03-04T16:41:41 <Negouille> donc la 3D... va falloir que j'attende xC
2015-03-04T16:42:00 <Fidzu> Perso. Je fais des sculptures de poneys et jaime bien utiliser des modèles 3d pour sculpter.
2015-03-04T16:44:19 *** Yffrit est parti
2015-03-04T16:45:32 <Negouille> ben faut voir dès que je peut ^^
2015-03-04T16:45:59 <heuzef> Negouille tu fait du blender ?
2015-03-04T16:46:29 <Negouille> oui
2015-03-04T16:47:02 <heuzef> Tu sais jouer avec les textures ?
2015-03-04T16:47:14 <Fidzu> Blender c'est un genre de c4d ?
2015-03-04T16:47:46 *** Yffrit s'est connecté
2015-03-04T16:48:30 <Yffrit> Pas très malin de rester d'avoir cette fenètre là quand le boss passe ...
2015-03-04T16:49:20 <Negouille> .... :O désolé j'était sur twitter x)
2015-03-04T16:49:34 <Negouille> oui ça va :)
2015-03-04T16:50:35 <Negouille> j'y arrive pas mal mais je vais demander des cours je pense ;p
2015-03-04T16:51:54 <Fidzu> Y en a qui sont sur flstudio ?
2015-03-04T16:52:46 <Yffrit> Nop mais si tu trouves, tu me donnes son numéro ? :)
2015-03-04T16:53:36 <Fidzu> T'aimerais tester ?
2015-03-04T16:54:50 <Yffrit> Pas vraiment, le son et moi ça fait trois... Je préfère écouter
2015-03-04T16:56:15 <Fidzu> Ahah . Ben je veux pas faire de pub mais jen fais de temps en temps (amateur).
2015-03-04T16:57:02 <Fidzu> Et j'ai jamais eu de retour sur les sons vu que j'en parle a personne et que j'ai 2 vue sur youtube XD
2015-03-04T17:07:32 *** Yffrit est parti
2015-03-04T17:18:08 <heuzef> Nan mais lol https://www.youtube.com/watch?v=Qo8SXaRMq2I
2015-03-04T17:18:14 <heuzef> Le remix de Oink Oink Oink
2015-03-04T17:18:16 <heuzef> X)
2015-03-04T17:20:29 <Fidzu> Ouai c'était ma première XD
2015-03-04T17:23:28 <Fidzu> Je voulais tester les compétences de remix
2015-03-04T17:29:54 <heuzef> Si tu t'entraine fort tu pourrais bien être le prochain Simgretina ou GeneralMumble :P
2015-03-04T17:43:45 *** Fidzu est parti
2015-03-04T17:45:36 *** Negouille est parti
2015-03-04T17:53:58 *** Fidzu s'est connecté
2015-03-04T17:55:07 <Fidzu> j'aime bien le style de woodertoaster et Tombstone
2015-03-04T17:55:36 <Fidzu> mais j'essaye de me specialiser dans le dnb, progressiv et house
2015-03-04T18:36:17 *** heuzef est parti
2015-03-04T18:39:07 *** Fidzu est parti
2015-03-04T19:06:11 *** Fidzu s'est connecté
2015-03-04T20:34:19 *** ELiDYROS s'est connecté
2015-03-04T20:34:37 *** ELiDYROS est parti
2015-03-04T20:36:38 *** MaCharon s'est connecté
2015-03-04T21:06:15 *** heuzef s'est connecté
2015-03-04T21:11:33 *** heuzef est parti
2015-03-04T23:29:35 *** Fidzu est parti
